Loading Training Data
Loading Validation Data
Creating Data Loaders
Training Fun Time!!!
Epoch 1, cost = 2.303470, train_acc = 16.76% val_acc = 18.29%
Epoch 2, cost = 2.301718, train_acc = 21.50% val_acc = 25.64%
Epoch 3, cost = 2.282641, train_acc = 26.36% val_acc = 30.52%
Epoch 4, cost = 2.095684, train_acc = 47.37% val_acc = 54.67%
Epoch 5, cost = 1.968103, train_acc = 53.12% val_acc = 59.82%
Epoch 6, cost = 1.927136, train_acc = 55.38% val_acc = 62.07%
Epoch 7, cost = 1.905574, train_acc = 56.88% val_acc = 62.13%
Epoch 8, cost = 1.880200, train_acc = 62.11% val_acc = 69.04%
Epoch 9, cost = 1.830553, train_acc = 64.07% val_acc = 70.53%
Epoch 10, cost = 1.813860, train_acc = 65.92% val_acc = 71.51%
Epoch 11, cost = 1.800865, train_acc = 67.36% val_acc = 73.10%
Epoch 12, cost = 1.789259, train_acc = 68.31% val_acc = 73.50%
Epoch 13, cost = 1.781712, train_acc = 68.92% val_acc = 73.27%
Epoch 14, cost = 1.776972, train_acc = 69.39% val_acc = 73.61%
Epoch 15, cost = 1.770611, train_acc = 69.84% val_acc = 74.54%
Epoch 16, cost = 1.766774, train_acc = 70.37% val_acc = 74.63%
Epoch 17, cost = 1.759853, train_acc = 70.14% val_acc = 73.91%
Epoch 18, cost = 1.756293, train_acc = 71.23% val_acc = 74.99%
Epoch 19, cost = 1.752681, train_acc = 71.11% val_acc = 74.49%
Epoch 20, cost = 1.740836, train_acc = 75.52% val_acc = 79.45%
Epoch 21, cost = 1.701102, train_acc = 77.73% val_acc = 82.15%
Epoch 22, cost = 1.685855, train_acc = 78.52% val_acc = 82.65%
Epoch 23, cost = 1.678331, train_acc = 79.41% val_acc = 83.16%
Epoch 24, cost = 1.673040, train_acc = 79.49% val_acc = 83.39%
Epoch 25, cost = 1.667805, train_acc = 80.03% val_acc = 83.96%
Epoch 26, cost = 1.664084, train_acc = 80.53% val_acc = 83.47%
Epoch 27, cost = 1.659320, train_acc = 80.71% val_acc = 84.45%
Epoch 28, cost = 1.660414, train_acc = 80.89% val_acc = 83.80%
Epoch 29, cost = 1.656861, train_acc = 81.03% val_acc = 84.29%
Epoch 30, cost = 1.653513, train_acc = 81.28% val_acc = 84.08%
Epoch 31, cost = 1.650476, train_acc = 81.14% val_acc = 84.18%
Epoch 32, cost = 1.652277, train_acc = 81.35% val_acc = 84.00%
Epoch 33, cost = 1.650337, train_acc = 81.84% val_acc = 84.44%
Epoch 34, cost = 1.647078, train_acc = 81.86% val_acc = 84.48%
Epoch 35, cost = 1.645470, train_acc = 81.71% val_acc = 84.69%
Epoch 36, cost = 1.643862, train_acc = 81.65% val_acc = 84.10%
Epoch 37, cost = 1.642883, train_acc = 82.31% val_acc = 84.72%
Epoch 38, cost = 1.641319, train_acc = 82.54% val_acc = 84.81%
Epoch 39, cost = 1.637479, train_acc = 82.59% val_acc = 84.81%
Epoch 40, cost = 1.639643, train_acc = 82.69% val_acc = 85.01%
Epoch 41, cost = 1.637209, train_acc = 82.47% val_acc = 84.49%
Epoch 42, cost = 1.637178, train_acc = 82.91% val_acc = 84.97%
Epoch 43, cost = 1.634721, train_acc = 82.35% val_acc = 85.01%
Epoch 44, cost = 1.634177, train_acc = 83.04% val_acc = 85.54%
Epoch 45, cost = 1.633994, train_acc = 82.78% val_acc = 85.15%
Epoch 46, cost = 1.631698, train_acc = 83.39% val_acc = 85.27%
Epoch 47, cost = 1.621820, train_acc = 87.17% val_acc = 90.64%
Epoch 48, cost = 1.580046, train_acc = 89.56% val_acc = 93.30%
Epoch 49, cost = 1.569337, train_acc = 90.45% val_acc = 93.17%
Epoch 50, cost = 1.564335, train_acc = 90.79% val_acc = 93.65%
Epoch 51, cost = 1.558318, train_acc = 90.51% val_acc = 93.18%
Epoch 52, cost = 1.556455, train_acc = 90.52% val_acc = 93.82%
Epoch 53, cost = 1.556101, train_acc = 91.44% val_acc = 93.93%
Epoch 54, cost = 1.553445, train_acc = 91.51% val_acc = 93.87%
Epoch 55, cost = 1.552825, train_acc = 90.53% val_acc = 93.22%
Epoch 56, cost = 1.550258, train_acc = 91.64% val_acc = 93.74%
Epoch 57, cost = 1.550053, train_acc = 91.39% val_acc = 94.18%
Epoch 58, cost = 1.548496, train_acc = 91.62% val_acc = 93.88%
Epoch 59, cost = 1.547839, train_acc = 91.81% val_acc = 94.21%
Epoch 60, cost = 1.547897, train_acc = 92.04% val_acc = 94.42%
Epoch 61, cost = 1.547417, train_acc = 91.95% val_acc = 93.92%
Epoch 62, cost = 1.545625, train_acc = 92.04% val_acc = 94.04%
Epoch 63, cost = 1.544754, train_acc = 92.34% val_acc = 94.60%
Epoch 64, cost = 1.544124, train_acc = 92.38% val_acc = 94.42%
Epoch 65, cost = 1.541558, train_acc = 91.95% val_acc = 93.91%
Epoch 66, cost = 1.542753, train_acc = 92.51% val_acc = 94.24%
Epoch 67, cost = 1.539677, train_acc = 92.62% val_acc = 94.78%
Epoch 68, cost = 1.539108, train_acc = 92.25% val_acc = 94.77%
Epoch 69, cost = 1.537644, train_acc = 92.85% val_acc = 94.31%
Epoch 70, cost = 1.536998, train_acc = 92.97% val_acc = 94.73%
Epoch 71, cost = 1.538444, train_acc = 93.12% val_acc = 94.79%
Epoch 72, cost = 1.538180, train_acc = 92.80% val_acc = 94.60%
Epoch 73, cost = 1.537129, train_acc = 93.07% val_acc = 94.58%
Epoch 74, cost = 1.534275, train_acc = 93.33% val_acc = 94.86%
Epoch 75, cost = 1.532863, train_acc = 93.15% val_acc = 94.93%
Epoch 76, cost = 1.532668, train_acc = 93.30% val_acc = 94.95%
Epoch 77, cost = 1.534829, train_acc = 92.76% val_acc = 94.26%
Epoch 78, cost = 1.531699, train_acc = 93.24% val_acc = 94.78%
Epoch 79, cost = 1.532519, train_acc = 93.36% val_acc = 94.86%
Epoch 80, cost = 1.530828, train_acc = 93.45% val_acc = 95.20%
Epoch 81, cost = 1.530418, train_acc = 93.18% val_acc = 94.75%
Epoch 82, cost = 1.529359, train_acc = 93.45% val_acc = 94.73%
Epoch 83, cost = 1.530518, train_acc = 93.95% val_acc = 95.12%
Epoch 84, cost = 1.526573, train_acc = 93.49% val_acc = 94.91%
Epoch 85, cost = 1.528743, train_acc = 93.47% val_acc = 94.85%
Epoch 86, cost = 1.527706, train_acc = 93.59% val_acc = 95.35%
Epoch 87, cost = 1.527445, train_acc = 93.84% val_acc = 94.95%
Epoch 88, cost = 1.526566, train_acc = 93.59% val_acc = 95.28%
Epoch 89, cost = 1.527367, train_acc = 93.76% val_acc = 95.05%
Epoch 90, cost = 1.526766, train_acc = 93.66% val_acc = 95.12%
Epoch 91, cost = 1.524478, train_acc = 93.92% val_acc = 95.43%
Epoch 92, cost = 1.525546, train_acc = 93.83% val_acc = 95.26%
Epoch 93, cost = 1.524493, train_acc = 93.71% val_acc = 95.10%
Epoch 94, cost = 1.525848, train_acc = 94.06% val_acc = 95.52%
Epoch 95, cost = 1.524586, train_acc = 94.06% val_acc = 95.07%
Epoch 96, cost = 1.525264, train_acc = 94.02% val_acc = 95.06%
Epoch 97, cost = 1.524559, train_acc = 93.90% val_acc = 95.22%
Epoch 98, cost = 1.522968, train_acc = 94.04% val_acc = 94.97%
Epoch 99, cost = 1.523597, train_acc = 94.17% val_acc = 94.97%
Epoch 100, cost = 1.521148, train_acc = 94.06% val_acc = 94.92%
Epoch 101, cost = 1.523376, train_acc = 94.33% val_acc = 95.27%
Epoch 102, cost = 1.522973, train_acc = 94.15% val_acc = 95.34%
Epoch 103, cost = 1.523381, train_acc = 94.38% val_acc = 95.36%
Epoch 104, cost = 1.523973, train_acc = 94.49% val_acc = 95.43%
Epoch 105, cost = 1.520132, train_acc = 93.63% val_acc = 94.52%
Epoch 106, cost = 1.520105, train_acc = 94.46% val_acc = 95.03%
Epoch 107, cost = 1.520538, train_acc = 94.20% val_acc = 94.94%
Epoch 108, cost = 1.522287, train_acc = 94.49% val_acc = 95.47%
Epoch 109, cost = 1.521992, train_acc = 94.21% val_acc = 95.19%
Epoch 110, cost = 1.520881, train_acc = 94.51% val_acc = 95.26%
Epoch 111, cost = 1.520846, train_acc = 94.51% val_acc = 95.04%
Epoch 112, cost = 1.518963, train_acc = 94.50% val_acc = 95.54%
Epoch 113, cost = 1.517008, train_acc = 94.67% val_acc = 95.52%
Epoch 114, cost = 1.519241, train_acc = 94.43% val_acc = 95.04%
Epoch 115, cost = 1.521185, train_acc = 94.48% val_acc = 95.34%
Epoch 116, cost = 1.520085, train_acc = 94.58% val_acc = 95.39%
Epoch 117, cost = 1.517775, train_acc = 94.23% val_acc = 95.39%
Epoch 118, cost = 1.518053, train_acc = 94.69% val_acc = 95.74%
Epoch 119, cost = 1.518044, train_acc = 94.67% val_acc = 95.57%
Epoch 120, cost = 1.515540, train_acc = 94.50% val_acc = 95.25%
Epoch 121, cost = 1.515467, train_acc = 94.49% val_acc = 95.61%
Epoch 122, cost = 1.519410, train_acc = 94.55% val_acc = 95.55%
Epoch 123, cost = 1.518520, train_acc = 94.87% val_acc = 95.69%
Epoch 124, cost = 1.516110, train_acc = 94.79% val_acc = 95.60%
Epoch 125, cost = 1.517316, train_acc = 94.90% val_acc = 95.51%
Epoch 126, cost = 1.515808, train_acc = 94.62% val_acc = 95.55%
Epoch 127, cost = 1.513874, train_acc = 94.84% val_acc = 95.56%
Epoch 128, cost = 1.516202, train_acc = 95.14% val_acc = 95.62%
Epoch 129, cost = 1.514579, train_acc = 94.98% val_acc = 95.58%
Epoch 130, cost = 1.515017, train_acc = 94.92% val_acc = 95.38%
Epoch 131, cost = 1.516894, train_acc = 94.95% val_acc = 95.63%
Epoch 132, cost = 1.514474, train_acc = 94.84% val_acc = 95.75%
Epoch 133, cost = 1.513185, train_acc = 94.94% val_acc = 95.57%
Epoch 134, cost = 1.514885, train_acc = 95.22% val_acc = 95.60%
Epoch 135, cost = 1.514371, train_acc = 94.99% val_acc = 95.55%
Epoch 136, cost = 1.514086, train_acc = 94.74% val_acc = 95.36%
Epoch 137, cost = 1.513565, train_acc = 95.07% val_acc = 95.30%
Epoch 138, cost = 1.514362, train_acc = 94.95% val_acc = 95.90%
Epoch 139, cost = 1.513650, train_acc = 95.16% val_acc = 95.65%
Epoch 140, cost = 1.514333, train_acc = 95.22% val_acc = 96.00%
Epoch 141, cost = 1.513489, train_acc = 95.43% val_acc = 95.80%
Epoch 142, cost = 1.513865, train_acc = 95.07% val_acc = 95.48%
Epoch 143, cost = 1.512844, train_acc = 95.24% val_acc = 95.71%
Epoch 144, cost = 1.511535, train_acc = 94.94% val_acc = 95.79%
Epoch 145, cost = 1.511269, train_acc = 94.84% val_acc = 95.70%
Epoch 146, cost = 1.512912, train_acc = 95.11% val_acc = 95.75%
Epoch 147, cost = 1.511688, train_acc = 95.48% val_acc = 95.41%
Epoch 148, cost = 1.512291, train_acc = 95.33% val_acc = 95.99%
Epoch 149, cost = 1.511746, train_acc = 95.29% val_acc = 95.82%
Epoch 150, cost = 1.511669, train_acc = 95.39% val_acc = 95.98%
Epoch 151, cost = 1.509333, train_acc = 94.90% val_acc = 95.52%
Epoch 152, cost = 1.514055, train_acc = 95.46% val_acc = 95.85%
Epoch 153, cost = 1.511545, train_acc = 95.29% val_acc = 95.69%
Epoch 154, cost = 1.511372, train_acc = 95.19% val_acc = 95.31%
Epoch 155, cost = 1.509293, train_acc = 94.90% val_acc = 95.32%
Epoch 156, cost = 1.509722, train_acc = 95.29% val_acc = 95.65%
Epoch 157, cost = 1.510282, train_acc = 95.09% val_acc = 95.80%
Epoch 158, cost = 1.510019, train_acc = 95.51% val_acc = 95.84%
Epoch 159, cost = 1.510722, train_acc = 95.41% val_acc = 95.92%
Epoch 160, cost = 1.510534, train_acc = 95.19% val_acc = 95.70%
Epoch 161, cost = 1.508813, train_acc = 95.57% val_acc = 96.13%
Epoch 162, cost = 1.508053, train_acc = 95.39% val_acc = 95.81%
Epoch 163, cost = 1.507014, train_acc = 95.34% val_acc = 95.73%
Epoch 164, cost = 1.509158, train_acc = 95.23% val_acc = 95.67%
Epoch 165, cost = 1.509844, train_acc = 95.47% val_acc = 95.64%
Epoch 166, cost = 1.507158, train_acc = 95.54% val_acc = 95.51%
Epoch 167, cost = 1.507791, train_acc = 95.38% val_acc = 95.62%
Epoch 168, cost = 1.508831, train_acc = 95.71% val_acc = 95.93%
Epoch 169, cost = 1.507598, train_acc = 95.53% val_acc = 96.07%
Epoch 170, cost = 1.506978, train_acc = 95.57% val_acc = 95.56%
Epoch 171, cost = 1.508621, train_acc = 95.59% val_acc = 95.92%
Epoch 172, cost = 1.508074, train_acc = 95.34% val_acc = 95.90%
Epoch 173, cost = 1.506761, train_acc = 95.68% val_acc = 96.03%
Epoch 174, cost = 1.506149, train_acc = 95.57% val_acc = 95.73%
Epoch 175, cost = 1.507948, train_acc = 95.79% val_acc = 95.80%
Epoch 176, cost = 1.507178, train_acc = 95.61% val_acc = 95.69%
Epoch 177, cost = 1.506970, train_acc = 95.56% val_acc = 95.93%
Epoch 178, cost = 1.506886, train_acc = 95.52% val_acc = 95.77%
Epoch 179, cost = 1.508143, train_acc = 95.67% val_acc = 95.81%
Epoch 180, cost = 1.506228, train_acc = 95.78% val_acc = 95.90%
Epoch 181, cost = 1.507814, train_acc = 95.88% val_acc = 96.21%
Epoch 182, cost = 1.506154, train_acc = 95.73% val_acc = 95.80%
Epoch 183, cost = 1.505087, train_acc = 95.82% val_acc = 95.97%
Epoch 184, cost = 1.506756, train_acc = 95.63% val_acc = 95.47%
Epoch 185, cost = 1.506287, train_acc = 95.79% val_acc = 95.80%
Epoch 186, cost = 1.506561, train_acc = 95.65% val_acc = 95.80%
Epoch 187, cost = 1.505713, train_acc = 95.73% val_acc = 95.99%
Epoch 188, cost = 1.505726, train_acc = 95.73% val_acc = 96.08%
Epoch 189, cost = 1.505727, train_acc = 95.50% val_acc = 95.83%
Epoch 190, cost = 1.505385, train_acc = 96.03% val_acc = 95.89%
Epoch 191, cost = 1.505714, train_acc = 95.90% val_acc = 95.61%
Epoch 192, cost = 1.505184, train_acc = 95.74% val_acc = 95.88%
Epoch 193, cost = 1.503316, train_acc = 95.79% val_acc = 95.73%
Epoch 194, cost = 1.503154, train_acc = 95.75% val_acc = 95.80%
Epoch 195, cost = 1.504913, train_acc = 95.54% val_acc = 95.75%
Epoch 196, cost = 1.504923, train_acc = 95.97% val_acc = 95.91%
Epoch 197, cost = 1.504914, train_acc = 95.64% val_acc = 95.86%
Epoch 198, cost = 1.506014, train_acc = 95.86% val_acc = 95.95%
Epoch 199, cost = 1.503917, train_acc = 95.45% val_acc = 95.10%
Epoch 200, cost = 1.503483, train_acc = 96.01% val_acc = 95.92%
Epoch 201, cost = 1.503475, train_acc = 95.94% val_acc = 96.30%
Epoch 202, cost = 1.503664, train_acc = 96.18% val_acc = 96.11%
Epoch 203, cost = 1.503569, train_acc = 95.66% val_acc = 95.74%
Epoch 204, cost = 1.504339, train_acc = 95.96% val_acc = 96.05%
Epoch 205, cost = 1.502407, train_acc = 96.11% val_acc = 96.02%
Epoch 206, cost = 1.503289, train_acc = 96.22% val_acc = 96.17%
Epoch 207, cost = 1.503323, train_acc = 96.03% val_acc = 96.12%
Epoch 208, cost = 1.503446, train_acc = 96.15% val_acc = 95.95%
Epoch 209, cost = 1.502953, train_acc = 96.00% val_acc = 96.33%
Epoch 210, cost = 1.501367, train_acc = 95.96% val_acc = 96.29%
Epoch 211, cost = 1.503047, train_acc = 96.07% val_acc = 96.20%
Epoch 212, cost = 1.502061, train_acc = 95.92% val_acc = 96.25%
Epoch 213, cost = 1.503746, train_acc = 96.11% val_acc = 96.36%
Epoch 214, cost = 1.500923, train_acc = 96.24% val_acc = 96.22%
Epoch 215, cost = 1.500503, train_acc = 96.11% val_acc = 96.12%
Epoch 216, cost = 1.501233, train_acc = 95.94% val_acc = 96.04%
Epoch 217, cost = 1.501236, train_acc = 96.05% val_acc = 95.99%
Epoch 218, cost = 1.502886, train_acc = 96.11% val_acc = 96.10%
Epoch 219, cost = 1.500537, train_acc = 96.28% val_acc = 96.24%
Epoch 220, cost = 1.502483, train_acc = 96.31% val_acc = 96.37%
Epoch 221, cost = 1.500984, train_acc = 96.19% val_acc = 96.12%
Epoch 222, cost = 1.500650, train_acc = 96.26% val_acc = 96.02%
Epoch 223, cost = 1.501163, train_acc = 96.20% val_acc = 96.18%
Epoch 224, cost = 1.501982, train_acc = 95.99% val_acc = 95.97%
Epoch 225, cost = 1.501868, train_acc = 96.26% val_acc = 96.63%
Epoch 226, cost = 1.501367, train_acc = 96.14% val_acc = 96.03%
Epoch 227, cost = 1.500719, train_acc = 96.27% val_acc = 96.39%
Epoch 228, cost = 1.501935, train_acc = 96.16% val_acc = 96.50%
Epoch 229, cost = 1.499603, train_acc = 96.32% val_acc = 96.34%
Epoch 230, cost = 1.499899, train_acc = 96.53% val_acc = 96.32%
Epoch 231, cost = 1.499510, train_acc = 96.44% val_acc = 96.27%
Epoch 232, cost = 1.500673, train_acc = 96.28% val_acc = 96.08%
Epoch 233, cost = 1.500038, train_acc = 96.41% val_acc = 96.10%
Epoch 234, cost = 1.501424, train_acc = 96.40% val_acc = 96.11%
Epoch 235, cost = 1.500763, train_acc = 96.27% val_acc = 96.45%
Epoch 236, cost = 1.500445, train_acc = 96.28% val_acc = 96.20%
Epoch 237, cost = 1.499702, train_acc = 96.34% val_acc = 96.22%
Epoch 238, cost = 1.501257, train_acc = 96.28% val_acc = 96.19%
Epoch 239, cost = 1.500330, train_acc = 96.19% val_acc = 96.21%
Epoch 240, cost = 1.500995, train_acc = 96.23% val_acc = 96.20%
Epoch 241, cost = 1.501253, train_acc = 96.23% val_acc = 96.39%
Epoch 242, cost = 1.500844, train_acc = 96.37% val_acc = 96.51%
Epoch 243, cost = 1.500163, train_acc = 96.32% val_acc = 96.29%
Epoch 244, cost = 1.502212, train_acc = 96.43% val_acc = 95.88%
Epoch 245, cost = 1.500041, train_acc = 96.19% val_acc = 96.23%
Epoch 246, cost = 1.499197, train_acc = 96.63% val_acc = 96.16%
Epoch 247, cost = 1.499534, train_acc = 96.33% val_acc = 96.27%
Epoch 248, cost = 1.500009, train_acc = 96.45% val_acc = 96.42%
Epoch 249, cost = 1.499458, train_acc = 96.35% val_acc = 96.18%
Epoch 250, cost = 1.498175, train_acc = 96.11% val_acc = 96.21%
Epoch 251, cost = 1.499072, train_acc = 96.52% val_acc = 96.11%
Epoch 252, cost = 1.499249, train_acc = 96.66% val_acc = 96.38%
Epoch 253, cost = 1.499558, train_acc = 96.57% val_acc = 96.38%
Epoch 254, cost = 1.497179, train_acc = 96.40% val_acc = 96.27%
Epoch 255, cost = 1.499719, train_acc = 96.50% val_acc = 96.30%
Epoch 256, cost = 1.498971, train_acc = 96.29% val_acc = 96.00%
Epoch 257, cost = 1.498477, train_acc = 96.62% val_acc = 96.51%
Epoch 258, cost = 1.497561, train_acc = 96.49% val_acc = 96.27%
Epoch 259, cost = 1.499265, train_acc = 96.39% val_acc = 96.05%
Epoch 260, cost = 1.497976, train_acc = 96.59% val_acc = 96.35%
Epoch 261, cost = 1.498586, train_acc = 96.64% val_acc = 96.37%
Epoch 262, cost = 1.496175, train_acc = 96.50% val_acc = 96.19%
Epoch 263, cost = 1.498144, train_acc = 96.39% val_acc = 96.24%
Epoch 264, cost = 1.497975, train_acc = 96.45% val_acc = 96.30%
Epoch 265, cost = 1.499809, train_acc = 96.46% val_acc = 96.26%
Epoch 266, cost = 1.498857, train_acc = 96.73% val_acc = 96.30%
Epoch 267, cost = 1.497314, train_acc = 96.56% val_acc = 96.61%
Epoch 268, cost = 1.497185, train_acc = 96.70% val_acc = 96.44%
Epoch 269, cost = 1.496963, train_acc = 96.64% val_acc = 96.42%
Epoch 270, cost = 1.497329, train_acc = 96.60% val_acc = 96.59%
Epoch 271, cost = 1.498016, train_acc = 96.61% val_acc = 96.35%
Epoch 272, cost = 1.498571, train_acc = 96.75% val_acc = 96.26%
Epoch 273, cost = 1.497482, train_acc = 96.71% val_acc = 96.08%
Epoch 274, cost = 1.496606, train_acc = 96.68% val_acc = 96.47%
Epoch 275, cost = 1.497928, train_acc = 96.27% val_acc = 96.31%
Epoch 276, cost = 1.498263, train_acc = 96.45% val_acc = 96.31%
Epoch 277, cost = 1.495708, train_acc = 96.48% val_acc = 96.41%
Epoch 278, cost = 1.496544, train_acc = 96.69% val_acc = 96.37%
Epoch 279, cost = 1.496016, train_acc = 96.38% val_acc = 96.31%
Epoch 280, cost = 1.496647, train_acc = 96.47% val_acc = 96.59%
Epoch 281, cost = 1.495660, train_acc = 96.51% val_acc = 96.71%
Epoch 282, cost = 1.497978, train_acc = 96.76% val_acc = 96.26%
Epoch 283, cost = 1.497265, train_acc = 96.56% val_acc = 96.10%
Epoch 284, cost = 1.496786, train_acc = 96.62% val_acc = 96.55%
Epoch 285, cost = 1.496633, train_acc = 96.85% val_acc = 96.41%
Epoch 286, cost = 1.496319, train_acc = 96.58% val_acc = 96.38%
Epoch 287, cost = 1.496081, train_acc = 96.86% val_acc = 96.57%
Epoch 288, cost = 1.496514, train_acc = 96.68% val_acc = 96.43%
Epoch 289, cost = 1.494420, train_acc = 96.70% val_acc = 96.45%
Epoch 290, cost = 1.497033, train_acc = 96.75% val_acc = 96.45%
Epoch 291, cost = 1.496218, train_acc = 96.56% val_acc = 96.09%
Epoch 292, cost = 1.496653, train_acc = 96.74% val_acc = 96.36%
Epoch 293, cost = 1.495745, train_acc = 96.47% val_acc = 96.13%
Epoch 294, cost = 1.496064, train_acc = 96.74% val_acc = 96.59%
Epoch 295, cost = 1.495159, train_acc = 96.87% val_acc = 96.53%
Epoch 296, cost = 1.496560, train_acc = 96.50% val_acc = 96.14%
Epoch 297, cost = 1.495468, train_acc = 96.89% val_acc = 96.53%
Epoch 298, cost = 1.496340, train_acc = 96.60% val_acc = 96.22%
Epoch 299, cost = 1.495503, train_acc = 96.66% val_acc = 96.41%
Epoch 300, cost = 1.497258, train_acc = 96.67% val_acc = 96.18%
Epoch 301, cost = 1.494846, train_acc = 96.79% val_acc = 96.46%
Epoch 302, cost = 1.495271, train_acc = 96.60% val_acc = 96.31%
Epoch 303, cost = 1.495602, train_acc = 96.82% val_acc = 96.40%
Epoch 304, cost = 1.494994, train_acc = 96.70% val_acc = 96.29%
Epoch 305, cost = 1.494885, train_acc = 96.46% val_acc = 96.36%
Epoch 306, cost = 1.496248, train_acc = 96.72% val_acc = 96.55%
Epoch 307, cost = 1.494455, train_acc = 96.72% val_acc = 96.72%
Epoch 308, cost = 1.494925, train_acc = 96.82% val_acc = 96.24%
Epoch 309, cost = 1.494616, train_acc = 96.77% val_acc = 96.52%
Epoch 310, cost = 1.493976, train_acc = 96.80% val_acc = 96.58%
Epoch 311, cost = 1.495375, train_acc = 96.87% val_acc = 96.49%
Epoch 312, cost = 1.493975, train_acc = 96.66% val_acc = 96.24%
Epoch 313, cost = 1.494047, train_acc = 96.84% val_acc = 96.65%
Epoch 314, cost = 1.494240, train_acc = 96.86% val_acc = 96.52%
Epoch 315, cost = 1.495209, train_acc = 96.57% val_acc = 96.70%
Epoch 316, cost = 1.495996, train_acc = 96.76% val_acc = 96.17%
Epoch 317, cost = 1.494549, train_acc = 96.91% val_acc = 96.91%
Epoch 318, cost = 1.495241, train_acc = 96.75% val_acc = 96.64%
Epoch 319, cost = 1.494261, train_acc = 96.96% val_acc = 96.79%
Epoch 320, cost = 1.494166, train_acc = 96.73% val_acc = 96.43%
Epoch 321, cost = 1.493947, train_acc = 96.91% val_acc = 96.54%
Epoch 322, cost = 1.494544, train_acc = 96.84% val_acc = 96.36%
Epoch 323, cost = 1.494579, train_acc = 96.97% val_acc = 96.64%
Epoch 324, cost = 1.495665, train_acc = 96.67% val_acc = 96.60%
Epoch 325, cost = 1.495957, train_acc = 96.76% val_acc = 96.56%
Epoch 326, cost = 1.494875, train_acc = 97.02% val_acc = 96.64%
Epoch 327, cost = 1.493718, train_acc = 96.85% val_acc = 96.47%
Epoch 328, cost = 1.494852, train_acc = 96.86% val_acc = 96.54%
Epoch 329, cost = 1.494348, train_acc = 97.00% val_acc = 96.57%
Epoch 330, cost = 1.494681, train_acc = 96.84% val_acc = 96.35%
Epoch 331, cost = 1.494657, train_acc = 96.85% val_acc = 96.46%
Epoch 332, cost = 1.493482, train_acc = 96.83% val_acc = 96.42%
Epoch 333, cost = 1.493304, train_acc = 96.67% val_acc = 96.10%
Epoch 334, cost = 1.493474, train_acc = 96.93% val_acc = 96.58%
Epoch 335, cost = 1.493406, train_acc = 96.93% val_acc = 96.66%
Epoch 336, cost = 1.493962, train_acc = 97.09% val_acc = 96.52%
Epoch 337, cost = 1.493732, train_acc = 96.67% val_acc = 96.49%
Epoch 338, cost = 1.492790, train_acc = 96.95% val_acc = 96.77%
Epoch 339, cost = 1.492584, train_acc = 96.96% val_acc = 96.74%
Epoch 340, cost = 1.493720, train_acc = 96.73% val_acc = 96.51%
Epoch 341, cost = 1.493777, train_acc = 97.03% val_acc = 96.58%
Epoch 342, cost = 1.493523, train_acc = 96.97% val_acc = 96.84%
Epoch 343, cost = 1.494677, train_acc = 96.84% val_acc = 96.43%
Epoch 344, cost = 1.494252, train_acc = 97.10% val_acc = 97.04%
Epoch 345, cost = 1.492968, train_acc = 96.91% val_acc = 96.82%
Epoch 346, cost = 1.494337, train_acc = 97.02% val_acc = 96.71%
Epoch 347, cost = 1.493467, train_acc = 96.98% val_acc = 96.75%
Epoch 348, cost = 1.493827, train_acc = 96.90% val_acc = 96.40%
Epoch 349, cost = 1.492578, train_acc = 97.03% val_acc = 96.56%
Epoch 350, cost = 1.491567, train_acc = 96.99% val_acc = 96.62%
Epoch 351, cost = 1.494891, train_acc = 97.07% val_acc = 96.50%
Epoch 352, cost = 1.493995, train_acc = 97.13% val_acc = 96.80%
Epoch 353, cost = 1.494635, train_acc = 97.06% val_acc = 96.73%
Epoch 354, cost = 1.493528, train_acc = 97.09% val_acc = 96.42%
Epoch 355, cost = 1.492971, train_acc = 97.07% val_acc = 96.70%
Epoch 356, cost = 1.491562, train_acc = 97.06% val_acc = 96.83%
Epoch 357, cost = 1.493392, train_acc = 97.11% val_acc = 96.64%
Epoch 358, cost = 1.491357, train_acc = 97.15% val_acc = 96.65%
Epoch 359, cost = 1.492484, train_acc = 97.05% val_acc = 96.51%
Epoch 360, cost = 1.492234, train_acc = 97.26% val_acc = 96.82%
Epoch 361, cost = 1.493529, train_acc = 97.00% val_acc = 96.81%
Epoch 362, cost = 1.493350, train_acc = 97.03% val_acc = 96.34%
Epoch 363, cost = 1.492850, train_acc = 97.12% val_acc = 96.70%
Epoch 364, cost = 1.492474, train_acc = 97.26% val_acc = 96.72%
Epoch 365, cost = 1.491591, train_acc = 97.00% val_acc = 96.79%
Epoch 366, cost = 1.491554, train_acc = 97.16% val_acc = 96.54%
Epoch 367, cost = 1.492444, train_acc = 97.10% val_acc = 96.67%
Epoch 368, cost = 1.492026, train_acc = 97.11% val_acc = 96.69%
Epoch 369, cost = 1.491194, train_acc = 96.93% val_acc = 96.70%
Epoch 370, cost = 1.492599, train_acc = 97.19% val_acc = 96.77%
Epoch 371, cost = 1.491559, train_acc = 97.17% val_acc = 96.78%
Epoch 372, cost = 1.492672, train_acc = 96.87% val_acc = 96.57%
Epoch 373, cost = 1.491241, train_acc = 97.20% val_acc = 96.82%
Epoch 374, cost = 1.492255, train_acc = 97.19% val_acc = 96.75%
Epoch 375, cost = 1.491125, train_acc = 97.14% val_acc = 96.86%
Epoch 376, cost = 1.492277, train_acc = 97.10% val_acc = 97.11%
Epoch 377, cost = 1.492786, train_acc = 97.09% val_acc = 96.52%
Epoch 378, cost = 1.491555, train_acc = 97.04% val_acc = 96.39%
Epoch 379, cost = 1.492429, train_acc = 97.28% val_acc = 96.64%
Epoch 380, cost = 1.491576, train_acc = 97.11% val_acc = 96.92%
Epoch 381, cost = 1.493213, train_acc = 97.09% val_acc = 96.78%
Epoch 382, cost = 1.491230, train_acc = 96.93% val_acc = 96.57%
Epoch 383, cost = 1.490216, train_acc = 97.15% val_acc = 96.74%
Epoch 384, cost = 1.490735, train_acc = 97.09% val_acc = 96.70%
Epoch 385, cost = 1.491327, train_acc = 97.19% val_acc = 96.64%
Epoch 386, cost = 1.491393, train_acc = 97.06% val_acc = 96.85%
Epoch 387, cost = 1.491207, train_acc = 97.12% val_acc = 96.73%
Epoch 388, cost = 1.491818, train_acc = 97.18% val_acc = 96.63%
Epoch 389, cost = 1.491736, train_acc = 97.28% val_acc = 96.58%
Epoch 390, cost = 1.490449, train_acc = 97.34% val_acc = 96.98%
Epoch 391, cost = 1.490364, train_acc = 97.07% val_acc = 96.55%
Epoch 392, cost = 1.491998, train_acc = 97.03% val_acc = 96.62%
Epoch 393, cost = 1.491415, train_acc = 97.14% val_acc = 96.61%
Epoch 394, cost = 1.491399, train_acc = 96.87% val_acc = 96.55%
Epoch 395, cost = 1.491160, train_acc = 97.27% val_acc = 96.70%
Epoch 396, cost = 1.491081, train_acc = 97.14% val_acc = 96.85%
Epoch 397, cost = 1.490504, train_acc = 97.10% val_acc = 96.89%
Epoch 398, cost = 1.490320, train_acc = 97.29% val_acc = 96.79%
Epoch 399, cost = 1.491394, train_acc = 97.20% val_acc = 96.63%
Epoch 400, cost = 1.492092, train_acc = 97.17% val_acc = 96.73%
Epoch 401, cost = 1.490701, train_acc = 97.37% val_acc = 96.77%
Epoch 402, cost = 1.490138, train_acc = 97.18% val_acc = 96.82%
Epoch 403, cost = 1.491401, train_acc = 97.10% val_acc = 96.45%
Epoch 404, cost = 1.491385, train_acc = 97.14% val_acc = 96.81%
Epoch 405, cost = 1.490963, train_acc = 96.97% val_acc = 96.55%
Epoch 406, cost = 1.490078, train_acc = 97.33% val_acc = 96.55%
Epoch 407, cost = 1.491569, train_acc = 97.22% val_acc = 96.87%
Epoch 408, cost = 1.489522, train_acc = 97.10% val_acc = 96.68%
Epoch 409, cost = 1.490159, train_acc = 97.13% val_acc = 96.87%
Epoch 410, cost = 1.489565, train_acc = 97.06% val_acc = 96.79%
Epoch 411, cost = 1.490867, train_acc = 97.11% val_acc = 96.80%
Epoch 412, cost = 1.490016, train_acc = 97.38% val_acc = 96.87%
Epoch 413, cost = 1.489360, train_acc = 97.47% val_acc = 97.06%
Epoch 414, cost = 1.490028, train_acc = 97.21% val_acc = 96.75%
Epoch 415, cost = 1.489313, train_acc = 97.17% val_acc = 96.88%
Epoch 416, cost = 1.489998, train_acc = 97.33% val_acc = 96.86%
Epoch 417, cost = 1.490446, train_acc = 97.08% val_acc = 96.61%
Epoch 418, cost = 1.490152, train_acc = 97.18% val_acc = 96.76%
Epoch 419, cost = 1.491077, train_acc = 97.18% val_acc = 96.59%
Epoch 420, cost = 1.490978, train_acc = 97.01% val_acc = 96.67%
Epoch 421, cost = 1.491178, train_acc = 97.18% val_acc = 96.73%
Epoch 422, cost = 1.490466, train_acc = 97.29% val_acc = 96.79%
Epoch 423, cost = 1.489688, train_acc = 97.39% val_acc = 96.76%
Epoch 424, cost = 1.491846, train_acc = 97.13% val_acc = 96.62%
Epoch 425, cost = 1.490173, train_acc = 97.25% val_acc = 96.77%
Epoch 426, cost = 1.490410, train_acc = 97.00% val_acc = 96.72%
Epoch 427, cost = 1.489851, train_acc = 97.23% val_acc = 97.02%
Epoch 428, cost = 1.488354, train_acc = 97.30% val_acc = 96.68%
Epoch 429, cost = 1.489496, train_acc = 97.44% val_acc = 96.89%
Epoch 430, cost = 1.489361, train_acc = 97.30% val_acc = 96.71%
Epoch 431, cost = 1.489645, train_acc = 97.24% val_acc = 96.76%
Epoch 432, cost = 1.490252, train_acc = 97.29% val_acc = 96.83%
Epoch 433, cost = 1.488685, train_acc = 97.27% val_acc = 96.92%
Epoch 434, cost = 1.490161, train_acc = 97.39% val_acc = 96.60%
Epoch 435, cost = 1.489338, train_acc = 97.49% val_acc = 96.69%
Epoch 436, cost = 1.489955, train_acc = 97.20% val_acc = 96.84%
Epoch 437, cost = 1.489916, train_acc = 97.23% val_acc = 96.94%
Epoch 438, cost = 1.488971, train_acc = 97.22% val_acc = 96.70%
Epoch 439, cost = 1.488251, train_acc = 97.50% val_acc = 96.94%
Epoch 440, cost = 1.489889, train_acc = 97.42% val_acc = 97.00%
Epoch 441, cost = 1.488055, train_acc = 97.06% val_acc = 96.68%
Epoch 442, cost = 1.488542, train_acc = 97.33% val_acc = 96.92%
Epoch 443, cost = 1.488671, train_acc = 97.00% val_acc = 96.87%
Epoch 444, cost = 1.488907, train_acc = 97.29% val_acc = 96.67%
Epoch 445, cost = 1.488171, train_acc = 97.34% val_acc = 96.84%
Epoch 446, cost = 1.489010, train_acc = 97.29% val_acc = 96.86%
Epoch 447, cost = 1.488754, train_acc = 97.33% val_acc = 96.60%
Epoch 448, cost = 1.488280, train_acc = 97.26% val_acc = 96.62%
Epoch 449, cost = 1.488514, train_acc = 97.40% val_acc = 96.72%
Epoch 450, cost = 1.489282, train_acc = 97.36% val_acc = 96.74%
Epoch 451, cost = 1.491242, train_acc = 97.10% val_acc = 96.56%
Epoch 452, cost = 1.490724, train_acc = 97.40% val_acc = 96.83%
Epoch 453, cost = 1.489000, train_acc = 97.47% val_acc = 96.78%
Epoch 454, cost = 1.489398, train_acc = 97.27% val_acc = 96.60%
Epoch 455, cost = 1.487887, train_acc = 97.20% val_acc = 96.66%
Epoch 456, cost = 1.488296, train_acc = 97.46% val_acc = 96.77%
Epoch 457, cost = 1.488649, train_acc = 97.42% val_acc = 96.59%
Epoch 458, cost = 1.489191, train_acc = 97.56% val_acc = 97.00%
Epoch 459, cost = 1.487656, train_acc = 97.41% val_acc = 96.70%
Epoch 460, cost = 1.488601, train_acc = 97.39% val_acc = 96.64%
Epoch 461, cost = 1.490005, train_acc = 97.30% val_acc = 96.92%
Epoch 462, cost = 1.488570, train_acc = 96.53% val_acc = 95.87%
Epoch 463, cost = 1.487922, train_acc = 97.36% val_acc = 96.80%
Epoch 464, cost = 1.489356, train_acc = 97.48% val_acc = 96.84%
Epoch 465, cost = 1.489276, train_acc = 97.40% val_acc = 96.89%
Epoch 466, cost = 1.488696, train_acc = 97.56% val_acc = 96.80%
Epoch 467, cost = 1.488998, train_acc = 97.30% val_acc = 96.66%
Epoch 468, cost = 1.488452, train_acc = 97.42% val_acc = 96.77%
Epoch 469, cost = 1.488241, train_acc = 97.38% val_acc = 96.91%
Epoch 470, cost = 1.489706, train_acc = 97.61% val_acc = 96.80%
Epoch 471, cost = 1.487587, train_acc = 97.00% val_acc = 96.55%
Epoch 472, cost = 1.488851, train_acc = 97.53% val_acc = 96.87%
Epoch 473, cost = 1.489062, train_acc = 97.43% val_acc = 96.95%
Epoch 474, cost = 1.487923, train_acc = 97.46% val_acc = 97.07%
Epoch 475, cost = 1.489178, train_acc = 97.41% val_acc = 96.74%
Epoch 476, cost = 1.489038, train_acc = 97.50% val_acc = 96.73%
Epoch 477, cost = 1.488293, train_acc = 97.57% val_acc = 96.73%
Epoch 478, cost = 1.489701, train_acc = 97.52% val_acc = 96.82%
Epoch 479, cost = 1.487716, train_acc = 97.47% val_acc = 96.95%
Epoch 480, cost = 1.488325, train_acc = 97.31% val_acc = 97.09%
Epoch 481, cost = 1.487401, train_acc = 97.53% val_acc = 97.06%
Epoch 482, cost = 1.486414, train_acc = 97.33% val_acc = 96.80%
Epoch 483, cost = 1.488623, train_acc = 97.50% val_acc = 96.80%
Epoch 484, cost = 1.488201, train_acc = 97.54% val_acc = 96.69%
Epoch 485, cost = 1.487233, train_acc = 97.46% val_acc = 96.81%
Epoch 486, cost = 1.488454, train_acc = 97.47% val_acc = 96.91%
Epoch 487, cost = 1.488064, train_acc = 97.38% val_acc = 96.98%
Epoch 488, cost = 1.488076, train_acc = 97.33% val_acc = 96.53%
Epoch 489, cost = 1.487435, train_acc = 97.40% val_acc = 96.74%
Epoch 490, cost = 1.488567, train_acc = 97.30% val_acc = 96.95%
Epoch 491, cost = 1.488185, train_acc = 97.37% val_acc = 97.07%
Epoch 492, cost = 1.488951, train_acc = 97.36% val_acc = 96.77%
Epoch 493, cost = 1.487853, train_acc = 97.40% val_acc = 96.80%
Epoch 494, cost = 1.487445, train_acc = 97.36% val_acc = 96.66%
Epoch 495, cost = 1.489365, train_acc = 97.50% val_acc = 96.79%
Epoch 496, cost = 1.487524, train_acc = 97.56% val_acc = 96.92%
Epoch 497, cost = 1.487700, train_acc = 97.31% val_acc = 96.74%
Epoch 498, cost = 1.487208, train_acc = 97.40% val_acc = 96.74%
Epoch 499, cost = 1.488140, train_acc = 97.48% val_acc = 97.03%
Epoch 500, cost = 1.488031, train_acc = 97.61% val_acc = 96.92%
Epoch 501, cost = 1.487320, train_acc = 97.56% val_acc = 96.85%
Epoch 502, cost = 1.488007, train_acc = 97.51% val_acc = 96.87%
Epoch 503, cost = 1.487593, train_acc = 97.54% val_acc = 96.85%
Epoch 504, cost = 1.489586, train_acc = 97.47% val_acc = 96.94%
Epoch 505, cost = 1.487109, train_acc = 97.58% val_acc = 96.89%
Epoch 506, cost = 1.486829, train_acc = 97.49% val_acc = 96.99%
Epoch 507, cost = 1.487017, train_acc = 97.46% val_acc = 96.93%
Epoch 508, cost = 1.488265, train_acc = 97.58% val_acc = 97.16%
Epoch 509, cost = 1.487453, train_acc = 97.51% val_acc = 97.05%
Epoch 510, cost = 1.488692, train_acc = 97.51% val_acc = 96.90%
Epoch 511, cost = 1.487408, train_acc = 97.65% val_acc = 96.94%
Epoch 512, cost = 1.487846, train_acc = 97.49% val_acc = 96.88%
Epoch 513, cost = 1.487681, train_acc = 97.51% val_acc = 97.03%
Epoch 514, cost = 1.489289, train_acc = 97.52% val_acc = 96.78%
Epoch 515, cost = 1.486582, train_acc = 97.64% val_acc = 96.91%
Epoch 516, cost = 1.486235, train_acc = 97.63% val_acc = 97.08%
Epoch 517, cost = 1.486096, train_acc = 97.62% val_acc = 97.09%
Epoch 518, cost = 1.485821, train_acc = 97.34% val_acc = 96.87%
Epoch 519, cost = 1.487042, train_acc = 97.58% val_acc = 96.79%
Epoch 520, cost = 1.487004, train_acc = 97.49% val_acc = 96.67%
Epoch 521, cost = 1.486412, train_acc = 97.49% val_acc = 96.94%
Epoch 522, cost = 1.487426, train_acc = 97.53% val_acc = 97.05%
Epoch 523, cost = 1.486821, train_acc = 97.45% val_acc = 96.85%
Epoch 524, cost = 1.485441, train_acc = 97.34% val_acc = 96.65%
Epoch 525, cost = 1.487801, train_acc = 97.57% val_acc = 96.72%
Epoch 526, cost = 1.486817, train_acc = 97.61% val_acc = 96.86%
Epoch 527, cost = 1.488087, train_acc = 97.61% val_acc = 96.92%
Epoch 528, cost = 1.488186, train_acc = 97.63% val_acc = 96.96%
Epoch 529, cost = 1.486952, train_acc = 97.46% val_acc = 96.69%
Epoch 530, cost = 1.487673, train_acc = 97.50% val_acc = 96.90%
Epoch 531, cost = 1.486966, train_acc = 97.50% val_acc = 97.28%
Epoch 532, cost = 1.486073, train_acc = 97.41% val_acc = 97.13%
Epoch 533, cost = 1.485715, train_acc = 97.50% val_acc = 97.10%
Epoch 534, cost = 1.487023, train_acc = 97.76% val_acc = 96.95%
Epoch 535, cost = 1.488525, train_acc = 97.37% val_acc = 96.73%
Epoch 536, cost = 1.487120, train_acc = 97.49% val_acc = 97.00%
Epoch 537, cost = 1.486431, train_acc = 96.91% val_acc = 96.44%
Epoch 538, cost = 1.487263, train_acc = 97.53% val_acc = 96.81%
Epoch 539, cost = 1.486906, train_acc = 97.44% val_acc = 96.71%
Epoch 540, cost = 1.487686, train_acc = 97.58% val_acc = 97.16%
Epoch 541, cost = 1.486194, train_acc = 97.46% val_acc = 97.00%
Epoch 542, cost = 1.486969, train_acc = 97.50% val_acc = 97.09%
Epoch 543, cost = 1.487380, train_acc = 97.52% val_acc = 96.63%
Epoch 544, cost = 1.487244, train_acc = 97.50% val_acc = 96.89%
Epoch 545, cost = 1.487193, train_acc = 97.56% val_acc = 96.86%
Epoch 546, cost = 1.486985, train_acc = 97.60% val_acc = 97.10%
Epoch 547, cost = 1.485716, train_acc = 97.44% val_acc = 97.18%
Epoch 548, cost = 1.487299, train_acc = 97.54% val_acc = 96.85%
Epoch 549, cost = 1.486829, train_acc = 97.50% val_acc = 96.70%
Epoch 550, cost = 1.487165, train_acc = 97.64% val_acc = 97.12%
Epoch 551, cost = 1.485384, train_acc = 97.63% val_acc = 96.94%
Epoch 552, cost = 1.486782, train_acc = 97.66% val_acc = 97.22%
Epoch 553, cost = 1.487183, train_acc = 97.73% val_acc = 96.97%
Epoch 554, cost = 1.486270, train_acc = 97.39% val_acc = 96.77%
Epoch 555, cost = 1.485413, train_acc = 97.64% val_acc = 97.17%
Epoch 556, cost = 1.485958, train_acc = 97.65% val_acc = 96.94%
Epoch 557, cost = 1.487630, train_acc = 97.56% val_acc = 97.03%
Epoch 558, cost = 1.486846, train_acc = 97.37% val_acc = 97.02%
Epoch 559, cost = 1.486368, train_acc = 97.55% val_acc = 96.74%
Epoch 560, cost = 1.485137, train_acc = 97.66% val_acc = 97.09%
Epoch 561, cost = 1.486880, train_acc = 97.61% val_acc = 97.07%
Epoch 562, cost = 1.486474, train_acc = 97.44% val_acc = 96.98%
Epoch 563, cost = 1.486849, train_acc = 97.67% val_acc = 96.91%
Epoch 564, cost = 1.487206, train_acc = 97.51% val_acc = 96.82%
Epoch 565, cost = 1.487379, train_acc = 97.54% val_acc = 96.83%
Epoch 566, cost = 1.486736, train_acc = 97.70% val_acc = 97.26%
Epoch 567, cost = 1.486100, train_acc = 97.65% val_acc = 97.12%
Epoch 568, cost = 1.486609, train_acc = 97.47% val_acc = 96.74%
Epoch 569, cost = 1.487292, train_acc = 97.56% val_acc = 96.82%
Epoch 570, cost = 1.487010, train_acc = 97.58% val_acc = 97.09%
Epoch 571, cost = 1.486545, train_acc = 97.72% val_acc = 96.97%
Epoch 572, cost = 1.485963, train_acc = 97.80% val_acc = 96.80%
Epoch 573, cost = 1.486886, train_acc = 97.54% val_acc = 96.76%
Epoch 574, cost = 1.485707, train_acc = 97.64% val_acc = 97.26%
Epoch 575, cost = 1.486796, train_acc = 97.80% val_acc = 97.00%
Epoch 576, cost = 1.485015, train_acc = 97.59% val_acc = 96.89%
Epoch 577, cost = 1.486498, train_acc = 97.63% val_acc = 96.86%
Epoch 578, cost = 1.485785, train_acc = 97.68% val_acc = 96.92%
Epoch 579, cost = 1.485890, train_acc = 97.72% val_acc = 97.11%
Epoch 580, cost = 1.486284, train_acc = 97.63% val_acc = 97.14%
Epoch 581, cost = 1.487119, train_acc = 97.65% val_acc = 96.98%
Epoch 582, cost = 1.486715, train_acc = 97.74% val_acc = 96.97%
Epoch 583, cost = 1.485488, train_acc = 97.57% val_acc = 96.78%
Epoch 584, cost = 1.485863, train_acc = 97.63% val_acc = 97.03%
Epoch 585, cost = 1.485847, train_acc = 97.66% val_acc = 97.06%
Epoch 586, cost = 1.487126, train_acc = 97.62% val_acc = 96.90%
Epoch 587, cost = 1.485695, train_acc = 97.73% val_acc = 96.87%
Epoch 588, cost = 1.485850, train_acc = 97.70% val_acc = 97.01%
Epoch 589, cost = 1.484643, train_acc = 97.67% val_acc = 96.93%
Epoch 590, cost = 1.485494, train_acc = 97.76% val_acc = 97.05%
Epoch 591, cost = 1.485780, train_acc = 97.73% val_acc = 96.85%
Epoch 592, cost = 1.485288, train_acc = 97.53% val_acc = 96.83%
Epoch 593, cost = 1.486559, train_acc = 97.67% val_acc = 96.95%
Epoch 594, cost = 1.486329, train_acc = 97.62% val_acc = 97.02%
Epoch 595, cost = 1.485887, train_acc = 97.84% val_acc = 97.05%
Epoch 596, cost = 1.485674, train_acc = 97.74% val_acc = 97.10%
Epoch 597, cost = 1.485307, train_acc = 97.60% val_acc = 96.84%
Epoch 598, cost = 1.485194, train_acc = 97.73% val_acc = 97.20%
Epoch 599, cost = 1.485116, train_acc = 97.74% val_acc = 96.82%
Epoch 600, cost = 1.485737, train_acc = 97.87% val_acc = 96.84%
Epoch 601, cost = 1.487802, train_acc = 97.72% val_acc = 96.85%
Epoch 602, cost = 1.485946, train_acc = 97.77% val_acc = 96.90%
Epoch 603, cost = 1.486151, train_acc = 97.63% val_acc = 96.96%
Epoch 604, cost = 1.484659, train_acc = 97.30% val_acc = 96.70%
Epoch 605, cost = 1.485891, train_acc = 97.59% val_acc = 96.95%
Epoch 606, cost = 1.485861, train_acc = 97.69% val_acc = 96.88%
Epoch 607, cost = 1.486360, train_acc = 97.73% val_acc = 96.98%
Epoch 608, cost = 1.485411, train_acc = 97.79% val_acc = 96.95%
Epoch 609, cost = 1.486155, train_acc = 97.77% val_acc = 97.00%
Epoch 610, cost = 1.485108, train_acc = 97.63% val_acc = 96.86%
Epoch 611, cost = 1.485401, train_acc = 97.62% val_acc = 97.05%
Epoch 612, cost = 1.485116, train_acc = 97.70% val_acc = 97.08%
Epoch 613, cost = 1.486085, train_acc = 97.69% val_acc = 97.04%
Epoch 614, cost = 1.485363, train_acc = 97.63% val_acc = 97.06%
Epoch 615, cost = 1.485460, train_acc = 97.66% val_acc = 96.99%
Epoch 616, cost = 1.485689, train_acc = 97.82% val_acc = 97.26%
Epoch 617, cost = 1.485102, train_acc = 97.57% val_acc = 96.85%
Epoch 618, cost = 1.485918, train_acc = 97.83% val_acc = 97.00%
Epoch 619, cost = 1.485087, train_acc = 97.77% val_acc = 97.05%
Epoch 620, cost = 1.484744, train_acc = 97.98% val_acc = 96.98%
Epoch 621, cost = 1.485687, train_acc = 97.78% val_acc = 96.99%
Epoch 622, cost = 1.485117, train_acc = 97.80% val_acc = 96.80%
Epoch 623, cost = 1.485350, train_acc = 97.60% val_acc = 97.03%
Epoch 624, cost = 1.486314, train_acc = 97.63% val_acc = 97.05%
Epoch 625, cost = 1.484535, train_acc = 97.62% val_acc = 96.93%
Epoch 626, cost = 1.484240, train_acc = 97.65% val_acc = 96.71%
Epoch 627, cost = 1.484946, train_acc = 97.68% val_acc = 97.02%
Epoch 628, cost = 1.484968, train_acc = 97.58% val_acc = 97.01%
Epoch 629, cost = 1.485723, train_acc = 97.77% val_acc = 97.12%
Epoch 630, cost = 1.484815, train_acc = 97.83% val_acc = 97.00%
Epoch 631, cost = 1.484853, train_acc = 97.66% val_acc = 96.80%
Epoch 632, cost = 1.484901, train_acc = 97.56% val_acc = 97.32%
Epoch 633, cost = 1.485379, train_acc = 97.63% val_acc = 97.06%
Epoch 634, cost = 1.485390, train_acc = 97.61% val_acc = 96.84%
Epoch 635, cost = 1.484946, train_acc = 97.64% val_acc = 96.88%
Epoch 636, cost = 1.485648, train_acc = 97.62% val_acc = 96.99%
Epoch 637, cost = 1.485031, train_acc = 97.80% val_acc = 96.94%
Epoch 638, cost = 1.485317, train_acc = 97.64% val_acc = 96.87%
Epoch 639, cost = 1.485722, train_acc = 97.70% val_acc = 96.89%
Epoch 640, cost = 1.486115, train_acc = 97.68% val_acc = 97.20%
Epoch 641, cost = 1.485905, train_acc = 97.81% val_acc = 97.17%
Epoch 642, cost = 1.484975, train_acc = 97.83% val_acc = 97.23%
Epoch 643, cost = 1.484796, train_acc = 97.78% val_acc = 96.84%
Epoch 644, cost = 1.485713, train_acc = 97.94% val_acc = 96.96%
Epoch 645, cost = 1.484978, train_acc = 97.78% val_acc = 96.97%
Epoch 646, cost = 1.484133, train_acc = 97.90% val_acc = 97.07%
Epoch 647, cost = 1.485154, train_acc = 97.82% val_acc = 96.84%
Epoch 648, cost = 1.485313, train_acc = 97.75% val_acc = 97.26%
Epoch 649, cost = 1.485266, train_acc = 97.74% val_acc = 97.08%
Epoch 650, cost = 1.485033, train_acc = 97.83% val_acc = 96.95%
Epoch 651, cost = 1.484520, train_acc = 97.78% val_acc = 96.83%
Epoch 652, cost = 1.484748, train_acc = 97.71% val_acc = 97.29%
Epoch 653, cost = 1.484843, train_acc = 97.86% val_acc = 96.92%
Epoch 654, cost = 1.485524, train_acc = 97.79% val_acc = 97.31%
Epoch 655, cost = 1.484762, train_acc = 97.58% val_acc = 96.77%
Epoch 656, cost = 1.484119, train_acc = 97.73% val_acc = 96.98%
Epoch 657, cost = 1.484331, train_acc = 97.82% val_acc = 96.93%
Epoch 658, cost = 1.485278, train_acc = 97.70% val_acc = 97.08%
Epoch 659, cost = 1.484375, train_acc = 97.70% val_acc = 96.94%
Epoch 660, cost = 1.485451, train_acc = 97.75% val_acc = 97.03%
Epoch 661, cost = 1.485479, train_acc = 97.92% val_acc = 97.13%
Epoch 662, cost = 1.484747, train_acc = 97.87% val_acc = 97.26%
Epoch 663, cost = 1.483925, train_acc = 97.79% val_acc = 97.18%
Epoch 664, cost = 1.483990, train_acc = 97.77% val_acc = 97.28%
Epoch 665, cost = 1.484927, train_acc = 97.68% val_acc = 97.02%
Epoch 666, cost = 1.484350, train_acc = 97.72% val_acc = 97.17%
Epoch 667, cost = 1.483604, train_acc = 97.79% val_acc = 97.00%
Epoch 668, cost = 1.484548, train_acc = 97.82% val_acc = 97.00%
Epoch 669, cost = 1.484031, train_acc = 97.96% val_acc = 97.01%
Epoch 670, cost = 1.485606, train_acc = 97.60% val_acc = 96.97%
Epoch 671, cost = 1.485207, train_acc = 97.83% val_acc = 96.97%
Epoch 672, cost = 1.484488, train_acc = 97.90% val_acc = 97.07%
Epoch 673, cost = 1.484126, train_acc = 97.83% val_acc = 97.21%
Epoch 674, cost = 1.483661, train_acc = 97.75% val_acc = 96.95%
Epoch 675, cost = 1.484831, train_acc = 97.80% val_acc = 97.04%
Epoch 676, cost = 1.484978, train_acc = 97.75% val_acc = 96.74%
Epoch 677, cost = 1.484499, train_acc = 97.86% val_acc = 96.82%
Epoch 678, cost = 1.484358, train_acc = 97.91% val_acc = 97.26%
Epoch 679, cost = 1.484881, train_acc = 97.80% val_acc = 97.00%
Epoch 680, cost = 1.484469, train_acc = 97.82% val_acc = 96.87%
Epoch 681, cost = 1.484527, train_acc = 97.93% val_acc = 97.15%
Epoch 682, cost = 1.484836, train_acc = 97.76% val_acc = 97.10%
Epoch 683, cost = 1.484617, train_acc = 97.89% val_acc = 97.05%
Epoch 684, cost = 1.485493, train_acc = 97.92% val_acc = 96.78%
Epoch 685, cost = 1.485075, train_acc = 97.92% val_acc = 97.09%
Epoch 686, cost = 1.484471, train_acc = 97.78% val_acc = 96.87%
Epoch 687, cost = 1.484126, train_acc = 97.67% val_acc = 97.17%
Epoch 688, cost = 1.482952, train_acc = 97.86% val_acc = 97.00%
Epoch 689, cost = 1.484404, train_acc = 97.79% val_acc = 96.69%
Epoch 690, cost = 1.482925, train_acc = 97.83% val_acc = 97.24%
Epoch 691, cost = 1.484335, train_acc = 97.88% val_acc = 97.02%
Epoch 692, cost = 1.484629, train_acc = 97.62% val_acc = 96.85%
Epoch 693, cost = 1.484800, train_acc = 97.97% val_acc = 97.11%
Epoch 694, cost = 1.483907, train_acc = 97.80% val_acc = 97.03%
Epoch 695, cost = 1.483775, train_acc = 97.73% val_acc = 96.98%
Epoch 696, cost = 1.483648, train_acc = 97.42% val_acc = 97.02%
Epoch 697, cost = 1.484668, train_acc = 97.72% val_acc = 97.07%
Epoch 698, cost = 1.483128, train_acc = 97.74% val_acc = 96.95%
Epoch 699, cost = 1.483615, train_acc = 97.80% val_acc = 96.89%
Epoch 700, cost = 1.483887, train_acc = 97.64% val_acc = 96.99%
Epoch 701, cost = 1.485568, train_acc = 97.65% val_acc = 97.01%
Epoch 702, cost = 1.483732, train_acc = 97.87% val_acc = 97.07%
Epoch 703, cost = 1.484589, train_acc = 97.91% val_acc = 97.01%
Epoch 704, cost = 1.484170, train_acc = 97.90% val_acc = 97.12%
Epoch 705, cost = 1.484458, train_acc = 97.91% val_acc = 97.28%
Epoch 706, cost = 1.482680, train_acc = 97.89% val_acc = 97.20%
Epoch 707, cost = 1.483911, train_acc = 97.95% val_acc = 97.09%
Epoch 708, cost = 1.484062, train_acc = 97.90% val_acc = 96.88%
Epoch 709, cost = 1.483444, train_acc = 97.96% val_acc = 97.32%
Epoch 710, cost = 1.483102, train_acc = 97.72% val_acc = 97.03%
Epoch 711, cost = 1.483617, train_acc = 97.63% val_acc = 96.96%
Epoch 712, cost = 1.483671, train_acc = 97.82% val_acc = 97.12%
Epoch 713, cost = 1.485056, train_acc = 97.28% val_acc = 96.51%
Epoch 714, cost = 1.484034, train_acc = 97.82% val_acc = 97.00%
Epoch 715, cost = 1.483386, train_acc = 97.93% val_acc = 96.93%
Epoch 716, cost = 1.485027, train_acc = 97.77% val_acc = 96.97%
Epoch 717, cost = 1.484370, train_acc = 97.86% val_acc = 96.83%
Epoch 718, cost = 1.484854, train_acc = 97.85% val_acc = 97.02%
Epoch 719, cost = 1.484787, train_acc = 97.89% val_acc = 96.97%
Epoch 720, cost = 1.483912, train_acc = 98.01% val_acc = 97.18%
Epoch 721, cost = 1.483749, train_acc = 97.71% val_acc = 97.03%
Epoch 722, cost = 1.484054, train_acc = 97.92% val_acc = 96.89%
Epoch 723, cost = 1.483746, train_acc = 97.89% val_acc = 96.85%
Epoch 724, cost = 1.484389, train_acc = 97.91% val_acc = 97.13%
Epoch 725, cost = 1.484097, train_acc = 97.87% val_acc = 96.92%
Epoch 726, cost = 1.483659, train_acc = 97.76% val_acc = 96.92%
Epoch 727, cost = 1.482897, train_acc = 97.88% val_acc = 96.96%
Epoch 728, cost = 1.483252, train_acc = 97.93% val_acc = 96.95%
Epoch 729, cost = 1.483271, train_acc = 97.93% val_acc = 97.09%
Epoch 730, cost = 1.481999, train_acc = 97.91% val_acc = 97.33%
Epoch 731, cost = 1.482540, train_acc = 97.93% val_acc = 97.03%
Epoch 732, cost = 1.482938, train_acc = 97.93% val_acc = 97.15%
Epoch 733, cost = 1.483355, train_acc = 97.95% val_acc = 97.00%
Epoch 734, cost = 1.484036, train_acc = 97.87% val_acc = 97.18%
Epoch 735, cost = 1.483336, train_acc = 97.96% val_acc = 97.10%
Epoch 736, cost = 1.483528, train_acc = 97.91% val_acc = 97.03%
Epoch 737, cost = 1.484810, train_acc = 97.90% val_acc = 96.82%
Epoch 738, cost = 1.483774, train_acc = 98.02% val_acc = 97.07%
Epoch 739, cost = 1.483707, train_acc = 97.82% val_acc = 96.86%
Epoch 740, cost = 1.484354, train_acc = 97.83% val_acc = 96.92%
Epoch 741, cost = 1.484872, train_acc = 97.77% val_acc = 97.14%
Epoch 742, cost = 1.482824, train_acc = 97.30% val_acc = 96.35%
Epoch 743, cost = 1.483083, train_acc = 97.96% val_acc = 96.96%
Epoch 744, cost = 1.483669, train_acc = 97.93% val_acc = 97.01%
Epoch 745, cost = 1.484114, train_acc = 97.82% val_acc = 96.95%
Epoch 746, cost = 1.484485, train_acc = 97.82% val_acc = 96.83%
Epoch 747, cost = 1.484846, train_acc = 98.04% val_acc = 97.07%
Epoch 748, cost = 1.483841, train_acc = 97.91% val_acc = 97.15%
Epoch 749, cost = 1.482912, train_acc = 97.63% val_acc = 96.88%
Epoch 750, cost = 1.484548, train_acc = 98.00% val_acc = 97.19%
Epoch 751, cost = 1.481839, train_acc = 98.06% val_acc = 96.90%
Epoch 752, cost = 1.483322, train_acc = 97.72% val_acc = 96.74%
Epoch 753, cost = 1.482641, train_acc = 97.95% val_acc = 97.00%
Epoch 754, cost = 1.484165, train_acc = 97.89% val_acc = 97.19%
Epoch 755, cost = 1.483751, train_acc = 98.01% val_acc = 96.84%
Epoch 756, cost = 1.482987, train_acc = 97.92% val_acc = 96.94%
Epoch 757, cost = 1.483043, train_acc = 97.99% val_acc = 97.26%
Epoch 758, cost = 1.481465, train_acc = 97.82% val_acc = 96.81%
Epoch 759, cost = 1.483363, train_acc = 97.84% val_acc = 97.10%
Epoch 760, cost = 1.483441, train_acc = 97.89% val_acc = 96.79%
Epoch 761, cost = 1.484318, train_acc = 97.89% val_acc = 97.09%
Epoch 762, cost = 1.483699, train_acc = 97.95% val_acc = 97.29%
Epoch 763, cost = 1.484833, train_acc = 97.44% val_acc = 97.07%
Epoch 764, cost = 1.484367, train_acc = 97.66% val_acc = 96.98%
Epoch 765, cost = 1.484221, train_acc = 98.06% val_acc = 97.09%
Epoch 766, cost = 1.484358, train_acc = 97.93% val_acc = 97.12%
Epoch 767, cost = 1.481996, train_acc = 97.90% val_acc = 97.29%
Epoch 768, cost = 1.484843, train_acc = 97.96% val_acc = 96.97%
Epoch 769, cost = 1.485316, train_acc = 98.02% val_acc = 97.04%
Epoch 770, cost = 1.483214, train_acc = 97.93% val_acc = 97.22%
Epoch 771, cost = 1.483350, train_acc = 97.82% val_acc = 97.02%
Epoch 772, cost = 1.483301, train_acc = 97.91% val_acc = 97.06%
Epoch 773, cost = 1.483414, train_acc = 97.93% val_acc = 97.10%
Epoch 774, cost = 1.485057, train_acc = 97.92% val_acc = 96.69%
Epoch 775, cost = 1.483214, train_acc = 98.05% val_acc = 97.14%
Epoch 776, cost = 1.483376, train_acc = 97.98% val_acc = 97.25%
Epoch 777, cost = 1.482895, train_acc = 98.06% val_acc = 96.80%
Epoch 778, cost = 1.481532, train_acc = 98.01% val_acc = 97.23%
Epoch 779, cost = 1.483155, train_acc = 98.16% val_acc = 97.14%
Epoch 780, cost = 1.481239, train_acc = 97.88% val_acc = 97.02%
Epoch 781, cost = 1.483543, train_acc = 97.74% val_acc = 97.08%
Epoch 782, cost = 1.483562, train_acc = 97.69% val_acc = 96.74%
Epoch 783, cost = 1.484125, train_acc = 97.86% val_acc = 97.27%
Epoch 784, cost = 1.484853, train_acc = 98.04% val_acc = 97.04%
Epoch 785, cost = 1.483391, train_acc = 97.96% val_acc = 97.20%
Epoch 786, cost = 1.483104, train_acc = 97.87% val_acc = 97.22%
Epoch 787, cost = 1.482117, train_acc = 98.02% val_acc = 96.87%
Epoch 788, cost = 1.482806, train_acc = 97.90% val_acc = 97.28%
Epoch 789, cost = 1.483009, train_acc = 97.92% val_acc = 97.13%
Epoch 790, cost = 1.482583, train_acc = 97.90% val_acc = 97.19%
Epoch 791, cost = 1.482782, train_acc = 97.81% val_acc = 96.82%
Epoch 792, cost = 1.481912, train_acc = 97.90% val_acc = 97.02%
Epoch 793, cost = 1.483821, train_acc = 97.90% val_acc = 97.31%
Epoch 794, cost = 1.483708, train_acc = 98.03% val_acc = 97.07%
Epoch 795, cost = 1.483663, train_acc = 97.92% val_acc = 97.01%
Epoch 796, cost = 1.482677, train_acc = 98.03% val_acc = 96.92%
Epoch 797, cost = 1.481412, train_acc = 97.93% val_acc = 97.15%
Epoch 798, cost = 1.482766, train_acc = 97.91% val_acc = 96.77%
Epoch 799, cost = 1.481690, train_acc = 97.98% val_acc = 96.84%
Epoch 800, cost = 1.483443, train_acc = 98.00% val_acc = 97.02%
Epoch 801, cost = 1.483594, train_acc = 97.91% val_acc = 96.78%
Epoch 802, cost = 1.483672, train_acc = 97.82% val_acc = 96.81%
Epoch 803, cost = 1.484079, train_acc = 98.01% val_acc = 97.33%
Epoch 804, cost = 1.483092, train_acc = 97.93% val_acc = 97.00%
Epoch 805, cost = 1.483085, train_acc = 98.07% val_acc = 97.19%
Epoch 806, cost = 1.482213, train_acc = 97.94% val_acc = 97.11%
Epoch 807, cost = 1.483633, train_acc = 98.12% val_acc = 97.30%
Epoch 808, cost = 1.483641, train_acc = 97.86% val_acc = 97.04%
Epoch 809, cost = 1.483511, train_acc = 97.98% val_acc = 97.03%
Epoch 810, cost = 1.482798, train_acc = 97.75% val_acc = 96.73%
Epoch 811, cost = 1.484210, train_acc = 98.13% val_acc = 97.34%
Epoch 812, cost = 1.484408, train_acc = 98.02% val_acc = 97.17%
Epoch 813, cost = 1.483736, train_acc = 98.09% val_acc = 97.22%
Epoch 814, cost = 1.483018, train_acc = 97.89% val_acc = 97.04%
Epoch 815, cost = 1.483147, train_acc = 97.95% val_acc = 97.24%
Epoch 816, cost = 1.482329, train_acc = 98.03% val_acc = 97.27%
Epoch 817, cost = 1.483591, train_acc = 98.16% val_acc = 97.22%
Epoch 818, cost = 1.483797, train_acc = 97.90% val_acc = 97.07%
Epoch 819, cost = 1.483195, train_acc = 97.89% val_acc = 96.99%
Epoch 820, cost = 1.483081, train_acc = 97.92% val_acc = 96.92%
Epoch 821, cost = 1.483023, train_acc = 97.85% val_acc = 97.04%
Epoch 822, cost = 1.483565, train_acc = 97.99% val_acc = 96.91%
Epoch 823, cost = 1.482559, train_acc = 97.98% val_acc = 97.10%
Epoch 824, cost = 1.482004, train_acc = 97.95% val_acc = 97.20%
Epoch 825, cost = 1.481835, train_acc = 97.96% val_acc = 96.96%
Epoch 826, cost = 1.482907, train_acc = 98.06% val_acc = 97.01%
Epoch 827, cost = 1.481773, train_acc = 98.05% val_acc = 96.99%
Epoch 828, cost = 1.482085, train_acc = 98.08% val_acc = 97.18%
Epoch 829, cost = 1.482210, train_acc = 98.03% val_acc = 97.02%
Epoch 830, cost = 1.482724, train_acc = 97.86% val_acc = 96.81%
Epoch 831, cost = 1.481974, train_acc = 97.97% val_acc = 97.14%
Epoch 832, cost = 1.483466, train_acc = 98.13% val_acc = 97.21%
Epoch 833, cost = 1.481158, train_acc = 98.04% val_acc = 97.04%
Epoch 834, cost = 1.483099, train_acc = 97.89% val_acc = 97.19%
Epoch 835, cost = 1.482807, train_acc = 97.95% val_acc = 96.76%
Epoch 836, cost = 1.482962, train_acc = 97.99% val_acc = 97.04%
Epoch 837, cost = 1.483281, train_acc = 98.10% val_acc = 97.06%
Epoch 838, cost = 1.482710, train_acc = 97.86% val_acc = 97.06%
Epoch 839, cost = 1.482362, train_acc = 98.12% val_acc = 97.11%
Epoch 840, cost = 1.482265, train_acc = 98.01% val_acc = 96.72%
Epoch 841, cost = 1.484909, train_acc = 97.89% val_acc = 97.23%
Epoch 842, cost = 1.482831, train_acc = 98.01% val_acc = 97.04%
Epoch 843, cost = 1.483012, train_acc = 98.05% val_acc = 96.90%
Epoch 844, cost = 1.482740, train_acc = 97.96% val_acc = 97.09%
Epoch 845, cost = 1.482007, train_acc = 98.07% val_acc = 97.14%
Epoch 846, cost = 1.483273, train_acc = 98.13% val_acc = 97.23%
Epoch 847, cost = 1.482579, train_acc = 98.02% val_acc = 97.09%
Epoch 848, cost = 1.482939, train_acc = 98.07% val_acc = 97.39%
Epoch 849, cost = 1.483824, train_acc = 98.07% val_acc = 96.96%
Epoch 850, cost = 1.483621, train_acc = 98.13% val_acc = 97.18%
Epoch 851, cost = 1.482832, train_acc = 98.13% val_acc = 97.20%
Epoch 852, cost = 1.482271, train_acc = 97.97% val_acc = 96.79%
Epoch 853, cost = 1.483357, train_acc = 98.01% val_acc = 96.73%
Epoch 854, cost = 1.481426, train_acc = 98.10% val_acc = 97.20%
Epoch 855, cost = 1.481631, train_acc = 97.96% val_acc = 97.09%
Epoch 856, cost = 1.482207, train_acc = 98.00% val_acc = 97.26%
Epoch 857, cost = 1.481422, train_acc = 98.11% val_acc = 96.89%
Epoch 858, cost = 1.483196, train_acc = 98.08% val_acc = 97.04%
Epoch 859, cost = 1.482834, train_acc = 98.07% val_acc = 96.89%
Epoch 860, cost = 1.482719, train_acc = 98.10% val_acc = 97.08%
Epoch 861, cost = 1.482855, train_acc = 98.11% val_acc = 97.04%
Epoch 862, cost = 1.483691, train_acc = 98.01% val_acc = 97.05%
Epoch 863, cost = 1.482197, train_acc = 97.97% val_acc = 97.06%
Epoch 864, cost = 1.482175, train_acc = 97.90% val_acc = 96.93%
Epoch 865, cost = 1.482912, train_acc = 98.01% val_acc = 97.07%
Epoch 866, cost = 1.482878, train_acc = 98.04% val_acc = 97.06%
Epoch 867, cost = 1.481453, train_acc = 98.02% val_acc = 96.90%
Epoch 868, cost = 1.483823, train_acc = 98.13% val_acc = 96.90%
Epoch 869, cost = 1.481583, train_acc = 97.99% val_acc = 96.74%
Epoch 870, cost = 1.481662, train_acc = 98.28% val_acc = 97.00%
Epoch 871, cost = 1.481092, train_acc = 98.18% val_acc = 97.17%
Epoch 872, cost = 1.482115, train_acc = 98.00% val_acc = 96.90%
Epoch 873, cost = 1.481242, train_acc = 98.21% val_acc = 97.18%
Epoch 874, cost = 1.481442, train_acc = 98.00% val_acc = 97.01%
Epoch 875, cost = 1.482525, train_acc = 97.96% val_acc = 97.06%
Epoch 876, cost = 1.481916, train_acc = 98.04% val_acc = 97.33%
Epoch 877, cost = 1.481757, train_acc = 98.00% val_acc = 97.23%
Epoch 878, cost = 1.482545, train_acc = 98.07% val_acc = 97.10%
Epoch 879, cost = 1.481234, train_acc = 98.05% val_acc = 97.24%
Epoch 880, cost = 1.483068, train_acc = 98.03% val_acc = 96.98%
Epoch 881, cost = 1.481889, train_acc = 97.96% val_acc = 96.97%
Epoch 882, cost = 1.481587, train_acc = 97.80% val_acc = 97.16%
Epoch 883, cost = 1.481581, train_acc = 98.11% val_acc = 97.31%
Epoch 884, cost = 1.481744, train_acc = 98.01% val_acc = 97.24%
Epoch 885, cost = 1.480754, train_acc = 98.09% val_acc = 97.37%
Epoch 886, cost = 1.481557, train_acc = 98.04% val_acc = 97.23%
Epoch 887, cost = 1.481891, train_acc = 98.13% val_acc = 97.37%
Epoch 888, cost = 1.481477, train_acc = 98.10% val_acc = 96.89%
Epoch 889, cost = 1.481261, train_acc = 98.06% val_acc = 96.94%
Epoch 890, cost = 1.482202, train_acc = 97.98% val_acc = 96.95%
Epoch 891, cost = 1.481942, train_acc = 98.08% val_acc = 97.03%
Epoch 892, cost = 1.480535, train_acc = 98.08% val_acc = 97.15%
Epoch 893, cost = 1.481763, train_acc = 98.10% val_acc = 97.09%
Epoch 894, cost = 1.481448, train_acc = 98.16% val_acc = 97.25%
Epoch 895, cost = 1.481218, train_acc = 98.16% val_acc = 97.02%
Epoch 896, cost = 1.482881, train_acc = 98.07% val_acc = 97.24%
Epoch 897, cost = 1.482010, train_acc = 97.91% val_acc = 97.16%
Epoch 898, cost = 1.482825, train_acc = 98.01% val_acc = 97.12%
Epoch 899, cost = 1.483280, train_acc = 98.10% val_acc = 97.12%
Epoch 900, cost = 1.481796, train_acc = 98.14% val_acc = 97.24%
Epoch 901, cost = 1.481917, train_acc = 98.13% val_acc = 97.05%
Epoch 902, cost = 1.480875, train_acc = 98.03% val_acc = 97.14%
Epoch 903, cost = 1.482484, train_acc = 98.11% val_acc = 96.98%
Epoch 904, cost = 1.481710, train_acc = 98.13% val_acc = 96.86%
Epoch 905, cost = 1.481942, train_acc = 98.06% val_acc = 96.70%
Epoch 906, cost = 1.483278, train_acc = 98.00% val_acc = 97.12%
Epoch 907, cost = 1.482768, train_acc = 98.01% val_acc = 97.00%
Epoch 908, cost = 1.482858, train_acc = 98.13% val_acc = 96.90%
Epoch 909, cost = 1.482610, train_acc = 98.10% val_acc = 97.10%
Epoch 910, cost = 1.481376, train_acc = 98.09% val_acc = 97.16%
Epoch 911, cost = 1.481579, train_acc = 98.01% val_acc = 97.22%
Epoch 912, cost = 1.482650, train_acc = 98.00% val_acc = 97.13%
Epoch 913, cost = 1.482241, train_acc = 97.94% val_acc = 97.19%
Epoch 914, cost = 1.482411, train_acc = 98.09% val_acc = 97.26%
Epoch 915, cost = 1.482902, train_acc = 98.06% val_acc = 97.19%
Epoch 916, cost = 1.479850, train_acc = 98.03% val_acc = 97.04%
Epoch 917, cost = 1.481799, train_acc = 98.02% val_acc = 97.19%
Epoch 918, cost = 1.480433, train_acc = 98.06% val_acc = 96.93%
Epoch 919, cost = 1.480793, train_acc = 98.03% val_acc = 97.12%
Epoch 920, cost = 1.481421, train_acc = 97.92% val_acc = 97.08%
Epoch 921, cost = 1.481324, train_acc = 98.10% val_acc = 97.09%
Epoch 922, cost = 1.482487, train_acc = 98.00% val_acc = 96.98%
Epoch 923, cost = 1.481413, train_acc = 98.08% val_acc = 97.15%
Epoch 924, cost = 1.481619, train_acc = 97.84% val_acc = 97.10%
Epoch 925, cost = 1.481383, train_acc = 98.11% val_acc = 97.05%
Epoch 926, cost = 1.482103, train_acc = 98.09% val_acc = 97.10%
Epoch 927, cost = 1.481929, train_acc = 98.07% val_acc = 97.03%
Epoch 928, cost = 1.481716, train_acc = 98.08% val_acc = 97.26%
Epoch 929, cost = 1.480250, train_acc = 98.11% val_acc = 97.13%
Epoch 930, cost = 1.481611, train_acc = 97.91% val_acc = 97.00%
Epoch 931, cost = 1.481562, train_acc = 98.06% val_acc = 97.10%
Epoch 932, cost = 1.480892, train_acc = 98.10% val_acc = 97.20%
Epoch 933, cost = 1.480266, train_acc = 98.21% val_acc = 97.25%
Epoch 934, cost = 1.481503, train_acc = 97.93% val_acc = 97.13%
Epoch 935, cost = 1.481930, train_acc = 98.05% val_acc = 96.67%
Epoch 936, cost = 1.481996, train_acc = 98.17% val_acc = 97.08%
Epoch 937, cost = 1.482837, train_acc = 98.16% val_acc = 97.10%
Epoch 938, cost = 1.480333, train_acc = 98.11% val_acc = 97.08%
Epoch 939, cost = 1.481981, train_acc = 98.02% val_acc = 97.07%
Epoch 940, cost = 1.482027, train_acc = 97.98% val_acc = 97.28%
Epoch 941, cost = 1.482479, train_acc = 98.13% val_acc = 97.06%
Epoch 942, cost = 1.481764, train_acc = 98.07% val_acc = 96.85%
Epoch 943, cost = 1.482182, train_acc = 97.96% val_acc = 97.07%
Epoch 944, cost = 1.481832, train_acc = 98.15% val_acc = 97.05%
Epoch 945, cost = 1.482520, train_acc = 98.07% val_acc = 97.09%
Epoch 946, cost = 1.481557, train_acc = 98.02% val_acc = 97.10%
Epoch 947, cost = 1.480240, train_acc = 98.13% val_acc = 97.05%
Epoch 948, cost = 1.482306, train_acc = 97.87% val_acc = 97.02%
Epoch 949, cost = 1.481249, train_acc = 98.07% val_acc = 96.89%
Epoch 950, cost = 1.482562, train_acc = 98.09% val_acc = 97.06%
Epoch 951, cost = 1.482548, train_acc = 98.11% val_acc = 96.92%
Epoch 952, cost = 1.481374, train_acc = 98.10% val_acc = 96.92%
Epoch 953, cost = 1.482902, train_acc = 98.17% val_acc = 97.23%
Epoch 954, cost = 1.481204, train_acc = 98.03% val_acc = 97.12%
Epoch 955, cost = 1.480902, train_acc = 98.22% val_acc = 97.14%
Epoch 956, cost = 1.481919, train_acc = 98.16% val_acc = 96.92%
Epoch 957, cost = 1.480780, train_acc = 97.92% val_acc = 96.87%
Epoch 958, cost = 1.481715, train_acc = 98.02% val_acc = 97.12%
Epoch 959, cost = 1.481737, train_acc = 98.11% val_acc = 97.21%
Epoch 960, cost = 1.481475, train_acc = 98.17% val_acc = 97.04%
Epoch 961, cost = 1.481920, train_acc = 98.08% val_acc = 97.14%
Epoch 962, cost = 1.481990, train_acc = 98.17% val_acc = 97.09%
Epoch 963, cost = 1.480063, train_acc = 98.12% val_acc = 97.07%
Epoch 964, cost = 1.481686, train_acc = 97.90% val_acc = 96.78%
Epoch 965, cost = 1.480774, train_acc = 98.15% val_acc = 97.14%
Epoch 966, cost = 1.482150, train_acc = 98.07% val_acc = 97.08%
Epoch 967, cost = 1.482173, train_acc = 98.17% val_acc = 97.18%
Epoch 968, cost = 1.480953, train_acc = 98.17% val_acc = 97.20%
Epoch 969, cost = 1.480917, train_acc = 97.84% val_acc = 96.80%
Epoch 970, cost = 1.481297, train_acc = 98.21% val_acc = 97.17%
Epoch 971, cost = 1.482339, train_acc = 98.31% val_acc = 97.14%
Epoch 972, cost = 1.481940, train_acc = 97.97% val_acc = 96.88%
Epoch 973, cost = 1.481836, train_acc = 98.11% val_acc = 97.09%
Epoch 974, cost = 1.481067, train_acc = 98.30% val_acc = 96.97%
Epoch 975, cost = 1.481568, train_acc = 98.09% val_acc = 97.10%
Epoch 976, cost = 1.479508, train_acc = 98.27% val_acc = 97.21%
Epoch 977, cost = 1.480915, train_acc = 98.20% val_acc = 97.20%
Epoch 978, cost = 1.481128, train_acc = 98.06% val_acc = 96.95%
Epoch 979, cost = 1.481303, train_acc = 98.03% val_acc = 97.07%
Epoch 980, cost = 1.480940, train_acc = 98.13% val_acc = 97.28%
Epoch 981, cost = 1.481165, train_acc = 98.08% val_acc = 96.92%
Epoch 982, cost = 1.481540, train_acc = 97.92% val_acc = 96.98%
Epoch 983, cost = 1.481901, train_acc = 98.17% val_acc = 97.15%
Epoch 984, cost = 1.481545, train_acc = 98.26% val_acc = 97.14%
Epoch 985, cost = 1.480044, train_acc = 98.11% val_acc = 97.27%
Epoch 986, cost = 1.480895, train_acc = 98.11% val_acc = 97.24%
Epoch 987, cost = 1.481189, train_acc = 98.06% val_acc = 97.18%
Epoch 988, cost = 1.481448, train_acc = 98.07% val_acc = 96.99%
Epoch 989, cost = 1.480301, train_acc = 98.22% val_acc = 97.22%
Epoch 990, cost = 1.481488, train_acc = 98.02% val_acc = 97.33%
Epoch 991, cost = 1.481679, train_acc = 98.03% val_acc = 97.17%
Epoch 992, cost = 1.481384, train_acc = 98.00% val_acc = 97.31%
Epoch 993, cost = 1.480127, train_acc = 98.21% val_acc = 97.14%
Epoch 994, cost = 1.481822, train_acc = 97.97% val_acc = 96.88%
Epoch 995, cost = 1.480596, train_acc = 98.07% val_acc = 97.39%
Epoch 996, cost = 1.481472, train_acc = 98.20% val_acc = 97.22%
Epoch 997, cost = 1.480477, train_acc = 98.14% val_acc = 97.00%
Epoch 998, cost = 1.480029, train_acc = 98.25% val_acc = 96.98%
Epoch 999, cost = 1.481273, train_acc = 98.08% val_acc = 96.96%
Epoch 1000, cost = 1.481346, train_acc = 98.02% val_acc = 97.04%
