Loading Training Data
Loading Validation Data
Creating Data Loaders
Training Fun Time!!!
Epoch 1, cost = 2.303086, train_acc = 10.14% val_acc = 10.11%
Epoch 2, cost = 2.303070, train_acc = 10.26% val_acc = 10.32%
Epoch 3, cost = 2.303055, train_acc = 10.23% val_acc = 10.31%
Epoch 4, cost = 2.303023, train_acc = 10.21% val_acc = 10.21%
Epoch 5, cost = 2.303008, train_acc = 10.32% val_acc = 11.12%
Epoch 6, cost = 2.302959, train_acc = 10.69% val_acc = 11.15%
Epoch 7, cost = 2.302886, train_acc = 11.62% val_acc = 11.95%
Epoch 8, cost = 2.302709, train_acc = 13.89% val_acc = 14.49%
Epoch 9, cost = 2.302124, train_acc = 15.24% val_acc = 14.98%
Epoch 10, cost = 2.249933, train_acc = 42.21% val_acc = 45.86%
Epoch 11, cost = 1.847728, train_acc = 73.03% val_acc = 74.70%
Epoch 12, cost = 1.703834, train_acc = 78.41% val_acc = 78.83%
Epoch 13, cost = 1.661955, train_acc = 81.41% val_acc = 81.91%
Epoch 14, cost = 1.641578, train_acc = 82.75% val_acc = 82.26%
Epoch 15, cost = 1.627907, train_acc = 83.54% val_acc = 82.14%
Epoch 16, cost = 1.618521, train_acc = 83.87% val_acc = 82.95%
Epoch 17, cost = 1.610710, train_acc = 85.77% val_acc = 84.29%
Epoch 18, cost = 1.577867, train_acc = 93.02% val_acc = 92.40%
Epoch 19, cost = 1.523416, train_acc = 95.45% val_acc = 93.36%
Epoch 20, cost = 1.512098, train_acc = 95.51% val_acc = 93.83%
Epoch 21, cost = 1.506438, train_acc = 95.40% val_acc = 93.95%
Epoch 22, cost = 1.503606, train_acc = 96.45% val_acc = 94.69%
Epoch 23, cost = 1.498814, train_acc = 96.71% val_acc = 94.47%
Epoch 24, cost = 1.496110, train_acc = 96.97% val_acc = 94.88%
Epoch 25, cost = 1.493901, train_acc = 96.66% val_acc = 94.14%
Epoch 26, cost = 1.490342, train_acc = 97.56% val_acc = 95.10%
Epoch 27, cost = 1.490067, train_acc = 97.43% val_acc = 95.03%
Epoch 28, cost = 1.487970, train_acc = 97.53% val_acc = 95.07%
Epoch 29, cost = 1.487035, train_acc = 97.42% val_acc = 95.00%
Epoch 30, cost = 1.485953, train_acc = 97.89% val_acc = 95.42%
Epoch 31, cost = 1.484744, train_acc = 97.94% val_acc = 95.36%
Epoch 32, cost = 1.483542, train_acc = 97.68% val_acc = 95.91%
Epoch 33, cost = 1.483718, train_acc = 97.98% val_acc = 95.77%
Epoch 34, cost = 1.482294, train_acc = 98.07% val_acc = 95.27%
Epoch 35, cost = 1.482253, train_acc = 98.18% val_acc = 95.73%
Epoch 36, cost = 1.480371, train_acc = 97.78% val_acc = 95.36%
Epoch 37, cost = 1.480350, train_acc = 98.36% val_acc = 96.05%
Epoch 38, cost = 1.479200, train_acc = 98.16% val_acc = 95.39%
Epoch 39, cost = 1.478729, train_acc = 98.02% val_acc = 95.44%
Epoch 40, cost = 1.478112, train_acc = 98.07% val_acc = 95.35%
Epoch 41, cost = 1.477292, train_acc = 97.96% val_acc = 95.83%
Epoch 42, cost = 1.478337, train_acc = 98.42% val_acc = 95.49%
Epoch 43, cost = 1.476848, train_acc = 98.54% val_acc = 95.95%
Epoch 44, cost = 1.477261, train_acc = 98.51% val_acc = 95.63%
Epoch 45, cost = 1.477380, train_acc = 98.15% val_acc = 95.21%
Epoch 46, cost = 1.477110, train_acc = 98.46% val_acc = 96.01%
Epoch 47, cost = 1.476318, train_acc = 98.72% val_acc = 95.78%
Epoch 48, cost = 1.474744, train_acc = 98.42% val_acc = 95.97%
Epoch 49, cost = 1.475417, train_acc = 98.70% val_acc = 95.98%
Epoch 50, cost = 1.475667, train_acc = 98.66% val_acc = 95.72%
Epoch 51, cost = 1.474685, train_acc = 98.65% val_acc = 95.93%
Epoch 52, cost = 1.474715, train_acc = 98.59% val_acc = 95.80%
Epoch 53, cost = 1.475127, train_acc = 98.71% val_acc = 96.22%
Epoch 54, cost = 1.473184, train_acc = 98.92% val_acc = 96.11%
Epoch 55, cost = 1.473233, train_acc = 98.77% val_acc = 96.32%
Epoch 56, cost = 1.474045, train_acc = 98.90% val_acc = 96.08%
Epoch 57, cost = 1.473492, train_acc = 98.40% val_acc = 95.85%
Epoch 58, cost = 1.474399, train_acc = 98.79% val_acc = 96.21%
Epoch 59, cost = 1.472632, train_acc = 98.90% val_acc = 96.22%
Epoch 60, cost = 1.472319, train_acc = 98.92% val_acc = 96.37%
Epoch 61, cost = 1.472987, train_acc = 99.04% val_acc = 96.27%
Epoch 62, cost = 1.473195, train_acc = 98.91% val_acc = 96.39%
Epoch 63, cost = 1.472354, train_acc = 99.00% val_acc = 96.53%
Epoch 64, cost = 1.472045, train_acc = 98.97% val_acc = 96.17%
Epoch 65, cost = 1.472424, train_acc = 98.87% val_acc = 96.30%
Epoch 66, cost = 1.472259, train_acc = 99.12% val_acc = 96.47%
Epoch 67, cost = 1.470942, train_acc = 99.05% val_acc = 96.14%
Epoch 68, cost = 1.472369, train_acc = 98.94% val_acc = 96.06%
Epoch 69, cost = 1.471590, train_acc = 99.04% val_acc = 96.13%
Epoch 70, cost = 1.470799, train_acc = 99.11% val_acc = 96.37%
Epoch 71, cost = 1.471487, train_acc = 98.98% val_acc = 96.19%
Epoch 72, cost = 1.472518, train_acc = 98.78% val_acc = 95.78%
Epoch 73, cost = 1.471567, train_acc = 98.90% val_acc = 95.91%
Epoch 74, cost = 1.470557, train_acc = 99.12% val_acc = 96.33%
Epoch 75, cost = 1.470788, train_acc = 99.06% val_acc = 95.99%
Epoch 76, cost = 1.470606, train_acc = 99.13% val_acc = 96.46%
Epoch 77, cost = 1.471026, train_acc = 99.23% val_acc = 96.31%
Epoch 78, cost = 1.470451, train_acc = 98.96% val_acc = 95.94%
Epoch 79, cost = 1.469926, train_acc = 99.31% val_acc = 96.31%
Epoch 80, cost = 1.470084, train_acc = 99.13% val_acc = 96.06%
Epoch 81, cost = 1.469723, train_acc = 99.32% val_acc = 96.40%
Epoch 82, cost = 1.470198, train_acc = 99.01% val_acc = 96.26%
Epoch 83, cost = 1.470084, train_acc = 99.29% val_acc = 96.31%
Epoch 84, cost = 1.470206, train_acc = 99.23% val_acc = 96.45%
Epoch 85, cost = 1.469690, train_acc = 99.26% val_acc = 96.35%
Epoch 86, cost = 1.469399, train_acc = 99.14% val_acc = 96.16%
Epoch 87, cost = 1.470321, train_acc = 99.14% val_acc = 96.39%
Epoch 88, cost = 1.469411, train_acc = 98.98% val_acc = 96.06%
Epoch 89, cost = 1.469574, train_acc = 99.33% val_acc = 96.33%
Epoch 90, cost = 1.469014, train_acc = 99.27% val_acc = 96.05%
Epoch 91, cost = 1.469415, train_acc = 99.18% val_acc = 96.30%
Epoch 92, cost = 1.469058, train_acc = 99.26% val_acc = 96.19%
Epoch 93, cost = 1.468797, train_acc = 99.13% val_acc = 96.26%
Epoch 94, cost = 1.468991, train_acc = 99.27% val_acc = 96.59%
Epoch 95, cost = 1.468075, train_acc = 99.30% val_acc = 96.16%
Epoch 96, cost = 1.467381, train_acc = 99.46% val_acc = 96.70%
Epoch 97, cost = 1.468391, train_acc = 99.39% val_acc = 96.30%
Epoch 98, cost = 1.468175, train_acc = 99.39% val_acc = 96.77%
Epoch 99, cost = 1.468023, train_acc = 99.42% val_acc = 96.18%
Epoch 100, cost = 1.468211, train_acc = 99.37% val_acc = 96.57%
Epoch 101, cost = 1.467906, train_acc = 99.46% val_acc = 96.65%
Epoch 102, cost = 1.467815, train_acc = 99.31% val_acc = 96.73%
Epoch 103, cost = 1.467647, train_acc = 99.41% val_acc = 96.32%
Epoch 104, cost = 1.467555, train_acc = 99.44% val_acc = 96.42%
Epoch 105, cost = 1.468468, train_acc = 99.40% val_acc = 96.36%
Epoch 106, cost = 1.468189, train_acc = 99.43% val_acc = 96.56%
Epoch 107, cost = 1.467640, train_acc = 99.44% val_acc = 96.59%
Epoch 108, cost = 1.467782, train_acc = 99.32% val_acc = 96.46%
Epoch 109, cost = 1.467329, train_acc = 99.47% val_acc = 96.63%
Epoch 110, cost = 1.467547, train_acc = 99.23% val_acc = 96.17%
Epoch 111, cost = 1.467453, train_acc = 99.48% val_acc = 96.65%
Epoch 112, cost = 1.467095, train_acc = 99.52% val_acc = 96.70%
Epoch 113, cost = 1.467193, train_acc = 99.25% val_acc = 96.30%
Epoch 114, cost = 1.467574, train_acc = 99.44% val_acc = 96.42%
Epoch 115, cost = 1.467255, train_acc = 99.48% val_acc = 96.80%
Epoch 116, cost = 1.467069, train_acc = 99.47% val_acc = 96.63%
Epoch 117, cost = 1.466993, train_acc = 99.37% val_acc = 96.09%
Epoch 118, cost = 1.467429, train_acc = 99.46% val_acc = 96.58%
Epoch 119, cost = 1.467318, train_acc = 99.42% val_acc = 96.21%
Epoch 120, cost = 1.467071, train_acc = 99.55% val_acc = 96.58%
Epoch 121, cost = 1.467268, train_acc = 99.40% val_acc = 96.36%
Epoch 122, cost = 1.466277, train_acc = 99.49% val_acc = 96.53%
Epoch 123, cost = 1.466476, train_acc = 99.51% val_acc = 96.82%
Epoch 124, cost = 1.467313, train_acc = 99.43% val_acc = 96.63%
Epoch 125, cost = 1.467507, train_acc = 99.47% val_acc = 96.68%
Epoch 126, cost = 1.467289, train_acc = 99.40% val_acc = 96.38%
Epoch 127, cost = 1.466850, train_acc = 99.39% val_acc = 96.63%
Epoch 128, cost = 1.466166, train_acc = 99.55% val_acc = 96.75%
Epoch 129, cost = 1.466298, train_acc = 99.53% val_acc = 96.73%
Epoch 130, cost = 1.466297, train_acc = 99.59% val_acc = 96.81%
Epoch 131, cost = 1.466021, train_acc = 99.58% val_acc = 96.51%
Epoch 132, cost = 1.467154, train_acc = 99.40% val_acc = 96.71%
Epoch 133, cost = 1.466255, train_acc = 99.51% val_acc = 96.46%
Epoch 134, cost = 1.466256, train_acc = 99.55% val_acc = 96.53%
Epoch 135, cost = 1.467006, train_acc = 99.55% val_acc = 96.62%
Epoch 136, cost = 1.466410, train_acc = 99.56% val_acc = 96.79%
Epoch 137, cost = 1.467070, train_acc = 99.52% val_acc = 96.49%
Epoch 138, cost = 1.466477, train_acc = 99.54% val_acc = 96.72%
Epoch 139, cost = 1.466124, train_acc = 99.61% val_acc = 96.62%
Epoch 140, cost = 1.465661, train_acc = 99.62% val_acc = 96.55%
Epoch 141, cost = 1.465748, train_acc = 99.59% val_acc = 96.94%
Epoch 142, cost = 1.465865, train_acc = 99.56% val_acc = 97.01%
Epoch 143, cost = 1.466112, train_acc = 99.62% val_acc = 96.95%
Epoch 144, cost = 1.465328, train_acc = 99.61% val_acc = 96.57%
Epoch 145, cost = 1.465840, train_acc = 99.62% val_acc = 96.84%
Epoch 146, cost = 1.466340, train_acc = 99.57% val_acc = 96.77%
Epoch 147, cost = 1.465668, train_acc = 99.61% val_acc = 96.70%
Epoch 148, cost = 1.466107, train_acc = 99.53% val_acc = 96.66%
Epoch 149, cost = 1.465366, train_acc = 99.67% val_acc = 96.90%
Epoch 150, cost = 1.465437, train_acc = 99.63% val_acc = 96.74%
Epoch 151, cost = 1.465357, train_acc = 99.64% val_acc = 96.65%
Epoch 152, cost = 1.465837, train_acc = 99.52% val_acc = 96.78%
Epoch 153, cost = 1.465738, train_acc = 99.61% val_acc = 96.98%
Epoch 154, cost = 1.465530, train_acc = 99.63% val_acc = 97.02%
Epoch 155, cost = 1.465940, train_acc = 99.56% val_acc = 96.71%
Epoch 156, cost = 1.465459, train_acc = 99.62% val_acc = 96.90%
Epoch 157, cost = 1.465768, train_acc = 99.64% val_acc = 96.64%
Epoch 158, cost = 1.466407, train_acc = 99.54% val_acc = 96.48%
Epoch 159, cost = 1.465313, train_acc = 99.57% val_acc = 96.81%
Epoch 160, cost = 1.465730, train_acc = 99.60% val_acc = 97.00%
Epoch 161, cost = 1.465937, train_acc = 99.57% val_acc = 97.20%
Epoch 162, cost = 1.465739, train_acc = 99.61% val_acc = 96.96%
Epoch 163, cost = 1.465769, train_acc = 99.57% val_acc = 96.79%
Epoch 164, cost = 1.465138, train_acc = 99.63% val_acc = 96.83%
Epoch 165, cost = 1.465022, train_acc = 99.65% val_acc = 96.86%
Epoch 166, cost = 1.465340, train_acc = 99.67% val_acc = 96.79%
Epoch 167, cost = 1.465178, train_acc = 99.66% val_acc = 96.67%
Epoch 168, cost = 1.464977, train_acc = 99.66% val_acc = 97.09%
Epoch 169, cost = 1.464943, train_acc = 99.63% val_acc = 96.73%
Epoch 170, cost = 1.465580, train_acc = 99.53% val_acc = 96.67%
Epoch 171, cost = 1.465284, train_acc = 99.62% val_acc = 96.88%
Epoch 172, cost = 1.465285, train_acc = 99.65% val_acc = 96.99%
Epoch 173, cost = 1.465301, train_acc = 99.66% val_acc = 96.79%
Epoch 174, cost = 1.464986, train_acc = 99.67% val_acc = 96.68%
Epoch 175, cost = 1.465044, train_acc = 99.68% val_acc = 97.01%
Epoch 176, cost = 1.464970, train_acc = 99.68% val_acc = 96.85%
Epoch 177, cost = 1.465033, train_acc = 99.69% val_acc = 96.90%
Epoch 178, cost = 1.465060, train_acc = 99.62% val_acc = 96.60%
Epoch 179, cost = 1.465596, train_acc = 99.69% val_acc = 96.71%
Epoch 180, cost = 1.465066, train_acc = 99.62% val_acc = 96.68%
Epoch 181, cost = 1.465074, train_acc = 99.69% val_acc = 96.87%
Epoch 182, cost = 1.465096, train_acc = 99.66% val_acc = 96.73%
Epoch 183, cost = 1.464976, train_acc = 99.69% val_acc = 96.82%
Epoch 184, cost = 1.465040, train_acc = 99.65% val_acc = 97.14%
Epoch 185, cost = 1.465305, train_acc = 99.69% val_acc = 96.94%
Epoch 186, cost = 1.465529, train_acc = 99.62% val_acc = 96.85%
Epoch 187, cost = 1.465137, train_acc = 99.66% val_acc = 97.01%
Epoch 188, cost = 1.465028, train_acc = 99.55% val_acc = 96.58%
Epoch 189, cost = 1.465677, train_acc = 99.63% val_acc = 96.80%
Epoch 190, cost = 1.464983, train_acc = 99.68% val_acc = 96.75%
Epoch 191, cost = 1.464962, train_acc = 99.56% val_acc = 96.71%
Epoch 192, cost = 1.465834, train_acc = 99.60% val_acc = 96.95%
Epoch 193, cost = 1.465439, train_acc = 99.64% val_acc = 96.74%
Epoch 194, cost = 1.464803, train_acc = 99.67% val_acc = 96.80%
Epoch 195, cost = 1.465154, train_acc = 99.64% val_acc = 96.70%
Epoch 196, cost = 1.465039, train_acc = 99.64% val_acc = 96.79%
Epoch 197, cost = 1.465396, train_acc = 99.69% val_acc = 96.88%
Epoch 198, cost = 1.465296, train_acc = 99.66% val_acc = 96.83%
Epoch 199, cost = 1.465810, train_acc = 99.64% val_acc = 97.13%
Epoch 200, cost = 1.465263, train_acc = 99.63% val_acc = 96.95%
Epoch 201, cost = 1.465662, train_acc = 99.68% val_acc = 97.08%
Epoch 202, cost = 1.465170, train_acc = 99.58% val_acc = 96.74%
Epoch 203, cost = 1.465208, train_acc = 99.66% val_acc = 97.28%
Epoch 204, cost = 1.465412, train_acc = 99.68% val_acc = 96.98%
Epoch 205, cost = 1.464693, train_acc = 99.70% val_acc = 96.90%
Epoch 206, cost = 1.464738, train_acc = 99.71% val_acc = 96.92%
Epoch 207, cost = 1.465018, train_acc = 99.70% val_acc = 96.94%
Epoch 208, cost = 1.464742, train_acc = 99.59% val_acc = 96.68%
Epoch 209, cost = 1.465158, train_acc = 99.69% val_acc = 97.14%
Epoch 210, cost = 1.464539, train_acc = 99.69% val_acc = 97.00%
Epoch 211, cost = 1.465121, train_acc = 99.67% val_acc = 96.94%
Epoch 212, cost = 1.464753, train_acc = 99.72% val_acc = 96.96%
Epoch 213, cost = 1.465486, train_acc = 99.61% val_acc = 96.77%
Epoch 214, cost = 1.465786, train_acc = 99.64% val_acc = 96.87%
Epoch 215, cost = 1.465158, train_acc = 99.68% val_acc = 96.79%
Epoch 216, cost = 1.464791, train_acc = 99.70% val_acc = 96.90%
Epoch 217, cost = 1.466179, train_acc = 99.52% val_acc = 96.57%
Epoch 218, cost = 1.465200, train_acc = 99.65% val_acc = 96.76%
Epoch 219, cost = 1.465197, train_acc = 99.63% val_acc = 96.65%
Epoch 220, cost = 1.465561, train_acc = 99.33% val_acc = 96.60%
Epoch 221, cost = 1.465426, train_acc = 99.69% val_acc = 96.97%
Epoch 222, cost = 1.464444, train_acc = 99.64% val_acc = 96.74%
Epoch 223, cost = 1.464753, train_acc = 99.70% val_acc = 96.90%
Epoch 224, cost = 1.465455, train_acc = 99.56% val_acc = 96.86%
Epoch 225, cost = 1.465103, train_acc = 99.68% val_acc = 96.80%
Epoch 226, cost = 1.464423, train_acc = 99.70% val_acc = 97.05%
Epoch 227, cost = 1.464663, train_acc = 99.70% val_acc = 96.77%
Epoch 228, cost = 1.464511, train_acc = 99.69% val_acc = 96.90%
Epoch 229, cost = 1.464943, train_acc = 99.56% val_acc = 96.59%
Epoch 230, cost = 1.465503, train_acc = 99.66% val_acc = 97.00%
Epoch 231, cost = 1.464481, train_acc = 99.72% val_acc = 97.03%
Epoch 232, cost = 1.464489, train_acc = 99.73% val_acc = 97.05%
Epoch 233, cost = 1.464389, train_acc = 99.73% val_acc = 97.12%
Epoch 234, cost = 1.464655, train_acc = 99.58% val_acc = 97.02%
Epoch 235, cost = 1.465091, train_acc = 99.65% val_acc = 96.86%
Epoch 236, cost = 1.465121, train_acc = 99.66% val_acc = 97.27%
Epoch 237, cost = 1.464742, train_acc = 99.71% val_acc = 96.69%
Epoch 238, cost = 1.464711, train_acc = 99.71% val_acc = 96.86%
Epoch 239, cost = 1.464577, train_acc = 99.68% val_acc = 96.95%
Epoch 240, cost = 1.464518, train_acc = 99.69% val_acc = 96.76%
Epoch 241, cost = 1.464756, train_acc = 99.73% val_acc = 96.92%
Epoch 242, cost = 1.464572, train_acc = 99.68% val_acc = 96.71%
Epoch 243, cost = 1.464514, train_acc = 99.65% val_acc = 96.76%
Epoch 244, cost = 1.464790, train_acc = 99.59% val_acc = 96.51%
Epoch 245, cost = 1.464821, train_acc = 99.66% val_acc = 96.85%
Epoch 246, cost = 1.464804, train_acc = 99.71% val_acc = 96.91%
Epoch 247, cost = 1.465171, train_acc = 99.56% val_acc = 96.56%
Epoch 248, cost = 1.465145, train_acc = 99.70% val_acc = 96.63%
Epoch 249, cost = 1.464809, train_acc = 99.70% val_acc = 96.98%
Epoch 250, cost = 1.464733, train_acc = 99.69% val_acc = 96.76%
Epoch 251, cost = 1.464930, train_acc = 99.70% val_acc = 97.14%
Epoch 252, cost = 1.464442, train_acc = 99.68% val_acc = 97.05%
Epoch 253, cost = 1.464754, train_acc = 99.55% val_acc = 96.61%
Epoch 254, cost = 1.464941, train_acc = 99.71% val_acc = 96.92%
Epoch 255, cost = 1.464991, train_acc = 99.58% val_acc = 96.62%
Epoch 256, cost = 1.464656, train_acc = 99.74% val_acc = 97.10%
Epoch 257, cost = 1.464666, train_acc = 99.69% val_acc = 97.06%
Epoch 258, cost = 1.464900, train_acc = 99.66% val_acc = 96.84%
Epoch 259, cost = 1.464720, train_acc = 99.69% val_acc = 97.07%
Epoch 260, cost = 1.464542, train_acc = 99.74% val_acc = 97.02%
Epoch 261, cost = 1.464187, train_acc = 99.73% val_acc = 96.98%
Epoch 262, cost = 1.464475, train_acc = 99.71% val_acc = 96.95%
Epoch 263, cost = 1.464299, train_acc = 99.72% val_acc = 97.19%
Epoch 264, cost = 1.464572, train_acc = 99.72% val_acc = 97.03%
Epoch 265, cost = 1.465087, train_acc = 99.72% val_acc = 97.05%
Epoch 266, cost = 1.464462, train_acc = 99.69% val_acc = 97.07%
Epoch 267, cost = 1.464661, train_acc = 99.30% val_acc = 96.31%
Epoch 268, cost = 1.464882, train_acc = 99.73% val_acc = 97.02%
Epoch 269, cost = 1.464578, train_acc = 99.70% val_acc = 96.88%
Epoch 270, cost = 1.464609, train_acc = 99.71% val_acc = 96.82%
Epoch 271, cost = 1.464879, train_acc = 99.72% val_acc = 96.89%
Epoch 272, cost = 1.464461, train_acc = 99.69% val_acc = 96.83%
Epoch 273, cost = 1.464643, train_acc = 99.65% val_acc = 97.15%
Epoch 274, cost = 1.464876, train_acc = 99.70% val_acc = 97.05%
Epoch 275, cost = 1.464758, train_acc = 99.42% val_acc = 96.61%
Epoch 276, cost = 1.465339, train_acc = 99.48% val_acc = 96.42%
Epoch 277, cost = 1.465194, train_acc = 99.65% val_acc = 96.80%
Epoch 278, cost = 1.465072, train_acc = 99.72% val_acc = 96.90%
Epoch 279, cost = 1.464695, train_acc = 99.70% val_acc = 96.82%
Epoch 280, cost = 1.464853, train_acc = 99.74% val_acc = 96.97%
Epoch 281, cost = 1.464563, train_acc = 99.71% val_acc = 97.02%
Epoch 282, cost = 1.464357, train_acc = 99.73% val_acc = 97.09%
Epoch 283, cost = 1.464618, train_acc = 99.74% val_acc = 97.02%
Epoch 284, cost = 1.464439, train_acc = 99.72% val_acc = 96.97%
Epoch 285, cost = 1.464808, train_acc = 99.67% val_acc = 97.08%
Epoch 286, cost = 1.464682, train_acc = 99.69% val_acc = 97.06%
Epoch 287, cost = 1.464470, train_acc = 99.58% val_acc = 96.69%
Epoch 288, cost = 1.464514, train_acc = 99.78% val_acc = 97.04%
Epoch 289, cost = 1.464045, train_acc = 99.75% val_acc = 97.14%
Epoch 290, cost = 1.463980, train_acc = 99.74% val_acc = 96.98%
Epoch 291, cost = 1.463802, train_acc = 99.77% val_acc = 97.33%
Epoch 292, cost = 1.464281, train_acc = 99.71% val_acc = 97.17%
Epoch 293, cost = 1.464558, train_acc = 99.75% val_acc = 97.16%
Epoch 294, cost = 1.464247, train_acc = 99.67% val_acc = 97.01%
Epoch 295, cost = 1.464044, train_acc = 99.70% val_acc = 96.94%
Epoch 296, cost = 1.464767, train_acc = 99.59% val_acc = 97.02%
Epoch 297, cost = 1.464767, train_acc = 99.75% val_acc = 97.16%
Epoch 298, cost = 1.464355, train_acc = 99.68% val_acc = 97.15%
Epoch 299, cost = 1.464288, train_acc = 99.74% val_acc = 96.98%
Epoch 300, cost = 1.464319, train_acc = 99.64% val_acc = 96.95%
Epoch 301, cost = 1.464647, train_acc = 99.69% val_acc = 96.84%
Epoch 302, cost = 1.464547, train_acc = 99.69% val_acc = 97.20%
Epoch 303, cost = 1.464723, train_acc = 99.69% val_acc = 97.20%
Epoch 304, cost = 1.465137, train_acc = 99.70% val_acc = 96.96%
Epoch 305, cost = 1.464707, train_acc = 99.71% val_acc = 96.74%
Epoch 306, cost = 1.464483, train_acc = 99.68% val_acc = 97.08%
Epoch 307, cost = 1.464448, train_acc = 99.75% val_acc = 97.17%
Epoch 308, cost = 1.464319, train_acc = 99.72% val_acc = 97.08%
Epoch 309, cost = 1.464229, train_acc = 99.70% val_acc = 97.13%
Epoch 310, cost = 1.464572, train_acc = 99.72% val_acc = 97.05%
Epoch 311, cost = 1.464781, train_acc = 99.72% val_acc = 96.83%
Epoch 312, cost = 1.464724, train_acc = 99.69% val_acc = 97.25%
Epoch 313, cost = 1.465132, train_acc = 99.69% val_acc = 97.21%
Epoch 314, cost = 1.464702, train_acc = 99.68% val_acc = 96.98%
Epoch 315, cost = 1.464486, train_acc = 99.63% val_acc = 96.60%
Epoch 316, cost = 1.464683, train_acc = 99.66% val_acc = 97.07%
Epoch 317, cost = 1.464398, train_acc = 99.75% val_acc = 97.17%
Epoch 318, cost = 1.464360, train_acc = 99.62% val_acc = 96.92%
Epoch 319, cost = 1.464328, train_acc = 99.76% val_acc = 96.89%
Epoch 320, cost = 1.464460, train_acc = 99.64% val_acc = 97.05%
Epoch 321, cost = 1.464375, train_acc = 99.74% val_acc = 97.11%
Epoch 322, cost = 1.464809, train_acc = 99.70% val_acc = 97.13%
Epoch 323, cost = 1.464742, train_acc = 99.52% val_acc = 96.74%
Epoch 324, cost = 1.464967, train_acc = 99.74% val_acc = 97.02%
Epoch 325, cost = 1.464282, train_acc = 99.75% val_acc = 97.24%
Epoch 326, cost = 1.464224, train_acc = 99.45% val_acc = 96.03%
Epoch 327, cost = 1.464761, train_acc = 99.40% val_acc = 96.51%
Epoch 328, cost = 1.465878, train_acc = 99.62% val_acc = 97.18%
Epoch 329, cost = 1.464611, train_acc = 99.71% val_acc = 97.11%
Epoch 330, cost = 1.464565, train_acc = 99.70% val_acc = 96.96%
Epoch 331, cost = 1.464760, train_acc = 99.68% val_acc = 96.98%
Epoch 332, cost = 1.464206, train_acc = 99.69% val_acc = 96.74%
Epoch 333, cost = 1.464901, train_acc = 99.74% val_acc = 97.11%
Epoch 334, cost = 1.464979, train_acc = 99.73% val_acc = 97.14%
Epoch 335, cost = 1.464773, train_acc = 99.73% val_acc = 96.85%
Epoch 336, cost = 1.464643, train_acc = 99.72% val_acc = 97.17%
Epoch 337, cost = 1.464347, train_acc = 99.66% val_acc = 96.95%
Epoch 338, cost = 1.464259, train_acc = 99.73% val_acc = 97.27%
Epoch 339, cost = 1.464284, train_acc = 99.74% val_acc = 97.05%
Epoch 340, cost = 1.464037, train_acc = 99.68% val_acc = 96.89%
Epoch 341, cost = 1.464120, train_acc = 99.76% val_acc = 96.97%
Epoch 342, cost = 1.464598, train_acc = 99.75% val_acc = 97.03%
Epoch 343, cost = 1.464137, train_acc = 99.69% val_acc = 96.88%
Epoch 344, cost = 1.464190, train_acc = 99.71% val_acc = 97.09%
Epoch 345, cost = 1.464129, train_acc = 99.70% val_acc = 97.20%
Epoch 346, cost = 1.464575, train_acc = 99.72% val_acc = 96.91%
Epoch 347, cost = 1.464175, train_acc = 99.67% val_acc = 97.13%
Epoch 348, cost = 1.465300, train_acc = 99.66% val_acc = 96.99%
Epoch 349, cost = 1.464803, train_acc = 99.73% val_acc = 97.24%
Epoch 350, cost = 1.464043, train_acc = 99.75% val_acc = 97.12%
Epoch 351, cost = 1.464292, train_acc = 99.73% val_acc = 96.74%
Epoch 352, cost = 1.464445, train_acc = 99.71% val_acc = 97.17%
Epoch 353, cost = 1.464322, train_acc = 99.74% val_acc = 97.11%
Epoch 354, cost = 1.464422, train_acc = 99.61% val_acc = 96.99%
Epoch 355, cost = 1.464722, train_acc = 99.68% val_acc = 96.97%
Epoch 356, cost = 1.464309, train_acc = 99.73% val_acc = 97.36%
Epoch 357, cost = 1.464574, train_acc = 99.71% val_acc = 97.00%
Epoch 358, cost = 1.464189, train_acc = 99.74% val_acc = 96.93%
Epoch 359, cost = 1.464004, train_acc = 99.64% val_acc = 96.93%
Epoch 360, cost = 1.464649, train_acc = 99.76% val_acc = 96.98%
Epoch 361, cost = 1.463939, train_acc = 99.74% val_acc = 96.97%
Epoch 362, cost = 1.464225, train_acc = 99.73% val_acc = 96.95%
Epoch 363, cost = 1.464120, train_acc = 99.73% val_acc = 96.75%
Epoch 364, cost = 1.463943, train_acc = 99.75% val_acc = 97.14%
Epoch 365, cost = 1.464093, train_acc = 99.79% val_acc = 97.02%
Epoch 366, cost = 1.463888, train_acc = 99.69% val_acc = 96.91%
Epoch 367, cost = 1.464148, train_acc = 99.76% val_acc = 97.06%
Epoch 368, cost = 1.463748, train_acc = 99.76% val_acc = 97.16%
Epoch 369, cost = 1.463919, train_acc = 99.74% val_acc = 96.83%
Epoch 370, cost = 1.464040, train_acc = 99.72% val_acc = 96.77%
Epoch 371, cost = 1.464469, train_acc = 99.75% val_acc = 97.07%
Epoch 372, cost = 1.464005, train_acc = 99.76% val_acc = 97.04%
Epoch 373, cost = 1.464231, train_acc = 99.73% val_acc = 97.09%
Epoch 374, cost = 1.464264, train_acc = 99.65% val_acc = 96.82%
Epoch 375, cost = 1.464134, train_acc = 99.78% val_acc = 97.12%
Epoch 376, cost = 1.463950, train_acc = 99.77% val_acc = 97.00%
Epoch 377, cost = 1.464210, train_acc = 99.77% val_acc = 97.29%
Epoch 378, cost = 1.464210, train_acc = 99.74% val_acc = 97.11%
Epoch 379, cost = 1.464268, train_acc = 99.65% val_acc = 96.75%
Epoch 380, cost = 1.464004, train_acc = 99.77% val_acc = 96.96%
Epoch 381, cost = 1.464357, train_acc = 99.75% val_acc = 96.99%
Epoch 382, cost = 1.464144, train_acc = 99.74% val_acc = 97.04%
Epoch 383, cost = 1.464017, train_acc = 99.75% val_acc = 96.81%
Epoch 384, cost = 1.464049, train_acc = 99.74% val_acc = 97.05%
Epoch 385, cost = 1.463945, train_acc = 99.68% val_acc = 97.19%
Epoch 386, cost = 1.464089, train_acc = 99.76% val_acc = 97.03%
Epoch 387, cost = 1.463920, train_acc = 99.76% val_acc = 96.98%
Epoch 388, cost = 1.463705, train_acc = 99.78% val_acc = 97.11%
Epoch 389, cost = 1.463578, train_acc = 99.79% val_acc = 97.26%
Epoch 390, cost = 1.463515, train_acc = 99.80% val_acc = 97.08%
Epoch 391, cost = 1.463806, train_acc = 99.78% val_acc = 97.10%
Epoch 392, cost = 1.463725, train_acc = 99.80% val_acc = 97.12%
Epoch 393, cost = 1.463344, train_acc = 99.77% val_acc = 97.00%
Epoch 394, cost = 1.463745, train_acc = 99.74% val_acc = 97.04%
Epoch 395, cost = 1.464274, train_acc = 99.21% val_acc = 96.01%
Epoch 396, cost = 1.464926, train_acc = 99.74% val_acc = 96.92%
Epoch 397, cost = 1.464212, train_acc = 99.69% val_acc = 96.91%
Epoch 398, cost = 1.464764, train_acc = 99.68% val_acc = 97.07%
Epoch 399, cost = 1.464289, train_acc = 99.75% val_acc = 97.04%
Epoch 400, cost = 1.464458, train_acc = 99.72% val_acc = 97.21%
Epoch 401, cost = 1.464326, train_acc = 99.72% val_acc = 97.03%
Epoch 402, cost = 1.464426, train_acc = 99.73% val_acc = 96.81%
Epoch 403, cost = 1.463895, train_acc = 99.76% val_acc = 97.08%
Epoch 404, cost = 1.464452, train_acc = 99.77% val_acc = 97.08%
Epoch 405, cost = 1.464023, train_acc = 99.74% val_acc = 96.90%
Epoch 406, cost = 1.463638, train_acc = 99.73% val_acc = 97.17%
Epoch 407, cost = 1.463813, train_acc = 99.77% val_acc = 97.29%
Epoch 408, cost = 1.463592, train_acc = 99.78% val_acc = 97.30%
Epoch 409, cost = 1.463994, train_acc = 99.76% val_acc = 96.94%
Epoch 410, cost = 1.463902, train_acc = 99.71% val_acc = 96.93%
Epoch 411, cost = 1.463787, train_acc = 99.79% val_acc = 97.01%
Epoch 412, cost = 1.464039, train_acc = 99.76% val_acc = 96.86%
Epoch 413, cost = 1.464234, train_acc = 99.67% val_acc = 97.01%
Epoch 414, cost = 1.464055, train_acc = 99.64% val_acc = 97.01%
Epoch 415, cost = 1.464283, train_acc = 99.72% val_acc = 96.65%
Epoch 416, cost = 1.464046, train_acc = 99.72% val_acc = 97.05%
Epoch 417, cost = 1.463922, train_acc = 99.77% val_acc = 97.20%
Epoch 418, cost = 1.463664, train_acc = 99.76% val_acc = 97.09%
Epoch 419, cost = 1.463720, train_acc = 99.79% val_acc = 97.06%
Epoch 420, cost = 1.463897, train_acc = 99.71% val_acc = 97.01%
Epoch 421, cost = 1.464353, train_acc = 99.75% val_acc = 97.04%
Epoch 422, cost = 1.464100, train_acc = 99.74% val_acc = 97.11%
Epoch 423, cost = 1.464357, train_acc = 99.75% val_acc = 97.08%
Epoch 424, cost = 1.463949, train_acc = 99.78% val_acc = 97.03%
Epoch 425, cost = 1.464318, train_acc = 99.75% val_acc = 97.24%
Epoch 426, cost = 1.464077, train_acc = 99.72% val_acc = 96.90%
Epoch 427, cost = 1.463996, train_acc = 99.71% val_acc = 96.83%
Epoch 428, cost = 1.464079, train_acc = 99.78% val_acc = 97.18%
Epoch 429, cost = 1.463838, train_acc = 99.80% val_acc = 97.12%
Epoch 430, cost = 1.463428, train_acc = 99.74% val_acc = 96.99%
Epoch 431, cost = 1.463576, train_acc = 99.78% val_acc = 97.10%
Epoch 432, cost = 1.463910, train_acc = 99.65% val_acc = 96.90%
Epoch 433, cost = 1.464254, train_acc = 99.78% val_acc = 97.18%
Epoch 434, cost = 1.463814, train_acc = 99.70% val_acc = 96.91%
Epoch 435, cost = 1.464205, train_acc = 99.72% val_acc = 97.10%
Epoch 436, cost = 1.464277, train_acc = 99.76% val_acc = 96.97%
Epoch 437, cost = 1.463948, train_acc = 99.55% val_acc = 97.02%
Epoch 438, cost = 1.464452, train_acc = 99.74% val_acc = 97.04%
Epoch 439, cost = 1.464181, train_acc = 99.74% val_acc = 96.96%
Epoch 440, cost = 1.464826, train_acc = 99.59% val_acc = 96.64%
Epoch 441, cost = 1.464250, train_acc = 99.74% val_acc = 96.80%
Epoch 442, cost = 1.463856, train_acc = 99.77% val_acc = 97.05%
Epoch 443, cost = 1.464834, train_acc = 99.70% val_acc = 96.80%
Epoch 444, cost = 1.464096, train_acc = 99.71% val_acc = 96.94%
Epoch 445, cost = 1.463756, train_acc = 99.75% val_acc = 96.93%
Epoch 446, cost = 1.463893, train_acc = 99.79% val_acc = 97.04%
Epoch 447, cost = 1.464542, train_acc = 99.71% val_acc = 97.06%
Epoch 448, cost = 1.464173, train_acc = 99.75% val_acc = 97.20%
Epoch 449, cost = 1.464397, train_acc = 99.76% val_acc = 97.17%
Epoch 450, cost = 1.464158, train_acc = 99.68% val_acc = 97.01%
Epoch 451, cost = 1.463947, train_acc = 99.75% val_acc = 97.24%
Epoch 452, cost = 1.464427, train_acc = 99.64% val_acc = 96.88%
Epoch 453, cost = 1.464965, train_acc = 99.75% val_acc = 97.17%
Epoch 454, cost = 1.463923, train_acc = 99.74% val_acc = 97.08%
Epoch 455, cost = 1.464104, train_acc = 99.65% val_acc = 96.98%
Epoch 456, cost = 1.464029, train_acc = 99.77% val_acc = 97.04%
Epoch 457, cost = 1.464307, train_acc = 99.76% val_acc = 97.13%
Epoch 458, cost = 1.464413, train_acc = 99.75% val_acc = 97.04%
Epoch 459, cost = 1.463795, train_acc = 99.78% val_acc = 97.22%
Epoch 460, cost = 1.463928, train_acc = 99.75% val_acc = 97.25%
Epoch 461, cost = 1.464197, train_acc = 99.73% val_acc = 96.94%
Epoch 462, cost = 1.464134, train_acc = 99.75% val_acc = 97.19%
Epoch 463, cost = 1.463827, train_acc = 99.64% val_acc = 96.99%
Epoch 464, cost = 1.464278, train_acc = 99.70% val_acc = 96.92%
Epoch 465, cost = 1.464459, train_acc = 99.72% val_acc = 97.19%
Epoch 466, cost = 1.464181, train_acc = 99.73% val_acc = 96.89%
Epoch 467, cost = 1.463802, train_acc = 99.77% val_acc = 97.18%
Epoch 468, cost = 1.463819, train_acc = 99.77% val_acc = 97.20%
Epoch 469, cost = 1.463888, train_acc = 99.73% val_acc = 97.29%
Epoch 470, cost = 1.463897, train_acc = 99.76% val_acc = 97.13%
Epoch 471, cost = 1.464157, train_acc = 99.72% val_acc = 97.30%
Epoch 472, cost = 1.464077, train_acc = 99.79% val_acc = 97.22%
Epoch 473, cost = 1.464214, train_acc = 99.78% val_acc = 96.88%
Epoch 474, cost = 1.464381, train_acc = 99.64% val_acc = 96.60%
Epoch 475, cost = 1.463829, train_acc = 99.77% val_acc = 96.98%
Epoch 476, cost = 1.464115, train_acc = 99.76% val_acc = 97.05%
Epoch 477, cost = 1.463889, train_acc = 99.78% val_acc = 97.13%
Epoch 478, cost = 1.463615, train_acc = 99.75% val_acc = 96.95%
Epoch 479, cost = 1.463763, train_acc = 99.77% val_acc = 97.04%
Epoch 480, cost = 1.463723, train_acc = 99.77% val_acc = 97.12%
Epoch 481, cost = 1.463638, train_acc = 99.78% val_acc = 97.18%
Epoch 482, cost = 1.463850, train_acc = 99.80% val_acc = 97.17%
Epoch 483, cost = 1.463526, train_acc = 99.69% val_acc = 96.73%
Epoch 484, cost = 1.465173, train_acc = 99.72% val_acc = 97.18%
Epoch 485, cost = 1.464491, train_acc = 99.66% val_acc = 97.04%
Epoch 486, cost = 1.464576, train_acc = 99.75% val_acc = 97.36%
Epoch 487, cost = 1.464240, train_acc = 99.70% val_acc = 97.21%
Epoch 488, cost = 1.464323, train_acc = 99.67% val_acc = 97.09%
Epoch 489, cost = 1.464668, train_acc = 99.71% val_acc = 97.25%
Epoch 490, cost = 1.464168, train_acc = 99.76% val_acc = 97.04%
Epoch 491, cost = 1.464407, train_acc = 99.76% val_acc = 97.13%
Epoch 492, cost = 1.463790, train_acc = 99.71% val_acc = 96.91%
Epoch 493, cost = 1.464439, train_acc = 99.80% val_acc = 97.07%
Epoch 494, cost = 1.464603, train_acc = 99.74% val_acc = 97.30%
Epoch 495, cost = 1.463818, train_acc = 99.77% val_acc = 97.07%
Epoch 496, cost = 1.464139, train_acc = 99.77% val_acc = 97.10%
Epoch 497, cost = 1.463958, train_acc = 99.73% val_acc = 97.18%
Epoch 498, cost = 1.463943, train_acc = 99.76% val_acc = 97.21%
Epoch 499, cost = 1.463899, train_acc = 99.76% val_acc = 97.26%
Epoch 500, cost = 1.463991, train_acc = 99.73% val_acc = 97.28%
Epoch 501, cost = 1.463911, train_acc = 99.75% val_acc = 97.17%
Epoch 502, cost = 1.463636, train_acc = 99.79% val_acc = 97.28%
Epoch 503, cost = 1.463866, train_acc = 99.78% val_acc = 97.16%
Epoch 504, cost = 1.463665, train_acc = 99.72% val_acc = 97.05%
Epoch 505, cost = 1.463749, train_acc = 99.80% val_acc = 97.44%
Epoch 506, cost = 1.463832, train_acc = 99.76% val_acc = 96.99%
Epoch 507, cost = 1.463659, train_acc = 99.79% val_acc = 97.10%
Epoch 508, cost = 1.463676, train_acc = 99.79% val_acc = 97.16%
Epoch 509, cost = 1.463889, train_acc = 99.79% val_acc = 96.86%
Epoch 510, cost = 1.463628, train_acc = 99.81% val_acc = 97.14%
Epoch 511, cost = 1.463686, train_acc = 99.81% val_acc = 97.13%
Epoch 512, cost = 1.463718, train_acc = 99.76% val_acc = 96.90%
Epoch 513, cost = 1.463800, train_acc = 99.78% val_acc = 97.18%
Epoch 514, cost = 1.463600, train_acc = 99.79% val_acc = 97.20%
Epoch 515, cost = 1.463909, train_acc = 99.78% val_acc = 97.19%
Epoch 516, cost = 1.464224, train_acc = 99.70% val_acc = 97.02%
Epoch 517, cost = 1.464311, train_acc = 99.60% val_acc = 97.03%
Epoch 518, cost = 1.464179, train_acc = 99.71% val_acc = 97.04%
Epoch 519, cost = 1.464426, train_acc = 99.26% val_acc = 96.40%
Epoch 520, cost = 1.465142, train_acc = 99.73% val_acc = 97.08%
Epoch 521, cost = 1.464185, train_acc = 99.73% val_acc = 97.01%
Epoch 522, cost = 1.464096, train_acc = 99.71% val_acc = 97.12%
Epoch 523, cost = 1.464256, train_acc = 99.74% val_acc = 97.18%
Epoch 524, cost = 1.463712, train_acc = 99.76% val_acc = 97.06%
Epoch 525, cost = 1.463645, train_acc = 99.79% val_acc = 97.20%
Epoch 526, cost = 1.463612, train_acc = 99.79% val_acc = 97.37%
Epoch 527, cost = 1.463451, train_acc = 99.79% val_acc = 97.15%
Epoch 528, cost = 1.463647, train_acc = 99.79% val_acc = 97.08%
Epoch 529, cost = 1.463732, train_acc = 99.60% val_acc = 96.93%
Epoch 530, cost = 1.464121, train_acc = 99.69% val_acc = 97.37%
Epoch 531, cost = 1.463932, train_acc = 99.74% val_acc = 97.13%
Epoch 532, cost = 1.464373, train_acc = 99.73% val_acc = 96.89%
Epoch 533, cost = 1.463997, train_acc = 99.77% val_acc = 97.19%
Epoch 534, cost = 1.463811, train_acc = 99.73% val_acc = 96.89%
Epoch 535, cost = 1.464046, train_acc = 99.54% val_acc = 96.51%
Epoch 536, cost = 1.464189, train_acc = 99.77% val_acc = 97.05%
Epoch 537, cost = 1.464335, train_acc = 99.70% val_acc = 96.76%
Epoch 538, cost = 1.463954, train_acc = 99.77% val_acc = 97.20%
Epoch 539, cost = 1.463855, train_acc = 99.78% val_acc = 97.29%
Epoch 540, cost = 1.463862, train_acc = 99.70% val_acc = 97.15%
Epoch 541, cost = 1.464504, train_acc = 99.75% val_acc = 97.01%
Epoch 542, cost = 1.463997, train_acc = 99.75% val_acc = 97.03%
Epoch 543, cost = 1.463862, train_acc = 99.77% val_acc = 97.06%
Epoch 544, cost = 1.463853, train_acc = 99.75% val_acc = 97.15%
Epoch 545, cost = 1.463869, train_acc = 99.80% val_acc = 96.94%
Epoch 546, cost = 1.463913, train_acc = 99.74% val_acc = 96.97%
Epoch 547, cost = 1.463628, train_acc = 99.77% val_acc = 96.99%
Epoch 548, cost = 1.463801, train_acc = 99.71% val_acc = 97.00%
Epoch 549, cost = 1.464521, train_acc = 99.73% val_acc = 96.81%
Epoch 550, cost = 1.463680, train_acc = 99.80% val_acc = 96.93%
Epoch 551, cost = 1.463589, train_acc = 99.78% val_acc = 96.89%
Epoch 552, cost = 1.463321, train_acc = 99.79% val_acc = 96.99%
Epoch 553, cost = 1.463661, train_acc = 99.79% val_acc = 97.04%
Epoch 554, cost = 1.463527, train_acc = 99.75% val_acc = 96.98%
Epoch 555, cost = 1.463606, train_acc = 99.81% val_acc = 97.23%
Epoch 556, cost = 1.463500, train_acc = 99.79% val_acc = 97.19%
Epoch 557, cost = 1.463914, train_acc = 99.79% val_acc = 97.06%
Epoch 558, cost = 1.463758, train_acc = 99.80% val_acc = 97.43%
Epoch 559, cost = 1.463684, train_acc = 99.81% val_acc = 97.30%
Epoch 560, cost = 1.463852, train_acc = 99.71% val_acc = 97.13%
Epoch 561, cost = 1.463781, train_acc = 99.77% val_acc = 97.09%
Epoch 562, cost = 1.463729, train_acc = 99.82% val_acc = 97.03%
Epoch 563, cost = 1.464177, train_acc = 99.72% val_acc = 97.02%
Epoch 564, cost = 1.464162, train_acc = 99.80% val_acc = 97.30%
Epoch 565, cost = 1.464315, train_acc = 99.70% val_acc = 97.14%
Epoch 566, cost = 1.463793, train_acc = 99.77% val_acc = 97.29%
Epoch 567, cost = 1.464069, train_acc = 99.73% val_acc = 97.15%
Epoch 568, cost = 1.463971, train_acc = 99.76% val_acc = 97.13%
Epoch 569, cost = 1.463672, train_acc = 99.77% val_acc = 97.28%
Epoch 570, cost = 1.463961, train_acc = 99.77% val_acc = 96.94%
Epoch 571, cost = 1.463743, train_acc = 99.74% val_acc = 97.15%
Epoch 572, cost = 1.463754, train_acc = 99.78% val_acc = 97.23%
Epoch 573, cost = 1.463511, train_acc = 99.80% val_acc = 97.22%
Epoch 574, cost = 1.464044, train_acc = 99.77% val_acc = 97.33%
Epoch 575, cost = 1.463723, train_acc = 99.79% val_acc = 97.38%
Epoch 576, cost = 1.463906, train_acc = 99.75% val_acc = 97.10%
Epoch 577, cost = 1.463860, train_acc = 99.79% val_acc = 97.24%
Epoch 578, cost = 1.463750, train_acc = 99.74% val_acc = 97.11%
Epoch 579, cost = 1.463876, train_acc = 99.79% val_acc = 97.17%
Epoch 580, cost = 1.464820, train_acc = 99.72% val_acc = 97.39%
Epoch 581, cost = 1.464056, train_acc = 99.75% val_acc = 97.14%
Epoch 582, cost = 1.464907, train_acc = 99.77% val_acc = 97.35%
Epoch 583, cost = 1.465381, train_acc = 99.66% val_acc = 97.07%
Epoch 584, cost = 1.464106, train_acc = 99.76% val_acc = 97.06%
Epoch 585, cost = 1.464214, train_acc = 99.68% val_acc = 96.77%
Epoch 586, cost = 1.464297, train_acc = 99.66% val_acc = 96.74%
Epoch 587, cost = 1.464278, train_acc = 99.75% val_acc = 97.14%
Epoch 588, cost = 1.463956, train_acc = 99.75% val_acc = 97.01%
Epoch 589, cost = 1.463731, train_acc = 99.79% val_acc = 97.03%
Epoch 590, cost = 1.463915, train_acc = 99.78% val_acc = 97.22%
Epoch 591, cost = 1.463918, train_acc = 99.75% val_acc = 96.97%
Epoch 592, cost = 1.464267, train_acc = 99.75% val_acc = 97.05%
Epoch 593, cost = 1.463609, train_acc = 99.78% val_acc = 97.20%
Epoch 594, cost = 1.463504, train_acc = 99.78% val_acc = 97.15%
Epoch 595, cost = 1.463422, train_acc = 99.80% val_acc = 97.22%
Epoch 596, cost = 1.463398, train_acc = 99.75% val_acc = 97.29%
Epoch 597, cost = 1.463528, train_acc = 99.78% val_acc = 97.40%
Epoch 598, cost = 1.463558, train_acc = 99.81% val_acc = 97.23%
Epoch 599, cost = 1.463506, train_acc = 99.80% val_acc = 97.25%
Epoch 600, cost = 1.463783, train_acc = 99.79% val_acc = 97.11%
Epoch 601, cost = 1.463446, train_acc = 99.76% val_acc = 97.08%
Epoch 602, cost = 1.463605, train_acc = 99.82% val_acc = 97.37%
Epoch 603, cost = 1.463547, train_acc = 99.75% val_acc = 97.01%
Epoch 604, cost = 1.465038, train_acc = 99.76% val_acc = 97.29%
Epoch 605, cost = 1.464293, train_acc = 99.69% val_acc = 97.06%
Epoch 606, cost = 1.464389, train_acc = 99.76% val_acc = 97.12%
Epoch 607, cost = 1.463878, train_acc = 99.76% val_acc = 97.15%
Epoch 608, cost = 1.463681, train_acc = 99.80% val_acc = 97.16%
Epoch 609, cost = 1.463737, train_acc = 99.41% val_acc = 96.50%
Epoch 610, cost = 1.464450, train_acc = 99.75% val_acc = 97.36%
Epoch 611, cost = 1.464275, train_acc = 99.76% val_acc = 97.18%
Epoch 612, cost = 1.464539, train_acc = 99.59% val_acc = 96.62%
Epoch 613, cost = 1.464907, train_acc = 99.72% val_acc = 97.13%
Epoch 614, cost = 1.464389, train_acc = 99.66% val_acc = 97.00%
Epoch 615, cost = 1.464001, train_acc = 99.79% val_acc = 97.19%
Epoch 616, cost = 1.463878, train_acc = 99.68% val_acc = 96.82%
Epoch 617, cost = 1.464029, train_acc = 99.76% val_acc = 97.10%
Epoch 618, cost = 1.463802, train_acc = 99.78% val_acc = 97.20%
Epoch 619, cost = 1.463625, train_acc = 99.77% val_acc = 96.96%
Epoch 620, cost = 1.463801, train_acc = 99.77% val_acc = 97.27%
Epoch 621, cost = 1.463684, train_acc = 99.79% val_acc = 97.28%
Epoch 622, cost = 1.464139, train_acc = 99.76% val_acc = 97.28%
Epoch 623, cost = 1.463630, train_acc = 99.76% val_acc = 97.08%
Epoch 624, cost = 1.463815, train_acc = 99.72% val_acc = 97.03%
Epoch 625, cost = 1.464105, train_acc = 99.77% val_acc = 97.21%
Epoch 626, cost = 1.464595, train_acc = 99.79% val_acc = 97.17%
Epoch 627, cost = 1.463936, train_acc = 99.79% val_acc = 97.22%
Epoch 628, cost = 1.463750, train_acc = 99.78% val_acc = 97.26%
Epoch 629, cost = 1.463592, train_acc = 99.79% val_acc = 96.92%
Epoch 630, cost = 1.464135, train_acc = 99.79% val_acc = 97.14%
Epoch 631, cost = 1.463533, train_acc = 99.79% val_acc = 97.03%
Epoch 632, cost = 1.463496, train_acc = 99.82% val_acc = 97.25%
Epoch 633, cost = 1.464003, train_acc = 99.73% val_acc = 96.95%
Epoch 634, cost = 1.464471, train_acc = 99.65% val_acc = 96.92%
Epoch 635, cost = 1.463831, train_acc = 99.77% val_acc = 97.18%
Epoch 636, cost = 1.463704, train_acc = 99.73% val_acc = 97.15%
Epoch 637, cost = 1.463699, train_acc = 99.76% val_acc = 97.09%
Epoch 638, cost = 1.463976, train_acc = 99.79% val_acc = 97.08%
Epoch 639, cost = 1.463737, train_acc = 99.77% val_acc = 97.17%
Epoch 640, cost = 1.463693, train_acc = 99.80% val_acc = 97.09%
Epoch 641, cost = 1.463855, train_acc = 99.73% val_acc = 96.97%
Epoch 642, cost = 1.464359, train_acc = 99.61% val_acc = 96.66%
Epoch 643, cost = 1.464225, train_acc = 99.75% val_acc = 97.13%
Epoch 644, cost = 1.463719, train_acc = 99.78% val_acc = 97.33%
Epoch 645, cost = 1.463466, train_acc = 99.76% val_acc = 97.04%
Epoch 646, cost = 1.463517, train_acc = 99.81% val_acc = 97.25%
Epoch 647, cost = 1.463726, train_acc = 99.76% val_acc = 97.21%
Epoch 648, cost = 1.463689, train_acc = 99.79% val_acc = 97.16%
Epoch 649, cost = 1.463983, train_acc = 99.77% val_acc = 97.13%
Epoch 650, cost = 1.463880, train_acc = 99.78% val_acc = 97.23%
Epoch 651, cost = 1.463537, train_acc = 99.77% val_acc = 97.07%
Epoch 652, cost = 1.463571, train_acc = 99.75% val_acc = 97.07%
Epoch 653, cost = 1.463641, train_acc = 99.79% val_acc = 97.16%
Epoch 654, cost = 1.463822, train_acc = 99.74% val_acc = 96.72%
Epoch 655, cost = 1.463529, train_acc = 99.80% val_acc = 97.28%
Epoch 656, cost = 1.463525, train_acc = 99.79% val_acc = 97.44%
Epoch 657, cost = 1.463616, train_acc = 99.81% val_acc = 97.31%
Epoch 658, cost = 1.463820, train_acc = 99.78% val_acc = 96.94%
Epoch 659, cost = 1.463605, train_acc = 99.77% val_acc = 97.21%
Epoch 660, cost = 1.463783, train_acc = 99.80% val_acc = 97.04%
Epoch 661, cost = 1.463808, train_acc = 99.73% val_acc = 97.29%
Epoch 662, cost = 1.463752, train_acc = 99.77% val_acc = 97.29%
Epoch 663, cost = 1.463757, train_acc = 99.80% val_acc = 97.16%
Epoch 664, cost = 1.463638, train_acc = 99.61% val_acc = 96.91%
Epoch 665, cost = 1.463885, train_acc = 99.73% val_acc = 97.10%
Epoch 666, cost = 1.463638, train_acc = 99.80% val_acc = 97.29%
Epoch 667, cost = 1.463546, train_acc = 99.74% val_acc = 97.15%
Epoch 668, cost = 1.463609, train_acc = 99.80% val_acc = 97.35%
Epoch 669, cost = 1.463446, train_acc = 99.80% val_acc = 97.39%
Epoch 670, cost = 1.463791, train_acc = 99.79% val_acc = 97.25%
Epoch 671, cost = 1.463252, train_acc = 99.83% val_acc = 97.34%
Epoch 672, cost = 1.463431, train_acc = 99.81% val_acc = 97.09%
Epoch 673, cost = 1.463697, train_acc = 99.77% val_acc = 97.23%
Epoch 674, cost = 1.463603, train_acc = 99.80% val_acc = 97.08%
Epoch 675, cost = 1.463711, train_acc = 99.79% val_acc = 97.12%
Epoch 676, cost = 1.463673, train_acc = 99.80% val_acc = 97.00%
Epoch 677, cost = 1.463552, train_acc = 99.80% val_acc = 97.03%
Epoch 678, cost = 1.464056, train_acc = 99.79% val_acc = 97.13%
Epoch 679, cost = 1.464118, train_acc = 99.78% val_acc = 97.09%
Epoch 680, cost = 1.463655, train_acc = 99.81% val_acc = 97.08%
Epoch 681, cost = 1.464043, train_acc = 99.72% val_acc = 96.92%
Epoch 682, cost = 1.464346, train_acc = 99.76% val_acc = 96.85%
Epoch 683, cost = 1.463862, train_acc = 99.77% val_acc = 96.72%
Epoch 684, cost = 1.464007, train_acc = 99.77% val_acc = 97.08%
Epoch 685, cost = 1.463772, train_acc = 99.77% val_acc = 97.26%
Epoch 686, cost = 1.464579, train_acc = 99.73% val_acc = 96.97%
Epoch 687, cost = 1.463875, train_acc = 99.76% val_acc = 96.86%
Epoch 688, cost = 1.464013, train_acc = 99.77% val_acc = 97.15%
Epoch 689, cost = 1.464029, train_acc = 99.81% val_acc = 97.14%
Epoch 690, cost = 1.463503, train_acc = 99.78% val_acc = 97.00%
Epoch 691, cost = 1.463943, train_acc = 99.74% val_acc = 97.04%
Epoch 692, cost = 1.463892, train_acc = 99.76% val_acc = 97.15%
Epoch 693, cost = 1.464145, train_acc = 99.75% val_acc = 97.08%
Epoch 694, cost = 1.464567, train_acc = 99.73% val_acc = 97.07%
Epoch 695, cost = 1.463977, train_acc = 99.77% val_acc = 97.35%
Epoch 696, cost = 1.463770, train_acc = 99.77% val_acc = 97.23%
Epoch 697, cost = 1.463720, train_acc = 99.80% val_acc = 97.31%
Epoch 698, cost = 1.463140, train_acc = 99.81% val_acc = 97.17%
Epoch 699, cost = 1.464459, train_acc = 99.76% val_acc = 97.26%
Epoch 700, cost = 1.463763, train_acc = 99.78% val_acc = 97.07%
Epoch 701, cost = 1.463624, train_acc = 99.76% val_acc = 97.17%
Epoch 702, cost = 1.463950, train_acc = 99.76% val_acc = 96.87%
Epoch 703, cost = 1.463566, train_acc = 99.79% val_acc = 97.11%
Epoch 704, cost = 1.464285, train_acc = 99.77% val_acc = 97.29%
Epoch 705, cost = 1.464654, train_acc = 99.75% val_acc = 97.06%
Epoch 706, cost = 1.464259, train_acc = 99.75% val_acc = 97.16%
Epoch 707, cost = 1.463961, train_acc = 99.77% val_acc = 97.13%
Epoch 708, cost = 1.464064, train_acc = 99.77% val_acc = 97.35%
Epoch 709, cost = 1.463702, train_acc = 99.79% val_acc = 97.01%
Epoch 710, cost = 1.463869, train_acc = 99.81% val_acc = 97.16%
Epoch 711, cost = 1.463896, train_acc = 99.78% val_acc = 97.08%
Epoch 712, cost = 1.464033, train_acc = 99.76% val_acc = 97.24%
Epoch 713, cost = 1.464093, train_acc = 99.79% val_acc = 97.37%
Epoch 714, cost = 1.463849, train_acc = 99.77% val_acc = 97.34%
Epoch 715, cost = 1.463720, train_acc = 99.77% val_acc = 97.32%
Epoch 716, cost = 1.464050, train_acc = 99.71% val_acc = 96.95%
Epoch 717, cost = 1.464396, train_acc = 99.66% val_acc = 97.02%
Epoch 718, cost = 1.465227, train_acc = 99.61% val_acc = 97.19%
Epoch 719, cost = 1.464499, train_acc = 99.59% val_acc = 97.14%
Epoch 720, cost = 1.464371, train_acc = 99.66% val_acc = 97.27%
Epoch 721, cost = 1.464167, train_acc = 99.77% val_acc = 97.25%
Epoch 722, cost = 1.464086, train_acc = 99.75% val_acc = 97.16%
Epoch 723, cost = 1.464239, train_acc = 99.76% val_acc = 97.21%
Epoch 724, cost = 1.464159, train_acc = 99.75% val_acc = 97.15%
Epoch 725, cost = 1.464448, train_acc = 98.46% val_acc = 95.79%
Epoch 726, cost = 1.463995, train_acc = 99.77% val_acc = 97.20%
Epoch 727, cost = 1.463789, train_acc = 99.76% val_acc = 97.17%
Epoch 728, cost = 1.463826, train_acc = 99.75% val_acc = 97.13%
Epoch 729, cost = 1.463287, train_acc = 99.79% val_acc = 97.36%
Epoch 730, cost = 1.463684, train_acc = 99.77% val_acc = 97.24%
Epoch 731, cost = 1.463484, train_acc = 99.82% val_acc = 97.28%
Epoch 732, cost = 1.463558, train_acc = 99.82% val_acc = 97.31%
Epoch 733, cost = 1.464890, train_acc = 99.71% val_acc = 96.90%
Epoch 734, cost = 1.464230, train_acc = 99.68% val_acc = 96.78%
Epoch 735, cost = 1.464260, train_acc = 99.72% val_acc = 97.20%
Epoch 736, cost = 1.463936, train_acc = 99.75% val_acc = 97.15%
Epoch 737, cost = 1.464028, train_acc = 99.75% val_acc = 96.96%
Epoch 738, cost = 1.464300, train_acc = 99.69% val_acc = 96.99%
Epoch 739, cost = 1.464602, train_acc = 99.70% val_acc = 96.89%
Epoch 740, cost = 1.464371, train_acc = 99.74% val_acc = 97.00%
Epoch 741, cost = 1.463691, train_acc = 99.73% val_acc = 96.61%
Epoch 742, cost = 1.463586, train_acc = 99.79% val_acc = 97.00%
Epoch 743, cost = 1.463898, train_acc = 99.75% val_acc = 97.02%
Epoch 744, cost = 1.464614, train_acc = 99.68% val_acc = 96.73%
Epoch 745, cost = 1.464650, train_acc = 99.73% val_acc = 96.98%
Epoch 746, cost = 1.464252, train_acc = 99.76% val_acc = 97.32%
Epoch 747, cost = 1.464262, train_acc = 99.72% val_acc = 97.15%
Epoch 748, cost = 1.464272, train_acc = 99.74% val_acc = 97.02%
Epoch 749, cost = 1.464558, train_acc = 99.70% val_acc = 96.89%
Epoch 750, cost = 1.464116, train_acc = 99.70% val_acc = 97.12%
Epoch 751, cost = 1.463781, train_acc = 99.79% val_acc = 97.06%
Epoch 752, cost = 1.463611, train_acc = 99.80% val_acc = 97.06%
Epoch 753, cost = 1.463612, train_acc = 99.81% val_acc = 97.54%
Epoch 754, cost = 1.464078, train_acc = 99.75% val_acc = 96.85%
Epoch 755, cost = 1.464147, train_acc = 99.68% val_acc = 96.72%
Epoch 756, cost = 1.463729, train_acc = 99.77% val_acc = 97.01%
Epoch 757, cost = 1.463748, train_acc = 99.71% val_acc = 97.11%
Epoch 758, cost = 1.464692, train_acc = 99.67% val_acc = 96.96%
Epoch 759, cost = 1.463905, train_acc = 99.79% val_acc = 97.19%
Epoch 760, cost = 1.463525, train_acc = 99.77% val_acc = 97.09%
Epoch 761, cost = 1.463663, train_acc = 99.75% val_acc = 97.09%
Epoch 762, cost = 1.463912, train_acc = 99.78% val_acc = 97.30%
Epoch 763, cost = 1.464345, train_acc = 99.76% val_acc = 97.35%
Epoch 764, cost = 1.464093, train_acc = 99.70% val_acc = 97.12%
Epoch 765, cost = 1.464396, train_acc = 99.65% val_acc = 97.14%
Epoch 766, cost = 1.464882, train_acc = 99.73% val_acc = 97.14%
Epoch 767, cost = 1.464211, train_acc = 99.73% val_acc = 96.89%
Epoch 768, cost = 1.464305, train_acc = 99.71% val_acc = 97.35%
Epoch 769, cost = 1.463764, train_acc = 99.77% val_acc = 97.15%
Epoch 770, cost = 1.463769, train_acc = 99.80% val_acc = 97.13%
Epoch 771, cost = 1.464094, train_acc = 99.76% val_acc = 97.25%
Epoch 772, cost = 1.463632, train_acc = 99.73% val_acc = 97.20%
Epoch 773, cost = 1.463515, train_acc = 99.77% val_acc = 97.33%
Epoch 774, cost = 1.464067, train_acc = 99.75% val_acc = 97.13%
Epoch 775, cost = 1.463724, train_acc = 99.79% val_acc = 97.46%
Epoch 776, cost = 1.463974, train_acc = 99.79% val_acc = 97.26%
Epoch 777, cost = 1.464229, train_acc = 99.72% val_acc = 97.29%
Epoch 778, cost = 1.463952, train_acc = 99.70% val_acc = 97.35%
Epoch 779, cost = 1.463679, train_acc = 99.75% val_acc = 97.01%
Epoch 780, cost = 1.463931, train_acc = 99.78% val_acc = 97.30%
Epoch 781, cost = 1.464297, train_acc = 99.80% val_acc = 97.32%
Epoch 782, cost = 1.464153, train_acc = 99.63% val_acc = 96.51%
