Loading Training Data
Loading Validation Data
Creating Data Loaders
Training Fun Time!!!
Epoch 1, cost = 2.303634, train_acc = 13.64% val_acc = 14.46%
Epoch 2, cost = 2.303009, train_acc = 16.28% val_acc = 17.69%
Epoch 3, cost = 2.301575, train_acc = 18.28% val_acc = 19.29%
Epoch 4, cost = 2.292665, train_acc = 19.46% val_acc = 22.21%
Epoch 5, cost = 2.198276, train_acc = 32.59% val_acc = 37.54%
Epoch 6, cost = 2.096896, train_acc = 37.79% val_acc = 42.15%
Epoch 7, cost = 2.064493, train_acc = 40.06% val_acc = 44.24%
Epoch 8, cost = 2.048932, train_acc = 40.85% val_acc = 45.71%
Epoch 9, cost = 2.038054, train_acc = 42.27% val_acc = 45.81%
Epoch 10, cost = 2.021587, train_acc = 43.07% val_acc = 46.64%
Epoch 11, cost = 2.019225, train_acc = 44.29% val_acc = 47.99%
Epoch 12, cost = 1.994485, train_acc = 47.33% val_acc = 50.71%
Epoch 13, cost = 1.973308, train_acc = 47.92% val_acc = 51.86%
Epoch 14, cost = 1.971042, train_acc = 48.97% val_acc = 52.34%
Epoch 15, cost = 1.961100, train_acc = 50.55% val_acc = 54.82%
Epoch 16, cost = 1.937121, train_acc = 52.62% val_acc = 55.78%
Epoch 17, cost = 1.927403, train_acc = 53.90% val_acc = 56.71%
Epoch 18, cost = 1.912717, train_acc = 54.37% val_acc = 57.85%
Epoch 19, cost = 1.909848, train_acc = 54.37% val_acc = 58.05%
Epoch 20, cost = 1.901768, train_acc = 54.29% val_acc = 58.06%
Epoch 21, cost = 1.895809, train_acc = 56.16% val_acc = 60.09%
Epoch 22, cost = 1.895524, train_acc = 56.35% val_acc = 60.19%
Epoch 23, cost = 1.888315, train_acc = 56.32% val_acc = 59.44%
Epoch 24, cost = 1.888031, train_acc = 57.19% val_acc = 60.04%
Epoch 25, cost = 1.885850, train_acc = 57.21% val_acc = 59.08%
Epoch 26, cost = 1.886736, train_acc = 57.64% val_acc = 59.53%
Epoch 27, cost = 1.878808, train_acc = 57.23% val_acc = 59.59%
Epoch 28, cost = 1.874244, train_acc = 57.90% val_acc = 59.63%
Epoch 29, cost = 1.872865, train_acc = 57.28% val_acc = 59.17%
Epoch 30, cost = 1.873955, train_acc = 57.88% val_acc = 61.04%
Epoch 31, cost = 1.870461, train_acc = 57.39% val_acc = 60.09%
Epoch 32, cost = 1.868875, train_acc = 58.35% val_acc = 59.77%
Epoch 33, cost = 1.869896, train_acc = 57.96% val_acc = 60.94%
Epoch 34, cost = 1.863727, train_acc = 58.49% val_acc = 59.93%
Epoch 35, cost = 1.865976, train_acc = 58.37% val_acc = 60.59%
Epoch 36, cost = 1.861921, train_acc = 58.66% val_acc = 61.15%
Epoch 37, cost = 1.865274, train_acc = 58.93% val_acc = 61.87%
Epoch 38, cost = 1.861156, train_acc = 59.62% val_acc = 61.15%
Epoch 39, cost = 1.865968, train_acc = 58.65% val_acc = 60.97%
Epoch 40, cost = 1.862521, train_acc = 58.41% val_acc = 60.85%
Epoch 41, cost = 1.858337, train_acc = 59.50% val_acc = 60.72%
Epoch 42, cost = 1.862029, train_acc = 59.17% val_acc = 60.72%
Epoch 43, cost = 1.856939, train_acc = 59.39% val_acc = 60.51%
Epoch 44, cost = 1.858098, train_acc = 59.41% val_acc = 61.08%
Epoch 45, cost = 1.855854, train_acc = 59.17% val_acc = 60.33%
Epoch 46, cost = 1.853306, train_acc = 59.29% val_acc = 59.50%
Epoch 47, cost = 1.847420, train_acc = 59.13% val_acc = 60.47%
Epoch 48, cost = 1.851315, train_acc = 59.75% val_acc = 61.15%
Epoch 49, cost = 1.858220, train_acc = 59.40% val_acc = 60.52%
Epoch 50, cost = 1.853975, train_acc = 60.04% val_acc = 60.63%
Epoch 51, cost = 1.849042, train_acc = 59.18% val_acc = 60.95%
Epoch 52, cost = 1.851882, train_acc = 59.92% val_acc = 60.27%
Epoch 53, cost = 1.853415, train_acc = 59.10% val_acc = 60.77%
Epoch 54, cost = 1.851579, train_acc = 60.49% val_acc = 61.30%
Epoch 55, cost = 1.847648, train_acc = 60.34% val_acc = 59.99%
Epoch 56, cost = 1.851809, train_acc = 59.79% val_acc = 61.89%
Epoch 57, cost = 1.849604, train_acc = 59.74% val_acc = 61.19%
Epoch 58, cost = 1.846293, train_acc = 59.65% val_acc = 61.32%
Epoch 59, cost = 1.848750, train_acc = 59.57% val_acc = 60.93%
Epoch 60, cost = 1.845550, train_acc = 59.91% val_acc = 61.08%
Epoch 61, cost = 1.849919, train_acc = 60.07% val_acc = 61.91%
Epoch 62, cost = 1.847407, train_acc = 60.26% val_acc = 61.52%
Epoch 63, cost = 1.844188, train_acc = 60.14% val_acc = 60.85%
Epoch 64, cost = 1.843286, train_acc = 60.24% val_acc = 61.17%
Epoch 65, cost = 1.845345, train_acc = 60.38% val_acc = 61.47%
Epoch 66, cost = 1.842430, train_acc = 60.19% val_acc = 61.70%
Epoch 67, cost = 1.844831, train_acc = 60.21% val_acc = 61.44%
Epoch 68, cost = 1.845190, train_acc = 60.19% val_acc = 60.75%
Epoch 69, cost = 1.842766, train_acc = 60.27% val_acc = 61.11%
Epoch 70, cost = 1.841103, train_acc = 60.04% val_acc = 60.96%
Epoch 71, cost = 1.841962, train_acc = 60.04% val_acc = 61.15%
Epoch 72, cost = 1.840662, train_acc = 60.51% val_acc = 60.91%
Epoch 73, cost = 1.841466, train_acc = 60.06% val_acc = 61.31%
Epoch 74, cost = 1.840491, train_acc = 60.97% val_acc = 61.89%
Epoch 75, cost = 1.839259, train_acc = 60.02% val_acc = 61.31%
Epoch 76, cost = 1.840275, train_acc = 59.90% val_acc = 61.30%
Epoch 77, cost = 1.840926, train_acc = 60.46% val_acc = 61.18%
Epoch 78, cost = 1.835472, train_acc = 60.81% val_acc = 61.89%
Epoch 79, cost = 1.838690, train_acc = 60.33% val_acc = 61.24%
Epoch 80, cost = 1.840893, train_acc = 60.63% val_acc = 61.03%
Epoch 81, cost = 1.837561, train_acc = 60.38% val_acc = 60.54%
Epoch 82, cost = 1.838306, train_acc = 61.25% val_acc = 60.89%
Epoch 83, cost = 1.834546, train_acc = 60.64% val_acc = 61.02%
Epoch 84, cost = 1.840417, train_acc = 60.58% val_acc = 61.29%
Epoch 85, cost = 1.836746, train_acc = 60.83% val_acc = 61.69%
Epoch 86, cost = 1.841127, train_acc = 59.84% val_acc = 60.94%
Epoch 87, cost = 1.837328, train_acc = 60.58% val_acc = 61.22%
Epoch 88, cost = 1.834790, train_acc = 60.93% val_acc = 61.19%
Epoch 89, cost = 1.837872, train_acc = 60.70% val_acc = 61.21%
Epoch 90, cost = 1.839059, train_acc = 60.46% val_acc = 61.47%
Epoch 91, cost = 1.832927, train_acc = 61.04% val_acc = 60.97%
Epoch 92, cost = 1.832577, train_acc = 60.74% val_acc = 60.98%
Epoch 93, cost = 1.837597, train_acc = 60.95% val_acc = 61.15%
Epoch 94, cost = 1.836662, train_acc = 61.14% val_acc = 61.70%
Epoch 95, cost = 1.832199, train_acc = 61.11% val_acc = 61.43%
Epoch 96, cost = 1.833920, train_acc = 60.59% val_acc = 61.62%
Epoch 97, cost = 1.838360, train_acc = 60.66% val_acc = 61.94%
Epoch 98, cost = 1.836918, train_acc = 61.07% val_acc = 61.36%
Epoch 99, cost = 1.834490, train_acc = 61.13% val_acc = 61.39%
Epoch 100, cost = 1.832350, train_acc = 61.11% val_acc = 61.21%
Epoch 101, cost = 1.833099, train_acc = 61.03% val_acc = 61.70%
Epoch 102, cost = 1.833730, train_acc = 60.59% val_acc = 61.40%
Epoch 103, cost = 1.834005, train_acc = 60.12% val_acc = 60.91%
Epoch 104, cost = 1.831564, train_acc = 61.32% val_acc = 61.38%
Epoch 105, cost = 1.832425, train_acc = 61.61% val_acc = 61.05%
Epoch 106, cost = 1.833984, train_acc = 61.03% val_acc = 61.49%
Epoch 107, cost = 1.829736, train_acc = 61.70% val_acc = 61.43%
Epoch 108, cost = 1.832652, train_acc = 61.04% val_acc = 61.69%
Epoch 109, cost = 1.829710, train_acc = 60.84% val_acc = 60.59%
Epoch 110, cost = 1.834427, train_acc = 61.55% val_acc = 62.15%
Epoch 111, cost = 1.833558, train_acc = 61.45% val_acc = 61.50%
Epoch 112, cost = 1.828405, train_acc = 61.31% val_acc = 60.39%
Epoch 113, cost = 1.833849, train_acc = 61.26% val_acc = 61.22%
Epoch 114, cost = 1.829642, train_acc = 60.88% val_acc = 60.63%
Epoch 115, cost = 1.835054, train_acc = 61.00% val_acc = 61.25%
Epoch 116, cost = 1.826873, train_acc = 61.54% val_acc = 61.05%
Epoch 117, cost = 1.831438, train_acc = 61.19% val_acc = 61.83%
Epoch 118, cost = 1.836669, train_acc = 61.77% val_acc = 62.08%
Epoch 119, cost = 1.829552, train_acc = 60.92% val_acc = 61.86%
Epoch 120, cost = 1.831176, train_acc = 61.24% val_acc = 60.86%
Epoch 121, cost = 1.833123, train_acc = 60.90% val_acc = 62.08%
Epoch 122, cost = 1.832022, train_acc = 60.72% val_acc = 62.48%
Epoch 123, cost = 1.832961, train_acc = 61.47% val_acc = 61.60%
Epoch 124, cost = 1.829236, train_acc = 61.48% val_acc = 61.22%
Epoch 125, cost = 1.830060, train_acc = 61.73% val_acc = 62.44%
Epoch 126, cost = 1.828737, train_acc = 61.50% val_acc = 60.87%
Epoch 127, cost = 1.832210, train_acc = 61.32% val_acc = 62.51%
Epoch 128, cost = 1.830273, train_acc = 61.11% val_acc = 61.18%
Epoch 129, cost = 1.828663, train_acc = 61.41% val_acc = 60.84%
Epoch 130, cost = 1.826270, train_acc = 62.26% val_acc = 61.87%
Epoch 131, cost = 1.827768, train_acc = 61.69% val_acc = 61.82%
Epoch 132, cost = 1.828037, train_acc = 61.70% val_acc = 61.50%
Epoch 133, cost = 1.827307, train_acc = 62.09% val_acc = 61.04%
Epoch 134, cost = 1.831022, train_acc = 61.43% val_acc = 61.84%
Epoch 135, cost = 1.833143, train_acc = 61.15% val_acc = 62.18%
Epoch 136, cost = 1.831581, train_acc = 61.43% val_acc = 60.94%
Epoch 137, cost = 1.826015, train_acc = 61.34% val_acc = 61.48%
Epoch 138, cost = 1.824570, train_acc = 61.22% val_acc = 61.42%
Epoch 139, cost = 1.824816, train_acc = 61.67% val_acc = 61.38%
Epoch 140, cost = 1.828899, train_acc = 61.51% val_acc = 60.83%
Epoch 141, cost = 1.826669, train_acc = 61.89% val_acc = 61.11%
Epoch 142, cost = 1.828800, train_acc = 61.46% val_acc = 62.59%
Epoch 143, cost = 1.828109, train_acc = 61.61% val_acc = 61.65%
Epoch 144, cost = 1.827681, train_acc = 61.83% val_acc = 61.49%
Epoch 145, cost = 1.827020, train_acc = 61.50% val_acc = 63.12%
Epoch 146, cost = 1.825771, train_acc = 61.91% val_acc = 61.91%
Epoch 147, cost = 1.822961, train_acc = 61.34% val_acc = 61.48%
Epoch 148, cost = 1.828775, train_acc = 61.16% val_acc = 61.99%
Epoch 149, cost = 1.827336, train_acc = 61.32% val_acc = 61.55%
Epoch 150, cost = 1.828042, train_acc = 61.09% val_acc = 62.03%
Epoch 151, cost = 1.825951, train_acc = 61.60% val_acc = 61.97%
Epoch 152, cost = 1.821345, train_acc = 61.80% val_acc = 61.33%
Epoch 153, cost = 1.825218, train_acc = 61.86% val_acc = 61.61%
Epoch 154, cost = 1.823932, train_acc = 61.61% val_acc = 61.68%
Epoch 155, cost = 1.830646, train_acc = 61.97% val_acc = 61.48%
Epoch 156, cost = 1.826133, train_acc = 61.60% val_acc = 62.26%
Epoch 157, cost = 1.823908, train_acc = 61.82% val_acc = 61.40%
Epoch 158, cost = 1.829208, train_acc = 61.53% val_acc = 61.48%
Epoch 159, cost = 1.822943, train_acc = 61.61% val_acc = 61.95%
Epoch 160, cost = 1.824517, train_acc = 61.43% val_acc = 61.64%
Epoch 161, cost = 1.821655, train_acc = 61.90% val_acc = 61.33%
Epoch 162, cost = 1.822814, train_acc = 61.99% val_acc = 61.48%
Epoch 163, cost = 1.829582, train_acc = 61.43% val_acc = 62.09%
Epoch 164, cost = 1.824629, train_acc = 62.20% val_acc = 61.67%
Epoch 165, cost = 1.820413, train_acc = 61.32% val_acc = 61.89%
Epoch 166, cost = 1.825724, train_acc = 61.63% val_acc = 61.83%
Epoch 167, cost = 1.825381, train_acc = 61.94% val_acc = 61.44%
Epoch 168, cost = 1.825985, train_acc = 61.61% val_acc = 60.49%
Epoch 169, cost = 1.822643, train_acc = 62.27% val_acc = 62.01%
Epoch 170, cost = 1.819833, train_acc = 61.75% val_acc = 62.46%
Epoch 171, cost = 1.821564, train_acc = 61.40% val_acc = 62.81%
Epoch 172, cost = 1.825192, train_acc = 61.52% val_acc = 61.57%
Epoch 173, cost = 1.829263, train_acc = 61.66% val_acc = 62.36%
Epoch 174, cost = 1.820970, train_acc = 61.27% val_acc = 61.85%
Epoch 175, cost = 1.820584, train_acc = 61.84% val_acc = 61.89%
Epoch 176, cost = 1.819455, train_acc = 61.78% val_acc = 62.42%
Epoch 177, cost = 1.825067, train_acc = 62.50% val_acc = 61.55%
Epoch 178, cost = 1.820035, train_acc = 62.40% val_acc = 61.36%
Epoch 179, cost = 1.828037, train_acc = 61.64% val_acc = 61.38%
Epoch 180, cost = 1.825419, train_acc = 62.06% val_acc = 61.61%
Epoch 181, cost = 1.822118, train_acc = 61.89% val_acc = 61.29%
Epoch 182, cost = 1.821367, train_acc = 61.97% val_acc = 61.79%
Epoch 183, cost = 1.825407, train_acc = 62.10% val_acc = 61.69%
Epoch 184, cost = 1.822546, train_acc = 61.11% val_acc = 61.53%
Epoch 185, cost = 1.823023, train_acc = 61.90% val_acc = 60.76%
Epoch 186, cost = 1.824952, train_acc = 62.05% val_acc = 62.73%
Epoch 187, cost = 1.824294, train_acc = 62.33% val_acc = 61.58%
Epoch 188, cost = 1.826987, train_acc = 61.57% val_acc = 60.80%
Epoch 189, cost = 1.826717, train_acc = 61.59% val_acc = 62.01%
Epoch 190, cost = 1.824144, train_acc = 61.46% val_acc = 62.45%
Epoch 191, cost = 1.820633, train_acc = 61.83% val_acc = 61.09%
Epoch 192, cost = 1.816356, train_acc = 61.92% val_acc = 61.23%
Epoch 193, cost = 1.826289, train_acc = 61.93% val_acc = 62.78%
Epoch 194, cost = 1.821176, train_acc = 62.54% val_acc = 61.17%
Epoch 195, cost = 1.820918, train_acc = 62.13% val_acc = 62.09%
Epoch 196, cost = 1.820966, train_acc = 61.70% val_acc = 62.16%
Epoch 197, cost = 1.819735, train_acc = 61.91% val_acc = 61.39%
Epoch 198, cost = 1.824001, train_acc = 62.35% val_acc = 61.85%
Epoch 199, cost = 1.818886, train_acc = 62.02% val_acc = 61.83%
Epoch 200, cost = 1.823851, train_acc = 61.27% val_acc = 61.80%
Epoch 201, cost = 1.820534, train_acc = 62.17% val_acc = 61.52%
Epoch 202, cost = 1.823902, train_acc = 61.76% val_acc = 61.93%
Epoch 203, cost = 1.825474, train_acc = 62.15% val_acc = 62.27%
Epoch 204, cost = 1.822499, train_acc = 62.04% val_acc = 62.04%
Epoch 205, cost = 1.825325, train_acc = 62.11% val_acc = 61.32%
Epoch 206, cost = 1.818657, train_acc = 62.08% val_acc = 62.03%
Epoch 207, cost = 1.818835, train_acc = 61.87% val_acc = 62.84%
Epoch 208, cost = 1.819241, train_acc = 62.10% val_acc = 60.65%
Epoch 209, cost = 1.817291, train_acc = 61.56% val_acc = 61.03%
Epoch 210, cost = 1.819004, train_acc = 61.79% val_acc = 61.80%
Epoch 211, cost = 1.820743, train_acc = 62.27% val_acc = 61.63%
Epoch 212, cost = 1.820049, train_acc = 62.54% val_acc = 61.54%
Epoch 213, cost = 1.822006, train_acc = 62.01% val_acc = 61.90%
Epoch 214, cost = 1.816121, train_acc = 62.41% val_acc = 61.70%
Epoch 215, cost = 1.820745, train_acc = 62.49% val_acc = 61.63%
Epoch 216, cost = 1.819384, train_acc = 62.50% val_acc = 63.36%
Epoch 217, cost = 1.819399, train_acc = 62.37% val_acc = 62.62%
Epoch 218, cost = 1.820722, train_acc = 61.73% val_acc = 61.87%
Epoch 219, cost = 1.820853, train_acc = 62.07% val_acc = 61.88%
Epoch 220, cost = 1.818009, train_acc = 61.88% val_acc = 62.33%
Epoch 221, cost = 1.822150, train_acc = 61.93% val_acc = 61.87%
Epoch 222, cost = 1.826245, train_acc = 62.26% val_acc = 62.26%
Epoch 223, cost = 1.823350, train_acc = 62.00% val_acc = 61.48%
Epoch 224, cost = 1.817008, train_acc = 62.14% val_acc = 61.49%
Epoch 225, cost = 1.822154, train_acc = 61.66% val_acc = 62.39%
Epoch 226, cost = 1.823637, train_acc = 62.51% val_acc = 61.98%
Epoch 227, cost = 1.819914, train_acc = 61.64% val_acc = 62.10%
Epoch 228, cost = 1.820910, train_acc = 62.10% val_acc = 62.55%
Epoch 229, cost = 1.824332, train_acc = 62.22% val_acc = 62.59%
Epoch 230, cost = 1.822284, train_acc = 62.21% val_acc = 62.04%
Epoch 231, cost = 1.814514, train_acc = 62.52% val_acc = 61.79%
Epoch 232, cost = 1.817112, train_acc = 62.42% val_acc = 62.17%
Epoch 233, cost = 1.815652, train_acc = 62.43% val_acc = 61.80%
Epoch 234, cost = 1.822537, train_acc = 62.66% val_acc = 61.26%
Epoch 235, cost = 1.813923, train_acc = 62.91% val_acc = 61.90%
Epoch 236, cost = 1.821975, train_acc = 62.53% val_acc = 61.36%
Epoch 237, cost = 1.823462, train_acc = 61.99% val_acc = 61.90%
Epoch 238, cost = 1.823220, train_acc = 61.92% val_acc = 62.00%
Epoch 239, cost = 1.819238, train_acc = 62.65% val_acc = 62.12%
Epoch 240, cost = 1.823926, train_acc = 62.17% val_acc = 62.04%
Epoch 241, cost = 1.822157, train_acc = 62.25% val_acc = 61.33%
Epoch 242, cost = 1.820553, train_acc = 62.06% val_acc = 61.97%
Epoch 243, cost = 1.822053, train_acc = 62.18% val_acc = 61.44%
Epoch 244, cost = 1.819790, train_acc = 62.22% val_acc = 61.94%
Epoch 245, cost = 1.818951, train_acc = 62.42% val_acc = 62.29%
Epoch 246, cost = 1.816334, train_acc = 62.68% val_acc = 62.45%
Epoch 247, cost = 1.824057, train_acc = 61.90% val_acc = 62.34%
Epoch 248, cost = 1.822935, train_acc = 62.04% val_acc = 62.19%
Epoch 249, cost = 1.820159, train_acc = 62.27% val_acc = 62.89%
Epoch 250, cost = 1.817554, train_acc = 62.30% val_acc = 62.63%
Epoch 251, cost = 1.821157, train_acc = 62.36% val_acc = 61.91%
Epoch 252, cost = 1.812057, train_acc = 62.21% val_acc = 62.76%
Epoch 253, cost = 1.819518, train_acc = 62.50% val_acc = 61.91%
Epoch 254, cost = 1.815472, train_acc = 62.59% val_acc = 61.20%
Epoch 255, cost = 1.817474, train_acc = 62.40% val_acc = 61.89%
Epoch 256, cost = 1.820058, train_acc = 62.09% val_acc = 62.29%
Epoch 257, cost = 1.821588, train_acc = 61.86% val_acc = 62.15%
Epoch 258, cost = 1.818392, train_acc = 63.04% val_acc = 61.14%
Epoch 259, cost = 1.818175, train_acc = 62.81% val_acc = 62.38%
Epoch 260, cost = 1.820682, train_acc = 62.55% val_acc = 61.84%
Epoch 261, cost = 1.819055, train_acc = 62.56% val_acc = 61.16%
Epoch 262, cost = 1.819545, train_acc = 62.13% val_acc = 61.68%
Epoch 263, cost = 1.818836, train_acc = 62.12% val_acc = 61.40%
Epoch 264, cost = 1.823200, train_acc = 62.24% val_acc = 61.47%
Epoch 265, cost = 1.822583, train_acc = 63.09% val_acc = 62.07%
Epoch 266, cost = 1.819494, train_acc = 62.73% val_acc = 61.91%
Epoch 267, cost = 1.819846, train_acc = 62.52% val_acc = 62.06%
Epoch 268, cost = 1.821533, train_acc = 62.57% val_acc = 61.36%
Epoch 269, cost = 1.817174, train_acc = 62.38% val_acc = 61.49%
Epoch 270, cost = 1.816254, train_acc = 63.06% val_acc = 62.00%
Epoch 271, cost = 1.819824, train_acc = 61.95% val_acc = 61.20%
Epoch 272, cost = 1.815593, train_acc = 62.30% val_acc = 61.89%
Epoch 273, cost = 1.816400, train_acc = 62.46% val_acc = 62.03%
Epoch 274, cost = 1.820130, train_acc = 61.93% val_acc = 61.84%
Epoch 275, cost = 1.813659, train_acc = 62.63% val_acc = 61.89%
Epoch 276, cost = 1.815398, train_acc = 62.25% val_acc = 61.60%
Epoch 277, cost = 1.820723, train_acc = 61.88% val_acc = 61.55%
Epoch 278, cost = 1.818273, train_acc = 62.60% val_acc = 61.98%
Epoch 279, cost = 1.814604, train_acc = 62.51% val_acc = 62.77%
Epoch 280, cost = 1.817908, train_acc = 63.47% val_acc = 62.10%
Epoch 281, cost = 1.819847, train_acc = 62.47% val_acc = 61.86%
Epoch 282, cost = 1.818036, train_acc = 62.46% val_acc = 61.58%
Epoch 283, cost = 1.811229, train_acc = 62.40% val_acc = 61.77%
Epoch 284, cost = 1.814807, train_acc = 61.90% val_acc = 61.21%
Epoch 285, cost = 1.811927, train_acc = 62.61% val_acc = 62.04%
Epoch 286, cost = 1.817929, train_acc = 62.35% val_acc = 61.91%
Epoch 287, cost = 1.818468, train_acc = 62.49% val_acc = 61.07%
Epoch 288, cost = 1.813907, train_acc = 62.52% val_acc = 61.49%
Epoch 289, cost = 1.816462, train_acc = 62.55% val_acc = 62.82%
Epoch 290, cost = 1.815760, train_acc = 62.17% val_acc = 61.60%
Epoch 291, cost = 1.816201, train_acc = 62.58% val_acc = 62.08%
Epoch 292, cost = 1.819329, train_acc = 62.60% val_acc = 62.21%
Epoch 293, cost = 1.817668, train_acc = 62.51% val_acc = 61.46%
Epoch 294, cost = 1.819092, train_acc = 62.64% val_acc = 62.23%
Epoch 295, cost = 1.812782, train_acc = 62.16% val_acc = 61.82%
Epoch 296, cost = 1.814024, train_acc = 63.41% val_acc = 62.16%
Epoch 297, cost = 1.813717, train_acc = 62.49% val_acc = 61.49%
Epoch 298, cost = 1.817350, train_acc = 62.31% val_acc = 62.23%
Epoch 299, cost = 1.815809, train_acc = 62.44% val_acc = 61.10%
Epoch 300, cost = 1.814593, train_acc = 63.06% val_acc = 61.73%
Epoch 301, cost = 1.817564, train_acc = 62.55% val_acc = 61.42%
Epoch 302, cost = 1.819543, train_acc = 62.74% val_acc = 62.07%
Epoch 303, cost = 1.816817, train_acc = 62.67% val_acc = 61.08%
Epoch 304, cost = 1.816239, train_acc = 62.41% val_acc = 61.75%
Epoch 305, cost = 1.818216, train_acc = 62.36% val_acc = 61.76%
Epoch 306, cost = 1.816798, train_acc = 62.59% val_acc = 61.90%
Epoch 307, cost = 1.816894, train_acc = 62.50% val_acc = 62.15%
Epoch 308, cost = 1.813418, train_acc = 62.90% val_acc = 61.74%
Epoch 309, cost = 1.817357, train_acc = 62.36% val_acc = 61.91%
Epoch 310, cost = 1.815193, train_acc = 63.00% val_acc = 61.44%
Epoch 311, cost = 1.813761, train_acc = 62.37% val_acc = 61.27%
Epoch 312, cost = 1.811239, train_acc = 62.87% val_acc = 62.03%
Epoch 313, cost = 1.813234, train_acc = 63.55% val_acc = 61.38%
Epoch 314, cost = 1.820240, train_acc = 62.46% val_acc = 61.31%
Epoch 315, cost = 1.811765, train_acc = 62.54% val_acc = 62.27%
Epoch 316, cost = 1.813039, train_acc = 62.48% val_acc = 62.18%
Epoch 317, cost = 1.815839, train_acc = 62.09% val_acc = 61.79%
Epoch 318, cost = 1.816953, train_acc = 62.69% val_acc = 61.33%
Epoch 319, cost = 1.814077, train_acc = 62.45% val_acc = 62.07%
Epoch 320, cost = 1.815308, train_acc = 62.90% val_acc = 61.38%
Epoch 321, cost = 1.816000, train_acc = 62.95% val_acc = 61.31%
Epoch 322, cost = 1.812133, train_acc = 62.40% val_acc = 61.76%
Epoch 323, cost = 1.810839, train_acc = 62.39% val_acc = 61.77%
Epoch 324, cost = 1.812686, train_acc = 63.14% val_acc = 61.70%
Epoch 325, cost = 1.819007, train_acc = 62.90% val_acc = 60.94%
Epoch 326, cost = 1.815919, train_acc = 62.12% val_acc = 61.41%
Epoch 327, cost = 1.818661, train_acc = 62.81% val_acc = 61.68%
Epoch 328, cost = 1.816674, train_acc = 62.52% val_acc = 62.08%
Epoch 329, cost = 1.815352, train_acc = 62.18% val_acc = 62.22%
Epoch 330, cost = 1.814483, train_acc = 62.44% val_acc = 62.07%
Epoch 331, cost = 1.815142, train_acc = 63.11% val_acc = 62.76%
Epoch 332, cost = 1.814620, train_acc = 62.23% val_acc = 62.15%
Epoch 333, cost = 1.815237, train_acc = 62.87% val_acc = 62.62%
Epoch 334, cost = 1.816236, train_acc = 63.12% val_acc = 61.21%
Epoch 335, cost = 1.815666, train_acc = 62.19% val_acc = 61.66%
Epoch 336, cost = 1.813310, train_acc = 62.34% val_acc = 61.57%
Epoch 337, cost = 1.811895, train_acc = 62.47% val_acc = 61.89%
Epoch 338, cost = 1.815455, train_acc = 62.63% val_acc = 62.17%
Epoch 339, cost = 1.817729, train_acc = 62.17% val_acc = 61.25%
Epoch 340, cost = 1.815203, train_acc = 62.71% val_acc = 61.34%
Epoch 341, cost = 1.814258, train_acc = 62.41% val_acc = 61.93%
Epoch 342, cost = 1.814097, train_acc = 62.52% val_acc = 61.70%
Epoch 343, cost = 1.814972, train_acc = 62.52% val_acc = 61.77%
Epoch 344, cost = 1.817583, train_acc = 62.45% val_acc = 62.48%
Epoch 345, cost = 1.817898, train_acc = 62.81% val_acc = 62.09%
Epoch 346, cost = 1.814078, train_acc = 62.39% val_acc = 62.15%
Epoch 347, cost = 1.814818, train_acc = 62.71% val_acc = 61.65%
Epoch 348, cost = 1.813892, train_acc = 62.27% val_acc = 61.21%
Epoch 349, cost = 1.815823, train_acc = 62.35% val_acc = 61.74%
Epoch 350, cost = 1.814458, train_acc = 62.61% val_acc = 62.26%
Epoch 351, cost = 1.818201, train_acc = 62.59% val_acc = 61.41%
Epoch 352, cost = 1.810933, train_acc = 62.33% val_acc = 61.87%
Epoch 353, cost = 1.815311, train_acc = 62.21% val_acc = 61.69%
Epoch 354, cost = 1.815217, train_acc = 62.62% val_acc = 61.72%
Epoch 355, cost = 1.817669, train_acc = 62.63% val_acc = 61.55%
Epoch 356, cost = 1.816751, train_acc = 62.96% val_acc = 62.62%
Epoch 357, cost = 1.814534, train_acc = 62.79% val_acc = 61.59%
Epoch 358, cost = 1.816234, train_acc = 62.69% val_acc = 62.05%
Epoch 359, cost = 1.811853, train_acc = 62.90% val_acc = 62.61%
Epoch 360, cost = 1.814030, train_acc = 62.47% val_acc = 62.34%
Epoch 361, cost = 1.812136, train_acc = 62.23% val_acc = 61.87%
Epoch 362, cost = 1.812142, train_acc = 62.69% val_acc = 62.42%
Epoch 363, cost = 1.813617, train_acc = 62.74% val_acc = 61.39%
Epoch 364, cost = 1.811975, train_acc = 62.52% val_acc = 62.39%
Epoch 365, cost = 1.817341, train_acc = 62.78% val_acc = 61.23%
Epoch 366, cost = 1.813952, train_acc = 63.17% val_acc = 62.16%
Epoch 367, cost = 1.813501, train_acc = 62.56% val_acc = 61.75%
Epoch 368, cost = 1.811576, train_acc = 62.65% val_acc = 61.82%
Epoch 369, cost = 1.816131, train_acc = 62.94% val_acc = 61.29%
Epoch 370, cost = 1.815543, train_acc = 62.71% val_acc = 62.00%
Epoch 371, cost = 1.814381, train_acc = 62.90% val_acc = 62.25%
Epoch 372, cost = 1.813639, train_acc = 62.09% val_acc = 61.36%
Epoch 373, cost = 1.813296, train_acc = 63.17% val_acc = 62.16%
Epoch 374, cost = 1.818908, train_acc = 62.57% val_acc = 62.74%
Epoch 375, cost = 1.810802, train_acc = 62.84% val_acc = 62.19%
Epoch 376, cost = 1.811788, train_acc = 63.39% val_acc = 62.41%
Epoch 377, cost = 1.813732, train_acc = 62.50% val_acc = 60.95%
Epoch 378, cost = 1.816698, train_acc = 63.20% val_acc = 62.09%
Epoch 379, cost = 1.816449, train_acc = 62.56% val_acc = 61.93%
Epoch 380, cost = 1.812169, train_acc = 62.75% val_acc = 61.62%
Epoch 381, cost = 1.810049, train_acc = 62.54% val_acc = 61.66%
Epoch 382, cost = 1.811856, train_acc = 62.82% val_acc = 61.84%
Epoch 383, cost = 1.813164, train_acc = 62.81% val_acc = 61.58%
Epoch 384, cost = 1.812871, train_acc = 62.63% val_acc = 61.97%
Epoch 385, cost = 1.812806, train_acc = 62.43% val_acc = 62.57%
Epoch 386, cost = 1.811619, train_acc = 63.00% val_acc = 62.55%
Epoch 387, cost = 1.812806, train_acc = 62.46% val_acc = 61.59%
Epoch 388, cost = 1.815710, train_acc = 62.96% val_acc = 61.31%
Epoch 389, cost = 1.817482, train_acc = 63.27% val_acc = 61.69%
Epoch 390, cost = 1.810322, train_acc = 62.71% val_acc = 62.58%
Epoch 391, cost = 1.810285, train_acc = 62.46% val_acc = 62.45%
Epoch 392, cost = 1.813302, train_acc = 62.64% val_acc = 62.18%
Epoch 393, cost = 1.812306, train_acc = 62.52% val_acc = 61.95%
Epoch 394, cost = 1.812534, train_acc = 62.42% val_acc = 61.88%
Epoch 395, cost = 1.821607, train_acc = 62.50% val_acc = 61.63%
Epoch 396, cost = 1.811466, train_acc = 62.70% val_acc = 62.03%
Epoch 397, cost = 1.815612, train_acc = 63.11% val_acc = 62.21%
Epoch 398, cost = 1.815143, train_acc = 62.63% val_acc = 61.65%
Epoch 399, cost = 1.810540, train_acc = 63.05% val_acc = 62.46%
Epoch 400, cost = 1.815209, train_acc = 62.85% val_acc = 61.65%
Epoch 401, cost = 1.815464, train_acc = 62.93% val_acc = 61.89%
Epoch 402, cost = 1.817040, train_acc = 63.09% val_acc = 62.24%
Epoch 403, cost = 1.809491, train_acc = 62.92% val_acc = 62.31%
Epoch 404, cost = 1.814429, train_acc = 63.10% val_acc = 62.47%
Epoch 405, cost = 1.812434, train_acc = 63.00% val_acc = 62.30%
Epoch 406, cost = 1.814562, train_acc = 63.18% val_acc = 62.57%
Epoch 407, cost = 1.818968, train_acc = 62.39% val_acc = 62.09%
Epoch 408, cost = 1.813867, train_acc = 62.89% val_acc = 62.59%
Epoch 409, cost = 1.810718, train_acc = 62.37% val_acc = 61.90%
Epoch 410, cost = 1.815520, train_acc = 63.19% val_acc = 62.67%
Epoch 411, cost = 1.814374, train_acc = 62.97% val_acc = 62.02%
Epoch 412, cost = 1.817249, train_acc = 62.87% val_acc = 62.06%
Epoch 413, cost = 1.813674, train_acc = 62.80% val_acc = 62.17%
Epoch 414, cost = 1.810736, train_acc = 62.88% val_acc = 61.71%
Epoch 415, cost = 1.809906, train_acc = 62.24% val_acc = 61.76%
Epoch 416, cost = 1.815430, train_acc = 62.33% val_acc = 62.30%
Epoch 417, cost = 1.813821, train_acc = 63.04% val_acc = 62.23%
Epoch 418, cost = 1.809861, train_acc = 62.66% val_acc = 62.24%
Epoch 419, cost = 1.812646, train_acc = 63.27% val_acc = 62.33%
Epoch 420, cost = 1.815552, train_acc = 63.00% val_acc = 61.38%
Epoch 421, cost = 1.813742, train_acc = 62.76% val_acc = 61.66%
Epoch 422, cost = 1.811076, train_acc = 62.86% val_acc = 62.61%
Epoch 423, cost = 1.816326, train_acc = 62.47% val_acc = 62.42%
Epoch 424, cost = 1.812330, train_acc = 62.64% val_acc = 61.49%
Epoch 425, cost = 1.812583, train_acc = 62.83% val_acc = 62.14%
Epoch 426, cost = 1.816633, train_acc = 62.87% val_acc = 61.66%
Epoch 427, cost = 1.811220, train_acc = 62.88% val_acc = 61.62%
Epoch 428, cost = 1.817453, train_acc = 62.81% val_acc = 61.30%
Epoch 429, cost = 1.809401, train_acc = 62.75% val_acc = 62.41%
Epoch 430, cost = 1.813720, train_acc = 62.87% val_acc = 62.78%
Epoch 431, cost = 1.814996, train_acc = 62.00% val_acc = 62.09%
Epoch 432, cost = 1.810424, train_acc = 62.90% val_acc = 61.12%
Epoch 433, cost = 1.811192, train_acc = 62.77% val_acc = 61.50%
Epoch 434, cost = 1.812182, train_acc = 62.63% val_acc = 62.40%
Epoch 435, cost = 1.810938, train_acc = 62.43% val_acc = 61.37%
Epoch 436, cost = 1.813840, train_acc = 62.64% val_acc = 61.74%
Epoch 437, cost = 1.810156, train_acc = 63.34% val_acc = 62.13%
Epoch 438, cost = 1.813751, train_acc = 62.87% val_acc = 62.29%
Epoch 439, cost = 1.816662, train_acc = 62.53% val_acc = 61.56%
Epoch 440, cost = 1.812361, train_acc = 62.30% val_acc = 62.10%
Epoch 441, cost = 1.811341, train_acc = 63.06% val_acc = 61.83%
Epoch 442, cost = 1.811335, train_acc = 63.12% val_acc = 62.20%
Epoch 443, cost = 1.813463, train_acc = 62.78% val_acc = 62.04%
Epoch 444, cost = 1.810898, train_acc = 62.77% val_acc = 61.97%
Epoch 445, cost = 1.810746, train_acc = 62.83% val_acc = 62.74%
Epoch 446, cost = 1.811767, train_acc = 62.94% val_acc = 61.89%
Epoch 447, cost = 1.812895, train_acc = 62.67% val_acc = 62.39%
Epoch 448, cost = 1.812898, train_acc = 62.87% val_acc = 62.33%
Epoch 449, cost = 1.818095, train_acc = 62.30% val_acc = 61.39%
Epoch 450, cost = 1.809760, train_acc = 62.86% val_acc = 62.17%
Epoch 451, cost = 1.811905, train_acc = 62.75% val_acc = 61.75%
Epoch 452, cost = 1.810094, train_acc = 62.88% val_acc = 61.88%
Epoch 453, cost = 1.811640, train_acc = 63.09% val_acc = 61.29%
Epoch 454, cost = 1.809911, train_acc = 63.11% val_acc = 61.82%
Epoch 455, cost = 1.812776, train_acc = 62.96% val_acc = 62.78%
Epoch 456, cost = 1.815370, train_acc = 62.99% val_acc = 62.39%
Epoch 457, cost = 1.814734, train_acc = 62.77% val_acc = 62.71%
Epoch 458, cost = 1.816658, train_acc = 62.42% val_acc = 62.14%
Epoch 459, cost = 1.815564, train_acc = 62.49% val_acc = 61.91%
Epoch 460, cost = 1.812415, train_acc = 62.95% val_acc = 62.07%
Epoch 461, cost = 1.810058, train_acc = 63.02% val_acc = 62.62%
Epoch 462, cost = 1.814512, train_acc = 63.15% val_acc = 62.04%
Epoch 463, cost = 1.808578, train_acc = 62.17% val_acc = 62.29%
Epoch 464, cost = 1.812787, train_acc = 62.59% val_acc = 62.05%
Epoch 465, cost = 1.811989, train_acc = 62.91% val_acc = 62.60%
Epoch 466, cost = 1.816391, train_acc = 62.70% val_acc = 61.71%
Epoch 467, cost = 1.815633, train_acc = 62.97% val_acc = 61.85%
Epoch 468, cost = 1.815460, train_acc = 63.05% val_acc = 62.01%
Epoch 469, cost = 1.814368, train_acc = 62.96% val_acc = 61.95%
Epoch 470, cost = 1.810609, train_acc = 62.82% val_acc = 62.65%
Epoch 471, cost = 1.812422, train_acc = 62.80% val_acc = 61.29%
Epoch 472, cost = 1.811215, train_acc = 62.87% val_acc = 61.37%
Epoch 473, cost = 1.812822, train_acc = 63.10% val_acc = 61.50%
Epoch 474, cost = 1.813464, train_acc = 62.82% val_acc = 61.63%
Epoch 475, cost = 1.810048, train_acc = 62.76% val_acc = 62.02%
Epoch 476, cost = 1.809716, train_acc = 62.87% val_acc = 61.45%
Epoch 477, cost = 1.813008, train_acc = 63.02% val_acc = 61.80%
Epoch 478, cost = 1.811718, train_acc = 63.33% val_acc = 62.06%
Epoch 479, cost = 1.809386, train_acc = 63.23% val_acc = 61.65%
Epoch 480, cost = 1.814748, train_acc = 62.66% val_acc = 62.04%
Epoch 481, cost = 1.811998, train_acc = 62.67% val_acc = 61.72%
Epoch 482, cost = 1.815485, train_acc = 62.96% val_acc = 62.22%
Epoch 483, cost = 1.816378, train_acc = 62.32% val_acc = 61.67%
Epoch 484, cost = 1.808764, train_acc = 62.83% val_acc = 62.12%
Epoch 485, cost = 1.809459, train_acc = 62.59% val_acc = 61.63%
Epoch 486, cost = 1.811854, train_acc = 62.78% val_acc = 61.76%
Epoch 487, cost = 1.813703, train_acc = 62.70% val_acc = 61.90%
Epoch 488, cost = 1.812784, train_acc = 63.40% val_acc = 62.32%
Epoch 489, cost = 1.814283, train_acc = 62.64% val_acc = 61.80%
Epoch 490, cost = 1.813859, train_acc = 63.25% val_acc = 61.83%
Epoch 491, cost = 1.814729, train_acc = 62.80% val_acc = 62.45%
Epoch 492, cost = 1.817880, train_acc = 63.29% val_acc = 62.18%
Epoch 493, cost = 1.814658, train_acc = 62.78% val_acc = 61.26%
Epoch 494, cost = 1.811825, train_acc = 63.13% val_acc = 61.81%
Epoch 495, cost = 1.811325, train_acc = 62.81% val_acc = 61.36%
Epoch 496, cost = 1.809245, train_acc = 63.02% val_acc = 62.35%
Epoch 497, cost = 1.818916, train_acc = 62.79% val_acc = 61.95%
Epoch 498, cost = 1.813431, train_acc = 63.18% val_acc = 62.04%
Epoch 499, cost = 1.807228, train_acc = 63.08% val_acc = 61.42%
Epoch 500, cost = 1.811848, train_acc = 62.87% val_acc = 62.29%
Epoch 501, cost = 1.811381, train_acc = 62.61% val_acc = 62.07%
Epoch 502, cost = 1.806962, train_acc = 63.07% val_acc = 61.83%
Epoch 503, cost = 1.810919, train_acc = 62.43% val_acc = 62.11%
Epoch 504, cost = 1.808331, train_acc = 62.84% val_acc = 61.26%
Epoch 505, cost = 1.808737, train_acc = 62.96% val_acc = 62.71%
Epoch 506, cost = 1.809202, train_acc = 63.20% val_acc = 62.24%
Epoch 507, cost = 1.809945, train_acc = 62.43% val_acc = 61.62%
Epoch 508, cost = 1.810452, train_acc = 63.03% val_acc = 62.39%
Epoch 509, cost = 1.806071, train_acc = 62.94% val_acc = 61.66%
Epoch 510, cost = 1.811665, train_acc = 62.94% val_acc = 61.97%
Epoch 511, cost = 1.814991, train_acc = 62.83% val_acc = 61.93%
Epoch 512, cost = 1.813277, train_acc = 63.16% val_acc = 62.15%
Epoch 513, cost = 1.813897, train_acc = 62.79% val_acc = 62.27%
Epoch 514, cost = 1.812792, train_acc = 62.68% val_acc = 61.91%
Epoch 515, cost = 1.812905, train_acc = 62.48% val_acc = 62.07%
Epoch 516, cost = 1.814014, train_acc = 63.00% val_acc = 61.13%
Epoch 517, cost = 1.811046, train_acc = 63.14% val_acc = 62.96%
Epoch 518, cost = 1.808576, train_acc = 62.66% val_acc = 62.05%
Epoch 519, cost = 1.807871, train_acc = 63.04% val_acc = 62.14%
Epoch 520, cost = 1.811409, train_acc = 62.91% val_acc = 61.55%
Epoch 521, cost = 1.809371, train_acc = 63.08% val_acc = 61.76%
Epoch 522, cost = 1.814082, train_acc = 63.18% val_acc = 62.49%
Epoch 523, cost = 1.808814, train_acc = 63.61% val_acc = 61.90%
Epoch 524, cost = 1.807510, train_acc = 62.53% val_acc = 61.87%
Epoch 525, cost = 1.814953, train_acc = 62.78% val_acc = 61.74%
Epoch 526, cost = 1.812626, train_acc = 62.64% val_acc = 62.36%
Epoch 527, cost = 1.816273, train_acc = 62.85% val_acc = 62.65%
Epoch 528, cost = 1.808900, train_acc = 63.18% val_acc = 62.76%
Epoch 529, cost = 1.812744, train_acc = 62.54% val_acc = 61.97%
Epoch 530, cost = 1.813094, train_acc = 63.02% val_acc = 62.73%
Epoch 531, cost = 1.810016, train_acc = 62.46% val_acc = 61.43%
Epoch 532, cost = 1.812265, train_acc = 63.02% val_acc = 62.59%
Epoch 533, cost = 1.816091, train_acc = 63.33% val_acc = 61.86%
Epoch 534, cost = 1.808969, train_acc = 62.86% val_acc = 62.78%
Epoch 535, cost = 1.807543, train_acc = 62.98% val_acc = 61.67%
Epoch 536, cost = 1.811086, train_acc = 62.77% val_acc = 62.58%
Epoch 537, cost = 1.813564, train_acc = 62.93% val_acc = 62.03%
Epoch 538, cost = 1.808890, train_acc = 63.22% val_acc = 62.39%
Epoch 539, cost = 1.811567, train_acc = 63.26% val_acc = 62.55%
Epoch 540, cost = 1.807490, train_acc = 63.17% val_acc = 61.93%
Epoch 541, cost = 1.810712, train_acc = 63.21% val_acc = 62.45%
Epoch 542, cost = 1.813578, train_acc = 63.18% val_acc = 61.74%
Epoch 543, cost = 1.810831, train_acc = 63.53% val_acc = 62.43%
Epoch 544, cost = 1.812443, train_acc = 62.92% val_acc = 62.36%
Epoch 545, cost = 1.815954, train_acc = 62.55% val_acc = 60.98%
Epoch 546, cost = 1.813953, train_acc = 63.34% val_acc = 62.16%
Epoch 547, cost = 1.810580, train_acc = 63.19% val_acc = 61.90%
Epoch 548, cost = 1.806385, train_acc = 62.85% val_acc = 62.10%
Epoch 549, cost = 1.812774, train_acc = 63.09% val_acc = 62.22%
Epoch 550, cost = 1.810820, train_acc = 62.87% val_acc = 61.65%
Epoch 551, cost = 1.810865, train_acc = 63.03% val_acc = 62.22%
Epoch 552, cost = 1.809798, train_acc = 63.30% val_acc = 61.46%
Epoch 553, cost = 1.810626, train_acc = 63.17% val_acc = 61.70%
Epoch 554, cost = 1.812521, train_acc = 63.17% val_acc = 62.74%
Epoch 555, cost = 1.812223, train_acc = 63.08% val_acc = 62.30%
Epoch 556, cost = 1.809210, train_acc = 62.92% val_acc = 62.20%
Epoch 557, cost = 1.809030, train_acc = 63.06% val_acc = 61.10%
Epoch 558, cost = 1.811303, train_acc = 62.98% val_acc = 61.81%
Epoch 559, cost = 1.809332, train_acc = 62.80% val_acc = 62.59%
Epoch 560, cost = 1.815753, train_acc = 62.79% val_acc = 62.13%
Epoch 561, cost = 1.807007, train_acc = 62.79% val_acc = 62.22%
Epoch 562, cost = 1.809303, train_acc = 62.39% val_acc = 61.91%
Epoch 563, cost = 1.807562, train_acc = 63.24% val_acc = 61.63%
Epoch 564, cost = 1.808103, train_acc = 63.14% val_acc = 62.36%
Epoch 565, cost = 1.808462, train_acc = 62.45% val_acc = 62.19%
Epoch 566, cost = 1.813446, train_acc = 62.78% val_acc = 62.26%
Epoch 567, cost = 1.809923, train_acc = 62.78% val_acc = 61.56%
Epoch 568, cost = 1.815097, train_acc = 63.13% val_acc = 61.72%
Epoch 569, cost = 1.811119, train_acc = 62.81% val_acc = 61.97%
Epoch 570, cost = 1.813559, train_acc = 63.27% val_acc = 61.92%
Epoch 571, cost = 1.813153, train_acc = 62.80% val_acc = 61.81%
Epoch 572, cost = 1.802968, train_acc = 63.10% val_acc = 61.82%
Epoch 573, cost = 1.809590, train_acc = 63.45% val_acc = 61.67%
Epoch 574, cost = 1.810282, train_acc = 63.16% val_acc = 61.70%
Epoch 575, cost = 1.809905, train_acc = 62.78% val_acc = 62.44%
Epoch 576, cost = 1.807286, train_acc = 62.89% val_acc = 62.32%
Epoch 577, cost = 1.813109, train_acc = 62.99% val_acc = 62.06%
Epoch 578, cost = 1.812771, train_acc = 63.14% val_acc = 61.86%
Epoch 579, cost = 1.807635, train_acc = 62.61% val_acc = 62.17%
Epoch 580, cost = 1.809224, train_acc = 63.31% val_acc = 61.14%
Epoch 581, cost = 1.809001, train_acc = 62.70% val_acc = 62.07%
Epoch 582, cost = 1.809015, train_acc = 62.63% val_acc = 61.94%
Epoch 583, cost = 1.809833, train_acc = 62.90% val_acc = 62.67%
Epoch 584, cost = 1.813925, train_acc = 62.77% val_acc = 62.32%
Epoch 585, cost = 1.813230, train_acc = 63.21% val_acc = 60.86%
Epoch 586, cost = 1.811456, train_acc = 63.41% val_acc = 63.28%
Epoch 587, cost = 1.814163, train_acc = 63.55% val_acc = 61.17%
Epoch 588, cost = 1.809008, train_acc = 62.66% val_acc = 61.91%
Epoch 589, cost = 1.806376, train_acc = 62.97% val_acc = 62.09%
Epoch 590, cost = 1.817753, train_acc = 63.08% val_acc = 62.86%
Epoch 591, cost = 1.806835, train_acc = 63.33% val_acc = 61.75%
Epoch 592, cost = 1.808660, train_acc = 62.98% val_acc = 62.57%
Epoch 593, cost = 1.806564, train_acc = 62.83% val_acc = 62.17%
Epoch 594, cost = 1.805854, train_acc = 63.11% val_acc = 62.25%
Epoch 595, cost = 1.807202, train_acc = 62.72% val_acc = 61.16%
Epoch 596, cost = 1.810800, train_acc = 62.83% val_acc = 61.98%
Epoch 597, cost = 1.808114, train_acc = 63.27% val_acc = 62.64%
Epoch 598, cost = 1.810210, train_acc = 63.26% val_acc = 61.60%
Epoch 599, cost = 1.812206, train_acc = 63.33% val_acc = 62.01%
Epoch 600, cost = 1.809083, train_acc = 62.78% val_acc = 61.31%
Epoch 601, cost = 1.811100, train_acc = 62.41% val_acc = 61.91%
Epoch 602, cost = 1.813636, train_acc = 63.12% val_acc = 62.14%
Epoch 603, cost = 1.811000, train_acc = 63.62% val_acc = 62.50%
Epoch 604, cost = 1.811062, train_acc = 63.32% val_acc = 62.30%
Epoch 605, cost = 1.811176, train_acc = 62.93% val_acc = 61.29%
Epoch 606, cost = 1.809003, train_acc = 63.53% val_acc = 61.28%
Epoch 607, cost = 1.806813, train_acc = 62.77% val_acc = 61.26%
Epoch 608, cost = 1.814737, train_acc = 63.08% val_acc = 61.71%
Epoch 609, cost = 1.806545, train_acc = 63.11% val_acc = 61.60%
Epoch 610, cost = 1.808888, train_acc = 62.76% val_acc = 61.34%
Epoch 611, cost = 1.807165, train_acc = 63.06% val_acc = 61.65%
Epoch 612, cost = 1.810885, train_acc = 62.89% val_acc = 62.95%
Epoch 613, cost = 1.812727, train_acc = 62.96% val_acc = 61.36%
Epoch 614, cost = 1.809974, train_acc = 63.07% val_acc = 62.04%
Epoch 615, cost = 1.813869, train_acc = 63.60% val_acc = 61.99%
Epoch 616, cost = 1.810316, train_acc = 63.37% val_acc = 61.04%
Epoch 617, cost = 1.807460, train_acc = 63.22% val_acc = 62.14%
Epoch 618, cost = 1.810050, train_acc = 63.21% val_acc = 62.25%
Epoch 619, cost = 1.809831, train_acc = 62.76% val_acc = 62.37%
Epoch 620, cost = 1.807199, train_acc = 63.10% val_acc = 62.24%
Epoch 621, cost = 1.810502, train_acc = 62.70% val_acc = 61.35%
Epoch 622, cost = 1.809515, train_acc = 63.17% val_acc = 61.52%
Epoch 623, cost = 1.811506, train_acc = 63.73% val_acc = 62.42%
Epoch 624, cost = 1.813613, train_acc = 63.26% val_acc = 62.08%
Epoch 625, cost = 1.810064, train_acc = 63.19% val_acc = 61.69%
Epoch 626, cost = 1.809010, train_acc = 62.86% val_acc = 62.57%
Epoch 627, cost = 1.809517, train_acc = 62.73% val_acc = 62.77%
Epoch 628, cost = 1.816157, train_acc = 63.08% val_acc = 62.42%
Epoch 629, cost = 1.813772, train_acc = 63.01% val_acc = 61.96%
Epoch 630, cost = 1.814018, train_acc = 62.48% val_acc = 61.78%
Epoch 631, cost = 1.810521, train_acc = 63.15% val_acc = 61.22%
Epoch 632, cost = 1.813981, train_acc = 63.74% val_acc = 61.73%
Epoch 633, cost = 1.807654, train_acc = 62.80% val_acc = 62.59%
Epoch 634, cost = 1.813067, train_acc = 63.33% val_acc = 61.20%
Epoch 635, cost = 1.813457, train_acc = 62.79% val_acc = 62.43%
Epoch 636, cost = 1.813333, train_acc = 63.16% val_acc = 62.90%
Epoch 637, cost = 1.810483, train_acc = 63.59% val_acc = 62.23%
Epoch 638, cost = 1.811796, train_acc = 63.27% val_acc = 62.15%
Epoch 639, cost = 1.811808, train_acc = 63.33% val_acc = 62.16%
Epoch 640, cost = 1.806732, train_acc = 62.63% val_acc = 62.42%
Epoch 641, cost = 1.809736, train_acc = 62.70% val_acc = 61.90%
Epoch 642, cost = 1.812536, train_acc = 62.80% val_acc = 62.33%
Epoch 643, cost = 1.808624, train_acc = 62.97% val_acc = 61.41%
Epoch 644, cost = 1.805871, train_acc = 62.99% val_acc = 61.95%
Epoch 645, cost = 1.812111, train_acc = 63.11% val_acc = 62.72%
Epoch 646, cost = 1.806924, train_acc = 63.00% val_acc = 62.22%
Epoch 647, cost = 1.807021, train_acc = 63.08% val_acc = 61.70%
Epoch 648, cost = 1.804858, train_acc = 62.79% val_acc = 62.29%
Epoch 649, cost = 1.806664, train_acc = 63.42% val_acc = 61.38%
Epoch 650, cost = 1.808789, train_acc = 62.90% val_acc = 61.83%
Epoch 651, cost = 1.813000, train_acc = 63.11% val_acc = 61.95%
Epoch 652, cost = 1.806245, train_acc = 62.73% val_acc = 61.72%
Epoch 653, cost = 1.809792, train_acc = 63.47% val_acc = 63.29%
Epoch 654, cost = 1.811800, train_acc = 63.31% val_acc = 63.13%
Epoch 655, cost = 1.810931, train_acc = 63.47% val_acc = 62.38%
Epoch 656, cost = 1.804673, train_acc = 62.38% val_acc = 62.99%
Epoch 657, cost = 1.807247, train_acc = 62.60% val_acc = 62.37%
Epoch 658, cost = 1.812474, train_acc = 63.18% val_acc = 62.11%
Epoch 659, cost = 1.808050, train_acc = 62.59% val_acc = 61.84%
Epoch 660, cost = 1.814530, train_acc = 63.11% val_acc = 62.11%
Epoch 661, cost = 1.810246, train_acc = 63.10% val_acc = 61.94%
Epoch 662, cost = 1.811176, train_acc = 62.92% val_acc = 62.03%
Epoch 663, cost = 1.806219, train_acc = 63.47% val_acc = 62.30%
Epoch 664, cost = 1.807679, train_acc = 62.94% val_acc = 62.48%
Epoch 665, cost = 1.814071, train_acc = 62.64% val_acc = 61.03%
Epoch 666, cost = 1.813408, train_acc = 63.26% val_acc = 61.12%
Epoch 667, cost = 1.808081, train_acc = 63.22% val_acc = 61.94%
Epoch 668, cost = 1.811997, train_acc = 63.02% val_acc = 61.78%
Epoch 669, cost = 1.810627, train_acc = 62.57% val_acc = 62.33%
Epoch 670, cost = 1.809341, train_acc = 63.44% val_acc = 63.08%
Epoch 671, cost = 1.810400, train_acc = 62.92% val_acc = 62.44%
Epoch 672, cost = 1.808556, train_acc = 62.67% val_acc = 62.69%
Epoch 673, cost = 1.813015, train_acc = 63.52% val_acc = 61.95%
Epoch 674, cost = 1.813153, train_acc = 63.36% val_acc = 61.56%
Epoch 675, cost = 1.813395, train_acc = 63.21% val_acc = 61.36%
Epoch 676, cost = 1.811481, train_acc = 63.54% val_acc = 62.38%
Epoch 677, cost = 1.807754, train_acc = 63.27% val_acc = 61.03%
Epoch 678, cost = 1.809867, train_acc = 63.24% val_acc = 62.79%
Epoch 679, cost = 1.806818, train_acc = 62.99% val_acc = 61.19%
Epoch 680, cost = 1.809011, train_acc = 63.32% val_acc = 62.27%
Epoch 681, cost = 1.809524, train_acc = 63.51% val_acc = 62.20%
Epoch 682, cost = 1.812251, train_acc = 63.19% val_acc = 62.66%
Epoch 683, cost = 1.809376, train_acc = 63.30% val_acc = 61.86%
Epoch 684, cost = 1.810562, train_acc = 62.93% val_acc = 62.87%
Epoch 685, cost = 1.813739, train_acc = 63.06% val_acc = 61.52%
Epoch 686, cost = 1.811087, train_acc = 63.30% val_acc = 62.66%
Epoch 687, cost = 1.809848, train_acc = 62.83% val_acc = 62.77%
Epoch 688, cost = 1.806878, train_acc = 62.81% val_acc = 61.71%
Epoch 689, cost = 1.810635, train_acc = 62.79% val_acc = 62.73%
Epoch 690, cost = 1.808843, train_acc = 63.29% val_acc = 62.37%
Epoch 691, cost = 1.809123, train_acc = 63.19% val_acc = 62.31%
Epoch 692, cost = 1.814661, train_acc = 63.08% val_acc = 61.44%
Epoch 693, cost = 1.808701, train_acc = 63.53% val_acc = 62.59%
Epoch 694, cost = 1.808313, train_acc = 63.06% val_acc = 61.83%
Epoch 695, cost = 1.809887, train_acc = 63.21% val_acc = 61.87%
Epoch 696, cost = 1.811258, train_acc = 63.21% val_acc = 62.35%
Epoch 697, cost = 1.808452, train_acc = 63.41% val_acc = 62.33%
Epoch 698, cost = 1.811466, train_acc = 62.96% val_acc = 62.17%
Epoch 699, cost = 1.807709, train_acc = 63.00% val_acc = 61.48%
Epoch 700, cost = 1.810182, train_acc = 62.83% val_acc = 62.38%
Epoch 701, cost = 1.811749, train_acc = 63.32% val_acc = 62.37%
Epoch 702, cost = 1.812377, train_acc = 62.86% val_acc = 62.57%
Epoch 703, cost = 1.805359, train_acc = 63.31% val_acc = 60.98%
Epoch 704, cost = 1.807790, train_acc = 63.44% val_acc = 62.37%
Epoch 705, cost = 1.808925, train_acc = 63.13% val_acc = 61.93%
Epoch 706, cost = 1.811943, train_acc = 63.23% val_acc = 61.44%
Epoch 707, cost = 1.809963, train_acc = 62.76% val_acc = 62.31%
Epoch 708, cost = 1.809263, train_acc = 63.34% val_acc = 62.30%
Epoch 709, cost = 1.809812, train_acc = 63.37% val_acc = 61.91%
Epoch 710, cost = 1.807367, train_acc = 62.36% val_acc = 61.44%
Epoch 711, cost = 1.811087, train_acc = 63.14% val_acc = 62.49%
Epoch 712, cost = 1.809734, train_acc = 62.59% val_acc = 61.52%
Epoch 713, cost = 1.807928, train_acc = 63.00% val_acc = 62.30%
Epoch 714, cost = 1.811464, train_acc = 62.73% val_acc = 62.30%
Epoch 715, cost = 1.812003, train_acc = 63.27% val_acc = 62.18%
Epoch 716, cost = 1.813033, train_acc = 62.71% val_acc = 62.33%
Epoch 717, cost = 1.807810, train_acc = 62.91% val_acc = 62.70%
Epoch 718, cost = 1.810661, train_acc = 62.31% val_acc = 62.41%
Epoch 719, cost = 1.807099, train_acc = 63.13% val_acc = 62.61%
Epoch 720, cost = 1.807324, train_acc = 62.91% val_acc = 61.81%
Epoch 721, cost = 1.807363, train_acc = 63.20% val_acc = 62.01%
Epoch 722, cost = 1.809276, train_acc = 63.40% val_acc = 61.95%
Epoch 723, cost = 1.808632, train_acc = 62.90% val_acc = 61.22%
Epoch 724, cost = 1.805533, train_acc = 63.12% val_acc = 62.17%
Epoch 725, cost = 1.810992, train_acc = 62.29% val_acc = 61.71%
Epoch 726, cost = 1.807694, train_acc = 62.87% val_acc = 62.12%
Epoch 727, cost = 1.811861, train_acc = 63.10% val_acc = 62.69%
Epoch 728, cost = 1.811660, train_acc = 63.60% val_acc = 62.12%
Epoch 729, cost = 1.808929, train_acc = 62.93% val_acc = 62.21%
Epoch 730, cost = 1.808129, train_acc = 63.17% val_acc = 61.39%
Epoch 731, cost = 1.808135, train_acc = 62.53% val_acc = 61.64%
Epoch 732, cost = 1.811877, train_acc = 62.72% val_acc = 61.74%
Epoch 733, cost = 1.810664, train_acc = 63.33% val_acc = 61.72%
Epoch 734, cost = 1.812231, train_acc = 63.85% val_acc = 61.85%
Epoch 735, cost = 1.808832, train_acc = 62.77% val_acc = 62.30%
Epoch 736, cost = 1.806452, train_acc = 63.34% val_acc = 61.51%
Epoch 737, cost = 1.809159, train_acc = 63.07% val_acc = 61.91%
Epoch 738, cost = 1.812709, train_acc = 63.40% val_acc = 61.07%
Epoch 739, cost = 1.812958, train_acc = 63.02% val_acc = 61.57%
Epoch 740, cost = 1.806047, train_acc = 63.15% val_acc = 61.72%
Epoch 741, cost = 1.809144, train_acc = 63.33% val_acc = 61.85%
Epoch 742, cost = 1.805418, train_acc = 62.71% val_acc = 61.14%
Epoch 743, cost = 1.808705, train_acc = 63.34% val_acc = 61.71%
Epoch 744, cost = 1.805376, train_acc = 63.28% val_acc = 61.24%
Epoch 745, cost = 1.810112, train_acc = 63.05% val_acc = 62.12%
Epoch 746, cost = 1.809953, train_acc = 63.14% val_acc = 61.78%
Epoch 747, cost = 1.810715, train_acc = 63.22% val_acc = 62.13%
Epoch 748, cost = 1.812172, train_acc = 62.87% val_acc = 61.35%
Epoch 749, cost = 1.808529, train_acc = 62.94% val_acc = 62.19%
Epoch 750, cost = 1.811921, train_acc = 63.33% val_acc = 62.19%
Epoch 751, cost = 1.806246, train_acc = 63.49% val_acc = 62.14%
Epoch 752, cost = 1.805430, train_acc = 63.57% val_acc = 62.14%
Epoch 753, cost = 1.804936, train_acc = 62.70% val_acc = 61.67%
Epoch 754, cost = 1.807250, train_acc = 62.42% val_acc = 62.44%
Epoch 755, cost = 1.805675, train_acc = 63.19% val_acc = 61.42%
Epoch 756, cost = 1.810906, train_acc = 63.11% val_acc = 62.51%
Epoch 757, cost = 1.807714, train_acc = 63.29% val_acc = 61.72%
Epoch 758, cost = 1.810695, train_acc = 63.04% val_acc = 61.37%
Epoch 759, cost = 1.809659, train_acc = 63.26% val_acc = 61.72%
Epoch 760, cost = 1.809636, train_acc = 63.20% val_acc = 61.56%
Epoch 761, cost = 1.805885, train_acc = 63.08% val_acc = 61.29%
Epoch 762, cost = 1.805949, train_acc = 62.99% val_acc = 62.49%
Epoch 763, cost = 1.808113, train_acc = 63.09% val_acc = 62.07%
Epoch 764, cost = 1.809663, train_acc = 63.24% val_acc = 61.47%
Epoch 765, cost = 1.799987, train_acc = 63.56% val_acc = 62.09%
Epoch 766, cost = 1.811418, train_acc = 63.77% val_acc = 62.22%
Epoch 767, cost = 1.809052, train_acc = 63.66% val_acc = 61.63%
Epoch 768, cost = 1.805005, train_acc = 63.34% val_acc = 61.46%
Epoch 769, cost = 1.806792, train_acc = 63.20% val_acc = 61.93%
Epoch 770, cost = 1.813906, train_acc = 63.26% val_acc = 61.80%
Epoch 771, cost = 1.815792, train_acc = 63.28% val_acc = 61.13%
Epoch 772, cost = 1.802062, train_acc = 63.11% val_acc = 61.86%
Epoch 773, cost = 1.811585, train_acc = 63.34% val_acc = 61.63%
Epoch 774, cost = 1.807086, train_acc = 62.79% val_acc = 62.22%
Epoch 775, cost = 1.807963, train_acc = 63.39% val_acc = 61.82%
Epoch 776, cost = 1.808615, train_acc = 62.96% val_acc = 61.68%
Epoch 777, cost = 1.811338, train_acc = 63.47% val_acc = 62.36%
Epoch 778, cost = 1.810375, train_acc = 63.13% val_acc = 61.48%
Epoch 779, cost = 1.813601, train_acc = 63.16% val_acc = 62.09%
Epoch 780, cost = 1.809578, train_acc = 63.14% val_acc = 61.77%
Epoch 781, cost = 1.808207, train_acc = 62.83% val_acc = 62.53%
Epoch 782, cost = 1.810996, train_acc = 63.30% val_acc = 62.56%
Epoch 783, cost = 1.809364, train_acc = 63.27% val_acc = 62.39%
Epoch 784, cost = 1.807394, train_acc = 63.40% val_acc = 61.18%
Epoch 785, cost = 1.810943, train_acc = 63.48% val_acc = 62.23%
Epoch 786, cost = 1.807813, train_acc = 62.89% val_acc = 61.86%
Epoch 787, cost = 1.808880, train_acc = 62.73% val_acc = 61.94%
Epoch 788, cost = 1.806916, train_acc = 63.03% val_acc = 62.03%
Epoch 789, cost = 1.812049, train_acc = 63.41% val_acc = 61.88%
Epoch 790, cost = 1.806305, train_acc = 62.67% val_acc = 61.59%
Epoch 791, cost = 1.807685, train_acc = 62.90% val_acc = 61.48%
Epoch 792, cost = 1.810456, train_acc = 63.29% val_acc = 61.88%
Epoch 793, cost = 1.810937, train_acc = 62.43% val_acc = 62.42%
Epoch 794, cost = 1.805364, train_acc = 62.94% val_acc = 61.19%
Epoch 795, cost = 1.806589, train_acc = 63.15% val_acc = 62.28%
Epoch 796, cost = 1.807381, train_acc = 63.29% val_acc = 61.98%
Epoch 797, cost = 1.804220, train_acc = 63.36% val_acc = 61.71%
Epoch 798, cost = 1.805355, train_acc = 63.48% val_acc = 62.66%
Epoch 799, cost = 1.808252, train_acc = 63.31% val_acc = 62.33%
Epoch 800, cost = 1.810624, train_acc = 63.46% val_acc = 62.40%
Epoch 801, cost = 1.806277, train_acc = 63.13% val_acc = 62.94%
Epoch 802, cost = 1.813656, train_acc = 62.82% val_acc = 61.63%
Epoch 803, cost = 1.804726, train_acc = 63.53% val_acc = 61.85%
Epoch 804, cost = 1.803629, train_acc = 63.57% val_acc = 62.11%
Epoch 805, cost = 1.808041, train_acc = 63.05% val_acc = 62.37%
Epoch 806, cost = 1.811985, train_acc = 63.13% val_acc = 62.69%
Epoch 807, cost = 1.806238, train_acc = 62.81% val_acc = 62.27%
Epoch 808, cost = 1.806042, train_acc = 63.09% val_acc = 61.50%
Epoch 809, cost = 1.809376, train_acc = 63.25% val_acc = 61.80%
Epoch 810, cost = 1.808213, train_acc = 63.37% val_acc = 60.97%
Epoch 811, cost = 1.805872, train_acc = 62.92% val_acc = 61.76%
Epoch 812, cost = 1.806138, train_acc = 63.13% val_acc = 61.27%
Epoch 813, cost = 1.810989, train_acc = 63.24% val_acc = 61.79%
Epoch 814, cost = 1.810657, train_acc = 63.31% val_acc = 61.97%
Epoch 815, cost = 1.812867, train_acc = 62.84% val_acc = 62.14%
Epoch 816, cost = 1.806708, train_acc = 63.29% val_acc = 62.09%
Epoch 817, cost = 1.807630, train_acc = 63.47% val_acc = 61.62%
Epoch 818, cost = 1.806297, train_acc = 63.19% val_acc = 61.98%
Epoch 819, cost = 1.812645, train_acc = 63.64% val_acc = 62.29%
Epoch 820, cost = 1.809066, train_acc = 63.07% val_acc = 62.66%
Epoch 821, cost = 1.807777, train_acc = 63.27% val_acc = 62.58%
Epoch 822, cost = 1.814800, train_acc = 63.72% val_acc = 61.49%
Epoch 823, cost = 1.808717, train_acc = 62.85% val_acc = 61.98%
Epoch 824, cost = 1.809436, train_acc = 63.52% val_acc = 62.48%
Epoch 825, cost = 1.809730, train_acc = 63.06% val_acc = 63.03%
Epoch 826, cost = 1.809313, train_acc = 62.97% val_acc = 62.35%
Epoch 827, cost = 1.808246, train_acc = 62.83% val_acc = 62.14%
Epoch 828, cost = 1.807196, train_acc = 62.83% val_acc = 61.47%
Epoch 829, cost = 1.810323, train_acc = 62.99% val_acc = 61.67%
Epoch 830, cost = 1.808424, train_acc = 62.99% val_acc = 62.04%
Epoch 831, cost = 1.809398, train_acc = 63.42% val_acc = 61.70%
Epoch 832, cost = 1.813931, train_acc = 63.37% val_acc = 62.57%
Epoch 833, cost = 1.808800, train_acc = 63.29% val_acc = 62.04%
Epoch 834, cost = 1.811012, train_acc = 63.30% val_acc = 62.14%
Epoch 835, cost = 1.805858, train_acc = 63.17% val_acc = 61.99%
Epoch 836, cost = 1.806936, train_acc = 62.92% val_acc = 62.05%
Epoch 837, cost = 1.811285, train_acc = 62.94% val_acc = 62.62%
Epoch 838, cost = 1.805107, train_acc = 62.80% val_acc = 61.57%
Epoch 839, cost = 1.806560, train_acc = 63.32% val_acc = 62.12%
Epoch 840, cost = 1.810867, train_acc = 63.47% val_acc = 62.43%
Epoch 841, cost = 1.809320, train_acc = 63.32% val_acc = 61.93%
Epoch 842, cost = 1.811191, train_acc = 63.20% val_acc = 62.30%
Epoch 843, cost = 1.803971, train_acc = 63.55% val_acc = 61.28%
Epoch 844, cost = 1.811302, train_acc = 63.05% val_acc = 62.72%
Epoch 845, cost = 1.805913, train_acc = 63.33% val_acc = 61.65%
Epoch 846, cost = 1.806960, train_acc = 63.38% val_acc = 62.56%
Epoch 847, cost = 1.810979, train_acc = 63.04% val_acc = 62.19%
Epoch 848, cost = 1.803868, train_acc = 63.01% val_acc = 61.41%
Epoch 849, cost = 1.810987, train_acc = 63.46% val_acc = 62.17%
Epoch 850, cost = 1.804221, train_acc = 63.40% val_acc = 63.25%
Epoch 851, cost = 1.807994, train_acc = 62.43% val_acc = 61.96%
Epoch 852, cost = 1.807333, train_acc = 63.30% val_acc = 62.71%
Epoch 853, cost = 1.806301, train_acc = 63.04% val_acc = 62.14%
Epoch 854, cost = 1.809771, train_acc = 63.76% val_acc = 62.77%
Epoch 855, cost = 1.806510, train_acc = 63.17% val_acc = 62.36%
Epoch 856, cost = 1.806305, train_acc = 63.23% val_acc = 61.58%
Epoch 857, cost = 1.803615, train_acc = 63.46% val_acc = 61.59%
Epoch 858, cost = 1.805255, train_acc = 63.15% val_acc = 62.09%
Epoch 859, cost = 1.806469, train_acc = 63.16% val_acc = 61.62%
Epoch 860, cost = 1.804016, train_acc = 63.30% val_acc = 62.62%
Epoch 861, cost = 1.807370, train_acc = 62.78% val_acc = 62.13%
Epoch 862, cost = 1.805909, train_acc = 63.12% val_acc = 61.76%
Epoch 863, cost = 1.813451, train_acc = 63.22% val_acc = 62.59%
Epoch 864, cost = 1.811495, train_acc = 62.87% val_acc = 61.32%
Epoch 865, cost = 1.812026, train_acc = 62.81% val_acc = 62.19%
Epoch 866, cost = 1.807931, train_acc = 63.16% val_acc = 61.79%
Epoch 867, cost = 1.810122, train_acc = 63.34% val_acc = 61.81%
Epoch 868, cost = 1.807660, train_acc = 62.87% val_acc = 61.89%
Epoch 869, cost = 1.811944, train_acc = 62.93% val_acc = 62.01%
Epoch 870, cost = 1.812465, train_acc = 62.92% val_acc = 62.05%
Epoch 871, cost = 1.805350, train_acc = 63.25% val_acc = 61.58%
Epoch 872, cost = 1.806600, train_acc = 62.44% val_acc = 61.75%
Epoch 873, cost = 1.805211, train_acc = 62.74% val_acc = 61.18%
Epoch 874, cost = 1.807666, train_acc = 63.43% val_acc = 62.31%
Epoch 875, cost = 1.808074, train_acc = 63.13% val_acc = 61.39%
Epoch 876, cost = 1.813410, train_acc = 62.91% val_acc = 61.34%
Epoch 877, cost = 1.807020, train_acc = 63.69% val_acc = 62.32%
Epoch 878, cost = 1.811803, train_acc = 63.20% val_acc = 63.11%
Epoch 879, cost = 1.811403, train_acc = 63.41% val_acc = 62.46%
Epoch 880, cost = 1.804344, train_acc = 63.28% val_acc = 62.28%
Epoch 881, cost = 1.809349, train_acc = 63.08% val_acc = 61.51%
Epoch 882, cost = 1.804565, train_acc = 63.07% val_acc = 62.40%
Epoch 883, cost = 1.806110, train_acc = 63.40% val_acc = 63.09%
Epoch 884, cost = 1.804941, train_acc = 63.13% val_acc = 62.25%
Epoch 885, cost = 1.807132, train_acc = 63.21% val_acc = 61.51%
Epoch 886, cost = 1.814265, train_acc = 63.03% val_acc = 61.91%
Epoch 887, cost = 1.808848, train_acc = 63.39% val_acc = 62.17%
Epoch 888, cost = 1.809962, train_acc = 63.50% val_acc = 60.66%
Epoch 889, cost = 1.812138, train_acc = 63.33% val_acc = 61.79%
Epoch 890, cost = 1.807945, train_acc = 63.50% val_acc = 62.36%
Epoch 891, cost = 1.811187, train_acc = 62.91% val_acc = 61.92%
Epoch 892, cost = 1.807562, train_acc = 63.43% val_acc = 61.14%
Epoch 893, cost = 1.809765, train_acc = 63.77% val_acc = 62.97%
Epoch 894, cost = 1.807160, train_acc = 63.21% val_acc = 61.57%
Epoch 895, cost = 1.807672, train_acc = 63.61% val_acc = 61.50%
Epoch 896, cost = 1.806873, train_acc = 63.34% val_acc = 62.24%
Epoch 897, cost = 1.807296, train_acc = 62.87% val_acc = 62.56%
Epoch 898, cost = 1.808074, train_acc = 63.23% val_acc = 62.89%
Epoch 899, cost = 1.805771, train_acc = 62.89% val_acc = 61.74%
Epoch 900, cost = 1.806045, train_acc = 62.72% val_acc = 61.99%
Epoch 901, cost = 1.810307, train_acc = 63.04% val_acc = 61.93%
Epoch 902, cost = 1.810862, train_acc = 63.41% val_acc = 61.90%
Epoch 903, cost = 1.805356, train_acc = 63.40% val_acc = 62.77%
Epoch 904, cost = 1.807680, train_acc = 63.09% val_acc = 62.19%
Epoch 905, cost = 1.808413, train_acc = 63.01% val_acc = 61.52%
Epoch 906, cost = 1.808612, train_acc = 63.05% val_acc = 61.41%
Epoch 907, cost = 1.807916, train_acc = 63.01% val_acc = 62.48%
Epoch 908, cost = 1.811424, train_acc = 62.62% val_acc = 62.44%
Epoch 909, cost = 1.806617, train_acc = 63.57% val_acc = 62.23%
Epoch 910, cost = 1.812964, train_acc = 63.61% val_acc = 61.09%
Epoch 911, cost = 1.811082, train_acc = 62.73% val_acc = 61.97%
Epoch 912, cost = 1.804939, train_acc = 63.30% val_acc = 62.26%
Epoch 913, cost = 1.806420, train_acc = 63.40% val_acc = 62.05%
Epoch 914, cost = 1.812789, train_acc = 63.07% val_acc = 62.21%
Epoch 915, cost = 1.807622, train_acc = 63.46% val_acc = 62.00%
Epoch 916, cost = 1.809876, train_acc = 63.44% val_acc = 62.07%
Epoch 917, cost = 1.809571, train_acc = 63.06% val_acc = 61.95%
Epoch 918, cost = 1.805162, train_acc = 63.31% val_acc = 62.49%
Epoch 919, cost = 1.804279, train_acc = 63.44% val_acc = 61.90%
Epoch 920, cost = 1.808045, train_acc = 63.24% val_acc = 61.70%
Epoch 921, cost = 1.805710, train_acc = 63.28% val_acc = 62.04%
Epoch 922, cost = 1.810480, train_acc = 63.43% val_acc = 62.52%
Epoch 923, cost = 1.806201, train_acc = 63.10% val_acc = 62.18%
Epoch 924, cost = 1.807717, train_acc = 63.51% val_acc = 61.96%
Epoch 925, cost = 1.809103, train_acc = 62.84% val_acc = 61.63%
Epoch 926, cost = 1.805861, train_acc = 63.51% val_acc = 61.82%
Epoch 927, cost = 1.808552, train_acc = 63.56% val_acc = 61.38%
Epoch 928, cost = 1.809500, train_acc = 63.28% val_acc = 61.84%
Epoch 929, cost = 1.811349, train_acc = 63.10% val_acc = 62.02%
Epoch 930, cost = 1.808825, train_acc = 63.47% val_acc = 62.29%
Epoch 931, cost = 1.806826, train_acc = 63.16% val_acc = 61.15%
Epoch 932, cost = 1.811591, train_acc = 62.79% val_acc = 62.10%
Epoch 933, cost = 1.807026, train_acc = 63.16% val_acc = 62.45%
Epoch 934, cost = 1.813463, train_acc = 63.05% val_acc = 62.26%
Epoch 935, cost = 1.810642, train_acc = 63.26% val_acc = 61.92%
Epoch 936, cost = 1.806461, train_acc = 63.31% val_acc = 61.82%
Epoch 937, cost = 1.804046, train_acc = 63.37% val_acc = 61.68%
Epoch 938, cost = 1.807498, train_acc = 62.80% val_acc = 62.75%
Epoch 939, cost = 1.806232, train_acc = 63.49% val_acc = 62.54%
Epoch 940, cost = 1.810239, train_acc = 63.52% val_acc = 62.21%
Epoch 941, cost = 1.805502, train_acc = 63.30% val_acc = 61.81%
Epoch 942, cost = 1.811571, train_acc = 63.41% val_acc = 62.02%
Epoch 943, cost = 1.810522, train_acc = 63.95% val_acc = 61.92%
Epoch 944, cost = 1.807150, train_acc = 64.06% val_acc = 61.15%
Epoch 945, cost = 1.805211, train_acc = 63.34% val_acc = 62.31%
Epoch 946, cost = 1.806914, train_acc = 63.48% val_acc = 62.11%
Epoch 947, cost = 1.806527, train_acc = 63.36% val_acc = 61.25%
Epoch 948, cost = 1.808082, train_acc = 63.41% val_acc = 62.14%
Epoch 949, cost = 1.806960, train_acc = 63.36% val_acc = 63.20%
Epoch 950, cost = 1.804556, train_acc = 63.33% val_acc = 62.01%
Epoch 951, cost = 1.807482, train_acc = 63.28% val_acc = 62.08%
Epoch 952, cost = 1.809035, train_acc = 63.38% val_acc = 62.05%
Epoch 953, cost = 1.810257, train_acc = 62.71% val_acc = 61.80%
Epoch 954, cost = 1.807527, train_acc = 63.00% val_acc = 61.18%
Epoch 955, cost = 1.802680, train_acc = 63.41% val_acc = 62.27%
Epoch 956, cost = 1.805425, train_acc = 63.38% val_acc = 62.84%
Epoch 957, cost = 1.804956, train_acc = 64.08% val_acc = 60.96%
Epoch 958, cost = 1.802375, train_acc = 63.26% val_acc = 61.14%
Epoch 959, cost = 1.800585, train_acc = 63.10% val_acc = 62.18%
Epoch 960, cost = 1.808549, train_acc = 63.03% val_acc = 61.41%
Epoch 961, cost = 1.808970, train_acc = 63.42% val_acc = 62.89%
Epoch 962, cost = 1.807119, train_acc = 63.54% val_acc = 62.58%
Epoch 963, cost = 1.807131, train_acc = 63.43% val_acc = 62.36%
Epoch 964, cost = 1.803726, train_acc = 63.29% val_acc = 61.38%
Epoch 965, cost = 1.808248, train_acc = 63.29% val_acc = 62.56%
Epoch 966, cost = 1.807466, train_acc = 63.23% val_acc = 61.82%
Epoch 967, cost = 1.814377, train_acc = 63.34% val_acc = 62.44%
Epoch 968, cost = 1.805580, train_acc = 63.74% val_acc = 62.39%
Epoch 969, cost = 1.806738, train_acc = 63.39% val_acc = 61.61%
Epoch 970, cost = 1.809289, train_acc = 63.26% val_acc = 61.65%
Epoch 971, cost = 1.807095, train_acc = 63.20% val_acc = 61.76%
Epoch 972, cost = 1.808407, train_acc = 62.99% val_acc = 62.68%
Epoch 973, cost = 1.808350, train_acc = 63.41% val_acc = 62.06%
Epoch 974, cost = 1.807519, train_acc = 63.14% val_acc = 62.70%
Epoch 975, cost = 1.810393, train_acc = 63.33% val_acc = 61.88%
Epoch 976, cost = 1.806913, train_acc = 63.26% val_acc = 61.88%
Epoch 977, cost = 1.806160, train_acc = 63.32% val_acc = 61.30%
Epoch 978, cost = 1.807696, train_acc = 63.36% val_acc = 61.24%
Epoch 979, cost = 1.809050, train_acc = 63.67% val_acc = 61.65%
Epoch 980, cost = 1.807224, train_acc = 63.08% val_acc = 61.75%
Epoch 981, cost = 1.808842, train_acc = 62.96% val_acc = 61.83%
Epoch 982, cost = 1.807141, train_acc = 63.26% val_acc = 63.21%
Epoch 983, cost = 1.807076, train_acc = 63.40% val_acc = 62.25%
Epoch 984, cost = 1.810453, train_acc = 63.39% val_acc = 62.37%
Epoch 985, cost = 1.804671, train_acc = 63.28% val_acc = 61.71%
Epoch 986, cost = 1.805949, train_acc = 63.82% val_acc = 62.37%
Epoch 987, cost = 1.805193, train_acc = 63.22% val_acc = 61.90%
Epoch 988, cost = 1.809329, train_acc = 63.03% val_acc = 62.13%
Epoch 989, cost = 1.811389, train_acc = 62.83% val_acc = 62.23%
Epoch 990, cost = 1.806820, train_acc = 62.99% val_acc = 61.61%
Epoch 991, cost = 1.804131, train_acc = 62.97% val_acc = 61.71%
Epoch 992, cost = 1.805658, train_acc = 63.23% val_acc = 62.03%
Epoch 993, cost = 1.807696, train_acc = 63.07% val_acc = 62.54%
Epoch 994, cost = 1.805877, train_acc = 62.79% val_acc = 62.86%
Epoch 995, cost = 1.806223, train_acc = 63.44% val_acc = 62.48%
Epoch 996, cost = 1.806391, train_acc = 63.38% val_acc = 62.92%
Epoch 997, cost = 1.808266, train_acc = 63.11% val_acc = 61.05%
Epoch 998, cost = 1.805886, train_acc = 63.42% val_acc = 61.32%
Epoch 999, cost = 1.809216, train_acc = 63.56% val_acc = 61.75%
Epoch 1000, cost = 1.806411, train_acc = 63.69% val_acc = 60.80%
Epoch 1001, cost = 1.806711, train_acc = 63.19% val_acc = 61.88%
Epoch 1002, cost = 1.808022, train_acc = 63.18% val_acc = 61.64%
Epoch 1003, cost = 1.803723, train_acc = 63.92% val_acc = 62.08%
Epoch 1004, cost = 1.806341, train_acc = 63.46% val_acc = 60.83%
Epoch 1005, cost = 1.806232, train_acc = 63.51% val_acc = 62.32%
Epoch 1006, cost = 1.809359, train_acc = 63.11% val_acc = 61.80%
Epoch 1007, cost = 1.810363, train_acc = 63.23% val_acc = 62.18%
Epoch 1008, cost = 1.805220, train_acc = 63.32% val_acc = 61.60%
Epoch 1009, cost = 1.806871, train_acc = 62.87% val_acc = 61.97%
Epoch 1010, cost = 1.809336, train_acc = 62.96% val_acc = 61.94%
Epoch 1011, cost = 1.809089, train_acc = 63.28% val_acc = 61.85%
Epoch 1012, cost = 1.804888, train_acc = 63.10% val_acc = 62.04%
Epoch 1013, cost = 1.809280, train_acc = 63.26% val_acc = 61.46%
Epoch 1014, cost = 1.805439, train_acc = 63.31% val_acc = 61.92%
Epoch 1015, cost = 1.805909, train_acc = 63.04% val_acc = 61.52%
Epoch 1016, cost = 1.809435, train_acc = 62.55% val_acc = 62.44%
Epoch 1017, cost = 1.806800, train_acc = 63.14% val_acc = 62.15%
Epoch 1018, cost = 1.808288, train_acc = 63.70% val_acc = 62.32%
Epoch 1019, cost = 1.809888, train_acc = 63.59% val_acc = 62.63%
Epoch 1020, cost = 1.812353, train_acc = 63.18% val_acc = 61.86%
Epoch 1021, cost = 1.809220, train_acc = 63.01% val_acc = 62.52%
Epoch 1022, cost = 1.805404, train_acc = 64.01% val_acc = 61.72%
Epoch 1023, cost = 1.810862, train_acc = 63.46% val_acc = 62.20%
Epoch 1024, cost = 1.811290, train_acc = 63.07% val_acc = 62.39%
Epoch 1025, cost = 1.805589, train_acc = 63.66% val_acc = 61.85%
Epoch 1026, cost = 1.804090, train_acc = 63.13% val_acc = 62.23%
Epoch 1027, cost = 1.810557, train_acc = 63.49% val_acc = 61.49%
Epoch 1028, cost = 1.804978, train_acc = 63.19% val_acc = 62.06%
Epoch 1029, cost = 1.807493, train_acc = 63.00% val_acc = 62.64%
Epoch 1030, cost = 1.813501, train_acc = 62.89% val_acc = 61.76%
Epoch 1031, cost = 1.811849, train_acc = 63.17% val_acc = 62.14%
Epoch 1032, cost = 1.809793, train_acc = 63.47% val_acc = 61.98%
Epoch 1033, cost = 1.807308, train_acc = 63.48% val_acc = 62.28%
Epoch 1034, cost = 1.805315, train_acc = 63.60% val_acc = 61.67%
Epoch 1035, cost = 1.806075, train_acc = 62.95% val_acc = 63.19%
Epoch 1036, cost = 1.805561, train_acc = 63.42% val_acc = 61.74%
Epoch 1037, cost = 1.807123, train_acc = 63.01% val_acc = 62.18%
Epoch 1038, cost = 1.804224, train_acc = 63.52% val_acc = 62.02%
Epoch 1039, cost = 1.807198, train_acc = 63.36% val_acc = 62.59%
Epoch 1040, cost = 1.805799, train_acc = 63.45% val_acc = 61.89%
Epoch 1041, cost = 1.805663, train_acc = 63.53% val_acc = 62.23%
Epoch 1042, cost = 1.808130, train_acc = 63.21% val_acc = 62.36%
Epoch 1043, cost = 1.804559, train_acc = 63.17% val_acc = 62.27%
Epoch 1044, cost = 1.803109, train_acc = 63.36% val_acc = 61.79%
Epoch 1045, cost = 1.805583, train_acc = 63.00% val_acc = 62.02%
Epoch 1046, cost = 1.806974, train_acc = 63.57% val_acc = 61.76%
Epoch 1047, cost = 1.809855, train_acc = 63.54% val_acc = 62.14%
Epoch 1048, cost = 1.802492, train_acc = 63.26% val_acc = 61.62%
Epoch 1049, cost = 1.806592, train_acc = 63.46% val_acc = 62.61%
Epoch 1050, cost = 1.804959, train_acc = 63.41% val_acc = 61.69%
Epoch 1051, cost = 1.810441, train_acc = 63.67% val_acc = 61.42%
Epoch 1052, cost = 1.803580, train_acc = 63.64% val_acc = 62.56%
Epoch 1053, cost = 1.805289, train_acc = 63.58% val_acc = 62.38%
Epoch 1054, cost = 1.806664, train_acc = 63.26% val_acc = 62.23%
Epoch 1055, cost = 1.805202, train_acc = 63.47% val_acc = 62.26%
Epoch 1056, cost = 1.804378, train_acc = 63.23% val_acc = 62.40%
Epoch 1057, cost = 1.808451, train_acc = 63.19% val_acc = 61.21%
Epoch 1058, cost = 1.801220, train_acc = 63.53% val_acc = 61.45%
Epoch 1059, cost = 1.805953, train_acc = 63.26% val_acc = 61.18%
Epoch 1060, cost = 1.805501, train_acc = 62.69% val_acc = 61.81%
Epoch 1061, cost = 1.807707, train_acc = 63.34% val_acc = 62.65%
Epoch 1062, cost = 1.805885, train_acc = 63.15% val_acc = 61.77%
Epoch 1063, cost = 1.811453, train_acc = 63.34% val_acc = 61.65%
Epoch 1064, cost = 1.804184, train_acc = 62.86% val_acc = 61.42%
Epoch 1065, cost = 1.804469, train_acc = 63.40% val_acc = 61.42%
Epoch 1066, cost = 1.806694, train_acc = 63.07% val_acc = 61.73%
Epoch 1067, cost = 1.808524, train_acc = 63.29% val_acc = 62.39%
Epoch 1068, cost = 1.802959, train_acc = 63.75% val_acc = 62.77%
Epoch 1069, cost = 1.810270, train_acc = 62.84% val_acc = 62.41%
Epoch 1070, cost = 1.802248, train_acc = 63.38% val_acc = 62.74%
Epoch 1071, cost = 1.803562, train_acc = 62.76% val_acc = 61.68%
Epoch 1072, cost = 1.806151, train_acc = 64.03% val_acc = 62.98%
Epoch 1073, cost = 1.809970, train_acc = 63.34% val_acc = 62.26%
Epoch 1074, cost = 1.807367, train_acc = 63.63% val_acc = 62.38%
Epoch 1075, cost = 1.805024, train_acc = 63.23% val_acc = 61.32%
Epoch 1076, cost = 1.807641, train_acc = 63.07% val_acc = 62.00%
Epoch 1077, cost = 1.806883, train_acc = 63.48% val_acc = 61.18%
Epoch 1078, cost = 1.801066, train_acc = 63.73% val_acc = 62.00%
Epoch 1079, cost = 1.807430, train_acc = 64.09% val_acc = 62.12%
Epoch 1080, cost = 1.809685, train_acc = 62.36% val_acc = 62.28%
Epoch 1081, cost = 1.807686, train_acc = 63.67% val_acc = 61.34%
Epoch 1082, cost = 1.805933, train_acc = 62.83% val_acc = 61.96%
Epoch 1083, cost = 1.803080, train_acc = 63.48% val_acc = 62.20%
Epoch 1084, cost = 1.806484, train_acc = 63.56% val_acc = 61.51%
Epoch 1085, cost = 1.805288, train_acc = 63.31% val_acc = 61.75%
Epoch 1086, cost = 1.810971, train_acc = 63.15% val_acc = 62.14%
Epoch 1087, cost = 1.807616, train_acc = 63.73% val_acc = 61.89%
Epoch 1088, cost = 1.804404, train_acc = 63.20% val_acc = 62.35%
Epoch 1089, cost = 1.807053, train_acc = 63.28% val_acc = 61.80%
Epoch 1090, cost = 1.808268, train_acc = 62.90% val_acc = 62.55%
Epoch 1091, cost = 1.807134, train_acc = 63.24% val_acc = 61.59%
Epoch 1092, cost = 1.809583, train_acc = 62.85% val_acc = 62.66%
Epoch 1093, cost = 1.804963, train_acc = 63.48% val_acc = 62.66%
Epoch 1094, cost = 1.806946, train_acc = 63.32% val_acc = 62.05%
Epoch 1095, cost = 1.809595, train_acc = 62.92% val_acc = 61.53%
Epoch 1096, cost = 1.808153, train_acc = 63.49% val_acc = 62.26%
Epoch 1097, cost = 1.809730, train_acc = 63.29% val_acc = 61.78%
Epoch 1098, cost = 1.808969, train_acc = 63.01% val_acc = 61.03%
Epoch 1099, cost = 1.809164, train_acc = 63.12% val_acc = 61.66%
Epoch 1100, cost = 1.807221, train_acc = 63.50% val_acc = 62.07%
Epoch 1101, cost = 1.807839, train_acc = 63.40% val_acc = 62.72%
Epoch 1102, cost = 1.806270, train_acc = 63.37% val_acc = 62.21%
Epoch 1103, cost = 1.807397, train_acc = 63.43% val_acc = 62.26%
Epoch 1104, cost = 1.808784, train_acc = 63.53% val_acc = 62.08%
Epoch 1105, cost = 1.807551, train_acc = 63.33% val_acc = 62.42%
Epoch 1106, cost = 1.808098, train_acc = 63.42% val_acc = 62.85%
Epoch 1107, cost = 1.803733, train_acc = 63.34% val_acc = 62.10%
Epoch 1108, cost = 1.810065, train_acc = 62.85% val_acc = 61.45%
Epoch 1109, cost = 1.809038, train_acc = 63.46% val_acc = 62.02%
Epoch 1110, cost = 1.803696, train_acc = 63.08% val_acc = 62.72%
Epoch 1111, cost = 1.806613, train_acc = 63.18% val_acc = 62.05%
Epoch 1112, cost = 1.803734, train_acc = 63.28% val_acc = 62.00%
Epoch 1113, cost = 1.803490, train_acc = 63.37% val_acc = 62.50%
Epoch 1114, cost = 1.808417, train_acc = 63.40% val_acc = 62.01%
Epoch 1115, cost = 1.804033, train_acc = 63.25% val_acc = 61.85%
Epoch 1116, cost = 1.809601, train_acc = 63.43% val_acc = 61.53%
Epoch 1117, cost = 1.806935, train_acc = 63.11% val_acc = 61.32%
Epoch 1118, cost = 1.807236, train_acc = 63.41% val_acc = 61.73%
Epoch 1119, cost = 1.810400, train_acc = 63.39% val_acc = 61.69%
Epoch 1120, cost = 1.803207, train_acc = 63.37% val_acc = 61.27%
Epoch 1121, cost = 1.809011, train_acc = 63.62% val_acc = 62.21%
Epoch 1122, cost = 1.805172, train_acc = 63.27% val_acc = 62.71%
Epoch 1123, cost = 1.809374, train_acc = 63.60% val_acc = 61.94%
Epoch 1124, cost = 1.807413, train_acc = 62.98% val_acc = 61.32%
Epoch 1125, cost = 1.801998, train_acc = 63.50% val_acc = 62.72%
Epoch 1126, cost = 1.805128, train_acc = 63.91% val_acc = 61.36%
Epoch 1127, cost = 1.807890, train_acc = 63.26% val_acc = 61.82%
Epoch 1128, cost = 1.808282, train_acc = 63.38% val_acc = 61.69%
Epoch 1129, cost = 1.805082, train_acc = 63.21% val_acc = 62.23%
Epoch 1130, cost = 1.810789, train_acc = 63.55% val_acc = 62.08%
Epoch 1131, cost = 1.807190, train_acc = 63.84% val_acc = 61.99%
Epoch 1132, cost = 1.806360, train_acc = 62.91% val_acc = 61.80%
Epoch 1133, cost = 1.806710, train_acc = 63.35% val_acc = 62.66%
Epoch 1134, cost = 1.808116, train_acc = 63.73% val_acc = 62.19%
Epoch 1135, cost = 1.807676, train_acc = 63.53% val_acc = 62.47%
Epoch 1136, cost = 1.807653, train_acc = 63.21% val_acc = 61.15%
Epoch 1137, cost = 1.803735, train_acc = 63.39% val_acc = 61.23%
Epoch 1138, cost = 1.805733, train_acc = 63.63% val_acc = 61.29%
Epoch 1139, cost = 1.806247, train_acc = 63.56% val_acc = 63.51%
Epoch 1140, cost = 1.809169, train_acc = 63.38% val_acc = 62.82%
Epoch 1141, cost = 1.807207, train_acc = 63.55% val_acc = 62.08%
Epoch 1142, cost = 1.804729, train_acc = 63.46% val_acc = 62.27%
Epoch 1143, cost = 1.806237, train_acc = 63.71% val_acc = 61.83%
Epoch 1144, cost = 1.807215, train_acc = 63.23% val_acc = 61.76%
Epoch 1145, cost = 1.806083, train_acc = 63.59% val_acc = 61.55%
Epoch 1146, cost = 1.802084, train_acc = 63.14% val_acc = 61.94%
Epoch 1147, cost = 1.807220, train_acc = 63.47% val_acc = 62.28%
Epoch 1148, cost = 1.803524, train_acc = 63.41% val_acc = 62.73%
Epoch 1149, cost = 1.804438, train_acc = 63.51% val_acc = 61.90%
Epoch 1150, cost = 1.805815, train_acc = 63.11% val_acc = 62.03%
Epoch 1151, cost = 1.804398, train_acc = 62.67% val_acc = 61.80%
Epoch 1152, cost = 1.807184, train_acc = 63.07% val_acc = 62.34%
Epoch 1153, cost = 1.804469, train_acc = 63.48% val_acc = 62.39%
Epoch 1154, cost = 1.806822, train_acc = 63.31% val_acc = 62.31%
Epoch 1155, cost = 1.805732, train_acc = 63.49% val_acc = 62.19%
Epoch 1156, cost = 1.803390, train_acc = 63.00% val_acc = 62.52%
Epoch 1157, cost = 1.805627, train_acc = 63.62% val_acc = 62.31%
Epoch 1158, cost = 1.805953, train_acc = 62.93% val_acc = 62.54%
Epoch 1159, cost = 1.808869, train_acc = 63.79% val_acc = 62.95%
Epoch 1160, cost = 1.807260, train_acc = 62.87% val_acc = 62.33%
Epoch 1161, cost = 1.804592, train_acc = 62.87% val_acc = 61.59%
Epoch 1162, cost = 1.806533, train_acc = 63.42% val_acc = 62.22%
Epoch 1163, cost = 1.808403, train_acc = 63.21% val_acc = 62.84%
Epoch 1164, cost = 1.811773, train_acc = 63.46% val_acc = 62.05%
Epoch 1165, cost = 1.802931, train_acc = 63.12% val_acc = 61.91%
Epoch 1166, cost = 1.810095, train_acc = 63.02% val_acc = 62.18%
Epoch 1167, cost = 1.805637, train_acc = 63.20% val_acc = 61.34%
Epoch 1168, cost = 1.805881, train_acc = 63.44% val_acc = 61.17%
Epoch 1169, cost = 1.807929, train_acc = 63.39% val_acc = 61.78%
Epoch 1170, cost = 1.803085, train_acc = 63.35% val_acc = 62.30%
Epoch 1171, cost = 1.807810, train_acc = 62.96% val_acc = 62.42%
Epoch 1172, cost = 1.809055, train_acc = 63.31% val_acc = 61.92%
Epoch 1173, cost = 1.804463, train_acc = 62.89% val_acc = 61.96%
Epoch 1174, cost = 1.811551, train_acc = 63.19% val_acc = 62.32%
Epoch 1175, cost = 1.805136, train_acc = 62.97% val_acc = 62.63%
Epoch 1176, cost = 1.807036, train_acc = 63.08% val_acc = 62.30%
Epoch 1177, cost = 1.803210, train_acc = 63.40% val_acc = 62.67%
Epoch 1178, cost = 1.805971, train_acc = 62.66% val_acc = 62.61%
Epoch 1179, cost = 1.803847, train_acc = 63.19% val_acc = 61.78%
Epoch 1180, cost = 1.803631, train_acc = 63.27% val_acc = 62.07%
Epoch 1181, cost = 1.806646, train_acc = 63.24% val_acc = 61.54%
Epoch 1182, cost = 1.805877, train_acc = 63.24% val_acc = 61.28%
Epoch 1183, cost = 1.807093, train_acc = 62.97% val_acc = 61.62%
Epoch 1184, cost = 1.804134, train_acc = 63.36% val_acc = 62.89%
Epoch 1185, cost = 1.807838, train_acc = 63.39% val_acc = 62.04%
Epoch 1186, cost = 1.802891, train_acc = 63.62% val_acc = 61.43%
Epoch 1187, cost = 1.805307, train_acc = 63.19% val_acc = 61.27%
Epoch 1188, cost = 1.808615, train_acc = 63.56% val_acc = 61.15%
Epoch 1189, cost = 1.805637, train_acc = 63.20% val_acc = 61.85%
Epoch 1190, cost = 1.809265, train_acc = 63.10% val_acc = 62.11%
Epoch 1191, cost = 1.807892, train_acc = 63.74% val_acc = 61.73%
Epoch 1192, cost = 1.808299, train_acc = 63.04% val_acc = 61.92%
Epoch 1193, cost = 1.805601, train_acc = 63.69% val_acc = 62.10%
Epoch 1194, cost = 1.804232, train_acc = 63.04% val_acc = 62.26%
Epoch 1195, cost = 1.805838, train_acc = 63.58% val_acc = 61.70%
Epoch 1196, cost = 1.805001, train_acc = 63.20% val_acc = 62.47%
Epoch 1197, cost = 1.806264, train_acc = 63.06% val_acc = 62.68%
Epoch 1198, cost = 1.811862, train_acc = 63.38% val_acc = 62.34%
Epoch 1199, cost = 1.805453, train_acc = 63.60% val_acc = 62.40%
Epoch 1200, cost = 1.806377, train_acc = 63.07% val_acc = 61.79%
