Loading Training Data
Loading Validation Data
Creating Data Loaders
Training Fun Time!!!
Epoch 1, cost = 2.301606, train_acc = 24.77% val_acc = 30.20%
Epoch 2, cost = 2.119050, train_acc = 56.04% val_acc = 58.47%
Epoch 3, cost = 1.826432, train_acc = 66.35% val_acc = 66.68%
Epoch 4, cost = 1.777045, train_acc = 69.59% val_acc = 70.98%
Epoch 5, cost = 1.754285, train_acc = 71.58% val_acc = 70.60%
Epoch 6, cost = 1.740432, train_acc = 72.31% val_acc = 72.36%
Epoch 7, cost = 1.730482, train_acc = 73.24% val_acc = 73.06%
Epoch 8, cost = 1.722996, train_acc = 74.40% val_acc = 74.58%
Epoch 9, cost = 1.669039, train_acc = 82.05% val_acc = 81.95%
Epoch 10, cost = 1.595380, train_acc = 89.59% val_acc = 90.65%
Epoch 11, cost = 1.560292, train_acc = 91.08% val_acc = 90.64%
Epoch 12, cost = 1.548509, train_acc = 92.29% val_acc = 92.17%
Epoch 13, cost = 1.541039, train_acc = 92.36% val_acc = 92.37%
Epoch 14, cost = 1.534962, train_acc = 93.16% val_acc = 92.56%
Epoch 15, cost = 1.532306, train_acc = 93.65% val_acc = 93.31%
Epoch 16, cost = 1.527681, train_acc = 93.62% val_acc = 93.35%
Epoch 17, cost = 1.525406, train_acc = 94.08% val_acc = 93.17%
Epoch 18, cost = 1.521893, train_acc = 94.41% val_acc = 93.14%
Epoch 19, cost = 1.519016, train_acc = 94.75% val_acc = 93.76%
Epoch 20, cost = 1.517583, train_acc = 94.57% val_acc = 93.79%
Epoch 21, cost = 1.515303, train_acc = 95.00% val_acc = 94.04%
Epoch 22, cost = 1.513944, train_acc = 95.14% val_acc = 94.21%
Epoch 23, cost = 1.512642, train_acc = 94.89% val_acc = 94.48%
Epoch 24, cost = 1.511582, train_acc = 95.31% val_acc = 94.33%
Epoch 25, cost = 1.511099, train_acc = 95.42% val_acc = 94.25%
Epoch 26, cost = 1.509539, train_acc = 95.37% val_acc = 94.30%
Epoch 27, cost = 1.508425, train_acc = 95.52% val_acc = 94.43%
Epoch 28, cost = 1.506113, train_acc = 95.64% val_acc = 94.61%
Epoch 29, cost = 1.506570, train_acc = 95.69% val_acc = 94.55%
Epoch 30, cost = 1.505963, train_acc = 95.88% val_acc = 94.78%
Epoch 31, cost = 1.503738, train_acc = 95.86% val_acc = 94.80%
Epoch 32, cost = 1.504006, train_acc = 96.05% val_acc = 94.81%
Epoch 33, cost = 1.503434, train_acc = 96.21% val_acc = 94.67%
Epoch 34, cost = 1.502154, train_acc = 96.16% val_acc = 95.29%
Epoch 35, cost = 1.501747, train_acc = 96.28% val_acc = 94.92%
Epoch 36, cost = 1.500831, train_acc = 96.08% val_acc = 94.70%
Epoch 37, cost = 1.500916, train_acc = 96.44% val_acc = 94.89%
Epoch 38, cost = 1.499571, train_acc = 96.42% val_acc = 95.42%
Epoch 39, cost = 1.499571, train_acc = 96.42% val_acc = 94.87%
Epoch 40, cost = 1.497627, train_acc = 96.48% val_acc = 94.92%
Epoch 41, cost = 1.497689, train_acc = 96.60% val_acc = 95.48%
Epoch 42, cost = 1.498119, train_acc = 96.28% val_acc = 94.77%
Epoch 43, cost = 1.497366, train_acc = 96.73% val_acc = 95.11%
Epoch 44, cost = 1.495888, train_acc = 96.79% val_acc = 95.27%
Epoch 45, cost = 1.495721, train_acc = 96.67% val_acc = 95.13%
Epoch 46, cost = 1.496547, train_acc = 96.66% val_acc = 95.31%
Epoch 47, cost = 1.495367, train_acc = 96.82% val_acc = 95.24%
Epoch 48, cost = 1.495380, train_acc = 96.67% val_acc = 95.40%
Epoch 49, cost = 1.494817, train_acc = 96.83% val_acc = 95.42%
Epoch 50, cost = 1.493793, train_acc = 96.83% val_acc = 95.35%
Epoch 51, cost = 1.494913, train_acc = 96.82% val_acc = 95.30%
Epoch 52, cost = 1.493783, train_acc = 96.89% val_acc = 95.54%
Epoch 53, cost = 1.493164, train_acc = 96.97% val_acc = 95.54%
Epoch 54, cost = 1.492473, train_acc = 97.07% val_acc = 95.48%
Epoch 55, cost = 1.492815, train_acc = 97.14% val_acc = 95.44%
Epoch 56, cost = 1.492980, train_acc = 97.10% val_acc = 95.50%
Epoch 57, cost = 1.492100, train_acc = 97.11% val_acc = 95.50%
Epoch 58, cost = 1.491907, train_acc = 97.21% val_acc = 95.41%
Epoch 59, cost = 1.490952, train_acc = 97.13% val_acc = 95.55%
Epoch 60, cost = 1.491161, train_acc = 97.18% val_acc = 95.56%
Epoch 61, cost = 1.490958, train_acc = 97.03% val_acc = 95.61%
Epoch 62, cost = 1.491064, train_acc = 97.16% val_acc = 95.50%
Epoch 63, cost = 1.490034, train_acc = 97.22% val_acc = 95.20%
Epoch 64, cost = 1.489944, train_acc = 97.05% val_acc = 95.13%
Epoch 65, cost = 1.489584, train_acc = 97.34% val_acc = 95.48%
Epoch 66, cost = 1.489399, train_acc = 97.27% val_acc = 95.68%
Epoch 67, cost = 1.489601, train_acc = 97.08% val_acc = 95.54%
Epoch 68, cost = 1.489248, train_acc = 97.34% val_acc = 95.47%
Epoch 69, cost = 1.488466, train_acc = 97.28% val_acc = 95.45%
Epoch 70, cost = 1.488529, train_acc = 97.36% val_acc = 95.60%
Epoch 71, cost = 1.488795, train_acc = 97.27% val_acc = 95.58%
Epoch 72, cost = 1.488801, train_acc = 97.39% val_acc = 95.71%
Epoch 73, cost = 1.488371, train_acc = 97.52% val_acc = 95.51%
Epoch 74, cost = 1.488212, train_acc = 97.52% val_acc = 95.67%
Epoch 75, cost = 1.488438, train_acc = 97.50% val_acc = 95.81%
Epoch 76, cost = 1.486965, train_acc = 97.34% val_acc = 95.39%
Epoch 77, cost = 1.488579, train_acc = 97.43% val_acc = 95.37%
Epoch 78, cost = 1.488079, train_acc = 97.36% val_acc = 95.68%
Epoch 79, cost = 1.487214, train_acc = 97.44% val_acc = 95.59%
Epoch 80, cost = 1.487149, train_acc = 97.57% val_acc = 95.65%
Epoch 81, cost = 1.486811, train_acc = 97.63% val_acc = 95.67%
Epoch 82, cost = 1.486500, train_acc = 97.50% val_acc = 95.93%
Epoch 83, cost = 1.486821, train_acc = 97.66% val_acc = 95.88%
Epoch 84, cost = 1.486285, train_acc = 97.66% val_acc = 95.95%
Epoch 85, cost = 1.486842, train_acc = 97.45% val_acc = 95.51%
Epoch 86, cost = 1.486849, train_acc = 97.47% val_acc = 95.63%
Epoch 87, cost = 1.485156, train_acc = 97.65% val_acc = 95.69%
Epoch 88, cost = 1.486388, train_acc = 97.64% val_acc = 95.99%
Epoch 89, cost = 1.486017, train_acc = 97.71% val_acc = 95.62%
Epoch 90, cost = 1.485913, train_acc = 97.65% val_acc = 95.55%
Epoch 91, cost = 1.485085, train_acc = 97.54% val_acc = 95.87%
Epoch 92, cost = 1.485742, train_acc = 97.48% val_acc = 95.64%
Epoch 93, cost = 1.485941, train_acc = 97.58% val_acc = 95.78%
Epoch 94, cost = 1.484483, train_acc = 97.64% val_acc = 95.62%
Epoch 95, cost = 1.485197, train_acc = 97.79% val_acc = 95.71%
Epoch 96, cost = 1.484964, train_acc = 97.73% val_acc = 95.50%
Epoch 97, cost = 1.484497, train_acc = 97.77% val_acc = 95.71%
Epoch 98, cost = 1.485360, train_acc = 97.62% val_acc = 95.87%
Epoch 99, cost = 1.484079, train_acc = 97.88% val_acc = 95.76%
Epoch 100, cost = 1.484807, train_acc = 97.83% val_acc = 95.75%
Epoch 101, cost = 1.484433, train_acc = 97.85% val_acc = 95.94%
Epoch 102, cost = 1.484505, train_acc = 97.79% val_acc = 96.12%
Epoch 103, cost = 1.484895, train_acc = 97.86% val_acc = 95.93%
Epoch 104, cost = 1.483507, train_acc = 97.94% val_acc = 95.70%
Epoch 105, cost = 1.483938, train_acc = 97.64% val_acc = 95.49%
Epoch 106, cost = 1.483471, train_acc = 97.96% val_acc = 95.93%
Epoch 107, cost = 1.483833, train_acc = 97.82% val_acc = 95.91%
Epoch 108, cost = 1.483540, train_acc = 97.79% val_acc = 95.67%
Epoch 109, cost = 1.483598, train_acc = 97.56% val_acc = 95.84%
Epoch 110, cost = 1.484166, train_acc = 97.98% val_acc = 95.66%
Epoch 111, cost = 1.483290, train_acc = 97.80% val_acc = 95.90%
Epoch 112, cost = 1.482614, train_acc = 97.85% val_acc = 95.93%
Epoch 113, cost = 1.483006, train_acc = 97.82% val_acc = 95.90%
Epoch 114, cost = 1.483059, train_acc = 97.89% val_acc = 96.06%
Epoch 115, cost = 1.483304, train_acc = 97.80% val_acc = 95.80%
Epoch 116, cost = 1.482919, train_acc = 97.95% val_acc = 95.69%
Epoch 117, cost = 1.482270, train_acc = 97.85% val_acc = 95.81%
Epoch 118, cost = 1.482469, train_acc = 97.97% val_acc = 96.14%
Epoch 119, cost = 1.482648, train_acc = 97.94% val_acc = 96.15%
Epoch 120, cost = 1.482615, train_acc = 98.08% val_acc = 95.80%
Epoch 121, cost = 1.483103, train_acc = 97.96% val_acc = 96.15%
Epoch 122, cost = 1.482086, train_acc = 97.88% val_acc = 95.89%
Epoch 123, cost = 1.482161, train_acc = 98.00% val_acc = 96.01%
Epoch 124, cost = 1.481499, train_acc = 98.07% val_acc = 95.66%
Epoch 125, cost = 1.482725, train_acc = 98.04% val_acc = 96.04%
Epoch 126, cost = 1.481995, train_acc = 98.01% val_acc = 95.73%
Epoch 127, cost = 1.482362, train_acc = 97.90% val_acc = 95.90%
Epoch 128, cost = 1.481581, train_acc = 98.08% val_acc = 95.88%
Epoch 129, cost = 1.481703, train_acc = 97.90% val_acc = 96.03%
Epoch 130, cost = 1.482836, train_acc = 97.77% val_acc = 95.72%
Epoch 131, cost = 1.482168, train_acc = 98.15% val_acc = 95.92%
Epoch 132, cost = 1.481310, train_acc = 98.13% val_acc = 96.42%
Epoch 133, cost = 1.482227, train_acc = 98.03% val_acc = 96.17%
Epoch 134, cost = 1.482171, train_acc = 98.05% val_acc = 95.60%
Epoch 135, cost = 1.481304, train_acc = 97.90% val_acc = 95.80%
Epoch 136, cost = 1.482129, train_acc = 97.98% val_acc = 96.17%
Epoch 137, cost = 1.480752, train_acc = 98.12% val_acc = 95.69%
Epoch 138, cost = 1.480621, train_acc = 98.11% val_acc = 96.00%
Epoch 139, cost = 1.480661, train_acc = 98.12% val_acc = 95.91%
Epoch 140, cost = 1.481345, train_acc = 98.11% val_acc = 95.93%
Epoch 141, cost = 1.481074, train_acc = 98.12% val_acc = 96.17%
Epoch 142, cost = 1.481287, train_acc = 98.00% val_acc = 96.00%
Epoch 143, cost = 1.481518, train_acc = 98.17% val_acc = 95.99%
Epoch 144, cost = 1.481096, train_acc = 98.01% val_acc = 95.83%
Epoch 145, cost = 1.480599, train_acc = 98.18% val_acc = 95.98%
Epoch 146, cost = 1.480742, train_acc = 98.10% val_acc = 96.04%
Epoch 147, cost = 1.480984, train_acc = 98.11% val_acc = 96.06%
Epoch 148, cost = 1.480786, train_acc = 98.06% val_acc = 96.14%
Epoch 149, cost = 1.480019, train_acc = 98.08% val_acc = 96.06%
Epoch 150, cost = 1.480172, train_acc = 98.15% val_acc = 96.00%
Epoch 151, cost = 1.480354, train_acc = 97.99% val_acc = 95.87%
Epoch 152, cost = 1.480072, train_acc = 98.14% val_acc = 96.06%
Epoch 153, cost = 1.480785, train_acc = 98.30% val_acc = 95.98%
Epoch 154, cost = 1.480332, train_acc = 98.20% val_acc = 96.30%
Epoch 155, cost = 1.479916, train_acc = 98.23% val_acc = 96.16%
Epoch 156, cost = 1.479346, train_acc = 98.21% val_acc = 96.22%
Epoch 157, cost = 1.479453, train_acc = 98.23% val_acc = 95.94%
Epoch 158, cost = 1.480059, train_acc = 98.21% val_acc = 96.18%
Epoch 159, cost = 1.480440, train_acc = 98.19% val_acc = 95.96%
Epoch 160, cost = 1.480264, train_acc = 98.16% val_acc = 96.04%
Epoch 161, cost = 1.478960, train_acc = 98.25% val_acc = 95.97%
Epoch 162, cost = 1.479454, train_acc = 98.25% val_acc = 96.19%
Epoch 163, cost = 1.480146, train_acc = 98.25% val_acc = 96.44%
Epoch 164, cost = 1.479838, train_acc = 98.24% val_acc = 96.17%
Epoch 165, cost = 1.479548, train_acc = 98.26% val_acc = 96.05%
Epoch 166, cost = 1.480123, train_acc = 98.28% val_acc = 95.90%
Epoch 167, cost = 1.479712, train_acc = 98.05% val_acc = 95.86%
Epoch 168, cost = 1.479563, train_acc = 98.30% val_acc = 96.42%
Epoch 169, cost = 1.479175, train_acc = 98.07% val_acc = 95.99%
Epoch 170, cost = 1.479647, train_acc = 98.23% val_acc = 96.39%
Epoch 171, cost = 1.479819, train_acc = 98.15% val_acc = 96.00%
Epoch 172, cost = 1.479051, train_acc = 98.07% val_acc = 95.93%
Epoch 173, cost = 1.479594, train_acc = 98.28% val_acc = 95.90%
Epoch 174, cost = 1.478953, train_acc = 98.26% val_acc = 96.26%
Epoch 175, cost = 1.479200, train_acc = 98.21% val_acc = 96.26%
Epoch 176, cost = 1.478843, train_acc = 98.25% val_acc = 95.88%
Epoch 177, cost = 1.479476, train_acc = 97.87% val_acc = 95.87%
Epoch 178, cost = 1.479389, train_acc = 98.36% val_acc = 96.06%
Epoch 179, cost = 1.478907, train_acc = 98.38% val_acc = 96.27%
Epoch 180, cost = 1.479246, train_acc = 98.28% val_acc = 96.42%
Epoch 181, cost = 1.479059, train_acc = 98.18% val_acc = 96.20%
Epoch 182, cost = 1.478868, train_acc = 98.27% val_acc = 96.44%
Epoch 183, cost = 1.478280, train_acc = 98.32% val_acc = 96.26%
Epoch 184, cost = 1.478392, train_acc = 98.40% val_acc = 96.06%
Epoch 185, cost = 1.478750, train_acc = 98.32% val_acc = 96.23%
Epoch 186, cost = 1.478402, train_acc = 98.24% val_acc = 95.86%
Epoch 187, cost = 1.479128, train_acc = 98.34% val_acc = 96.21%
Epoch 188, cost = 1.478543, train_acc = 98.41% val_acc = 96.49%
Epoch 189, cost = 1.478791, train_acc = 98.34% val_acc = 96.04%
Epoch 190, cost = 1.478780, train_acc = 98.34% val_acc = 96.20%
Epoch 191, cost = 1.478278, train_acc = 98.41% val_acc = 96.30%
Epoch 192, cost = 1.478254, train_acc = 98.43% val_acc = 96.43%
Epoch 193, cost = 1.478482, train_acc = 98.34% val_acc = 96.27%
Epoch 194, cost = 1.477945, train_acc = 98.21% val_acc = 96.31%
Epoch 195, cost = 1.478215, train_acc = 98.32% val_acc = 96.21%
Epoch 196, cost = 1.478475, train_acc = 98.32% val_acc = 96.19%
Epoch 197, cost = 1.477840, train_acc = 98.43% val_acc = 96.27%
Epoch 198, cost = 1.477934, train_acc = 98.39% val_acc = 96.04%
Epoch 199, cost = 1.477756, train_acc = 98.30% val_acc = 96.04%
Epoch 200, cost = 1.478256, train_acc = 98.47% val_acc = 96.35%
Epoch 201, cost = 1.477473, train_acc = 98.35% val_acc = 96.08%
Epoch 202, cost = 1.477790, train_acc = 98.39% val_acc = 96.11%
Epoch 203, cost = 1.477962, train_acc = 98.34% val_acc = 96.36%
Epoch 204, cost = 1.477892, train_acc = 98.37% val_acc = 96.22%
Epoch 205, cost = 1.477527, train_acc = 98.47% val_acc = 96.54%
Epoch 206, cost = 1.478200, train_acc = 98.28% val_acc = 96.26%
Epoch 207, cost = 1.477933, train_acc = 98.45% val_acc = 96.04%
Epoch 208, cost = 1.477676, train_acc = 98.46% val_acc = 96.14%
Epoch 209, cost = 1.477212, train_acc = 98.49% val_acc = 96.50%
Epoch 210, cost = 1.477442, train_acc = 98.44% val_acc = 96.15%
Epoch 211, cost = 1.477403, train_acc = 98.51% val_acc = 96.51%
Epoch 212, cost = 1.478014, train_acc = 98.49% val_acc = 96.28%
Epoch 213, cost = 1.477634, train_acc = 98.41% val_acc = 96.28%
Epoch 214, cost = 1.477590, train_acc = 98.37% val_acc = 96.40%
Epoch 215, cost = 1.477890, train_acc = 98.49% val_acc = 95.77%
Epoch 216, cost = 1.477517, train_acc = 98.43% val_acc = 96.37%
Epoch 217, cost = 1.477663, train_acc = 98.48% val_acc = 96.25%
Epoch 218, cost = 1.477193, train_acc = 98.40% val_acc = 96.09%
Epoch 219, cost = 1.477267, train_acc = 98.53% val_acc = 96.25%
Epoch 220, cost = 1.477112, train_acc = 98.43% val_acc = 96.53%
Epoch 221, cost = 1.478339, train_acc = 98.50% val_acc = 96.26%
Epoch 222, cost = 1.477170, train_acc = 98.43% val_acc = 96.46%
Epoch 223, cost = 1.476737, train_acc = 98.34% val_acc = 96.27%
Epoch 224, cost = 1.478004, train_acc = 98.48% val_acc = 96.41%
Epoch 225, cost = 1.476765, train_acc = 98.52% val_acc = 96.19%
Epoch 226, cost = 1.477169, train_acc = 98.44% val_acc = 96.21%
Epoch 227, cost = 1.477365, train_acc = 98.52% val_acc = 96.32%
Epoch 228, cost = 1.477332, train_acc = 98.51% val_acc = 96.32%
Epoch 229, cost = 1.476783, train_acc = 98.50% val_acc = 96.39%
Epoch 230, cost = 1.476733, train_acc = 98.52% val_acc = 96.24%
Epoch 231, cost = 1.476661, train_acc = 98.54% val_acc = 96.00%
Epoch 232, cost = 1.476355, train_acc = 98.45% val_acc = 95.99%
Epoch 233, cost = 1.477201, train_acc = 98.54% val_acc = 96.44%
Epoch 234, cost = 1.477467, train_acc = 98.50% val_acc = 96.26%
Epoch 235, cost = 1.476672, train_acc = 98.49% val_acc = 96.57%
Epoch 236, cost = 1.477031, train_acc = 98.59% val_acc = 96.16%
Epoch 237, cost = 1.476794, train_acc = 98.57% val_acc = 96.38%
Epoch 238, cost = 1.476688, train_acc = 98.60% val_acc = 96.29%
Epoch 239, cost = 1.476859, train_acc = 98.44% val_acc = 96.31%
Epoch 240, cost = 1.476402, train_acc = 98.50% val_acc = 96.50%
Epoch 241, cost = 1.475992, train_acc = 98.66% val_acc = 96.14%
Epoch 242, cost = 1.476013, train_acc = 98.57% val_acc = 96.43%
Epoch 243, cost = 1.476274, train_acc = 98.68% val_acc = 96.51%
Epoch 244, cost = 1.476406, train_acc = 98.60% val_acc = 96.37%
Epoch 245, cost = 1.476462, train_acc = 98.60% val_acc = 96.50%
Epoch 246, cost = 1.476531, train_acc = 98.54% val_acc = 96.52%
Epoch 247, cost = 1.476839, train_acc = 98.50% val_acc = 96.35%
Epoch 248, cost = 1.476675, train_acc = 98.61% val_acc = 96.34%
Epoch 249, cost = 1.476014, train_acc = 98.64% val_acc = 96.65%
Epoch 250, cost = 1.476149, train_acc = 98.62% val_acc = 96.43%
Epoch 251, cost = 1.475796, train_acc = 98.52% val_acc = 96.51%
Epoch 252, cost = 1.476289, train_acc = 98.53% val_acc = 96.63%
Epoch 253, cost = 1.476336, train_acc = 98.60% val_acc = 96.47%
Epoch 254, cost = 1.475840, train_acc = 98.68% val_acc = 96.25%
Epoch 255, cost = 1.475895, train_acc = 98.63% val_acc = 96.55%
Epoch 256, cost = 1.475739, train_acc = 98.65% val_acc = 96.61%
Epoch 257, cost = 1.475655, train_acc = 98.64% val_acc = 96.44%
Epoch 258, cost = 1.476186, train_acc = 98.62% val_acc = 96.38%
Epoch 259, cost = 1.475489, train_acc = 98.54% val_acc = 96.33%
Epoch 260, cost = 1.475651, train_acc = 98.65% val_acc = 96.11%
Epoch 261, cost = 1.476211, train_acc = 98.59% val_acc = 96.24%
Epoch 262, cost = 1.476021, train_acc = 98.56% val_acc = 96.58%
Epoch 263, cost = 1.476433, train_acc = 98.52% val_acc = 96.20%
Epoch 264, cost = 1.476019, train_acc = 98.61% val_acc = 96.45%
Epoch 265, cost = 1.475756, train_acc = 98.63% val_acc = 96.65%
Epoch 266, cost = 1.475244, train_acc = 98.72% val_acc = 96.61%
Epoch 267, cost = 1.475491, train_acc = 98.63% val_acc = 96.55%
Epoch 268, cost = 1.475615, train_acc = 98.55% val_acc = 96.40%
Epoch 269, cost = 1.475428, train_acc = 98.51% val_acc = 96.52%
Epoch 270, cost = 1.475679, train_acc = 98.63% val_acc = 96.53%
Epoch 271, cost = 1.475466, train_acc = 98.61% val_acc = 96.39%
Epoch 272, cost = 1.475426, train_acc = 98.63% val_acc = 96.66%
Epoch 273, cost = 1.476024, train_acc = 98.67% val_acc = 96.40%
Epoch 274, cost = 1.475821, train_acc = 98.57% val_acc = 96.17%
Epoch 275, cost = 1.475350, train_acc = 98.59% val_acc = 96.51%
Epoch 276, cost = 1.475740, train_acc = 98.64% val_acc = 96.49%
Epoch 277, cost = 1.475728, train_acc = 98.66% val_acc = 96.59%
Epoch 278, cost = 1.476082, train_acc = 98.53% val_acc = 96.56%
Epoch 279, cost = 1.475939, train_acc = 98.61% val_acc = 96.57%
Epoch 280, cost = 1.475252, train_acc = 98.61% val_acc = 96.34%
Epoch 281, cost = 1.475231, train_acc = 98.71% val_acc = 96.79%
Epoch 282, cost = 1.475022, train_acc = 98.73% val_acc = 96.70%
Epoch 283, cost = 1.475021, train_acc = 98.58% val_acc = 96.60%
Epoch 284, cost = 1.475533, train_acc = 98.59% val_acc = 96.44%
Epoch 285, cost = 1.474777, train_acc = 98.65% val_acc = 96.33%
Epoch 286, cost = 1.474287, train_acc = 98.66% val_acc = 96.46%
Epoch 287, cost = 1.474976, train_acc = 98.55% val_acc = 96.70%
Epoch 288, cost = 1.475303, train_acc = 98.75% val_acc = 96.61%
Epoch 289, cost = 1.475136, train_acc = 98.62% val_acc = 96.62%
Epoch 290, cost = 1.475474, train_acc = 98.65% val_acc = 96.54%
Epoch 291, cost = 1.475443, train_acc = 98.70% val_acc = 96.47%
Epoch 292, cost = 1.475182, train_acc = 98.64% val_acc = 96.50%
Epoch 293, cost = 1.475538, train_acc = 98.72% val_acc = 96.44%
Epoch 294, cost = 1.474668, train_acc = 98.65% val_acc = 96.23%
Epoch 295, cost = 1.475282, train_acc = 98.64% val_acc = 96.41%
Epoch 296, cost = 1.475445, train_acc = 98.67% val_acc = 96.88%
Epoch 297, cost = 1.475483, train_acc = 98.69% val_acc = 96.35%
Epoch 298, cost = 1.475230, train_acc = 98.71% val_acc = 96.54%
Epoch 299, cost = 1.475013, train_acc = 98.71% val_acc = 96.36%
Epoch 300, cost = 1.474852, train_acc = 98.65% val_acc = 96.51%
Epoch 301, cost = 1.474887, train_acc = 98.59% val_acc = 96.46%
Epoch 302, cost = 1.475116, train_acc = 98.63% val_acc = 96.57%
Epoch 303, cost = 1.474885, train_acc = 98.74% val_acc = 96.54%
Epoch 304, cost = 1.475117, train_acc = 98.75% val_acc = 96.69%
Epoch 305, cost = 1.474729, train_acc = 98.79% val_acc = 96.49%
Epoch 306, cost = 1.474852, train_acc = 98.66% val_acc = 96.56%
Epoch 307, cost = 1.475509, train_acc = 98.61% val_acc = 96.45%
Epoch 308, cost = 1.474776, train_acc = 98.66% val_acc = 96.55%
Epoch 309, cost = 1.474502, train_acc = 98.64% val_acc = 96.47%
Epoch 310, cost = 1.474627, train_acc = 98.65% val_acc = 96.47%
Epoch 311, cost = 1.474848, train_acc = 98.69% val_acc = 96.40%
Epoch 312, cost = 1.474331, train_acc = 98.71% val_acc = 96.43%
Epoch 313, cost = 1.474724, train_acc = 98.79% val_acc = 96.54%
Epoch 314, cost = 1.474397, train_acc = 98.69% val_acc = 96.46%
Epoch 315, cost = 1.475156, train_acc = 98.77% val_acc = 96.71%
Epoch 316, cost = 1.474371, train_acc = 98.64% val_acc = 96.79%
Epoch 317, cost = 1.474518, train_acc = 98.71% val_acc = 96.39%
Epoch 318, cost = 1.474924, train_acc = 98.75% val_acc = 96.52%
Epoch 319, cost = 1.475193, train_acc = 98.77% val_acc = 96.80%
Epoch 320, cost = 1.475069, train_acc = 98.77% val_acc = 96.48%
Epoch 321, cost = 1.474394, train_acc = 98.75% val_acc = 96.59%
Epoch 322, cost = 1.474086, train_acc = 98.83% val_acc = 96.61%
Epoch 323, cost = 1.474494, train_acc = 98.73% val_acc = 96.27%
Epoch 324, cost = 1.474170, train_acc = 98.74% val_acc = 96.58%
Epoch 325, cost = 1.474387, train_acc = 98.79% val_acc = 96.90%
Epoch 326, cost = 1.474632, train_acc = 98.76% val_acc = 96.69%
Epoch 327, cost = 1.474062, train_acc = 98.78% val_acc = 96.74%
Epoch 328, cost = 1.474310, train_acc = 98.76% val_acc = 96.59%
Epoch 329, cost = 1.474765, train_acc = 98.77% val_acc = 96.63%
Epoch 330, cost = 1.473994, train_acc = 98.80% val_acc = 96.48%
Epoch 331, cost = 1.474055, train_acc = 98.67% val_acc = 96.46%
Epoch 332, cost = 1.474840, train_acc = 98.68% val_acc = 96.39%
Epoch 333, cost = 1.474111, train_acc = 98.80% val_acc = 96.71%
Epoch 334, cost = 1.474481, train_acc = 98.66% val_acc = 96.48%
Epoch 335, cost = 1.474227, train_acc = 98.78% val_acc = 96.72%
Epoch 336, cost = 1.474747, train_acc = 98.81% val_acc = 96.60%
Epoch 337, cost = 1.473827, train_acc = 98.80% val_acc = 96.77%
Epoch 338, cost = 1.473594, train_acc = 98.85% val_acc = 96.86%
Epoch 339, cost = 1.473935, train_acc = 98.76% val_acc = 96.65%
Epoch 340, cost = 1.474602, train_acc = 98.78% val_acc = 96.32%
Epoch 341, cost = 1.473516, train_acc = 98.84% val_acc = 96.46%
Epoch 342, cost = 1.473598, train_acc = 98.79% val_acc = 96.54%
Epoch 343, cost = 1.473622, train_acc = 98.71% val_acc = 96.46%
Epoch 344, cost = 1.473907, train_acc = 98.83% val_acc = 96.72%
Epoch 345, cost = 1.474136, train_acc = 98.80% val_acc = 96.69%
Epoch 346, cost = 1.473979, train_acc = 98.87% val_acc = 96.57%
Epoch 347, cost = 1.473738, train_acc = 98.86% val_acc = 96.57%
Epoch 348, cost = 1.473845, train_acc = 98.81% val_acc = 96.63%
Epoch 349, cost = 1.473957, train_acc = 98.88% val_acc = 96.75%
Epoch 350, cost = 1.473658, train_acc = 98.79% val_acc = 96.36%
Epoch 351, cost = 1.473813, train_acc = 98.86% val_acc = 96.71%
Epoch 352, cost = 1.474200, train_acc = 98.73% val_acc = 96.57%
Epoch 353, cost = 1.473525, train_acc = 98.74% val_acc = 96.51%
Epoch 354, cost = 1.474029, train_acc = 98.82% val_acc = 96.61%
Epoch 355, cost = 1.472930, train_acc = 98.86% val_acc = 96.85%
Epoch 356, cost = 1.474103, train_acc = 98.85% val_acc = 96.70%
Epoch 357, cost = 1.473563, train_acc = 98.74% val_acc = 96.43%
Epoch 358, cost = 1.473564, train_acc = 98.83% val_acc = 96.45%
Epoch 359, cost = 1.473469, train_acc = 98.79% val_acc = 96.64%
Epoch 360, cost = 1.474211, train_acc = 98.79% val_acc = 96.52%
Epoch 361, cost = 1.474514, train_acc = 98.85% val_acc = 96.72%
Epoch 362, cost = 1.474023, train_acc = 98.90% val_acc = 96.51%
Epoch 363, cost = 1.473182, train_acc = 98.80% val_acc = 96.66%
Epoch 364, cost = 1.473461, train_acc = 98.78% val_acc = 96.42%
Epoch 365, cost = 1.473128, train_acc = 98.87% val_acc = 96.62%
Epoch 366, cost = 1.473433, train_acc = 98.88% val_acc = 96.50%
Epoch 367, cost = 1.473465, train_acc = 98.83% val_acc = 96.93%
Epoch 368, cost = 1.473106, train_acc = 98.70% val_acc = 96.73%
Epoch 369, cost = 1.473377, train_acc = 98.79% val_acc = 96.66%
Epoch 370, cost = 1.473794, train_acc = 98.85% val_acc = 96.49%
Epoch 371, cost = 1.474199, train_acc = 98.78% val_acc = 96.54%
Epoch 372, cost = 1.474422, train_acc = 98.81% val_acc = 96.68%
Epoch 373, cost = 1.473498, train_acc = 98.79% val_acc = 96.82%
Epoch 374, cost = 1.473310, train_acc = 98.83% val_acc = 96.62%
Epoch 375, cost = 1.472989, train_acc = 98.86% val_acc = 96.45%
Epoch 376, cost = 1.473745, train_acc = 98.86% val_acc = 96.28%
Epoch 377, cost = 1.473145, train_acc = 98.84% val_acc = 96.94%
Epoch 378, cost = 1.473267, train_acc = 98.81% val_acc = 96.50%
Epoch 379, cost = 1.473253, train_acc = 98.80% val_acc = 96.70%
Epoch 380, cost = 1.472996, train_acc = 98.87% val_acc = 96.71%
Epoch 381, cost = 1.473407, train_acc = 98.80% val_acc = 96.62%
Epoch 382, cost = 1.473810, train_acc = 98.84% val_acc = 96.71%
Epoch 383, cost = 1.473948, train_acc = 98.66% val_acc = 96.67%
Epoch 384, cost = 1.473535, train_acc = 98.86% val_acc = 96.73%
Epoch 385, cost = 1.473854, train_acc = 98.75% val_acc = 96.30%
Epoch 386, cost = 1.473465, train_acc = 98.92% val_acc = 96.59%
Epoch 387, cost = 1.473967, train_acc = 98.85% val_acc = 96.76%
Epoch 388, cost = 1.473631, train_acc = 98.86% val_acc = 96.57%
Epoch 389, cost = 1.472961, train_acc = 98.78% val_acc = 96.52%
Epoch 390, cost = 1.473662, train_acc = 98.78% val_acc = 96.11%
Epoch 391, cost = 1.472919, train_acc = 98.91% val_acc = 96.53%
Epoch 392, cost = 1.473130, train_acc = 98.95% val_acc = 96.90%
Epoch 393, cost = 1.472574, train_acc = 98.85% val_acc = 96.73%
Epoch 394, cost = 1.473146, train_acc = 98.79% val_acc = 96.47%
Epoch 395, cost = 1.473172, train_acc = 98.80% val_acc = 96.64%
Epoch 396, cost = 1.473782, train_acc = 98.80% val_acc = 96.57%
Epoch 397, cost = 1.473263, train_acc = 98.85% val_acc = 96.35%
Epoch 398, cost = 1.473081, train_acc = 98.88% val_acc = 96.44%
Epoch 399, cost = 1.473434, train_acc = 98.94% val_acc = 96.71%
Epoch 400, cost = 1.473441, train_acc = 98.87% val_acc = 96.61%
Epoch 401, cost = 1.472683, train_acc = 98.96% val_acc = 96.64%
Epoch 402, cost = 1.473568, train_acc = 98.89% val_acc = 96.80%
Epoch 403, cost = 1.472968, train_acc = 98.92% val_acc = 96.57%
Epoch 404, cost = 1.472586, train_acc = 98.88% val_acc = 96.54%
Epoch 405, cost = 1.473604, train_acc = 98.90% val_acc = 96.69%
Epoch 406, cost = 1.472346, train_acc = 98.84% val_acc = 96.66%
Epoch 407, cost = 1.473050, train_acc = 98.92% val_acc = 97.00%
Epoch 408, cost = 1.472629, train_acc = 98.86% val_acc = 96.64%
Epoch 409, cost = 1.473158, train_acc = 98.87% val_acc = 96.71%
Epoch 410, cost = 1.472792, train_acc = 98.94% val_acc = 96.82%
Epoch 411, cost = 1.472700, train_acc = 98.88% val_acc = 96.68%
Epoch 412, cost = 1.472436, train_acc = 98.71% val_acc = 96.29%
Epoch 413, cost = 1.473128, train_acc = 98.95% val_acc = 96.87%
Epoch 414, cost = 1.472477, train_acc = 98.92% val_acc = 97.00%
Epoch 415, cost = 1.472861, train_acc = 98.92% val_acc = 96.76%
Epoch 416, cost = 1.472719, train_acc = 98.84% val_acc = 96.83%
Epoch 417, cost = 1.472462, train_acc = 98.90% val_acc = 96.65%
Epoch 418, cost = 1.472810, train_acc = 98.88% val_acc = 96.81%
Epoch 419, cost = 1.472861, train_acc = 98.86% val_acc = 96.72%
Epoch 420, cost = 1.473206, train_acc = 98.95% val_acc = 96.60%
Epoch 421, cost = 1.472209, train_acc = 98.77% val_acc = 96.72%
Epoch 422, cost = 1.473373, train_acc = 98.97% val_acc = 96.74%
Epoch 423, cost = 1.472583, train_acc = 98.91% val_acc = 96.77%
Epoch 424, cost = 1.472880, train_acc = 98.91% val_acc = 96.57%
Epoch 425, cost = 1.472700, train_acc = 98.99% val_acc = 96.70%
Epoch 426, cost = 1.472664, train_acc = 98.89% val_acc = 96.32%
Epoch 427, cost = 1.472659, train_acc = 98.93% val_acc = 96.86%
Epoch 428, cost = 1.472410, train_acc = 98.92% val_acc = 96.81%
Epoch 429, cost = 1.471564, train_acc = 98.98% val_acc = 96.84%
Epoch 430, cost = 1.472788, train_acc = 98.95% val_acc = 96.68%
Epoch 431, cost = 1.472148, train_acc = 98.99% val_acc = 96.69%
Epoch 432, cost = 1.472377, train_acc = 98.82% val_acc = 96.77%
Epoch 433, cost = 1.472863, train_acc = 98.97% val_acc = 96.82%
Epoch 434, cost = 1.472550, train_acc = 98.85% val_acc = 96.62%
Epoch 435, cost = 1.472184, train_acc = 98.99% val_acc = 96.94%
Epoch 436, cost = 1.472329, train_acc = 98.96% val_acc = 96.75%
Epoch 437, cost = 1.472071, train_acc = 98.96% val_acc = 96.82%
Epoch 438, cost = 1.472583, train_acc = 98.99% val_acc = 96.72%
Epoch 439, cost = 1.472446, train_acc = 98.98% val_acc = 96.65%
Epoch 440, cost = 1.472687, train_acc = 99.01% val_acc = 96.75%
Epoch 441, cost = 1.472388, train_acc = 99.02% val_acc = 96.70%
Epoch 442, cost = 1.472509, train_acc = 98.99% val_acc = 96.82%
Epoch 443, cost = 1.472361, train_acc = 98.94% val_acc = 96.67%
Epoch 444, cost = 1.472710, train_acc = 98.91% val_acc = 96.66%
Epoch 445, cost = 1.472112, train_acc = 98.93% val_acc = 96.63%
Epoch 446, cost = 1.472736, train_acc = 98.74% val_acc = 96.32%
Epoch 447, cost = 1.471876, train_acc = 98.89% val_acc = 96.92%
Epoch 448, cost = 1.472619, train_acc = 98.96% val_acc = 96.92%
Epoch 449, cost = 1.472173, train_acc = 98.92% val_acc = 96.71%
Epoch 450, cost = 1.472485, train_acc = 98.95% val_acc = 96.64%
Epoch 451, cost = 1.471905, train_acc = 99.02% val_acc = 96.80%
Epoch 452, cost = 1.472084, train_acc = 98.97% val_acc = 96.66%
Epoch 453, cost = 1.471970, train_acc = 98.96% val_acc = 96.53%
Epoch 454, cost = 1.472058, train_acc = 98.92% val_acc = 96.87%
Epoch 455, cost = 1.472592, train_acc = 99.00% val_acc = 96.89%
Epoch 456, cost = 1.472215, train_acc = 98.93% val_acc = 96.82%
Epoch 457, cost = 1.471886, train_acc = 98.90% val_acc = 96.60%
Epoch 458, cost = 1.471924, train_acc = 99.01% val_acc = 96.55%
Epoch 459, cost = 1.472276, train_acc = 98.81% val_acc = 96.31%
Epoch 460, cost = 1.472324, train_acc = 98.95% val_acc = 96.57%
Epoch 461, cost = 1.472236, train_acc = 98.98% val_acc = 97.04%
Epoch 462, cost = 1.471833, train_acc = 98.92% val_acc = 96.29%
Epoch 463, cost = 1.471246, train_acc = 98.95% val_acc = 96.56%
Epoch 464, cost = 1.472301, train_acc = 98.98% val_acc = 96.92%
Epoch 465, cost = 1.472092, train_acc = 98.99% val_acc = 96.47%
Epoch 466, cost = 1.471938, train_acc = 98.89% val_acc = 96.54%
Epoch 467, cost = 1.471729, train_acc = 99.04% val_acc = 96.61%
Epoch 468, cost = 1.472319, train_acc = 99.01% val_acc = 96.78%
Epoch 469, cost = 1.471857, train_acc = 98.99% val_acc = 96.61%
Epoch 470, cost = 1.472614, train_acc = 98.96% val_acc = 96.60%
Epoch 471, cost = 1.472169, train_acc = 98.91% val_acc = 96.78%
Epoch 472, cost = 1.471957, train_acc = 98.98% val_acc = 96.89%
Epoch 473, cost = 1.472036, train_acc = 98.90% val_acc = 96.60%
Epoch 474, cost = 1.472266, train_acc = 98.90% val_acc = 96.86%
Epoch 475, cost = 1.471790, train_acc = 99.00% val_acc = 96.77%
Epoch 476, cost = 1.472108, train_acc = 99.05% val_acc = 96.68%
Epoch 477, cost = 1.472160, train_acc = 98.94% val_acc = 96.79%
Epoch 478, cost = 1.471671, train_acc = 99.01% val_acc = 96.88%
Epoch 479, cost = 1.472025, train_acc = 98.99% val_acc = 96.57%
Epoch 480, cost = 1.471962, train_acc = 99.01% val_acc = 96.81%
Epoch 481, cost = 1.471887, train_acc = 99.01% val_acc = 96.73%
Epoch 482, cost = 1.471580, train_acc = 99.06% val_acc = 97.04%
Epoch 483, cost = 1.472044, train_acc = 98.94% val_acc = 96.73%
Epoch 484, cost = 1.472044, train_acc = 99.00% val_acc = 96.84%
Epoch 485, cost = 1.471887, train_acc = 99.04% val_acc = 96.93%
Epoch 486, cost = 1.471803, train_acc = 99.06% val_acc = 96.76%
Epoch 487, cost = 1.472231, train_acc = 99.06% val_acc = 96.91%
Epoch 488, cost = 1.471642, train_acc = 99.01% val_acc = 96.89%
Epoch 489, cost = 1.471344, train_acc = 98.99% val_acc = 96.76%
Epoch 490, cost = 1.471656, train_acc = 98.99% val_acc = 96.87%
Epoch 491, cost = 1.471938, train_acc = 98.93% val_acc = 96.98%
Epoch 492, cost = 1.471504, train_acc = 99.00% val_acc = 96.58%
Epoch 493, cost = 1.471981, train_acc = 99.00% val_acc = 96.84%
Epoch 494, cost = 1.471269, train_acc = 99.02% val_acc = 96.94%
Epoch 495, cost = 1.471756, train_acc = 99.04% val_acc = 96.85%
Epoch 496, cost = 1.471935, train_acc = 99.07% val_acc = 97.00%
Epoch 497, cost = 1.471561, train_acc = 99.03% val_acc = 96.87%
Epoch 498, cost = 1.471420, train_acc = 98.81% val_acc = 96.44%
Epoch 499, cost = 1.471516, train_acc = 99.03% val_acc = 96.82%
Epoch 500, cost = 1.471276, train_acc = 99.04% val_acc = 96.71%
Epoch 501, cost = 1.471046, train_acc = 99.01% val_acc = 96.62%
Epoch 502, cost = 1.471608, train_acc = 99.05% val_acc = 96.58%
Epoch 503, cost = 1.471055, train_acc = 98.99% val_acc = 96.75%
Epoch 504, cost = 1.471748, train_acc = 99.01% val_acc = 96.97%
Epoch 505, cost = 1.471092, train_acc = 99.00% val_acc = 96.91%
Epoch 506, cost = 1.471609, train_acc = 98.98% val_acc = 96.95%
Epoch 507, cost = 1.471115, train_acc = 99.03% val_acc = 96.89%
Epoch 508, cost = 1.471984, train_acc = 99.05% val_acc = 96.58%
Epoch 509, cost = 1.471505, train_acc = 99.04% val_acc = 96.87%
Epoch 510, cost = 1.471594, train_acc = 99.03% val_acc = 97.08%
Epoch 511, cost = 1.471660, train_acc = 98.97% val_acc = 96.60%
Epoch 512, cost = 1.471468, train_acc = 98.98% val_acc = 96.89%
Epoch 513, cost = 1.472037, train_acc = 99.03% val_acc = 97.11%
Epoch 514, cost = 1.471780, train_acc = 99.01% val_acc = 96.87%
Epoch 515, cost = 1.472097, train_acc = 99.01% val_acc = 96.68%
Epoch 516, cost = 1.471333, train_acc = 98.97% val_acc = 96.89%
Epoch 517, cost = 1.471482, train_acc = 99.02% val_acc = 96.68%
Epoch 518, cost = 1.471906, train_acc = 98.98% val_acc = 96.67%
Epoch 519, cost = 1.471975, train_acc = 99.03% val_acc = 96.86%
Epoch 520, cost = 1.471260, train_acc = 98.97% val_acc = 97.08%
Epoch 521, cost = 1.471294, train_acc = 99.00% val_acc = 96.65%
Epoch 522, cost = 1.471306, train_acc = 99.06% val_acc = 96.86%
Epoch 523, cost = 1.471889, train_acc = 99.04% val_acc = 96.94%
Epoch 524, cost = 1.471502, train_acc = 99.04% val_acc = 97.05%
Epoch 525, cost = 1.471108, train_acc = 99.10% val_acc = 96.85%
Epoch 526, cost = 1.471013, train_acc = 99.06% val_acc = 96.82%
Epoch 527, cost = 1.471353, train_acc = 99.11% val_acc = 96.82%
Epoch 528, cost = 1.472219, train_acc = 99.00% val_acc = 96.75%
Epoch 529, cost = 1.471325, train_acc = 99.11% val_acc = 97.02%
Epoch 530, cost = 1.471000, train_acc = 99.06% val_acc = 96.82%
Epoch 531, cost = 1.471095, train_acc = 99.07% val_acc = 96.82%
Epoch 532, cost = 1.471049, train_acc = 99.08% val_acc = 96.99%
Epoch 533, cost = 1.471410, train_acc = 99.09% val_acc = 96.75%
Epoch 534, cost = 1.471350, train_acc = 99.02% val_acc = 96.89%
Epoch 535, cost = 1.471016, train_acc = 99.07% val_acc = 97.13%
Epoch 536, cost = 1.470758, train_acc = 99.03% val_acc = 97.02%
Epoch 537, cost = 1.471619, train_acc = 98.97% val_acc = 96.74%
Epoch 538, cost = 1.471416, train_acc = 99.00% val_acc = 96.83%
Epoch 539, cost = 1.471353, train_acc = 99.05% val_acc = 96.81%
Epoch 540, cost = 1.471359, train_acc = 99.04% val_acc = 96.77%
Epoch 541, cost = 1.471248, train_acc = 99.03% val_acc = 96.82%
Epoch 542, cost = 1.470838, train_acc = 99.11% val_acc = 97.01%
Epoch 543, cost = 1.471491, train_acc = 99.03% val_acc = 96.93%
Epoch 544, cost = 1.471368, train_acc = 99.08% val_acc = 96.97%
Epoch 545, cost = 1.470832, train_acc = 99.07% val_acc = 96.82%
Epoch 546, cost = 1.471253, train_acc = 99.08% val_acc = 96.86%
Epoch 547, cost = 1.471146, train_acc = 99.08% val_acc = 96.63%
Epoch 548, cost = 1.471039, train_acc = 99.04% val_acc = 96.66%
Epoch 549, cost = 1.470635, train_acc = 99.04% val_acc = 96.72%
Epoch 550, cost = 1.471301, train_acc = 99.00% val_acc = 96.64%
Epoch 551, cost = 1.471288, train_acc = 99.07% val_acc = 96.99%
Epoch 552, cost = 1.470603, train_acc = 99.08% val_acc = 96.74%
Epoch 553, cost = 1.470282, train_acc = 99.04% val_acc = 96.77%
Epoch 554, cost = 1.471145, train_acc = 99.05% val_acc = 96.89%
Epoch 555, cost = 1.471250, train_acc = 99.01% val_acc = 96.75%
Epoch 556, cost = 1.471213, train_acc = 99.07% val_acc = 96.84%
Epoch 557, cost = 1.470896, train_acc = 99.03% val_acc = 96.88%
Epoch 558, cost = 1.471485, train_acc = 99.08% val_acc = 96.88%
Epoch 559, cost = 1.471162, train_acc = 99.05% val_acc = 96.75%
Epoch 560, cost = 1.471059, train_acc = 99.12% val_acc = 96.76%
Epoch 561, cost = 1.470921, train_acc = 99.13% val_acc = 96.82%
Epoch 562, cost = 1.471263, train_acc = 99.02% val_acc = 96.74%
Epoch 563, cost = 1.470978, train_acc = 98.98% val_acc = 96.68%
Epoch 564, cost = 1.471180, train_acc = 99.03% val_acc = 96.63%
Epoch 565, cost = 1.471137, train_acc = 99.07% val_acc = 96.80%
Epoch 566, cost = 1.470876, train_acc = 99.13% val_acc = 96.72%
Epoch 567, cost = 1.470965, train_acc = 99.05% val_acc = 96.57%
Epoch 568, cost = 1.471276, train_acc = 99.04% val_acc = 96.66%
Epoch 569, cost = 1.471127, train_acc = 99.14% val_acc = 96.77%
Epoch 570, cost = 1.470980, train_acc = 98.94% val_acc = 96.62%
Epoch 571, cost = 1.470957, train_acc = 99.13% val_acc = 96.89%
Epoch 572, cost = 1.470999, train_acc = 99.07% val_acc = 97.09%
Epoch 573, cost = 1.471472, train_acc = 99.04% val_acc = 96.68%
Epoch 574, cost = 1.470704, train_acc = 99.09% val_acc = 96.67%
Epoch 575, cost = 1.470956, train_acc = 99.10% val_acc = 96.88%
Epoch 576, cost = 1.471083, train_acc = 98.97% val_acc = 96.72%
Epoch 577, cost = 1.471302, train_acc = 99.12% val_acc = 96.66%
Epoch 578, cost = 1.470581, train_acc = 99.05% val_acc = 96.84%
Epoch 579, cost = 1.471227, train_acc = 99.06% val_acc = 96.94%
Epoch 580, cost = 1.470811, train_acc = 99.09% val_acc = 96.94%
Epoch 581, cost = 1.471290, train_acc = 99.07% val_acc = 96.86%
Epoch 582, cost = 1.470426, train_acc = 99.09% val_acc = 96.93%
Epoch 583, cost = 1.470584, train_acc = 99.14% val_acc = 96.84%
Epoch 584, cost = 1.470626, train_acc = 99.10% val_acc = 97.26%
Epoch 585, cost = 1.471369, train_acc = 99.05% val_acc = 96.78%
Epoch 586, cost = 1.470531, train_acc = 99.17% val_acc = 96.81%
Epoch 587, cost = 1.470044, train_acc = 99.09% val_acc = 97.14%
Epoch 588, cost = 1.470808, train_acc = 99.09% val_acc = 96.88%
Epoch 589, cost = 1.471036, train_acc = 99.05% val_acc = 96.86%
Epoch 590, cost = 1.470926, train_acc = 99.16% val_acc = 96.93%
Epoch 591, cost = 1.470831, train_acc = 99.00% val_acc = 96.63%
Epoch 592, cost = 1.470790, train_acc = 99.12% val_acc = 96.63%
Epoch 593, cost = 1.470876, train_acc = 99.04% val_acc = 96.66%
Epoch 594, cost = 1.470796, train_acc = 99.12% val_acc = 96.95%
Epoch 595, cost = 1.470157, train_acc = 99.11% val_acc = 96.93%
Epoch 596, cost = 1.470716, train_acc = 99.15% val_acc = 96.97%
Epoch 597, cost = 1.470458, train_acc = 99.13% val_acc = 96.77%
Epoch 598, cost = 1.470546, train_acc = 99.19% val_acc = 96.95%
Epoch 599, cost = 1.470610, train_acc = 99.03% val_acc = 96.63%
Epoch 600, cost = 1.470841, train_acc = 99.11% val_acc = 97.07%
Epoch 601, cost = 1.470466, train_acc = 99.11% val_acc = 96.87%
Epoch 602, cost = 1.470421, train_acc = 99.10% val_acc = 96.74%
Epoch 603, cost = 1.470238, train_acc = 99.08% val_acc = 96.60%
Epoch 604, cost = 1.471062, train_acc = 99.13% val_acc = 96.74%
Epoch 605, cost = 1.470653, train_acc = 99.11% val_acc = 97.00%
Epoch 606, cost = 1.470830, train_acc = 99.12% val_acc = 97.29%
Epoch 607, cost = 1.470853, train_acc = 99.20% val_acc = 97.02%
Epoch 608, cost = 1.470859, train_acc = 99.15% val_acc = 97.01%
Epoch 609, cost = 1.470205, train_acc = 99.13% val_acc = 96.97%
Epoch 610, cost = 1.470621, train_acc = 99.11% val_acc = 96.75%
Epoch 611, cost = 1.470405, train_acc = 99.07% val_acc = 96.78%
Epoch 612, cost = 1.470529, train_acc = 99.12% val_acc = 96.92%
Epoch 613, cost = 1.471150, train_acc = 99.15% val_acc = 96.99%
Epoch 614, cost = 1.470511, train_acc = 99.03% val_acc = 96.84%
Epoch 615, cost = 1.470991, train_acc = 99.11% val_acc = 97.00%
Epoch 616, cost = 1.470271, train_acc = 99.15% val_acc = 96.95%
Epoch 617, cost = 1.470852, train_acc = 99.10% val_acc = 96.92%
Epoch 618, cost = 1.470629, train_acc = 99.12% val_acc = 96.75%
Epoch 619, cost = 1.470618, train_acc = 99.18% val_acc = 97.03%
Epoch 620, cost = 1.470878, train_acc = 99.10% val_acc = 96.93%
Epoch 621, cost = 1.470552, train_acc = 99.11% val_acc = 96.77%
Epoch 622, cost = 1.470658, train_acc = 99.14% val_acc = 96.63%
Epoch 623, cost = 1.470349, train_acc = 99.11% val_acc = 96.88%
Epoch 624, cost = 1.470386, train_acc = 99.12% val_acc = 96.82%
Epoch 625, cost = 1.470471, train_acc = 99.13% val_acc = 97.00%
Epoch 626, cost = 1.470162, train_acc = 99.13% val_acc = 97.02%
Epoch 627, cost = 1.469972, train_acc = 99.09% val_acc = 96.99%
Epoch 628, cost = 1.470205, train_acc = 98.94% val_acc = 96.93%
Epoch 629, cost = 1.470192, train_acc = 99.13% val_acc = 96.94%
Epoch 630, cost = 1.469783, train_acc = 99.10% val_acc = 96.69%
Epoch 631, cost = 1.470436, train_acc = 99.15% val_acc = 97.18%
Epoch 632, cost = 1.470247, train_acc = 99.18% val_acc = 96.89%
Epoch 633, cost = 1.470327, train_acc = 99.11% val_acc = 96.76%
Epoch 634, cost = 1.470697, train_acc = 99.10% val_acc = 96.78%
Epoch 635, cost = 1.470251, train_acc = 99.10% val_acc = 97.06%
Epoch 636, cost = 1.470595, train_acc = 99.13% val_acc = 96.86%
Epoch 637, cost = 1.470180, train_acc = 99.15% val_acc = 96.92%
Epoch 638, cost = 1.470532, train_acc = 99.01% val_acc = 96.78%
Epoch 639, cost = 1.470561, train_acc = 99.12% val_acc = 96.70%
Epoch 640, cost = 1.470368, train_acc = 99.13% val_acc = 96.80%
Epoch 641, cost = 1.470026, train_acc = 99.12% val_acc = 96.86%
Epoch 642, cost = 1.470211, train_acc = 99.10% val_acc = 96.74%
Epoch 643, cost = 1.470014, train_acc = 99.24% val_acc = 97.02%
Epoch 644, cost = 1.469821, train_acc = 99.13% val_acc = 97.04%
Epoch 645, cost = 1.470582, train_acc = 99.13% val_acc = 97.00%
Epoch 646, cost = 1.469985, train_acc = 99.12% val_acc = 96.93%
Epoch 647, cost = 1.470254, train_acc = 99.19% val_acc = 96.81%
Epoch 648, cost = 1.469967, train_acc = 99.16% val_acc = 96.99%
Epoch 649, cost = 1.470280, train_acc = 99.15% val_acc = 96.82%
Epoch 650, cost = 1.470010, train_acc = 99.19% val_acc = 97.03%
Epoch 651, cost = 1.469770, train_acc = 99.12% val_acc = 96.83%
Epoch 652, cost = 1.470295, train_acc = 99.15% val_acc = 96.76%
Epoch 653, cost = 1.470159, train_acc = 99.14% val_acc = 97.01%
Epoch 654, cost = 1.470001, train_acc = 99.17% val_acc = 96.95%
Epoch 655, cost = 1.469811, train_acc = 99.19% val_acc = 96.90%
Epoch 656, cost = 1.469841, train_acc = 99.15% val_acc = 96.99%
Epoch 657, cost = 1.470318, train_acc = 99.18% val_acc = 97.05%
Epoch 658, cost = 1.470192, train_acc = 99.16% val_acc = 96.72%
Epoch 659, cost = 1.470102, train_acc = 99.06% val_acc = 96.69%
Epoch 660, cost = 1.470136, train_acc = 99.19% val_acc = 96.76%
Epoch 661, cost = 1.470563, train_acc = 99.15% val_acc = 96.85%
Epoch 662, cost = 1.469825, train_acc = 99.20% val_acc = 96.92%
Epoch 663, cost = 1.469906, train_acc = 99.16% val_acc = 96.88%
Epoch 664, cost = 1.469723, train_acc = 99.01% val_acc = 96.57%
Epoch 665, cost = 1.470201, train_acc = 99.10% val_acc = 96.85%
Epoch 666, cost = 1.469922, train_acc = 99.10% val_acc = 96.80%
Epoch 667, cost = 1.470087, train_acc = 99.10% val_acc = 96.80%
Epoch 668, cost = 1.469851, train_acc = 99.18% val_acc = 96.86%
Epoch 669, cost = 1.469969, train_acc = 99.05% val_acc = 97.00%
Epoch 670, cost = 1.470398, train_acc = 99.18% val_acc = 96.86%
Epoch 671, cost = 1.469983, train_acc = 99.17% val_acc = 97.03%
Epoch 672, cost = 1.470172, train_acc = 99.10% val_acc = 96.87%
Epoch 673, cost = 1.470121, train_acc = 99.20% val_acc = 96.95%
Epoch 674, cost = 1.469885, train_acc = 99.20% val_acc = 96.94%
Epoch 675, cost = 1.470623, train_acc = 99.16% val_acc = 96.92%
Epoch 676, cost = 1.470243, train_acc = 99.15% val_acc = 96.90%
Epoch 677, cost = 1.469672, train_acc = 99.17% val_acc = 97.07%
Epoch 678, cost = 1.469684, train_acc = 99.05% val_acc = 96.67%
Epoch 679, cost = 1.470275, train_acc = 99.21% val_acc = 96.92%
Epoch 680, cost = 1.470189, train_acc = 99.20% val_acc = 96.99%
Epoch 681, cost = 1.470190, train_acc = 99.08% val_acc = 96.96%
Epoch 682, cost = 1.469855, train_acc = 99.20% val_acc = 96.93%
Epoch 683, cost = 1.469513, train_acc = 99.03% val_acc = 96.90%
Epoch 684, cost = 1.469453, train_acc = 99.21% val_acc = 96.92%
Epoch 685, cost = 1.469966, train_acc = 99.13% val_acc = 96.72%
Epoch 686, cost = 1.470171, train_acc = 99.23% val_acc = 96.66%
Epoch 687, cost = 1.469872, train_acc = 99.22% val_acc = 96.93%
Epoch 688, cost = 1.469663, train_acc = 99.18% val_acc = 96.98%
Epoch 689, cost = 1.469634, train_acc = 99.18% val_acc = 96.97%
Epoch 690, cost = 1.469668, train_acc = 99.19% val_acc = 97.14%
Epoch 691, cost = 1.470171, train_acc = 99.18% val_acc = 96.75%
Epoch 692, cost = 1.470211, train_acc = 99.08% val_acc = 96.91%
Epoch 693, cost = 1.470030, train_acc = 99.16% val_acc = 96.81%
Epoch 694, cost = 1.469537, train_acc = 99.12% val_acc = 96.87%
Epoch 695, cost = 1.470195, train_acc = 99.21% val_acc = 97.14%
Epoch 696, cost = 1.470075, train_acc = 99.05% val_acc = 96.50%
Epoch 697, cost = 1.470325, train_acc = 99.10% val_acc = 96.86%
Epoch 698, cost = 1.469831, train_acc = 99.16% val_acc = 96.72%
Epoch 699, cost = 1.469573, train_acc = 99.21% val_acc = 96.89%
Epoch 700, cost = 1.470239, train_acc = 99.25% val_acc = 97.16%
Epoch 701, cost = 1.469525, train_acc = 99.22% val_acc = 97.03%
Epoch 702, cost = 1.469737, train_acc = 99.18% val_acc = 96.84%
Epoch 703, cost = 1.470010, train_acc = 99.18% val_acc = 96.78%
Epoch 704, cost = 1.470030, train_acc = 99.22% val_acc = 96.80%
Epoch 705, cost = 1.469752, train_acc = 99.20% val_acc = 97.20%
Epoch 706, cost = 1.469410, train_acc = 99.13% val_acc = 96.77%
Epoch 707, cost = 1.470513, train_acc = 99.14% val_acc = 97.02%
Epoch 708, cost = 1.469878, train_acc = 99.21% val_acc = 96.85%
Epoch 709, cost = 1.469630, train_acc = 99.17% val_acc = 96.71%
Epoch 710, cost = 1.470117, train_acc = 99.16% val_acc = 97.04%
Epoch 711, cost = 1.469960, train_acc = 99.13% val_acc = 96.93%
Epoch 712, cost = 1.469500, train_acc = 99.17% val_acc = 97.06%
Epoch 713, cost = 1.470011, train_acc = 99.26% val_acc = 97.08%
Epoch 714, cost = 1.469985, train_acc = 99.15% val_acc = 96.89%
Epoch 715, cost = 1.469674, train_acc = 99.17% val_acc = 97.08%
Epoch 716, cost = 1.469857, train_acc = 99.15% val_acc = 97.12%
Epoch 717, cost = 1.469874, train_acc = 99.18% val_acc = 96.90%
Epoch 718, cost = 1.469469, train_acc = 99.17% val_acc = 96.96%
Epoch 719, cost = 1.470061, train_acc = 99.17% val_acc = 97.03%
Epoch 720, cost = 1.470446, train_acc = 99.22% val_acc = 96.97%
Epoch 721, cost = 1.469861, train_acc = 99.20% val_acc = 97.17%
Epoch 722, cost = 1.469536, train_acc = 99.21% val_acc = 96.87%
Epoch 723, cost = 1.469783, train_acc = 99.20% val_acc = 97.00%
Epoch 724, cost = 1.470023, train_acc = 99.18% val_acc = 96.93%
Epoch 725, cost = 1.469201, train_acc = 99.13% val_acc = 96.83%
Epoch 726, cost = 1.470260, train_acc = 99.18% val_acc = 96.73%
Epoch 727, cost = 1.469301, train_acc = 99.25% val_acc = 97.02%
Epoch 728, cost = 1.469623, train_acc = 99.16% val_acc = 96.88%
Epoch 729, cost = 1.469706, train_acc = 99.19% val_acc = 96.87%
Epoch 730, cost = 1.469859, train_acc = 99.00% val_acc = 96.74%
Epoch 731, cost = 1.469555, train_acc = 99.26% val_acc = 97.13%
Epoch 732, cost = 1.470095, train_acc = 99.20% val_acc = 97.09%
Epoch 733, cost = 1.469809, train_acc = 99.09% val_acc = 96.59%
Epoch 734, cost = 1.469699, train_acc = 99.13% val_acc = 96.67%
Epoch 735, cost = 1.469728, train_acc = 99.18% val_acc = 96.94%
Epoch 736, cost = 1.469482, train_acc = 99.22% val_acc = 96.88%
Epoch 737, cost = 1.469820, train_acc = 99.19% val_acc = 96.91%
Epoch 738, cost = 1.469538, train_acc = 99.21% val_acc = 96.79%
Epoch 739, cost = 1.469821, train_acc = 99.12% val_acc = 96.77%
Epoch 740, cost = 1.469417, train_acc = 99.24% val_acc = 97.08%
Epoch 741, cost = 1.469644, train_acc = 99.26% val_acc = 96.97%
Epoch 742, cost = 1.469540, train_acc = 99.15% val_acc = 97.18%
Epoch 743, cost = 1.469016, train_acc = 99.15% val_acc = 97.12%
Epoch 744, cost = 1.469564, train_acc = 99.15% val_acc = 96.63%
Epoch 745, cost = 1.469527, train_acc = 99.20% val_acc = 96.82%
Epoch 746, cost = 1.469132, train_acc = 99.25% val_acc = 96.78%
Epoch 747, cost = 1.469152, train_acc = 99.27% val_acc = 97.19%
Epoch 748, cost = 1.469501, train_acc = 99.20% val_acc = 96.89%
Epoch 749, cost = 1.469797, train_acc = 99.26% val_acc = 97.00%
Epoch 750, cost = 1.468763, train_acc = 99.26% val_acc = 96.96%
Epoch 751, cost = 1.469421, train_acc = 99.26% val_acc = 97.08%
Epoch 752, cost = 1.469250, train_acc = 99.20% val_acc = 96.92%
Epoch 753, cost = 1.468916, train_acc = 99.21% val_acc = 97.09%
Epoch 754, cost = 1.469128, train_acc = 99.25% val_acc = 96.87%
Epoch 755, cost = 1.469322, train_acc = 99.17% val_acc = 96.80%
Epoch 756, cost = 1.469291, train_acc = 99.25% val_acc = 96.83%
Epoch 757, cost = 1.469862, train_acc = 99.11% val_acc = 96.66%
Epoch 758, cost = 1.469361, train_acc = 99.24% val_acc = 96.86%
Epoch 759, cost = 1.468822, train_acc = 99.19% val_acc = 96.66%
Epoch 760, cost = 1.469195, train_acc = 99.22% val_acc = 96.77%
Epoch 761, cost = 1.469083, train_acc = 99.23% val_acc = 96.95%
Epoch 762, cost = 1.469618, train_acc = 99.28% val_acc = 96.90%
Epoch 763, cost = 1.469600, train_acc = 99.19% val_acc = 96.86%
Epoch 764, cost = 1.469401, train_acc = 99.20% val_acc = 97.05%
Epoch 765, cost = 1.469619, train_acc = 99.22% val_acc = 96.84%
Epoch 766, cost = 1.469840, train_acc = 99.28% val_acc = 97.00%
Epoch 767, cost = 1.469121, train_acc = 99.21% val_acc = 96.97%
Epoch 768, cost = 1.469545, train_acc = 99.15% val_acc = 96.83%
Epoch 769, cost = 1.469505, train_acc = 99.27% val_acc = 97.22%
Epoch 770, cost = 1.468819, train_acc = 99.22% val_acc = 96.97%
Epoch 771, cost = 1.469785, train_acc = 99.24% val_acc = 96.89%
Epoch 772, cost = 1.469948, train_acc = 99.30% val_acc = 97.11%
Epoch 773, cost = 1.468556, train_acc = 99.24% val_acc = 97.07%
Epoch 774, cost = 1.468966, train_acc = 99.30% val_acc = 96.80%
Epoch 775, cost = 1.468991, train_acc = 99.24% val_acc = 96.83%
Epoch 776, cost = 1.468869, train_acc = 99.22% val_acc = 96.99%
Epoch 777, cost = 1.469367, train_acc = 99.20% val_acc = 96.95%
Epoch 778, cost = 1.469338, train_acc = 99.21% val_acc = 97.36%
Epoch 779, cost = 1.469296, train_acc = 99.15% val_acc = 96.99%
Epoch 780, cost = 1.469930, train_acc = 99.21% val_acc = 96.95%
Epoch 781, cost = 1.469403, train_acc = 99.10% val_acc = 97.29%
Epoch 782, cost = 1.469923, train_acc = 99.25% val_acc = 97.13%
Epoch 783, cost = 1.468705, train_acc = 99.21% val_acc = 97.04%
Epoch 784, cost = 1.469433, train_acc = 99.25% val_acc = 96.76%
Epoch 785, cost = 1.469244, train_acc = 99.20% val_acc = 97.04%
Epoch 786, cost = 1.469517, train_acc = 99.28% val_acc = 97.27%
Epoch 787, cost = 1.469652, train_acc = 99.25% val_acc = 97.18%
Epoch 788, cost = 1.469471, train_acc = 99.20% val_acc = 96.67%
Epoch 789, cost = 1.469408, train_acc = 99.19% val_acc = 96.67%
Epoch 790, cost = 1.469810, train_acc = 99.31% val_acc = 97.13%
Epoch 791, cost = 1.469127, train_acc = 99.25% val_acc = 97.14%
Epoch 792, cost = 1.469349, train_acc = 99.22% val_acc = 96.91%
Epoch 793, cost = 1.469386, train_acc = 99.23% val_acc = 96.85%
Epoch 794, cost = 1.469094, train_acc = 99.26% val_acc = 97.06%
Epoch 795, cost = 1.469254, train_acc = 99.24% val_acc = 96.71%
Epoch 796, cost = 1.469337, train_acc = 99.22% val_acc = 96.83%
Epoch 797, cost = 1.469307, train_acc = 99.22% val_acc = 96.71%
Epoch 798, cost = 1.468964, train_acc = 99.23% val_acc = 96.78%
Epoch 799, cost = 1.469117, train_acc = 99.23% val_acc = 96.84%
Epoch 800, cost = 1.468657, train_acc = 99.28% val_acc = 97.22%
Epoch 801, cost = 1.469215, train_acc = 99.20% val_acc = 97.06%
Epoch 802, cost = 1.469031, train_acc = 99.23% val_acc = 97.16%
Epoch 803, cost = 1.469003, train_acc = 99.27% val_acc = 96.89%
Epoch 804, cost = 1.469276, train_acc = 99.28% val_acc = 96.95%
Epoch 805, cost = 1.468998, train_acc = 99.23% val_acc = 96.89%
Epoch 806, cost = 1.469571, train_acc = 99.25% val_acc = 96.74%
Epoch 807, cost = 1.469469, train_acc = 99.23% val_acc = 96.92%
Epoch 808, cost = 1.469184, train_acc = 99.29% val_acc = 96.90%
Epoch 809, cost = 1.469166, train_acc = 99.27% val_acc = 96.96%
Epoch 810, cost = 1.468868, train_acc = 99.30% val_acc = 96.92%
Epoch 811, cost = 1.469364, train_acc = 99.28% val_acc = 96.87%
Epoch 812, cost = 1.468906, train_acc = 99.22% val_acc = 97.11%
Epoch 813, cost = 1.468805, train_acc = 99.18% val_acc = 96.89%
Epoch 814, cost = 1.468846, train_acc = 99.27% val_acc = 96.92%
Epoch 815, cost = 1.469108, train_acc = 99.17% val_acc = 97.00%
Epoch 816, cost = 1.469118, train_acc = 99.31% val_acc = 97.19%
Epoch 817, cost = 1.469055, train_acc = 99.19% val_acc = 97.03%
Epoch 818, cost = 1.469368, train_acc = 99.21% val_acc = 96.90%
Epoch 819, cost = 1.469453, train_acc = 99.24% val_acc = 96.81%
Epoch 820, cost = 1.469387, train_acc = 99.30% val_acc = 96.91%
Epoch 821, cost = 1.469435, train_acc = 99.23% val_acc = 96.79%
Epoch 822, cost = 1.468784, train_acc = 99.28% val_acc = 96.77%
Epoch 823, cost = 1.469356, train_acc = 99.26% val_acc = 97.14%
Epoch 824, cost = 1.469525, train_acc = 99.25% val_acc = 96.89%
Epoch 825, cost = 1.468731, train_acc = 99.31% val_acc = 96.68%
Epoch 826, cost = 1.469339, train_acc = 99.21% val_acc = 96.90%
Epoch 827, cost = 1.469337, train_acc = 99.24% val_acc = 96.82%
Epoch 828, cost = 1.468963, train_acc = 99.28% val_acc = 97.18%
Epoch 829, cost = 1.469051, train_acc = 99.30% val_acc = 97.22%
Epoch 830, cost = 1.468828, train_acc = 99.26% val_acc = 96.83%
Epoch 831, cost = 1.468904, train_acc = 99.22% val_acc = 97.01%
Epoch 832, cost = 1.469068, train_acc = 99.27% val_acc = 96.69%
Epoch 833, cost = 1.468786, train_acc = 99.29% val_acc = 96.84%
Epoch 834, cost = 1.468820, train_acc = 99.22% val_acc = 96.85%
Epoch 835, cost = 1.469369, train_acc = 99.31% val_acc = 96.90%
Epoch 836, cost = 1.469187, train_acc = 99.28% val_acc = 96.96%
Epoch 837, cost = 1.468940, train_acc = 99.33% val_acc = 97.17%
Epoch 838, cost = 1.468711, train_acc = 99.13% val_acc = 97.07%
Epoch 839, cost = 1.469539, train_acc = 99.28% val_acc = 96.96%
Epoch 840, cost = 1.468807, train_acc = 99.19% val_acc = 96.86%
Epoch 841, cost = 1.468541, train_acc = 99.20% val_acc = 97.17%
Epoch 842, cost = 1.469242, train_acc = 99.32% val_acc = 96.97%
Epoch 843, cost = 1.469853, train_acc = 99.25% val_acc = 97.24%
Epoch 844, cost = 1.468957, train_acc = 99.27% val_acc = 97.04%
Epoch 845, cost = 1.468902, train_acc = 99.28% val_acc = 96.99%
Epoch 846, cost = 1.468728, train_acc = 99.25% val_acc = 96.78%
Epoch 847, cost = 1.468749, train_acc = 99.29% val_acc = 96.90%
Epoch 848, cost = 1.469130, train_acc = 99.29% val_acc = 97.00%
Epoch 849, cost = 1.468996, train_acc = 99.28% val_acc = 97.06%
Epoch 850, cost = 1.469033, train_acc = 99.30% val_acc = 97.06%
Epoch 851, cost = 1.469073, train_acc = 99.29% val_acc = 97.02%
Epoch 852, cost = 1.468731, train_acc = 99.21% val_acc = 96.94%
Epoch 853, cost = 1.469008, train_acc = 99.28% val_acc = 97.09%
Epoch 854, cost = 1.468961, train_acc = 99.27% val_acc = 97.09%
Epoch 855, cost = 1.468881, train_acc = 99.19% val_acc = 97.03%
Epoch 856, cost = 1.469201, train_acc = 99.23% val_acc = 97.24%
Epoch 857, cost = 1.468698, train_acc = 99.24% val_acc = 96.61%
Epoch 858, cost = 1.469140, train_acc = 99.25% val_acc = 96.95%
Epoch 859, cost = 1.469022, train_acc = 99.31% val_acc = 97.13%
Epoch 860, cost = 1.468897, train_acc = 99.10% val_acc = 97.01%
Epoch 861, cost = 1.469068, train_acc = 99.29% val_acc = 97.20%
Epoch 862, cost = 1.468120, train_acc = 99.31% val_acc = 96.96%
Epoch 863, cost = 1.469042, train_acc = 99.27% val_acc = 97.16%
Epoch 864, cost = 1.468845, train_acc = 99.22% val_acc = 96.93%
Epoch 865, cost = 1.469188, train_acc = 99.17% val_acc = 96.87%
Epoch 866, cost = 1.468784, train_acc = 99.32% val_acc = 97.04%
Epoch 867, cost = 1.468794, train_acc = 99.26% val_acc = 96.94%
Epoch 868, cost = 1.468900, train_acc = 99.25% val_acc = 97.11%
Epoch 869, cost = 1.468595, train_acc = 99.29% val_acc = 97.12%
Epoch 870, cost = 1.469216, train_acc = 99.29% val_acc = 96.97%
Epoch 871, cost = 1.469288, train_acc = 99.25% val_acc = 96.96%
Epoch 872, cost = 1.468579, train_acc = 99.29% val_acc = 97.00%
Epoch 873, cost = 1.468931, train_acc = 99.28% val_acc = 96.86%
Epoch 874, cost = 1.469074, train_acc = 99.27% val_acc = 97.13%
Epoch 875, cost = 1.469010, train_acc = 99.27% val_acc = 97.14%
Epoch 876, cost = 1.468213, train_acc = 99.28% val_acc = 97.05%
Epoch 877, cost = 1.468802, train_acc = 99.27% val_acc = 97.17%
Epoch 878, cost = 1.468328, train_acc = 99.32% val_acc = 97.00%
Epoch 879, cost = 1.468980, train_acc = 99.31% val_acc = 97.07%
Epoch 880, cost = 1.468952, train_acc = 99.34% val_acc = 97.04%
Epoch 881, cost = 1.468485, train_acc = 99.19% val_acc = 96.75%
Epoch 882, cost = 1.469228, train_acc = 99.34% val_acc = 97.21%
Epoch 883, cost = 1.468633, train_acc = 99.22% val_acc = 97.09%
Epoch 884, cost = 1.469250, train_acc = 99.30% val_acc = 96.81%
Epoch 885, cost = 1.469082, train_acc = 99.24% val_acc = 96.89%
Epoch 886, cost = 1.469006, train_acc = 99.28% val_acc = 96.99%
Epoch 887, cost = 1.468086, train_acc = 99.30% val_acc = 97.13%
Epoch 888, cost = 1.468544, train_acc = 99.33% val_acc = 97.09%
Epoch 889, cost = 1.468709, train_acc = 99.27% val_acc = 96.90%
Epoch 890, cost = 1.468847, train_acc = 99.30% val_acc = 96.97%
Epoch 891, cost = 1.469018, train_acc = 99.21% val_acc = 96.90%
Epoch 892, cost = 1.468873, train_acc = 99.21% val_acc = 97.03%
Epoch 893, cost = 1.468497, train_acc = 99.28% val_acc = 97.04%
Epoch 894, cost = 1.468936, train_acc = 99.22% val_acc = 96.74%
Epoch 895, cost = 1.469209, train_acc = 99.33% val_acc = 97.03%
Epoch 896, cost = 1.468966, train_acc = 99.23% val_acc = 96.84%
Epoch 897, cost = 1.469349, train_acc = 99.27% val_acc = 96.85%
Epoch 898, cost = 1.468277, train_acc = 99.33% val_acc = 97.08%
Epoch 899, cost = 1.468494, train_acc = 99.24% val_acc = 97.01%
Epoch 900, cost = 1.468985, train_acc = 99.27% val_acc = 96.99%
Epoch 901, cost = 1.468359, train_acc = 99.29% val_acc = 97.14%
Epoch 902, cost = 1.468505, train_acc = 99.27% val_acc = 97.09%
Epoch 903, cost = 1.469074, train_acc = 99.33% val_acc = 97.09%
Epoch 904, cost = 1.468579, train_acc = 99.29% val_acc = 96.92%
Epoch 905, cost = 1.469177, train_acc = 99.26% val_acc = 96.99%
Epoch 906, cost = 1.468594, train_acc = 99.32% val_acc = 97.27%
Epoch 907, cost = 1.468954, train_acc = 99.23% val_acc = 96.95%
Epoch 908, cost = 1.469044, train_acc = 99.31% val_acc = 97.10%
Epoch 909, cost = 1.468561, train_acc = 99.26% val_acc = 97.21%
Epoch 910, cost = 1.468705, train_acc = 99.34% val_acc = 96.91%
Epoch 911, cost = 1.469079, train_acc = 99.25% val_acc = 97.30%
Epoch 912, cost = 1.469079, train_acc = 99.31% val_acc = 97.27%
Epoch 913, cost = 1.469252, train_acc = 99.21% val_acc = 97.08%
Epoch 914, cost = 1.468748, train_acc = 99.31% val_acc = 97.34%
Epoch 915, cost = 1.468715, train_acc = 99.23% val_acc = 97.00%
Epoch 916, cost = 1.468581, train_acc = 99.31% val_acc = 97.04%
Epoch 917, cost = 1.468435, train_acc = 99.30% val_acc = 96.87%
Epoch 918, cost = 1.469251, train_acc = 99.30% val_acc = 97.08%
Epoch 919, cost = 1.468281, train_acc = 99.29% val_acc = 97.25%
Epoch 920, cost = 1.468442, train_acc = 99.36% val_acc = 97.02%
Epoch 921, cost = 1.468813, train_acc = 99.31% val_acc = 96.99%
Epoch 922, cost = 1.468718, train_acc = 99.35% val_acc = 97.05%
Epoch 923, cost = 1.468635, train_acc = 99.23% val_acc = 96.93%
Epoch 924, cost = 1.468479, train_acc = 99.27% val_acc = 97.08%
Epoch 925, cost = 1.468723, train_acc = 99.26% val_acc = 96.76%
Epoch 926, cost = 1.468831, train_acc = 99.26% val_acc = 97.10%
Epoch 927, cost = 1.469280, train_acc = 99.29% val_acc = 96.97%
Epoch 928, cost = 1.468407, train_acc = 99.29% val_acc = 96.99%
Epoch 929, cost = 1.468638, train_acc = 99.33% val_acc = 97.35%
Epoch 930, cost = 1.468872, train_acc = 99.33% val_acc = 96.90%
Epoch 931, cost = 1.468638, train_acc = 99.30% val_acc = 96.97%
Epoch 932, cost = 1.468849, train_acc = 99.32% val_acc = 96.93%
Epoch 933, cost = 1.468420, train_acc = 99.29% val_acc = 96.86%
Epoch 934, cost = 1.468762, train_acc = 99.25% val_acc = 96.96%
Epoch 935, cost = 1.468989, train_acc = 99.28% val_acc = 96.95%
Epoch 936, cost = 1.469087, train_acc = 99.25% val_acc = 97.11%
Epoch 937, cost = 1.468903, train_acc = 99.31% val_acc = 96.95%
Epoch 938, cost = 1.468835, train_acc = 99.29% val_acc = 96.98%
Epoch 939, cost = 1.468756, train_acc = 99.30% val_acc = 97.07%
Epoch 940, cost = 1.468628, train_acc = 99.30% val_acc = 97.06%
Epoch 941, cost = 1.469138, train_acc = 99.35% val_acc = 97.09%
Epoch 942, cost = 1.468045, train_acc = 99.36% val_acc = 97.09%
Epoch 943, cost = 1.468723, train_acc = 99.31% val_acc = 97.04%
Epoch 944, cost = 1.468673, train_acc = 99.31% val_acc = 97.12%
Epoch 945, cost = 1.468484, train_acc = 99.21% val_acc = 96.85%
Epoch 946, cost = 1.468250, train_acc = 99.28% val_acc = 97.31%
Epoch 947, cost = 1.468255, train_acc = 99.34% val_acc = 97.12%
Epoch 948, cost = 1.468294, train_acc = 99.28% val_acc = 97.03%
Epoch 949, cost = 1.468336, train_acc = 99.34% val_acc = 97.23%
Epoch 950, cost = 1.468521, train_acc = 99.28% val_acc = 96.94%
Epoch 951, cost = 1.468576, train_acc = 99.29% val_acc = 97.12%
Epoch 952, cost = 1.468829, train_acc = 99.30% val_acc = 96.97%
Epoch 953, cost = 1.469156, train_acc = 99.29% val_acc = 96.88%
Epoch 954, cost = 1.468553, train_acc = 99.34% val_acc = 97.20%
Epoch 955, cost = 1.468944, train_acc = 99.35% val_acc = 96.90%
Epoch 956, cost = 1.468818, train_acc = 99.30% val_acc = 97.13%
Epoch 957, cost = 1.468727, train_acc = 99.29% val_acc = 97.01%
Epoch 958, cost = 1.468187, train_acc = 99.35% val_acc = 96.76%
Epoch 959, cost = 1.468547, train_acc = 99.33% val_acc = 97.20%
Epoch 960, cost = 1.468637, train_acc = 99.24% val_acc = 96.91%
Epoch 961, cost = 1.468551, train_acc = 99.28% val_acc = 97.04%
Epoch 962, cost = 1.468291, train_acc = 99.31% val_acc = 96.94%
Epoch 963, cost = 1.468749, train_acc = 99.32% val_acc = 96.86%
Epoch 964, cost = 1.468851, train_acc = 99.32% val_acc = 97.12%
Epoch 965, cost = 1.468154, train_acc = 99.29% val_acc = 96.98%
Epoch 966, cost = 1.468232, train_acc = 99.27% val_acc = 96.71%
Epoch 967, cost = 1.468664, train_acc = 99.32% val_acc = 96.99%
Epoch 968, cost = 1.469225, train_acc = 99.26% val_acc = 96.88%
Epoch 969, cost = 1.468362, train_acc = 99.34% val_acc = 97.25%
Epoch 970, cost = 1.469488, train_acc = 99.28% val_acc = 97.11%
Epoch 971, cost = 1.468524, train_acc = 99.38% val_acc = 96.72%
Epoch 972, cost = 1.468420, train_acc = 99.24% val_acc = 96.94%
Epoch 973, cost = 1.468732, train_acc = 99.34% val_acc = 97.02%
Epoch 974, cost = 1.468441, train_acc = 99.25% val_acc = 97.25%
Epoch 975, cost = 1.468504, train_acc = 99.21% val_acc = 96.99%
Epoch 976, cost = 1.468257, train_acc = 99.33% val_acc = 96.88%
Epoch 977, cost = 1.468442, train_acc = 99.34% val_acc = 96.93%
Epoch 978, cost = 1.468585, train_acc = 99.30% val_acc = 96.83%
Epoch 979, cost = 1.468269, train_acc = 99.30% val_acc = 96.85%
Epoch 980, cost = 1.468450, train_acc = 99.37% val_acc = 97.14%
Epoch 981, cost = 1.468807, train_acc = 99.31% val_acc = 97.07%
Epoch 982, cost = 1.468652, train_acc = 99.30% val_acc = 96.76%
Epoch 983, cost = 1.468049, train_acc = 99.28% val_acc = 97.16%
Epoch 984, cost = 1.468789, train_acc = 99.34% val_acc = 96.87%
Epoch 985, cost = 1.468627, train_acc = 99.33% val_acc = 97.01%
Epoch 986, cost = 1.468641, train_acc = 99.29% val_acc = 97.09%
Epoch 987, cost = 1.468472, train_acc = 99.24% val_acc = 96.79%
Epoch 988, cost = 1.468422, train_acc = 99.31% val_acc = 97.03%
Epoch 989, cost = 1.468103, train_acc = 99.28% val_acc = 96.81%
Epoch 990, cost = 1.468468, train_acc = 99.36% val_acc = 97.10%
Epoch 991, cost = 1.468348, train_acc = 99.19% val_acc = 96.90%
Epoch 992, cost = 1.467981, train_acc = 99.31% val_acc = 97.04%
Epoch 993, cost = 1.468896, train_acc = 99.30% val_acc = 96.90%
Epoch 994, cost = 1.468630, train_acc = 99.35% val_acc = 97.30%
Epoch 995, cost = 1.468346, train_acc = 99.33% val_acc = 97.16%
Epoch 996, cost = 1.468592, train_acc = 99.30% val_acc = 97.06%
Epoch 997, cost = 1.467887, train_acc = 99.37% val_acc = 97.12%
Epoch 998, cost = 1.468007, train_acc = 99.27% val_acc = 97.09%
Epoch 999, cost = 1.468013, train_acc = 99.37% val_acc = 97.16%
Epoch 1000, cost = 1.468024, train_acc = 99.36% val_acc = 97.16%
Epoch 1001, cost = 1.468807, train_acc = 99.30% val_acc = 97.15%
Epoch 1002, cost = 1.468407, train_acc = 99.34% val_acc = 96.80%
Epoch 1003, cost = 1.468624, train_acc = 99.33% val_acc = 97.09%
Epoch 1004, cost = 1.468149, train_acc = 99.30% val_acc = 97.00%
Epoch 1005, cost = 1.468805, train_acc = 99.35% val_acc = 97.03%
Epoch 1006, cost = 1.468316, train_acc = 99.34% val_acc = 97.04%
Epoch 1007, cost = 1.468282, train_acc = 99.30% val_acc = 97.10%
Epoch 1008, cost = 1.468236, train_acc = 99.33% val_acc = 97.12%
Epoch 1009, cost = 1.468294, train_acc = 99.34% val_acc = 97.26%
Epoch 1010, cost = 1.468591, train_acc = 99.33% val_acc = 97.07%
Epoch 1011, cost = 1.468411, train_acc = 99.25% val_acc = 97.03%
Epoch 1012, cost = 1.468449, train_acc = 99.26% val_acc = 96.94%
Epoch 1013, cost = 1.468306, train_acc = 99.35% val_acc = 97.14%
Epoch 1014, cost = 1.468457, train_acc = 99.14% val_acc = 96.67%
Epoch 1015, cost = 1.468483, train_acc = 99.27% val_acc = 97.06%
Epoch 1016, cost = 1.467585, train_acc = 99.31% val_acc = 97.03%
Epoch 1017, cost = 1.468277, train_acc = 99.35% val_acc = 96.96%
Epoch 1018, cost = 1.468034, train_acc = 99.32% val_acc = 97.10%
Epoch 1019, cost = 1.468441, train_acc = 99.26% val_acc = 96.82%
Epoch 1020, cost = 1.468142, train_acc = 99.40% val_acc = 97.32%
Epoch 1021, cost = 1.468546, train_acc = 99.35% val_acc = 97.04%
Epoch 1022, cost = 1.468578, train_acc = 99.30% val_acc = 97.15%
Epoch 1023, cost = 1.468079, train_acc = 99.35% val_acc = 97.04%
Epoch 1024, cost = 1.468459, train_acc = 99.34% val_acc = 97.18%
Epoch 1025, cost = 1.468587, train_acc = 99.31% val_acc = 97.11%
Epoch 1026, cost = 1.468657, train_acc = 99.33% val_acc = 96.99%
Epoch 1027, cost = 1.468054, train_acc = 99.33% val_acc = 97.16%
Epoch 1028, cost = 1.468195, train_acc = 99.40% val_acc = 97.08%
Epoch 1029, cost = 1.468488, train_acc = 99.29% val_acc = 97.00%
Epoch 1030, cost = 1.468102, train_acc = 99.33% val_acc = 97.30%
Epoch 1031, cost = 1.468449, train_acc = 99.34% val_acc = 97.23%
Epoch 1032, cost = 1.468470, train_acc = 99.30% val_acc = 97.17%
Epoch 1033, cost = 1.468461, train_acc = 99.37% val_acc = 96.94%
Epoch 1034, cost = 1.467948, train_acc = 99.34% val_acc = 97.36%
Epoch 1035, cost = 1.467953, train_acc = 99.32% val_acc = 96.83%
Epoch 1036, cost = 1.468283, train_acc = 99.24% val_acc = 96.94%
Epoch 1037, cost = 1.468592, train_acc = 99.39% val_acc = 96.92%
Epoch 1038, cost = 1.468091, train_acc = 99.37% val_acc = 97.29%
Epoch 1039, cost = 1.467825, train_acc = 99.37% val_acc = 97.15%
Epoch 1040, cost = 1.468066, train_acc = 99.40% val_acc = 96.99%
Epoch 1041, cost = 1.467947, train_acc = 99.36% val_acc = 97.09%
Epoch 1042, cost = 1.468643, train_acc = 99.34% val_acc = 97.11%
Epoch 1043, cost = 1.468218, train_acc = 99.36% val_acc = 96.96%
Epoch 1044, cost = 1.468177, train_acc = 99.35% val_acc = 96.97%
Epoch 1045, cost = 1.468093, train_acc = 99.33% val_acc = 97.07%
Epoch 1046, cost = 1.468043, train_acc = 99.34% val_acc = 97.28%
Epoch 1047, cost = 1.468370, train_acc = 99.39% val_acc = 97.11%
Epoch 1048, cost = 1.468854, train_acc = 99.30% val_acc = 97.19%
Epoch 1049, cost = 1.468757, train_acc = 99.33% val_acc = 97.08%
Epoch 1050, cost = 1.467959, train_acc = 99.23% val_acc = 96.98%
Epoch 1051, cost = 1.468275, train_acc = 99.31% val_acc = 97.10%
Epoch 1052, cost = 1.468165, train_acc = 99.39% val_acc = 97.15%
Epoch 1053, cost = 1.467826, train_acc = 99.29% val_acc = 97.05%
Epoch 1054, cost = 1.468220, train_acc = 99.35% val_acc = 97.07%
Epoch 1055, cost = 1.467733, train_acc = 99.36% val_acc = 97.28%
Epoch 1056, cost = 1.468254, train_acc = 99.33% val_acc = 97.04%
Epoch 1057, cost = 1.468145, train_acc = 99.37% val_acc = 97.03%
Epoch 1058, cost = 1.467939, train_acc = 99.42% val_acc = 96.99%
Epoch 1059, cost = 1.467997, train_acc = 99.32% val_acc = 97.15%
Epoch 1060, cost = 1.467732, train_acc = 99.29% val_acc = 97.31%
Epoch 1061, cost = 1.468315, train_acc = 99.41% val_acc = 97.16%
Epoch 1062, cost = 1.467494, train_acc = 99.28% val_acc = 97.12%
Epoch 1063, cost = 1.468628, train_acc = 99.40% val_acc = 97.19%
Epoch 1064, cost = 1.467495, train_acc = 99.31% val_acc = 97.04%
Epoch 1065, cost = 1.467777, train_acc = 99.31% val_acc = 97.05%
Epoch 1066, cost = 1.468157, train_acc = 99.34% val_acc = 97.19%
Epoch 1067, cost = 1.468246, train_acc = 99.33% val_acc = 97.20%
Epoch 1068, cost = 1.468243, train_acc = 99.29% val_acc = 96.91%
Epoch 1069, cost = 1.468047, train_acc = 99.30% val_acc = 97.18%
Epoch 1070, cost = 1.467711, train_acc = 99.35% val_acc = 97.04%
Epoch 1071, cost = 1.467703, train_acc = 99.32% val_acc = 97.06%
Epoch 1072, cost = 1.468028, train_acc = 99.33% val_acc = 97.04%
Epoch 1073, cost = 1.468216, train_acc = 99.43% val_acc = 96.99%
Epoch 1074, cost = 1.468136, train_acc = 99.39% val_acc = 97.01%
Epoch 1075, cost = 1.467652, train_acc = 99.37% val_acc = 97.10%
Epoch 1076, cost = 1.468048, train_acc = 99.39% val_acc = 97.08%
Epoch 1077, cost = 1.468348, train_acc = 99.29% val_acc = 97.32%
Epoch 1078, cost = 1.468186, train_acc = 99.29% val_acc = 97.01%
Epoch 1079, cost = 1.468268, train_acc = 99.23% val_acc = 97.02%
Epoch 1080, cost = 1.467931, train_acc = 99.35% val_acc = 97.02%
Epoch 1081, cost = 1.467640, train_acc = 99.33% val_acc = 96.90%
Epoch 1082, cost = 1.468112, train_acc = 99.37% val_acc = 97.01%
Epoch 1083, cost = 1.468008, train_acc = 99.35% val_acc = 97.10%
Epoch 1084, cost = 1.468208, train_acc = 99.37% val_acc = 96.86%
Epoch 1085, cost = 1.468101, train_acc = 99.36% val_acc = 96.98%
Epoch 1086, cost = 1.468137, train_acc = 99.35% val_acc = 96.92%
Epoch 1087, cost = 1.468189, train_acc = 99.41% val_acc = 97.02%
Epoch 1088, cost = 1.468383, train_acc = 99.22% val_acc = 96.83%
Epoch 1089, cost = 1.468357, train_acc = 99.40% val_acc = 96.82%
Epoch 1090, cost = 1.468187, train_acc = 99.36% val_acc = 97.06%
Epoch 1091, cost = 1.468407, train_acc = 99.29% val_acc = 96.79%
Epoch 1092, cost = 1.468081, train_acc = 99.41% val_acc = 97.23%
Epoch 1093, cost = 1.467935, train_acc = 99.38% val_acc = 97.08%
Epoch 1094, cost = 1.468132, train_acc = 99.33% val_acc = 97.16%
Epoch 1095, cost = 1.468042, train_acc = 99.34% val_acc = 97.33%
Epoch 1096, cost = 1.468263, train_acc = 99.40% val_acc = 97.10%
Epoch 1097, cost = 1.468086, train_acc = 99.28% val_acc = 96.87%
Epoch 1098, cost = 1.468026, train_acc = 99.36% val_acc = 96.87%
Epoch 1099, cost = 1.467929, train_acc = 99.37% val_acc = 97.07%
Epoch 1100, cost = 1.467627, train_acc = 99.39% val_acc = 97.21%
Epoch 1101, cost = 1.467972, train_acc = 99.34% val_acc = 97.10%
Epoch 1102, cost = 1.467829, train_acc = 99.36% val_acc = 97.20%
Epoch 1103, cost = 1.468111, train_acc = 99.38% val_acc = 97.22%
Epoch 1104, cost = 1.467899, train_acc = 99.35% val_acc = 97.02%
Epoch 1105, cost = 1.467814, train_acc = 99.42% val_acc = 97.06%
Epoch 1106, cost = 1.468187, train_acc = 99.41% val_acc = 97.37%
Epoch 1107, cost = 1.468005, train_acc = 99.35% val_acc = 97.05%
Epoch 1108, cost = 1.468258, train_acc = 99.37% val_acc = 97.01%
Epoch 1109, cost = 1.467928, train_acc = 99.33% val_acc = 97.15%
Epoch 1110, cost = 1.467985, train_acc = 99.32% val_acc = 96.89%
Epoch 1111, cost = 1.468774, train_acc = 99.37% val_acc = 97.10%
Epoch 1112, cost = 1.467891, train_acc = 99.38% val_acc = 97.12%
Epoch 1113, cost = 1.468064, train_acc = 99.38% val_acc = 96.77%
Epoch 1114, cost = 1.468115, train_acc = 99.38% val_acc = 96.62%
Epoch 1115, cost = 1.467914, train_acc = 99.39% val_acc = 97.03%
Epoch 1116, cost = 1.468183, train_acc = 99.34% val_acc = 96.96%
Epoch 1117, cost = 1.468253, train_acc = 99.39% val_acc = 96.86%
Epoch 1118, cost = 1.468298, train_acc = 99.36% val_acc = 97.08%
Epoch 1119, cost = 1.468001, train_acc = 99.35% val_acc = 97.26%
Epoch 1120, cost = 1.468652, train_acc = 99.38% val_acc = 96.95%
Epoch 1121, cost = 1.468185, train_acc = 99.33% val_acc = 96.80%
Epoch 1122, cost = 1.468284, train_acc = 99.30% val_acc = 97.00%
Epoch 1123, cost = 1.468633, train_acc = 99.40% val_acc = 97.24%
Epoch 1124, cost = 1.467665, train_acc = 99.39% val_acc = 97.12%
Epoch 1125, cost = 1.468119, train_acc = 99.30% val_acc = 97.16%
Epoch 1126, cost = 1.468054, train_acc = 99.34% val_acc = 96.99%
Epoch 1127, cost = 1.468027, train_acc = 99.38% val_acc = 96.80%
Epoch 1128, cost = 1.468016, train_acc = 99.24% val_acc = 97.08%
Epoch 1129, cost = 1.468824, train_acc = 99.31% val_acc = 96.98%
Epoch 1130, cost = 1.468203, train_acc = 99.34% val_acc = 96.99%
Epoch 1131, cost = 1.468211, train_acc = 99.32% val_acc = 96.91%
Epoch 1132, cost = 1.468267, train_acc = 99.38% val_acc = 96.74%
Epoch 1133, cost = 1.467921, train_acc = 99.37% val_acc = 96.91%
Epoch 1134, cost = 1.468261, train_acc = 99.37% val_acc = 97.18%
Epoch 1135, cost = 1.467697, train_acc = 99.37% val_acc = 97.06%
Epoch 1136, cost = 1.467707, train_acc = 99.30% val_acc = 97.13%
Epoch 1137, cost = 1.467579, train_acc = 99.39% val_acc = 96.94%
Epoch 1138, cost = 1.467692, train_acc = 99.36% val_acc = 96.93%
Epoch 1139, cost = 1.467985, train_acc = 99.45% val_acc = 97.31%
Epoch 1140, cost = 1.467718, train_acc = 99.34% val_acc = 97.08%
Epoch 1141, cost = 1.467461, train_acc = 99.33% val_acc = 96.96%
Epoch 1142, cost = 1.468111, train_acc = 99.31% val_acc = 97.09%
Epoch 1143, cost = 1.468281, train_acc = 99.32% val_acc = 96.93%
Epoch 1144, cost = 1.468196, train_acc = 99.31% val_acc = 97.08%
Epoch 1145, cost = 1.468501, train_acc = 99.35% val_acc = 96.97%
Epoch 1146, cost = 1.467711, train_acc = 99.39% val_acc = 96.99%
Epoch 1147, cost = 1.467881, train_acc = 99.31% val_acc = 96.98%
Epoch 1148, cost = 1.468340, train_acc = 99.36% val_acc = 96.83%
Epoch 1149, cost = 1.468210, train_acc = 99.32% val_acc = 97.11%
Epoch 1150, cost = 1.467983, train_acc = 99.34% val_acc = 96.91%
Epoch 1151, cost = 1.468007, train_acc = 99.37% val_acc = 97.19%
Epoch 1152, cost = 1.467726, train_acc = 99.35% val_acc = 97.27%
Epoch 1153, cost = 1.467422, train_acc = 99.39% val_acc = 97.02%
Epoch 1154, cost = 1.467648, train_acc = 99.37% val_acc = 96.98%
Epoch 1155, cost = 1.467617, train_acc = 99.39% val_acc = 96.95%
Epoch 1156, cost = 1.467468, train_acc = 99.36% val_acc = 97.02%
Epoch 1157, cost = 1.467382, train_acc = 99.36% val_acc = 97.14%
Epoch 1158, cost = 1.467842, train_acc = 99.37% val_acc = 96.92%
Epoch 1159, cost = 1.468016, train_acc = 99.38% val_acc = 96.94%
Epoch 1160, cost = 1.467725, train_acc = 99.31% val_acc = 97.05%
Epoch 1161, cost = 1.467534, train_acc = 99.36% val_acc = 96.98%
Epoch 1162, cost = 1.468036, train_acc = 99.31% val_acc = 97.00%
Epoch 1163, cost = 1.468197, train_acc = 99.43% val_acc = 97.28%
Epoch 1164, cost = 1.467679, train_acc = 99.41% val_acc = 97.01%
Epoch 1165, cost = 1.467460, train_acc = 99.39% val_acc = 97.04%
Epoch 1166, cost = 1.467960, train_acc = 99.42% val_acc = 97.31%
Epoch 1167, cost = 1.467900, train_acc = 99.39% val_acc = 96.77%
Epoch 1168, cost = 1.467845, train_acc = 99.36% val_acc = 97.11%
Epoch 1169, cost = 1.467695, train_acc = 99.36% val_acc = 97.18%
Epoch 1170, cost = 1.467694, train_acc = 99.38% val_acc = 97.01%
Epoch 1171, cost = 1.467478, train_acc = 99.36% val_acc = 96.87%
Epoch 1172, cost = 1.467397, train_acc = 99.37% val_acc = 97.05%
Epoch 1173, cost = 1.467400, train_acc = 99.38% val_acc = 97.06%
Epoch 1174, cost = 1.468089, train_acc = 99.29% val_acc = 96.93%
Epoch 1175, cost = 1.467827, train_acc = 99.39% val_acc = 97.33%
Epoch 1176, cost = 1.467866, train_acc = 99.36% val_acc = 97.00%
Epoch 1177, cost = 1.467752, train_acc = 99.35% val_acc = 97.07%
Epoch 1178, cost = 1.467913, train_acc = 99.31% val_acc = 96.85%
Epoch 1179, cost = 1.467791, train_acc = 99.39% val_acc = 97.30%
Epoch 1180, cost = 1.467235, train_acc = 99.33% val_acc = 97.01%
Epoch 1181, cost = 1.467854, train_acc = 99.35% val_acc = 96.83%
Epoch 1182, cost = 1.467818, train_acc = 99.34% val_acc = 96.70%
Epoch 1183, cost = 1.467517, train_acc = 99.34% val_acc = 97.16%
Epoch 1184, cost = 1.467450, train_acc = 99.41% val_acc = 96.79%
Epoch 1185, cost = 1.467253, train_acc = 99.33% val_acc = 97.02%
