Loading Training Data
Loading Validation Data
Creating Data Loaders
Training Fun Time!!!
Epoch 1, cost = 2.301125, train_acc = 20.89% val_acc = 25.43%
Epoch 2, cost = 2.078202, train_acc = 59.35% val_acc = 62.21%
Epoch 3, cost = 1.831936, train_acc = 66.26% val_acc = 66.18%
Epoch 4, cost = 1.787805, train_acc = 68.51% val_acc = 70.09%
Epoch 5, cost = 1.767131, train_acc = 70.55% val_acc = 70.09%
Epoch 6, cost = 1.752673, train_acc = 71.56% val_acc = 72.06%
Epoch 7, cost = 1.742657, train_acc = 72.38% val_acc = 72.44%
Epoch 8, cost = 1.735676, train_acc = 73.22% val_acc = 73.52%
Epoch 9, cost = 1.694723, train_acc = 79.66% val_acc = 80.18%
Epoch 10, cost = 1.660195, train_acc = 81.03% val_acc = 81.40%
Epoch 11, cost = 1.650331, train_acc = 81.85% val_acc = 81.90%
Epoch 12, cost = 1.623814, train_acc = 88.50% val_acc = 89.09%
Epoch 13, cost = 1.577333, train_acc = 89.74% val_acc = 90.60%
Epoch 14, cost = 1.564460, train_acc = 90.27% val_acc = 90.96%
Epoch 15, cost = 1.557361, train_acc = 91.31% val_acc = 91.71%
Epoch 16, cost = 1.550333, train_acc = 91.60% val_acc = 91.85%
Epoch 17, cost = 1.546285, train_acc = 92.20% val_acc = 91.80%
Epoch 18, cost = 1.542402, train_acc = 92.09% val_acc = 92.20%
Epoch 19, cost = 1.540166, train_acc = 92.53% val_acc = 92.69%
Epoch 20, cost = 1.537006, train_acc = 92.54% val_acc = 92.55%
Epoch 21, cost = 1.534123, train_acc = 93.08% val_acc = 92.93%
Epoch 22, cost = 1.531200, train_acc = 93.25% val_acc = 93.15%
Epoch 23, cost = 1.530440, train_acc = 93.46% val_acc = 92.93%
Epoch 24, cost = 1.529199, train_acc = 93.63% val_acc = 93.32%
Epoch 25, cost = 1.528031, train_acc = 93.98% val_acc = 93.45%
Epoch 26, cost = 1.525347, train_acc = 93.75% val_acc = 93.32%
Epoch 27, cost = 1.524388, train_acc = 94.05% val_acc = 93.41%
Epoch 28, cost = 1.522511, train_acc = 94.15% val_acc = 93.80%
Epoch 29, cost = 1.521395, train_acc = 93.84% val_acc = 93.46%
Epoch 30, cost = 1.519502, train_acc = 94.15% val_acc = 93.64%
Epoch 31, cost = 1.519442, train_acc = 94.37% val_acc = 93.81%
Epoch 32, cost = 1.518452, train_acc = 94.61% val_acc = 93.69%
Epoch 33, cost = 1.517637, train_acc = 94.60% val_acc = 93.35%
Epoch 34, cost = 1.516252, train_acc = 94.77% val_acc = 94.34%
Epoch 35, cost = 1.515739, train_acc = 94.92% val_acc = 94.44%
Epoch 36, cost = 1.514570, train_acc = 94.77% val_acc = 94.12%
Epoch 37, cost = 1.514308, train_acc = 94.94% val_acc = 93.65%
Epoch 38, cost = 1.513379, train_acc = 95.17% val_acc = 94.47%
Epoch 39, cost = 1.512967, train_acc = 95.01% val_acc = 93.90%
Epoch 40, cost = 1.512313, train_acc = 95.03% val_acc = 94.43%
Epoch 41, cost = 1.512032, train_acc = 95.16% val_acc = 94.36%
Epoch 42, cost = 1.511416, train_acc = 95.03% val_acc = 94.30%
Epoch 43, cost = 1.510224, train_acc = 95.27% val_acc = 94.51%
Epoch 44, cost = 1.508796, train_acc = 95.36% val_acc = 94.26%
Epoch 45, cost = 1.509347, train_acc = 95.45% val_acc = 94.54%
Epoch 46, cost = 1.509390, train_acc = 95.48% val_acc = 94.22%
Epoch 47, cost = 1.509124, train_acc = 95.66% val_acc = 94.30%
Epoch 48, cost = 1.508385, train_acc = 95.66% val_acc = 94.67%
Epoch 49, cost = 1.507401, train_acc = 95.76% val_acc = 94.72%
Epoch 50, cost = 1.507177, train_acc = 95.68% val_acc = 94.26%
Epoch 51, cost = 1.506472, train_acc = 95.54% val_acc = 94.59%
Epoch 52, cost = 1.506155, train_acc = 95.89% val_acc = 94.71%
Epoch 53, cost = 1.504559, train_acc = 95.82% val_acc = 94.92%
Epoch 54, cost = 1.505186, train_acc = 95.75% val_acc = 94.51%
Epoch 55, cost = 1.505051, train_acc = 95.95% val_acc = 94.71%
Epoch 56, cost = 1.503702, train_acc = 95.93% val_acc = 94.50%
Epoch 57, cost = 1.503878, train_acc = 95.84% val_acc = 94.68%
Epoch 58, cost = 1.503517, train_acc = 96.03% val_acc = 94.83%
Epoch 59, cost = 1.502408, train_acc = 96.21% val_acc = 94.96%
Epoch 60, cost = 1.502200, train_acc = 95.85% val_acc = 95.07%
Epoch 61, cost = 1.503477, train_acc = 96.20% val_acc = 95.03%
Epoch 62, cost = 1.502117, train_acc = 96.09% val_acc = 94.54%
Epoch 63, cost = 1.501758, train_acc = 96.25% val_acc = 94.91%
Epoch 64, cost = 1.502211, train_acc = 96.27% val_acc = 94.73%
Epoch 65, cost = 1.500805, train_acc = 96.31% val_acc = 94.93%
Epoch 66, cost = 1.500406, train_acc = 96.29% val_acc = 94.78%
Epoch 67, cost = 1.500121, train_acc = 96.26% val_acc = 94.99%
Epoch 68, cost = 1.500414, train_acc = 96.25% val_acc = 94.85%
Epoch 69, cost = 1.500018, train_acc = 96.21% val_acc = 94.75%
Epoch 70, cost = 1.500086, train_acc = 96.39% val_acc = 94.80%
Epoch 71, cost = 1.499897, train_acc = 96.36% val_acc = 95.08%
Epoch 72, cost = 1.498999, train_acc = 96.33% val_acc = 95.11%
Epoch 73, cost = 1.499887, train_acc = 96.33% val_acc = 95.20%
Epoch 74, cost = 1.498396, train_acc = 96.43% val_acc = 95.23%
Epoch 75, cost = 1.499435, train_acc = 96.40% val_acc = 94.73%
Epoch 76, cost = 1.497899, train_acc = 96.47% val_acc = 95.07%
Epoch 77, cost = 1.497632, train_acc = 96.57% val_acc = 95.15%
Epoch 78, cost = 1.498185, train_acc = 96.44% val_acc = 95.27%
Epoch 79, cost = 1.497127, train_acc = 96.61% val_acc = 95.28%
Epoch 80, cost = 1.496787, train_acc = 96.71% val_acc = 95.16%
Epoch 81, cost = 1.496510, train_acc = 96.39% val_acc = 95.19%
Epoch 82, cost = 1.497017, train_acc = 96.59% val_acc = 95.14%
Epoch 83, cost = 1.497205, train_acc = 96.60% val_acc = 95.06%
Epoch 84, cost = 1.495981, train_acc = 96.59% val_acc = 95.25%
Epoch 85, cost = 1.496328, train_acc = 96.75% val_acc = 95.22%
Epoch 86, cost = 1.496340, train_acc = 96.63% val_acc = 95.72%
Epoch 87, cost = 1.496377, train_acc = 96.57% val_acc = 95.34%
Epoch 88, cost = 1.496857, train_acc = 96.71% val_acc = 95.61%
Epoch 89, cost = 1.496306, train_acc = 96.52% val_acc = 94.80%
Epoch 90, cost = 1.496091, train_acc = 96.15% val_acc = 94.88%
Epoch 91, cost = 1.494756, train_acc = 96.45% val_acc = 95.31%
Epoch 92, cost = 1.495330, train_acc = 96.81% val_acc = 95.12%
Epoch 93, cost = 1.495202, train_acc = 96.60% val_acc = 95.02%
Epoch 94, cost = 1.494750, train_acc = 96.86% val_acc = 95.43%
Epoch 95, cost = 1.495033, train_acc = 96.89% val_acc = 95.55%
Epoch 96, cost = 1.494300, train_acc = 96.83% val_acc = 95.34%
Epoch 97, cost = 1.494826, train_acc = 97.02% val_acc = 95.24%
Epoch 98, cost = 1.494461, train_acc = 96.82% val_acc = 95.33%
Epoch 99, cost = 1.493469, train_acc = 96.82% val_acc = 95.53%
Epoch 100, cost = 1.493509, train_acc = 97.05% val_acc = 95.17%
Epoch 101, cost = 1.493188, train_acc = 96.90% val_acc = 95.86%
Epoch 102, cost = 1.493246, train_acc = 96.88% val_acc = 95.19%
Epoch 103, cost = 1.494133, train_acc = 96.86% val_acc = 95.55%
Epoch 104, cost = 1.492362, train_acc = 97.13% val_acc = 95.54%
Epoch 105, cost = 1.493069, train_acc = 96.88% val_acc = 95.43%
Epoch 106, cost = 1.492501, train_acc = 96.98% val_acc = 95.33%
Epoch 107, cost = 1.492539, train_acc = 96.87% val_acc = 95.20%
Epoch 108, cost = 1.492053, train_acc = 96.99% val_acc = 95.27%
Epoch 109, cost = 1.492613, train_acc = 96.95% val_acc = 95.10%
Epoch 110, cost = 1.492320, train_acc = 97.09% val_acc = 95.11%
Epoch 111, cost = 1.491623, train_acc = 97.01% val_acc = 95.52%
Epoch 112, cost = 1.491569, train_acc = 97.14% val_acc = 95.62%
Epoch 113, cost = 1.491666, train_acc = 97.17% val_acc = 95.65%
Epoch 114, cost = 1.492070, train_acc = 97.16% val_acc = 95.65%
Epoch 115, cost = 1.492669, train_acc = 97.02% val_acc = 95.09%
Epoch 116, cost = 1.491515, train_acc = 97.12% val_acc = 95.25%
Epoch 117, cost = 1.490827, train_acc = 96.90% val_acc = 95.29%
Epoch 118, cost = 1.491382, train_acc = 97.22% val_acc = 95.48%
Epoch 119, cost = 1.490801, train_acc = 97.10% val_acc = 95.56%
Epoch 120, cost = 1.490398, train_acc = 97.19% val_acc = 95.64%
Epoch 121, cost = 1.491170, train_acc = 96.81% val_acc = 95.44%
Epoch 122, cost = 1.490678, train_acc = 97.01% val_acc = 95.61%
Epoch 123, cost = 1.490102, train_acc = 97.23% val_acc = 95.54%
Epoch 124, cost = 1.489202, train_acc = 97.19% val_acc = 95.56%
Epoch 125, cost = 1.490020, train_acc = 97.28% val_acc = 95.95%
Epoch 126, cost = 1.490371, train_acc = 97.06% val_acc = 95.24%
Epoch 127, cost = 1.489832, train_acc = 97.29% val_acc = 95.36%
Epoch 128, cost = 1.490387, train_acc = 97.23% val_acc = 95.49%
Epoch 129, cost = 1.489625, train_acc = 97.27% val_acc = 95.95%
Epoch 130, cost = 1.489147, train_acc = 97.39% val_acc = 95.50%
Epoch 131, cost = 1.489976, train_acc = 97.34% val_acc = 95.56%
Epoch 132, cost = 1.490076, train_acc = 97.34% val_acc = 95.56%
Epoch 133, cost = 1.489536, train_acc = 97.19% val_acc = 95.86%
Epoch 134, cost = 1.489471, train_acc = 97.39% val_acc = 95.82%
Epoch 135, cost = 1.488948, train_acc = 97.37% val_acc = 95.87%
Epoch 136, cost = 1.489788, train_acc = 97.27% val_acc = 96.03%
Epoch 137, cost = 1.489024, train_acc = 97.20% val_acc = 95.41%
Epoch 138, cost = 1.488204, train_acc = 97.47% val_acc = 95.72%
Epoch 139, cost = 1.488581, train_acc = 97.21% val_acc = 95.73%
Epoch 140, cost = 1.489338, train_acc = 97.29% val_acc = 95.53%
Epoch 141, cost = 1.489612, train_acc = 97.41% val_acc = 95.99%
Epoch 142, cost = 1.489184, train_acc = 97.39% val_acc = 95.67%
Epoch 143, cost = 1.488705, train_acc = 97.54% val_acc = 95.80%
Epoch 144, cost = 1.488959, train_acc = 97.17% val_acc = 95.24%
Epoch 145, cost = 1.488944, train_acc = 97.35% val_acc = 95.63%
Epoch 146, cost = 1.489477, train_acc = 97.34% val_acc = 95.57%
Epoch 147, cost = 1.488850, train_acc = 97.39% val_acc = 95.53%
Epoch 148, cost = 1.488084, train_acc = 97.40% val_acc = 95.75%
Epoch 149, cost = 1.487893, train_acc = 97.36% val_acc = 95.55%
Epoch 150, cost = 1.488422, train_acc = 97.61% val_acc = 95.70%
Epoch 151, cost = 1.488024, train_acc = 97.32% val_acc = 95.37%
Epoch 152, cost = 1.487338, train_acc = 97.50% val_acc = 95.85%
Epoch 153, cost = 1.487095, train_acc = 97.47% val_acc = 95.92%
Epoch 154, cost = 1.488331, train_acc = 97.61% val_acc = 95.98%
Epoch 155, cost = 1.486731, train_acc = 97.55% val_acc = 95.65%
Epoch 156, cost = 1.486714, train_acc = 97.43% val_acc = 96.04%
Epoch 157, cost = 1.487232, train_acc = 97.44% val_acc = 95.95%
Epoch 158, cost = 1.487356, train_acc = 97.48% val_acc = 95.79%
Epoch 159, cost = 1.487932, train_acc = 97.41% val_acc = 95.87%
Epoch 160, cost = 1.487496, train_acc = 97.43% val_acc = 95.62%
Epoch 161, cost = 1.486807, train_acc = 97.47% val_acc = 95.87%
Epoch 162, cost = 1.487452, train_acc = 97.34% val_acc = 95.67%
Epoch 163, cost = 1.487910, train_acc = 97.48% val_acc = 95.91%
Epoch 164, cost = 1.487172, train_acc = 97.58% val_acc = 95.71%
Epoch 165, cost = 1.486409, train_acc = 97.68% val_acc = 95.78%
Epoch 166, cost = 1.487134, train_acc = 97.58% val_acc = 95.79%
Epoch 167, cost = 1.486787, train_acc = 97.51% val_acc = 95.83%
Epoch 168, cost = 1.487227, train_acc = 97.49% val_acc = 96.08%
Epoch 169, cost = 1.485944, train_acc = 97.57% val_acc = 96.25%
Epoch 170, cost = 1.485773, train_acc = 97.67% val_acc = 96.01%
Epoch 171, cost = 1.486182, train_acc = 97.68% val_acc = 96.18%
Epoch 172, cost = 1.486502, train_acc = 97.70% val_acc = 95.62%
Epoch 173, cost = 1.485780, train_acc = 97.52% val_acc = 95.92%
Epoch 174, cost = 1.485047, train_acc = 97.52% val_acc = 96.03%
Epoch 175, cost = 1.486674, train_acc = 97.49% val_acc = 95.86%
Epoch 176, cost = 1.486220, train_acc = 97.68% val_acc = 96.10%
Epoch 177, cost = 1.486036, train_acc = 97.69% val_acc = 96.03%
Epoch 178, cost = 1.486317, train_acc = 97.70% val_acc = 95.77%
Epoch 179, cost = 1.486225, train_acc = 97.70% val_acc = 96.00%
Epoch 180, cost = 1.486015, train_acc = 97.70% val_acc = 96.11%
Epoch 181, cost = 1.486139, train_acc = 97.64% val_acc = 95.92%
Epoch 182, cost = 1.485600, train_acc = 97.57% val_acc = 95.90%
Epoch 183, cost = 1.485305, train_acc = 97.56% val_acc = 95.91%
Epoch 184, cost = 1.485030, train_acc = 97.68% val_acc = 96.37%
Epoch 185, cost = 1.485636, train_acc = 97.66% val_acc = 96.21%
Epoch 186, cost = 1.485179, train_acc = 97.76% val_acc = 95.91%
Epoch 187, cost = 1.485606, train_acc = 97.65% val_acc = 95.79%
Epoch 188, cost = 1.484544, train_acc = 97.67% val_acc = 95.95%
Epoch 189, cost = 1.485377, train_acc = 97.70% val_acc = 95.81%
Epoch 190, cost = 1.485277, train_acc = 97.77% val_acc = 96.17%
Epoch 191, cost = 1.484811, train_acc = 97.81% val_acc = 96.18%
Epoch 192, cost = 1.484124, train_acc = 97.84% val_acc = 96.02%
Epoch 193, cost = 1.484999, train_acc = 97.69% val_acc = 96.18%
Epoch 194, cost = 1.484278, train_acc = 97.86% val_acc = 96.15%
Epoch 195, cost = 1.484352, train_acc = 97.64% val_acc = 96.00%
Epoch 196, cost = 1.484412, train_acc = 97.72% val_acc = 95.85%
Epoch 197, cost = 1.484513, train_acc = 97.70% val_acc = 96.01%
Epoch 198, cost = 1.484208, train_acc = 97.77% val_acc = 96.19%
Epoch 199, cost = 1.484611, train_acc = 97.76% val_acc = 95.95%
Epoch 200, cost = 1.485395, train_acc = 97.77% val_acc = 95.95%
Epoch 201, cost = 1.484017, train_acc = 97.59% val_acc = 95.52%
Epoch 202, cost = 1.484666, train_acc = 97.76% val_acc = 95.87%
Epoch 203, cost = 1.483837, train_acc = 97.85% val_acc = 96.16%
Epoch 204, cost = 1.484619, train_acc = 97.75% val_acc = 96.17%
Epoch 205, cost = 1.484433, train_acc = 97.77% val_acc = 96.12%
Epoch 206, cost = 1.484058, train_acc = 97.81% val_acc = 96.19%
Epoch 207, cost = 1.484901, train_acc = 97.73% val_acc = 95.90%
Epoch 208, cost = 1.484249, train_acc = 97.79% val_acc = 95.91%
Epoch 209, cost = 1.484531, train_acc = 97.68% val_acc = 96.27%
Epoch 210, cost = 1.483845, train_acc = 97.79% val_acc = 96.17%
Epoch 211, cost = 1.482895, train_acc = 97.89% val_acc = 96.34%
Epoch 212, cost = 1.484008, train_acc = 97.85% val_acc = 95.80%
Epoch 213, cost = 1.483600, train_acc = 97.87% val_acc = 95.90%
Epoch 214, cost = 1.483185, train_acc = 97.89% val_acc = 96.18%
Epoch 215, cost = 1.483891, train_acc = 97.82% val_acc = 95.80%
Epoch 216, cost = 1.483167, train_acc = 97.85% val_acc = 96.33%
Epoch 217, cost = 1.483079, train_acc = 97.76% val_acc = 96.24%
Epoch 218, cost = 1.483352, train_acc = 97.91% val_acc = 95.95%
Epoch 219, cost = 1.482566, train_acc = 97.98% val_acc = 95.97%
Epoch 220, cost = 1.483597, train_acc = 97.90% val_acc = 96.18%
Epoch 221, cost = 1.483470, train_acc = 97.74% val_acc = 95.77%
Epoch 222, cost = 1.483174, train_acc = 97.94% val_acc = 95.95%
Epoch 223, cost = 1.483801, train_acc = 97.81% val_acc = 95.96%
Epoch 224, cost = 1.483970, train_acc = 97.89% val_acc = 96.22%
Epoch 225, cost = 1.482262, train_acc = 97.88% val_acc = 96.28%
Epoch 226, cost = 1.482770, train_acc = 97.96% val_acc = 96.11%
Epoch 227, cost = 1.482778, train_acc = 97.90% val_acc = 95.99%
Epoch 228, cost = 1.482310, train_acc = 97.78% val_acc = 95.87%
Epoch 229, cost = 1.483114, train_acc = 98.03% val_acc = 96.46%
Epoch 230, cost = 1.482976, train_acc = 97.96% val_acc = 95.95%
Epoch 231, cost = 1.482367, train_acc = 97.92% val_acc = 96.26%
Epoch 232, cost = 1.482317, train_acc = 98.04% val_acc = 96.36%
Epoch 233, cost = 1.483037, train_acc = 97.99% val_acc = 96.36%
Epoch 234, cost = 1.483443, train_acc = 97.93% val_acc = 96.18%
Epoch 235, cost = 1.481725, train_acc = 98.00% val_acc = 96.26%
Epoch 236, cost = 1.482869, train_acc = 97.86% val_acc = 96.38%
Epoch 237, cost = 1.482249, train_acc = 97.95% val_acc = 95.99%
Epoch 238, cost = 1.482321, train_acc = 97.94% val_acc = 96.35%
Epoch 239, cost = 1.482379, train_acc = 98.10% val_acc = 96.03%
Epoch 240, cost = 1.482537, train_acc = 97.95% val_acc = 96.37%
Epoch 241, cost = 1.482500, train_acc = 98.01% val_acc = 96.37%
Epoch 242, cost = 1.482352, train_acc = 98.01% val_acc = 96.38%
Epoch 243, cost = 1.481533, train_acc = 98.02% val_acc = 96.29%
Epoch 244, cost = 1.481020, train_acc = 98.00% val_acc = 95.77%
Epoch 245, cost = 1.482076, train_acc = 97.89% val_acc = 96.05%
Epoch 246, cost = 1.482283, train_acc = 98.10% val_acc = 96.14%
Epoch 247, cost = 1.482184, train_acc = 98.01% val_acc = 96.11%
Epoch 248, cost = 1.481362, train_acc = 97.96% val_acc = 96.30%
Epoch 249, cost = 1.481296, train_acc = 98.09% val_acc = 96.60%
Epoch 250, cost = 1.481548, train_acc = 98.08% val_acc = 96.25%
Epoch 251, cost = 1.482405, train_acc = 97.94% val_acc = 96.21%
Epoch 252, cost = 1.482048, train_acc = 97.88% val_acc = 95.60%
Epoch 253, cost = 1.481347, train_acc = 97.95% val_acc = 96.11%
Epoch 254, cost = 1.481659, train_acc = 98.14% val_acc = 96.11%
Epoch 255, cost = 1.481949, train_acc = 97.97% val_acc = 96.35%
Epoch 256, cost = 1.482707, train_acc = 98.10% val_acc = 96.33%
Epoch 257, cost = 1.481426, train_acc = 98.03% val_acc = 95.88%
Epoch 258, cost = 1.481726, train_acc = 98.06% val_acc = 96.04%
Epoch 259, cost = 1.481216, train_acc = 98.03% val_acc = 96.14%
Epoch 260, cost = 1.481192, train_acc = 98.00% val_acc = 96.10%
Epoch 261, cost = 1.480998, train_acc = 98.01% val_acc = 95.96%
Epoch 262, cost = 1.481027, train_acc = 98.02% val_acc = 96.23%
Epoch 263, cost = 1.481216, train_acc = 98.08% val_acc = 96.19%
Epoch 264, cost = 1.481060, train_acc = 98.12% val_acc = 96.34%
Epoch 265, cost = 1.481041, train_acc = 98.03% val_acc = 96.27%
Epoch 266, cost = 1.480786, train_acc = 98.03% val_acc = 96.25%
Epoch 267, cost = 1.480782, train_acc = 98.09% val_acc = 96.23%
Epoch 268, cost = 1.480312, train_acc = 98.07% val_acc = 96.28%
Epoch 269, cost = 1.480866, train_acc = 98.18% val_acc = 96.39%
Epoch 270, cost = 1.480686, train_acc = 98.03% val_acc = 96.28%
Epoch 271, cost = 1.481301, train_acc = 98.17% val_acc = 96.55%
Epoch 272, cost = 1.480898, train_acc = 97.98% val_acc = 96.21%
Epoch 273, cost = 1.480689, train_acc = 98.15% val_acc = 96.32%
Epoch 274, cost = 1.480969, train_acc = 97.99% val_acc = 96.17%
Epoch 275, cost = 1.481287, train_acc = 97.99% val_acc = 96.19%
Epoch 276, cost = 1.480584, train_acc = 98.17% val_acc = 96.28%
Epoch 277, cost = 1.480860, train_acc = 98.12% val_acc = 96.34%
Epoch 278, cost = 1.480646, train_acc = 98.11% val_acc = 96.17%
Epoch 279, cost = 1.481314, train_acc = 98.16% val_acc = 96.37%
Epoch 280, cost = 1.481210, train_acc = 98.06% val_acc = 96.29%
Epoch 281, cost = 1.480371, train_acc = 98.08% val_acc = 96.09%
Epoch 282, cost = 1.480451, train_acc = 98.18% val_acc = 96.42%
Epoch 283, cost = 1.480946, train_acc = 98.11% val_acc = 96.40%
Epoch 284, cost = 1.481154, train_acc = 98.12% val_acc = 96.56%
Epoch 285, cost = 1.480020, train_acc = 98.18% val_acc = 96.29%
Epoch 286, cost = 1.480151, train_acc = 98.23% val_acc = 96.71%
Epoch 287, cost = 1.480147, train_acc = 98.14% val_acc = 96.10%
Epoch 288, cost = 1.479967, train_acc = 98.12% val_acc = 96.26%
Epoch 289, cost = 1.480280, train_acc = 98.19% val_acc = 96.57%
Epoch 290, cost = 1.480139, train_acc = 98.15% val_acc = 96.42%
Epoch 291, cost = 1.479823, train_acc = 98.06% val_acc = 96.14%
Epoch 292, cost = 1.479763, train_acc = 98.19% val_acc = 96.50%
Epoch 293, cost = 1.479605, train_acc = 98.22% val_acc = 96.39%
Epoch 294, cost = 1.480462, train_acc = 98.29% val_acc = 96.31%
Epoch 295, cost = 1.480498, train_acc = 98.23% val_acc = 96.26%
Epoch 296, cost = 1.479949, train_acc = 98.28% val_acc = 96.32%
Epoch 297, cost = 1.480031, train_acc = 98.12% val_acc = 96.47%
Epoch 298, cost = 1.479770, train_acc = 98.27% val_acc = 96.25%
Epoch 299, cost = 1.480126, train_acc = 98.24% val_acc = 96.10%
Epoch 300, cost = 1.479417, train_acc = 98.04% val_acc = 95.87%
Epoch 301, cost = 1.480534, train_acc = 98.27% val_acc = 96.11%
Epoch 302, cost = 1.480077, train_acc = 98.19% val_acc = 96.09%
Epoch 303, cost = 1.478999, train_acc = 98.06% val_acc = 95.63%
Epoch 304, cost = 1.480089, train_acc = 98.09% val_acc = 96.57%
Epoch 305, cost = 1.480272, train_acc = 98.29% val_acc = 96.45%
Epoch 306, cost = 1.479702, train_acc = 98.27% val_acc = 96.33%
Epoch 307, cost = 1.479545, train_acc = 98.33% val_acc = 96.25%
Epoch 308, cost = 1.479871, train_acc = 98.16% val_acc = 96.25%
Epoch 309, cost = 1.479097, train_acc = 98.17% val_acc = 96.56%
Epoch 310, cost = 1.479860, train_acc = 98.19% val_acc = 96.32%
Epoch 311, cost = 1.478960, train_acc = 98.09% val_acc = 96.26%
Epoch 312, cost = 1.479292, train_acc = 98.21% val_acc = 96.40%
Epoch 313, cost = 1.479405, train_acc = 98.26% val_acc = 96.64%
Epoch 314, cost = 1.479809, train_acc = 98.14% val_acc = 96.54%
Epoch 315, cost = 1.479788, train_acc = 98.29% val_acc = 96.15%
Epoch 316, cost = 1.479316, train_acc = 98.23% val_acc = 96.10%
Epoch 317, cost = 1.479393, train_acc = 98.31% val_acc = 96.16%
Epoch 318, cost = 1.479400, train_acc = 98.31% val_acc = 96.28%
Epoch 319, cost = 1.479956, train_acc = 98.35% val_acc = 96.39%
Epoch 320, cost = 1.479126, train_acc = 98.24% val_acc = 96.47%
Epoch 321, cost = 1.478584, train_acc = 98.27% val_acc = 96.13%
Epoch 322, cost = 1.478918, train_acc = 98.28% val_acc = 96.74%
Epoch 323, cost = 1.479648, train_acc = 98.33% val_acc = 96.15%
Epoch 324, cost = 1.478845, train_acc = 98.29% val_acc = 96.46%
Epoch 325, cost = 1.478939, train_acc = 98.35% val_acc = 96.50%
Epoch 326, cost = 1.479076, train_acc = 98.33% val_acc = 96.23%
Epoch 327, cost = 1.479375, train_acc = 98.34% val_acc = 96.40%
Epoch 328, cost = 1.479012, train_acc = 98.36% val_acc = 96.57%
Epoch 329, cost = 1.478481, train_acc = 98.25% val_acc = 96.39%
Epoch 330, cost = 1.478286, train_acc = 98.26% val_acc = 96.33%
Epoch 331, cost = 1.479889, train_acc = 98.33% val_acc = 96.37%
Epoch 332, cost = 1.478913, train_acc = 98.37% val_acc = 96.51%
Epoch 333, cost = 1.479028, train_acc = 98.36% val_acc = 96.25%
Epoch 334, cost = 1.478937, train_acc = 98.31% val_acc = 96.27%
Epoch 335, cost = 1.479273, train_acc = 98.34% val_acc = 96.25%
Epoch 336, cost = 1.479030, train_acc = 98.33% val_acc = 96.25%
Epoch 337, cost = 1.478991, train_acc = 98.27% val_acc = 96.42%
Epoch 338, cost = 1.478873, train_acc = 98.14% val_acc = 96.46%
Epoch 339, cost = 1.478311, train_acc = 98.19% val_acc = 96.41%
Epoch 340, cost = 1.478897, train_acc = 98.05% val_acc = 96.02%
Epoch 341, cost = 1.478536, train_acc = 98.27% val_acc = 96.53%
Epoch 342, cost = 1.478361, train_acc = 98.12% val_acc = 95.78%
Epoch 343, cost = 1.478787, train_acc = 98.31% val_acc = 96.32%
Epoch 344, cost = 1.478704, train_acc = 98.41% val_acc = 96.35%
Epoch 345, cost = 1.478510, train_acc = 98.11% val_acc = 96.13%
Epoch 346, cost = 1.478751, train_acc = 98.33% val_acc = 96.51%
Epoch 347, cost = 1.479010, train_acc = 98.42% val_acc = 96.32%
Epoch 348, cost = 1.478706, train_acc = 98.31% val_acc = 96.06%
Epoch 349, cost = 1.478681, train_acc = 98.26% val_acc = 96.17%
Epoch 350, cost = 1.478569, train_acc = 98.37% val_acc = 96.39%
Epoch 351, cost = 1.479374, train_acc = 98.32% val_acc = 96.44%
Epoch 352, cost = 1.479101, train_acc = 98.30% val_acc = 96.44%
Epoch 353, cost = 1.479589, train_acc = 98.41% val_acc = 96.34%
Epoch 354, cost = 1.478476, train_acc = 98.34% val_acc = 96.22%
Epoch 355, cost = 1.478560, train_acc = 98.31% val_acc = 96.12%
Epoch 356, cost = 1.478348, train_acc = 98.39% val_acc = 96.73%
Epoch 357, cost = 1.478738, train_acc = 98.30% val_acc = 96.45%
Epoch 358, cost = 1.478251, train_acc = 98.21% val_acc = 96.04%
Epoch 359, cost = 1.478734, train_acc = 98.29% val_acc = 96.41%
Epoch 360, cost = 1.478320, train_acc = 98.29% val_acc = 96.41%
Epoch 361, cost = 1.478413, train_acc = 98.30% val_acc = 96.39%
Epoch 362, cost = 1.478991, train_acc = 98.25% val_acc = 96.51%
Epoch 363, cost = 1.478651, train_acc = 98.30% val_acc = 96.21%
Epoch 364, cost = 1.478231, train_acc = 98.38% val_acc = 96.36%
Epoch 365, cost = 1.477905, train_acc = 98.36% val_acc = 96.51%
Epoch 366, cost = 1.477600, train_acc = 98.40% val_acc = 96.14%
Epoch 367, cost = 1.478458, train_acc = 98.31% val_acc = 96.39%
Epoch 368, cost = 1.478511, train_acc = 98.28% val_acc = 96.40%
Epoch 369, cost = 1.477997, train_acc = 98.33% val_acc = 96.11%
Epoch 370, cost = 1.478606, train_acc = 98.27% val_acc = 96.10%
Epoch 371, cost = 1.478145, train_acc = 98.36% val_acc = 96.31%
Epoch 372, cost = 1.478376, train_acc = 98.30% val_acc = 96.30%
Epoch 373, cost = 1.478461, train_acc = 98.40% val_acc = 96.72%
Epoch 374, cost = 1.478750, train_acc = 98.34% val_acc = 96.28%
Epoch 375, cost = 1.478647, train_acc = 98.42% val_acc = 96.32%
Epoch 376, cost = 1.477785, train_acc = 98.29% val_acc = 96.03%
Epoch 377, cost = 1.478116, train_acc = 98.37% val_acc = 96.37%
Epoch 378, cost = 1.478052, train_acc = 98.38% val_acc = 96.55%
Epoch 379, cost = 1.477721, train_acc = 98.40% val_acc = 96.53%
Epoch 380, cost = 1.476784, train_acc = 98.51% val_acc = 96.63%
Epoch 381, cost = 1.477383, train_acc = 98.46% val_acc = 96.46%
Epoch 382, cost = 1.478166, train_acc = 98.30% val_acc = 96.29%
Epoch 383, cost = 1.478201, train_acc = 98.33% val_acc = 96.19%
Epoch 384, cost = 1.478451, train_acc = 98.45% val_acc = 96.39%
Epoch 385, cost = 1.477521, train_acc = 98.42% val_acc = 96.46%
Epoch 386, cost = 1.477833, train_acc = 98.42% val_acc = 96.29%
Epoch 387, cost = 1.477724, train_acc = 98.40% val_acc = 96.53%
Epoch 388, cost = 1.478033, train_acc = 98.30% val_acc = 96.55%
Epoch 389, cost = 1.477762, train_acc = 98.52% val_acc = 96.65%
Epoch 390, cost = 1.477203, train_acc = 98.46% val_acc = 96.45%
Epoch 391, cost = 1.478377, train_acc = 98.44% val_acc = 96.58%
Epoch 392, cost = 1.477411, train_acc = 98.31% val_acc = 96.31%
Epoch 393, cost = 1.477952, train_acc = 98.43% val_acc = 96.45%
Epoch 394, cost = 1.476984, train_acc = 98.38% val_acc = 96.59%
Epoch 395, cost = 1.478432, train_acc = 98.47% val_acc = 96.32%
Epoch 396, cost = 1.477929, train_acc = 98.48% val_acc = 96.47%
Epoch 397, cost = 1.477214, train_acc = 98.42% val_acc = 96.53%
Epoch 398, cost = 1.478604, train_acc = 98.38% val_acc = 96.46%
Epoch 399, cost = 1.478528, train_acc = 98.31% val_acc = 96.27%
Epoch 400, cost = 1.477475, train_acc = 98.44% val_acc = 96.60%
Epoch 401, cost = 1.477882, train_acc = 98.49% val_acc = 96.56%
Epoch 402, cost = 1.478018, train_acc = 98.40% val_acc = 96.48%
Epoch 403, cost = 1.477613, train_acc = 98.45% val_acc = 96.49%
Epoch 404, cost = 1.477185, train_acc = 98.55% val_acc = 96.47%
Epoch 405, cost = 1.477784, train_acc = 98.49% val_acc = 96.83%
Epoch 406, cost = 1.478292, train_acc = 98.46% val_acc = 96.53%
Epoch 407, cost = 1.477358, train_acc = 98.52% val_acc = 96.58%
Epoch 408, cost = 1.477557, train_acc = 98.35% val_acc = 96.29%
Epoch 409, cost = 1.476947, train_acc = 98.46% val_acc = 96.29%
Epoch 410, cost = 1.476914, train_acc = 98.52% val_acc = 96.44%
Epoch 411, cost = 1.476969, train_acc = 98.39% val_acc = 96.50%
Epoch 412, cost = 1.477343, train_acc = 98.48% val_acc = 96.07%
Epoch 413, cost = 1.477532, train_acc = 98.41% val_acc = 96.58%
Epoch 414, cost = 1.477829, train_acc = 98.46% val_acc = 96.78%
Epoch 415, cost = 1.477462, train_acc = 98.53% val_acc = 96.28%
Epoch 416, cost = 1.477121, train_acc = 98.29% val_acc = 96.29%
Epoch 417, cost = 1.476781, train_acc = 98.54% val_acc = 96.46%
Epoch 418, cost = 1.476517, train_acc = 98.30% val_acc = 96.41%
Epoch 419, cost = 1.477091, train_acc = 98.32% val_acc = 96.24%
Epoch 420, cost = 1.477066, train_acc = 98.16% val_acc = 96.37%
Epoch 421, cost = 1.477604, train_acc = 98.45% val_acc = 96.24%
Epoch 422, cost = 1.477716, train_acc = 98.34% val_acc = 96.15%
Epoch 423, cost = 1.477633, train_acc = 98.51% val_acc = 96.47%
Epoch 424, cost = 1.476833, train_acc = 98.44% val_acc = 96.10%
Epoch 425, cost = 1.477229, train_acc = 98.55% val_acc = 96.38%
Epoch 426, cost = 1.477349, train_acc = 98.52% val_acc = 96.46%
Epoch 427, cost = 1.476962, train_acc = 98.51% val_acc = 96.24%
Epoch 428, cost = 1.477219, train_acc = 98.41% val_acc = 96.39%
Epoch 429, cost = 1.477683, train_acc = 98.51% val_acc = 96.42%
Epoch 430, cost = 1.476697, train_acc = 98.53% val_acc = 96.64%
Epoch 431, cost = 1.476475, train_acc = 98.50% val_acc = 96.36%
Epoch 432, cost = 1.476662, train_acc = 98.54% val_acc = 96.46%
Epoch 433, cost = 1.477697, train_acc = 98.39% val_acc = 96.69%
Epoch 434, cost = 1.477188, train_acc = 98.44% val_acc = 96.33%
Epoch 435, cost = 1.477072, train_acc = 98.52% val_acc = 96.50%
Epoch 436, cost = 1.477217, train_acc = 98.49% val_acc = 96.85%
Epoch 437, cost = 1.476616, train_acc = 98.50% val_acc = 96.69%
Epoch 438, cost = 1.476648, train_acc = 98.55% val_acc = 96.75%
Epoch 439, cost = 1.477000, train_acc = 98.55% val_acc = 96.66%
Epoch 440, cost = 1.476573, train_acc = 98.43% val_acc = 96.23%
Epoch 441, cost = 1.476783, train_acc = 98.53% val_acc = 96.81%
Epoch 442, cost = 1.477179, train_acc = 98.38% val_acc = 96.22%
Epoch 443, cost = 1.476954, train_acc = 98.53% val_acc = 96.47%
Epoch 444, cost = 1.476478, train_acc = 98.53% val_acc = 96.20%
Epoch 445, cost = 1.476728, train_acc = 98.46% val_acc = 96.65%
Epoch 446, cost = 1.476894, train_acc = 98.51% val_acc = 96.48%
Epoch 447, cost = 1.476568, train_acc = 98.33% val_acc = 96.17%
Epoch 448, cost = 1.476724, train_acc = 98.56% val_acc = 96.36%
Epoch 449, cost = 1.476657, train_acc = 98.46% val_acc = 96.73%
Epoch 450, cost = 1.476929, train_acc = 98.53% val_acc = 96.15%
Epoch 451, cost = 1.476641, train_acc = 98.58% val_acc = 96.38%
Epoch 452, cost = 1.475986, train_acc = 98.56% val_acc = 96.76%
Epoch 453, cost = 1.476108, train_acc = 98.54% val_acc = 96.47%
Epoch 454, cost = 1.476454, train_acc = 98.60% val_acc = 96.67%
Epoch 455, cost = 1.476170, train_acc = 98.37% val_acc = 96.42%
Epoch 456, cost = 1.476743, train_acc = 98.54% val_acc = 96.70%
Epoch 457, cost = 1.477134, train_acc = 98.53% val_acc = 96.24%
Epoch 458, cost = 1.476575, train_acc = 98.56% val_acc = 96.62%
Epoch 459, cost = 1.476416, train_acc = 98.63% val_acc = 96.24%
Epoch 460, cost = 1.476413, train_acc = 98.66% val_acc = 96.61%
Epoch 461, cost = 1.477046, train_acc = 98.48% val_acc = 96.48%
Epoch 462, cost = 1.476491, train_acc = 98.48% val_acc = 96.30%
Epoch 463, cost = 1.475891, train_acc = 98.58% val_acc = 96.58%
Epoch 464, cost = 1.476587, train_acc = 98.48% val_acc = 96.39%
Epoch 465, cost = 1.476974, train_acc = 98.25% val_acc = 95.46%
Epoch 466, cost = 1.475834, train_acc = 98.53% val_acc = 96.56%
Epoch 467, cost = 1.475976, train_acc = 98.51% val_acc = 96.11%
Epoch 468, cost = 1.476409, train_acc = 98.55% val_acc = 96.47%
Epoch 469, cost = 1.476777, train_acc = 98.46% val_acc = 96.79%
Epoch 470, cost = 1.476497, train_acc = 98.54% val_acc = 96.31%
Epoch 471, cost = 1.476296, train_acc = 98.35% val_acc = 95.93%
Epoch 472, cost = 1.475692, train_acc = 98.60% val_acc = 96.82%
Epoch 473, cost = 1.475962, train_acc = 98.61% val_acc = 96.59%
Epoch 474, cost = 1.475965, train_acc = 98.52% val_acc = 96.48%
Epoch 475, cost = 1.475984, train_acc = 98.48% val_acc = 96.38%
Epoch 476, cost = 1.475909, train_acc = 98.49% val_acc = 96.95%
Epoch 477, cost = 1.476381, train_acc = 98.63% val_acc = 96.75%
Epoch 478, cost = 1.475548, train_acc = 98.66% val_acc = 96.55%
Epoch 479, cost = 1.476477, train_acc = 98.51% val_acc = 96.37%
Epoch 480, cost = 1.476576, train_acc = 98.52% val_acc = 96.55%
Epoch 481, cost = 1.475584, train_acc = 98.61% val_acc = 96.41%
Epoch 482, cost = 1.476247, train_acc = 98.61% val_acc = 96.62%
Epoch 483, cost = 1.475746, train_acc = 98.45% val_acc = 96.49%
Epoch 484, cost = 1.476257, train_acc = 98.51% val_acc = 96.56%
Epoch 485, cost = 1.476292, train_acc = 98.65% val_acc = 96.63%
Epoch 486, cost = 1.475874, train_acc = 98.54% val_acc = 96.24%
Epoch 487, cost = 1.475496, train_acc = 98.58% val_acc = 96.58%
Epoch 488, cost = 1.475928, train_acc = 98.45% val_acc = 96.42%
Epoch 489, cost = 1.476677, train_acc = 98.60% val_acc = 96.66%
Epoch 490, cost = 1.475450, train_acc = 98.61% val_acc = 96.77%
Epoch 491, cost = 1.476023, train_acc = 98.62% val_acc = 96.84%
Epoch 492, cost = 1.475267, train_acc = 98.67% val_acc = 96.60%
Epoch 493, cost = 1.476304, train_acc = 98.60% val_acc = 96.85%
Epoch 494, cost = 1.476703, train_acc = 98.61% val_acc = 96.58%
Epoch 495, cost = 1.476182, train_acc = 98.56% val_acc = 96.52%
Epoch 496, cost = 1.475779, train_acc = 98.54% val_acc = 96.45%
Epoch 497, cost = 1.476242, train_acc = 98.58% val_acc = 96.62%
Epoch 498, cost = 1.476188, train_acc = 98.69% val_acc = 96.67%
Epoch 499, cost = 1.475783, train_acc = 98.55% val_acc = 96.66%
Epoch 500, cost = 1.476056, train_acc = 98.62% val_acc = 96.75%
Epoch 501, cost = 1.476705, train_acc = 98.61% val_acc = 96.84%
Epoch 502, cost = 1.475444, train_acc = 98.66% val_acc = 96.76%
Epoch 503, cost = 1.475552, train_acc = 98.63% val_acc = 96.92%
Epoch 504, cost = 1.476401, train_acc = 98.65% val_acc = 96.55%
Epoch 505, cost = 1.476012, train_acc = 98.58% val_acc = 96.60%
Epoch 506, cost = 1.475412, train_acc = 98.56% val_acc = 96.33%
Epoch 507, cost = 1.475625, train_acc = 98.61% val_acc = 96.66%
Epoch 508, cost = 1.476152, train_acc = 98.62% val_acc = 97.10%
Epoch 509, cost = 1.475782, train_acc = 98.51% val_acc = 96.45%
Epoch 510, cost = 1.475666, train_acc = 98.60% val_acc = 96.55%
Epoch 511, cost = 1.475373, train_acc = 98.65% val_acc = 96.64%
Epoch 512, cost = 1.476111, train_acc = 98.61% val_acc = 96.66%
Epoch 513, cost = 1.475996, train_acc = 98.55% val_acc = 96.67%
Epoch 514, cost = 1.475960, train_acc = 98.63% val_acc = 96.64%
Epoch 515, cost = 1.475126, train_acc = 98.67% val_acc = 96.52%
Epoch 516, cost = 1.475268, train_acc = 98.68% val_acc = 96.54%
Epoch 517, cost = 1.475474, train_acc = 98.67% val_acc = 96.87%
Epoch 518, cost = 1.475451, train_acc = 98.60% val_acc = 96.43%
Epoch 519, cost = 1.476028, train_acc = 98.69% val_acc = 96.64%
Epoch 520, cost = 1.475077, train_acc = 98.59% val_acc = 96.41%
Epoch 521, cost = 1.474932, train_acc = 98.68% val_acc = 96.67%
Epoch 522, cost = 1.475362, train_acc = 98.60% val_acc = 96.68%
Epoch 523, cost = 1.475055, train_acc = 98.61% val_acc = 96.62%
Epoch 524, cost = 1.475678, train_acc = 98.67% val_acc = 96.76%
Epoch 525, cost = 1.475284, train_acc = 98.64% val_acc = 96.73%
Epoch 526, cost = 1.475458, train_acc = 98.67% val_acc = 96.78%
Epoch 527, cost = 1.475369, train_acc = 98.72% val_acc = 96.37%
Epoch 528, cost = 1.475481, train_acc = 98.59% val_acc = 96.30%
Epoch 529, cost = 1.475418, train_acc = 98.53% val_acc = 96.54%
Epoch 530, cost = 1.475270, train_acc = 98.56% val_acc = 96.67%
Epoch 531, cost = 1.475049, train_acc = 98.67% val_acc = 96.34%
Epoch 532, cost = 1.474979, train_acc = 98.60% val_acc = 96.42%
Epoch 533, cost = 1.475561, train_acc = 98.65% val_acc = 96.46%
Epoch 534, cost = 1.474938, train_acc = 98.66% val_acc = 96.44%
Epoch 535, cost = 1.475171, train_acc = 98.58% val_acc = 96.41%
Epoch 536, cost = 1.475203, train_acc = 98.61% val_acc = 96.63%
Epoch 537, cost = 1.474459, train_acc = 98.69% val_acc = 96.69%
Epoch 538, cost = 1.475570, train_acc = 98.49% val_acc = 96.44%
Epoch 539, cost = 1.475572, train_acc = 98.53% val_acc = 96.43%
Epoch 540, cost = 1.475010, train_acc = 98.79% val_acc = 96.86%
Epoch 541, cost = 1.475086, train_acc = 98.76% val_acc = 96.54%
Epoch 542, cost = 1.475448, train_acc = 98.70% val_acc = 96.79%
Epoch 543, cost = 1.475149, train_acc = 98.68% val_acc = 96.31%
Epoch 544, cost = 1.475528, train_acc = 98.67% val_acc = 96.91%
Epoch 545, cost = 1.475677, train_acc = 98.74% val_acc = 97.01%
Epoch 546, cost = 1.475064, train_acc = 98.70% val_acc = 96.47%
Epoch 547, cost = 1.475567, train_acc = 98.78% val_acc = 96.57%
Epoch 548, cost = 1.475175, train_acc = 98.75% val_acc = 96.66%
Epoch 549, cost = 1.474813, train_acc = 98.68% val_acc = 96.29%
Epoch 550, cost = 1.475107, train_acc = 98.74% val_acc = 96.58%
Epoch 551, cost = 1.475124, train_acc = 98.57% val_acc = 96.23%
Epoch 552, cost = 1.474770, train_acc = 98.49% val_acc = 95.94%
Epoch 553, cost = 1.474760, train_acc = 98.75% val_acc = 96.79%
Epoch 554, cost = 1.475205, train_acc = 98.67% val_acc = 96.59%
Epoch 555, cost = 1.475501, train_acc = 98.76% val_acc = 96.78%
Epoch 556, cost = 1.474877, train_acc = 98.57% val_acc = 96.56%
Epoch 557, cost = 1.474832, train_acc = 98.74% val_acc = 96.46%
Epoch 558, cost = 1.475122, train_acc = 98.55% val_acc = 96.50%
Epoch 559, cost = 1.474951, train_acc = 98.64% val_acc = 96.55%
Epoch 560, cost = 1.475013, train_acc = 98.67% val_acc = 96.43%
Epoch 561, cost = 1.474993, train_acc = 98.67% val_acc = 96.66%
Epoch 562, cost = 1.474513, train_acc = 98.56% val_acc = 96.43%
Epoch 563, cost = 1.475111, train_acc = 98.65% val_acc = 96.72%
Epoch 564, cost = 1.474581, train_acc = 98.69% val_acc = 96.56%
Epoch 565, cost = 1.475092, train_acc = 98.75% val_acc = 96.75%
Epoch 566, cost = 1.473881, train_acc = 98.67% val_acc = 96.53%
Epoch 567, cost = 1.475253, train_acc = 98.65% val_acc = 96.54%
Epoch 568, cost = 1.474423, train_acc = 98.63% val_acc = 96.94%
Epoch 569, cost = 1.475743, train_acc = 98.69% val_acc = 96.67%
Epoch 570, cost = 1.475380, train_acc = 98.70% val_acc = 96.76%
Epoch 571, cost = 1.474978, train_acc = 98.69% val_acc = 96.67%
Epoch 572, cost = 1.475332, train_acc = 98.63% val_acc = 96.78%
Epoch 573, cost = 1.475849, train_acc = 98.61% val_acc = 96.57%
Epoch 574, cost = 1.474637, train_acc = 98.68% val_acc = 96.64%
Epoch 575, cost = 1.474892, train_acc = 98.63% val_acc = 96.50%
Epoch 576, cost = 1.474587, train_acc = 98.71% val_acc = 96.45%
Epoch 577, cost = 1.475194, train_acc = 98.71% val_acc = 96.74%
Epoch 578, cost = 1.474591, train_acc = 98.72% val_acc = 96.76%
Epoch 579, cost = 1.474720, train_acc = 98.70% val_acc = 96.74%
Epoch 580, cost = 1.474426, train_acc = 98.80% val_acc = 96.74%
Epoch 581, cost = 1.475238, train_acc = 98.72% val_acc = 96.70%
Epoch 582, cost = 1.474999, train_acc = 98.73% val_acc = 96.79%
Epoch 583, cost = 1.474999, train_acc = 98.59% val_acc = 96.53%
Epoch 584, cost = 1.475018, train_acc = 98.72% val_acc = 96.76%
Epoch 585, cost = 1.474999, train_acc = 98.67% val_acc = 96.42%
Epoch 586, cost = 1.474389, train_acc = 98.63% val_acc = 96.62%
Epoch 587, cost = 1.474482, train_acc = 98.64% val_acc = 96.58%
Epoch 588, cost = 1.474342, train_acc = 98.80% val_acc = 96.83%
Epoch 589, cost = 1.474772, train_acc = 98.73% val_acc = 96.67%
Epoch 590, cost = 1.475622, train_acc = 98.71% val_acc = 96.60%
Epoch 591, cost = 1.475024, train_acc = 98.73% val_acc = 96.40%
Epoch 592, cost = 1.474250, train_acc = 98.75% val_acc = 96.70%
Epoch 593, cost = 1.474349, train_acc = 98.76% val_acc = 96.75%
Epoch 594, cost = 1.474628, train_acc = 98.75% val_acc = 96.62%
Epoch 595, cost = 1.474323, train_acc = 98.75% val_acc = 96.62%
Epoch 596, cost = 1.474553, train_acc = 98.84% val_acc = 96.71%
Epoch 597, cost = 1.474890, train_acc = 98.70% val_acc = 96.54%
Epoch 598, cost = 1.474903, train_acc = 98.60% val_acc = 96.70%
Epoch 599, cost = 1.474619, train_acc = 98.79% val_acc = 96.49%
Epoch 600, cost = 1.474684, train_acc = 98.69% val_acc = 96.72%
Epoch 601, cost = 1.474264, train_acc = 98.80% val_acc = 96.88%
Epoch 602, cost = 1.475266, train_acc = 98.77% val_acc = 96.20%
Epoch 603, cost = 1.474289, train_acc = 98.62% val_acc = 96.82%
Epoch 604, cost = 1.474802, train_acc = 98.71% val_acc = 96.41%
Epoch 605, cost = 1.474484, train_acc = 98.79% val_acc = 96.81%
Epoch 606, cost = 1.474620, train_acc = 98.70% val_acc = 96.69%
Epoch 607, cost = 1.474185, train_acc = 98.75% val_acc = 96.45%
Epoch 608, cost = 1.474767, train_acc = 98.61% val_acc = 96.41%
Epoch 609, cost = 1.474459, train_acc = 98.72% val_acc = 96.65%
Epoch 610, cost = 1.474170, train_acc = 98.70% val_acc = 96.34%
Epoch 611, cost = 1.474664, train_acc = 98.71% val_acc = 96.60%
Epoch 612, cost = 1.474683, train_acc = 98.76% val_acc = 96.61%
Epoch 613, cost = 1.474306, train_acc = 98.71% val_acc = 96.52%
Epoch 614, cost = 1.474291, train_acc = 98.67% val_acc = 96.90%
Epoch 615, cost = 1.474907, train_acc = 98.63% val_acc = 96.83%
Epoch 616, cost = 1.474830, train_acc = 98.73% val_acc = 96.70%
Epoch 617, cost = 1.473603, train_acc = 98.74% val_acc = 96.85%
Epoch 618, cost = 1.474268, train_acc = 98.72% val_acc = 96.70%
Epoch 619, cost = 1.474093, train_acc = 98.80% val_acc = 97.00%
Epoch 620, cost = 1.474594, train_acc = 98.72% val_acc = 96.79%
Epoch 621, cost = 1.474589, train_acc = 98.71% val_acc = 96.73%
Epoch 622, cost = 1.474701, train_acc = 98.79% val_acc = 96.62%
Epoch 623, cost = 1.474174, train_acc = 98.73% val_acc = 96.59%
Epoch 624, cost = 1.474214, train_acc = 98.77% val_acc = 96.72%
Epoch 625, cost = 1.474967, train_acc = 98.79% val_acc = 96.49%
Epoch 626, cost = 1.474620, train_acc = 98.79% val_acc = 96.55%
Epoch 627, cost = 1.474467, train_acc = 98.50% val_acc = 96.36%
Epoch 628, cost = 1.474391, train_acc = 98.72% val_acc = 96.94%
Epoch 629, cost = 1.474184, train_acc = 98.73% val_acc = 96.68%
Epoch 630, cost = 1.473932, train_acc = 98.69% val_acc = 96.60%
Epoch 631, cost = 1.474503, train_acc = 98.74% val_acc = 96.87%
Epoch 632, cost = 1.474535, train_acc = 98.63% val_acc = 96.68%
Epoch 633, cost = 1.474456, train_acc = 98.79% val_acc = 96.74%
Epoch 634, cost = 1.474954, train_acc = 98.74% val_acc = 96.58%
Epoch 635, cost = 1.474225, train_acc = 98.80% val_acc = 96.62%
Epoch 636, cost = 1.475100, train_acc = 98.60% val_acc = 96.62%
Epoch 637, cost = 1.474731, train_acc = 98.64% val_acc = 96.17%
Epoch 638, cost = 1.474541, train_acc = 98.73% val_acc = 96.67%
Epoch 639, cost = 1.473474, train_acc = 98.76% val_acc = 96.56%
Epoch 640, cost = 1.474323, train_acc = 98.84% val_acc = 96.91%
Epoch 641, cost = 1.473870, train_acc = 98.71% val_acc = 96.67%
Epoch 642, cost = 1.474361, train_acc = 98.54% val_acc = 95.95%
Epoch 643, cost = 1.474502, train_acc = 98.80% val_acc = 96.84%
Epoch 644, cost = 1.474196, train_acc = 98.75% val_acc = 96.60%
Epoch 645, cost = 1.474490, train_acc = 98.74% val_acc = 96.81%
Epoch 646, cost = 1.473957, train_acc = 98.75% val_acc = 96.80%
Epoch 647, cost = 1.474360, train_acc = 98.78% val_acc = 96.71%
Epoch 648, cost = 1.473549, train_acc = 98.75% val_acc = 96.56%
Epoch 649, cost = 1.473783, train_acc = 98.71% val_acc = 96.56%
Epoch 650, cost = 1.474601, train_acc = 98.66% val_acc = 96.65%
Epoch 651, cost = 1.474651, train_acc = 98.75% val_acc = 96.85%
Epoch 652, cost = 1.474882, train_acc = 98.81% val_acc = 96.57%
Epoch 653, cost = 1.474654, train_acc = 98.70% val_acc = 96.82%
Epoch 654, cost = 1.473941, train_acc = 98.78% val_acc = 96.92%
Epoch 655, cost = 1.473719, train_acc = 98.74% val_acc = 97.07%
Epoch 656, cost = 1.474279, train_acc = 98.66% val_acc = 96.74%
Epoch 657, cost = 1.473964, train_acc = 98.70% val_acc = 97.03%
Epoch 658, cost = 1.474296, train_acc = 98.69% val_acc = 96.72%
Epoch 659, cost = 1.474406, train_acc = 98.82% val_acc = 96.69%
Epoch 660, cost = 1.473987, train_acc = 98.67% val_acc = 96.66%
Epoch 661, cost = 1.474129, train_acc = 98.71% val_acc = 96.47%
Epoch 662, cost = 1.473898, train_acc = 98.87% val_acc = 96.78%
Epoch 663, cost = 1.474072, train_acc = 98.83% val_acc = 96.57%
Epoch 664, cost = 1.473527, train_acc = 98.83% val_acc = 96.48%
Epoch 665, cost = 1.474069, train_acc = 98.76% val_acc = 96.95%
Epoch 666, cost = 1.474595, train_acc = 98.67% val_acc = 96.89%
Epoch 667, cost = 1.474401, train_acc = 98.80% val_acc = 96.82%
Epoch 668, cost = 1.474125, train_acc = 98.75% val_acc = 96.76%
Epoch 669, cost = 1.474090, train_acc = 98.83% val_acc = 96.66%
Epoch 670, cost = 1.474582, train_acc = 98.69% val_acc = 96.20%
Epoch 671, cost = 1.473876, train_acc = 98.82% val_acc = 96.77%
Epoch 672, cost = 1.474686, train_acc = 98.85% val_acc = 96.50%
Epoch 673, cost = 1.473498, train_acc = 98.78% val_acc = 96.45%
Epoch 674, cost = 1.473695, train_acc = 98.85% val_acc = 96.65%
Epoch 675, cost = 1.473873, train_acc = 98.79% val_acc = 96.83%
Epoch 676, cost = 1.473891, train_acc = 98.76% val_acc = 96.54%
Epoch 677, cost = 1.473938, train_acc = 98.82% val_acc = 96.70%
Epoch 678, cost = 1.473994, train_acc = 98.88% val_acc = 96.69%
Epoch 679, cost = 1.474243, train_acc = 98.68% val_acc = 96.32%
Epoch 680, cost = 1.474189, train_acc = 98.64% val_acc = 96.19%
Epoch 681, cost = 1.474640, train_acc = 98.71% val_acc = 96.59%
Epoch 682, cost = 1.474198, train_acc = 98.78% val_acc = 96.73%
Epoch 683, cost = 1.473705, train_acc = 98.68% val_acc = 96.70%
Epoch 684, cost = 1.473747, train_acc = 98.79% val_acc = 96.60%
Epoch 685, cost = 1.474116, train_acc = 98.61% val_acc = 96.51%
Epoch 686, cost = 1.474743, train_acc = 98.77% val_acc = 96.91%
Epoch 687, cost = 1.473782, train_acc = 98.70% val_acc = 96.61%
Epoch 688, cost = 1.473979, train_acc = 98.74% val_acc = 96.51%
Epoch 689, cost = 1.474170, train_acc = 98.79% val_acc = 96.57%
Epoch 690, cost = 1.473697, train_acc = 98.86% val_acc = 96.63%
Epoch 691, cost = 1.474364, train_acc = 98.78% val_acc = 96.62%
Epoch 692, cost = 1.473989, train_acc = 98.79% val_acc = 96.74%
Epoch 693, cost = 1.474161, train_acc = 98.76% val_acc = 96.82%
Epoch 694, cost = 1.473457, train_acc = 98.77% val_acc = 96.81%
Epoch 695, cost = 1.474042, train_acc = 98.69% val_acc = 96.93%
Epoch 696, cost = 1.474082, train_acc = 98.77% val_acc = 96.74%
Epoch 697, cost = 1.473887, train_acc = 98.82% val_acc = 96.74%
Epoch 698, cost = 1.473807, train_acc = 98.85% val_acc = 96.69%
Epoch 699, cost = 1.473920, train_acc = 98.86% val_acc = 96.70%
Epoch 700, cost = 1.474772, train_acc = 98.80% val_acc = 96.58%
Epoch 701, cost = 1.474066, train_acc = 98.79% val_acc = 97.01%
Epoch 702, cost = 1.474212, train_acc = 98.73% val_acc = 96.60%
Epoch 703, cost = 1.473582, train_acc = 98.75% val_acc = 96.52%
Epoch 704, cost = 1.473465, train_acc = 98.71% val_acc = 96.70%
Epoch 705, cost = 1.473785, train_acc = 98.80% val_acc = 96.40%
Epoch 706, cost = 1.473108, train_acc = 98.64% val_acc = 96.69%
Epoch 707, cost = 1.473479, train_acc = 98.89% val_acc = 96.79%
Epoch 708, cost = 1.473109, train_acc = 98.79% val_acc = 96.67%
Epoch 709, cost = 1.473866, train_acc = 98.82% val_acc = 96.76%
Epoch 710, cost = 1.473916, train_acc = 98.81% val_acc = 96.79%
Epoch 711, cost = 1.473681, train_acc = 98.65% val_acc = 96.69%
Epoch 712, cost = 1.474594, train_acc = 98.83% val_acc = 96.52%
Epoch 713, cost = 1.473697, train_acc = 98.74% val_acc = 96.68%
Epoch 714, cost = 1.474107, train_acc = 98.82% val_acc = 96.39%
Epoch 715, cost = 1.473118, train_acc = 98.84% val_acc = 96.59%
Epoch 716, cost = 1.473830, train_acc = 98.87% val_acc = 96.71%
Epoch 717, cost = 1.474134, train_acc = 98.79% val_acc = 96.59%
Epoch 718, cost = 1.473574, train_acc = 98.83% val_acc = 96.43%
Epoch 719, cost = 1.473410, train_acc = 98.74% val_acc = 96.93%
Epoch 720, cost = 1.474167, train_acc = 98.88% val_acc = 96.79%
Epoch 721, cost = 1.472900, train_acc = 98.85% val_acc = 96.71%
Epoch 722, cost = 1.472976, train_acc = 98.74% val_acc = 96.69%
Epoch 723, cost = 1.473751, train_acc = 98.77% val_acc = 96.43%
Epoch 724, cost = 1.474190, train_acc = 98.85% val_acc = 96.73%
Epoch 725, cost = 1.473631, train_acc = 98.82% val_acc = 96.88%
Epoch 726, cost = 1.473382, train_acc = 98.86% val_acc = 96.64%
Epoch 727, cost = 1.473447, train_acc = 98.80% val_acc = 96.76%
Epoch 728, cost = 1.473774, train_acc = 98.78% val_acc = 96.59%
Epoch 729, cost = 1.473635, train_acc = 98.77% val_acc = 96.65%
Epoch 730, cost = 1.474058, train_acc = 98.82% val_acc = 96.74%
Epoch 731, cost = 1.473953, train_acc = 98.77% val_acc = 96.75%
Epoch 732, cost = 1.473481, train_acc = 98.81% val_acc = 96.86%
Epoch 733, cost = 1.473392, train_acc = 98.85% val_acc = 96.68%
Epoch 734, cost = 1.473219, train_acc = 98.82% val_acc = 96.96%
Epoch 735, cost = 1.473628, train_acc = 98.85% val_acc = 96.85%
Epoch 736, cost = 1.473403, train_acc = 98.84% val_acc = 96.71%
Epoch 737, cost = 1.473779, train_acc = 98.79% val_acc = 96.76%
Epoch 738, cost = 1.474359, train_acc = 98.81% val_acc = 96.88%
Epoch 739, cost = 1.473866, train_acc = 98.83% val_acc = 96.78%
Epoch 740, cost = 1.473447, train_acc = 98.88% val_acc = 97.06%
Epoch 741, cost = 1.473505, train_acc = 98.91% val_acc = 96.59%
Epoch 742, cost = 1.473559, train_acc = 98.79% val_acc = 96.55%
Epoch 743, cost = 1.473872, train_acc = 98.78% val_acc = 96.86%
Epoch 744, cost = 1.473354, train_acc = 98.72% val_acc = 96.18%
Epoch 745, cost = 1.473114, train_acc = 98.91% val_acc = 96.67%
Epoch 746, cost = 1.473816, train_acc = 98.65% val_acc = 96.48%
Epoch 747, cost = 1.474056, train_acc = 98.90% val_acc = 96.79%
Epoch 748, cost = 1.473665, train_acc = 98.83% val_acc = 96.62%
Epoch 749, cost = 1.473316, train_acc = 98.87% val_acc = 96.44%
Epoch 750, cost = 1.473042, train_acc = 98.83% val_acc = 96.81%
Epoch 751, cost = 1.473350, train_acc = 98.86% val_acc = 96.57%
Epoch 752, cost = 1.473565, train_acc = 98.81% val_acc = 96.71%
Epoch 753, cost = 1.473071, train_acc = 98.86% val_acc = 96.76%
Epoch 754, cost = 1.473374, train_acc = 98.90% val_acc = 96.59%
Epoch 755, cost = 1.473864, train_acc = 98.84% val_acc = 96.89%
Epoch 756, cost = 1.473900, train_acc = 98.79% val_acc = 96.66%
Epoch 757, cost = 1.473649, train_acc = 98.84% val_acc = 96.75%
Epoch 758, cost = 1.473097, train_acc = 98.81% val_acc = 96.91%
Epoch 759, cost = 1.473101, train_acc = 98.85% val_acc = 97.04%
Epoch 760, cost = 1.473467, train_acc = 98.84% val_acc = 96.66%
Epoch 761, cost = 1.474008, train_acc = 98.78% val_acc = 97.02%
Epoch 762, cost = 1.473636, train_acc = 98.85% val_acc = 96.40%
Epoch 763, cost = 1.473193, train_acc = 98.70% val_acc = 96.72%
Epoch 764, cost = 1.473887, train_acc = 98.84% val_acc = 96.65%
Epoch 765, cost = 1.473003, train_acc = 98.75% val_acc = 96.52%
Epoch 766, cost = 1.472859, train_acc = 98.92% val_acc = 96.74%
Epoch 767, cost = 1.472992, train_acc = 98.83% val_acc = 96.52%
Epoch 768, cost = 1.473907, train_acc = 98.75% val_acc = 96.75%
Epoch 769, cost = 1.473384, train_acc = 98.83% val_acc = 96.57%
Epoch 770, cost = 1.473763, train_acc = 98.86% val_acc = 96.74%
Epoch 771, cost = 1.473433, train_acc = 98.84% val_acc = 96.45%
Epoch 772, cost = 1.473854, train_acc = 98.87% val_acc = 96.96%
Epoch 773, cost = 1.473757, train_acc = 98.77% val_acc = 96.35%
Epoch 774, cost = 1.472905, train_acc = 98.83% val_acc = 96.77%
Epoch 775, cost = 1.473661, train_acc = 98.83% val_acc = 96.74%
Epoch 776, cost = 1.473336, train_acc = 98.90% val_acc = 96.84%
Epoch 777, cost = 1.473192, train_acc = 98.77% val_acc = 96.66%
Epoch 778, cost = 1.473434, train_acc = 98.87% val_acc = 96.86%
Epoch 779, cost = 1.472842, train_acc = 98.87% val_acc = 96.83%
Epoch 780, cost = 1.473103, train_acc = 98.85% val_acc = 96.63%
Epoch 781, cost = 1.472519, train_acc = 98.91% val_acc = 96.78%
Epoch 782, cost = 1.473726, train_acc = 98.81% val_acc = 96.74%
Epoch 783, cost = 1.472865, train_acc = 98.94% val_acc = 96.87%
Epoch 784, cost = 1.473189, train_acc = 98.80% val_acc = 96.68%
Epoch 785, cost = 1.473223, train_acc = 98.87% val_acc = 96.52%
Epoch 786, cost = 1.473259, train_acc = 98.83% val_acc = 96.52%
Epoch 787, cost = 1.473280, train_acc = 98.82% val_acc = 96.74%
Epoch 788, cost = 1.473998, train_acc = 98.84% val_acc = 96.60%
Epoch 789, cost = 1.473188, train_acc = 98.84% val_acc = 96.53%
Epoch 790, cost = 1.473379, train_acc = 98.88% val_acc = 96.60%
Epoch 791, cost = 1.473217, train_acc = 98.88% val_acc = 96.92%
Epoch 792, cost = 1.473363, train_acc = 98.77% val_acc = 96.46%
Epoch 793, cost = 1.473357, train_acc = 98.84% val_acc = 96.50%
Epoch 794, cost = 1.472864, train_acc = 98.87% val_acc = 96.52%
Epoch 795, cost = 1.473150, train_acc = 98.81% val_acc = 96.61%
Epoch 796, cost = 1.472873, train_acc = 98.84% val_acc = 96.97%
Epoch 797, cost = 1.472799, train_acc = 98.91% val_acc = 96.62%
Epoch 798, cost = 1.473085, train_acc = 98.88% val_acc = 96.88%
Epoch 799, cost = 1.472177, train_acc = 98.92% val_acc = 96.79%
Epoch 800, cost = 1.472578, train_acc = 98.86% val_acc = 96.47%
Epoch 801, cost = 1.473626, train_acc = 98.85% val_acc = 96.80%
Epoch 802, cost = 1.473480, train_acc = 98.88% val_acc = 96.65%
Epoch 803, cost = 1.472950, train_acc = 98.77% val_acc = 96.67%
Epoch 804, cost = 1.472680, train_acc = 98.79% val_acc = 97.03%
Epoch 805, cost = 1.473334, train_acc = 98.89% val_acc = 96.77%
Epoch 806, cost = 1.473350, train_acc = 98.88% val_acc = 96.85%
Epoch 807, cost = 1.473051, train_acc = 98.86% val_acc = 96.82%
Epoch 808, cost = 1.472837, train_acc = 98.93% val_acc = 96.91%
Epoch 809, cost = 1.473136, train_acc = 98.83% val_acc = 96.82%
Epoch 810, cost = 1.473035, train_acc = 98.83% val_acc = 96.73%
Epoch 811, cost = 1.472792, train_acc = 98.89% val_acc = 96.85%
Epoch 812, cost = 1.473509, train_acc = 98.90% val_acc = 96.82%
Epoch 813, cost = 1.473483, train_acc = 98.80% val_acc = 96.48%
Epoch 814, cost = 1.472880, train_acc = 98.87% val_acc = 96.52%
Epoch 815, cost = 1.473070, train_acc = 98.83% val_acc = 96.76%
Epoch 816, cost = 1.473088, train_acc = 98.97% val_acc = 96.91%
Epoch 817, cost = 1.472448, train_acc = 98.81% val_acc = 96.62%
Epoch 818, cost = 1.473167, train_acc = 98.69% val_acc = 96.56%
Epoch 819, cost = 1.473060, train_acc = 98.92% val_acc = 96.75%
Epoch 820, cost = 1.472825, train_acc = 98.91% val_acc = 96.82%
Epoch 821, cost = 1.472724, train_acc = 98.80% val_acc = 96.37%
Epoch 822, cost = 1.473109, train_acc = 98.94% val_acc = 96.53%
Epoch 823, cost = 1.473114, train_acc = 98.92% val_acc = 96.93%
Epoch 824, cost = 1.473048, train_acc = 98.92% val_acc = 96.63%
Epoch 825, cost = 1.473274, train_acc = 98.90% val_acc = 96.54%
Epoch 826, cost = 1.472307, train_acc = 98.93% val_acc = 96.89%
Epoch 827, cost = 1.473401, train_acc = 98.86% val_acc = 96.63%
Epoch 828, cost = 1.473587, train_acc = 98.84% val_acc = 96.63%
Epoch 829, cost = 1.472345, train_acc = 98.90% val_acc = 96.84%
Epoch 830, cost = 1.473239, train_acc = 98.81% val_acc = 96.90%
Epoch 831, cost = 1.473802, train_acc = 98.84% val_acc = 96.74%
Epoch 832, cost = 1.473429, train_acc = 98.77% val_acc = 96.51%
Epoch 833, cost = 1.472588, train_acc = 98.84% val_acc = 96.52%
Epoch 834, cost = 1.472549, train_acc = 98.86% val_acc = 96.80%
Epoch 835, cost = 1.473785, train_acc = 98.83% val_acc = 96.60%
Epoch 836, cost = 1.472992, train_acc = 98.89% val_acc = 97.03%
Epoch 837, cost = 1.473384, train_acc = 98.87% val_acc = 96.76%
Epoch 838, cost = 1.473568, train_acc = 98.79% val_acc = 96.96%
Epoch 839, cost = 1.473139, train_acc = 98.91% val_acc = 96.80%
Epoch 840, cost = 1.472575, train_acc = 98.72% val_acc = 96.69%
Epoch 841, cost = 1.472783, train_acc = 98.82% val_acc = 96.83%
Epoch 842, cost = 1.473050, train_acc = 98.91% val_acc = 96.73%
Epoch 843, cost = 1.472984, train_acc = 98.71% val_acc = 96.76%
Epoch 844, cost = 1.472928, train_acc = 98.93% val_acc = 97.03%
Epoch 845, cost = 1.473315, train_acc = 98.83% val_acc = 96.79%
Epoch 846, cost = 1.472992, train_acc = 98.91% val_acc = 96.66%
Epoch 847, cost = 1.472568, train_acc = 98.83% val_acc = 96.91%
Epoch 848, cost = 1.473223, train_acc = 98.89% val_acc = 96.51%
Epoch 849, cost = 1.473109, train_acc = 98.91% val_acc = 96.71%
Epoch 850, cost = 1.473033, train_acc = 98.81% val_acc = 96.83%
Epoch 851, cost = 1.472871, train_acc = 98.97% val_acc = 96.47%
Epoch 852, cost = 1.472833, train_acc = 98.90% val_acc = 96.73%
Epoch 853, cost = 1.472516, train_acc = 98.82% val_acc = 96.98%
Epoch 854, cost = 1.472910, train_acc = 98.88% val_acc = 96.84%
Epoch 855, cost = 1.472511, train_acc = 98.83% val_acc = 96.42%
Epoch 856, cost = 1.472855, train_acc = 98.95% val_acc = 96.72%
Epoch 857, cost = 1.472991, train_acc = 98.82% val_acc = 96.66%
Epoch 858, cost = 1.473325, train_acc = 98.91% val_acc = 96.86%
Epoch 859, cost = 1.472873, train_acc = 98.94% val_acc = 96.85%
Epoch 860, cost = 1.472851, train_acc = 98.90% val_acc = 97.06%
Epoch 861, cost = 1.473168, train_acc = 98.88% val_acc = 96.96%
Epoch 862, cost = 1.473888, train_acc = 98.63% val_acc = 96.92%
Epoch 863, cost = 1.473424, train_acc = 98.75% val_acc = 96.93%
Epoch 864, cost = 1.472876, train_acc = 98.86% val_acc = 96.92%
Epoch 865, cost = 1.472884, train_acc = 98.91% val_acc = 96.27%
Epoch 866, cost = 1.473004, train_acc = 98.80% val_acc = 96.44%
Epoch 867, cost = 1.472615, train_acc = 98.80% val_acc = 96.66%
Epoch 868, cost = 1.473194, train_acc = 98.72% val_acc = 96.72%
Epoch 869, cost = 1.473487, train_acc = 98.88% val_acc = 96.79%
Epoch 870, cost = 1.472299, train_acc = 98.81% val_acc = 96.29%
Epoch 871, cost = 1.472857, train_acc = 98.79% val_acc = 96.52%
Epoch 872, cost = 1.473357, train_acc = 98.93% val_acc = 96.62%
Epoch 873, cost = 1.473419, train_acc = 98.87% val_acc = 96.84%
Epoch 874, cost = 1.472930, train_acc = 98.87% val_acc = 96.57%
Epoch 875, cost = 1.472879, train_acc = 98.96% val_acc = 96.67%
Epoch 876, cost = 1.472489, train_acc = 98.81% val_acc = 96.65%
Epoch 877, cost = 1.473275, train_acc = 98.88% val_acc = 96.55%
Epoch 878, cost = 1.473131, train_acc = 98.86% val_acc = 96.89%
Epoch 879, cost = 1.473048, train_acc = 98.87% val_acc = 96.62%
Epoch 880, cost = 1.473163, train_acc = 98.93% val_acc = 96.74%
Epoch 881, cost = 1.473109, train_acc = 98.73% val_acc = 96.35%
Epoch 882, cost = 1.473227, train_acc = 98.85% val_acc = 96.97%
Epoch 883, cost = 1.473058, train_acc = 98.74% val_acc = 96.77%
Epoch 884, cost = 1.472415, train_acc = 98.85% val_acc = 96.90%
Epoch 885, cost = 1.472614, train_acc = 98.84% val_acc = 96.37%
Epoch 886, cost = 1.472187, train_acc = 98.95% val_acc = 96.88%
Epoch 887, cost = 1.473267, train_acc = 98.91% val_acc = 96.74%
Epoch 888, cost = 1.472575, train_acc = 98.95% val_acc = 96.79%
Epoch 889, cost = 1.472955, train_acc = 98.98% val_acc = 96.86%
Epoch 890, cost = 1.472946, train_acc = 98.92% val_acc = 96.87%
Epoch 891, cost = 1.472453, train_acc = 98.87% val_acc = 96.90%
Epoch 892, cost = 1.472503, train_acc = 98.86% val_acc = 96.58%
Epoch 893, cost = 1.472624, train_acc = 98.87% val_acc = 96.81%
Epoch 894, cost = 1.473141, train_acc = 98.86% val_acc = 96.59%
Epoch 895, cost = 1.472342, train_acc = 98.87% val_acc = 96.71%
Epoch 896, cost = 1.473483, train_acc = 98.91% val_acc = 96.69%
Epoch 897, cost = 1.472853, train_acc = 98.97% val_acc = 96.75%
Epoch 898, cost = 1.472281, train_acc = 98.95% val_acc = 96.66%
Epoch 899, cost = 1.473047, train_acc = 98.95% val_acc = 96.77%
Epoch 900, cost = 1.472902, train_acc = 98.92% val_acc = 96.79%
Epoch 901, cost = 1.472413, train_acc = 98.86% val_acc = 96.96%
Epoch 902, cost = 1.472766, train_acc = 98.98% val_acc = 96.89%
Epoch 903, cost = 1.473279, train_acc = 98.83% val_acc = 96.97%
Epoch 904, cost = 1.473145, train_acc = 98.87% val_acc = 96.64%
Epoch 905, cost = 1.473032, train_acc = 98.93% val_acc = 96.57%
Epoch 906, cost = 1.472657, train_acc = 98.92% val_acc = 97.02%
Epoch 907, cost = 1.472373, train_acc = 99.01% val_acc = 96.51%
Epoch 908, cost = 1.472407, train_acc = 98.78% val_acc = 96.72%
Epoch 909, cost = 1.472624, train_acc = 98.79% val_acc = 96.69%
Epoch 910, cost = 1.473123, train_acc = 98.80% val_acc = 96.59%
Epoch 911, cost = 1.473272, train_acc = 98.87% val_acc = 96.69%
Epoch 912, cost = 1.472412, train_acc = 98.95% val_acc = 96.74%
Epoch 913, cost = 1.472644, train_acc = 98.88% val_acc = 96.72%
Epoch 914, cost = 1.472447, train_acc = 98.92% val_acc = 97.08%
Epoch 915, cost = 1.472932, train_acc = 98.94% val_acc = 96.54%
Epoch 916, cost = 1.473104, train_acc = 98.95% val_acc = 96.86%
Epoch 917, cost = 1.472800, train_acc = 98.90% val_acc = 96.77%
Epoch 918, cost = 1.473011, train_acc = 98.96% val_acc = 96.92%
Epoch 919, cost = 1.473161, train_acc = 98.85% val_acc = 96.71%
Epoch 920, cost = 1.472298, train_acc = 98.91% val_acc = 96.78%
Epoch 921, cost = 1.473243, train_acc = 98.95% val_acc = 96.99%
Epoch 922, cost = 1.472950, train_acc = 98.92% val_acc = 96.80%
Epoch 923, cost = 1.472732, train_acc = 98.90% val_acc = 96.73%
Epoch 924, cost = 1.472598, train_acc = 98.91% val_acc = 96.73%
Epoch 925, cost = 1.472432, train_acc = 98.99% val_acc = 96.85%
Epoch 926, cost = 1.472018, train_acc = 98.89% val_acc = 96.84%
Epoch 927, cost = 1.473131, train_acc = 98.97% val_acc = 96.84%
Epoch 928, cost = 1.472580, train_acc = 98.78% val_acc = 96.55%
Epoch 929, cost = 1.472825, train_acc = 98.86% val_acc = 96.81%
Epoch 930, cost = 1.472427, train_acc = 98.94% val_acc = 96.95%
Epoch 931, cost = 1.472302, train_acc = 98.89% val_acc = 96.69%
Epoch 932, cost = 1.472425, train_acc = 98.92% val_acc = 96.66%
Epoch 933, cost = 1.472139, train_acc = 98.98% val_acc = 96.60%
Epoch 934, cost = 1.472306, train_acc = 98.93% val_acc = 96.69%
Epoch 935, cost = 1.472467, train_acc = 98.82% val_acc = 96.49%
Epoch 936, cost = 1.473278, train_acc = 98.88% val_acc = 96.93%
Epoch 937, cost = 1.473292, train_acc = 98.91% val_acc = 96.86%
Epoch 938, cost = 1.473044, train_acc = 98.93% val_acc = 96.84%
Epoch 939, cost = 1.472644, train_acc = 98.99% val_acc = 96.66%
Epoch 940, cost = 1.472730, train_acc = 98.90% val_acc = 96.99%
Epoch 941, cost = 1.472828, train_acc = 98.70% val_acc = 96.68%
Epoch 942, cost = 1.471969, train_acc = 98.92% val_acc = 96.78%
Epoch 943, cost = 1.473008, train_acc = 98.93% val_acc = 96.74%
Epoch 944, cost = 1.472261, train_acc = 98.90% val_acc = 96.87%
Epoch 945, cost = 1.472789, train_acc = 98.87% val_acc = 96.82%
Epoch 946, cost = 1.472205, train_acc = 98.87% val_acc = 97.06%
Epoch 947, cost = 1.472446, train_acc = 98.86% val_acc = 96.90%
Epoch 948, cost = 1.472340, train_acc = 98.83% val_acc = 96.39%
Epoch 949, cost = 1.472169, train_acc = 98.83% val_acc = 96.57%
Epoch 950, cost = 1.472724, train_acc = 98.85% val_acc = 96.37%
Epoch 951, cost = 1.472594, train_acc = 98.82% val_acc = 96.66%
Epoch 952, cost = 1.472474, train_acc = 98.91% val_acc = 96.83%
Epoch 953, cost = 1.472642, train_acc = 98.91% val_acc = 96.33%
Epoch 954, cost = 1.472992, train_acc = 98.97% val_acc = 96.71%
Epoch 955, cost = 1.472302, train_acc = 98.92% val_acc = 96.65%
Epoch 956, cost = 1.472557, train_acc = 98.89% val_acc = 96.81%
Epoch 957, cost = 1.472265, train_acc = 98.99% val_acc = 96.62%
Epoch 958, cost = 1.471659, train_acc = 98.98% val_acc = 97.01%
Epoch 959, cost = 1.472611, train_acc = 98.99% val_acc = 96.92%
Epoch 960, cost = 1.472517, train_acc = 98.93% val_acc = 96.84%
Epoch 961, cost = 1.472080, train_acc = 98.89% val_acc = 96.92%
Epoch 962, cost = 1.472322, train_acc = 98.90% val_acc = 96.56%
Epoch 963, cost = 1.472594, train_acc = 98.90% val_acc = 96.73%
Epoch 964, cost = 1.472444, train_acc = 98.97% val_acc = 97.35%
Epoch 965, cost = 1.472462, train_acc = 98.84% val_acc = 96.60%
Epoch 966, cost = 1.472337, train_acc = 99.03% val_acc = 96.85%
Epoch 967, cost = 1.472511, train_acc = 98.91% val_acc = 96.82%
Epoch 968, cost = 1.473091, train_acc = 98.83% val_acc = 96.60%
Epoch 969, cost = 1.472706, train_acc = 98.90% val_acc = 96.89%
Epoch 970, cost = 1.472578, train_acc = 98.78% val_acc = 96.91%
Epoch 971, cost = 1.473007, train_acc = 98.91% val_acc = 96.92%
Epoch 972, cost = 1.472564, train_acc = 98.97% val_acc = 97.07%
Epoch 973, cost = 1.472476, train_acc = 98.91% val_acc = 96.92%
Epoch 974, cost = 1.472412, train_acc = 98.95% val_acc = 96.80%
Epoch 975, cost = 1.472464, train_acc = 98.80% val_acc = 96.99%
Epoch 976, cost = 1.472612, train_acc = 98.90% val_acc = 96.81%
Epoch 977, cost = 1.471965, train_acc = 98.91% val_acc = 96.70%
Epoch 978, cost = 1.472697, train_acc = 98.98% val_acc = 96.46%
Epoch 979, cost = 1.472202, train_acc = 98.84% val_acc = 96.46%
Epoch 980, cost = 1.472146, train_acc = 98.87% val_acc = 96.86%
Epoch 981, cost = 1.472665, train_acc = 98.83% val_acc = 96.41%
Epoch 982, cost = 1.472896, train_acc = 98.91% val_acc = 96.62%
Epoch 983, cost = 1.472116, train_acc = 98.82% val_acc = 96.55%
Epoch 984, cost = 1.473136, train_acc = 98.93% val_acc = 96.66%
Epoch 985, cost = 1.472819, train_acc = 98.97% val_acc = 96.73%
Epoch 986, cost = 1.472639, train_acc = 99.02% val_acc = 96.50%
Epoch 987, cost = 1.472456, train_acc = 98.97% val_acc = 96.70%
Epoch 988, cost = 1.472567, train_acc = 98.89% val_acc = 96.58%
Epoch 989, cost = 1.472300, train_acc = 98.95% val_acc = 96.79%
Epoch 990, cost = 1.472507, train_acc = 98.92% val_acc = 96.89%
Epoch 991, cost = 1.471788, train_acc = 98.91% val_acc = 96.65%
Epoch 992, cost = 1.472627, train_acc = 98.90% val_acc = 96.43%
Epoch 993, cost = 1.472673, train_acc = 99.00% val_acc = 96.63%
Epoch 994, cost = 1.472635, train_acc = 98.95% val_acc = 96.97%
Epoch 995, cost = 1.471963, train_acc = 98.85% val_acc = 96.91%
Epoch 996, cost = 1.472749, train_acc = 98.92% val_acc = 96.91%
Epoch 997, cost = 1.471801, train_acc = 98.96% val_acc = 96.71%
Epoch 998, cost = 1.471964, train_acc = 98.92% val_acc = 96.40%
Epoch 999, cost = 1.472248, train_acc = 98.97% val_acc = 96.68%
Epoch 1000, cost = 1.473438, train_acc = 98.79% val_acc = 96.39%
Epoch 1001, cost = 1.472873, train_acc = 98.93% val_acc = 96.71%
Epoch 1002, cost = 1.472291, train_acc = 98.90% val_acc = 96.88%
Epoch 1003, cost = 1.472121, train_acc = 98.99% val_acc = 96.78%
Epoch 1004, cost = 1.472488, train_acc = 98.96% val_acc = 96.59%
Epoch 1005, cost = 1.472252, train_acc = 98.96% val_acc = 96.76%
Epoch 1006, cost = 1.472205, train_acc = 98.98% val_acc = 96.76%
Epoch 1007, cost = 1.472056, train_acc = 98.95% val_acc = 96.87%
Epoch 1008, cost = 1.471862, train_acc = 98.91% val_acc = 96.87%
Epoch 1009, cost = 1.472716, train_acc = 98.99% val_acc = 96.89%
Epoch 1010, cost = 1.472441, train_acc = 98.93% val_acc = 96.86%
Epoch 1011, cost = 1.472503, train_acc = 98.93% val_acc = 96.68%
Epoch 1012, cost = 1.473024, train_acc = 98.87% val_acc = 96.88%
Epoch 1013, cost = 1.472561, train_acc = 98.90% val_acc = 96.92%
Epoch 1014, cost = 1.472828, train_acc = 98.93% val_acc = 97.02%
Epoch 1015, cost = 1.472471, train_acc = 98.94% val_acc = 96.77%
Epoch 1016, cost = 1.472245, train_acc = 98.83% val_acc = 96.78%
Epoch 1017, cost = 1.472859, train_acc = 98.98% val_acc = 96.75%
Epoch 1018, cost = 1.471933, train_acc = 98.98% val_acc = 96.80%
Epoch 1019, cost = 1.471815, train_acc = 98.90% val_acc = 96.64%
Epoch 1020, cost = 1.471721, train_acc = 99.05% val_acc = 96.94%
Epoch 1021, cost = 1.471565, train_acc = 98.84% val_acc = 96.43%
Epoch 1022, cost = 1.472537, train_acc = 98.93% val_acc = 96.91%
Epoch 1023, cost = 1.472402, train_acc = 98.92% val_acc = 96.72%
Epoch 1024, cost = 1.472550, train_acc = 98.88% val_acc = 96.87%
Epoch 1025, cost = 1.471559, train_acc = 98.89% val_acc = 96.67%
Epoch 1026, cost = 1.472291, train_acc = 98.90% val_acc = 96.74%
Epoch 1027, cost = 1.471552, train_acc = 98.91% val_acc = 96.68%
Epoch 1028, cost = 1.472729, train_acc = 98.85% val_acc = 96.66%
Epoch 1029, cost = 1.471891, train_acc = 98.99% val_acc = 96.64%
Epoch 1030, cost = 1.472146, train_acc = 98.97% val_acc = 96.71%
Epoch 1031, cost = 1.471832, train_acc = 98.95% val_acc = 96.96%
Epoch 1032, cost = 1.472514, train_acc = 98.94% val_acc = 96.86%
Epoch 1033, cost = 1.472506, train_acc = 98.84% val_acc = 96.41%
Epoch 1034, cost = 1.472273, train_acc = 98.97% val_acc = 96.39%
Epoch 1035, cost = 1.471887, train_acc = 98.93% val_acc = 96.92%
Epoch 1036, cost = 1.472006, train_acc = 98.99% val_acc = 96.70%
Epoch 1037, cost = 1.472149, train_acc = 98.92% val_acc = 96.72%
Epoch 1038, cost = 1.472717, train_acc = 98.95% val_acc = 96.64%
Epoch 1039, cost = 1.472194, train_acc = 98.93% val_acc = 96.70%
Epoch 1040, cost = 1.472078, train_acc = 98.76% val_acc = 96.75%
Epoch 1041, cost = 1.472512, train_acc = 98.93% val_acc = 96.98%
Epoch 1042, cost = 1.471608, train_acc = 98.99% val_acc = 96.73%
Epoch 1043, cost = 1.472181, train_acc = 98.92% val_acc = 96.81%
Epoch 1044, cost = 1.472672, train_acc = 98.98% val_acc = 96.79%
Epoch 1045, cost = 1.471954, train_acc = 98.95% val_acc = 97.07%
Epoch 1046, cost = 1.472333, train_acc = 98.97% val_acc = 96.61%
Epoch 1047, cost = 1.472157, train_acc = 99.03% val_acc = 96.92%
Epoch 1048, cost = 1.471926, train_acc = 98.86% val_acc = 96.69%
Epoch 1049, cost = 1.472746, train_acc = 98.96% val_acc = 96.63%
Epoch 1050, cost = 1.472097, train_acc = 98.98% val_acc = 96.67%
Epoch 1051, cost = 1.471975, train_acc = 98.89% val_acc = 96.79%
Epoch 1052, cost = 1.472650, train_acc = 98.99% val_acc = 96.73%
Epoch 1053, cost = 1.472230, train_acc = 98.94% val_acc = 96.72%
Epoch 1054, cost = 1.473089, train_acc = 98.87% val_acc = 96.81%
Epoch 1055, cost = 1.472408, train_acc = 98.95% val_acc = 96.97%
Epoch 1056, cost = 1.472609, train_acc = 98.96% val_acc = 96.79%
Epoch 1057, cost = 1.472236, train_acc = 98.91% val_acc = 96.65%
Epoch 1058, cost = 1.472400, train_acc = 99.01% val_acc = 96.60%
Epoch 1059, cost = 1.472488, train_acc = 98.99% val_acc = 96.71%
Epoch 1060, cost = 1.471963, train_acc = 98.93% val_acc = 96.68%
Epoch 1061, cost = 1.472778, train_acc = 98.91% val_acc = 96.72%
Epoch 1062, cost = 1.472077, train_acc = 98.98% val_acc = 96.71%
Epoch 1063, cost = 1.472800, train_acc = 98.91% val_acc = 96.77%
Epoch 1064, cost = 1.472326, train_acc = 98.88% val_acc = 96.72%
Epoch 1065, cost = 1.472087, train_acc = 98.94% val_acc = 96.83%
Epoch 1066, cost = 1.473158, train_acc = 98.95% val_acc = 96.59%
Epoch 1067, cost = 1.473014, train_acc = 98.83% val_acc = 96.57%
Epoch 1068, cost = 1.472983, train_acc = 98.99% val_acc = 96.78%
Epoch 1069, cost = 1.472176, train_acc = 98.80% val_acc = 96.82%
Epoch 1070, cost = 1.472276, train_acc = 98.99% val_acc = 96.66%
Epoch 1071, cost = 1.471695, train_acc = 98.99% val_acc = 96.74%
Epoch 1072, cost = 1.472853, train_acc = 98.92% val_acc = 96.71%
Epoch 1073, cost = 1.472496, train_acc = 98.87% val_acc = 96.67%
Epoch 1074, cost = 1.472458, train_acc = 98.97% val_acc = 96.69%
Epoch 1075, cost = 1.471466, train_acc = 98.95% val_acc = 96.55%
Epoch 1076, cost = 1.472305, train_acc = 98.94% val_acc = 96.49%
Epoch 1077, cost = 1.472181, train_acc = 98.83% val_acc = 96.65%
Epoch 1078, cost = 1.472426, train_acc = 98.89% val_acc = 96.44%
Epoch 1079, cost = 1.472328, train_acc = 98.97% val_acc = 97.01%
Epoch 1080, cost = 1.472256, train_acc = 98.90% val_acc = 97.21%
Epoch 1081, cost = 1.472448, train_acc = 98.99% val_acc = 96.81%
Epoch 1082, cost = 1.472508, train_acc = 99.01% val_acc = 96.64%
Epoch 1083, cost = 1.472304, train_acc = 99.00% val_acc = 96.68%
Epoch 1084, cost = 1.471790, train_acc = 98.97% val_acc = 96.63%
Epoch 1085, cost = 1.472113, train_acc = 99.01% val_acc = 97.01%
Epoch 1086, cost = 1.472615, train_acc = 98.99% val_acc = 96.91%
Epoch 1087, cost = 1.471740, train_acc = 98.79% val_acc = 96.96%
Epoch 1088, cost = 1.472643, train_acc = 98.99% val_acc = 96.73%
Epoch 1089, cost = 1.472805, train_acc = 98.95% val_acc = 96.60%
Epoch 1090, cost = 1.472082, train_acc = 98.83% val_acc = 96.78%
Epoch 1091, cost = 1.472012, train_acc = 98.96% val_acc = 96.27%
Epoch 1092, cost = 1.472002, train_acc = 98.98% val_acc = 96.83%
Epoch 1093, cost = 1.472118, train_acc = 98.97% val_acc = 96.77%
Epoch 1094, cost = 1.471401, train_acc = 98.98% val_acc = 96.72%
Epoch 1095, cost = 1.472336, train_acc = 98.87% val_acc = 96.77%
Epoch 1096, cost = 1.472296, train_acc = 99.01% val_acc = 96.63%
Epoch 1097, cost = 1.472212, train_acc = 99.00% val_acc = 96.70%
Epoch 1098, cost = 1.472291, train_acc = 98.93% val_acc = 96.78%
Epoch 1099, cost = 1.471894, train_acc = 98.97% val_acc = 97.27%
Epoch 1100, cost = 1.471433, train_acc = 98.97% val_acc = 96.72%
Epoch 1101, cost = 1.472023, train_acc = 98.88% val_acc = 96.85%
Epoch 1102, cost = 1.473043, train_acc = 99.04% val_acc = 96.67%
Epoch 1103, cost = 1.471942, train_acc = 98.98% val_acc = 96.63%
Epoch 1104, cost = 1.472063, train_acc = 98.85% val_acc = 96.76%
Epoch 1105, cost = 1.472505, train_acc = 98.93% val_acc = 96.81%
Epoch 1106, cost = 1.471945, train_acc = 98.97% val_acc = 96.83%
Epoch 1107, cost = 1.472660, train_acc = 99.01% val_acc = 96.85%
Epoch 1108, cost = 1.471247, train_acc = 99.03% val_acc = 96.81%
Epoch 1109, cost = 1.472020, train_acc = 99.00% val_acc = 96.81%
Epoch 1110, cost = 1.471812, train_acc = 98.90% val_acc = 96.69%
Epoch 1111, cost = 1.472061, train_acc = 98.91% val_acc = 97.09%
Epoch 1112, cost = 1.471290, train_acc = 99.00% val_acc = 96.68%
Epoch 1113, cost = 1.472200, train_acc = 99.02% val_acc = 96.71%
Epoch 1114, cost = 1.471786, train_acc = 98.96% val_acc = 96.76%
Epoch 1115, cost = 1.472056, train_acc = 98.93% val_acc = 96.64%
Epoch 1116, cost = 1.471490, train_acc = 99.00% val_acc = 96.66%
Epoch 1117, cost = 1.471991, train_acc = 98.95% val_acc = 96.60%
Epoch 1118, cost = 1.471915, train_acc = 98.91% val_acc = 96.70%
Epoch 1119, cost = 1.471809, train_acc = 98.95% val_acc = 96.72%
Epoch 1120, cost = 1.471782, train_acc = 99.01% val_acc = 96.69%
Epoch 1121, cost = 1.471897, train_acc = 98.91% val_acc = 96.66%
Epoch 1122, cost = 1.471919, train_acc = 98.96% val_acc = 96.56%
Epoch 1123, cost = 1.471692, train_acc = 98.91% val_acc = 96.53%
Epoch 1124, cost = 1.471864, train_acc = 99.03% val_acc = 96.94%
Epoch 1125, cost = 1.472138, train_acc = 98.88% val_acc = 96.71%
Epoch 1126, cost = 1.472220, train_acc = 98.88% val_acc = 96.66%
Epoch 1127, cost = 1.472060, train_acc = 99.00% val_acc = 96.96%
Epoch 1128, cost = 1.471529, train_acc = 99.01% val_acc = 96.92%
Epoch 1129, cost = 1.472448, train_acc = 99.03% val_acc = 96.83%
Epoch 1130, cost = 1.472168, train_acc = 99.01% val_acc = 96.89%
Epoch 1131, cost = 1.472171, train_acc = 99.00% val_acc = 96.66%
Epoch 1132, cost = 1.471923, train_acc = 99.01% val_acc = 96.40%
Epoch 1133, cost = 1.471903, train_acc = 98.88% val_acc = 96.51%
Epoch 1134, cost = 1.473031, train_acc = 98.92% val_acc = 96.84%
Epoch 1135, cost = 1.472585, train_acc = 98.89% val_acc = 96.81%
Epoch 1136, cost = 1.472336, train_acc = 98.95% val_acc = 96.96%
Epoch 1137, cost = 1.472032, train_acc = 98.98% val_acc = 96.77%
Epoch 1138, cost = 1.471753, train_acc = 98.97% val_acc = 96.61%
Epoch 1139, cost = 1.472937, train_acc = 98.89% val_acc = 96.66%
Epoch 1140, cost = 1.471882, train_acc = 98.96% val_acc = 96.73%
Epoch 1141, cost = 1.471616, train_acc = 98.84% val_acc = 96.79%
Epoch 1142, cost = 1.472264, train_acc = 98.81% val_acc = 96.66%
Epoch 1143, cost = 1.471765, train_acc = 98.97% val_acc = 96.76%
Epoch 1144, cost = 1.472017, train_acc = 98.90% val_acc = 96.51%
Epoch 1145, cost = 1.472031, train_acc = 98.93% val_acc = 96.91%
Epoch 1146, cost = 1.471923, train_acc = 98.94% val_acc = 97.02%
Epoch 1147, cost = 1.471754, train_acc = 99.01% val_acc = 96.83%
Epoch 1148, cost = 1.472325, train_acc = 98.99% val_acc = 96.81%
Epoch 1149, cost = 1.471944, train_acc = 99.00% val_acc = 96.45%
Epoch 1150, cost = 1.471589, train_acc = 98.99% val_acc = 96.91%
Epoch 1151, cost = 1.471848, train_acc = 98.99% val_acc = 96.81%
Epoch 1152, cost = 1.472278, train_acc = 98.95% val_acc = 96.80%
Epoch 1153, cost = 1.472337, train_acc = 98.98% val_acc = 96.72%
Epoch 1154, cost = 1.472142, train_acc = 98.98% val_acc = 96.52%
Epoch 1155, cost = 1.471883, train_acc = 98.94% val_acc = 96.72%
Epoch 1156, cost = 1.471798, train_acc = 99.02% val_acc = 96.68%
Epoch 1157, cost = 1.471611, train_acc = 98.96% val_acc = 96.72%
Epoch 1158, cost = 1.472642, train_acc = 99.01% val_acc = 97.05%
Epoch 1159, cost = 1.472327, train_acc = 98.96% val_acc = 96.73%
Epoch 1160, cost = 1.472256, train_acc = 98.78% val_acc = 96.55%
Epoch 1161, cost = 1.471877, train_acc = 98.98% val_acc = 96.80%
Epoch 1162, cost = 1.471636, train_acc = 99.06% val_acc = 96.83%
Epoch 1163, cost = 1.472019, train_acc = 98.93% val_acc = 96.65%
Epoch 1164, cost = 1.471590, train_acc = 98.91% val_acc = 96.86%
Epoch 1165, cost = 1.471749, train_acc = 98.95% val_acc = 96.57%
Epoch 1166, cost = 1.471960, train_acc = 98.98% val_acc = 96.90%
Epoch 1167, cost = 1.472008, train_acc = 99.04% val_acc = 96.98%
Epoch 1168, cost = 1.471868, train_acc = 98.81% val_acc = 96.58%
Epoch 1169, cost = 1.472098, train_acc = 98.96% val_acc = 96.89%
Epoch 1170, cost = 1.471950, train_acc = 98.98% val_acc = 96.96%
Epoch 1171, cost = 1.472449, train_acc = 99.00% val_acc = 96.84%
Epoch 1172, cost = 1.471495, train_acc = 99.04% val_acc = 96.62%
Epoch 1173, cost = 1.471552, train_acc = 99.04% val_acc = 96.79%
Epoch 1174, cost = 1.471484, train_acc = 98.98% val_acc = 96.73%
Epoch 1175, cost = 1.471313, train_acc = 99.02% val_acc = 97.01%
Epoch 1176, cost = 1.471980, train_acc = 98.96% val_acc = 97.06%
Epoch 1177, cost = 1.471128, train_acc = 98.88% val_acc = 96.73%
Epoch 1178, cost = 1.471948, train_acc = 99.01% val_acc = 96.94%
Epoch 1179, cost = 1.472472, train_acc = 99.04% val_acc = 96.97%
Epoch 1180, cost = 1.472026, train_acc = 98.93% val_acc = 96.68%
Epoch 1181, cost = 1.472155, train_acc = 98.84% val_acc = 96.43%
Epoch 1182, cost = 1.472552, train_acc = 99.03% val_acc = 96.72%
Epoch 1183, cost = 1.472003, train_acc = 98.96% val_acc = 96.89%
Epoch 1184, cost = 1.471738, train_acc = 98.99% val_acc = 96.79%
Epoch 1185, cost = 1.471768, train_acc = 98.87% val_acc = 96.69%
Epoch 1186, cost = 1.471987, train_acc = 98.87% val_acc = 96.80%
Epoch 1187, cost = 1.472492, train_acc = 98.98% val_acc = 96.88%
Epoch 1188, cost = 1.472061, train_acc = 98.99% val_acc = 96.99%
Epoch 1189, cost = 1.472078, train_acc = 98.89% val_acc = 96.62%
Epoch 1190, cost = 1.472098, train_acc = 98.95% val_acc = 96.72%
Epoch 1191, cost = 1.472234, train_acc = 99.02% val_acc = 96.99%
Epoch 1192, cost = 1.471789, train_acc = 98.88% val_acc = 96.70%
Epoch 1193, cost = 1.471537, train_acc = 99.03% val_acc = 96.83%
Epoch 1194, cost = 1.471724, train_acc = 98.97% val_acc = 96.72%
Epoch 1195, cost = 1.471481, train_acc = 99.01% val_acc = 96.49%
Epoch 1196, cost = 1.471674, train_acc = 99.06% val_acc = 96.98%
Epoch 1197, cost = 1.471793, train_acc = 98.84% val_acc = 96.54%
Epoch 1198, cost = 1.472528, train_acc = 98.89% val_acc = 96.80%
Epoch 1199, cost = 1.471656, train_acc = 99.02% val_acc = 96.85%
Epoch 1200, cost = 1.472030, train_acc = 98.92% val_acc = 96.92%
Epoch 1201, cost = 1.471464, train_acc = 98.92% val_acc = 96.77%
Epoch 1202, cost = 1.471525, train_acc = 98.98% val_acc = 97.11%
Epoch 1203, cost = 1.472126, train_acc = 98.95% val_acc = 96.72%
Epoch 1204, cost = 1.472031, train_acc = 98.82% val_acc = 96.81%
Epoch 1205, cost = 1.471559, train_acc = 99.05% val_acc = 96.66%
Epoch 1206, cost = 1.471687, train_acc = 99.05% val_acc = 96.84%
Epoch 1207, cost = 1.471699, train_acc = 98.95% val_acc = 96.58%
Epoch 1208, cost = 1.471551, train_acc = 99.07% val_acc = 96.81%
Epoch 1209, cost = 1.472345, train_acc = 98.90% val_acc = 96.76%
Epoch 1210, cost = 1.471824, train_acc = 98.97% val_acc = 96.63%
Epoch 1211, cost = 1.472622, train_acc = 98.94% val_acc = 96.68%
Epoch 1212, cost = 1.471906, train_acc = 98.96% val_acc = 96.62%
Epoch 1213, cost = 1.471648, train_acc = 99.06% val_acc = 97.08%
Epoch 1214, cost = 1.471398, train_acc = 99.05% val_acc = 96.71%
Epoch 1215, cost = 1.472511, train_acc = 99.03% val_acc = 97.07%
Epoch 1216, cost = 1.472430, train_acc = 98.95% val_acc = 96.73%
Epoch 1217, cost = 1.471793, train_acc = 98.68% val_acc = 96.70%
Epoch 1218, cost = 1.471784, train_acc = 99.08% val_acc = 96.84%
Epoch 1219, cost = 1.472083, train_acc = 98.80% val_acc = 96.54%
Epoch 1220, cost = 1.471786, train_acc = 98.93% val_acc = 96.55%
Epoch 1221, cost = 1.471233, train_acc = 99.01% val_acc = 97.00%
Epoch 1222, cost = 1.472209, train_acc = 98.96% val_acc = 96.55%
Epoch 1223, cost = 1.472039, train_acc = 99.05% val_acc = 96.88%
Epoch 1224, cost = 1.470983, train_acc = 98.98% val_acc = 96.70%
Epoch 1225, cost = 1.471872, train_acc = 98.88% val_acc = 96.72%
Epoch 1226, cost = 1.471998, train_acc = 98.91% val_acc = 96.60%
Epoch 1227, cost = 1.472432, train_acc = 99.00% val_acc = 96.85%
Epoch 1228, cost = 1.472072, train_acc = 98.92% val_acc = 96.79%
Epoch 1229, cost = 1.471633, train_acc = 99.05% val_acc = 96.64%
Epoch 1230, cost = 1.471756, train_acc = 99.07% val_acc = 96.80%
Epoch 1231, cost = 1.471208, train_acc = 98.94% val_acc = 96.79%
Epoch 1232, cost = 1.472174, train_acc = 98.97% val_acc = 96.79%
Epoch 1233, cost = 1.472125, train_acc = 98.95% val_acc = 96.88%
Epoch 1234, cost = 1.472071, train_acc = 99.00% val_acc = 96.82%
Epoch 1235, cost = 1.472037, train_acc = 98.98% val_acc = 96.44%
Epoch 1236, cost = 1.471479, train_acc = 98.99% val_acc = 97.23%
Epoch 1237, cost = 1.471599, train_acc = 99.06% val_acc = 96.80%
Epoch 1238, cost = 1.471921, train_acc = 98.91% val_acc = 96.91%
