Loading Training Data
Loading Validation Data
Creating Data Loaders
Training Fun Time!!!
Epoch 1, cost = 2.303657, train_acc = 14.84% val_acc = 16.24%
Epoch 2, cost = 2.303039, train_acc = 18.91% val_acc = 20.72%
Epoch 3, cost = 2.301766, train_acc = 21.26% val_acc = 23.30%
Epoch 4, cost = 2.295482, train_acc = 20.31% val_acc = 23.31%
Epoch 5, cost = 2.194687, train_acc = 35.68% val_acc = 40.55%
Epoch 6, cost = 2.052857, train_acc = 43.12% val_acc = 48.86%
Epoch 7, cost = 2.009261, train_acc = 45.82% val_acc = 51.29%
Epoch 8, cost = 1.990798, train_acc = 47.41% val_acc = 52.93%
Epoch 9, cost = 1.976596, train_acc = 48.44% val_acc = 53.44%
Epoch 10, cost = 1.963826, train_acc = 50.01% val_acc = 53.87%
Epoch 11, cost = 1.956927, train_acc = 50.72% val_acc = 54.92%
Epoch 12, cost = 1.949283, train_acc = 50.73% val_acc = 54.10%
Epoch 13, cost = 1.940666, train_acc = 50.81% val_acc = 54.79%
Epoch 14, cost = 1.937317, train_acc = 52.33% val_acc = 55.36%
Epoch 15, cost = 1.913256, train_acc = 56.08% val_acc = 60.50%
Epoch 16, cost = 1.886328, train_acc = 57.14% val_acc = 60.71%
Epoch 17, cost = 1.880265, train_acc = 58.28% val_acc = 60.73%
Epoch 18, cost = 1.871893, train_acc = 57.90% val_acc = 61.80%
Epoch 19, cost = 1.867623, train_acc = 59.13% val_acc = 62.14%
Epoch 20, cost = 1.859685, train_acc = 59.27% val_acc = 62.54%
Epoch 21, cost = 1.855656, train_acc = 59.97% val_acc = 62.93%
Epoch 22, cost = 1.839164, train_acc = 63.13% val_acc = 66.87%
Epoch 23, cost = 1.812711, train_acc = 64.36% val_acc = 67.20%
Epoch 24, cost = 1.809707, train_acc = 65.82% val_acc = 68.29%
Epoch 25, cost = 1.804739, train_acc = 65.27% val_acc = 67.40%
Epoch 26, cost = 1.801559, train_acc = 66.05% val_acc = 68.37%
Epoch 27, cost = 1.796107, train_acc = 66.20% val_acc = 68.16%
Epoch 28, cost = 1.789689, train_acc = 66.61% val_acc = 68.07%
Epoch 29, cost = 1.786574, train_acc = 66.19% val_acc = 67.99%
Epoch 30, cost = 1.791036, train_acc = 66.81% val_acc = 69.81%
Epoch 31, cost = 1.784839, train_acc = 66.77% val_acc = 69.07%
Epoch 32, cost = 1.786432, train_acc = 66.99% val_acc = 68.90%
Epoch 33, cost = 1.783490, train_acc = 67.23% val_acc = 69.68%
Epoch 34, cost = 1.775579, train_acc = 67.59% val_acc = 69.34%
Epoch 35, cost = 1.779336, train_acc = 67.38% val_acc = 69.84%
Epoch 36, cost = 1.775498, train_acc = 67.70% val_acc = 69.21%
Epoch 37, cost = 1.777018, train_acc = 67.92% val_acc = 70.21%
Epoch 38, cost = 1.774838, train_acc = 68.20% val_acc = 70.01%
Epoch 39, cost = 1.775335, train_acc = 68.01% val_acc = 69.41%
Epoch 40, cost = 1.774257, train_acc = 67.64% val_acc = 69.97%
Epoch 41, cost = 1.770675, train_acc = 68.34% val_acc = 69.99%
Epoch 42, cost = 1.772618, train_acc = 68.22% val_acc = 69.19%
Epoch 43, cost = 1.770810, train_acc = 68.28% val_acc = 69.79%
Epoch 44, cost = 1.769702, train_acc = 68.31% val_acc = 69.87%
Epoch 45, cost = 1.770354, train_acc = 68.42% val_acc = 69.68%
Epoch 46, cost = 1.766814, train_acc = 68.69% val_acc = 69.30%
Epoch 47, cost = 1.761521, train_acc = 67.94% val_acc = 69.36%
Epoch 48, cost = 1.762179, train_acc = 68.73% val_acc = 69.75%
Epoch 49, cost = 1.769704, train_acc = 68.86% val_acc = 69.57%
Epoch 50, cost = 1.763741, train_acc = 68.97% val_acc = 69.82%
Epoch 51, cost = 1.762065, train_acc = 68.41% val_acc = 69.40%
Epoch 52, cost = 1.761316, train_acc = 69.60% val_acc = 69.97%
Epoch 53, cost = 1.765936, train_acc = 68.57% val_acc = 69.71%
Epoch 54, cost = 1.763780, train_acc = 69.16% val_acc = 69.77%
Epoch 55, cost = 1.760163, train_acc = 69.53% val_acc = 68.77%
Epoch 56, cost = 1.761286, train_acc = 68.84% val_acc = 70.83%
Epoch 57, cost = 1.760656, train_acc = 69.13% val_acc = 69.78%
Epoch 58, cost = 1.755540, train_acc = 68.89% val_acc = 70.42%
Epoch 59, cost = 1.759918, train_acc = 68.94% val_acc = 69.64%
Epoch 60, cost = 1.761054, train_acc = 69.11% val_acc = 69.88%
Epoch 61, cost = 1.759182, train_acc = 69.04% val_acc = 71.09%
Epoch 62, cost = 1.756355, train_acc = 70.01% val_acc = 70.52%
Epoch 63, cost = 1.755144, train_acc = 69.52% val_acc = 69.08%
Epoch 64, cost = 1.755537, train_acc = 69.31% val_acc = 70.02%
Epoch 65, cost = 1.756954, train_acc = 69.08% val_acc = 69.72%
Epoch 66, cost = 1.755406, train_acc = 69.33% val_acc = 70.31%
Epoch 67, cost = 1.757226, train_acc = 69.60% val_acc = 70.37%
Epoch 68, cost = 1.759850, train_acc = 69.56% val_acc = 69.89%
Epoch 69, cost = 1.753911, train_acc = 69.59% val_acc = 69.92%
Epoch 70, cost = 1.754924, train_acc = 69.49% val_acc = 69.57%
Epoch 71, cost = 1.754501, train_acc = 68.73% val_acc = 70.20%
Epoch 72, cost = 1.752475, train_acc = 69.67% val_acc = 69.75%
Epoch 73, cost = 1.752401, train_acc = 69.54% val_acc = 70.44%
Epoch 74, cost = 1.752639, train_acc = 69.91% val_acc = 70.52%
Epoch 75, cost = 1.750642, train_acc = 69.23% val_acc = 70.41%
Epoch 76, cost = 1.751390, train_acc = 69.51% val_acc = 70.61%
Epoch 77, cost = 1.750161, train_acc = 70.13% val_acc = 70.51%
Epoch 78, cost = 1.746857, train_acc = 70.03% val_acc = 70.35%
Epoch 79, cost = 1.750178, train_acc = 69.76% val_acc = 70.03%
Epoch 80, cost = 1.754627, train_acc = 70.04% val_acc = 70.13%
Epoch 81, cost = 1.751165, train_acc = 69.67% val_acc = 69.48%
Epoch 82, cost = 1.751406, train_acc = 70.40% val_acc = 69.67%
Epoch 83, cost = 1.748322, train_acc = 69.85% val_acc = 69.55%
Epoch 84, cost = 1.750199, train_acc = 69.70% val_acc = 69.92%
Epoch 85, cost = 1.746848, train_acc = 69.87% val_acc = 70.02%
Epoch 86, cost = 1.752474, train_acc = 69.25% val_acc = 69.97%
Epoch 87, cost = 1.750837, train_acc = 70.19% val_acc = 70.68%
Epoch 88, cost = 1.747631, train_acc = 70.10% val_acc = 70.49%
Epoch 89, cost = 1.748810, train_acc = 70.19% val_acc = 69.97%
Epoch 90, cost = 1.751238, train_acc = 70.14% val_acc = 70.89%
Epoch 91, cost = 1.746011, train_acc = 70.37% val_acc = 69.65%
Epoch 92, cost = 1.742767, train_acc = 70.02% val_acc = 70.04%
Epoch 93, cost = 1.748392, train_acc = 70.20% val_acc = 69.87%
Epoch 94, cost = 1.748803, train_acc = 70.30% val_acc = 69.93%
Epoch 95, cost = 1.742452, train_acc = 70.22% val_acc = 69.85%
Epoch 96, cost = 1.745426, train_acc = 69.73% val_acc = 70.22%
Epoch 97, cost = 1.748082, train_acc = 69.90% val_acc = 70.36%
Epoch 98, cost = 1.748106, train_acc = 70.19% val_acc = 69.54%
Epoch 99, cost = 1.745746, train_acc = 70.34% val_acc = 70.48%
Epoch 100, cost = 1.746155, train_acc = 69.95% val_acc = 70.01%
Epoch 101, cost = 1.744402, train_acc = 70.43% val_acc = 70.69%
Epoch 102, cost = 1.744487, train_acc = 70.13% val_acc = 70.04%
Epoch 103, cost = 1.747365, train_acc = 70.12% val_acc = 69.60%
Epoch 104, cost = 1.742570, train_acc = 70.37% val_acc = 69.80%
Epoch 105, cost = 1.747424, train_acc = 70.66% val_acc = 70.08%
Epoch 106, cost = 1.744042, train_acc = 70.40% val_acc = 70.37%
Epoch 107, cost = 1.739029, train_acc = 70.85% val_acc = 70.15%
Epoch 108, cost = 1.742996, train_acc = 70.85% val_acc = 70.70%
Epoch 109, cost = 1.740660, train_acc = 70.62% val_acc = 70.10%
Epoch 110, cost = 1.746079, train_acc = 70.83% val_acc = 70.89%
Epoch 111, cost = 1.747642, train_acc = 70.35% val_acc = 70.29%
Epoch 112, cost = 1.738361, train_acc = 70.69% val_acc = 69.71%
Epoch 113, cost = 1.744210, train_acc = 70.65% val_acc = 70.66%
Epoch 114, cost = 1.744148, train_acc = 70.59% val_acc = 69.70%
Epoch 115, cost = 1.746398, train_acc = 70.34% val_acc = 70.05%
Epoch 116, cost = 1.740011, train_acc = 71.00% val_acc = 69.77%
Epoch 117, cost = 1.742858, train_acc = 70.76% val_acc = 71.06%
Epoch 118, cost = 1.745612, train_acc = 70.62% val_acc = 70.14%
Epoch 119, cost = 1.742282, train_acc = 70.61% val_acc = 70.59%
Epoch 120, cost = 1.742821, train_acc = 70.64% val_acc = 69.38%
Epoch 121, cost = 1.744135, train_acc = 70.42% val_acc = 70.65%
Epoch 122, cost = 1.741846, train_acc = 70.03% val_acc = 71.18%
Epoch 123, cost = 1.742857, train_acc = 70.38% val_acc = 70.40%
Epoch 124, cost = 1.743771, train_acc = 70.53% val_acc = 69.88%
Epoch 125, cost = 1.741184, train_acc = 70.95% val_acc = 71.46%
Epoch 126, cost = 1.741102, train_acc = 70.99% val_acc = 69.93%
Epoch 127, cost = 1.741240, train_acc = 70.64% val_acc = 70.90%
Epoch 128, cost = 1.740535, train_acc = 70.70% val_acc = 70.21%
Epoch 129, cost = 1.741167, train_acc = 70.40% val_acc = 69.59%
Epoch 130, cost = 1.741664, train_acc = 71.34% val_acc = 70.59%
Epoch 131, cost = 1.740261, train_acc = 70.80% val_acc = 70.49%
Epoch 132, cost = 1.740416, train_acc = 70.83% val_acc = 70.60%
Epoch 133, cost = 1.739095, train_acc = 71.50% val_acc = 70.06%
Epoch 134, cost = 1.741904, train_acc = 70.76% val_acc = 70.49%
Epoch 135, cost = 1.741880, train_acc = 70.29% val_acc = 70.55%
Epoch 136, cost = 1.742267, train_acc = 70.74% val_acc = 69.77%
Epoch 137, cost = 1.736058, train_acc = 70.63% val_acc = 70.28%
Epoch 138, cost = 1.737050, train_acc = 70.61% val_acc = 70.72%
Epoch 139, cost = 1.736750, train_acc = 70.92% val_acc = 70.16%
Epoch 140, cost = 1.740538, train_acc = 70.72% val_acc = 69.52%
Epoch 141, cost = 1.738781, train_acc = 71.45% val_acc = 70.26%
Epoch 142, cost = 1.741843, train_acc = 70.85% val_acc = 71.24%
Epoch 143, cost = 1.737230, train_acc = 71.10% val_acc = 70.40%
Epoch 144, cost = 1.740996, train_acc = 70.71% val_acc = 70.54%
Epoch 145, cost = 1.737962, train_acc = 70.41% val_acc = 71.14%
Epoch 146, cost = 1.738857, train_acc = 71.30% val_acc = 70.91%
Epoch 147, cost = 1.733004, train_acc = 71.14% val_acc = 70.54%
Epoch 148, cost = 1.736791, train_acc = 70.87% val_acc = 70.63%
Epoch 149, cost = 1.738226, train_acc = 70.89% val_acc = 70.36%
Epoch 150, cost = 1.736810, train_acc = 70.55% val_acc = 70.90%
Epoch 151, cost = 1.735935, train_acc = 70.95% val_acc = 71.09%
Epoch 152, cost = 1.734235, train_acc = 71.19% val_acc = 70.57%
Epoch 153, cost = 1.735426, train_acc = 71.33% val_acc = 70.37%
Epoch 154, cost = 1.736664, train_acc = 70.84% val_acc = 70.32%
Epoch 155, cost = 1.742715, train_acc = 71.18% val_acc = 70.37%
Epoch 156, cost = 1.737180, train_acc = 70.90% val_acc = 70.87%
Epoch 157, cost = 1.735474, train_acc = 71.29% val_acc = 70.71%
Epoch 158, cost = 1.740359, train_acc = 71.26% val_acc = 70.05%
Epoch 159, cost = 1.734760, train_acc = 70.46% val_acc = 70.35%
Epoch 160, cost = 1.734783, train_acc = 70.59% val_acc = 70.15%
Epoch 161, cost = 1.736871, train_acc = 71.10% val_acc = 70.51%
Epoch 162, cost = 1.734843, train_acc = 71.18% val_acc = 70.66%
Epoch 163, cost = 1.740411, train_acc = 70.59% val_acc = 70.50%
Epoch 164, cost = 1.736897, train_acc = 71.16% val_acc = 70.61%
Epoch 165, cost = 1.734115, train_acc = 70.65% val_acc = 70.56%
Epoch 166, cost = 1.736921, train_acc = 70.91% val_acc = 70.67%
Epoch 167, cost = 1.738519, train_acc = 71.13% val_acc = 70.79%
Epoch 168, cost = 1.736717, train_acc = 70.85% val_acc = 69.82%
Epoch 169, cost = 1.733738, train_acc = 71.53% val_acc = 70.91%
Epoch 170, cost = 1.731959, train_acc = 71.30% val_acc = 71.21%
Epoch 171, cost = 1.734591, train_acc = 70.65% val_acc = 71.17%
Epoch 172, cost = 1.737352, train_acc = 71.18% val_acc = 70.50%
Epoch 173, cost = 1.739620, train_acc = 71.00% val_acc = 70.94%
Epoch 174, cost = 1.732414, train_acc = 71.02% val_acc = 70.83%
Epoch 175, cost = 1.732848, train_acc = 71.24% val_acc = 70.88%
Epoch 176, cost = 1.733635, train_acc = 71.08% val_acc = 71.21%
Epoch 177, cost = 1.736357, train_acc = 71.44% val_acc = 70.86%
Epoch 178, cost = 1.731842, train_acc = 71.63% val_acc = 70.52%
Epoch 179, cost = 1.740028, train_acc = 70.93% val_acc = 69.90%
Epoch 180, cost = 1.738273, train_acc = 70.99% val_acc = 70.66%
Epoch 181, cost = 1.735966, train_acc = 71.10% val_acc = 70.56%
Epoch 182, cost = 1.733261, train_acc = 71.56% val_acc = 70.34%
Epoch 183, cost = 1.736817, train_acc = 71.32% val_acc = 70.66%
Epoch 184, cost = 1.734346, train_acc = 71.07% val_acc = 70.23%
Epoch 185, cost = 1.736446, train_acc = 70.95% val_acc = 70.12%
Epoch 186, cost = 1.737878, train_acc = 71.23% val_acc = 71.60%
Epoch 187, cost = 1.736187, train_acc = 71.86% val_acc = 70.54%
Epoch 188, cost = 1.738179, train_acc = 71.04% val_acc = 70.15%
Epoch 189, cost = 1.737219, train_acc = 71.02% val_acc = 70.50%
Epoch 190, cost = 1.735301, train_acc = 71.11% val_acc = 70.69%
Epoch 191, cost = 1.731942, train_acc = 71.36% val_acc = 70.52%
Epoch 192, cost = 1.728873, train_acc = 71.43% val_acc = 70.07%
Epoch 193, cost = 1.736525, train_acc = 71.38% val_acc = 71.87%
Epoch 194, cost = 1.736258, train_acc = 71.77% val_acc = 69.86%
Epoch 195, cost = 1.731890, train_acc = 71.59% val_acc = 70.41%
Epoch 196, cost = 1.733249, train_acc = 71.08% val_acc = 71.34%
Epoch 197, cost = 1.731145, train_acc = 71.24% val_acc = 69.86%
Epoch 198, cost = 1.736952, train_acc = 71.42% val_acc = 70.81%
Epoch 199, cost = 1.731480, train_acc = 71.03% val_acc = 70.54%
Epoch 200, cost = 1.736612, train_acc = 70.69% val_acc = 70.98%
Epoch 201, cost = 1.729366, train_acc = 70.98% val_acc = 70.25%
Epoch 202, cost = 1.735544, train_acc = 71.05% val_acc = 71.01%
Epoch 203, cost = 1.738128, train_acc = 71.22% val_acc = 70.99%
Epoch 204, cost = 1.732979, train_acc = 71.17% val_acc = 71.03%
Epoch 205, cost = 1.739247, train_acc = 71.69% val_acc = 70.36%
Epoch 206, cost = 1.729800, train_acc = 71.33% val_acc = 70.80%
Epoch 207, cost = 1.732495, train_acc = 71.21% val_acc = 71.27%
Epoch 208, cost = 1.733335, train_acc = 71.47% val_acc = 70.18%
Epoch 209, cost = 1.730931, train_acc = 70.87% val_acc = 70.36%
Epoch 210, cost = 1.733167, train_acc = 71.56% val_acc = 70.70%
Epoch 211, cost = 1.733082, train_acc = 71.53% val_acc = 70.52%
Epoch 212, cost = 1.733238, train_acc = 72.03% val_acc = 70.79%
Epoch 213, cost = 1.733667, train_acc = 71.32% val_acc = 70.67%
Epoch 214, cost = 1.728012, train_acc = 71.73% val_acc = 70.57%
Epoch 215, cost = 1.731132, train_acc = 71.95% val_acc = 70.95%
Epoch 216, cost = 1.731810, train_acc = 71.77% val_acc = 71.89%
Epoch 217, cost = 1.731667, train_acc = 71.64% val_acc = 71.98%
Epoch 218, cost = 1.732698, train_acc = 71.10% val_acc = 71.06%
Epoch 219, cost = 1.734016, train_acc = 71.54% val_acc = 71.34%
Epoch 220, cost = 1.730820, train_acc = 71.07% val_acc = 71.69%
Epoch 221, cost = 1.734371, train_acc = 71.37% val_acc = 70.89%
Epoch 222, cost = 1.734740, train_acc = 71.27% val_acc = 70.92%
Epoch 223, cost = 1.733220, train_acc = 71.54% val_acc = 70.55%
Epoch 224, cost = 1.728271, train_acc = 71.54% val_acc = 69.81%
Epoch 225, cost = 1.735806, train_acc = 71.03% val_acc = 71.11%
Epoch 226, cost = 1.732753, train_acc = 71.66% val_acc = 70.95%
Epoch 227, cost = 1.731014, train_acc = 71.12% val_acc = 70.72%
Epoch 228, cost = 1.732164, train_acc = 71.33% val_acc = 71.18%
Epoch 229, cost = 1.732220, train_acc = 71.52% val_acc = 71.42%
Epoch 230, cost = 1.733126, train_acc = 71.38% val_acc = 70.76%
Epoch 231, cost = 1.726597, train_acc = 71.64% val_acc = 70.79%
Epoch 232, cost = 1.730454, train_acc = 71.83% val_acc = 71.35%
Epoch 233, cost = 1.728732, train_acc = 71.70% val_acc = 70.83%
Epoch 234, cost = 1.734298, train_acc = 71.83% val_acc = 70.15%
Epoch 235, cost = 1.727998, train_acc = 72.31% val_acc = 70.91%
Epoch 236, cost = 1.733630, train_acc = 71.56% val_acc = 70.50%
Epoch 237, cost = 1.735024, train_acc = 71.02% val_acc = 70.67%
Epoch 238, cost = 1.735690, train_acc = 71.00% val_acc = 70.94%
Epoch 239, cost = 1.732007, train_acc = 72.30% val_acc = 71.05%
Epoch 240, cost = 1.732725, train_acc = 71.56% val_acc = 71.13%
Epoch 241, cost = 1.733921, train_acc = 71.31% val_acc = 69.97%
Epoch 242, cost = 1.730868, train_acc = 71.49% val_acc = 70.68%
Epoch 243, cost = 1.734042, train_acc = 71.35% val_acc = 70.79%
Epoch 244, cost = 1.729871, train_acc = 71.59% val_acc = 70.79%
Epoch 245, cost = 1.729582, train_acc = 71.61% val_acc = 71.43%
Epoch 246, cost = 1.727214, train_acc = 72.14% val_acc = 71.55%
Epoch 247, cost = 1.736268, train_acc = 71.30% val_acc = 71.05%
Epoch 248, cost = 1.733363, train_acc = 71.63% val_acc = 70.96%
Epoch 249, cost = 1.733013, train_acc = 71.70% val_acc = 71.54%
Epoch 250, cost = 1.727890, train_acc = 71.39% val_acc = 71.34%
Epoch 251, cost = 1.733081, train_acc = 71.65% val_acc = 70.47%
Epoch 252, cost = 1.730211, train_acc = 71.61% val_acc = 71.43%
Epoch 253, cost = 1.731565, train_acc = 71.81% val_acc = 70.93%
Epoch 254, cost = 1.727248, train_acc = 72.16% val_acc = 70.23%
Epoch 255, cost = 1.729857, train_acc = 71.59% val_acc = 70.53%
Epoch 256, cost = 1.733921, train_acc = 71.84% val_acc = 70.72%
Epoch 257, cost = 1.734133, train_acc = 71.23% val_acc = 70.76%
Epoch 258, cost = 1.729504, train_acc = 72.10% val_acc = 70.07%
Epoch 259, cost = 1.730676, train_acc = 71.78% val_acc = 71.49%
Epoch 260, cost = 1.731501, train_acc = 71.78% val_acc = 71.07%
Epoch 261, cost = 1.731815, train_acc = 71.96% val_acc = 70.46%
Epoch 262, cost = 1.732417, train_acc = 71.36% val_acc = 70.78%
Epoch 263, cost = 1.731150, train_acc = 71.45% val_acc = 70.80%
Epoch 264, cost = 1.735605, train_acc = 71.48% val_acc = 70.23%
Epoch 265, cost = 1.732728, train_acc = 71.80% val_acc = 70.77%
Epoch 266, cost = 1.733218, train_acc = 72.14% val_acc = 70.21%
Epoch 267, cost = 1.731853, train_acc = 71.73% val_acc = 70.78%
Epoch 268, cost = 1.732496, train_acc = 71.92% val_acc = 70.34%
Epoch 269, cost = 1.730910, train_acc = 71.63% val_acc = 70.65%
Epoch 270, cost = 1.728120, train_acc = 72.15% val_acc = 71.46%
Epoch 271, cost = 1.732754, train_acc = 71.31% val_acc = 70.62%
Epoch 272, cost = 1.727576, train_acc = 71.51% val_acc = 70.96%
Epoch 273, cost = 1.727411, train_acc = 71.77% val_acc = 70.94%
Epoch 274, cost = 1.730082, train_acc = 71.14% val_acc = 70.91%
Epoch 275, cost = 1.730422, train_acc = 71.56% val_acc = 70.88%
Epoch 276, cost = 1.732005, train_acc = 71.70% val_acc = 70.65%
Epoch 277, cost = 1.731538, train_acc = 71.16% val_acc = 70.25%
Epoch 278, cost = 1.733476, train_acc = 72.18% val_acc = 71.12%
Epoch 279, cost = 1.726365, train_acc = 71.90% val_acc = 71.03%
Epoch 280, cost = 1.729914, train_acc = 72.37% val_acc = 70.95%
Epoch 281, cost = 1.731747, train_acc = 71.80% val_acc = 70.54%
Epoch 282, cost = 1.730460, train_acc = 71.80% val_acc = 70.66%
Epoch 283, cost = 1.723885, train_acc = 71.39% val_acc = 71.25%
Epoch 284, cost = 1.729205, train_acc = 71.69% val_acc = 69.74%
Epoch 285, cost = 1.725428, train_acc = 71.98% val_acc = 71.16%
Epoch 286, cost = 1.729297, train_acc = 71.79% val_acc = 71.13%
Epoch 287, cost = 1.732022, train_acc = 71.71% val_acc = 70.18%
Epoch 288, cost = 1.728006, train_acc = 71.95% val_acc = 70.38%
Epoch 289, cost = 1.729584, train_acc = 71.88% val_acc = 71.28%
Epoch 290, cost = 1.728205, train_acc = 71.38% val_acc = 70.02%
Epoch 291, cost = 1.729207, train_acc = 71.74% val_acc = 71.50%
Epoch 292, cost = 1.729743, train_acc = 71.83% val_acc = 71.22%
Epoch 293, cost = 1.729905, train_acc = 71.82% val_acc = 70.43%
Epoch 294, cost = 1.727311, train_acc = 71.85% val_acc = 70.76%
Epoch 295, cost = 1.728162, train_acc = 71.37% val_acc = 70.90%
Epoch 296, cost = 1.726522, train_acc = 72.57% val_acc = 71.03%
Epoch 297, cost = 1.727991, train_acc = 71.55% val_acc = 70.20%
Epoch 298, cost = 1.730239, train_acc = 71.76% val_acc = 70.90%
Epoch 299, cost = 1.726326, train_acc = 71.81% val_acc = 70.24%
Epoch 300, cost = 1.727906, train_acc = 72.28% val_acc = 71.13%
Epoch 301, cost = 1.729313, train_acc = 71.73% val_acc = 70.94%
Epoch 302, cost = 1.731584, train_acc = 71.77% val_acc = 70.77%
Epoch 303, cost = 1.730574, train_acc = 71.68% val_acc = 69.81%
Epoch 304, cost = 1.729217, train_acc = 71.88% val_acc = 71.03%
Epoch 305, cost = 1.730270, train_acc = 71.45% val_acc = 70.74%
Epoch 306, cost = 1.724766, train_acc = 71.67% val_acc = 70.97%
Epoch 307, cost = 1.729195, train_acc = 71.80% val_acc = 71.02%
Epoch 308, cost = 1.727076, train_acc = 71.95% val_acc = 70.65%
Epoch 309, cost = 1.728008, train_acc = 71.51% val_acc = 70.83%
Epoch 310, cost = 1.725808, train_acc = 72.29% val_acc = 70.59%
Epoch 311, cost = 1.725787, train_acc = 71.56% val_acc = 69.98%
Epoch 312, cost = 1.723878, train_acc = 72.10% val_acc = 70.94%
Epoch 313, cost = 1.723707, train_acc = 72.58% val_acc = 70.31%
Epoch 314, cost = 1.732042, train_acc = 71.78% val_acc = 70.22%
Epoch 315, cost = 1.724254, train_acc = 71.67% val_acc = 70.93%
Epoch 316, cost = 1.726736, train_acc = 71.88% val_acc = 71.24%
Epoch 317, cost = 1.728601, train_acc = 71.63% val_acc = 70.83%
Epoch 318, cost = 1.730239, train_acc = 71.88% val_acc = 70.47%
Epoch 319, cost = 1.727854, train_acc = 71.57% val_acc = 70.39%
Epoch 320, cost = 1.728303, train_acc = 71.81% val_acc = 70.37%
Epoch 321, cost = 1.729312, train_acc = 72.00% val_acc = 70.11%
Epoch 322, cost = 1.728463, train_acc = 71.90% val_acc = 70.76%
Epoch 323, cost = 1.722387, train_acc = 71.67% val_acc = 70.44%
Epoch 324, cost = 1.726313, train_acc = 72.04% val_acc = 70.71%
Epoch 325, cost = 1.731993, train_acc = 72.23% val_acc = 70.57%
Epoch 326, cost = 1.731175, train_acc = 71.27% val_acc = 70.35%
Epoch 327, cost = 1.729863, train_acc = 71.84% val_acc = 70.39%
Epoch 328, cost = 1.730458, train_acc = 71.84% val_acc = 70.98%
Epoch 329, cost = 1.728199, train_acc = 71.57% val_acc = 71.38%
Epoch 330, cost = 1.724428, train_acc = 71.33% val_acc = 70.86%
Epoch 331, cost = 1.724470, train_acc = 72.29% val_acc = 71.32%
Epoch 332, cost = 1.727185, train_acc = 71.46% val_acc = 71.01%
Epoch 333, cost = 1.728463, train_acc = 71.93% val_acc = 71.52%
Epoch 334, cost = 1.727454, train_acc = 72.16% val_acc = 70.01%
Epoch 335, cost = 1.725962, train_acc = 71.47% val_acc = 71.39%
Epoch 336, cost = 1.724038, train_acc = 71.63% val_acc = 70.27%
Epoch 337, cost = 1.725598, train_acc = 71.53% val_acc = 70.68%
Epoch 338, cost = 1.728852, train_acc = 72.13% val_acc = 70.93%
Epoch 339, cost = 1.730573, train_acc = 71.25% val_acc = 70.57%
Epoch 340, cost = 1.729879, train_acc = 71.82% val_acc = 69.90%
Epoch 341, cost = 1.723979, train_acc = 71.70% val_acc = 70.57%
Epoch 342, cost = 1.725740, train_acc = 71.54% val_acc = 70.86%
Epoch 343, cost = 1.729371, train_acc = 71.53% val_acc = 70.40%
Epoch 344, cost = 1.730705, train_acc = 71.84% val_acc = 71.33%
Epoch 345, cost = 1.729756, train_acc = 71.98% val_acc = 70.82%
Epoch 346, cost = 1.724796, train_acc = 71.65% val_acc = 70.66%
Epoch 347, cost = 1.728079, train_acc = 72.09% val_acc = 70.39%
Epoch 348, cost = 1.726765, train_acc = 71.56% val_acc = 70.72%
Epoch 349, cost = 1.728376, train_acc = 71.70% val_acc = 70.80%
Epoch 350, cost = 1.725043, train_acc = 72.12% val_acc = 71.36%
Epoch 351, cost = 1.728421, train_acc = 71.64% val_acc = 70.53%
Epoch 352, cost = 1.722679, train_acc = 71.87% val_acc = 71.08%
Epoch 353, cost = 1.728378, train_acc = 71.76% val_acc = 70.98%
Epoch 354, cost = 1.728792, train_acc = 71.83% val_acc = 70.82%
Epoch 355, cost = 1.731506, train_acc = 71.95% val_acc = 70.53%
Epoch 356, cost = 1.728351, train_acc = 72.18% val_acc = 71.26%
Epoch 357, cost = 1.727470, train_acc = 71.77% val_acc = 70.81%
Epoch 358, cost = 1.728473, train_acc = 71.98% val_acc = 71.18%
Epoch 359, cost = 1.725832, train_acc = 72.07% val_acc = 71.01%
Epoch 360, cost = 1.725592, train_acc = 71.65% val_acc = 71.22%
Epoch 361, cost = 1.725819, train_acc = 71.66% val_acc = 70.98%
Epoch 362, cost = 1.728098, train_acc = 71.71% val_acc = 70.89%
Epoch 363, cost = 1.725602, train_acc = 71.83% val_acc = 69.80%
Epoch 364, cost = 1.721341, train_acc = 72.01% val_acc = 71.49%
Epoch 365, cost = 1.730573, train_acc = 72.01% val_acc = 70.38%
Epoch 366, cost = 1.727269, train_acc = 72.47% val_acc = 70.86%
Epoch 367, cost = 1.722404, train_acc = 71.95% val_acc = 70.53%
Epoch 368, cost = 1.725514, train_acc = 71.83% val_acc = 70.42%
Epoch 369, cost = 1.729959, train_acc = 72.13% val_acc = 70.84%
Epoch 370, cost = 1.728842, train_acc = 72.00% val_acc = 70.71%
Epoch 371, cost = 1.730199, train_acc = 71.81% val_acc = 71.15%
Epoch 372, cost = 1.727752, train_acc = 71.36% val_acc = 69.93%
Epoch 373, cost = 1.728302, train_acc = 72.11% val_acc = 70.35%
Epoch 374, cost = 1.726732, train_acc = 72.02% val_acc = 72.23%
Epoch 375, cost = 1.727527, train_acc = 72.28% val_acc = 70.73%
Epoch 376, cost = 1.726168, train_acc = 72.36% val_acc = 71.18%
Epoch 377, cost = 1.726623, train_acc = 71.64% val_acc = 70.44%
Epoch 378, cost = 1.729309, train_acc = 72.17% val_acc = 70.63%
Epoch 379, cost = 1.728879, train_acc = 71.45% val_acc = 70.57%
Epoch 380, cost = 1.726047, train_acc = 71.67% val_acc = 70.62%
Epoch 381, cost = 1.725655, train_acc = 71.80% val_acc = 70.75%
Epoch 382, cost = 1.725928, train_acc = 72.27% val_acc = 70.94%
Epoch 383, cost = 1.724293, train_acc = 71.95% val_acc = 70.32%
Epoch 384, cost = 1.726745, train_acc = 71.94% val_acc = 70.62%
Epoch 385, cost = 1.727454, train_acc = 71.58% val_acc = 71.39%
Epoch 386, cost = 1.725398, train_acc = 72.26% val_acc = 71.02%
Epoch 387, cost = 1.726168, train_acc = 71.81% val_acc = 70.89%
Epoch 388, cost = 1.729056, train_acc = 72.16% val_acc = 70.39%
Epoch 389, cost = 1.728750, train_acc = 72.32% val_acc = 70.76%
Epoch 390, cost = 1.724383, train_acc = 71.97% val_acc = 71.68%
Epoch 391, cost = 1.722309, train_acc = 71.80% val_acc = 70.54%
Epoch 392, cost = 1.726207, train_acc = 71.89% val_acc = 71.18%
Epoch 393, cost = 1.726680, train_acc = 71.81% val_acc = 70.79%
Epoch 394, cost = 1.724153, train_acc = 71.68% val_acc = 70.22%
Epoch 395, cost = 1.731239, train_acc = 71.94% val_acc = 70.55%
Epoch 396, cost = 1.723014, train_acc = 71.80% val_acc = 71.18%
Epoch 397, cost = 1.729163, train_acc = 72.44% val_acc = 71.07%
Epoch 398, cost = 1.726103, train_acc = 71.97% val_acc = 70.24%
Epoch 399, cost = 1.721875, train_acc = 72.06% val_acc = 71.02%
Epoch 400, cost = 1.728508, train_acc = 72.32% val_acc = 70.44%
Epoch 401, cost = 1.724058, train_acc = 72.25% val_acc = 70.99%
Epoch 402, cost = 1.725640, train_acc = 72.56% val_acc = 71.11%
Epoch 403, cost = 1.721388, train_acc = 72.01% val_acc = 70.99%
Epoch 404, cost = 1.725093, train_acc = 72.31% val_acc = 71.46%
Epoch 405, cost = 1.725746, train_acc = 72.16% val_acc = 71.18%
Epoch 406, cost = 1.726073, train_acc = 72.04% val_acc = 71.81%
Epoch 407, cost = 1.732400, train_acc = 71.71% val_acc = 70.54%
Epoch 408, cost = 1.728170, train_acc = 72.31% val_acc = 71.23%
Epoch 409, cost = 1.725729, train_acc = 71.78% val_acc = 70.86%
Epoch 410, cost = 1.725349, train_acc = 71.71% val_acc = 70.92%
Epoch 411, cost = 1.726341, train_acc = 72.06% val_acc = 70.54%
Epoch 412, cost = 1.729516, train_acc = 72.00% val_acc = 71.05%
Epoch 413, cost = 1.724252, train_acc = 71.75% val_acc = 71.09%
Epoch 414, cost = 1.723813, train_acc = 72.12% val_acc = 70.82%
Epoch 415, cost = 1.719794, train_acc = 71.79% val_acc = 70.91%
Epoch 416, cost = 1.727922, train_acc = 71.69% val_acc = 71.27%
Epoch 417, cost = 1.728131, train_acc = 72.40% val_acc = 70.55%
Epoch 418, cost = 1.726554, train_acc = 71.87% val_acc = 70.72%
Epoch 419, cost = 1.728961, train_acc = 72.17% val_acc = 70.69%
Epoch 420, cost = 1.727958, train_acc = 72.19% val_acc = 70.39%
Epoch 421, cost = 1.726861, train_acc = 72.25% val_acc = 70.29%
Epoch 422, cost = 1.722279, train_acc = 72.00% val_acc = 71.33%
Epoch 423, cost = 1.729320, train_acc = 71.82% val_acc = 71.24%
Epoch 424, cost = 1.726955, train_acc = 72.07% val_acc = 69.80%
Epoch 425, cost = 1.725667, train_acc = 72.45% val_acc = 71.30%
Epoch 426, cost = 1.730003, train_acc = 71.98% val_acc = 70.82%
Epoch 427, cost = 1.725320, train_acc = 71.83% val_acc = 70.65%
Epoch 428, cost = 1.728431, train_acc = 72.13% val_acc = 71.00%
Epoch 429, cost = 1.724361, train_acc = 72.04% val_acc = 71.76%
Epoch 430, cost = 1.724263, train_acc = 71.82% val_acc = 71.78%
Epoch 431, cost = 1.724112, train_acc = 71.36% val_acc = 71.21%
Epoch 432, cost = 1.725607, train_acc = 71.77% val_acc = 70.11%
Epoch 433, cost = 1.724614, train_acc = 71.96% val_acc = 70.85%
Epoch 434, cost = 1.724976, train_acc = 71.89% val_acc = 71.50%
Epoch 435, cost = 1.721297, train_acc = 72.13% val_acc = 70.17%
Epoch 436, cost = 1.726179, train_acc = 71.68% val_acc = 70.09%
Epoch 437, cost = 1.722450, train_acc = 72.31% val_acc = 70.85%
Epoch 438, cost = 1.726948, train_acc = 72.37% val_acc = 71.45%
Epoch 439, cost = 1.726982, train_acc = 71.79% val_acc = 70.36%
Epoch 440, cost = 1.724852, train_acc = 71.82% val_acc = 71.06%
Epoch 441, cost = 1.725962, train_acc = 72.49% val_acc = 71.09%
Epoch 442, cost = 1.722252, train_acc = 72.28% val_acc = 70.96%
Epoch 443, cost = 1.727222, train_acc = 72.13% val_acc = 71.05%
Epoch 444, cost = 1.725675, train_acc = 71.95% val_acc = 70.71%
Epoch 445, cost = 1.722943, train_acc = 72.13% val_acc = 71.85%
Epoch 446, cost = 1.727338, train_acc = 72.36% val_acc = 71.13%
Epoch 447, cost = 1.724563, train_acc = 72.00% val_acc = 70.79%
Epoch 448, cost = 1.725684, train_acc = 72.02% val_acc = 71.35%
Epoch 449, cost = 1.731254, train_acc = 71.70% val_acc = 70.38%
Epoch 450, cost = 1.723436, train_acc = 72.16% val_acc = 71.21%
Epoch 451, cost = 1.725488, train_acc = 71.94% val_acc = 70.70%
Epoch 452, cost = 1.725148, train_acc = 72.15% val_acc = 70.93%
Epoch 453, cost = 1.724409, train_acc = 72.23% val_acc = 70.14%
Epoch 454, cost = 1.725109, train_acc = 71.94% val_acc = 70.61%
Epoch 455, cost = 1.726145, train_acc = 72.22% val_acc = 71.85%
Epoch 456, cost = 1.728041, train_acc = 72.06% val_acc = 71.19%
Epoch 457, cost = 1.726723, train_acc = 71.85% val_acc = 71.70%
Epoch 458, cost = 1.729128, train_acc = 71.90% val_acc = 70.69%
Epoch 459, cost = 1.724187, train_acc = 71.84% val_acc = 70.46%
Epoch 460, cost = 1.725640, train_acc = 72.37% val_acc = 71.05%
Epoch 461, cost = 1.723553, train_acc = 72.34% val_acc = 71.34%
Epoch 462, cost = 1.725511, train_acc = 72.26% val_acc = 71.26%
Epoch 463, cost = 1.719394, train_acc = 71.72% val_acc = 71.46%
Epoch 464, cost = 1.726501, train_acc = 72.08% val_acc = 70.79%
Epoch 465, cost = 1.726014, train_acc = 72.39% val_acc = 71.34%
Epoch 466, cost = 1.728369, train_acc = 72.20% val_acc = 70.50%
Epoch 467, cost = 1.729118, train_acc = 72.16% val_acc = 70.63%
Epoch 468, cost = 1.727794, train_acc = 72.17% val_acc = 71.27%
Epoch 469, cost = 1.729380, train_acc = 71.94% val_acc = 71.06%
Epoch 470, cost = 1.724059, train_acc = 72.21% val_acc = 71.13%
Epoch 471, cost = 1.725904, train_acc = 71.99% val_acc = 70.88%
Epoch 472, cost = 1.720396, train_acc = 72.15% val_acc = 70.12%
Epoch 473, cost = 1.727677, train_acc = 71.96% val_acc = 70.52%
Epoch 474, cost = 1.725511, train_acc = 72.45% val_acc = 70.56%
Epoch 475, cost = 1.724510, train_acc = 72.38% val_acc = 71.14%
Epoch 476, cost = 1.722285, train_acc = 72.22% val_acc = 70.44%
Epoch 477, cost = 1.725800, train_acc = 72.25% val_acc = 70.86%
Epoch 478, cost = 1.724900, train_acc = 72.78% val_acc = 70.76%
Epoch 479, cost = 1.722303, train_acc = 72.60% val_acc = 71.45%
Epoch 480, cost = 1.724897, train_acc = 71.81% val_acc = 71.38%
Epoch 481, cost = 1.724703, train_acc = 72.17% val_acc = 71.09%
Epoch 482, cost = 1.728682, train_acc = 72.08% val_acc = 70.87%
Epoch 483, cost = 1.728292, train_acc = 71.78% val_acc = 70.87%
Epoch 484, cost = 1.723673, train_acc = 72.21% val_acc = 70.47%
Epoch 485, cost = 1.722285, train_acc = 71.92% val_acc = 71.15%
Epoch 486, cost = 1.722778, train_acc = 72.37% val_acc = 70.76%
Epoch 487, cost = 1.724810, train_acc = 71.77% val_acc = 70.67%
Epoch 488, cost = 1.725128, train_acc = 72.57% val_acc = 70.71%
Epoch 489, cost = 1.724829, train_acc = 71.71% val_acc = 70.72%
Epoch 490, cost = 1.725504, train_acc = 72.37% val_acc = 70.79%
Epoch 491, cost = 1.727546, train_acc = 71.88% val_acc = 71.25%
Epoch 492, cost = 1.728631, train_acc = 72.28% val_acc = 71.35%
Epoch 493, cost = 1.728786, train_acc = 72.18% val_acc = 70.29%
Epoch 494, cost = 1.726624, train_acc = 72.29% val_acc = 70.89%
Epoch 495, cost = 1.722691, train_acc = 72.11% val_acc = 70.35%
Epoch 496, cost = 1.725039, train_acc = 72.37% val_acc = 70.96%
Epoch 497, cost = 1.730597, train_acc = 71.96% val_acc = 70.82%
Epoch 498, cost = 1.728114, train_acc = 72.05% val_acc = 71.00%
Epoch 499, cost = 1.718529, train_acc = 72.06% val_acc = 70.45%
Epoch 500, cost = 1.724630, train_acc = 72.53% val_acc = 71.16%
Epoch 501, cost = 1.723188, train_acc = 71.99% val_acc = 71.08%
Epoch 502, cost = 1.721831, train_acc = 72.18% val_acc = 70.98%
Epoch 503, cost = 1.724435, train_acc = 71.99% val_acc = 70.39%
Epoch 504, cost = 1.721389, train_acc = 71.99% val_acc = 70.15%
Epoch 505, cost = 1.724280, train_acc = 72.50% val_acc = 71.65%
Epoch 506, cost = 1.724552, train_acc = 72.10% val_acc = 71.23%
Epoch 507, cost = 1.721733, train_acc = 71.69% val_acc = 70.79%
Epoch 508, cost = 1.723304, train_acc = 72.10% val_acc = 70.91%
Epoch 509, cost = 1.720727, train_acc = 72.08% val_acc = 70.71%
Epoch 510, cost = 1.723531, train_acc = 71.88% val_acc = 70.98%
Epoch 511, cost = 1.726949, train_acc = 72.03% val_acc = 70.77%
Epoch 512, cost = 1.727237, train_acc = 71.79% val_acc = 70.57%
Epoch 513, cost = 1.727598, train_acc = 72.06% val_acc = 71.68%
Epoch 514, cost = 1.725501, train_acc = 71.62% val_acc = 70.47%
Epoch 515, cost = 1.725900, train_acc = 71.85% val_acc = 70.31%
Epoch 516, cost = 1.728632, train_acc = 71.70% val_acc = 69.92%
Epoch 517, cost = 1.725629, train_acc = 72.43% val_acc = 71.37%
Epoch 518, cost = 1.723134, train_acc = 72.17% val_acc = 70.23%
Epoch 519, cost = 1.720180, train_acc = 72.48% val_acc = 71.52%
Epoch 520, cost = 1.724229, train_acc = 71.86% val_acc = 70.63%
Epoch 521, cost = 1.725083, train_acc = 72.17% val_acc = 71.61%
Epoch 522, cost = 1.725591, train_acc = 72.32% val_acc = 71.18%
Epoch 523, cost = 1.723076, train_acc = 72.47% val_acc = 71.06%
Epoch 524, cost = 1.720737, train_acc = 71.89% val_acc = 70.52%
Epoch 525, cost = 1.726938, train_acc = 72.27% val_acc = 70.19%
Epoch 526, cost = 1.727171, train_acc = 72.24% val_acc = 71.45%
Epoch 527, cost = 1.723861, train_acc = 72.20% val_acc = 71.34%
Epoch 528, cost = 1.718428, train_acc = 72.68% val_acc = 71.39%
Epoch 529, cost = 1.725617, train_acc = 71.84% val_acc = 71.13%
Epoch 530, cost = 1.725667, train_acc = 72.28% val_acc = 71.30%
Epoch 531, cost = 1.725194, train_acc = 71.96% val_acc = 70.97%
Epoch 532, cost = 1.727100, train_acc = 72.14% val_acc = 71.50%
Epoch 533, cost = 1.729284, train_acc = 72.26% val_acc = 71.15%
Epoch 534, cost = 1.721723, train_acc = 71.91% val_acc = 71.48%
Epoch 535, cost = 1.719779, train_acc = 72.13% val_acc = 70.71%
Epoch 536, cost = 1.722408, train_acc = 72.26% val_acc = 71.37%
Epoch 537, cost = 1.723856, train_acc = 72.53% val_acc = 70.52%
Epoch 538, cost = 1.721559, train_acc = 72.38% val_acc = 71.21%
Epoch 539, cost = 1.725642, train_acc = 72.43% val_acc = 71.40%
Epoch 540, cost = 1.723922, train_acc = 72.07% val_acc = 70.96%
Epoch 541, cost = 1.723800, train_acc = 72.52% val_acc = 71.46%
Epoch 542, cost = 1.725760, train_acc = 72.20% val_acc = 70.56%
Epoch 543, cost = 1.724810, train_acc = 72.77% val_acc = 70.79%
Epoch 544, cost = 1.726294, train_acc = 71.94% val_acc = 71.23%
Epoch 545, cost = 1.730203, train_acc = 71.92% val_acc = 70.06%
Epoch 546, cost = 1.726053, train_acc = 72.50% val_acc = 71.28%
Epoch 547, cost = 1.721831, train_acc = 72.26% val_acc = 70.35%
Epoch 548, cost = 1.719336, train_acc = 72.23% val_acc = 70.94%
Epoch 549, cost = 1.726726, train_acc = 72.15% val_acc = 71.15%
Epoch 550, cost = 1.725344, train_acc = 72.34% val_acc = 70.78%
Epoch 551, cost = 1.721182, train_acc = 72.30% val_acc = 70.95%
Epoch 552, cost = 1.722048, train_acc = 72.33% val_acc = 70.42%
Epoch 553, cost = 1.726655, train_acc = 72.29% val_acc = 70.90%
Epoch 554, cost = 1.724289, train_acc = 72.49% val_acc = 71.61%
Epoch 555, cost = 1.723283, train_acc = 72.10% val_acc = 71.07%
Epoch 556, cost = 1.723637, train_acc = 72.06% val_acc = 70.94%
Epoch 557, cost = 1.722188, train_acc = 72.16% val_acc = 70.13%
Epoch 558, cost = 1.722923, train_acc = 71.98% val_acc = 70.73%
Epoch 559, cost = 1.723918, train_acc = 71.83% val_acc = 71.12%
Epoch 560, cost = 1.728487, train_acc = 71.76% val_acc = 70.99%
Epoch 561, cost = 1.721551, train_acc = 71.96% val_acc = 71.17%
Epoch 562, cost = 1.722079, train_acc = 71.29% val_acc = 70.40%
Epoch 563, cost = 1.727123, train_acc = 72.53% val_acc = 70.43%
Epoch 564, cost = 1.722813, train_acc = 72.30% val_acc = 70.73%
Epoch 565, cost = 1.723145, train_acc = 71.53% val_acc = 71.35%
Epoch 566, cost = 1.725588, train_acc = 71.94% val_acc = 70.86%
Epoch 567, cost = 1.719973, train_acc = 72.23% val_acc = 70.79%
Epoch 568, cost = 1.727925, train_acc = 72.47% val_acc = 70.79%
Epoch 569, cost = 1.723291, train_acc = 71.81% val_acc = 71.00%
Epoch 570, cost = 1.725121, train_acc = 72.31% val_acc = 71.33%
Epoch 571, cost = 1.726969, train_acc = 72.29% val_acc = 70.75%
Epoch 572, cost = 1.720951, train_acc = 72.25% val_acc = 70.94%
Epoch 573, cost = 1.722566, train_acc = 72.50% val_acc = 70.37%
Epoch 574, cost = 1.726180, train_acc = 71.82% val_acc = 70.71%
Epoch 575, cost = 1.723318, train_acc = 71.80% val_acc = 71.10%
Epoch 576, cost = 1.721690, train_acc = 72.02% val_acc = 70.90%
Epoch 577, cost = 1.725913, train_acc = 72.13% val_acc = 71.27%
Epoch 578, cost = 1.723213, train_acc = 72.39% val_acc = 70.93%
Epoch 579, cost = 1.722071, train_acc = 71.86% val_acc = 70.64%
Epoch 580, cost = 1.723049, train_acc = 72.60% val_acc = 70.51%
Epoch 581, cost = 1.724386, train_acc = 71.66% val_acc = 71.03%
Epoch 582, cost = 1.720755, train_acc = 72.14% val_acc = 70.92%
Epoch 583, cost = 1.724809, train_acc = 71.97% val_acc = 71.04%
Epoch 584, cost = 1.726228, train_acc = 72.28% val_acc = 71.03%
Epoch 585, cost = 1.726328, train_acc = 72.76% val_acc = 70.38%
Epoch 586, cost = 1.724364, train_acc = 72.49% val_acc = 72.02%
Epoch 587, cost = 1.728106, train_acc = 72.40% val_acc = 70.42%
Epoch 588, cost = 1.721475, train_acc = 71.87% val_acc = 71.04%
Epoch 589, cost = 1.720150, train_acc = 72.04% val_acc = 71.21%
Epoch 590, cost = 1.729464, train_acc = 71.98% val_acc = 71.55%
Epoch 591, cost = 1.721070, train_acc = 72.33% val_acc = 70.06%
Epoch 592, cost = 1.721422, train_acc = 72.18% val_acc = 70.87%
Epoch 593, cost = 1.719287, train_acc = 72.12% val_acc = 70.98%
Epoch 594, cost = 1.720764, train_acc = 72.50% val_acc = 71.56%
Epoch 595, cost = 1.720472, train_acc = 72.01% val_acc = 70.70%
Epoch 596, cost = 1.723496, train_acc = 71.71% val_acc = 70.82%
Epoch 597, cost = 1.723157, train_acc = 72.38% val_acc = 70.93%
Epoch 598, cost = 1.724724, train_acc = 72.47% val_acc = 70.72%
Epoch 599, cost = 1.723918, train_acc = 72.20% val_acc = 70.78%
Epoch 600, cost = 1.720772, train_acc = 72.09% val_acc = 69.81%
Epoch 601, cost = 1.725148, train_acc = 71.93% val_acc = 71.25%
Epoch 602, cost = 1.727254, train_acc = 72.32% val_acc = 70.91%
Epoch 603, cost = 1.723029, train_acc = 72.53% val_acc = 71.34%
Epoch 604, cost = 1.722863, train_acc = 72.27% val_acc = 70.87%
Epoch 605, cost = 1.723848, train_acc = 71.80% val_acc = 70.51%
Epoch 606, cost = 1.723460, train_acc = 72.57% val_acc = 70.42%
Epoch 607, cost = 1.719389, train_acc = 71.98% val_acc = 70.27%
Epoch 608, cost = 1.728173, train_acc = 72.37% val_acc = 70.40%
Epoch 609, cost = 1.718790, train_acc = 72.23% val_acc = 70.45%
Epoch 610, cost = 1.723362, train_acc = 71.83% val_acc = 70.20%
Epoch 611, cost = 1.722520, train_acc = 72.32% val_acc = 71.15%
Epoch 612, cost = 1.726119, train_acc = 72.02% val_acc = 71.08%
Epoch 613, cost = 1.724125, train_acc = 72.36% val_acc = 70.49%
Epoch 614, cost = 1.722963, train_acc = 72.24% val_acc = 71.02%
Epoch 615, cost = 1.725804, train_acc = 72.77% val_acc = 71.12%
Epoch 616, cost = 1.723094, train_acc = 72.67% val_acc = 70.19%
Epoch 617, cost = 1.720110, train_acc = 72.52% val_acc = 70.95%
Epoch 618, cost = 1.724543, train_acc = 72.42% val_acc = 71.04%
Epoch 619, cost = 1.722892, train_acc = 72.19% val_acc = 71.26%
Epoch 620, cost = 1.724900, train_acc = 72.55% val_acc = 71.16%
Epoch 621, cost = 1.720011, train_acc = 72.14% val_acc = 69.96%
Epoch 622, cost = 1.721555, train_acc = 72.38% val_acc = 70.14%
Epoch 623, cost = 1.719769, train_acc = 72.56% val_acc = 71.31%
Epoch 624, cost = 1.725445, train_acc = 72.24% val_acc = 71.05%
Epoch 625, cost = 1.722372, train_acc = 72.41% val_acc = 70.76%
Epoch 626, cost = 1.719505, train_acc = 72.16% val_acc = 71.68%
Epoch 627, cost = 1.724298, train_acc = 71.71% val_acc = 71.29%
Epoch 628, cost = 1.728990, train_acc = 72.17% val_acc = 70.74%
Epoch 629, cost = 1.727406, train_acc = 72.19% val_acc = 70.80%
Epoch 630, cost = 1.726764, train_acc = 72.21% val_acc = 70.60%
Epoch 631, cost = 1.719511, train_acc = 72.50% val_acc = 70.61%
Epoch 632, cost = 1.725807, train_acc = 72.97% val_acc = 70.59%
Epoch 633, cost = 1.720221, train_acc = 71.97% val_acc = 71.22%
Epoch 634, cost = 1.725947, train_acc = 72.44% val_acc = 70.63%
Epoch 635, cost = 1.724184, train_acc = 71.99% val_acc = 71.87%
Epoch 636, cost = 1.724537, train_acc = 72.36% val_acc = 71.13%
Epoch 637, cost = 1.724059, train_acc = 72.74% val_acc = 70.88%
Epoch 638, cost = 1.723605, train_acc = 72.31% val_acc = 71.56%
Epoch 639, cost = 1.723604, train_acc = 72.74% val_acc = 71.49%
Epoch 640, cost = 1.721902, train_acc = 71.82% val_acc = 70.98%
Epoch 641, cost = 1.723580, train_acc = 72.03% val_acc = 71.07%
Epoch 642, cost = 1.725641, train_acc = 71.90% val_acc = 70.69%
Epoch 643, cost = 1.721075, train_acc = 72.54% val_acc = 70.19%
Epoch 644, cost = 1.721591, train_acc = 72.11% val_acc = 70.70%
Epoch 645, cost = 1.724568, train_acc = 72.52% val_acc = 71.34%
Epoch 646, cost = 1.721357, train_acc = 72.04% val_acc = 71.29%
Epoch 647, cost = 1.722166, train_acc = 72.27% val_acc = 71.13%
Epoch 648, cost = 1.722166, train_acc = 72.23% val_acc = 70.89%
Epoch 649, cost = 1.721446, train_acc = 72.60% val_acc = 70.42%
Epoch 650, cost = 1.721178, train_acc = 72.10% val_acc = 70.70%
Epoch 651, cost = 1.725819, train_acc = 72.46% val_acc = 70.89%
Epoch 652, cost = 1.721101, train_acc = 71.90% val_acc = 70.68%
Epoch 653, cost = 1.722367, train_acc = 72.64% val_acc = 71.86%
Epoch 654, cost = 1.723437, train_acc = 72.11% val_acc = 71.53%
Epoch 655, cost = 1.724334, train_acc = 72.64% val_acc = 71.39%
Epoch 656, cost = 1.721425, train_acc = 71.75% val_acc = 71.93%
Epoch 657, cost = 1.721813, train_acc = 71.86% val_acc = 71.29%
Epoch 658, cost = 1.722654, train_acc = 72.55% val_acc = 71.00%
Epoch 659, cost = 1.722611, train_acc = 72.22% val_acc = 71.20%
Epoch 660, cost = 1.726475, train_acc = 72.32% val_acc = 70.93%
Epoch 661, cost = 1.721896, train_acc = 72.20% val_acc = 70.98%
Epoch 662, cost = 1.724942, train_acc = 72.01% val_acc = 71.00%
Epoch 663, cost = 1.720222, train_acc = 72.56% val_acc = 70.65%
Epoch 664, cost = 1.722427, train_acc = 72.05% val_acc = 71.28%
Epoch 665, cost = 1.726362, train_acc = 72.11% val_acc = 70.40%
Epoch 666, cost = 1.725799, train_acc = 72.49% val_acc = 70.38%
Epoch 667, cost = 1.721277, train_acc = 72.41% val_acc = 70.73%
Epoch 668, cost = 1.725710, train_acc = 72.50% val_acc = 71.11%
Epoch 669, cost = 1.723509, train_acc = 72.03% val_acc = 71.62%
Epoch 670, cost = 1.723943, train_acc = 72.52% val_acc = 71.76%
Epoch 671, cost = 1.722145, train_acc = 72.16% val_acc = 71.03%
Epoch 672, cost = 1.722066, train_acc = 72.11% val_acc = 71.59%
Epoch 673, cost = 1.726386, train_acc = 72.33% val_acc = 71.35%
Epoch 674, cost = 1.726645, train_acc = 72.60% val_acc = 70.27%
Epoch 675, cost = 1.726376, train_acc = 72.22% val_acc = 70.27%
Epoch 676, cost = 1.727284, train_acc = 72.43% val_acc = 71.55%
Epoch 677, cost = 1.721871, train_acc = 72.40% val_acc = 70.26%
Epoch 678, cost = 1.720091, train_acc = 72.28% val_acc = 71.32%
Epoch 679, cost = 1.721997, train_acc = 72.26% val_acc = 70.38%
Epoch 680, cost = 1.721926, train_acc = 72.45% val_acc = 71.05%
Epoch 681, cost = 1.723547, train_acc = 72.66% val_acc = 70.79%
Epoch 682, cost = 1.722136, train_acc = 72.35% val_acc = 71.32%
Epoch 683, cost = 1.719213, train_acc = 72.15% val_acc = 70.86%
Epoch 684, cost = 1.722634, train_acc = 72.11% val_acc = 71.44%
Epoch 685, cost = 1.726963, train_acc = 72.10% val_acc = 70.47%
Epoch 686, cost = 1.724469, train_acc = 72.13% val_acc = 70.78%
Epoch 687, cost = 1.726304, train_acc = 72.05% val_acc = 71.63%
Epoch 688, cost = 1.718546, train_acc = 72.30% val_acc = 70.59%
Epoch 689, cost = 1.724765, train_acc = 72.32% val_acc = 71.48%
Epoch 690, cost = 1.719762, train_acc = 72.11% val_acc = 71.21%
Epoch 691, cost = 1.721866, train_acc = 72.46% val_acc = 70.76%
Epoch 692, cost = 1.726559, train_acc = 72.65% val_acc = 70.18%
Epoch 693, cost = 1.722690, train_acc = 72.62% val_acc = 71.60%
Epoch 694, cost = 1.722460, train_acc = 72.28% val_acc = 70.58%
Epoch 695, cost = 1.725378, train_acc = 72.30% val_acc = 70.79%
Epoch 696, cost = 1.724042, train_acc = 72.10% val_acc = 71.70%
Epoch 697, cost = 1.724446, train_acc = 72.56% val_acc = 70.86%
Epoch 698, cost = 1.726273, train_acc = 72.27% val_acc = 71.18%
Epoch 699, cost = 1.722031, train_acc = 72.13% val_acc = 70.59%
Epoch 700, cost = 1.723967, train_acc = 72.40% val_acc = 71.58%
Epoch 701, cost = 1.724241, train_acc = 72.60% val_acc = 70.86%
Epoch 702, cost = 1.724589, train_acc = 72.14% val_acc = 71.36%
Epoch 703, cost = 1.718266, train_acc = 72.48% val_acc = 69.98%
Epoch 704, cost = 1.718462, train_acc = 72.54% val_acc = 71.08%
Epoch 705, cost = 1.722538, train_acc = 72.42% val_acc = 70.51%
Epoch 706, cost = 1.722908, train_acc = 72.39% val_acc = 70.74%
Epoch 707, cost = 1.721989, train_acc = 71.97% val_acc = 70.74%
Epoch 708, cost = 1.721818, train_acc = 72.46% val_acc = 70.79%
Epoch 709, cost = 1.721994, train_acc = 72.69% val_acc = 70.85%
Epoch 710, cost = 1.722315, train_acc = 71.74% val_acc = 70.59%
Epoch 711, cost = 1.724339, train_acc = 72.42% val_acc = 70.93%
Epoch 712, cost = 1.720533, train_acc = 71.71% val_acc = 70.06%
Epoch 713, cost = 1.721322, train_acc = 72.41% val_acc = 70.59%
Epoch 714, cost = 1.724003, train_acc = 72.11% val_acc = 71.17%
Epoch 715, cost = 1.725748, train_acc = 72.20% val_acc = 70.74%
Epoch 716, cost = 1.724828, train_acc = 72.09% val_acc = 71.11%
Epoch 717, cost = 1.720344, train_acc = 72.17% val_acc = 71.78%
Epoch 718, cost = 1.723780, train_acc = 71.86% val_acc = 71.37%
Epoch 719, cost = 1.723101, train_acc = 72.09% val_acc = 71.34%
Epoch 720, cost = 1.721212, train_acc = 72.32% val_acc = 70.74%
Epoch 721, cost = 1.721830, train_acc = 72.27% val_acc = 71.32%
Epoch 722, cost = 1.721074, train_acc = 72.40% val_acc = 71.28%
Epoch 723, cost = 1.720169, train_acc = 72.46% val_acc = 70.22%
Epoch 724, cost = 1.719031, train_acc = 72.20% val_acc = 71.01%
Epoch 725, cost = 1.723437, train_acc = 71.74% val_acc = 70.51%
Epoch 726, cost = 1.718797, train_acc = 72.43% val_acc = 70.59%
Epoch 727, cost = 1.725944, train_acc = 72.17% val_acc = 71.63%
Epoch 728, cost = 1.725560, train_acc = 72.54% val_acc = 71.31%
Epoch 729, cost = 1.721683, train_acc = 72.06% val_acc = 71.61%
Epoch 730, cost = 1.720980, train_acc = 72.40% val_acc = 70.77%
Epoch 731, cost = 1.721559, train_acc = 72.08% val_acc = 70.61%
Epoch 732, cost = 1.726284, train_acc = 72.23% val_acc = 70.45%
Epoch 733, cost = 1.723154, train_acc = 72.56% val_acc = 70.70%
Epoch 734, cost = 1.722742, train_acc = 72.57% val_acc = 70.59%
Epoch 735, cost = 1.724573, train_acc = 71.90% val_acc = 71.08%
Epoch 736, cost = 1.718363, train_acc = 72.62% val_acc = 70.83%
Epoch 737, cost = 1.723793, train_acc = 72.08% val_acc = 70.89%
Epoch 738, cost = 1.725043, train_acc = 72.59% val_acc = 69.91%
Epoch 739, cost = 1.725275, train_acc = 72.14% val_acc = 70.72%
Epoch 740, cost = 1.721798, train_acc = 72.19% val_acc = 71.03%
Epoch 741, cost = 1.720283, train_acc = 72.62% val_acc = 70.52%
Epoch 742, cost = 1.719929, train_acc = 71.83% val_acc = 70.02%
Epoch 743, cost = 1.722413, train_acc = 72.54% val_acc = 71.23%
Epoch 744, cost = 1.721945, train_acc = 72.36% val_acc = 70.41%
Epoch 745, cost = 1.725166, train_acc = 72.25% val_acc = 70.85%
Epoch 746, cost = 1.723933, train_acc = 72.19% val_acc = 70.80%
Epoch 747, cost = 1.725408, train_acc = 72.59% val_acc = 70.88%
Epoch 748, cost = 1.722817, train_acc = 72.48% val_acc = 70.52%
Epoch 749, cost = 1.724216, train_acc = 72.39% val_acc = 71.09%
Epoch 750, cost = 1.722371, train_acc = 72.33% val_acc = 71.27%
Epoch 751, cost = 1.721335, train_acc = 72.43% val_acc = 71.05%
Epoch 752, cost = 1.720297, train_acc = 72.66% val_acc = 70.58%
Epoch 753, cost = 1.717262, train_acc = 71.69% val_acc = 70.53%
Epoch 754, cost = 1.720870, train_acc = 71.32% val_acc = 71.06%
Epoch 755, cost = 1.722079, train_acc = 72.30% val_acc = 70.33%
Epoch 756, cost = 1.723110, train_acc = 72.20% val_acc = 70.99%
Epoch 757, cost = 1.721686, train_acc = 72.19% val_acc = 70.86%
Epoch 758, cost = 1.723528, train_acc = 72.06% val_acc = 70.63%
Epoch 759, cost = 1.722502, train_acc = 72.51% val_acc = 70.77%
Epoch 760, cost = 1.721048, train_acc = 72.11% val_acc = 70.76%
Epoch 761, cost = 1.720097, train_acc = 72.15% val_acc = 70.37%
Epoch 762, cost = 1.719989, train_acc = 72.03% val_acc = 71.24%
Epoch 763, cost = 1.721773, train_acc = 72.19% val_acc = 71.15%
Epoch 764, cost = 1.721176, train_acc = 72.52% val_acc = 70.22%
Epoch 765, cost = 1.715124, train_acc = 72.51% val_acc = 71.37%
Epoch 766, cost = 1.722262, train_acc = 72.65% val_acc = 70.86%
Epoch 767, cost = 1.724163, train_acc = 73.02% val_acc = 70.55%
Epoch 768, cost = 1.720975, train_acc = 72.12% val_acc = 70.63%
Epoch 769, cost = 1.720033, train_acc = 72.39% val_acc = 71.29%
Epoch 770, cost = 1.725243, train_acc = 72.72% val_acc = 70.60%
Epoch 771, cost = 1.726600, train_acc = 72.37% val_acc = 69.97%
Epoch 772, cost = 1.718609, train_acc = 72.45% val_acc = 70.59%
Epoch 773, cost = 1.726048, train_acc = 72.40% val_acc = 70.81%
Epoch 774, cost = 1.719221, train_acc = 72.12% val_acc = 71.42%
Epoch 775, cost = 1.721540, train_acc = 72.44% val_acc = 70.55%
Epoch 776, cost = 1.723514, train_acc = 72.25% val_acc = 70.96%
Epoch 777, cost = 1.724600, train_acc = 72.51% val_acc = 71.30%
Epoch 778, cost = 1.721696, train_acc = 72.45% val_acc = 70.50%
Epoch 779, cost = 1.726237, train_acc = 72.11% val_acc = 70.94%
Epoch 780, cost = 1.724158, train_acc = 72.13% val_acc = 71.08%
Epoch 781, cost = 1.719941, train_acc = 72.34% val_acc = 71.28%
Epoch 782, cost = 1.724509, train_acc = 72.72% val_acc = 71.37%
Epoch 783, cost = 1.721396, train_acc = 72.33% val_acc = 71.01%
Epoch 784, cost = 1.722059, train_acc = 72.55% val_acc = 70.61%
Epoch 785, cost = 1.725041, train_acc = 72.70% val_acc = 70.72%
Epoch 786, cost = 1.722437, train_acc = 72.17% val_acc = 71.08%
Epoch 787, cost = 1.723443, train_acc = 71.81% val_acc = 70.55%
Epoch 788, cost = 1.721308, train_acc = 72.18% val_acc = 70.72%
Epoch 789, cost = 1.720460, train_acc = 72.38% val_acc = 70.60%
Epoch 790, cost = 1.720102, train_acc = 72.28% val_acc = 70.60%
Epoch 791, cost = 1.721513, train_acc = 72.10% val_acc = 70.58%
Epoch 792, cost = 1.724090, train_acc = 72.13% val_acc = 70.78%
Epoch 793, cost = 1.723520, train_acc = 71.53% val_acc = 71.34%
Epoch 794, cost = 1.720510, train_acc = 72.15% val_acc = 70.46%
Epoch 795, cost = 1.721413, train_acc = 72.14% val_acc = 71.49%
Epoch 796, cost = 1.719850, train_acc = 72.79% val_acc = 70.07%
Epoch 797, cost = 1.721521, train_acc = 72.38% val_acc = 70.75%
Epoch 798, cost = 1.719693, train_acc = 72.66% val_acc = 71.58%
Epoch 799, cost = 1.722061, train_acc = 72.39% val_acc = 71.17%
Epoch 800, cost = 1.723057, train_acc = 72.74% val_acc = 71.41%
Epoch 801, cost = 1.721388, train_acc = 72.25% val_acc = 71.62%
Epoch 802, cost = 1.727690, train_acc = 71.98% val_acc = 69.98%
Epoch 803, cost = 1.720729, train_acc = 72.42% val_acc = 71.38%
Epoch 804, cost = 1.718655, train_acc = 72.63% val_acc = 71.05%
Epoch 805, cost = 1.721567, train_acc = 71.99% val_acc = 71.44%
Epoch 806, cost = 1.723739, train_acc = 72.11% val_acc = 71.39%
Epoch 807, cost = 1.723644, train_acc = 71.83% val_acc = 71.34%
Epoch 808, cost = 1.716493, train_acc = 72.16% val_acc = 70.12%
Epoch 809, cost = 1.720645, train_acc = 72.54% val_acc = 70.76%
Epoch 810, cost = 1.722354, train_acc = 72.41% val_acc = 69.90%
Epoch 811, cost = 1.719331, train_acc = 72.11% val_acc = 70.92%
Epoch 812, cost = 1.721830, train_acc = 72.56% val_acc = 70.34%
Epoch 813, cost = 1.724330, train_acc = 72.17% val_acc = 70.76%
Epoch 814, cost = 1.723280, train_acc = 72.61% val_acc = 71.37%
Epoch 815, cost = 1.725831, train_acc = 72.13% val_acc = 70.94%
Epoch 816, cost = 1.721221, train_acc = 72.72% val_acc = 71.44%
Epoch 817, cost = 1.722452, train_acc = 72.60% val_acc = 70.85%
Epoch 818, cost = 1.719354, train_acc = 72.46% val_acc = 70.52%
Epoch 819, cost = 1.725978, train_acc = 72.82% val_acc = 71.67%
Epoch 820, cost = 1.723973, train_acc = 72.51% val_acc = 70.81%
Epoch 821, cost = 1.720923, train_acc = 72.49% val_acc = 71.11%
Epoch 822, cost = 1.726078, train_acc = 72.86% val_acc = 70.83%
Epoch 823, cost = 1.721803, train_acc = 72.33% val_acc = 70.74%
Epoch 824, cost = 1.720914, train_acc = 72.59% val_acc = 70.95%
Epoch 825, cost = 1.723233, train_acc = 72.27% val_acc = 72.24%
Epoch 826, cost = 1.723697, train_acc = 72.21% val_acc = 71.40%
Epoch 827, cost = 1.721831, train_acc = 72.31% val_acc = 70.56%
Epoch 828, cost = 1.719255, train_acc = 72.52% val_acc = 70.28%
Epoch 829, cost = 1.722596, train_acc = 72.26% val_acc = 71.11%
Epoch 830, cost = 1.723890, train_acc = 71.91% val_acc = 71.10%
Epoch 831, cost = 1.725059, train_acc = 72.59% val_acc = 70.77%
Epoch 832, cost = 1.724820, train_acc = 72.67% val_acc = 71.49%
Epoch 833, cost = 1.722364, train_acc = 72.48% val_acc = 71.15%
Epoch 834, cost = 1.721319, train_acc = 72.27% val_acc = 70.63%
Epoch 835, cost = 1.717931, train_acc = 72.21% val_acc = 71.38%
Epoch 836, cost = 1.719288, train_acc = 72.05% val_acc = 71.48%
Epoch 837, cost = 1.722039, train_acc = 72.21% val_acc = 71.60%
Epoch 838, cost = 1.715715, train_acc = 72.09% val_acc = 70.53%
Epoch 839, cost = 1.720291, train_acc = 72.21% val_acc = 71.08%
Epoch 840, cost = 1.722694, train_acc = 72.42% val_acc = 71.41%
Epoch 841, cost = 1.722681, train_acc = 72.37% val_acc = 70.92%
Epoch 842, cost = 1.723491, train_acc = 72.46% val_acc = 71.23%
Epoch 843, cost = 1.720059, train_acc = 72.63% val_acc = 70.31%
Epoch 844, cost = 1.724271, train_acc = 72.36% val_acc = 71.32%
Epoch 845, cost = 1.722473, train_acc = 72.66% val_acc = 70.55%
Epoch 846, cost = 1.720416, train_acc = 72.35% val_acc = 71.96%
Epoch 847, cost = 1.721936, train_acc = 72.25% val_acc = 71.32%
Epoch 848, cost = 1.719033, train_acc = 71.90% val_acc = 70.42%
Epoch 849, cost = 1.725707, train_acc = 72.64% val_acc = 71.06%
Epoch 850, cost = 1.720117, train_acc = 72.64% val_acc = 71.89%
Epoch 851, cost = 1.722545, train_acc = 71.79% val_acc = 70.34%
Epoch 852, cost = 1.721951, train_acc = 72.33% val_acc = 71.55%
Epoch 853, cost = 1.720064, train_acc = 72.33% val_acc = 71.49%
Epoch 854, cost = 1.722829, train_acc = 72.90% val_acc = 71.06%
Epoch 855, cost = 1.719719, train_acc = 72.36% val_acc = 71.22%
Epoch 856, cost = 1.719391, train_acc = 72.33% val_acc = 70.54%
Epoch 857, cost = 1.718520, train_acc = 72.66% val_acc = 70.65%
Epoch 858, cost = 1.722032, train_acc = 72.18% val_acc = 71.08%
Epoch 859, cost = 1.719494, train_acc = 72.38% val_acc = 71.06%
Epoch 860, cost = 1.721177, train_acc = 72.62% val_acc = 71.58%
Epoch 861, cost = 1.719704, train_acc = 72.17% val_acc = 70.85%
Epoch 862, cost = 1.719320, train_acc = 72.34% val_acc = 70.58%
Epoch 863, cost = 1.726658, train_acc = 72.34% val_acc = 71.44%
Epoch 864, cost = 1.727098, train_acc = 72.27% val_acc = 70.21%
Epoch 865, cost = 1.722912, train_acc = 72.04% val_acc = 71.55%
Epoch 866, cost = 1.718620, train_acc = 72.36% val_acc = 70.54%
Epoch 867, cost = 1.722044, train_acc = 72.49% val_acc = 70.06%
Epoch 868, cost = 1.720656, train_acc = 72.23% val_acc = 70.72%
Epoch 869, cost = 1.727639, train_acc = 72.62% val_acc = 71.02%
Epoch 870, cost = 1.723059, train_acc = 72.54% val_acc = 70.87%
Epoch 871, cost = 1.718937, train_acc = 72.52% val_acc = 70.45%
Epoch 872, cost = 1.719011, train_acc = 71.76% val_acc = 70.90%
Epoch 873, cost = 1.720287, train_acc = 72.39% val_acc = 70.15%
Epoch 874, cost = 1.720111, train_acc = 72.60% val_acc = 71.15%
Epoch 875, cost = 1.721903, train_acc = 72.22% val_acc = 69.77%
Epoch 876, cost = 1.726320, train_acc = 71.83% val_acc = 70.45%
Epoch 877, cost = 1.723950, train_acc = 72.56% val_acc = 71.27%
Epoch 878, cost = 1.724048, train_acc = 71.97% val_acc = 71.53%
Epoch 879, cost = 1.724172, train_acc = 72.54% val_acc = 71.34%
Epoch 880, cost = 1.717934, train_acc = 72.56% val_acc = 71.07%
Epoch 881, cost = 1.722396, train_acc = 72.12% val_acc = 70.72%
Epoch 882, cost = 1.716429, train_acc = 72.39% val_acc = 71.24%
Epoch 883, cost = 1.719483, train_acc = 72.89% val_acc = 71.64%
Epoch 884, cost = 1.718223, train_acc = 72.30% val_acc = 70.66%
Epoch 885, cost = 1.723616, train_acc = 72.59% val_acc = 70.08%
Epoch 886, cost = 1.724397, train_acc = 72.01% val_acc = 71.06%
Epoch 887, cost = 1.722018, train_acc = 72.56% val_acc = 71.12%
Epoch 888, cost = 1.721642, train_acc = 72.64% val_acc = 69.69%
Epoch 889, cost = 1.723970, train_acc = 72.45% val_acc = 70.90%
Epoch 890, cost = 1.721115, train_acc = 72.90% val_acc = 71.19%
Epoch 891, cost = 1.727585, train_acc = 71.96% val_acc = 70.93%
Epoch 892, cost = 1.722981, train_acc = 72.63% val_acc = 70.36%
Epoch 893, cost = 1.723849, train_acc = 72.86% val_acc = 71.83%
Epoch 894, cost = 1.722463, train_acc = 72.33% val_acc = 70.09%
Epoch 895, cost = 1.719811, train_acc = 72.69% val_acc = 70.89%
Epoch 896, cost = 1.721455, train_acc = 72.61% val_acc = 71.00%
Epoch 897, cost = 1.721291, train_acc = 72.12% val_acc = 71.02%
Epoch 898, cost = 1.723125, train_acc = 72.57% val_acc = 71.70%
Epoch 899, cost = 1.717448, train_acc = 72.06% val_acc = 70.12%
Epoch 900, cost = 1.721097, train_acc = 72.05% val_acc = 70.30%
Epoch 901, cost = 1.723662, train_acc = 72.11% val_acc = 70.65%
Epoch 902, cost = 1.721889, train_acc = 72.27% val_acc = 70.73%
Epoch 903, cost = 1.719049, train_acc = 72.60% val_acc = 70.85%
Epoch 904, cost = 1.720640, train_acc = 72.48% val_acc = 70.81%
Epoch 905, cost = 1.721708, train_acc = 72.62% val_acc = 70.61%
Epoch 906, cost = 1.724610, train_acc = 72.23% val_acc = 70.56%
Epoch 907, cost = 1.721149, train_acc = 72.41% val_acc = 71.54%
Epoch 908, cost = 1.725158, train_acc = 71.67% val_acc = 71.21%
Epoch 909, cost = 1.720475, train_acc = 72.68% val_acc = 70.71%
Epoch 910, cost = 1.729458, train_acc = 72.89% val_acc = 70.01%
Epoch 911, cost = 1.723410, train_acc = 72.05% val_acc = 70.94%
Epoch 912, cost = 1.720021, train_acc = 72.48% val_acc = 71.07%
Epoch 913, cost = 1.720219, train_acc = 72.47% val_acc = 70.36%
Epoch 914, cost = 1.726488, train_acc = 72.18% val_acc = 70.79%
Epoch 915, cost = 1.720909, train_acc = 72.49% val_acc = 70.82%
Epoch 916, cost = 1.725621, train_acc = 72.47% val_acc = 70.49%
Epoch 917, cost = 1.724661, train_acc = 72.18% val_acc = 71.03%
Epoch 918, cost = 1.717495, train_acc = 72.27% val_acc = 71.17%
Epoch 919, cost = 1.720456, train_acc = 72.33% val_acc = 70.90%
Epoch 920, cost = 1.719618, train_acc = 72.81% val_acc = 70.54%
Epoch 921, cost = 1.719305, train_acc = 72.62% val_acc = 70.63%
Epoch 922, cost = 1.722546, train_acc = 72.86% val_acc = 70.82%
Epoch 923, cost = 1.718983, train_acc = 72.47% val_acc = 71.24%
Epoch 924, cost = 1.722161, train_acc = 72.57% val_acc = 70.37%
Epoch 925, cost = 1.722426, train_acc = 72.28% val_acc = 70.87%
Epoch 926, cost = 1.722738, train_acc = 72.34% val_acc = 70.93%
Epoch 927, cost = 1.722658, train_acc = 72.65% val_acc = 70.38%
Epoch 928, cost = 1.721780, train_acc = 72.44% val_acc = 70.26%
Epoch 929, cost = 1.727094, train_acc = 72.20% val_acc = 70.66%
Epoch 930, cost = 1.723772, train_acc = 72.34% val_acc = 70.58%
Epoch 931, cost = 1.720563, train_acc = 72.27% val_acc = 70.49%
Epoch 932, cost = 1.725435, train_acc = 71.99% val_acc = 70.91%
Epoch 933, cost = 1.719541, train_acc = 72.53% val_acc = 71.06%
Epoch 934, cost = 1.725058, train_acc = 72.40% val_acc = 70.91%
Epoch 935, cost = 1.725217, train_acc = 72.42% val_acc = 71.20%
Epoch 936, cost = 1.720073, train_acc = 72.55% val_acc = 70.54%
Epoch 937, cost = 1.716958, train_acc = 72.63% val_acc = 70.44%
Epoch 938, cost = 1.722552, train_acc = 71.96% val_acc = 71.43%
Epoch 939, cost = 1.719518, train_acc = 72.59% val_acc = 71.32%
Epoch 940, cost = 1.723675, train_acc = 72.68% val_acc = 71.21%
Epoch 941, cost = 1.720306, train_acc = 72.57% val_acc = 70.87%
Epoch 942, cost = 1.722778, train_acc = 72.27% val_acc = 70.88%
Epoch 943, cost = 1.723475, train_acc = 72.81% val_acc = 70.78%
Epoch 944, cost = 1.722665, train_acc = 72.94% val_acc = 70.38%
Epoch 945, cost = 1.716832, train_acc = 72.54% val_acc = 71.08%
Epoch 946, cost = 1.723248, train_acc = 72.53% val_acc = 71.29%
Epoch 947, cost = 1.719233, train_acc = 72.36% val_acc = 70.39%
Epoch 948, cost = 1.722953, train_acc = 72.26% val_acc = 70.83%
Epoch 949, cost = 1.723795, train_acc = 72.46% val_acc = 71.65%
Epoch 950, cost = 1.718267, train_acc = 72.41% val_acc = 71.03%
Epoch 951, cost = 1.720080, train_acc = 72.58% val_acc = 71.30%
Epoch 952, cost = 1.721921, train_acc = 72.59% val_acc = 71.11%
Epoch 953, cost = 1.722114, train_acc = 72.05% val_acc = 70.93%
Epoch 954, cost = 1.723309, train_acc = 72.39% val_acc = 70.67%
Epoch 955, cost = 1.718487, train_acc = 72.72% val_acc = 71.39%
Epoch 956, cost = 1.722825, train_acc = 72.57% val_acc = 71.50%
Epoch 957, cost = 1.718746, train_acc = 73.18% val_acc = 70.30%
Epoch 958, cost = 1.717549, train_acc = 72.53% val_acc = 69.86%
Epoch 959, cost = 1.715710, train_acc = 71.77% val_acc = 70.54%
Epoch 960, cost = 1.722490, train_acc = 72.17% val_acc = 70.55%
Epoch 961, cost = 1.723490, train_acc = 72.20% val_acc = 71.33%
Epoch 962, cost = 1.720726, train_acc = 72.65% val_acc = 71.34%
Epoch 963, cost = 1.719884, train_acc = 72.70% val_acc = 71.78%
Epoch 964, cost = 1.720033, train_acc = 72.54% val_acc = 70.72%
Epoch 965, cost = 1.720302, train_acc = 72.17% val_acc = 70.95%
Epoch 966, cost = 1.723081, train_acc = 72.37% val_acc = 70.86%
Epoch 967, cost = 1.727990, train_acc = 72.31% val_acc = 71.13%
Epoch 968, cost = 1.720298, train_acc = 72.85% val_acc = 71.28%
Epoch 969, cost = 1.721128, train_acc = 72.50% val_acc = 69.94%
Epoch 970, cost = 1.724682, train_acc = 72.34% val_acc = 70.78%
Epoch 971, cost = 1.721800, train_acc = 72.50% val_acc = 70.32%
Epoch 972, cost = 1.721268, train_acc = 72.04% val_acc = 71.68%
Epoch 973, cost = 1.723531, train_acc = 72.65% val_acc = 70.82%
Epoch 974, cost = 1.722914, train_acc = 72.05% val_acc = 71.84%
Epoch 975, cost = 1.723992, train_acc = 72.32% val_acc = 70.84%
Epoch 976, cost = 1.721780, train_acc = 72.30% val_acc = 70.70%
Epoch 977, cost = 1.720345, train_acc = 72.86% val_acc = 70.69%
Epoch 978, cost = 1.722900, train_acc = 72.41% val_acc = 69.87%
Epoch 979, cost = 1.724228, train_acc = 72.78% val_acc = 70.97%
Epoch 980, cost = 1.722395, train_acc = 72.31% val_acc = 70.62%
Epoch 981, cost = 1.721254, train_acc = 72.24% val_acc = 71.33%
Epoch 982, cost = 1.719167, train_acc = 72.41% val_acc = 72.28%
Epoch 983, cost = 1.723026, train_acc = 72.33% val_acc = 71.09%
Epoch 984, cost = 1.721592, train_acc = 72.31% val_acc = 71.34%
Epoch 985, cost = 1.719466, train_acc = 72.11% val_acc = 70.84%
Epoch 986, cost = 1.721796, train_acc = 72.93% val_acc = 71.36%
Epoch 987, cost = 1.720137, train_acc = 72.43% val_acc = 70.45%
Epoch 988, cost = 1.723887, train_acc = 72.35% val_acc = 71.30%
Epoch 989, cost = 1.722831, train_acc = 72.20% val_acc = 70.86%
Epoch 990, cost = 1.720378, train_acc = 72.29% val_acc = 70.40%
Epoch 991, cost = 1.719773, train_acc = 72.49% val_acc = 70.73%
Epoch 992, cost = 1.719987, train_acc = 72.55% val_acc = 70.41%
Epoch 993, cost = 1.720202, train_acc = 72.22% val_acc = 71.55%
Epoch 994, cost = 1.719864, train_acc = 71.86% val_acc = 71.51%
Epoch 995, cost = 1.721483, train_acc = 72.43% val_acc = 70.71%
Epoch 996, cost = 1.721628, train_acc = 72.34% val_acc = 71.07%
Epoch 997, cost = 1.723465, train_acc = 72.55% val_acc = 69.31%
Epoch 998, cost = 1.719640, train_acc = 72.30% val_acc = 70.78%
Epoch 999, cost = 1.724871, train_acc = 72.69% val_acc = 70.75%
Epoch 1000, cost = 1.719511, train_acc = 72.75% val_acc = 69.65%
Epoch 1001, cost = 1.720414, train_acc = 72.22% val_acc = 70.54%
Epoch 1002, cost = 1.722354, train_acc = 72.31% val_acc = 71.31%
Epoch 1003, cost = 1.720075, train_acc = 73.09% val_acc = 70.73%
Epoch 1004, cost = 1.719050, train_acc = 72.33% val_acc = 69.91%
Epoch 1005, cost = 1.719957, train_acc = 72.82% val_acc = 71.13%
Epoch 1006, cost = 1.721190, train_acc = 72.23% val_acc = 70.21%
Epoch 1007, cost = 1.723608, train_acc = 72.87% val_acc = 71.19%
Epoch 1008, cost = 1.718169, train_acc = 72.38% val_acc = 70.43%
Epoch 1009, cost = 1.721724, train_acc = 71.82% val_acc = 70.57%
Epoch 1010, cost = 1.723705, train_acc = 72.00% val_acc = 70.80%
Epoch 1011, cost = 1.723446, train_acc = 72.09% val_acc = 70.61%
Epoch 1012, cost = 1.716689, train_acc = 72.38% val_acc = 71.11%
Epoch 1013, cost = 1.721763, train_acc = 72.49% val_acc = 70.83%
Epoch 1014, cost = 1.719525, train_acc = 72.75% val_acc = 70.81%
Epoch 1015, cost = 1.721435, train_acc = 72.28% val_acc = 70.60%
Epoch 1016, cost = 1.722178, train_acc = 71.61% val_acc = 71.49%
Epoch 1017, cost = 1.719570, train_acc = 72.39% val_acc = 70.93%
Epoch 1018, cost = 1.719024, train_acc = 72.62% val_acc = 71.31%
Epoch 1019, cost = 1.724701, train_acc = 72.66% val_acc = 70.68%
Epoch 1020, cost = 1.727828, train_acc = 72.60% val_acc = 70.97%
Epoch 1021, cost = 1.724479, train_acc = 72.04% val_acc = 70.89%
Epoch 1022, cost = 1.721905, train_acc = 72.96% val_acc = 70.34%
Epoch 1023, cost = 1.724611, train_acc = 72.69% val_acc = 71.35%
Epoch 1024, cost = 1.724988, train_acc = 72.54% val_acc = 71.08%
Epoch 1025, cost = 1.719145, train_acc = 72.64% val_acc = 70.72%
Epoch 1026, cost = 1.718691, train_acc = 72.44% val_acc = 70.82%
Epoch 1027, cost = 1.724533, train_acc = 72.80% val_acc = 70.23%
Epoch 1028, cost = 1.718452, train_acc = 72.39% val_acc = 71.10%
Epoch 1029, cost = 1.722750, train_acc = 71.98% val_acc = 71.31%
Epoch 1030, cost = 1.725350, train_acc = 72.26% val_acc = 70.31%
Epoch 1031, cost = 1.727065, train_acc = 72.23% val_acc = 71.30%
Epoch 1032, cost = 1.722052, train_acc = 72.43% val_acc = 70.75%
Epoch 1033, cost = 1.721238, train_acc = 72.50% val_acc = 70.44%
Epoch 1034, cost = 1.722012, train_acc = 72.69% val_acc = 70.38%
Epoch 1035, cost = 1.720947, train_acc = 72.21% val_acc = 71.82%
Epoch 1036, cost = 1.720392, train_acc = 72.49% val_acc = 70.93%
Epoch 1037, cost = 1.720108, train_acc = 72.04% val_acc = 71.33%
Epoch 1038, cost = 1.720773, train_acc = 72.28% val_acc = 70.98%
Epoch 1039, cost = 1.718005, train_acc = 72.44% val_acc = 71.43%
Epoch 1040, cost = 1.721842, train_acc = 72.81% val_acc = 71.08%
Epoch 1041, cost = 1.717394, train_acc = 72.64% val_acc = 70.62%
Epoch 1042, cost = 1.722168, train_acc = 72.22% val_acc = 70.93%
Epoch 1043, cost = 1.718125, train_acc = 72.21% val_acc = 70.78%
Epoch 1044, cost = 1.721021, train_acc = 72.17% val_acc = 70.29%
Epoch 1045, cost = 1.720584, train_acc = 72.30% val_acc = 71.19%
Epoch 1046, cost = 1.720680, train_acc = 72.54% val_acc = 70.84%
Epoch 1047, cost = 1.722392, train_acc = 72.89% val_acc = 70.67%
Epoch 1048, cost = 1.716178, train_acc = 72.44% val_acc = 70.73%
Epoch 1049, cost = 1.721944, train_acc = 72.48% val_acc = 71.37%
Epoch 1050, cost = 1.718010, train_acc = 72.59% val_acc = 70.74%
Epoch 1051, cost = 1.724213, train_acc = 72.69% val_acc = 70.49%
Epoch 1052, cost = 1.718011, train_acc = 72.50% val_acc = 71.29%
Epoch 1053, cost = 1.716813, train_acc = 72.43% val_acc = 71.75%
Epoch 1054, cost = 1.720269, train_acc = 72.50% val_acc = 70.82%
Epoch 1055, cost = 1.720679, train_acc = 72.41% val_acc = 71.24%
Epoch 1056, cost = 1.721068, train_acc = 72.53% val_acc = 71.21%
Epoch 1057, cost = 1.720520, train_acc = 72.30% val_acc = 70.62%
Epoch 1058, cost = 1.715391, train_acc = 72.69% val_acc = 70.55%
Epoch 1059, cost = 1.720898, train_acc = 72.27% val_acc = 70.20%
Epoch 1060, cost = 1.717898, train_acc = 72.10% val_acc = 70.76%
Epoch 1061, cost = 1.719787, train_acc = 72.42% val_acc = 70.79%
Epoch 1062, cost = 1.721363, train_acc = 72.34% val_acc = 70.65%
Epoch 1063, cost = 1.726026, train_acc = 72.34% val_acc = 70.54%
Epoch 1064, cost = 1.719013, train_acc = 72.09% val_acc = 70.20%
Epoch 1065, cost = 1.718265, train_acc = 72.70% val_acc = 70.19%
Epoch 1066, cost = 1.720349, train_acc = 72.58% val_acc = 70.89%
Epoch 1067, cost = 1.722882, train_acc = 72.21% val_acc = 71.26%
Epoch 1068, cost = 1.719314, train_acc = 72.48% val_acc = 71.39%
Epoch 1069, cost = 1.726473, train_acc = 72.01% val_acc = 71.27%
Epoch 1070, cost = 1.716500, train_acc = 72.67% val_acc = 71.30%
Epoch 1071, cost = 1.722197, train_acc = 71.87% val_acc = 70.13%
Epoch 1072, cost = 1.719098, train_acc = 72.74% val_acc = 71.55%
Epoch 1073, cost = 1.724655, train_acc = 72.55% val_acc = 71.16%
Epoch 1074, cost = 1.723081, train_acc = 72.99% val_acc = 71.22%
Epoch 1075, cost = 1.718180, train_acc = 72.57% val_acc = 70.59%
Epoch 1076, cost = 1.721805, train_acc = 72.50% val_acc = 70.73%
Epoch 1077, cost = 1.723201, train_acc = 72.23% val_acc = 70.05%
Epoch 1078, cost = 1.716600, train_acc = 72.68% val_acc = 70.77%
Epoch 1079, cost = 1.720113, train_acc = 72.90% val_acc = 70.94%
Epoch 1080, cost = 1.722010, train_acc = 71.62% val_acc = 71.22%
Epoch 1081, cost = 1.722683, train_acc = 72.52% val_acc = 70.36%
Epoch 1082, cost = 1.719267, train_acc = 71.96% val_acc = 70.89%
Epoch 1083, cost = 1.718297, train_acc = 72.38% val_acc = 71.23%
Epoch 1084, cost = 1.719880, train_acc = 72.56% val_acc = 70.63%
Epoch 1085, cost = 1.720437, train_acc = 72.49% val_acc = 70.76%
Epoch 1086, cost = 1.723951, train_acc = 72.21% val_acc = 70.49%
Epoch 1087, cost = 1.720137, train_acc = 72.71% val_acc = 70.48%
Epoch 1088, cost = 1.718754, train_acc = 72.22% val_acc = 71.54%
Epoch 1089, cost = 1.721990, train_acc = 72.36% val_acc = 70.71%
Epoch 1090, cost = 1.721926, train_acc = 71.61% val_acc = 70.97%
Epoch 1091, cost = 1.722392, train_acc = 72.24% val_acc = 70.71%
Epoch 1092, cost = 1.721453, train_acc = 72.09% val_acc = 71.45%
Epoch 1093, cost = 1.721856, train_acc = 72.15% val_acc = 71.25%
Epoch 1094, cost = 1.722494, train_acc = 72.36% val_acc = 70.64%
Epoch 1095, cost = 1.722360, train_acc = 72.24% val_acc = 70.89%
Epoch 1096, cost = 1.722127, train_acc = 72.46% val_acc = 71.18%
Epoch 1097, cost = 1.726877, train_acc = 72.30% val_acc = 70.67%
Epoch 1098, cost = 1.725201, train_acc = 72.26% val_acc = 70.44%
Epoch 1099, cost = 1.721415, train_acc = 72.08% val_acc = 70.91%
Epoch 1100, cost = 1.723440, train_acc = 72.42% val_acc = 70.96%
Epoch 1101, cost = 1.718244, train_acc = 72.58% val_acc = 71.28%
Epoch 1102, cost = 1.722464, train_acc = 72.71% val_acc = 70.91%
Epoch 1103, cost = 1.722301, train_acc = 72.46% val_acc = 71.72%
Epoch 1104, cost = 1.721234, train_acc = 72.64% val_acc = 71.19%
Epoch 1105, cost = 1.719884, train_acc = 72.53% val_acc = 71.39%
Epoch 1106, cost = 1.726411, train_acc = 72.33% val_acc = 72.15%
Epoch 1107, cost = 1.719353, train_acc = 72.40% val_acc = 70.60%
Epoch 1108, cost = 1.723253, train_acc = 72.09% val_acc = 70.34%
Epoch 1109, cost = 1.723636, train_acc = 72.78% val_acc = 70.59%
Epoch 1110, cost = 1.717723, train_acc = 72.21% val_acc = 71.55%
Epoch 1111, cost = 1.718758, train_acc = 72.19% val_acc = 70.79%
Epoch 1112, cost = 1.718177, train_acc = 72.49% val_acc = 70.40%
Epoch 1113, cost = 1.719910, train_acc = 72.49% val_acc = 71.51%
Epoch 1114, cost = 1.722057, train_acc = 72.51% val_acc = 70.89%
Epoch 1115, cost = 1.719206, train_acc = 72.06% val_acc = 70.78%
Epoch 1116, cost = 1.723182, train_acc = 72.35% val_acc = 70.83%
Epoch 1117, cost = 1.721068, train_acc = 72.11% val_acc = 70.05%
Epoch 1118, cost = 1.720582, train_acc = 72.66% val_acc = 70.63%
Epoch 1119, cost = 1.723325, train_acc = 72.54% val_acc = 70.12%
Epoch 1120, cost = 1.721088, train_acc = 72.59% val_acc = 70.43%
Epoch 1121, cost = 1.722240, train_acc = 72.53% val_acc = 70.91%
Epoch 1122, cost = 1.722010, train_acc = 72.20% val_acc = 71.65%
Epoch 1123, cost = 1.722389, train_acc = 72.66% val_acc = 70.50%
Epoch 1124, cost = 1.723480, train_acc = 72.51% val_acc = 70.22%
Epoch 1125, cost = 1.716608, train_acc = 72.49% val_acc = 71.47%
Epoch 1126, cost = 1.719610, train_acc = 72.65% val_acc = 70.06%
Epoch 1127, cost = 1.722445, train_acc = 72.56% val_acc = 70.85%
Epoch 1128, cost = 1.720914, train_acc = 72.63% val_acc = 71.16%
Epoch 1129, cost = 1.720398, train_acc = 72.45% val_acc = 70.77%
Epoch 1130, cost = 1.723021, train_acc = 72.64% val_acc = 70.45%
Epoch 1131, cost = 1.718945, train_acc = 72.68% val_acc = 70.86%
Epoch 1132, cost = 1.721935, train_acc = 71.96% val_acc = 70.79%
Epoch 1133, cost = 1.718157, train_acc = 72.27% val_acc = 71.54%
Epoch 1134, cost = 1.721548, train_acc = 72.91% val_acc = 70.75%
Epoch 1135, cost = 1.723085, train_acc = 72.46% val_acc = 70.90%
Epoch 1136, cost = 1.721185, train_acc = 72.43% val_acc = 69.79%
Epoch 1137, cost = 1.718772, train_acc = 72.22% val_acc = 69.92%
Epoch 1138, cost = 1.720642, train_acc = 73.06% val_acc = 70.19%
Epoch 1139, cost = 1.721272, train_acc = 72.67% val_acc = 71.76%
Epoch 1140, cost = 1.724336, train_acc = 72.45% val_acc = 71.62%
Epoch 1141, cost = 1.722600, train_acc = 72.67% val_acc = 70.80%
Epoch 1142, cost = 1.718948, train_acc = 72.44% val_acc = 70.62%
Epoch 1143, cost = 1.722222, train_acc = 72.73% val_acc = 70.65%
Epoch 1144, cost = 1.722684, train_acc = 72.35% val_acc = 70.08%
Epoch 1145, cost = 1.719843, train_acc = 72.59% val_acc = 70.99%
Epoch 1146, cost = 1.717089, train_acc = 72.36% val_acc = 70.82%
Epoch 1147, cost = 1.718972, train_acc = 72.43% val_acc = 71.06%
Epoch 1148, cost = 1.719752, train_acc = 72.54% val_acc = 71.20%
Epoch 1149, cost = 1.719051, train_acc = 72.51% val_acc = 70.67%
Epoch 1150, cost = 1.723089, train_acc = 72.15% val_acc = 71.14%
Epoch 1151, cost = 1.720700, train_acc = 72.00% val_acc = 71.04%
Epoch 1152, cost = 1.722330, train_acc = 72.06% val_acc = 70.87%
Epoch 1153, cost = 1.719947, train_acc = 72.50% val_acc = 70.99%
Epoch 1154, cost = 1.721217, train_acc = 72.45% val_acc = 70.93%
Epoch 1155, cost = 1.722108, train_acc = 72.57% val_acc = 70.83%
Epoch 1156, cost = 1.718920, train_acc = 72.30% val_acc = 70.92%
Epoch 1157, cost = 1.720418, train_acc = 72.64% val_acc = 71.22%
Epoch 1158, cost = 1.720952, train_acc = 72.22% val_acc = 71.09%
Epoch 1159, cost = 1.725134, train_acc = 72.96% val_acc = 71.53%
Epoch 1160, cost = 1.723330, train_acc = 71.71% val_acc = 71.03%
Epoch 1161, cost = 1.720190, train_acc = 72.06% val_acc = 70.78%
Epoch 1162, cost = 1.721883, train_acc = 72.35% val_acc = 71.30%
Epoch 1163, cost = 1.720688, train_acc = 72.39% val_acc = 71.67%
Epoch 1164, cost = 1.725899, train_acc = 72.52% val_acc = 70.78%
Epoch 1165, cost = 1.717890, train_acc = 72.26% val_acc = 71.02%
Epoch 1166, cost = 1.724735, train_acc = 72.07% val_acc = 70.86%
Epoch 1167, cost = 1.719695, train_acc = 72.19% val_acc = 70.31%
Epoch 1168, cost = 1.719070, train_acc = 72.39% val_acc = 70.12%
Epoch 1169, cost = 1.719902, train_acc = 72.44% val_acc = 70.63%
Epoch 1170, cost = 1.718978, train_acc = 72.58% val_acc = 71.41%
Epoch 1171, cost = 1.721098, train_acc = 72.30% val_acc = 70.74%
Epoch 1172, cost = 1.720101, train_acc = 72.50% val_acc = 70.32%
Epoch 1173, cost = 1.720968, train_acc = 72.09% val_acc = 71.03%
Epoch 1174, cost = 1.721747, train_acc = 72.55% val_acc = 71.12%
Epoch 1175, cost = 1.719740, train_acc = 72.07% val_acc = 71.78%
Epoch 1176, cost = 1.719059, train_acc = 71.82% val_acc = 71.55%
Epoch 1177, cost = 1.719204, train_acc = 72.34% val_acc = 71.84%
Epoch 1178, cost = 1.720867, train_acc = 72.17% val_acc = 70.89%
Epoch 1179, cost = 1.719468, train_acc = 72.23% val_acc = 70.27%
Epoch 1180, cost = 1.718486, train_acc = 72.51% val_acc = 71.14%
Epoch 1181, cost = 1.720903, train_acc = 72.58% val_acc = 70.97%
Epoch 1182, cost = 1.721335, train_acc = 72.37% val_acc = 70.08%
Epoch 1183, cost = 1.721711, train_acc = 72.11% val_acc = 70.56%
Epoch 1184, cost = 1.720634, train_acc = 72.63% val_acc = 71.23%
Epoch 1185, cost = 1.723873, train_acc = 72.53% val_acc = 70.87%
Epoch 1186, cost = 1.715973, train_acc = 72.81% val_acc = 70.30%
Epoch 1187, cost = 1.719765, train_acc = 72.04% val_acc = 70.16%
Epoch 1188, cost = 1.723578, train_acc = 72.82% val_acc = 69.94%
Epoch 1189, cost = 1.716751, train_acc = 72.10% val_acc = 70.49%
Epoch 1190, cost = 1.722311, train_acc = 72.48% val_acc = 70.56%
Epoch 1191, cost = 1.719705, train_acc = 72.69% val_acc = 70.94%
Epoch 1192, cost = 1.722564, train_acc = 72.07% val_acc = 70.61%
Epoch 1193, cost = 1.720781, train_acc = 72.77% val_acc = 71.25%
Epoch 1194, cost = 1.716176, train_acc = 72.25% val_acc = 71.12%
Epoch 1195, cost = 1.722505, train_acc = 72.74% val_acc = 70.92%
Epoch 1196, cost = 1.720492, train_acc = 72.49% val_acc = 70.97%
Epoch 1197, cost = 1.720578, train_acc = 72.22% val_acc = 71.32%
Epoch 1198, cost = 1.726285, train_acc = 72.71% val_acc = 71.32%
Epoch 1199, cost = 1.720388, train_acc = 72.34% val_acc = 71.23%
Epoch 1200, cost = 1.722317, train_acc = 71.91% val_acc = 70.51%
