Loading Training Data
Loading Validation Data
Creating Data Loaders
Training Fun Time!!!
Epoch 1, cost = 2.302599, train_acc = 10.23% val_acc = 10.14%
Epoch 2, cost = 2.302583, train_acc = 10.11% val_acc = 10.07%
Epoch 3, cost = 2.302578, train_acc = 10.17% val_acc = 10.69%
Epoch 4, cost = 2.302561, train_acc = 10.35% val_acc = 10.12%
Epoch 5, cost = 2.302557, train_acc = 10.40% val_acc = 10.74%
Epoch 6, cost = 2.302534, train_acc = 10.58% val_acc = 10.57%
Epoch 7, cost = 2.302502, train_acc = 10.43% val_acc = 10.88%
Epoch 8, cost = 2.302472, train_acc = 10.79% val_acc = 11.44%
Epoch 9, cost = 2.302407, train_acc = 11.16% val_acc = 11.72%
Epoch 10, cost = 2.302322, train_acc = 12.11% val_acc = 13.24%
Epoch 11, cost = 2.302160, train_acc = 14.46% val_acc = 16.07%
Epoch 12, cost = 2.301773, train_acc = 17.27% val_acc = 18.11%
Epoch 13, cost = 2.298442, train_acc = 10.53% val_acc = 10.48%
Epoch 14, cost = 2.097700, train_acc = 57.89% val_acc = 70.33%
Epoch 15, cost = 1.828312, train_acc = 68.27% val_acc = 77.72%
Epoch 16, cost = 1.749020, train_acc = 74.97% val_acc = 82.12%
Epoch 17, cost = 1.707850, train_acc = 77.12% val_acc = 83.34%
Epoch 18, cost = 1.679800, train_acc = 79.37% val_acc = 82.96%
Epoch 19, cost = 1.662564, train_acc = 80.54% val_acc = 84.07%
Epoch 20, cost = 1.626823, train_acc = 88.82% val_acc = 92.50%
Epoch 21, cost = 1.572230, train_acc = 90.57% val_acc = 93.09%
Epoch 22, cost = 1.557879, train_acc = 91.54% val_acc = 93.93%
Epoch 23, cost = 1.546069, train_acc = 93.00% val_acc = 94.99%
Epoch 24, cost = 1.535972, train_acc = 92.96% val_acc = 94.86%
Epoch 25, cost = 1.533237, train_acc = 93.08% val_acc = 94.87%
Epoch 26, cost = 1.526561, train_acc = 93.99% val_acc = 94.93%
Epoch 27, cost = 1.521958, train_acc = 94.44% val_acc = 95.46%
Epoch 28, cost = 1.516650, train_acc = 94.26% val_acc = 95.04%
Epoch 29, cost = 1.517885, train_acc = 94.57% val_acc = 95.44%
Epoch 30, cost = 1.515023, train_acc = 94.17% val_acc = 94.85%
Epoch 31, cost = 1.510127, train_acc = 95.62% val_acc = 95.56%
Epoch 32, cost = 1.510513, train_acc = 95.29% val_acc = 95.44%
Epoch 33, cost = 1.509007, train_acc = 95.74% val_acc = 95.68%
Epoch 34, cost = 1.506214, train_acc = 95.73% val_acc = 95.21%
Epoch 35, cost = 1.503587, train_acc = 95.47% val_acc = 95.65%
Epoch 36, cost = 1.505685, train_acc = 95.30% val_acc = 95.85%
Epoch 37, cost = 1.501597, train_acc = 96.74% val_acc = 96.42%
Epoch 38, cost = 1.498580, train_acc = 96.21% val_acc = 96.26%
Epoch 39, cost = 1.497537, train_acc = 96.33% val_acc = 95.97%
Epoch 40, cost = 1.496079, train_acc = 96.80% val_acc = 96.66%
Epoch 41, cost = 1.495184, train_acc = 96.81% val_acc = 96.74%
Epoch 42, cost = 1.496345, train_acc = 96.79% val_acc = 96.55%
Epoch 43, cost = 1.494404, train_acc = 97.21% val_acc = 96.43%
Epoch 44, cost = 1.493435, train_acc = 96.75% val_acc = 95.80%
Epoch 45, cost = 1.492371, train_acc = 96.67% val_acc = 96.17%
Epoch 46, cost = 1.491789, train_acc = 97.19% val_acc = 96.28%
Epoch 47, cost = 1.490692, train_acc = 97.26% val_acc = 96.33%
Epoch 48, cost = 1.490792, train_acc = 97.13% val_acc = 96.33%
Epoch 49, cost = 1.490557, train_acc = 96.49% val_acc = 95.63%
Epoch 50, cost = 1.492257, train_acc = 97.62% val_acc = 97.23%
Epoch 51, cost = 1.489255, train_acc = 97.30% val_acc = 96.44%
Epoch 52, cost = 1.488739, train_acc = 97.28% val_acc = 96.51%
Epoch 53, cost = 1.487540, train_acc = 97.67% val_acc = 96.68%
Epoch 54, cost = 1.488713, train_acc = 97.56% val_acc = 96.41%
Epoch 55, cost = 1.488057, train_acc = 97.37% val_acc = 96.14%
Epoch 56, cost = 1.486353, train_acc = 97.69% val_acc = 96.32%
Epoch 57, cost = 1.486712, train_acc = 97.71% val_acc = 96.79%
Epoch 58, cost = 1.485603, train_acc = 97.66% val_acc = 96.50%
Epoch 59, cost = 1.486430, train_acc = 97.80% val_acc = 96.66%
Epoch 60, cost = 1.485113, train_acc = 97.59% val_acc = 96.48%
Epoch 61, cost = 1.484204, train_acc = 97.50% val_acc = 96.58%
Epoch 62, cost = 1.482427, train_acc = 98.04% val_acc = 96.83%
Epoch 63, cost = 1.482921, train_acc = 97.99% val_acc = 96.52%
Epoch 64, cost = 1.483286, train_acc = 98.26% val_acc = 97.15%
Epoch 65, cost = 1.481547, train_acc = 98.11% val_acc = 97.03%
Epoch 66, cost = 1.479875, train_acc = 96.77% val_acc = 96.18%
Epoch 67, cost = 1.482078, train_acc = 98.38% val_acc = 97.39%
Epoch 68, cost = 1.480942, train_acc = 98.51% val_acc = 97.28%
Epoch 69, cost = 1.479712, train_acc = 98.33% val_acc = 97.09%
Epoch 70, cost = 1.481168, train_acc = 98.24% val_acc = 97.10%
Epoch 71, cost = 1.479790, train_acc = 98.26% val_acc = 96.73%
Epoch 72, cost = 1.478662, train_acc = 98.15% val_acc = 96.82%
Epoch 73, cost = 1.478292, train_acc = 97.76% val_acc = 96.64%
Epoch 74, cost = 1.479528, train_acc = 97.84% val_acc = 96.37%
Epoch 75, cost = 1.479663, train_acc = 98.35% val_acc = 97.00%
Epoch 76, cost = 1.479560, train_acc = 98.63% val_acc = 97.14%
Epoch 77, cost = 1.478263, train_acc = 98.39% val_acc = 97.14%
Epoch 78, cost = 1.479157, train_acc = 98.22% val_acc = 97.03%
Epoch 79, cost = 1.477490, train_acc = 98.37% val_acc = 97.04%
Epoch 80, cost = 1.477895, train_acc = 98.35% val_acc = 96.99%
Epoch 81, cost = 1.477749, train_acc = 98.46% val_acc = 96.87%
Epoch 82, cost = 1.476597, train_acc = 98.71% val_acc = 97.19%
Epoch 83, cost = 1.477407, train_acc = 98.65% val_acc = 97.04%
Epoch 84, cost = 1.475985, train_acc = 98.74% val_acc = 97.25%
Epoch 85, cost = 1.474323, train_acc = 98.78% val_acc = 97.55%
Epoch 86, cost = 1.475155, train_acc = 98.63% val_acc = 97.33%
Epoch 87, cost = 1.473388, train_acc = 98.76% val_acc = 97.32%
Epoch 88, cost = 1.474199, train_acc = 98.70% val_acc = 97.14%
Epoch 89, cost = 1.474646, train_acc = 98.68% val_acc = 97.02%
Epoch 90, cost = 1.474341, train_acc = 98.55% val_acc = 96.99%
Epoch 91, cost = 1.472916, train_acc = 98.88% val_acc = 97.25%
Epoch 92, cost = 1.472574, train_acc = 98.93% val_acc = 97.27%
Epoch 93, cost = 1.473827, train_acc = 98.64% val_acc = 97.24%
Epoch 94, cost = 1.474059, train_acc = 98.64% val_acc = 97.03%
Epoch 95, cost = 1.474500, train_acc = 98.89% val_acc = 97.36%
Epoch 96, cost = 1.472853, train_acc = 98.96% val_acc = 97.28%
Epoch 97, cost = 1.473486, train_acc = 98.79% val_acc = 97.41%
Epoch 98, cost = 1.472282, train_acc = 99.08% val_acc = 97.35%
Epoch 99, cost = 1.472627, train_acc = 99.00% val_acc = 97.18%
Epoch 100, cost = 1.472470, train_acc = 98.84% val_acc = 97.46%
Epoch 101, cost = 1.472173, train_acc = 99.01% val_acc = 97.55%
Epoch 102, cost = 1.472973, train_acc = 98.72% val_acc = 96.88%
Epoch 103, cost = 1.471922, train_acc = 98.87% val_acc = 96.87%
Epoch 104, cost = 1.473314, train_acc = 98.86% val_acc = 97.24%
Epoch 105, cost = 1.473649, train_acc = 98.31% val_acc = 96.73%
Epoch 106, cost = 1.472089, train_acc = 98.94% val_acc = 97.29%
Epoch 107, cost = 1.472154, train_acc = 98.56% val_acc = 96.94%
Epoch 108, cost = 1.473631, train_acc = 98.88% val_acc = 97.22%
Epoch 109, cost = 1.471483, train_acc = 99.02% val_acc = 97.22%
Epoch 110, cost = 1.472067, train_acc = 98.88% val_acc = 97.48%
Epoch 111, cost = 1.472607, train_acc = 98.95% val_acc = 97.32%
Epoch 112, cost = 1.471223, train_acc = 99.09% val_acc = 97.39%
Epoch 113, cost = 1.471130, train_acc = 98.86% val_acc = 96.92%
Epoch 114, cost = 1.472698, train_acc = 98.88% val_acc = 97.20%
Epoch 115, cost = 1.470909, train_acc = 99.11% val_acc = 97.32%
Epoch 116, cost = 1.470770, train_acc = 99.08% val_acc = 97.60%
Epoch 117, cost = 1.471484, train_acc = 99.03% val_acc = 97.44%
Epoch 118, cost = 1.471267, train_acc = 99.14% val_acc = 97.35%
Epoch 119, cost = 1.470236, train_acc = 99.24% val_acc = 97.54%
Epoch 120, cost = 1.470283, train_acc = 99.04% val_acc = 97.53%
Epoch 121, cost = 1.471464, train_acc = 99.01% val_acc = 97.35%
Epoch 122, cost = 1.470678, train_acc = 99.14% val_acc = 97.79%
Epoch 123, cost = 1.469119, train_acc = 99.23% val_acc = 97.51%
Epoch 124, cost = 1.469238, train_acc = 99.24% val_acc = 97.54%
Epoch 125, cost = 1.470623, train_acc = 99.02% val_acc = 97.38%
Epoch 126, cost = 1.469752, train_acc = 98.97% val_acc = 97.61%
Epoch 127, cost = 1.470592, train_acc = 99.20% val_acc = 97.23%
Epoch 128, cost = 1.470802, train_acc = 99.22% val_acc = 97.35%
Epoch 129, cost = 1.470141, train_acc = 99.23% val_acc = 97.21%
Epoch 130, cost = 1.469982, train_acc = 99.22% val_acc = 97.55%
Epoch 131, cost = 1.469018, train_acc = 99.30% val_acc = 97.64%
Epoch 132, cost = 1.468669, train_acc = 99.14% val_acc = 97.55%
Epoch 133, cost = 1.468207, train_acc = 99.29% val_acc = 97.39%
Epoch 134, cost = 1.470501, train_acc = 99.29% val_acc = 97.41%
Epoch 135, cost = 1.469232, train_acc = 99.31% val_acc = 97.41%
Epoch 136, cost = 1.469145, train_acc = 98.79% val_acc = 97.04%
Epoch 137, cost = 1.471619, train_acc = 99.11% val_acc = 97.26%
Epoch 138, cost = 1.468665, train_acc = 99.24% val_acc = 97.45%
Epoch 139, cost = 1.468849, train_acc = 99.25% val_acc = 97.85%
Epoch 140, cost = 1.469491, train_acc = 99.29% val_acc = 97.54%
Epoch 141, cost = 1.469281, train_acc = 99.36% val_acc = 97.34%
Epoch 142, cost = 1.468823, train_acc = 99.01% val_acc = 97.27%
Epoch 143, cost = 1.468764, train_acc = 99.19% val_acc = 97.21%
Epoch 144, cost = 1.468495, train_acc = 99.36% val_acc = 97.30%
Epoch 145, cost = 1.468572, train_acc = 99.30% val_acc = 97.31%
Epoch 146, cost = 1.469057, train_acc = 99.10% val_acc = 97.53%
Epoch 147, cost = 1.468101, train_acc = 99.38% val_acc = 97.58%
Epoch 148, cost = 1.468991, train_acc = 99.21% val_acc = 97.11%
Epoch 149, cost = 1.467573, train_acc = 99.30% val_acc = 97.39%
Epoch 150, cost = 1.467405, train_acc = 99.26% val_acc = 97.49%
Epoch 151, cost = 1.467843, train_acc = 99.34% val_acc = 97.57%
Epoch 152, cost = 1.468253, train_acc = 99.26% val_acc = 97.62%
Epoch 153, cost = 1.467978, train_acc = 99.35% val_acc = 97.59%
Epoch 154, cost = 1.468790, train_acc = 99.34% val_acc = 97.68%
Epoch 155, cost = 1.467754, train_acc = 99.42% val_acc = 97.43%
Epoch 156, cost = 1.468489, train_acc = 99.37% val_acc = 97.42%
Epoch 157, cost = 1.468030, train_acc = 99.37% val_acc = 97.34%
Epoch 158, cost = 1.468175, train_acc = 99.40% val_acc = 97.54%
Epoch 159, cost = 1.467413, train_acc = 99.41% val_acc = 97.65%
Epoch 160, cost = 1.467995, train_acc = 99.21% val_acc = 97.39%
Epoch 161, cost = 1.468173, train_acc = 99.44% val_acc = 97.87%
Epoch 162, cost = 1.468295, train_acc = 99.33% val_acc = 97.33%
Epoch 163, cost = 1.467207, train_acc = 99.13% val_acc = 97.53%
Epoch 164, cost = 1.469153, train_acc = 99.40% val_acc = 97.38%
Epoch 165, cost = 1.467944, train_acc = 99.40% val_acc = 97.69%
Epoch 166, cost = 1.468087, train_acc = 99.44% val_acc = 97.76%
Epoch 167, cost = 1.467459, train_acc = 99.46% val_acc = 97.57%
Epoch 168, cost = 1.467611, train_acc = 99.36% val_acc = 97.63%
Epoch 169, cost = 1.466990, train_acc = 99.41% val_acc = 97.61%
Epoch 170, cost = 1.467352, train_acc = 99.34% val_acc = 97.53%
Epoch 171, cost = 1.467918, train_acc = 99.35% val_acc = 97.50%
Epoch 172, cost = 1.467839, train_acc = 99.25% val_acc = 97.51%
Epoch 173, cost = 1.467046, train_acc = 99.38% val_acc = 97.52%
Epoch 174, cost = 1.467460, train_acc = 99.44% val_acc = 97.49%
Epoch 175, cost = 1.467368, train_acc = 99.36% val_acc = 97.42%
Epoch 176, cost = 1.466870, train_acc = 99.27% val_acc = 97.39%
Epoch 177, cost = 1.467853, train_acc = 99.30% val_acc = 97.41%
Epoch 178, cost = 1.468381, train_acc = 98.95% val_acc = 97.04%
Epoch 179, cost = 1.467441, train_acc = 99.36% val_acc = 97.46%
Epoch 180, cost = 1.466738, train_acc = 98.76% val_acc = 96.98%
Epoch 181, cost = 1.468306, train_acc = 99.46% val_acc = 97.52%
Epoch 182, cost = 1.467821, train_acc = 99.37% val_acc = 97.51%
Epoch 183, cost = 1.467030, train_acc = 99.43% val_acc = 97.27%
Epoch 184, cost = 1.467837, train_acc = 99.38% val_acc = 97.43%
Epoch 185, cost = 1.467800, train_acc = 99.40% val_acc = 97.34%
Epoch 186, cost = 1.467559, train_acc = 99.43% val_acc = 97.63%
Epoch 187, cost = 1.467631, train_acc = 99.36% val_acc = 97.74%
Epoch 188, cost = 1.468236, train_acc = 99.37% val_acc = 97.79%
Epoch 189, cost = 1.467168, train_acc = 99.43% val_acc = 97.61%
Epoch 190, cost = 1.467394, train_acc = 99.48% val_acc = 97.93%
Epoch 191, cost = 1.466176, train_acc = 99.47% val_acc = 97.71%
Epoch 192, cost = 1.466079, train_acc = 99.59% val_acc = 97.86%
Epoch 193, cost = 1.466215, train_acc = 99.53% val_acc = 97.69%
Epoch 194, cost = 1.466510, train_acc = 99.48% val_acc = 97.46%
Epoch 195, cost = 1.466623, train_acc = 99.33% val_acc = 97.76%
Epoch 196, cost = 1.467504, train_acc = 99.46% val_acc = 97.63%
Epoch 197, cost = 1.466151, train_acc = 99.48% val_acc = 97.54%
Epoch 198, cost = 1.466674, train_acc = 99.51% val_acc = 97.66%
Epoch 199, cost = 1.466698, train_acc = 99.48% val_acc = 97.52%
Epoch 200, cost = 1.466250, train_acc = 99.49% val_acc = 97.63%
Epoch 201, cost = 1.466009, train_acc = 99.59% val_acc = 97.67%
Epoch 202, cost = 1.466776, train_acc = 99.51% val_acc = 97.40%
Epoch 203, cost = 1.466813, train_acc = 99.51% val_acc = 97.48%
Epoch 204, cost = 1.466338, train_acc = 99.38% val_acc = 97.42%
Epoch 205, cost = 1.465870, train_acc = 99.49% val_acc = 97.93%
Epoch 206, cost = 1.466698, train_acc = 99.47% val_acc = 97.59%
Epoch 207, cost = 1.466336, train_acc = 99.40% val_acc = 97.64%
Epoch 208, cost = 1.466361, train_acc = 99.43% val_acc = 97.69%
Epoch 209, cost = 1.466151, train_acc = 99.40% val_acc = 97.53%
Epoch 210, cost = 1.467013, train_acc = 99.51% val_acc = 97.44%
Epoch 211, cost = 1.465679, train_acc = 99.52% val_acc = 97.64%
Epoch 212, cost = 1.466080, train_acc = 99.51% val_acc = 97.58%
Epoch 213, cost = 1.465906, train_acc = 99.60% val_acc = 97.73%
Epoch 214, cost = 1.465492, train_acc = 99.52% val_acc = 97.73%
Epoch 215, cost = 1.465804, train_acc = 99.56% val_acc = 97.71%
Epoch 216, cost = 1.466239, train_acc = 99.52% val_acc = 97.73%
Epoch 217, cost = 1.466713, train_acc = 99.54% val_acc = 97.70%
Epoch 218, cost = 1.466265, train_acc = 99.58% val_acc = 97.66%
Epoch 219, cost = 1.466809, train_acc = 99.34% val_acc = 97.59%
Epoch 220, cost = 1.467255, train_acc = 99.40% val_acc = 97.62%
Epoch 221, cost = 1.465757, train_acc = 99.61% val_acc = 97.71%
Epoch 222, cost = 1.465557, train_acc = 99.55% val_acc = 97.64%
Epoch 223, cost = 1.465120, train_acc = 99.63% val_acc = 97.54%
Epoch 224, cost = 1.465114, train_acc = 99.52% val_acc = 97.43%
Epoch 225, cost = 1.466508, train_acc = 99.46% val_acc = 97.35%
Epoch 226, cost = 1.466403, train_acc = 99.44% val_acc = 97.48%
Epoch 227, cost = 1.466135, train_acc = 99.60% val_acc = 97.68%
Epoch 228, cost = 1.465793, train_acc = 99.57% val_acc = 97.50%
Epoch 229, cost = 1.465172, train_acc = 99.52% val_acc = 97.56%
Epoch 230, cost = 1.466419, train_acc = 99.58% val_acc = 97.75%
Epoch 231, cost = 1.466983, train_acc = 99.29% val_acc = 97.44%
Epoch 232, cost = 1.466906, train_acc = 99.55% val_acc = 97.64%
Epoch 233, cost = 1.466151, train_acc = 99.57% val_acc = 97.61%
Epoch 234, cost = 1.466085, train_acc = 99.52% val_acc = 97.52%
Epoch 235, cost = 1.466014, train_acc = 99.54% val_acc = 97.87%
Epoch 236, cost = 1.465822, train_acc = 99.54% val_acc = 97.93%
Epoch 237, cost = 1.465719, train_acc = 99.59% val_acc = 97.79%
Epoch 238, cost = 1.465435, train_acc = 99.56% val_acc = 97.69%
Epoch 239, cost = 1.466003, train_acc = 99.56% val_acc = 97.62%
Epoch 240, cost = 1.465352, train_acc = 99.54% val_acc = 97.61%
Epoch 241, cost = 1.465267, train_acc = 99.57% val_acc = 97.53%
Epoch 242, cost = 1.465373, train_acc = 99.59% val_acc = 97.64%
Epoch 243, cost = 1.466163, train_acc = 99.44% val_acc = 97.25%
Epoch 244, cost = 1.465661, train_acc = 99.58% val_acc = 97.87%
Epoch 245, cost = 1.465146, train_acc = 99.55% val_acc = 97.66%
Epoch 246, cost = 1.465700, train_acc = 99.63% val_acc = 97.80%
Epoch 247, cost = 1.465213, train_acc = 99.66% val_acc = 97.75%
Epoch 248, cost = 1.465129, train_acc = 99.64% val_acc = 97.78%
Epoch 249, cost = 1.465181, train_acc = 99.59% val_acc = 97.56%
Epoch 250, cost = 1.464807, train_acc = 99.54% val_acc = 97.63%
Epoch 251, cost = 1.465727, train_acc = 99.56% val_acc = 97.63%
Epoch 252, cost = 1.465176, train_acc = 99.42% val_acc = 97.46%
Epoch 253, cost = 1.465893, train_acc = 99.57% val_acc = 97.67%
Epoch 254, cost = 1.465912, train_acc = 99.59% val_acc = 97.68%
Epoch 255, cost = 1.465218, train_acc = 99.43% val_acc = 97.65%
Epoch 256, cost = 1.465897, train_acc = 99.43% val_acc = 97.58%
Epoch 257, cost = 1.465813, train_acc = 99.61% val_acc = 97.82%
Epoch 258, cost = 1.465389, train_acc = 99.55% val_acc = 97.54%
Epoch 259, cost = 1.465013, train_acc = 99.64% val_acc = 97.70%
Epoch 260, cost = 1.464545, train_acc = 99.66% val_acc = 97.70%
Epoch 261, cost = 1.464790, train_acc = 99.61% val_acc = 97.79%
Epoch 262, cost = 1.465810, train_acc = 99.56% val_acc = 97.73%
Epoch 263, cost = 1.465683, train_acc = 99.62% val_acc = 97.91%
Epoch 264, cost = 1.465303, train_acc = 99.64% val_acc = 97.82%
Epoch 265, cost = 1.464658, train_acc = 99.64% val_acc = 97.65%
Epoch 266, cost = 1.465253, train_acc = 99.53% val_acc = 97.33%
Epoch 267, cost = 1.465228, train_acc = 99.65% val_acc = 97.78%
Epoch 268, cost = 1.465436, train_acc = 99.57% val_acc = 97.87%
Epoch 269, cost = 1.465134, train_acc = 99.55% val_acc = 97.69%
Epoch 270, cost = 1.465166, train_acc = 99.59% val_acc = 97.80%
Epoch 271, cost = 1.464729, train_acc = 99.63% val_acc = 97.67%
Epoch 272, cost = 1.464931, train_acc = 99.62% val_acc = 97.71%
Epoch 273, cost = 1.464856, train_acc = 99.65% val_acc = 97.59%
Epoch 274, cost = 1.464783, train_acc = 99.62% val_acc = 97.64%
Epoch 275, cost = 1.464754, train_acc = 99.64% val_acc = 97.76%
Epoch 276, cost = 1.464625, train_acc = 99.65% val_acc = 97.79%
Epoch 277, cost = 1.464571, train_acc = 99.64% val_acc = 97.96%
Epoch 278, cost = 1.465074, train_acc = 99.60% val_acc = 97.72%
Epoch 279, cost = 1.464774, train_acc = 99.67% val_acc = 97.69%
Epoch 280, cost = 1.465071, train_acc = 99.63% val_acc = 97.71%
Epoch 281, cost = 1.464876, train_acc = 99.60% val_acc = 97.42%
Epoch 282, cost = 1.464684, train_acc = 99.69% val_acc = 97.61%
Epoch 283, cost = 1.464750, train_acc = 99.65% val_acc = 97.67%
Epoch 284, cost = 1.464830, train_acc = 99.65% val_acc = 97.73%
Epoch 285, cost = 1.465287, train_acc = 99.57% val_acc = 97.52%
Epoch 286, cost = 1.465275, train_acc = 99.66% val_acc = 97.69%
Epoch 287, cost = 1.464945, train_acc = 99.54% val_acc = 97.55%
Epoch 288, cost = 1.464595, train_acc = 99.64% val_acc = 97.71%
Epoch 289, cost = 1.465960, train_acc = 99.61% val_acc = 97.71%
Epoch 290, cost = 1.465906, train_acc = 99.64% val_acc = 97.67%
Epoch 291, cost = 1.465454, train_acc = 99.66% val_acc = 97.72%
Epoch 292, cost = 1.465176, train_acc = 99.60% val_acc = 97.44%
Epoch 293, cost = 1.465334, train_acc = 99.59% val_acc = 97.60%
Epoch 294, cost = 1.465586, train_acc = 99.68% val_acc = 97.73%
Epoch 295, cost = 1.464752, train_acc = 99.68% val_acc = 97.75%
Epoch 296, cost = 1.465630, train_acc = 99.64% val_acc = 97.80%
Epoch 297, cost = 1.464717, train_acc = 99.70% val_acc = 97.79%
Epoch 298, cost = 1.465292, train_acc = 99.56% val_acc = 97.70%
Epoch 299, cost = 1.465012, train_acc = 99.64% val_acc = 97.70%
Epoch 300, cost = 1.464444, train_acc = 99.65% val_acc = 97.67%
Epoch 301, cost = 1.465055, train_acc = 99.66% val_acc = 97.96%
Epoch 302, cost = 1.464909, train_acc = 99.61% val_acc = 97.77%
Epoch 303, cost = 1.464967, train_acc = 99.70% val_acc = 97.79%
Epoch 304, cost = 1.464648, train_acc = 99.69% val_acc = 97.66%
Epoch 305, cost = 1.464847, train_acc = 99.56% val_acc = 97.58%
Epoch 306, cost = 1.465162, train_acc = 99.60% val_acc = 97.89%
Epoch 307, cost = 1.464533, train_acc = 99.70% val_acc = 97.76%
Epoch 308, cost = 1.464600, train_acc = 99.60% val_acc = 97.58%
Epoch 309, cost = 1.465487, train_acc = 99.60% val_acc = 97.84%
Epoch 310, cost = 1.465095, train_acc = 99.60% val_acc = 97.84%
Epoch 311, cost = 1.465599, train_acc = 99.60% val_acc = 97.50%
Epoch 312, cost = 1.465070, train_acc = 99.65% val_acc = 97.87%
Epoch 313, cost = 1.464792, train_acc = 99.65% val_acc = 97.60%
Epoch 314, cost = 1.464525, train_acc = 99.69% val_acc = 97.87%
Epoch 315, cost = 1.465083, train_acc = 99.65% val_acc = 97.58%
Epoch 316, cost = 1.466019, train_acc = 99.58% val_acc = 97.51%
Epoch 317, cost = 1.465424, train_acc = 99.54% val_acc = 97.60%
Epoch 318, cost = 1.465354, train_acc = 99.63% val_acc = 97.46%
Epoch 319, cost = 1.465581, train_acc = 99.63% val_acc = 97.65%
