Loading Training Data
Loading Validation Data
Creating Data Loaders
Training Fun Time!!!
Epoch 1, cost = 2.300244, train_acc = 17.96% val_acc = 21.76%
Epoch 2, cost = 2.058781, train_acc = 57.21% val_acc = 60.43%
Epoch 3, cost = 1.851964, train_acc = 64.16% val_acc = 64.67%
Epoch 4, cost = 1.808812, train_acc = 66.82% val_acc = 68.22%
Epoch 5, cost = 1.787333, train_acc = 68.45% val_acc = 69.07%
Epoch 6, cost = 1.772900, train_acc = 69.99% val_acc = 70.13%
Epoch 7, cost = 1.762008, train_acc = 70.59% val_acc = 71.19%
Epoch 8, cost = 1.754289, train_acc = 71.57% val_acc = 71.99%
Epoch 9, cost = 1.748375, train_acc = 71.37% val_acc = 72.69%
Epoch 10, cost = 1.741747, train_acc = 72.28% val_acc = 72.79%
Epoch 11, cost = 1.711714, train_acc = 79.09% val_acc = 80.64%
Epoch 12, cost = 1.636552, train_acc = 85.41% val_acc = 86.73%
Epoch 13, cost = 1.607538, train_acc = 86.45% val_acc = 87.66%
Epoch 14, cost = 1.594939, train_acc = 87.53% val_acc = 88.40%
Epoch 15, cost = 1.588373, train_acc = 88.16% val_acc = 89.67%
Epoch 16, cost = 1.581079, train_acc = 89.04% val_acc = 90.21%
Epoch 17, cost = 1.574528, train_acc = 89.48% val_acc = 90.39%
Epoch 18, cost = 1.570080, train_acc = 89.39% val_acc = 89.98%
Epoch 19, cost = 1.565586, train_acc = 89.68% val_acc = 89.88%
Epoch 20, cost = 1.563639, train_acc = 90.23% val_acc = 90.58%
Epoch 21, cost = 1.559278, train_acc = 90.66% val_acc = 90.80%
Epoch 22, cost = 1.556380, train_acc = 91.04% val_acc = 90.74%
Epoch 23, cost = 1.553402, train_acc = 91.24% val_acc = 91.49%
Epoch 24, cost = 1.551894, train_acc = 91.53% val_acc = 91.76%
Epoch 25, cost = 1.550157, train_acc = 91.49% val_acc = 91.24%
Epoch 26, cost = 1.547335, train_acc = 91.80% val_acc = 91.50%
Epoch 27, cost = 1.545898, train_acc = 92.17% val_acc = 92.43%
Epoch 28, cost = 1.543780, train_acc = 92.09% val_acc = 92.45%
Epoch 29, cost = 1.542729, train_acc = 91.88% val_acc = 91.94%
Epoch 30, cost = 1.541348, train_acc = 92.10% val_acc = 92.02%
Epoch 31, cost = 1.538543, train_acc = 92.29% val_acc = 92.44%
Epoch 32, cost = 1.540229, train_acc = 92.81% val_acc = 92.00%
Epoch 33, cost = 1.538169, train_acc = 92.26% val_acc = 92.49%
Epoch 34, cost = 1.537282, train_acc = 92.69% val_acc = 92.26%
Epoch 35, cost = 1.535675, train_acc = 92.84% val_acc = 93.27%
Epoch 36, cost = 1.534463, train_acc = 92.97% val_acc = 92.85%
Epoch 37, cost = 1.533336, train_acc = 92.97% val_acc = 92.55%
Epoch 38, cost = 1.531921, train_acc = 93.25% val_acc = 92.97%
Epoch 39, cost = 1.530986, train_acc = 93.43% val_acc = 93.08%
Epoch 40, cost = 1.531639, train_acc = 93.29% val_acc = 92.63%
Epoch 41, cost = 1.530572, train_acc = 93.14% val_acc = 92.99%
Epoch 42, cost = 1.529206, train_acc = 93.48% val_acc = 93.08%
Epoch 43, cost = 1.528304, train_acc = 93.80% val_acc = 93.06%
Epoch 44, cost = 1.528341, train_acc = 93.27% val_acc = 92.80%
Epoch 45, cost = 1.527524, train_acc = 93.40% val_acc = 92.82%
Epoch 46, cost = 1.528709, train_acc = 93.70% val_acc = 93.09%
Epoch 47, cost = 1.527052, train_acc = 93.85% val_acc = 93.50%
Epoch 48, cost = 1.524925, train_acc = 93.89% val_acc = 93.37%
Epoch 49, cost = 1.524183, train_acc = 93.86% val_acc = 93.46%
Epoch 50, cost = 1.523928, train_acc = 94.00% val_acc = 93.21%
Epoch 51, cost = 1.524757, train_acc = 93.99% val_acc = 93.18%
Epoch 52, cost = 1.523576, train_acc = 94.08% val_acc = 93.65%
Epoch 53, cost = 1.521790, train_acc = 94.14% val_acc = 93.58%
Epoch 54, cost = 1.522288, train_acc = 94.30% val_acc = 93.39%
Epoch 55, cost = 1.521751, train_acc = 94.23% val_acc = 93.72%
Epoch 56, cost = 1.521210, train_acc = 94.22% val_acc = 93.51%
Epoch 57, cost = 1.521168, train_acc = 94.37% val_acc = 93.81%
Epoch 58, cost = 1.520282, train_acc = 94.35% val_acc = 93.40%
Epoch 59, cost = 1.520138, train_acc = 94.40% val_acc = 93.88%
Epoch 60, cost = 1.519270, train_acc = 94.51% val_acc = 93.54%
Epoch 61, cost = 1.521032, train_acc = 94.32% val_acc = 93.61%
Epoch 62, cost = 1.519203, train_acc = 94.57% val_acc = 94.06%
Epoch 63, cost = 1.518699, train_acc = 94.61% val_acc = 93.82%
Epoch 64, cost = 1.517799, train_acc = 94.56% val_acc = 94.02%
Epoch 65, cost = 1.516793, train_acc = 94.73% val_acc = 93.90%
Epoch 66, cost = 1.517498, train_acc = 94.60% val_acc = 93.78%
Epoch 67, cost = 1.516754, train_acc = 94.76% val_acc = 94.17%
Epoch 68, cost = 1.516544, train_acc = 94.65% val_acc = 93.74%
Epoch 69, cost = 1.516817, train_acc = 94.80% val_acc = 94.05%
Epoch 70, cost = 1.517005, train_acc = 94.61% val_acc = 93.79%
Epoch 71, cost = 1.515971, train_acc = 94.73% val_acc = 94.24%
Epoch 72, cost = 1.516024, train_acc = 94.83% val_acc = 93.99%
Epoch 73, cost = 1.514682, train_acc = 94.66% val_acc = 93.96%
Epoch 74, cost = 1.514249, train_acc = 94.85% val_acc = 94.34%
Epoch 75, cost = 1.514565, train_acc = 94.83% val_acc = 93.97%
Epoch 76, cost = 1.514594, train_acc = 94.85% val_acc = 93.98%
Epoch 77, cost = 1.512772, train_acc = 94.85% val_acc = 93.97%
Epoch 78, cost = 1.512690, train_acc = 94.92% val_acc = 93.75%
Epoch 79, cost = 1.513512, train_acc = 94.98% val_acc = 94.12%
Epoch 80, cost = 1.511704, train_acc = 95.09% val_acc = 94.06%
Epoch 81, cost = 1.512764, train_acc = 95.32% val_acc = 94.25%
Epoch 82, cost = 1.511553, train_acc = 95.04% val_acc = 94.43%
Epoch 83, cost = 1.512416, train_acc = 95.03% val_acc = 93.99%
Epoch 84, cost = 1.510896, train_acc = 95.13% val_acc = 94.54%
Epoch 85, cost = 1.511530, train_acc = 95.40% val_acc = 94.23%
Epoch 86, cost = 1.511455, train_acc = 95.12% val_acc = 94.15%
Epoch 87, cost = 1.510735, train_acc = 95.18% val_acc = 94.13%
Epoch 88, cost = 1.511593, train_acc = 95.44% val_acc = 94.38%
Epoch 89, cost = 1.510623, train_acc = 95.05% val_acc = 93.52%
Epoch 90, cost = 1.511306, train_acc = 95.26% val_acc = 94.09%
Epoch 91, cost = 1.509783, train_acc = 95.29% val_acc = 94.77%
Epoch 92, cost = 1.509959, train_acc = 95.33% val_acc = 94.35%
Epoch 93, cost = 1.509580, train_acc = 95.41% val_acc = 94.47%
Epoch 94, cost = 1.508431, train_acc = 95.52% val_acc = 94.64%
Epoch 95, cost = 1.509130, train_acc = 95.32% val_acc = 94.41%
Epoch 96, cost = 1.508573, train_acc = 95.35% val_acc = 94.20%
Epoch 97, cost = 1.506892, train_acc = 95.58% val_acc = 94.50%
Epoch 98, cost = 1.507614, train_acc = 95.58% val_acc = 94.44%
Epoch 99, cost = 1.506484, train_acc = 95.05% val_acc = 94.42%
Epoch 100, cost = 1.506884, train_acc = 95.28% val_acc = 94.73%
Epoch 101, cost = 1.506387, train_acc = 95.80% val_acc = 94.74%
Epoch 102, cost = 1.507124, train_acc = 95.75% val_acc = 94.66%
Epoch 103, cost = 1.506175, train_acc = 95.64% val_acc = 94.82%
Epoch 104, cost = 1.505813, train_acc = 95.82% val_acc = 94.61%
Epoch 105, cost = 1.506104, train_acc = 95.74% val_acc = 94.55%
Epoch 106, cost = 1.505843, train_acc = 95.69% val_acc = 94.92%
Epoch 107, cost = 1.506030, train_acc = 95.72% val_acc = 94.72%
Epoch 108, cost = 1.504881, train_acc = 95.39% val_acc = 93.70%
Epoch 109, cost = 1.505151, train_acc = 96.02% val_acc = 94.92%
Epoch 110, cost = 1.504706, train_acc = 95.71% val_acc = 94.66%
Epoch 111, cost = 1.504642, train_acc = 95.85% val_acc = 94.52%
Epoch 112, cost = 1.504514, train_acc = 95.77% val_acc = 94.42%
Epoch 113, cost = 1.504755, train_acc = 95.64% val_acc = 94.78%
Epoch 114, cost = 1.504724, train_acc = 95.90% val_acc = 94.69%
Epoch 115, cost = 1.504724, train_acc = 95.79% val_acc = 94.17%
Epoch 116, cost = 1.503831, train_acc = 95.71% val_acc = 94.73%
Epoch 117, cost = 1.503627, train_acc = 95.78% val_acc = 94.75%
Epoch 118, cost = 1.505298, train_acc = 95.90% val_acc = 94.67%
Epoch 119, cost = 1.502617, train_acc = 95.81% val_acc = 94.83%
Epoch 120, cost = 1.502450, train_acc = 95.98% val_acc = 95.12%
Epoch 121, cost = 1.502843, train_acc = 96.05% val_acc = 94.95%
Epoch 122, cost = 1.503277, train_acc = 96.07% val_acc = 94.76%
Epoch 123, cost = 1.502339, train_acc = 96.02% val_acc = 94.71%
Epoch 124, cost = 1.501564, train_acc = 96.03% val_acc = 94.96%
Epoch 125, cost = 1.502777, train_acc = 95.99% val_acc = 94.87%
Epoch 126, cost = 1.502676, train_acc = 96.13% val_acc = 94.73%
Epoch 127, cost = 1.501098, train_acc = 96.18% val_acc = 94.89%
Epoch 128, cost = 1.502219, train_acc = 96.12% val_acc = 94.92%
Epoch 129, cost = 1.501724, train_acc = 95.89% val_acc = 94.85%
Epoch 130, cost = 1.501669, train_acc = 96.09% val_acc = 94.87%
Epoch 131, cost = 1.502138, train_acc = 96.17% val_acc = 94.86%
Epoch 132, cost = 1.501673, train_acc = 96.13% val_acc = 95.22%
Epoch 133, cost = 1.500192, train_acc = 96.16% val_acc = 94.94%
Epoch 134, cost = 1.501046, train_acc = 96.24% val_acc = 94.97%
Epoch 135, cost = 1.500310, train_acc = 95.91% val_acc = 94.63%
Epoch 136, cost = 1.501173, train_acc = 96.28% val_acc = 94.81%
Epoch 137, cost = 1.501173, train_acc = 96.33% val_acc = 94.64%
Epoch 138, cost = 1.500348, train_acc = 96.13% val_acc = 94.83%
Epoch 139, cost = 1.500070, train_acc = 96.31% val_acc = 95.07%
Epoch 140, cost = 1.500299, train_acc = 96.21% val_acc = 94.98%
Epoch 141, cost = 1.500575, train_acc = 96.14% val_acc = 94.56%
Epoch 142, cost = 1.500482, train_acc = 96.28% val_acc = 94.73%
Epoch 143, cost = 1.499506, train_acc = 95.93% val_acc = 94.92%
Epoch 144, cost = 1.500438, train_acc = 96.34% val_acc = 95.12%
Epoch 145, cost = 1.501006, train_acc = 96.29% val_acc = 94.84%
Epoch 146, cost = 1.499484, train_acc = 96.34% val_acc = 95.04%
Epoch 147, cost = 1.500011, train_acc = 96.13% val_acc = 95.22%
Epoch 148, cost = 1.499466, train_acc = 96.09% val_acc = 95.06%
Epoch 149, cost = 1.499332, train_acc = 96.19% val_acc = 94.83%
Epoch 150, cost = 1.498703, train_acc = 96.48% val_acc = 95.11%
Epoch 151, cost = 1.500093, train_acc = 96.25% val_acc = 95.33%
Epoch 152, cost = 1.498587, train_acc = 96.42% val_acc = 95.06%
Epoch 153, cost = 1.498406, train_acc = 96.33% val_acc = 94.91%
Epoch 154, cost = 1.499556, train_acc = 96.49% val_acc = 94.90%
Epoch 155, cost = 1.499672, train_acc = 96.39% val_acc = 95.12%
Epoch 156, cost = 1.498448, train_acc = 96.49% val_acc = 94.95%
Epoch 157, cost = 1.498354, train_acc = 96.30% val_acc = 95.18%
Epoch 158, cost = 1.498391, train_acc = 96.49% val_acc = 95.49%
Epoch 159, cost = 1.499061, train_acc = 96.50% val_acc = 95.11%
Epoch 160, cost = 1.498214, train_acc = 95.97% val_acc = 94.52%
Epoch 161, cost = 1.498626, train_acc = 96.22% val_acc = 94.95%
Epoch 162, cost = 1.497552, train_acc = 96.31% val_acc = 95.23%
Epoch 163, cost = 1.498555, train_acc = 96.31% val_acc = 95.12%
Epoch 164, cost = 1.498740, train_acc = 96.48% val_acc = 95.23%
Epoch 165, cost = 1.499022, train_acc = 96.48% val_acc = 94.91%
Epoch 166, cost = 1.497327, train_acc = 96.38% val_acc = 95.20%
Epoch 167, cost = 1.498567, train_acc = 96.52% val_acc = 95.30%
Epoch 168, cost = 1.497151, train_acc = 96.45% val_acc = 95.24%
Epoch 169, cost = 1.497143, train_acc = 96.39% val_acc = 94.97%
Epoch 170, cost = 1.498060, train_acc = 96.36% val_acc = 95.20%
Epoch 171, cost = 1.498116, train_acc = 96.56% val_acc = 95.01%
Epoch 172, cost = 1.496940, train_acc = 96.50% val_acc = 95.28%
Epoch 173, cost = 1.498504, train_acc = 96.47% val_acc = 95.06%
Epoch 174, cost = 1.498031, train_acc = 96.51% val_acc = 94.97%
Epoch 175, cost = 1.496773, train_acc = 96.26% val_acc = 95.07%
Epoch 176, cost = 1.498546, train_acc = 96.30% val_acc = 95.13%
Epoch 177, cost = 1.497558, train_acc = 96.58% val_acc = 95.04%
Epoch 178, cost = 1.497099, train_acc = 96.60% val_acc = 95.24%
Epoch 179, cost = 1.496719, train_acc = 96.48% val_acc = 95.11%
Epoch 180, cost = 1.497621, train_acc = 96.56% val_acc = 94.91%
Epoch 181, cost = 1.497565, train_acc = 96.63% val_acc = 95.29%
Epoch 182, cost = 1.497403, train_acc = 96.55% val_acc = 95.08%
Epoch 183, cost = 1.496617, train_acc = 96.64% val_acc = 94.99%
Epoch 184, cost = 1.497207, train_acc = 96.07% val_acc = 94.79%
Epoch 185, cost = 1.497434, train_acc = 96.58% val_acc = 95.15%
Epoch 186, cost = 1.497124, train_acc = 96.42% val_acc = 94.97%
Epoch 187, cost = 1.497457, train_acc = 96.45% val_acc = 95.46%
Epoch 188, cost = 1.496443, train_acc = 96.59% val_acc = 94.94%
Epoch 189, cost = 1.496444, train_acc = 96.64% val_acc = 95.20%
Epoch 190, cost = 1.496343, train_acc = 96.64% val_acc = 95.52%
Epoch 191, cost = 1.496058, train_acc = 96.38% val_acc = 95.16%
Epoch 192, cost = 1.496414, train_acc = 96.45% val_acc = 95.22%
Epoch 193, cost = 1.496166, train_acc = 96.77% val_acc = 95.44%
Epoch 194, cost = 1.496118, train_acc = 96.27% val_acc = 94.51%
Epoch 195, cost = 1.495355, train_acc = 96.58% val_acc = 95.14%
Epoch 196, cost = 1.496497, train_acc = 96.64% val_acc = 95.07%
Epoch 197, cost = 1.496547, train_acc = 96.57% val_acc = 95.39%
Epoch 198, cost = 1.496304, train_acc = 96.61% val_acc = 94.98%
Epoch 199, cost = 1.496261, train_acc = 96.60% val_acc = 94.96%
Epoch 200, cost = 1.496340, train_acc = 96.70% val_acc = 95.07%
Epoch 201, cost = 1.495612, train_acc = 96.55% val_acc = 95.01%
Epoch 202, cost = 1.495991, train_acc = 96.61% val_acc = 95.33%
Epoch 203, cost = 1.494289, train_acc = 96.60% val_acc = 95.52%
Epoch 204, cost = 1.494768, train_acc = 96.77% val_acc = 95.25%
Epoch 205, cost = 1.495160, train_acc = 96.41% val_acc = 95.14%
Epoch 206, cost = 1.495632, train_acc = 96.74% val_acc = 94.92%
Epoch 207, cost = 1.494157, train_acc = 96.79% val_acc = 95.13%
Epoch 208, cost = 1.496024, train_acc = 96.77% val_acc = 95.34%
Epoch 209, cost = 1.494135, train_acc = 96.81% val_acc = 95.61%
Epoch 210, cost = 1.494629, train_acc = 96.75% val_acc = 95.21%
Epoch 211, cost = 1.494173, train_acc = 96.66% val_acc = 95.23%
Epoch 212, cost = 1.494157, train_acc = 96.66% val_acc = 95.28%
Epoch 213, cost = 1.495233, train_acc = 96.57% val_acc = 95.23%
Epoch 214, cost = 1.494753, train_acc = 96.69% val_acc = 95.39%
Epoch 215, cost = 1.494840, train_acc = 96.80% val_acc = 95.53%
Epoch 216, cost = 1.495156, train_acc = 96.69% val_acc = 95.04%
Epoch 217, cost = 1.494791, train_acc = 96.88% val_acc = 95.24%
Epoch 218, cost = 1.494699, train_acc = 96.75% val_acc = 95.09%
Epoch 219, cost = 1.493958, train_acc = 96.79% val_acc = 95.41%
Epoch 220, cost = 1.495446, train_acc = 96.81% val_acc = 95.74%
Epoch 221, cost = 1.495221, train_acc = 96.63% val_acc = 95.40%
Epoch 222, cost = 1.495077, train_acc = 96.77% val_acc = 95.58%
Epoch 223, cost = 1.494549, train_acc = 96.61% val_acc = 94.95%
Epoch 224, cost = 1.495394, train_acc = 96.87% val_acc = 95.28%
Epoch 225, cost = 1.494936, train_acc = 96.62% val_acc = 95.27%
Epoch 226, cost = 1.494722, train_acc = 96.81% val_acc = 94.99%
Epoch 227, cost = 1.495337, train_acc = 96.78% val_acc = 95.25%
Epoch 228, cost = 1.494131, train_acc = 96.64% val_acc = 94.91%
Epoch 229, cost = 1.494738, train_acc = 96.83% val_acc = 95.33%
Epoch 230, cost = 1.495302, train_acc = 96.99% val_acc = 95.56%
Epoch 231, cost = 1.493981, train_acc = 96.69% val_acc = 95.14%
Epoch 232, cost = 1.493737, train_acc = 96.87% val_acc = 95.51%
Epoch 233, cost = 1.493614, train_acc = 96.63% val_acc = 95.35%
Epoch 234, cost = 1.493845, train_acc = 96.79% val_acc = 95.02%
Epoch 235, cost = 1.493282, train_acc = 96.73% val_acc = 95.15%
Epoch 236, cost = 1.494496, train_acc = 96.73% val_acc = 94.78%
Epoch 237, cost = 1.494642, train_acc = 96.71% val_acc = 95.47%
Epoch 238, cost = 1.494108, train_acc = 96.75% val_acc = 95.21%
Epoch 239, cost = 1.493373, train_acc = 96.91% val_acc = 95.22%
Epoch 240, cost = 1.494933, train_acc = 96.68% val_acc = 95.19%
Epoch 241, cost = 1.493691, train_acc = 96.99% val_acc = 95.48%
Epoch 242, cost = 1.492357, train_acc = 96.63% val_acc = 95.11%
Epoch 243, cost = 1.493399, train_acc = 96.72% val_acc = 94.98%
Epoch 244, cost = 1.492411, train_acc = 97.11% val_acc = 95.56%
Epoch 245, cost = 1.494055, train_acc = 96.91% val_acc = 95.61%
Epoch 246, cost = 1.494115, train_acc = 96.91% val_acc = 95.29%
Epoch 247, cost = 1.493832, train_acc = 96.86% val_acc = 95.63%
Epoch 248, cost = 1.493626, train_acc = 96.85% val_acc = 95.59%
Epoch 249, cost = 1.493172, train_acc = 97.03% val_acc = 95.17%
Epoch 250, cost = 1.493918, train_acc = 96.94% val_acc = 95.16%
Epoch 251, cost = 1.493292, train_acc = 96.77% val_acc = 95.09%
Epoch 252, cost = 1.494396, train_acc = 96.50% val_acc = 95.29%
Epoch 253, cost = 1.493732, train_acc = 96.55% val_acc = 95.22%
Epoch 254, cost = 1.493154, train_acc = 96.95% val_acc = 95.15%
Epoch 255, cost = 1.492969, train_acc = 96.90% val_acc = 95.30%
Epoch 256, cost = 1.492779, train_acc = 96.91% val_acc = 95.32%
Epoch 257, cost = 1.491974, train_acc = 96.91% val_acc = 95.21%
Epoch 258, cost = 1.493219, train_acc = 96.93% val_acc = 95.36%
Epoch 259, cost = 1.493146, train_acc = 97.02% val_acc = 95.30%
Epoch 260, cost = 1.492450, train_acc = 96.80% val_acc = 94.98%
Epoch 261, cost = 1.492855, train_acc = 96.81% val_acc = 95.12%
Epoch 262, cost = 1.493228, train_acc = 97.04% val_acc = 95.41%
Epoch 263, cost = 1.492659, train_acc = 96.85% val_acc = 95.26%
Epoch 264, cost = 1.492397, train_acc = 96.50% val_acc = 94.45%
Epoch 265, cost = 1.493251, train_acc = 96.92% val_acc = 95.37%
Epoch 266, cost = 1.492977, train_acc = 97.12% val_acc = 95.37%
Epoch 267, cost = 1.493173, train_acc = 96.68% val_acc = 95.32%
Epoch 268, cost = 1.492529, train_acc = 96.98% val_acc = 95.41%
Epoch 269, cost = 1.492807, train_acc = 96.95% val_acc = 95.38%
Epoch 270, cost = 1.493024, train_acc = 96.87% val_acc = 95.02%
Epoch 271, cost = 1.492943, train_acc = 97.05% val_acc = 95.50%
Epoch 272, cost = 1.492023, train_acc = 97.03% val_acc = 95.38%
Epoch 273, cost = 1.491962, train_acc = 96.97% val_acc = 95.60%
Epoch 274, cost = 1.492908, train_acc = 97.05% val_acc = 95.43%
Epoch 275, cost = 1.492224, train_acc = 96.95% val_acc = 95.08%
Epoch 276, cost = 1.492490, train_acc = 96.97% val_acc = 95.21%
Epoch 277, cost = 1.491797, train_acc = 96.92% val_acc = 95.41%
Epoch 278, cost = 1.492718, train_acc = 97.07% val_acc = 95.44%
Epoch 279, cost = 1.491160, train_acc = 96.59% val_acc = 95.36%
Epoch 280, cost = 1.491807, train_acc = 97.13% val_acc = 94.93%
Epoch 281, cost = 1.492263, train_acc = 96.95% val_acc = 95.59%
Epoch 282, cost = 1.492131, train_acc = 97.10% val_acc = 95.55%
Epoch 283, cost = 1.492237, train_acc = 97.06% val_acc = 95.14%
Epoch 284, cost = 1.492134, train_acc = 97.04% val_acc = 95.69%
Epoch 285, cost = 1.491764, train_acc = 97.02% val_acc = 95.55%
Epoch 286, cost = 1.492673, train_acc = 96.97% val_acc = 95.41%
Epoch 287, cost = 1.492297, train_acc = 97.01% val_acc = 95.40%
Epoch 288, cost = 1.491187, train_acc = 96.96% val_acc = 95.20%
Epoch 289, cost = 1.492505, train_acc = 97.05% val_acc = 95.56%
Epoch 290, cost = 1.491611, train_acc = 97.01% val_acc = 95.45%
Epoch 291, cost = 1.491630, train_acc = 97.07% val_acc = 95.78%
Epoch 292, cost = 1.491970, train_acc = 97.09% val_acc = 95.00%
Epoch 293, cost = 1.490808, train_acc = 96.87% val_acc = 95.30%
Epoch 294, cost = 1.491182, train_acc = 97.01% val_acc = 95.31%
Epoch 295, cost = 1.491699, train_acc = 96.97% val_acc = 95.58%
Epoch 296, cost = 1.491906, train_acc = 96.99% val_acc = 95.38%
Epoch 297, cost = 1.491851, train_acc = 97.11% val_acc = 95.86%
Epoch 298, cost = 1.491608, train_acc = 97.14% val_acc = 95.67%
Epoch 299, cost = 1.491411, train_acc = 96.98% val_acc = 95.41%
Epoch 300, cost = 1.491548, train_acc = 96.99% val_acc = 95.41%
Epoch 301, cost = 1.491319, train_acc = 97.15% val_acc = 95.65%
Epoch 302, cost = 1.490928, train_acc = 97.20% val_acc = 95.54%
Epoch 303, cost = 1.490132, train_acc = 96.97% val_acc = 95.24%
Epoch 304, cost = 1.491131, train_acc = 97.16% val_acc = 95.52%
Epoch 305, cost = 1.490937, train_acc = 97.09% val_acc = 95.39%
Epoch 306, cost = 1.490795, train_acc = 97.13% val_acc = 95.96%
Epoch 307, cost = 1.490906, train_acc = 97.21% val_acc = 95.27%
Epoch 308, cost = 1.491294, train_acc = 97.05% val_acc = 95.05%
Epoch 309, cost = 1.491920, train_acc = 96.97% val_acc = 95.65%
Epoch 310, cost = 1.489765, train_acc = 97.08% val_acc = 95.46%
Epoch 311, cost = 1.491681, train_acc = 96.90% val_acc = 95.02%
Epoch 312, cost = 1.490968, train_acc = 97.07% val_acc = 95.50%
Epoch 313, cost = 1.490642, train_acc = 97.16% val_acc = 95.47%
Epoch 314, cost = 1.491612, train_acc = 97.05% val_acc = 95.21%
Epoch 315, cost = 1.491487, train_acc = 97.11% val_acc = 95.37%
Epoch 316, cost = 1.490217, train_acc = 97.22% val_acc = 95.45%
Epoch 317, cost = 1.490898, train_acc = 97.12% val_acc = 96.03%
Epoch 318, cost = 1.490734, train_acc = 97.17% val_acc = 95.53%
Epoch 319, cost = 1.491612, train_acc = 97.11% val_acc = 95.72%
Epoch 320, cost = 1.491222, train_acc = 96.96% val_acc = 95.36%
Epoch 321, cost = 1.490152, train_acc = 97.12% val_acc = 95.88%
Epoch 322, cost = 1.491118, train_acc = 97.16% val_acc = 95.63%
Epoch 323, cost = 1.491156, train_acc = 97.09% val_acc = 95.66%
Epoch 324, cost = 1.491760, train_acc = 97.04% val_acc = 95.69%
Epoch 325, cost = 1.491108, train_acc = 97.07% val_acc = 95.25%
Epoch 326, cost = 1.490740, train_acc = 97.28% val_acc = 95.56%
Epoch 327, cost = 1.490339, train_acc = 97.16% val_acc = 95.27%
Epoch 328, cost = 1.490672, train_acc = 97.04% val_acc = 95.27%
Epoch 329, cost = 1.490669, train_acc = 97.09% val_acc = 95.31%
Epoch 330, cost = 1.489201, train_acc = 97.00% val_acc = 95.23%
Epoch 331, cost = 1.491411, train_acc = 97.07% val_acc = 95.83%
Epoch 332, cost = 1.490313, train_acc = 97.15% val_acc = 95.43%
Epoch 333, cost = 1.490282, train_acc = 97.25% val_acc = 95.46%
Epoch 334, cost = 1.489790, train_acc = 97.11% val_acc = 95.65%
Epoch 335, cost = 1.490695, train_acc = 97.19% val_acc = 95.64%
Epoch 336, cost = 1.489770, train_acc = 97.16% val_acc = 95.37%
Epoch 337, cost = 1.489569, train_acc = 97.07% val_acc = 95.43%
Epoch 338, cost = 1.490119, train_acc = 97.07% val_acc = 95.61%
Epoch 339, cost = 1.489960, train_acc = 97.27% val_acc = 95.66%
Epoch 340, cost = 1.490533, train_acc = 96.95% val_acc = 94.99%
Epoch 341, cost = 1.491070, train_acc = 97.00% val_acc = 95.42%
Epoch 342, cost = 1.489907, train_acc = 96.91% val_acc = 95.37%
Epoch 343, cost = 1.490665, train_acc = 97.30% val_acc = 95.62%
Epoch 344, cost = 1.491293, train_acc = 96.85% val_acc = 95.03%
Epoch 345, cost = 1.491249, train_acc = 97.16% val_acc = 95.29%
Epoch 346, cost = 1.490996, train_acc = 97.31% val_acc = 95.42%
Epoch 347, cost = 1.490407, train_acc = 97.29% val_acc = 95.41%
Epoch 348, cost = 1.490193, train_acc = 97.29% val_acc = 95.13%
Epoch 349, cost = 1.490071, train_acc = 96.90% val_acc = 95.29%
Epoch 350, cost = 1.490692, train_acc = 97.28% val_acc = 95.67%
Epoch 351, cost = 1.490464, train_acc = 97.02% val_acc = 95.50%
Epoch 352, cost = 1.490375, train_acc = 97.25% val_acc = 95.65%
Epoch 353, cost = 1.488978, train_acc = 97.03% val_acc = 95.59%
Epoch 354, cost = 1.489575, train_acc = 97.04% val_acc = 95.60%
Epoch 355, cost = 1.489672, train_acc = 97.20% val_acc = 95.40%
Epoch 356, cost = 1.488978, train_acc = 97.42% val_acc = 95.66%
Epoch 357, cost = 1.489815, train_acc = 97.20% val_acc = 95.58%
Epoch 358, cost = 1.489795, train_acc = 97.33% val_acc = 96.09%
Epoch 359, cost = 1.489800, train_acc = 97.00% val_acc = 95.29%
Epoch 360, cost = 1.488866, train_acc = 97.28% val_acc = 95.41%
Epoch 361, cost = 1.489241, train_acc = 97.14% val_acc = 95.28%
Epoch 362, cost = 1.490097, train_acc = 97.23% val_acc = 95.61%
Epoch 363, cost = 1.489745, train_acc = 97.26% val_acc = 95.76%
Epoch 364, cost = 1.490060, train_acc = 97.15% val_acc = 95.26%
Epoch 365, cost = 1.490236, train_acc = 97.29% val_acc = 95.57%
Epoch 366, cost = 1.490249, train_acc = 97.25% val_acc = 95.49%
Epoch 367, cost = 1.490640, train_acc = 97.25% val_acc = 95.46%
Epoch 368, cost = 1.489861, train_acc = 97.35% val_acc = 95.68%
Epoch 369, cost = 1.488971, train_acc = 97.29% val_acc = 95.47%
Epoch 370, cost = 1.489660, train_acc = 97.24% val_acc = 95.42%
Epoch 371, cost = 1.490060, train_acc = 97.20% val_acc = 95.15%
Epoch 372, cost = 1.488888, train_acc = 97.17% val_acc = 95.51%
Epoch 373, cost = 1.489806, train_acc = 97.20% val_acc = 95.37%
Epoch 374, cost = 1.490142, train_acc = 97.16% val_acc = 95.72%
Epoch 375, cost = 1.489268, train_acc = 97.30% val_acc = 95.64%
Epoch 376, cost = 1.488336, train_acc = 97.29% val_acc = 95.44%
Epoch 377, cost = 1.489438, train_acc = 97.26% val_acc = 95.76%
Epoch 378, cost = 1.489713, train_acc = 97.24% val_acc = 95.76%
Epoch 379, cost = 1.489455, train_acc = 97.22% val_acc = 95.55%
Epoch 380, cost = 1.488738, train_acc = 97.17% val_acc = 95.51%
Epoch 381, cost = 1.489581, train_acc = 97.05% val_acc = 95.38%
Epoch 382, cost = 1.490115, train_acc = 97.11% val_acc = 95.19%
Epoch 383, cost = 1.488387, train_acc = 97.34% val_acc = 95.48%
Epoch 384, cost = 1.489656, train_acc = 97.26% val_acc = 95.55%
Epoch 385, cost = 1.490004, train_acc = 97.33% val_acc = 95.70%
Epoch 386, cost = 1.489512, train_acc = 97.44% val_acc = 95.46%
Epoch 387, cost = 1.488699, train_acc = 97.24% val_acc = 95.40%
Epoch 388, cost = 1.489432, train_acc = 97.33% val_acc = 95.75%
Epoch 389, cost = 1.489407, train_acc = 97.35% val_acc = 95.50%
Epoch 390, cost = 1.489640, train_acc = 97.32% val_acc = 95.52%
Epoch 391, cost = 1.488376, train_acc = 97.38% val_acc = 95.58%
Epoch 392, cost = 1.489367, train_acc = 97.26% val_acc = 95.18%
Epoch 393, cost = 1.490212, train_acc = 97.10% val_acc = 95.79%
Epoch 394, cost = 1.489181, train_acc = 97.24% val_acc = 95.08%
Epoch 395, cost = 1.489373, train_acc = 97.43% val_acc = 95.46%
Epoch 396, cost = 1.488463, train_acc = 97.31% val_acc = 95.63%
Epoch 397, cost = 1.488854, train_acc = 97.25% val_acc = 95.56%
Epoch 398, cost = 1.488683, train_acc = 97.43% val_acc = 95.65%
Epoch 399, cost = 1.488874, train_acc = 97.25% val_acc = 95.22%
Epoch 400, cost = 1.489755, train_acc = 97.35% val_acc = 95.32%
Epoch 401, cost = 1.489666, train_acc = 97.23% val_acc = 95.26%
Epoch 402, cost = 1.488614, train_acc = 97.38% val_acc = 95.15%
Epoch 403, cost = 1.488392, train_acc = 97.39% val_acc = 95.70%
Epoch 404, cost = 1.489058, train_acc = 97.34% val_acc = 95.11%
Epoch 405, cost = 1.488428, train_acc = 97.28% val_acc = 95.63%
Epoch 406, cost = 1.487675, train_acc = 97.31% val_acc = 95.39%
Epoch 407, cost = 1.489317, train_acc = 97.00% val_acc = 95.12%
Epoch 408, cost = 1.488964, train_acc = 97.19% val_acc = 95.71%
Epoch 409, cost = 1.488707, train_acc = 97.18% val_acc = 95.59%
Epoch 410, cost = 1.488349, train_acc = 97.32% val_acc = 95.91%
Epoch 411, cost = 1.488539, train_acc = 97.34% val_acc = 95.65%
Epoch 412, cost = 1.488684, train_acc = 97.31% val_acc = 95.43%
Epoch 413, cost = 1.488586, train_acc = 97.26% val_acc = 95.11%
Epoch 414, cost = 1.490013, train_acc = 97.28% val_acc = 95.39%
Epoch 415, cost = 1.488439, train_acc = 97.48% val_acc = 95.87%
Epoch 416, cost = 1.489008, train_acc = 97.31% val_acc = 95.56%
Epoch 417, cost = 1.489564, train_acc = 97.31% val_acc = 95.54%
Epoch 418, cost = 1.488011, train_acc = 97.10% val_acc = 95.26%
Epoch 419, cost = 1.487892, train_acc = 97.12% val_acc = 95.45%
Epoch 420, cost = 1.488239, train_acc = 97.18% val_acc = 95.48%
Epoch 421, cost = 1.489004, train_acc = 97.33% val_acc = 94.93%
Epoch 422, cost = 1.488824, train_acc = 97.33% val_acc = 95.38%
Epoch 423, cost = 1.488792, train_acc = 97.29% val_acc = 95.59%
Epoch 424, cost = 1.487892, train_acc = 97.44% val_acc = 95.52%
Epoch 425, cost = 1.487745, train_acc = 97.34% val_acc = 95.46%
Epoch 426, cost = 1.488290, train_acc = 97.29% val_acc = 95.57%
Epoch 427, cost = 1.488243, train_acc = 97.11% val_acc = 95.45%
Epoch 428, cost = 1.488066, train_acc = 97.48% val_acc = 95.60%
Epoch 429, cost = 1.489172, train_acc = 97.37% val_acc = 95.57%
Epoch 430, cost = 1.488201, train_acc = 97.54% val_acc = 95.45%
Epoch 431, cost = 1.488001, train_acc = 97.37% val_acc = 95.31%
Epoch 432, cost = 1.488283, train_acc = 97.25% val_acc = 95.84%
Epoch 433, cost = 1.488390, train_acc = 97.42% val_acc = 95.87%
Epoch 434, cost = 1.488762, train_acc = 97.45% val_acc = 95.49%
Epoch 435, cost = 1.488656, train_acc = 97.44% val_acc = 95.09%
Epoch 436, cost = 1.488292, train_acc = 97.29% val_acc = 95.59%
Epoch 437, cost = 1.488004, train_acc = 97.39% val_acc = 95.44%
Epoch 438, cost = 1.488108, train_acc = 97.20% val_acc = 95.50%
Epoch 439, cost = 1.488261, train_acc = 97.33% val_acc = 95.52%
Epoch 440, cost = 1.488373, train_acc = 97.33% val_acc = 95.71%
Epoch 441, cost = 1.488815, train_acc = 97.41% val_acc = 95.76%
Epoch 442, cost = 1.488444, train_acc = 97.20% val_acc = 94.95%
Epoch 443, cost = 1.488178, train_acc = 97.29% val_acc = 95.93%
Epoch 444, cost = 1.488564, train_acc = 97.35% val_acc = 95.24%
Epoch 445, cost = 1.488222, train_acc = 97.30% val_acc = 95.16%
Epoch 446, cost = 1.487933, train_acc = 97.39% val_acc = 95.50%
Epoch 447, cost = 1.488430, train_acc = 97.40% val_acc = 95.42%
Epoch 448, cost = 1.487717, train_acc = 97.29% val_acc = 95.08%
Epoch 449, cost = 1.488174, train_acc = 97.34% val_acc = 95.64%
Epoch 450, cost = 1.488333, train_acc = 97.26% val_acc = 95.74%
Epoch 451, cost = 1.488931, train_acc = 97.31% val_acc = 95.60%
Epoch 452, cost = 1.487799, train_acc = 97.32% val_acc = 95.53%
Epoch 453, cost = 1.487306, train_acc = 97.32% val_acc = 95.55%
Epoch 454, cost = 1.488260, train_acc = 97.33% val_acc = 95.41%
Epoch 455, cost = 1.488285, train_acc = 97.17% val_acc = 95.73%
Epoch 456, cost = 1.487683, train_acc = 97.41% val_acc = 95.74%
Epoch 457, cost = 1.488530, train_acc = 97.48% val_acc = 95.57%
Epoch 458, cost = 1.487305, train_acc = 97.54% val_acc = 95.84%
Epoch 459, cost = 1.487321, train_acc = 97.39% val_acc = 95.50%
Epoch 460, cost = 1.486844, train_acc = 97.34% val_acc = 95.49%
Epoch 461, cost = 1.488382, train_acc = 97.38% val_acc = 95.61%
Epoch 462, cost = 1.487284, train_acc = 97.44% val_acc = 95.68%
Epoch 463, cost = 1.487340, train_acc = 97.31% val_acc = 95.34%
Epoch 464, cost = 1.488428, train_acc = 97.44% val_acc = 95.73%
Epoch 465, cost = 1.488002, train_acc = 97.47% val_acc = 95.43%
Epoch 466, cost = 1.487998, train_acc = 97.39% val_acc = 96.07%
Epoch 467, cost = 1.488501, train_acc = 97.32% val_acc = 95.76%
Epoch 468, cost = 1.488817, train_acc = 97.33% val_acc = 95.68%
Epoch 469, cost = 1.487585, train_acc = 97.35% val_acc = 95.61%
Epoch 470, cost = 1.488119, train_acc = 97.39% val_acc = 95.43%
Epoch 471, cost = 1.488003, train_acc = 97.31% val_acc = 95.79%
Epoch 472, cost = 1.487171, train_acc = 97.41% val_acc = 95.85%
Epoch 473, cost = 1.488244, train_acc = 97.59% val_acc = 95.49%
Epoch 474, cost = 1.487262, train_acc = 97.52% val_acc = 95.64%
Epoch 475, cost = 1.487629, train_acc = 97.24% val_acc = 95.41%
Epoch 476, cost = 1.487373, train_acc = 97.34% val_acc = 95.91%
Epoch 477, cost = 1.487610, train_acc = 97.52% val_acc = 95.77%
Epoch 478, cost = 1.487484, train_acc = 97.28% val_acc = 95.31%
Epoch 479, cost = 1.488279, train_acc = 97.58% val_acc = 95.73%
Epoch 480, cost = 1.488343, train_acc = 97.39% val_acc = 95.63%
Epoch 481, cost = 1.487376, train_acc = 97.43% val_acc = 95.96%
Epoch 482, cost = 1.486841, train_acc = 97.22% val_acc = 95.59%
Epoch 483, cost = 1.487438, train_acc = 97.30% val_acc = 95.64%
Epoch 484, cost = 1.487217, train_acc = 97.36% val_acc = 95.46%
Epoch 485, cost = 1.487141, train_acc = 97.38% val_acc = 95.64%
Epoch 486, cost = 1.487302, train_acc = 97.55% val_acc = 95.81%
Epoch 487, cost = 1.486236, train_acc = 97.48% val_acc = 95.85%
Epoch 488, cost = 1.486891, train_acc = 97.46% val_acc = 95.60%
Epoch 489, cost = 1.487317, train_acc = 97.31% val_acc = 95.75%
Epoch 490, cost = 1.487651, train_acc = 97.45% val_acc = 95.70%
Epoch 491, cost = 1.487869, train_acc = 97.53% val_acc = 95.64%
Epoch 492, cost = 1.488003, train_acc = 97.51% val_acc = 95.89%
Epoch 493, cost = 1.486444, train_acc = 97.41% val_acc = 95.85%
Epoch 494, cost = 1.488122, train_acc = 97.39% val_acc = 95.72%
Epoch 495, cost = 1.487064, train_acc = 97.47% val_acc = 95.65%
Epoch 496, cost = 1.487546, train_acc = 97.25% val_acc = 95.51%
Epoch 497, cost = 1.486808, train_acc = 97.52% val_acc = 95.60%
Epoch 498, cost = 1.485878, train_acc = 97.31% val_acc = 95.32%
Epoch 499, cost = 1.487060, train_acc = 97.40% val_acc = 95.36%
Epoch 500, cost = 1.486576, train_acc = 97.55% val_acc = 95.67%
Epoch 501, cost = 1.487215, train_acc = 97.64% val_acc = 95.96%
Epoch 502, cost = 1.487800, train_acc = 97.47% val_acc = 95.58%
Epoch 503, cost = 1.487042, train_acc = 97.30% val_acc = 95.11%
Epoch 504, cost = 1.487055, train_acc = 97.52% val_acc = 95.43%
Epoch 505, cost = 1.486483, train_acc = 97.50% val_acc = 95.97%
Epoch 506, cost = 1.486845, train_acc = 97.55% val_acc = 95.82%
Epoch 507, cost = 1.486656, train_acc = 97.53% val_acc = 95.92%
Epoch 508, cost = 1.487285, train_acc = 97.31% val_acc = 95.29%
Epoch 509, cost = 1.486461, train_acc = 97.42% val_acc = 95.77%
Epoch 510, cost = 1.486985, train_acc = 97.31% val_acc = 95.58%
Epoch 511, cost = 1.488848, train_acc = 97.29% val_acc = 95.45%
Epoch 512, cost = 1.487201, train_acc = 97.35% val_acc = 95.92%
Epoch 513, cost = 1.486642, train_acc = 97.43% val_acc = 95.66%
Epoch 514, cost = 1.486672, train_acc = 97.44% val_acc = 95.61%
Epoch 515, cost = 1.486321, train_acc = 97.41% val_acc = 95.25%
Epoch 516, cost = 1.486812, train_acc = 97.53% val_acc = 95.30%
Epoch 517, cost = 1.486987, train_acc = 97.64% val_acc = 95.88%
Epoch 518, cost = 1.487708, train_acc = 97.36% val_acc = 95.33%
Epoch 519, cost = 1.487681, train_acc = 97.29% val_acc = 95.05%
Epoch 520, cost = 1.487016, train_acc = 97.56% val_acc = 95.91%
Epoch 521, cost = 1.487332, train_acc = 97.54% val_acc = 95.56%
Epoch 522, cost = 1.487545, train_acc = 97.54% val_acc = 95.88%
Epoch 523, cost = 1.486241, train_acc = 97.54% val_acc = 95.82%
Epoch 524, cost = 1.486758, train_acc = 97.37% val_acc = 95.60%
Epoch 525, cost = 1.486928, train_acc = 97.56% val_acc = 95.85%
Epoch 526, cost = 1.486353, train_acc = 97.57% val_acc = 95.32%
Epoch 527, cost = 1.486786, train_acc = 97.50% val_acc = 95.72%
Epoch 528, cost = 1.486529, train_acc = 97.60% val_acc = 95.67%
Epoch 529, cost = 1.486820, train_acc = 97.48% val_acc = 95.54%
Epoch 530, cost = 1.487070, train_acc = 97.49% val_acc = 95.89%
Epoch 531, cost = 1.486428, train_acc = 97.58% val_acc = 95.76%
Epoch 532, cost = 1.486817, train_acc = 97.55% val_acc = 95.85%
Epoch 533, cost = 1.485625, train_acc = 97.52% val_acc = 95.66%
Epoch 534, cost = 1.486218, train_acc = 97.32% val_acc = 95.48%
Epoch 535, cost = 1.485881, train_acc = 97.56% val_acc = 95.53%
Epoch 536, cost = 1.486358, train_acc = 97.39% val_acc = 96.03%
Epoch 537, cost = 1.486541, train_acc = 97.52% val_acc = 95.73%
Epoch 538, cost = 1.486957, train_acc = 97.55% val_acc = 95.44%
Epoch 539, cost = 1.487104, train_acc = 97.49% val_acc = 95.57%
Epoch 540, cost = 1.487184, train_acc = 97.46% val_acc = 95.49%
Epoch 541, cost = 1.487248, train_acc = 97.56% val_acc = 96.16%
Epoch 542, cost = 1.486495, train_acc = 97.37% val_acc = 95.89%
Epoch 543, cost = 1.486583, train_acc = 97.53% val_acc = 95.80%
Epoch 544, cost = 1.486666, train_acc = 97.58% val_acc = 95.75%
Epoch 545, cost = 1.486385, train_acc = 97.52% val_acc = 95.54%
Epoch 546, cost = 1.486259, train_acc = 97.33% val_acc = 95.43%
Epoch 547, cost = 1.486908, train_acc = 97.52% val_acc = 95.70%
Epoch 548, cost = 1.487519, train_acc = 97.56% val_acc = 95.55%
Epoch 549, cost = 1.487013, train_acc = 97.44% val_acc = 95.67%
Epoch 550, cost = 1.486498, train_acc = 97.59% val_acc = 95.96%
Epoch 551, cost = 1.485506, train_acc = 97.63% val_acc = 95.95%
Epoch 552, cost = 1.485986, train_acc = 97.59% val_acc = 95.49%
Epoch 553, cost = 1.486627, train_acc = 97.62% val_acc = 95.62%
Epoch 554, cost = 1.486205, train_acc = 97.54% val_acc = 95.83%
Epoch 555, cost = 1.486873, train_acc = 97.48% val_acc = 95.53%
Epoch 556, cost = 1.486551, train_acc = 97.65% val_acc = 95.92%
Epoch 557, cost = 1.485755, train_acc = 97.51% val_acc = 95.60%
Epoch 558, cost = 1.486390, train_acc = 97.49% val_acc = 95.50%
Epoch 559, cost = 1.486799, train_acc = 97.49% val_acc = 95.74%
Epoch 560, cost = 1.486161, train_acc = 97.45% val_acc = 95.83%
Epoch 561, cost = 1.486352, train_acc = 97.59% val_acc = 95.73%
Epoch 562, cost = 1.487205, train_acc = 97.58% val_acc = 95.73%
Epoch 563, cost = 1.485980, train_acc = 97.48% val_acc = 95.74%
Epoch 564, cost = 1.485600, train_acc = 97.61% val_acc = 95.71%
Epoch 565, cost = 1.486606, train_acc = 97.63% val_acc = 95.85%
Epoch 566, cost = 1.486258, train_acc = 97.55% val_acc = 95.65%
Epoch 567, cost = 1.486482, train_acc = 97.52% val_acc = 95.81%
Epoch 568, cost = 1.485451, train_acc = 97.58% val_acc = 95.78%
Epoch 569, cost = 1.486280, train_acc = 97.60% val_acc = 95.65%
Epoch 570, cost = 1.486775, train_acc = 97.56% val_acc = 95.81%
Epoch 571, cost = 1.486658, train_acc = 97.48% val_acc = 95.75%
Epoch 572, cost = 1.487333, train_acc = 97.60% val_acc = 95.48%
Epoch 573, cost = 1.487647, train_acc = 97.58% val_acc = 95.48%
Epoch 574, cost = 1.485598, train_acc = 97.55% val_acc = 95.86%
Epoch 575, cost = 1.486831, train_acc = 97.41% val_acc = 95.37%
Epoch 576, cost = 1.487520, train_acc = 97.57% val_acc = 95.64%
Epoch 577, cost = 1.487382, train_acc = 97.31% val_acc = 95.51%
Epoch 578, cost = 1.487819, train_acc = 97.50% val_acc = 95.76%
Epoch 579, cost = 1.486915, train_acc = 97.45% val_acc = 95.34%
Epoch 580, cost = 1.486005, train_acc = 97.34% val_acc = 95.29%
Epoch 581, cost = 1.486035, train_acc = 97.56% val_acc = 95.45%
Epoch 582, cost = 1.487176, train_acc = 97.51% val_acc = 95.90%
Epoch 583, cost = 1.486388, train_acc = 97.61% val_acc = 95.58%
Epoch 584, cost = 1.486650, train_acc = 97.53% val_acc = 95.54%
Epoch 585, cost = 1.486269, train_acc = 97.50% val_acc = 95.71%
Epoch 586, cost = 1.486857, train_acc = 97.51% val_acc = 95.69%
Epoch 587, cost = 1.486253, train_acc = 97.59% val_acc = 95.57%
Epoch 588, cost = 1.486377, train_acc = 97.35% val_acc = 95.53%
Epoch 589, cost = 1.486527, train_acc = 97.50% val_acc = 95.74%
Epoch 590, cost = 1.486843, train_acc = 97.59% val_acc = 95.91%
Epoch 591, cost = 1.486866, train_acc = 97.49% val_acc = 95.39%
Epoch 592, cost = 1.486571, train_acc = 97.50% val_acc = 96.02%
Epoch 593, cost = 1.485798, train_acc = 97.58% val_acc = 96.17%
Epoch 594, cost = 1.487423, train_acc = 97.57% val_acc = 95.87%
Epoch 595, cost = 1.487414, train_acc = 97.48% val_acc = 95.94%
Epoch 596, cost = 1.485146, train_acc = 97.55% val_acc = 95.12%
Epoch 597, cost = 1.486671, train_acc = 97.36% val_acc = 95.78%
Epoch 598, cost = 1.485341, train_acc = 97.64% val_acc = 95.84%
Epoch 599, cost = 1.486272, train_acc = 97.52% val_acc = 95.68%
Epoch 600, cost = 1.486762, train_acc = 97.64% val_acc = 95.78%
Epoch 601, cost = 1.486081, train_acc = 97.66% val_acc = 95.82%
Epoch 602, cost = 1.485191, train_acc = 97.56% val_acc = 95.48%
Epoch 603, cost = 1.486532, train_acc = 97.44% val_acc = 95.62%
Epoch 604, cost = 1.486090, train_acc = 97.49% val_acc = 95.57%
Epoch 605, cost = 1.486234, train_acc = 97.52% val_acc = 95.39%
Epoch 606, cost = 1.485896, train_acc = 97.65% val_acc = 95.56%
Epoch 607, cost = 1.485782, train_acc = 97.55% val_acc = 95.56%
Epoch 608, cost = 1.486477, train_acc = 97.49% val_acc = 95.28%
Epoch 609, cost = 1.485106, train_acc = 97.69% val_acc = 95.72%
Epoch 610, cost = 1.486073, train_acc = 97.43% val_acc = 95.82%
Epoch 611, cost = 1.485954, train_acc = 97.60% val_acc = 95.56%
Epoch 612, cost = 1.486420, train_acc = 97.61% val_acc = 95.80%
Epoch 613, cost = 1.485663, train_acc = 97.58% val_acc = 95.84%
Epoch 614, cost = 1.485552, train_acc = 97.60% val_acc = 95.69%
Epoch 615, cost = 1.486231, train_acc = 97.62% val_acc = 95.43%
Epoch 616, cost = 1.485921, train_acc = 97.65% val_acc = 95.42%
Epoch 617, cost = 1.486220, train_acc = 97.58% val_acc = 95.54%
Epoch 618, cost = 1.486460, train_acc = 97.55% val_acc = 95.60%
Epoch 619, cost = 1.485346, train_acc = 97.68% val_acc = 95.55%
Epoch 620, cost = 1.486170, train_acc = 97.50% val_acc = 95.63%
Epoch 621, cost = 1.486169, train_acc = 97.51% val_acc = 95.55%
Epoch 622, cost = 1.487595, train_acc = 97.67% val_acc = 95.61%
Epoch 623, cost = 1.485695, train_acc = 97.58% val_acc = 95.40%
Epoch 624, cost = 1.486515, train_acc = 97.63% val_acc = 95.66%
Epoch 625, cost = 1.485159, train_acc = 97.54% val_acc = 95.90%
Epoch 626, cost = 1.485529, train_acc = 97.60% val_acc = 95.81%
Epoch 627, cost = 1.485852, train_acc = 97.53% val_acc = 95.98%
Epoch 628, cost = 1.485182, train_acc = 97.59% val_acc = 95.87%
Epoch 629, cost = 1.486702, train_acc = 97.67% val_acc = 95.70%
Epoch 630, cost = 1.486381, train_acc = 97.57% val_acc = 95.60%
Epoch 631, cost = 1.486133, train_acc = 97.56% val_acc = 95.62%
Epoch 632, cost = 1.485398, train_acc = 97.66% val_acc = 95.86%
Epoch 633, cost = 1.486181, train_acc = 97.50% val_acc = 95.63%
Epoch 634, cost = 1.486277, train_acc = 97.53% val_acc = 95.66%
Epoch 635, cost = 1.485584, train_acc = 97.61% val_acc = 96.06%
Epoch 636, cost = 1.485963, train_acc = 97.51% val_acc = 95.86%
Epoch 637, cost = 1.485261, train_acc = 97.65% val_acc = 95.69%
Epoch 638, cost = 1.485620, train_acc = 97.39% val_acc = 95.20%
Epoch 639, cost = 1.485990, train_acc = 97.51% val_acc = 95.25%
Epoch 640, cost = 1.486253, train_acc = 97.69% val_acc = 95.48%
Epoch 641, cost = 1.484752, train_acc = 97.62% val_acc = 95.90%
Epoch 642, cost = 1.485663, train_acc = 97.65% val_acc = 95.63%
Epoch 643, cost = 1.485424, train_acc = 97.67% val_acc = 95.75%
Epoch 644, cost = 1.485891, train_acc = 97.42% val_acc = 95.90%
Epoch 645, cost = 1.486224, train_acc = 97.56% val_acc = 95.78%
Epoch 646, cost = 1.485258, train_acc = 97.70% val_acc = 95.55%
Epoch 647, cost = 1.486288, train_acc = 97.70% val_acc = 95.87%
Epoch 648, cost = 1.486140, train_acc = 97.68% val_acc = 95.77%
Epoch 649, cost = 1.486236, train_acc = 97.64% val_acc = 95.80%
Epoch 650, cost = 1.486722, train_acc = 97.69% val_acc = 95.84%
Epoch 651, cost = 1.486413, train_acc = 97.48% val_acc = 95.88%
Epoch 652, cost = 1.486372, train_acc = 97.54% val_acc = 95.70%
Epoch 653, cost = 1.486130, train_acc = 97.69% val_acc = 95.79%
Epoch 654, cost = 1.486068, train_acc = 97.64% val_acc = 95.68%
Epoch 655, cost = 1.486574, train_acc = 97.59% val_acc = 95.81%
Epoch 656, cost = 1.486265, train_acc = 97.53% val_acc = 95.57%
Epoch 657, cost = 1.485770, train_acc = 97.63% val_acc = 95.87%
Epoch 658, cost = 1.486011, train_acc = 97.61% val_acc = 95.68%
Epoch 659, cost = 1.485810, train_acc = 97.64% val_acc = 95.42%
Epoch 660, cost = 1.485306, train_acc = 97.57% val_acc = 95.66%
Epoch 661, cost = 1.486109, train_acc = 97.52% val_acc = 95.60%
Epoch 662, cost = 1.484831, train_acc = 97.31% val_acc = 95.20%
Epoch 663, cost = 1.485321, train_acc = 97.61% val_acc = 95.28%
Epoch 664, cost = 1.484493, train_acc = 97.73% val_acc = 95.62%
Epoch 665, cost = 1.484692, train_acc = 97.30% val_acc = 95.71%
Epoch 666, cost = 1.485819, train_acc = 97.71% val_acc = 95.84%
Epoch 667, cost = 1.485502, train_acc = 97.03% val_acc = 95.14%
Epoch 668, cost = 1.486628, train_acc = 97.59% val_acc = 95.96%
Epoch 669, cost = 1.485509, train_acc = 97.48% val_acc = 96.01%
Epoch 670, cost = 1.486774, train_acc = 97.70% val_acc = 95.48%
Epoch 671, cost = 1.486675, train_acc = 97.52% val_acc = 95.80%
Epoch 672, cost = 1.486730, train_acc = 97.62% val_acc = 95.81%
Epoch 673, cost = 1.485861, train_acc = 97.58% val_acc = 95.75%
Epoch 674, cost = 1.485531, train_acc = 97.45% val_acc = 95.37%
Epoch 675, cost = 1.485761, train_acc = 97.47% val_acc = 95.51%
Epoch 676, cost = 1.486705, train_acc = 97.63% val_acc = 95.46%
Epoch 677, cost = 1.486349, train_acc = 97.68% val_acc = 95.36%
Epoch 678, cost = 1.484873, train_acc = 97.64% val_acc = 96.02%
Epoch 679, cost = 1.485369, train_acc = 97.66% val_acc = 95.63%
Epoch 680, cost = 1.486114, train_acc = 97.61% val_acc = 95.66%
Epoch 681, cost = 1.486109, train_acc = 97.56% val_acc = 95.66%
Epoch 682, cost = 1.486832, train_acc = 97.44% val_acc = 96.17%
Epoch 683, cost = 1.486553, train_acc = 97.37% val_acc = 95.25%
Epoch 684, cost = 1.486695, train_acc = 97.64% val_acc = 95.71%
Epoch 685, cost = 1.486642, train_acc = 97.69% val_acc = 96.24%
Epoch 686, cost = 1.486326, train_acc = 97.64% val_acc = 95.23%
Epoch 687, cost = 1.485548, train_acc = 97.73% val_acc = 95.94%
Epoch 688, cost = 1.485587, train_acc = 97.67% val_acc = 95.67%
Epoch 689, cost = 1.485511, train_acc = 97.59% val_acc = 95.69%
Epoch 690, cost = 1.485794, train_acc = 97.64% val_acc = 96.18%
Epoch 691, cost = 1.485238, train_acc = 97.66% val_acc = 96.06%
Epoch 692, cost = 1.485762, train_acc = 97.67% val_acc = 96.00%
Epoch 693, cost = 1.485152, train_acc = 97.59% val_acc = 96.00%
Epoch 694, cost = 1.485248, train_acc = 97.74% val_acc = 96.00%
Epoch 695, cost = 1.485122, train_acc = 97.77% val_acc = 95.77%
Epoch 696, cost = 1.485263, train_acc = 97.46% val_acc = 95.64%
Epoch 697, cost = 1.486541, train_acc = 97.49% val_acc = 95.83%
Epoch 698, cost = 1.485587, train_acc = 97.47% val_acc = 95.65%
Epoch 699, cost = 1.485799, train_acc = 97.63% val_acc = 95.75%
Epoch 700, cost = 1.485420, train_acc = 97.28% val_acc = 95.52%
Epoch 701, cost = 1.485674, train_acc = 97.57% val_acc = 95.49%
Epoch 702, cost = 1.485613, train_acc = 97.57% val_acc = 95.93%
Epoch 703, cost = 1.485699, train_acc = 97.60% val_acc = 95.53%
Epoch 704, cost = 1.485687, train_acc = 97.60% val_acc = 95.75%
Epoch 705, cost = 1.485896, train_acc = 97.54% val_acc = 95.93%
Epoch 706, cost = 1.486107, train_acc = 97.73% val_acc = 95.86%
Epoch 707, cost = 1.486012, train_acc = 97.64% val_acc = 96.12%
Epoch 708, cost = 1.485133, train_acc = 97.76% val_acc = 95.79%
Epoch 709, cost = 1.484640, train_acc = 97.71% val_acc = 95.68%
Epoch 710, cost = 1.486564, train_acc = 97.27% val_acc = 95.03%
Epoch 711, cost = 1.485904, train_acc = 97.57% val_acc = 95.89%
Epoch 712, cost = 1.484825, train_acc = 97.75% val_acc = 95.58%
Epoch 713, cost = 1.484861, train_acc = 97.60% val_acc = 95.85%
Epoch 714, cost = 1.485053, train_acc = 97.58% val_acc = 95.73%
Epoch 715, cost = 1.485135, train_acc = 97.60% val_acc = 95.86%
Epoch 716, cost = 1.486013, train_acc = 97.77% val_acc = 96.09%
Epoch 717, cost = 1.484861, train_acc = 97.72% val_acc = 95.76%
Epoch 718, cost = 1.484296, train_acc = 97.27% val_acc = 95.37%
Epoch 719, cost = 1.484826, train_acc = 97.66% val_acc = 95.78%
Epoch 720, cost = 1.486237, train_acc = 97.66% val_acc = 95.63%
Epoch 721, cost = 1.485813, train_acc = 97.33% val_acc = 95.23%
Epoch 722, cost = 1.485554, train_acc = 97.27% val_acc = 95.58%
Epoch 723, cost = 1.484472, train_acc = 97.76% val_acc = 95.59%
Epoch 724, cost = 1.485877, train_acc = 97.70% val_acc = 95.88%
Epoch 725, cost = 1.484934, train_acc = 97.72% val_acc = 95.79%
Epoch 726, cost = 1.485755, train_acc = 97.38% val_acc = 95.18%
Epoch 727, cost = 1.485384, train_acc = 97.60% val_acc = 95.74%
Epoch 728, cost = 1.486579, train_acc = 97.62% val_acc = 95.61%
Epoch 729, cost = 1.484979, train_acc = 97.58% val_acc = 95.93%
Epoch 730, cost = 1.486293, train_acc = 97.66% val_acc = 95.52%
Epoch 731, cost = 1.485392, train_acc = 97.69% val_acc = 95.87%
Epoch 732, cost = 1.484763, train_acc = 97.62% val_acc = 95.61%
Epoch 733, cost = 1.485633, train_acc = 97.55% val_acc = 95.50%
Epoch 734, cost = 1.485524, train_acc = 97.47% val_acc = 95.53%
Epoch 735, cost = 1.485823, train_acc = 97.68% val_acc = 95.75%
Epoch 736, cost = 1.485637, train_acc = 97.64% val_acc = 96.07%
Epoch 737, cost = 1.485809, train_acc = 97.80% val_acc = 95.81%
Epoch 738, cost = 1.484457, train_acc = 97.69% val_acc = 95.39%
Epoch 739, cost = 1.484523, train_acc = 97.65% val_acc = 95.62%
Epoch 740, cost = 1.485072, train_acc = 97.65% val_acc = 95.84%
Epoch 741, cost = 1.485013, train_acc = 97.70% val_acc = 94.93%
Epoch 742, cost = 1.485374, train_acc = 97.57% val_acc = 95.56%
Epoch 743, cost = 1.485469, train_acc = 97.73% val_acc = 95.48%
Epoch 744, cost = 1.485636, train_acc = 97.27% val_acc = 95.54%
Epoch 745, cost = 1.485054, train_acc = 97.60% val_acc = 95.70%
Epoch 746, cost = 1.484965, train_acc = 97.40% val_acc = 95.70%
Epoch 747, cost = 1.485167, train_acc = 97.66% val_acc = 95.79%
Epoch 748, cost = 1.485076, train_acc = 97.64% val_acc = 95.49%
Epoch 749, cost = 1.485725, train_acc = 97.77% val_acc = 96.19%
Epoch 750, cost = 1.485498, train_acc = 97.61% val_acc = 95.39%
Epoch 751, cost = 1.485171, train_acc = 97.60% val_acc = 95.74%
Epoch 752, cost = 1.486335, train_acc = 97.68% val_acc = 95.72%
Epoch 753, cost = 1.484114, train_acc = 97.70% val_acc = 95.93%
Epoch 754, cost = 1.484973, train_acc = 97.56% val_acc = 95.42%
Epoch 755, cost = 1.485603, train_acc = 97.63% val_acc = 95.86%
Epoch 756, cost = 1.485228, train_acc = 97.73% val_acc = 95.97%
Epoch 757, cost = 1.484582, train_acc = 97.77% val_acc = 95.84%
Epoch 758, cost = 1.484800, train_acc = 97.82% val_acc = 95.55%
Epoch 759, cost = 1.485207, train_acc = 97.70% val_acc = 96.05%
Epoch 760, cost = 1.484877, train_acc = 97.70% val_acc = 95.68%
Epoch 761, cost = 1.485408, train_acc = 97.59% val_acc = 95.75%
Epoch 762, cost = 1.485067, train_acc = 97.73% val_acc = 95.78%
Epoch 763, cost = 1.485243, train_acc = 97.56% val_acc = 95.24%
Epoch 764, cost = 1.485859, train_acc = 97.59% val_acc = 95.75%
Epoch 765, cost = 1.484688, train_acc = 97.69% val_acc = 95.44%
Epoch 766, cost = 1.486438, train_acc = 97.71% val_acc = 95.54%
Epoch 767, cost = 1.485038, train_acc = 97.65% val_acc = 95.95%
Epoch 768, cost = 1.485113, train_acc = 97.74% val_acc = 95.42%
Epoch 769, cost = 1.485041, train_acc = 97.68% val_acc = 95.61%
Epoch 770, cost = 1.484654, train_acc = 97.71% val_acc = 95.58%
Epoch 771, cost = 1.484602, train_acc = 97.73% val_acc = 95.74%
Epoch 772, cost = 1.484726, train_acc = 97.69% val_acc = 96.02%
Epoch 773, cost = 1.484656, train_acc = 97.71% val_acc = 95.11%
Epoch 774, cost = 1.483844, train_acc = 97.69% val_acc = 95.49%
Epoch 775, cost = 1.484199, train_acc = 97.60% val_acc = 95.81%
Epoch 776, cost = 1.484534, train_acc = 97.86% val_acc = 95.92%
Epoch 777, cost = 1.484527, train_acc = 97.69% val_acc = 95.66%
Epoch 778, cost = 1.484884, train_acc = 97.79% val_acc = 95.77%
Epoch 779, cost = 1.485378, train_acc = 97.62% val_acc = 95.77%
Epoch 780, cost = 1.485172, train_acc = 97.44% val_acc = 95.98%
Epoch 781, cost = 1.484797, train_acc = 97.70% val_acc = 95.79%
Epoch 782, cost = 1.485029, train_acc = 97.78% val_acc = 95.67%
Epoch 783, cost = 1.484081, train_acc = 97.65% val_acc = 95.84%
Epoch 784, cost = 1.483948, train_acc = 97.67% val_acc = 96.01%
Epoch 785, cost = 1.483817, train_acc = 97.62% val_acc = 95.73%
Epoch 786, cost = 1.485591, train_acc = 97.64% val_acc = 95.83%
Epoch 787, cost = 1.484747, train_acc = 97.73% val_acc = 95.86%
Epoch 788, cost = 1.485349, train_acc = 97.71% val_acc = 95.61%
Epoch 789, cost = 1.484702, train_acc = 97.78% val_acc = 95.84%
Epoch 790, cost = 1.485065, train_acc = 97.60% val_acc = 95.93%
Epoch 791, cost = 1.484964, train_acc = 97.52% val_acc = 95.68%
Epoch 792, cost = 1.484940, train_acc = 97.45% val_acc = 95.94%
Epoch 793, cost = 1.484314, train_acc = 97.65% val_acc = 95.89%
Epoch 794, cost = 1.484520, train_acc = 97.67% val_acc = 95.37%
Epoch 795, cost = 1.484261, train_acc = 97.73% val_acc = 95.71%
Epoch 796, cost = 1.484657, train_acc = 97.78% val_acc = 95.55%
Epoch 797, cost = 1.484623, train_acc = 97.72% val_acc = 95.63%
Epoch 798, cost = 1.483780, train_acc = 97.76% val_acc = 95.83%
Epoch 799, cost = 1.483600, train_acc = 97.58% val_acc = 95.84%
Epoch 800, cost = 1.485494, train_acc = 97.73% val_acc = 96.05%
Epoch 801, cost = 1.484528, train_acc = 97.76% val_acc = 96.01%
Epoch 802, cost = 1.485122, train_acc = 97.72% val_acc = 95.76%
Epoch 803, cost = 1.484407, train_acc = 97.75% val_acc = 95.83%
Epoch 804, cost = 1.484525, train_acc = 97.81% val_acc = 95.73%
Epoch 805, cost = 1.485181, train_acc = 97.80% val_acc = 95.91%
Epoch 806, cost = 1.484621, train_acc = 97.71% val_acc = 95.81%
Epoch 807, cost = 1.485243, train_acc = 97.44% val_acc = 95.88%
Epoch 808, cost = 1.485416, train_acc = 97.65% val_acc = 95.71%
Epoch 809, cost = 1.485010, train_acc = 97.59% val_acc = 95.29%
Epoch 810, cost = 1.485460, train_acc = 97.71% val_acc = 95.57%
Epoch 811, cost = 1.485077, train_acc = 97.60% val_acc = 96.03%
Epoch 812, cost = 1.484986, train_acc = 97.67% val_acc = 95.87%
Epoch 813, cost = 1.484981, train_acc = 97.81% val_acc = 95.74%
Epoch 814, cost = 1.484665, train_acc = 97.63% val_acc = 95.85%
Epoch 815, cost = 1.484020, train_acc = 97.62% val_acc = 95.45%
Epoch 816, cost = 1.484538, train_acc = 97.81% val_acc = 95.78%
Epoch 817, cost = 1.484311, train_acc = 97.78% val_acc = 95.98%
Epoch 818, cost = 1.485659, train_acc = 97.64% val_acc = 95.92%
Epoch 819, cost = 1.485051, train_acc = 97.78% val_acc = 95.88%
Epoch 820, cost = 1.485307, train_acc = 97.61% val_acc = 95.80%
Epoch 821, cost = 1.484157, train_acc = 97.74% val_acc = 95.94%
Epoch 822, cost = 1.485806, train_acc = 97.66% val_acc = 95.94%
Epoch 823, cost = 1.484987, train_acc = 97.74% val_acc = 95.85%
Epoch 824, cost = 1.485251, train_acc = 97.60% val_acc = 95.75%
Epoch 825, cost = 1.484762, train_acc = 97.70% val_acc = 95.59%
Epoch 826, cost = 1.485080, train_acc = 97.77% val_acc = 95.45%
Epoch 827, cost = 1.483788, train_acc = 97.80% val_acc = 95.61%
Epoch 828, cost = 1.484989, train_acc = 97.67% val_acc = 95.69%
Epoch 829, cost = 1.485397, train_acc = 97.76% val_acc = 96.04%
Epoch 830, cost = 1.484115, train_acc = 97.75% val_acc = 95.86%
Epoch 831, cost = 1.485323, train_acc = 97.69% val_acc = 96.01%
Epoch 832, cost = 1.485381, train_acc = 97.67% val_acc = 95.71%
Epoch 833, cost = 1.484744, train_acc = 97.75% val_acc = 95.78%
Epoch 834, cost = 1.484104, train_acc = 97.68% val_acc = 95.75%
Epoch 835, cost = 1.485436, train_acc = 97.78% val_acc = 95.83%
Epoch 836, cost = 1.484519, train_acc = 97.83% val_acc = 95.89%
Epoch 837, cost = 1.483574, train_acc = 97.67% val_acc = 95.33%
Epoch 838, cost = 1.485344, train_acc = 97.63% val_acc = 96.25%
Epoch 839, cost = 1.485340, train_acc = 97.74% val_acc = 95.73%
Epoch 840, cost = 1.485270, train_acc = 97.57% val_acc = 95.58%
Epoch 841, cost = 1.484611, train_acc = 97.59% val_acc = 96.01%
Epoch 842, cost = 1.485734, train_acc = 97.59% val_acc = 95.76%
Epoch 843, cost = 1.485151, train_acc = 97.66% val_acc = 95.72%
Epoch 844, cost = 1.485286, train_acc = 97.40% val_acc = 95.74%
Epoch 845, cost = 1.484922, train_acc = 97.81% val_acc = 95.99%
Epoch 846, cost = 1.485023, train_acc = 97.42% val_acc = 95.54%
Epoch 847, cost = 1.484317, train_acc = 97.90% val_acc = 96.13%
Epoch 848, cost = 1.484997, train_acc = 97.80% val_acc = 96.01%
Epoch 849, cost = 1.484279, train_acc = 97.76% val_acc = 95.80%
Epoch 850, cost = 1.484502, train_acc = 97.70% val_acc = 95.91%
Epoch 851, cost = 1.484034, train_acc = 97.82% val_acc = 96.02%
Epoch 852, cost = 1.484502, train_acc = 97.76% val_acc = 95.78%
Epoch 853, cost = 1.484381, train_acc = 97.71% val_acc = 95.75%
Epoch 854, cost = 1.484391, train_acc = 96.88% val_acc = 94.31%
Epoch 855, cost = 1.486043, train_acc = 97.66% val_acc = 95.57%
Epoch 856, cost = 1.483948, train_acc = 97.70% val_acc = 95.94%
Epoch 857, cost = 1.484799, train_acc = 97.60% val_acc = 95.84%
Epoch 858, cost = 1.483720, train_acc = 97.62% val_acc = 96.20%
Epoch 859, cost = 1.484872, train_acc = 97.82% val_acc = 95.70%
Epoch 860, cost = 1.484898, train_acc = 97.81% val_acc = 95.92%
Epoch 861, cost = 1.484369, train_acc = 97.58% val_acc = 95.77%
Epoch 862, cost = 1.484636, train_acc = 97.67% val_acc = 95.82%
Epoch 863, cost = 1.485555, train_acc = 97.61% val_acc = 95.39%
Epoch 864, cost = 1.484669, train_acc = 97.40% val_acc = 95.34%
Epoch 865, cost = 1.485337, train_acc = 97.75% val_acc = 95.66%
Epoch 866, cost = 1.484626, train_acc = 97.73% val_acc = 95.41%
Epoch 867, cost = 1.484510, train_acc = 97.72% val_acc = 95.80%
Epoch 868, cost = 1.483895, train_acc = 97.64% val_acc = 96.01%
Epoch 869, cost = 1.483393, train_acc = 97.81% val_acc = 95.64%
Epoch 870, cost = 1.484638, train_acc = 97.73% val_acc = 95.80%
Epoch 871, cost = 1.484636, train_acc = 97.72% val_acc = 95.52%
Epoch 872, cost = 1.484321, train_acc = 97.73% val_acc = 95.70%
Epoch 873, cost = 1.484640, train_acc = 97.80% val_acc = 95.86%
Epoch 874, cost = 1.483883, train_acc = 97.67% val_acc = 95.87%
Epoch 875, cost = 1.485059, train_acc = 97.67% val_acc = 95.68%
Epoch 876, cost = 1.485127, train_acc = 97.65% val_acc = 95.68%
Epoch 877, cost = 1.486166, train_acc = 97.65% val_acc = 96.07%
Epoch 878, cost = 1.485176, train_acc = 97.73% val_acc = 95.66%
Epoch 879, cost = 1.484591, train_acc = 97.62% val_acc = 95.60%
Epoch 880, cost = 1.484557, train_acc = 97.82% val_acc = 95.53%
Epoch 881, cost = 1.484341, train_acc = 97.64% val_acc = 95.72%
Epoch 882, cost = 1.484425, train_acc = 97.35% val_acc = 95.51%
Epoch 883, cost = 1.483808, train_acc = 97.76% val_acc = 95.64%
Epoch 884, cost = 1.484296, train_acc = 97.80% val_acc = 95.67%
Epoch 885, cost = 1.485403, train_acc = 97.63% val_acc = 95.39%
Epoch 886, cost = 1.484788, train_acc = 97.66% val_acc = 95.72%
Epoch 887, cost = 1.485464, train_acc = 97.76% val_acc = 96.06%
Epoch 888, cost = 1.484754, train_acc = 97.59% val_acc = 95.40%
Epoch 889, cost = 1.485297, train_acc = 97.60% val_acc = 95.71%
Epoch 890, cost = 1.484641, train_acc = 97.79% val_acc = 95.98%
Epoch 891, cost = 1.484845, train_acc = 97.78% val_acc = 95.89%
Epoch 892, cost = 1.485280, train_acc = 97.43% val_acc = 95.36%
Epoch 893, cost = 1.484421, train_acc = 97.68% val_acc = 95.81%
Epoch 894, cost = 1.485708, train_acc = 97.75% val_acc = 95.73%
Epoch 895, cost = 1.484958, train_acc = 97.65% val_acc = 96.09%
Epoch 896, cost = 1.485773, train_acc = 97.48% val_acc = 95.46%
Epoch 897, cost = 1.485312, train_acc = 97.66% val_acc = 95.75%
Epoch 898, cost = 1.484156, train_acc = 97.77% val_acc = 95.56%
Epoch 899, cost = 1.484452, train_acc = 97.65% val_acc = 95.99%
Epoch 900, cost = 1.484255, train_acc = 97.70% val_acc = 96.19%
Epoch 901, cost = 1.484506, train_acc = 97.58% val_acc = 95.57%
Epoch 902, cost = 1.486030, train_acc = 97.50% val_acc = 95.66%
Epoch 903, cost = 1.484652, train_acc = 97.63% val_acc = 95.78%
Epoch 904, cost = 1.485119, train_acc = 97.69% val_acc = 95.78%
Epoch 905, cost = 1.484347, train_acc = 97.68% val_acc = 95.79%
Epoch 906, cost = 1.485030, train_acc = 97.64% val_acc = 95.70%
Epoch 907, cost = 1.484965, train_acc = 97.56% val_acc = 95.46%
Epoch 908, cost = 1.485718, train_acc = 97.49% val_acc = 95.50%
Epoch 909, cost = 1.484842, train_acc = 97.71% val_acc = 95.90%
Epoch 910, cost = 1.485210, train_acc = 97.75% val_acc = 95.80%
Epoch 911, cost = 1.484750, train_acc = 97.58% val_acc = 95.74%
Epoch 912, cost = 1.485089, train_acc = 97.73% val_acc = 95.71%
Epoch 913, cost = 1.485072, train_acc = 97.71% val_acc = 95.77%
Epoch 914, cost = 1.484093, train_acc = 97.83% val_acc = 95.96%
Epoch 915, cost = 1.484060, train_acc = 97.68% val_acc = 95.55%
Epoch 916, cost = 1.484606, train_acc = 97.69% val_acc = 95.46%
Epoch 917, cost = 1.484075, train_acc = 97.63% val_acc = 95.59%
Epoch 918, cost = 1.485703, train_acc = 97.35% val_acc = 95.15%
Epoch 919, cost = 1.485301, train_acc = 97.47% val_acc = 95.26%
Epoch 920, cost = 1.485583, train_acc = 97.53% val_acc = 96.00%
Epoch 921, cost = 1.484860, train_acc = 97.77% val_acc = 95.84%
Epoch 922, cost = 1.485014, train_acc = 97.59% val_acc = 95.75%
Epoch 923, cost = 1.484824, train_acc = 97.66% val_acc = 95.42%
Epoch 924, cost = 1.484452, train_acc = 97.81% val_acc = 95.86%
Epoch 925, cost = 1.485231, train_acc = 97.57% val_acc = 95.88%
Epoch 926, cost = 1.484040, train_acc = 97.71% val_acc = 95.78%
Epoch 927, cost = 1.484277, train_acc = 97.81% val_acc = 95.83%
Epoch 928, cost = 1.484489, train_acc = 97.64% val_acc = 95.54%
Epoch 929, cost = 1.483571, train_acc = 97.74% val_acc = 95.98%
Epoch 930, cost = 1.482781, train_acc = 97.83% val_acc = 96.04%
Epoch 931, cost = 1.484307, train_acc = 97.62% val_acc = 95.62%
Epoch 932, cost = 1.483932, train_acc = 97.80% val_acc = 95.88%
Epoch 933, cost = 1.485375, train_acc = 97.64% val_acc = 95.75%
Epoch 934, cost = 1.484048, train_acc = 97.49% val_acc = 96.01%
Epoch 935, cost = 1.484458, train_acc = 97.56% val_acc = 95.17%
Epoch 936, cost = 1.483964, train_acc = 97.77% val_acc = 96.22%
Epoch 937, cost = 1.484489, train_acc = 97.54% val_acc = 95.43%
Epoch 938, cost = 1.485037, train_acc = 97.75% val_acc = 95.62%
Epoch 939, cost = 1.483825, train_acc = 97.77% val_acc = 95.78%
Epoch 940, cost = 1.483082, train_acc = 97.73% val_acc = 95.72%
Epoch 941, cost = 1.485372, train_acc = 97.68% val_acc = 95.72%
Epoch 942, cost = 1.484743, train_acc = 97.79% val_acc = 95.81%
Epoch 943, cost = 1.484630, train_acc = 97.75% val_acc = 95.78%
Epoch 944, cost = 1.485412, train_acc = 97.66% val_acc = 95.55%
Epoch 945, cost = 1.484095, train_acc = 97.73% val_acc = 95.64%
Epoch 946, cost = 1.483859, train_acc = 97.72% val_acc = 96.20%
Epoch 947, cost = 1.484103, train_acc = 97.85% val_acc = 96.09%
Epoch 948, cost = 1.484684, train_acc = 97.45% val_acc = 95.85%
Epoch 949, cost = 1.485732, train_acc = 97.73% val_acc = 95.65%
Epoch 950, cost = 1.485368, train_acc = 97.85% val_acc = 95.70%
Epoch 951, cost = 1.484329, train_acc = 97.58% val_acc = 95.49%
Epoch 952, cost = 1.484731, train_acc = 97.73% val_acc = 95.90%
Epoch 953, cost = 1.483825, train_acc = 97.85% val_acc = 96.10%
Epoch 954, cost = 1.484469, train_acc = 97.72% val_acc = 95.53%
Epoch 955, cost = 1.483615, train_acc = 97.83% val_acc = 95.84%
Epoch 956, cost = 1.484425, train_acc = 97.61% val_acc = 95.55%
Epoch 957, cost = 1.484430, train_acc = 97.78% val_acc = 95.70%
Epoch 958, cost = 1.483989, train_acc = 97.70% val_acc = 95.36%
Epoch 959, cost = 1.483771, train_acc = 97.82% val_acc = 95.47%
Epoch 960, cost = 1.484049, train_acc = 97.56% val_acc = 95.40%
Epoch 961, cost = 1.485245, train_acc = 97.63% val_acc = 95.70%
Epoch 962, cost = 1.483232, train_acc = 97.69% val_acc = 95.60%
Epoch 963, cost = 1.484504, train_acc = 97.81% val_acc = 95.69%
Epoch 964, cost = 1.483671, train_acc = 97.47% val_acc = 95.15%
Epoch 965, cost = 1.485133, train_acc = 97.73% val_acc = 95.85%
Epoch 966, cost = 1.484998, train_acc = 97.65% val_acc = 95.76%
Epoch 967, cost = 1.484726, train_acc = 97.78% val_acc = 95.65%
Epoch 968, cost = 1.483566, train_acc = 97.80% val_acc = 95.80%
Epoch 969, cost = 1.483625, train_acc = 97.81% val_acc = 96.24%
Epoch 970, cost = 1.483810, train_acc = 97.75% val_acc = 95.65%
Epoch 971, cost = 1.484269, train_acc = 97.78% val_acc = 95.84%
Epoch 972, cost = 1.484823, train_acc = 97.61% val_acc = 95.82%
Epoch 973, cost = 1.484982, train_acc = 97.75% val_acc = 95.71%
Epoch 974, cost = 1.485202, train_acc = 97.80% val_acc = 95.94%
Epoch 975, cost = 1.483732, train_acc = 97.72% val_acc = 95.79%
Epoch 976, cost = 1.483650, train_acc = 97.69% val_acc = 96.03%
Epoch 977, cost = 1.485985, train_acc = 97.72% val_acc = 95.80%
Epoch 978, cost = 1.484438, train_acc = 97.82% val_acc = 95.87%
Epoch 979, cost = 1.484847, train_acc = 97.54% val_acc = 95.17%
Epoch 980, cost = 1.485412, train_acc = 97.77% val_acc = 95.92%
Epoch 981, cost = 1.484765, train_acc = 97.61% val_acc = 95.76%
Epoch 982, cost = 1.484984, train_acc = 97.69% val_acc = 95.61%
Epoch 983, cost = 1.485051, train_acc = 97.65% val_acc = 95.66%
Epoch 984, cost = 1.484381, train_acc = 97.73% val_acc = 95.64%
Epoch 985, cost = 1.484699, train_acc = 97.87% val_acc = 95.46%
Epoch 986, cost = 1.484077, train_acc = 97.85% val_acc = 95.67%
Epoch 987, cost = 1.483653, train_acc = 97.66% val_acc = 95.77%
Epoch 988, cost = 1.484243, train_acc = 97.53% val_acc = 96.05%
Epoch 989, cost = 1.484775, train_acc = 97.46% val_acc = 95.55%
Epoch 990, cost = 1.484663, train_acc = 97.93% val_acc = 95.87%
Epoch 991, cost = 1.483616, train_acc = 97.83% val_acc = 95.96%
Epoch 992, cost = 1.484141, train_acc = 97.68% val_acc = 95.52%
Epoch 993, cost = 1.485479, train_acc = 97.72% val_acc = 95.90%
Epoch 994, cost = 1.484267, train_acc = 97.77% val_acc = 95.89%
Epoch 995, cost = 1.484420, train_acc = 97.63% val_acc = 95.42%
Epoch 996, cost = 1.484123, train_acc = 97.75% val_acc = 95.82%
Epoch 997, cost = 1.483462, train_acc = 97.88% val_acc = 95.87%
Epoch 998, cost = 1.484602, train_acc = 97.59% val_acc = 95.69%
Epoch 999, cost = 1.484831, train_acc = 97.74% val_acc = 95.88%
Epoch 1000, cost = 1.484695, train_acc = 97.57% val_acc = 95.68%
Epoch 1001, cost = 1.483560, train_acc = 97.83% val_acc = 95.89%
Epoch 1002, cost = 1.484898, train_acc = 97.60% val_acc = 96.07%
Epoch 1003, cost = 1.484114, train_acc = 97.89% val_acc = 95.88%
Epoch 1004, cost = 1.484041, train_acc = 97.70% val_acc = 95.62%
Epoch 1005, cost = 1.484320, train_acc = 97.65% val_acc = 95.75%
Epoch 1006, cost = 1.483653, train_acc = 97.74% val_acc = 95.99%
Epoch 1007, cost = 1.484080, train_acc = 97.88% val_acc = 95.74%
Epoch 1008, cost = 1.484254, train_acc = 97.74% val_acc = 95.70%
Epoch 1009, cost = 1.484668, train_acc = 97.58% val_acc = 95.34%
Epoch 1010, cost = 1.484605, train_acc = 97.82% val_acc = 96.40%
Epoch 1011, cost = 1.484239, train_acc = 97.76% val_acc = 95.52%
Epoch 1012, cost = 1.484702, train_acc = 97.59% val_acc = 95.65%
Epoch 1013, cost = 1.484598, train_acc = 97.79% val_acc = 95.82%
Epoch 1014, cost = 1.482747, train_acc = 97.75% val_acc = 96.24%
Epoch 1015, cost = 1.483234, train_acc = 97.68% val_acc = 95.58%
Epoch 1016, cost = 1.484014, train_acc = 97.74% val_acc = 95.49%
Epoch 1017, cost = 1.484720, train_acc = 97.77% val_acc = 95.59%
Epoch 1018, cost = 1.484985, train_acc = 97.69% val_acc = 95.60%
Epoch 1019, cost = 1.484762, train_acc = 97.61% val_acc = 95.52%
Epoch 1020, cost = 1.484059, train_acc = 97.69% val_acc = 95.52%
Epoch 1021, cost = 1.485000, train_acc = 97.76% val_acc = 95.66%
Epoch 1022, cost = 1.483671, train_acc = 97.81% val_acc = 95.72%
Epoch 1023, cost = 1.485478, train_acc = 97.78% val_acc = 95.76%
Epoch 1024, cost = 1.485860, train_acc = 97.61% val_acc = 95.63%
Epoch 1025, cost = 1.484593, train_acc = 97.75% val_acc = 95.43%
Epoch 1026, cost = 1.484826, train_acc = 97.37% val_acc = 95.77%
Epoch 1027, cost = 1.484519, train_acc = 97.81% val_acc = 95.73%
Epoch 1028, cost = 1.483530, train_acc = 97.67% val_acc = 95.80%
Epoch 1029, cost = 1.484425, train_acc = 97.77% val_acc = 95.75%
Epoch 1030, cost = 1.483578, train_acc = 97.91% val_acc = 95.98%
Epoch 1031, cost = 1.484496, train_acc = 97.71% val_acc = 95.93%
Epoch 1032, cost = 1.484777, train_acc = 97.74% val_acc = 95.79%
Epoch 1033, cost = 1.483312, train_acc = 97.83% val_acc = 95.61%
Epoch 1034, cost = 1.484104, train_acc = 97.87% val_acc = 95.80%
Epoch 1035, cost = 1.484206, train_acc = 97.79% val_acc = 95.84%
Epoch 1036, cost = 1.483726, train_acc = 97.73% val_acc = 95.57%
Epoch 1037, cost = 1.484731, train_acc = 97.91% val_acc = 95.90%
Epoch 1038, cost = 1.484886, train_acc = 97.75% val_acc = 95.81%
Epoch 1039, cost = 1.484282, train_acc = 97.54% val_acc = 95.22%
Epoch 1040, cost = 1.486163, train_acc = 97.70% val_acc = 95.57%
Epoch 1041, cost = 1.484813, train_acc = 97.49% val_acc = 95.57%
Epoch 1042, cost = 1.486544, train_acc = 97.47% val_acc = 95.79%
Epoch 1043, cost = 1.485067, train_acc = 97.60% val_acc = 95.65%
Epoch 1044, cost = 1.484744, train_acc = 97.64% val_acc = 95.77%
Epoch 1045, cost = 1.484958, train_acc = 97.59% val_acc = 95.96%
Epoch 1046, cost = 1.485117, train_acc = 97.64% val_acc = 95.45%
Epoch 1047, cost = 1.485683, train_acc = 97.67% val_acc = 95.96%
Epoch 1048, cost = 1.484315, train_acc = 97.80% val_acc = 96.08%
Epoch 1049, cost = 1.484539, train_acc = 97.73% val_acc = 95.91%
Epoch 1050, cost = 1.484893, train_acc = 97.79% val_acc = 95.75%
Epoch 1051, cost = 1.483039, train_acc = 97.72% val_acc = 95.48%
Epoch 1052, cost = 1.484833, train_acc = 97.76% val_acc = 95.94%
Epoch 1053, cost = 1.485265, train_acc = 97.64% val_acc = 95.65%
Epoch 1054, cost = 1.484823, train_acc = 97.67% val_acc = 95.63%
Epoch 1055, cost = 1.484265, train_acc = 97.69% val_acc = 95.71%
Epoch 1056, cost = 1.483883, train_acc = 97.72% val_acc = 95.79%
Epoch 1057, cost = 1.484730, train_acc = 97.85% val_acc = 96.09%
Epoch 1058, cost = 1.483787, train_acc = 97.81% val_acc = 96.05%
Epoch 1059, cost = 1.484874, train_acc = 97.85% val_acc = 96.03%
Epoch 1060, cost = 1.483773, train_acc = 97.74% val_acc = 96.14%
Epoch 1061, cost = 1.486026, train_acc = 97.70% val_acc = 96.12%
Epoch 1062, cost = 1.484509, train_acc = 97.68% val_acc = 95.52%
Epoch 1063, cost = 1.485082, train_acc = 97.48% val_acc = 95.34%
Epoch 1064, cost = 1.484390, train_acc = 97.41% val_acc = 95.88%
Epoch 1065, cost = 1.485411, train_acc = 97.53% val_acc = 95.50%
Epoch 1066, cost = 1.484558, train_acc = 97.52% val_acc = 95.17%
Epoch 1067, cost = 1.484543, train_acc = 97.64% val_acc = 95.53%
Epoch 1068, cost = 1.484967, train_acc = 97.72% val_acc = 96.04%
Epoch 1069, cost = 1.484699, train_acc = 97.67% val_acc = 95.86%
Epoch 1070, cost = 1.484726, train_acc = 97.64% val_acc = 95.65%
Epoch 1071, cost = 1.484891, train_acc = 97.65% val_acc = 95.85%
Epoch 1072, cost = 1.484923, train_acc = 97.71% val_acc = 95.72%
Epoch 1073, cost = 1.485290, train_acc = 97.47% val_acc = 95.36%
Epoch 1074, cost = 1.485298, train_acc = 97.75% val_acc = 95.55%
Epoch 1075, cost = 1.484413, train_acc = 97.62% val_acc = 95.40%
Epoch 1076, cost = 1.483980, train_acc = 97.82% val_acc = 95.98%
Epoch 1077, cost = 1.484925, train_acc = 97.44% val_acc = 95.98%
Epoch 1078, cost = 1.485631, train_acc = 97.78% val_acc = 95.61%
Epoch 1079, cost = 1.484176, train_acc = 97.65% val_acc = 95.56%
Epoch 1080, cost = 1.484459, train_acc = 97.66% val_acc = 95.78%
Epoch 1081, cost = 1.484424, train_acc = 97.84% val_acc = 95.77%
Epoch 1082, cost = 1.484579, train_acc = 97.81% val_acc = 95.55%
Epoch 1083, cost = 1.484945, train_acc = 97.48% val_acc = 95.53%
Epoch 1084, cost = 1.484547, train_acc = 97.50% val_acc = 95.53%
Epoch 1085, cost = 1.485059, train_acc = 97.69% val_acc = 95.75%
Epoch 1086, cost = 1.483450, train_acc = 97.72% val_acc = 95.59%
Epoch 1087, cost = 1.484628, train_acc = 97.68% val_acc = 95.76%
Epoch 1088, cost = 1.484603, train_acc = 97.71% val_acc = 95.78%
Epoch 1089, cost = 1.484295, train_acc = 97.74% val_acc = 95.89%
Epoch 1090, cost = 1.485261, train_acc = 97.61% val_acc = 95.40%
Epoch 1091, cost = 1.484758, train_acc = 97.87% val_acc = 95.37%
Epoch 1092, cost = 1.485179, train_acc = 97.78% val_acc = 95.53%
Epoch 1093, cost = 1.484187, train_acc = 97.68% val_acc = 95.27%
Epoch 1094, cost = 1.484418, train_acc = 97.69% val_acc = 95.56%
Epoch 1095, cost = 1.484210, train_acc = 97.36% val_acc = 95.38%
Epoch 1096, cost = 1.485058, train_acc = 97.85% val_acc = 96.08%
Epoch 1097, cost = 1.484518, train_acc = 97.53% val_acc = 95.22%
Epoch 1098, cost = 1.486227, train_acc = 97.65% val_acc = 95.64%
Epoch 1099, cost = 1.484741, train_acc = 97.66% val_acc = 95.45%
Epoch 1100, cost = 1.484368, train_acc = 97.73% val_acc = 95.46%
Epoch 1101, cost = 1.485078, train_acc = 97.77% val_acc = 95.78%
Epoch 1102, cost = 1.484694, train_acc = 97.67% val_acc = 95.50%
Epoch 1103, cost = 1.485285, train_acc = 97.58% val_acc = 95.60%
Epoch 1104, cost = 1.483826, train_acc = 97.70% val_acc = 95.64%
Epoch 1105, cost = 1.485203, train_acc = 97.82% val_acc = 95.67%
Epoch 1106, cost = 1.484608, train_acc = 97.76% val_acc = 95.86%
Epoch 1107, cost = 1.484581, train_acc = 97.70% val_acc = 95.80%
Epoch 1108, cost = 1.484247, train_acc = 97.79% val_acc = 95.46%
Epoch 1109, cost = 1.483875, train_acc = 97.64% val_acc = 95.75%
Epoch 1110, cost = 1.485352, train_acc = 97.82% val_acc = 95.55%
Epoch 1111, cost = 1.485015, train_acc = 97.66% val_acc = 95.63%
Epoch 1112, cost = 1.484130, train_acc = 97.68% val_acc = 95.52%
Epoch 1113, cost = 1.484520, train_acc = 97.71% val_acc = 95.74%
Epoch 1114, cost = 1.484649, train_acc = 97.53% val_acc = 95.61%
Epoch 1115, cost = 1.484310, train_acc = 97.81% val_acc = 95.75%
Epoch 1116, cost = 1.484019, train_acc = 97.93% val_acc = 96.01%
Epoch 1117, cost = 1.483643, train_acc = 97.79% val_acc = 95.14%
Epoch 1118, cost = 1.484463, train_acc = 97.71% val_acc = 95.23%
Epoch 1119, cost = 1.482972, train_acc = 97.83% val_acc = 95.94%
Epoch 1120, cost = 1.483979, train_acc = 97.65% val_acc = 94.83%
Epoch 1121, cost = 1.484078, train_acc = 97.75% val_acc = 95.49%
Epoch 1122, cost = 1.484954, train_acc = 97.72% val_acc = 95.53%
Epoch 1123, cost = 1.484796, train_acc = 97.45% val_acc = 95.62%
Epoch 1124, cost = 1.484385, train_acc = 97.91% val_acc = 95.58%
Epoch 1125, cost = 1.483745, train_acc = 97.74% val_acc = 95.99%
Epoch 1126, cost = 1.484758, train_acc = 97.79% val_acc = 95.44%
Epoch 1127, cost = 1.484441, train_acc = 97.79% val_acc = 95.68%
Epoch 1128, cost = 1.483962, train_acc = 97.63% val_acc = 95.28%
Epoch 1129, cost = 1.484924, train_acc = 97.72% val_acc = 95.64%
Epoch 1130, cost = 1.483719, train_acc = 97.61% val_acc = 95.40%
Epoch 1131, cost = 1.485138, train_acc = 97.62% val_acc = 95.85%
Epoch 1132, cost = 1.486257, train_acc = 97.82% val_acc = 95.73%
Epoch 1133, cost = 1.483835, train_acc = 97.80% val_acc = 95.52%
Epoch 1134, cost = 1.484876, train_acc = 97.75% val_acc = 95.41%
Epoch 1135, cost = 1.483436, train_acc = 97.79% val_acc = 95.48%
Epoch 1136, cost = 1.483280, train_acc = 97.67% val_acc = 95.73%
Epoch 1137, cost = 1.484472, train_acc = 97.79% val_acc = 96.12%
Epoch 1138, cost = 1.484237, train_acc = 97.67% val_acc = 95.36%
Epoch 1139, cost = 1.484691, train_acc = 97.72% val_acc = 95.46%
Epoch 1140, cost = 1.483871, train_acc = 97.74% val_acc = 95.69%
Epoch 1141, cost = 1.484297, train_acc = 97.69% val_acc = 95.74%
Epoch 1142, cost = 1.485859, train_acc = 97.75% val_acc = 95.71%
Epoch 1143, cost = 1.484888, train_acc = 97.51% val_acc = 94.93%
Epoch 1144, cost = 1.485305, train_acc = 97.73% val_acc = 95.55%
Epoch 1145, cost = 1.484532, train_acc = 97.69% val_acc = 95.61%
Epoch 1146, cost = 1.485042, train_acc = 97.75% val_acc = 95.80%
Epoch 1147, cost = 1.483674, train_acc = 97.74% val_acc = 95.90%
Epoch 1148, cost = 1.484175, train_acc = 97.57% val_acc = 95.72%
Epoch 1149, cost = 1.484731, train_acc = 97.64% val_acc = 95.31%
Epoch 1150, cost = 1.483389, train_acc = 97.77% val_acc = 96.01%
Epoch 1151, cost = 1.483627, train_acc = 97.80% val_acc = 95.98%
Epoch 1152, cost = 1.485419, train_acc = 97.71% val_acc = 95.23%
Epoch 1153, cost = 1.484617, train_acc = 97.80% val_acc = 95.64%
Epoch 1154, cost = 1.484411, train_acc = 97.48% val_acc = 96.12%
Epoch 1155, cost = 1.484162, train_acc = 97.71% val_acc = 95.66%
Epoch 1156, cost = 1.485046, train_acc = 97.66% val_acc = 95.87%
Epoch 1157, cost = 1.483567, train_acc = 97.78% val_acc = 95.61%
Epoch 1158, cost = 1.484765, train_acc = 97.79% val_acc = 95.97%
Epoch 1159, cost = 1.485041, train_acc = 97.76% val_acc = 95.79%
Epoch 1160, cost = 1.486175, train_acc = 97.58% val_acc = 95.47%
Epoch 1161, cost = 1.484828, train_acc = 97.64% val_acc = 95.79%
Epoch 1162, cost = 1.484602, train_acc = 97.69% val_acc = 95.44%
Epoch 1163, cost = 1.483356, train_acc = 97.73% val_acc = 96.02%
Epoch 1164, cost = 1.483701, train_acc = 97.78% val_acc = 95.94%
Epoch 1165, cost = 1.485382, train_acc = 97.82% val_acc = 95.73%
Epoch 1166, cost = 1.485281, train_acc = 97.54% val_acc = 95.27%
Epoch 1167, cost = 1.484514, train_acc = 97.72% val_acc = 95.75%
Epoch 1168, cost = 1.484830, train_acc = 97.73% val_acc = 95.54%
Epoch 1169, cost = 1.485063, train_acc = 97.77% val_acc = 95.68%
Epoch 1170, cost = 1.483941, train_acc = 97.77% val_acc = 95.44%
Epoch 1171, cost = 1.484450, train_acc = 97.88% val_acc = 95.49%
Epoch 1172, cost = 1.484915, train_acc = 97.66% val_acc = 95.65%
Epoch 1173, cost = 1.485590, train_acc = 97.79% val_acc = 95.47%
Epoch 1174, cost = 1.484599, train_acc = 97.71% val_acc = 95.82%
Epoch 1175, cost = 1.484925, train_acc = 97.64% val_acc = 95.78%
Epoch 1176, cost = 1.485367, train_acc = 97.70% val_acc = 95.66%
Epoch 1177, cost = 1.485258, train_acc = 97.65% val_acc = 95.87%
Epoch 1178, cost = 1.484927, train_acc = 97.76% val_acc = 95.75%
Epoch 1179, cost = 1.485255, train_acc = 97.69% val_acc = 95.75%
Epoch 1180, cost = 1.485025, train_acc = 97.62% val_acc = 95.57%
Epoch 1181, cost = 1.485070, train_acc = 97.79% val_acc = 95.70%
Epoch 1182, cost = 1.484405, train_acc = 97.27% val_acc = 95.35%
Epoch 1183, cost = 1.484678, train_acc = 97.63% val_acc = 95.48%
Epoch 1184, cost = 1.484397, train_acc = 97.80% val_acc = 95.93%
Epoch 1185, cost = 1.484408, train_acc = 97.42% val_acc = 95.94%
Epoch 1186, cost = 1.485239, train_acc = 97.60% val_acc = 95.21%
Epoch 1187, cost = 1.484875, train_acc = 97.58% val_acc = 95.64%
Epoch 1188, cost = 1.484484, train_acc = 97.69% val_acc = 96.18%
Epoch 1189, cost = 1.483845, train_acc = 97.70% val_acc = 95.89%
Epoch 1190, cost = 1.484857, train_acc = 97.69% val_acc = 95.68%
Epoch 1191, cost = 1.484222, train_acc = 97.60% val_acc = 95.72%
Epoch 1192, cost = 1.483885, train_acc = 97.64% val_acc = 95.28%
Epoch 1193, cost = 1.485922, train_acc = 97.14% val_acc = 95.17%
Epoch 1194, cost = 1.485236, train_acc = 97.92% val_acc = 95.70%
Epoch 1195, cost = 1.485100, train_acc = 97.75% val_acc = 95.23%
Epoch 1196, cost = 1.483634, train_acc = 97.70% val_acc = 95.44%
Epoch 1197, cost = 1.484522, train_acc = 97.78% val_acc = 95.56%
Epoch 1198, cost = 1.485020, train_acc = 97.83% val_acc = 95.38%
Epoch 1199, cost = 1.484202, train_acc = 97.72% val_acc = 95.65%
Epoch 1200, cost = 1.484249, train_acc = 97.73% val_acc = 96.13%
Epoch 1201, cost = 1.484918, train_acc = 97.59% val_acc = 95.51%
Epoch 1202, cost = 1.484738, train_acc = 97.78% val_acc = 96.35%
Epoch 1203, cost = 1.484846, train_acc = 97.79% val_acc = 96.00%
Epoch 1204, cost = 1.484720, train_acc = 97.59% val_acc = 95.89%
Epoch 1205, cost = 1.484326, train_acc = 97.70% val_acc = 95.63%
Epoch 1206, cost = 1.484558, train_acc = 97.72% val_acc = 95.47%
Epoch 1207, cost = 1.484939, train_acc = 97.58% val_acc = 95.11%
Epoch 1208, cost = 1.484697, train_acc = 97.69% val_acc = 95.67%
Epoch 1209, cost = 1.484508, train_acc = 97.76% val_acc = 95.78%
Epoch 1210, cost = 1.486143, train_acc = 97.48% val_acc = 95.59%
Epoch 1211, cost = 1.484647, train_acc = 97.77% val_acc = 95.88%
Epoch 1212, cost = 1.484318, train_acc = 97.90% val_acc = 95.93%
Epoch 1213, cost = 1.484657, train_acc = 97.69% val_acc = 95.69%
Epoch 1214, cost = 1.484469, train_acc = 97.82% val_acc = 95.76%
Epoch 1215, cost = 1.484511, train_acc = 97.61% val_acc = 95.10%
Epoch 1216, cost = 1.485300, train_acc = 97.63% val_acc = 95.72%
Epoch 1217, cost = 1.484741, train_acc = 97.60% val_acc = 95.47%
Epoch 1218, cost = 1.484039, train_acc = 97.71% val_acc = 95.79%
Epoch 1219, cost = 1.484477, train_acc = 97.71% val_acc = 95.62%
Epoch 1220, cost = 1.484928, train_acc = 97.69% val_acc = 95.70%
Epoch 1221, cost = 1.484270, train_acc = 97.69% val_acc = 95.90%
Epoch 1222, cost = 1.485021, train_acc = 97.72% val_acc = 95.23%
Epoch 1223, cost = 1.484752, train_acc = 97.76% val_acc = 95.79%
Epoch 1224, cost = 1.484856, train_acc = 97.45% val_acc = 95.64%
Epoch 1225, cost = 1.484500, train_acc = 97.76% val_acc = 95.48%
Epoch 1226, cost = 1.485093, train_acc = 97.69% val_acc = 95.49%
Epoch 1227, cost = 1.485454, train_acc = 97.58% val_acc = 95.59%
Epoch 1228, cost = 1.483827, train_acc = 97.67% val_acc = 95.74%
Epoch 1229, cost = 1.484638, train_acc = 97.66% val_acc = 95.74%
Epoch 1230, cost = 1.485174, train_acc = 97.59% val_acc = 96.22%
Epoch 1231, cost = 1.484949, train_acc = 97.61% val_acc = 95.74%
Epoch 1232, cost = 1.484475, train_acc = 97.59% val_acc = 95.84%
Epoch 1233, cost = 1.484772, train_acc = 97.72% val_acc = 95.21%
Epoch 1234, cost = 1.484137, train_acc = 97.83% val_acc = 95.51%
Epoch 1235, cost = 1.483768, train_acc = 97.76% val_acc = 95.60%
Epoch 1236, cost = 1.483915, train_acc = 97.64% val_acc = 95.72%
Epoch 1237, cost = 1.485121, train_acc = 97.69% val_acc = 95.72%
Epoch 1238, cost = 1.484286, train_acc = 97.71% val_acc = 95.90%
Epoch 1239, cost = 1.483723, train_acc = 97.61% val_acc = 95.50%
Epoch 1240, cost = 1.483565, train_acc = 97.86% val_acc = 95.58%
Epoch 1241, cost = 1.485459, train_acc = 97.72% val_acc = 95.72%
Epoch 1242, cost = 1.484274, train_acc = 97.53% val_acc = 95.79%
Epoch 1243, cost = 1.485250, train_acc = 97.59% val_acc = 95.40%
Epoch 1244, cost = 1.484696, train_acc = 97.63% val_acc = 95.74%
Epoch 1245, cost = 1.486000, train_acc = 97.54% val_acc = 95.66%
Epoch 1246, cost = 1.485297, train_acc = 97.47% val_acc = 95.55%
Epoch 1247, cost = 1.485360, train_acc = 97.58% val_acc = 95.42%
Epoch 1248, cost = 1.484803, train_acc = 97.71% val_acc = 95.68%
Epoch 1249, cost = 1.484448, train_acc = 97.69% val_acc = 95.87%
Epoch 1250, cost = 1.484600, train_acc = 97.59% val_acc = 95.40%
Epoch 1251, cost = 1.484557, train_acc = 97.73% val_acc = 95.47%
Epoch 1252, cost = 1.484056, train_acc = 97.81% val_acc = 95.38%
Epoch 1253, cost = 1.484576, train_acc = 97.72% val_acc = 95.66%
Epoch 1254, cost = 1.485152, train_acc = 97.56% val_acc = 94.97%
Epoch 1255, cost = 1.485735, train_acc = 97.57% val_acc = 95.44%
Epoch 1256, cost = 1.485117, train_acc = 97.71% val_acc = 95.44%
Epoch 1257, cost = 1.485034, train_acc = 97.70% val_acc = 95.18%
Epoch 1258, cost = 1.483895, train_acc = 97.81% val_acc = 95.67%
Epoch 1259, cost = 1.483778, train_acc = 97.78% val_acc = 95.69%
Epoch 1260, cost = 1.483835, train_acc = 97.86% val_acc = 95.74%
Epoch 1261, cost = 1.485127, train_acc = 97.60% val_acc = 95.91%
Epoch 1262, cost = 1.484465, train_acc = 97.71% val_acc = 95.39%
Epoch 1263, cost = 1.484678, train_acc = 97.74% val_acc = 95.88%
Epoch 1264, cost = 1.484553, train_acc = 97.45% val_acc = 95.82%
Epoch 1265, cost = 1.485544, train_acc = 97.77% val_acc = 95.88%
Epoch 1266, cost = 1.485580, train_acc = 97.80% val_acc = 95.49%
Epoch 1267, cost = 1.485449, train_acc = 97.54% val_acc = 95.59%
Epoch 1268, cost = 1.484520, train_acc = 97.67% val_acc = 95.69%
Epoch 1269, cost = 1.485907, train_acc = 97.58% val_acc = 95.87%
Epoch 1270, cost = 1.486228, train_acc = 97.71% val_acc = 95.78%
Epoch 1271, cost = 1.484426, train_acc = 97.52% val_acc = 95.91%
Epoch 1272, cost = 1.485902, train_acc = 97.78% val_acc = 95.61%
Epoch 1273, cost = 1.485369, train_acc = 97.81% val_acc = 95.89%
Epoch 1274, cost = 1.485243, train_acc = 97.64% val_acc = 95.67%
Epoch 1275, cost = 1.484569, train_acc = 97.73% val_acc = 95.51%
Epoch 1276, cost = 1.483953, train_acc = 97.75% val_acc = 95.49%
Epoch 1277, cost = 1.484315, train_acc = 97.72% val_acc = 95.80%
Epoch 1278, cost = 1.485657, train_acc = 97.78% val_acc = 95.73%
Epoch 1279, cost = 1.485361, train_acc = 97.76% val_acc = 95.79%
Epoch 1280, cost = 1.483834, train_acc = 97.70% val_acc = 95.68%
Epoch 1281, cost = 1.484070, train_acc = 97.74% val_acc = 95.61%
Epoch 1282, cost = 1.484778, train_acc = 97.68% val_acc = 95.85%
Epoch 1283, cost = 1.484890, train_acc = 97.63% val_acc = 95.72%
Epoch 1284, cost = 1.485165, train_acc = 97.71% val_acc = 96.01%
Epoch 1285, cost = 1.484751, train_acc = 97.67% val_acc = 95.88%
Epoch 1286, cost = 1.484692, train_acc = 97.69% val_acc = 95.80%
Epoch 1287, cost = 1.484578, train_acc = 97.62% val_acc = 95.54%
Epoch 1288, cost = 1.484499, train_acc = 97.55% val_acc = 95.81%
Epoch 1289, cost = 1.485170, train_acc = 97.71% val_acc = 96.03%
Epoch 1290, cost = 1.484891, train_acc = 97.50% val_acc = 94.76%
Epoch 1291, cost = 1.484655, train_acc = 97.09% val_acc = 94.01%
Epoch 1292, cost = 1.485836, train_acc = 97.74% val_acc = 95.43%
Epoch 1293, cost = 1.484273, train_acc = 97.67% val_acc = 95.38%
Epoch 1294, cost = 1.484727, train_acc = 97.76% val_acc = 95.74%
Epoch 1295, cost = 1.482841, train_acc = 97.85% val_acc = 95.83%
Epoch 1296, cost = 1.483854, train_acc = 97.64% val_acc = 95.49%
Epoch 1297, cost = 1.484829, train_acc = 97.74% val_acc = 95.94%
Epoch 1298, cost = 1.484549, train_acc = 97.74% val_acc = 95.72%
Epoch 1299, cost = 1.485057, train_acc = 97.67% val_acc = 95.59%
Epoch 1300, cost = 1.484861, train_acc = 97.69% val_acc = 95.69%
Epoch 1301, cost = 1.486594, train_acc = 97.70% val_acc = 95.75%
Epoch 1302, cost = 1.485316, train_acc = 97.75% val_acc = 95.85%
Epoch 1303, cost = 1.484434, train_acc = 97.60% val_acc = 95.84%
Epoch 1304, cost = 1.486191, train_acc = 97.66% val_acc = 95.70%
Epoch 1305, cost = 1.484144, train_acc = 97.87% val_acc = 95.33%
Epoch 1306, cost = 1.484368, train_acc = 97.79% val_acc = 95.83%
Epoch 1307, cost = 1.483804, train_acc = 97.72% val_acc = 95.49%
Epoch 1308, cost = 1.483615, train_acc = 97.60% val_acc = 95.45%
Epoch 1309, cost = 1.484692, train_acc = 97.59% val_acc = 95.44%
Epoch 1310, cost = 1.485523, train_acc = 97.57% val_acc = 95.33%
Epoch 1311, cost = 1.484892, train_acc = 97.69% val_acc = 95.41%
Epoch 1312, cost = 1.486094, train_acc = 97.66% val_acc = 95.61%
Epoch 1313, cost = 1.485519, train_acc = 97.61% val_acc = 95.65%
Epoch 1314, cost = 1.486096, train_acc = 97.75% val_acc = 95.44%
Epoch 1315, cost = 1.484614, train_acc = 97.74% val_acc = 95.70%
Epoch 1316, cost = 1.486610, train_acc = 97.42% val_acc = 96.08%
Epoch 1317, cost = 1.484992, train_acc = 97.79% val_acc = 95.47%
Epoch 1318, cost = 1.485900, train_acc = 97.17% val_acc = 95.43%
Epoch 1319, cost = 1.484718, train_acc = 97.69% val_acc = 95.60%
Epoch 1320, cost = 1.485446, train_acc = 97.70% val_acc = 95.55%
Epoch 1321, cost = 1.483482, train_acc = 97.75% val_acc = 95.59%
Epoch 1322, cost = 1.484722, train_acc = 97.70% val_acc = 96.07%
Epoch 1323, cost = 1.484469, train_acc = 97.83% val_acc = 95.80%
Epoch 1324, cost = 1.484803, train_acc = 97.71% val_acc = 95.79%
Epoch 1325, cost = 1.485167, train_acc = 97.50% val_acc = 96.00%
Epoch 1326, cost = 1.484114, train_acc = 97.43% val_acc = 95.55%
Epoch 1327, cost = 1.485188, train_acc = 97.77% val_acc = 95.63%
Epoch 1328, cost = 1.484477, train_acc = 97.80% val_acc = 96.10%
Epoch 1329, cost = 1.483789, train_acc = 97.81% val_acc = 96.09%
Epoch 1330, cost = 1.485485, train_acc = 97.56% val_acc = 95.35%
Epoch 1331, cost = 1.483701, train_acc = 97.90% val_acc = 95.58%
Epoch 1332, cost = 1.484668, train_acc = 97.68% val_acc = 95.57%
Epoch 1333, cost = 1.485748, train_acc = 97.51% val_acc = 95.46%
Epoch 1334, cost = 1.484562, train_acc = 97.59% val_acc = 96.06%
Epoch 1335, cost = 1.482720, train_acc = 97.79% val_acc = 95.68%
Epoch 1336, cost = 1.483944, train_acc = 97.87% val_acc = 95.87%
Epoch 1337, cost = 1.483340, train_acc = 97.70% val_acc = 95.64%
Epoch 1338, cost = 1.485660, train_acc = 97.79% val_acc = 95.68%
Epoch 1339, cost = 1.484698, train_acc = 97.66% val_acc = 95.29%
Epoch 1340, cost = 1.483949, train_acc = 97.86% val_acc = 95.93%
Epoch 1341, cost = 1.485007, train_acc = 97.64% val_acc = 95.62%
Epoch 1342, cost = 1.484682, train_acc = 97.50% val_acc = 95.23%
Epoch 1343, cost = 1.484375, train_acc = 97.82% val_acc = 95.92%
Epoch 1344, cost = 1.483617, train_acc = 97.60% val_acc = 96.05%
Epoch 1345, cost = 1.484612, train_acc = 97.93% val_acc = 95.70%
Epoch 1346, cost = 1.483621, train_acc = 97.76% val_acc = 96.04%
Epoch 1347, cost = 1.484243, train_acc = 97.71% val_acc = 95.86%
Epoch 1348, cost = 1.485167, train_acc = 97.61% val_acc = 96.02%
Epoch 1349, cost = 1.485205, train_acc = 97.74% val_acc = 95.67%
Epoch 1350, cost = 1.485911, train_acc = 97.50% val_acc = 95.54%
Epoch 1351, cost = 1.485556, train_acc = 97.70% val_acc = 95.83%
Epoch 1352, cost = 1.485240, train_acc = 97.48% val_acc = 95.65%
Epoch 1353, cost = 1.485656, train_acc = 97.61% val_acc = 95.51%
Epoch 1354, cost = 1.483703, train_acc = 97.74% val_acc = 95.58%
Epoch 1355, cost = 1.484578, train_acc = 97.75% val_acc = 95.80%
Epoch 1356, cost = 1.485120, train_acc = 97.56% val_acc = 96.11%
Epoch 1357, cost = 1.485751, train_acc = 97.57% val_acc = 95.88%
Epoch 1358, cost = 1.485902, train_acc = 97.52% val_acc = 95.16%
Epoch 1359, cost = 1.486743, train_acc = 97.31% val_acc = 95.20%
Epoch 1360, cost = 1.486864, train_acc = 97.55% val_acc = 95.91%
Epoch 1361, cost = 1.487286, train_acc = 97.60% val_acc = 95.89%
Epoch 1362, cost = 1.485693, train_acc = 97.67% val_acc = 95.78%
Epoch 1363, cost = 1.484601, train_acc = 97.67% val_acc = 95.59%
Epoch 1364, cost = 1.484381, train_acc = 97.70% val_acc = 95.86%
Epoch 1365, cost = 1.484621, train_acc = 97.79% val_acc = 95.85%
Epoch 1366, cost = 1.484031, train_acc = 97.75% val_acc = 95.97%
Epoch 1367, cost = 1.483899, train_acc = 97.68% val_acc = 95.95%
Epoch 1368, cost = 1.483416, train_acc = 97.69% val_acc = 95.73%
Epoch 1369, cost = 1.485012, train_acc = 97.83% val_acc = 96.00%
Epoch 1370, cost = 1.483690, train_acc = 97.75% val_acc = 95.63%
Epoch 1371, cost = 1.486917, train_acc = 97.08% val_acc = 94.98%
Epoch 1372, cost = 1.485341, train_acc = 97.46% val_acc = 95.66%
Epoch 1373, cost = 1.486970, train_acc = 97.65% val_acc = 95.35%
Epoch 1374, cost = 1.484559, train_acc = 97.72% val_acc = 95.86%
Epoch 1375, cost = 1.483981, train_acc = 97.67% val_acc = 95.59%
Epoch 1376, cost = 1.485302, train_acc = 97.61% val_acc = 95.54%
Epoch 1377, cost = 1.483918, train_acc = 97.78% val_acc = 95.78%
Epoch 1378, cost = 1.485118, train_acc = 97.85% val_acc = 95.91%
Epoch 1379, cost = 1.484394, train_acc = 97.39% val_acc = 95.33%
Epoch 1380, cost = 1.485965, train_acc = 97.69% val_acc = 95.72%
Epoch 1381, cost = 1.484803, train_acc = 97.64% val_acc = 95.65%
Epoch 1382, cost = 1.484566, train_acc = 97.78% val_acc = 95.56%
Epoch 1383, cost = 1.484946, train_acc = 97.81% val_acc = 95.63%
Epoch 1384, cost = 1.484835, train_acc = 97.50% val_acc = 95.26%
Epoch 1385, cost = 1.484044, train_acc = 97.80% val_acc = 96.10%
Epoch 1386, cost = 1.485716, train_acc = 96.66% val_acc = 95.36%
Epoch 1387, cost = 1.485365, train_acc = 97.73% val_acc = 95.60%
Epoch 1388, cost = 1.483966, train_acc = 97.78% val_acc = 95.82%
Epoch 1389, cost = 1.485697, train_acc = 97.76% val_acc = 95.84%
Epoch 1390, cost = 1.484696, train_acc = 97.53% val_acc = 95.50%
Epoch 1391, cost = 1.486124, train_acc = 97.62% val_acc = 95.40%
Epoch 1392, cost = 1.485098, train_acc = 97.72% val_acc = 95.37%
Epoch 1393, cost = 1.484800, train_acc = 97.70% val_acc = 95.67%
Epoch 1394, cost = 1.483930, train_acc = 97.70% val_acc = 95.41%
Epoch 1395, cost = 1.484689, train_acc = 97.75% val_acc = 95.80%
Epoch 1396, cost = 1.484417, train_acc = 97.38% val_acc = 95.39%
Epoch 1397, cost = 1.484458, train_acc = 97.57% val_acc = 95.15%
Epoch 1398, cost = 1.484726, train_acc = 97.77% val_acc = 95.43%
Epoch 1399, cost = 1.485251, train_acc = 97.72% val_acc = 95.83%
Epoch 1400, cost = 1.484414, train_acc = 97.68% val_acc = 95.66%
Epoch 1401, cost = 1.484425, train_acc = 97.55% val_acc = 95.29%
Epoch 1402, cost = 1.484278, train_acc = 97.77% val_acc = 95.85%
Epoch 1403, cost = 1.483967, train_acc = 97.57% val_acc = 95.54%
Epoch 1404, cost = 1.484765, train_acc = 97.59% val_acc = 95.77%
Epoch 1405, cost = 1.485250, train_acc = 97.66% val_acc = 95.78%
Epoch 1406, cost = 1.486338, train_acc = 97.47% val_acc = 96.18%
Epoch 1407, cost = 1.484597, train_acc = 97.67% val_acc = 95.67%
Epoch 1408, cost = 1.486137, train_acc = 97.75% val_acc = 95.76%
Epoch 1409, cost = 1.484757, train_acc = 97.60% val_acc = 95.32%
Epoch 1410, cost = 1.486401, train_acc = 97.73% val_acc = 95.60%
Epoch 1411, cost = 1.484527, train_acc = 97.72% val_acc = 95.34%
Epoch 1412, cost = 1.484832, train_acc = 97.59% val_acc = 95.76%
Epoch 1413, cost = 1.486354, train_acc = 97.43% val_acc = 95.32%
Epoch 1414, cost = 1.485324, train_acc = 97.70% val_acc = 95.51%
Epoch 1415, cost = 1.484717, train_acc = 97.46% val_acc = 95.19%
Epoch 1416, cost = 1.484042, train_acc = 97.72% val_acc = 95.93%
Epoch 1417, cost = 1.484539, train_acc = 97.61% val_acc = 95.60%
Epoch 1418, cost = 1.485432, train_acc = 97.61% val_acc = 95.64%
Epoch 1419, cost = 1.484876, train_acc = 97.82% val_acc = 95.59%
Epoch 1420, cost = 1.484554, train_acc = 97.57% val_acc = 95.32%
Epoch 1421, cost = 1.484565, train_acc = 97.47% val_acc = 95.51%
Epoch 1422, cost = 1.484577, train_acc = 97.51% val_acc = 95.58%
Epoch 1423, cost = 1.485645, train_acc = 97.60% val_acc = 95.16%
Epoch 1424, cost = 1.485642, train_acc = 97.57% val_acc = 95.43%
Epoch 1425, cost = 1.485849, train_acc = 97.57% val_acc = 95.14%
Epoch 1426, cost = 1.486129, train_acc = 97.63% val_acc = 96.10%
Epoch 1427, cost = 1.486162, train_acc = 97.60% val_acc = 95.94%
Epoch 1428, cost = 1.484681, train_acc = 97.61% val_acc = 95.42%
Epoch 1429, cost = 1.485207, train_acc = 97.67% val_acc = 95.39%
Epoch 1430, cost = 1.485070, train_acc = 97.45% val_acc = 95.39%
Epoch 1431, cost = 1.484998, train_acc = 97.62% val_acc = 95.00%
Epoch 1432, cost = 1.484739, train_acc = 97.61% val_acc = 95.46%
Epoch 1433, cost = 1.483612, train_acc = 97.58% val_acc = 95.56%
Epoch 1434, cost = 1.484706, train_acc = 97.70% val_acc = 95.88%
Epoch 1435, cost = 1.483299, train_acc = 97.62% val_acc = 95.12%
Epoch 1436, cost = 1.484903, train_acc = 97.53% val_acc = 95.50%
Epoch 1437, cost = 1.485692, train_acc = 97.67% val_acc = 95.54%
Epoch 1438, cost = 1.485929, train_acc = 97.49% val_acc = 95.80%
Epoch 1439, cost = 1.484753, train_acc = 97.67% val_acc = 95.41%
Epoch 1440, cost = 1.485893, train_acc = 97.64% val_acc = 95.81%
Epoch 1441, cost = 1.484052, train_acc = 97.60% val_acc = 95.57%
Epoch 1442, cost = 1.485416, train_acc = 97.83% val_acc = 95.87%
Epoch 1443, cost = 1.485622, train_acc = 97.57% val_acc = 95.64%
Epoch 1444, cost = 1.484820, train_acc = 97.75% val_acc = 95.36%
Epoch 1445, cost = 1.485673, train_acc = 97.70% val_acc = 95.56%
Epoch 1446, cost = 1.486185, train_acc = 97.66% val_acc = 95.82%
Epoch 1447, cost = 1.484959, train_acc = 97.56% val_acc = 95.79%
Epoch 1448, cost = 1.485042, train_acc = 97.56% val_acc = 94.91%
Epoch 1449, cost = 1.485715, train_acc = 97.79% val_acc = 95.85%
Epoch 1450, cost = 1.484343, train_acc = 97.77% val_acc = 95.99%
Epoch 1451, cost = 1.485780, train_acc = 97.66% val_acc = 95.88%
Epoch 1452, cost = 1.485026, train_acc = 97.73% val_acc = 95.83%
Epoch 1453, cost = 1.485258, train_acc = 97.65% val_acc = 95.57%
Epoch 1454, cost = 1.486058, train_acc = 97.41% val_acc = 95.31%
Epoch 1455, cost = 1.486117, train_acc = 97.61% val_acc = 95.22%
Epoch 1456, cost = 1.484856, train_acc = 97.68% val_acc = 95.96%
Epoch 1457, cost = 1.485820, train_acc = 97.41% val_acc = 95.60%
Epoch 1458, cost = 1.484999, train_acc = 97.63% val_acc = 95.27%
Epoch 1459, cost = 1.485746, train_acc = 97.71% val_acc = 95.44%
Epoch 1460, cost = 1.485373, train_acc = 97.32% val_acc = 95.43%
Epoch 1461, cost = 1.485981, train_acc = 96.73% val_acc = 95.31%
Epoch 1462, cost = 1.487265, train_acc = 97.34% val_acc = 95.16%
Epoch 1463, cost = 1.487029, train_acc = 97.71% val_acc = 95.69%
Epoch 1464, cost = 1.485967, train_acc = 97.52% val_acc = 95.41%
Epoch 1465, cost = 1.485252, train_acc = 97.65% val_acc = 95.99%
Epoch 1466, cost = 1.486159, train_acc = 97.62% val_acc = 95.84%
Epoch 1467, cost = 1.486704, train_acc = 97.69% val_acc = 95.95%
Epoch 1468, cost = 1.485736, train_acc = 97.57% val_acc = 95.76%
Epoch 1469, cost = 1.487008, train_acc = 97.54% val_acc = 95.60%
Epoch 1470, cost = 1.486483, train_acc = 97.62% val_acc = 95.53%
Epoch 1471, cost = 1.485408, train_acc = 97.59% val_acc = 95.71%
Epoch 1472, cost = 1.485055, train_acc = 97.56% val_acc = 95.63%
Epoch 1473, cost = 1.487235, train_acc = 97.59% val_acc = 95.72%
Epoch 1474, cost = 1.486532, train_acc = 97.53% val_acc = 95.66%
Epoch 1475, cost = 1.486068, train_acc = 97.65% val_acc = 96.17%
Epoch 1476, cost = 1.484808, train_acc = 97.38% val_acc = 95.71%
Epoch 1477, cost = 1.484427, train_acc = 97.70% val_acc = 95.59%
Epoch 1478, cost = 1.485052, train_acc = 97.67% val_acc = 95.55%
Epoch 1479, cost = 1.485927, train_acc = 97.19% val_acc = 95.76%
Epoch 1480, cost = 1.484636, train_acc = 97.65% val_acc = 95.78%
Epoch 1481, cost = 1.486083, train_acc = 97.32% val_acc = 95.12%
Epoch 1482, cost = 1.486278, train_acc = 97.68% val_acc = 95.91%
Epoch 1483, cost = 1.485278, train_acc = 97.45% val_acc = 95.42%
Epoch 1484, cost = 1.485150, train_acc = 97.63% val_acc = 96.00%
Epoch 1485, cost = 1.486204, train_acc = 97.62% val_acc = 95.90%
Epoch 1486, cost = 1.484761, train_acc = 97.71% val_acc = 95.83%
Epoch 1487, cost = 1.486068, train_acc = 97.61% val_acc = 95.50%
Epoch 1488, cost = 1.486785, train_acc = 97.72% val_acc = 95.66%
Epoch 1489, cost = 1.485463, train_acc = 97.83% val_acc = 95.65%
Epoch 1490, cost = 1.484516, train_acc = 97.45% val_acc = 95.42%
Epoch 1491, cost = 1.489008, train_acc = 97.56% val_acc = 95.58%
Epoch 1492, cost = 1.485449, train_acc = 97.51% val_acc = 95.60%
Epoch 1493, cost = 1.484895, train_acc = 97.65% val_acc = 96.03%
Epoch 1494, cost = 1.485627, train_acc = 97.68% val_acc = 95.40%
Epoch 1495, cost = 1.486644, train_acc = 97.36% val_acc = 95.89%
Epoch 1496, cost = 1.486006, train_acc = 97.79% val_acc = 96.02%
Epoch 1497, cost = 1.485556, train_acc = 97.54% val_acc = 95.71%
Epoch 1498, cost = 1.485564, train_acc = 97.52% val_acc = 95.42%
Epoch 1499, cost = 1.484856, train_acc = 97.70% val_acc = 96.09%
Epoch 1500, cost = 1.484070, train_acc = 97.60% val_acc = 95.80%
