Loading Training Data
Loading Validation Data
Creating Data Loaders
Training Fun Time!!!
Epoch 1, cost = 2.303654, train_acc = 12.43% val_acc = 13.13%
Epoch 2, cost = 2.303066, train_acc = 14.83% val_acc = 15.32%
Epoch 3, cost = 2.301598, train_acc = 15.88% val_acc = 16.63%
Epoch 4, cost = 2.291982, train_acc = 17.66% val_acc = 19.88%
Epoch 5, cost = 2.220785, train_acc = 27.36% val_acc = 31.34%
Epoch 6, cost = 2.147804, train_acc = 31.96% val_acc = 35.11%
Epoch 7, cost = 2.123484, train_acc = 33.42% val_acc = 36.39%
Epoch 8, cost = 2.108264, train_acc = 34.88% val_acc = 38.27%
Epoch 9, cost = 2.098249, train_acc = 36.22% val_acc = 39.36%
Epoch 10, cost = 2.082496, train_acc = 37.43% val_acc = 40.09%
Epoch 11, cost = 2.066847, train_acc = 39.13% val_acc = 43.04%
Epoch 12, cost = 2.056624, train_acc = 40.54% val_acc = 43.75%
Epoch 13, cost = 2.042220, train_acc = 40.54% val_acc = 43.57%
Epoch 14, cost = 2.041835, train_acc = 41.54% val_acc = 43.90%
Epoch 15, cost = 2.033180, train_acc = 41.97% val_acc = 45.10%
Epoch 16, cost = 2.027759, train_acc = 42.24% val_acc = 44.63%
Epoch 17, cost = 2.028721, train_acc = 43.09% val_acc = 45.66%
Epoch 18, cost = 2.017392, train_acc = 44.46% val_acc = 47.19%
Epoch 19, cost = 2.005418, train_acc = 44.53% val_acc = 47.44%
Epoch 20, cost = 1.993405, train_acc = 45.28% val_acc = 49.26%
Epoch 21, cost = 1.985691, train_acc = 46.59% val_acc = 50.29%
Epoch 22, cost = 1.982055, train_acc = 47.13% val_acc = 49.95%
Epoch 23, cost = 1.976237, train_acc = 46.63% val_acc = 50.09%
Epoch 24, cost = 1.979626, train_acc = 47.83% val_acc = 50.17%
Epoch 25, cost = 1.972160, train_acc = 47.58% val_acc = 49.37%
Epoch 26, cost = 1.974811, train_acc = 48.59% val_acc = 50.25%
Epoch 27, cost = 1.968009, train_acc = 47.88% val_acc = 50.28%
Epoch 28, cost = 1.961679, train_acc = 48.23% val_acc = 49.70%
Epoch 29, cost = 1.961653, train_acc = 48.20% val_acc = 50.35%
Epoch 30, cost = 1.961180, train_acc = 48.74% val_acc = 51.36%
Epoch 31, cost = 1.959317, train_acc = 48.43% val_acc = 51.22%
Epoch 32, cost = 1.960339, train_acc = 48.67% val_acc = 51.12%
Epoch 33, cost = 1.957788, train_acc = 48.76% val_acc = 51.28%
Epoch 34, cost = 1.951440, train_acc = 49.24% val_acc = 51.12%
Epoch 35, cost = 1.956349, train_acc = 49.49% val_acc = 51.03%
Epoch 36, cost = 1.947861, train_acc = 49.12% val_acc = 51.27%
Epoch 37, cost = 1.955148, train_acc = 49.28% val_acc = 52.06%
Epoch 38, cost = 1.950359, train_acc = 50.08% val_acc = 51.37%
Epoch 39, cost = 1.953780, train_acc = 49.58% val_acc = 51.83%
Epoch 40, cost = 1.950717, train_acc = 49.36% val_acc = 51.76%
Epoch 41, cost = 1.945347, train_acc = 49.34% val_acc = 51.30%
Epoch 42, cost = 1.949342, train_acc = 49.79% val_acc = 50.96%
Epoch 43, cost = 1.946547, train_acc = 49.93% val_acc = 51.54%
Epoch 44, cost = 1.944837, train_acc = 50.01% val_acc = 51.49%
Epoch 45, cost = 1.946989, train_acc = 49.61% val_acc = 51.11%
Epoch 46, cost = 1.941141, train_acc = 50.07% val_acc = 50.75%
Epoch 47, cost = 1.935921, train_acc = 49.58% val_acc = 51.79%
Epoch 48, cost = 1.940998, train_acc = 50.23% val_acc = 51.92%
Epoch 49, cost = 1.945972, train_acc = 50.17% val_acc = 52.19%
Epoch 50, cost = 1.943240, train_acc = 50.66% val_acc = 52.00%
Epoch 51, cost = 1.936765, train_acc = 49.84% val_acc = 51.97%
Epoch 52, cost = 1.940801, train_acc = 50.45% val_acc = 51.94%
Epoch 53, cost = 1.942975, train_acc = 50.05% val_acc = 51.57%
Epoch 54, cost = 1.938601, train_acc = 50.61% val_acc = 51.66%
Epoch 55, cost = 1.939313, train_acc = 50.97% val_acc = 51.10%
Epoch 56, cost = 1.940632, train_acc = 50.44% val_acc = 52.30%
Epoch 57, cost = 1.936580, train_acc = 50.63% val_acc = 52.14%
Epoch 58, cost = 1.933007, train_acc = 50.01% val_acc = 51.94%
Epoch 59, cost = 1.938603, train_acc = 50.56% val_acc = 51.94%
Epoch 60, cost = 1.936287, train_acc = 50.37% val_acc = 51.92%
Epoch 61, cost = 1.935810, train_acc = 50.97% val_acc = 52.60%
Epoch 62, cost = 1.934661, train_acc = 50.85% val_acc = 51.88%
Epoch 63, cost = 1.934218, train_acc = 50.93% val_acc = 51.75%
Epoch 64, cost = 1.929620, train_acc = 51.05% val_acc = 52.12%
Epoch 65, cost = 1.934372, train_acc = 51.30% val_acc = 52.17%
Epoch 66, cost = 1.931566, train_acc = 50.37% val_acc = 52.21%
Epoch 67, cost = 1.934954, train_acc = 51.30% val_acc = 52.80%
Epoch 68, cost = 1.931950, train_acc = 50.25% val_acc = 51.77%
Epoch 69, cost = 1.933664, train_acc = 50.86% val_acc = 51.94%
Epoch 70, cost = 1.932491, train_acc = 50.30% val_acc = 51.27%
Epoch 71, cost = 1.931937, train_acc = 50.99% val_acc = 52.51%
Epoch 72, cost = 1.930789, train_acc = 51.11% val_acc = 52.11%
Epoch 73, cost = 1.930467, train_acc = 50.94% val_acc = 51.93%
Epoch 74, cost = 1.928252, train_acc = 51.15% val_acc = 51.69%
Epoch 75, cost = 1.928943, train_acc = 50.38% val_acc = 52.64%
Epoch 76, cost = 1.930448, train_acc = 51.26% val_acc = 52.60%
Epoch 77, cost = 1.925579, train_acc = 51.25% val_acc = 52.66%
Epoch 78, cost = 1.923217, train_acc = 51.05% val_acc = 52.51%
Epoch 79, cost = 1.928147, train_acc = 50.89% val_acc = 52.32%
Epoch 80, cost = 1.931439, train_acc = 51.31% val_acc = 51.95%
Epoch 81, cost = 1.923248, train_acc = 50.89% val_acc = 51.85%
Epoch 82, cost = 1.927535, train_acc = 51.38% val_acc = 51.79%
Epoch 83, cost = 1.925060, train_acc = 51.19% val_acc = 52.04%
Epoch 84, cost = 1.929351, train_acc = 51.35% val_acc = 52.32%
Epoch 85, cost = 1.922907, train_acc = 51.51% val_acc = 51.85%
Epoch 86, cost = 1.928199, train_acc = 50.94% val_acc = 52.21%
Epoch 87, cost = 1.924896, train_acc = 51.37% val_acc = 52.37%
Epoch 88, cost = 1.923160, train_acc = 51.45% val_acc = 52.07%
Epoch 89, cost = 1.928344, train_acc = 51.59% val_acc = 52.41%
Epoch 90, cost = 1.927806, train_acc = 51.16% val_acc = 52.67%
Epoch 91, cost = 1.922721, train_acc = 51.82% val_acc = 51.90%
Epoch 92, cost = 1.927478, train_acc = 51.56% val_acc = 51.99%
Epoch 93, cost = 1.926748, train_acc = 51.46% val_acc = 52.18%
Epoch 94, cost = 1.925274, train_acc = 51.70% val_acc = 52.37%
Epoch 95, cost = 1.922004, train_acc = 51.20% val_acc = 52.36%
Epoch 96, cost = 1.923086, train_acc = 51.44% val_acc = 52.64%
Epoch 97, cost = 1.930078, train_acc = 51.41% val_acc = 52.93%
Epoch 98, cost = 1.924952, train_acc = 51.50% val_acc = 51.90%
Epoch 99, cost = 1.924446, train_acc = 51.56% val_acc = 52.30%
Epoch 100, cost = 1.922750, train_acc = 51.44% val_acc = 52.43%
Epoch 101, cost = 1.926148, train_acc = 51.47% val_acc = 53.23%
Epoch 102, cost = 1.925816, train_acc = 51.22% val_acc = 52.31%
Epoch 103, cost = 1.923449, train_acc = 51.11% val_acc = 51.97%
Epoch 104, cost = 1.923392, train_acc = 51.81% val_acc = 52.42%
Epoch 105, cost = 1.922471, train_acc = 52.18% val_acc = 52.07%
Epoch 106, cost = 1.922150, train_acc = 51.61% val_acc = 52.04%
Epoch 107, cost = 1.918209, train_acc = 52.18% val_acc = 52.05%
Epoch 108, cost = 1.923704, train_acc = 51.72% val_acc = 53.12%
Epoch 109, cost = 1.919021, train_acc = 51.48% val_acc = 51.09%
Epoch 110, cost = 1.921595, train_acc = 51.67% val_acc = 53.21%
Epoch 111, cost = 1.923011, train_acc = 52.05% val_acc = 51.84%
Epoch 112, cost = 1.916740, train_acc = 51.85% val_acc = 51.59%
Epoch 113, cost = 1.921486, train_acc = 52.04% val_acc = 52.32%
Epoch 114, cost = 1.920461, train_acc = 51.02% val_acc = 51.24%
Epoch 115, cost = 1.923463, train_acc = 51.60% val_acc = 52.32%
Epoch 116, cost = 1.915548, train_acc = 52.11% val_acc = 52.12%
Epoch 117, cost = 1.920771, train_acc = 51.99% val_acc = 53.13%
Epoch 118, cost = 1.923323, train_acc = 52.39% val_acc = 52.96%
Epoch 119, cost = 1.919455, train_acc = 51.88% val_acc = 52.95%
Epoch 120, cost = 1.920826, train_acc = 51.94% val_acc = 52.19%
Epoch 121, cost = 1.923772, train_acc = 51.63% val_acc = 52.81%
Epoch 122, cost = 1.919144, train_acc = 51.51% val_acc = 52.82%
Epoch 123, cost = 1.921488, train_acc = 52.21% val_acc = 52.68%
Epoch 124, cost = 1.916632, train_acc = 52.05% val_acc = 52.22%
Epoch 125, cost = 1.919318, train_acc = 52.02% val_acc = 53.01%
Epoch 126, cost = 1.918199, train_acc = 52.19% val_acc = 52.14%
Epoch 127, cost = 1.922583, train_acc = 51.98% val_acc = 53.24%
Epoch 128, cost = 1.919832, train_acc = 51.87% val_acc = 52.44%
Epoch 129, cost = 1.920187, train_acc = 52.18% val_acc = 52.22%
Epoch 130, cost = 1.918253, train_acc = 52.63% val_acc = 52.79%
Epoch 131, cost = 1.917721, train_acc = 52.07% val_acc = 53.01%
Epoch 132, cost = 1.919362, train_acc = 52.29% val_acc = 52.52%
Epoch 133, cost = 1.917543, train_acc = 52.67% val_acc = 51.80%
Epoch 134, cost = 1.918611, train_acc = 51.90% val_acc = 52.95%
Epoch 135, cost = 1.921961, train_acc = 51.94% val_acc = 52.98%
Epoch 136, cost = 1.919980, train_acc = 51.79% val_acc = 51.48%
Epoch 137, cost = 1.916842, train_acc = 51.73% val_acc = 52.66%
Epoch 138, cost = 1.919086, train_acc = 52.33% val_acc = 52.47%
Epoch 139, cost = 1.915271, train_acc = 52.32% val_acc = 52.25%
Epoch 140, cost = 1.919883, train_acc = 52.15% val_acc = 51.82%
Epoch 141, cost = 1.916375, train_acc = 52.74% val_acc = 52.66%
Epoch 142, cost = 1.918127, train_acc = 52.37% val_acc = 52.26%
Epoch 143, cost = 1.916378, train_acc = 52.22% val_acc = 52.79%
Epoch 144, cost = 1.916850, train_acc = 52.12% val_acc = 53.13%
Epoch 145, cost = 1.917477, train_acc = 51.77% val_acc = 53.33%
Epoch 146, cost = 1.913451, train_acc = 52.35% val_acc = 53.23%
Epoch 147, cost = 1.912263, train_acc = 51.80% val_acc = 52.67%
Epoch 148, cost = 1.917418, train_acc = 51.96% val_acc = 53.72%
Epoch 149, cost = 1.916401, train_acc = 51.50% val_acc = 51.99%
Epoch 150, cost = 1.916325, train_acc = 51.81% val_acc = 52.83%
Epoch 151, cost = 1.914727, train_acc = 52.54% val_acc = 52.58%
Epoch 152, cost = 1.909399, train_acc = 52.34% val_acc = 52.02%
Epoch 153, cost = 1.914388, train_acc = 52.60% val_acc = 52.28%
Epoch 154, cost = 1.914206, train_acc = 52.30% val_acc = 52.34%
Epoch 155, cost = 1.919949, train_acc = 52.00% val_acc = 52.34%
Epoch 156, cost = 1.916595, train_acc = 52.31% val_acc = 53.10%
Epoch 157, cost = 1.912289, train_acc = 52.29% val_acc = 52.12%
Epoch 158, cost = 1.916521, train_acc = 52.09% val_acc = 52.70%
Epoch 159, cost = 1.913829, train_acc = 52.09% val_acc = 52.16%
Epoch 160, cost = 1.916811, train_acc = 51.77% val_acc = 53.34%
Epoch 161, cost = 1.912254, train_acc = 52.28% val_acc = 52.69%
Epoch 162, cost = 1.911784, train_acc = 52.21% val_acc = 51.96%
Epoch 163, cost = 1.917614, train_acc = 52.37% val_acc = 53.16%
Epoch 164, cost = 1.915389, train_acc = 52.64% val_acc = 52.60%
Epoch 165, cost = 1.911425, train_acc = 52.42% val_acc = 52.84%
Epoch 166, cost = 1.914829, train_acc = 51.99% val_acc = 52.64%
Epoch 167, cost = 1.916233, train_acc = 52.77% val_acc = 52.89%
Epoch 168, cost = 1.915736, train_acc = 52.13% val_acc = 51.38%
Epoch 169, cost = 1.912207, train_acc = 52.94% val_acc = 52.76%
Epoch 170, cost = 1.910694, train_acc = 52.76% val_acc = 53.44%
Epoch 171, cost = 1.912843, train_acc = 52.07% val_acc = 53.61%
Epoch 172, cost = 1.912584, train_acc = 52.21% val_acc = 52.85%
Epoch 173, cost = 1.913511, train_acc = 52.61% val_acc = 53.31%
Epoch 174, cost = 1.910457, train_acc = 52.46% val_acc = 52.76%
Epoch 175, cost = 1.908128, train_acc = 52.44% val_acc = 52.58%
Epoch 176, cost = 1.908830, train_acc = 52.36% val_acc = 53.23%
Epoch 177, cost = 1.912992, train_acc = 52.91% val_acc = 52.77%
Epoch 178, cost = 1.910604, train_acc = 52.55% val_acc = 52.61%
Epoch 179, cost = 1.915215, train_acc = 52.44% val_acc = 52.52%
Epoch 180, cost = 1.912912, train_acc = 52.93% val_acc = 51.92%
Epoch 181, cost = 1.910365, train_acc = 52.61% val_acc = 52.34%
Epoch 182, cost = 1.912935, train_acc = 52.46% val_acc = 52.61%
Epoch 183, cost = 1.915517, train_acc = 52.86% val_acc = 53.07%
Epoch 184, cost = 1.908261, train_acc = 52.24% val_acc = 53.19%
Epoch 185, cost = 1.913213, train_acc = 52.31% val_acc = 51.99%
Epoch 186, cost = 1.911449, train_acc = 52.47% val_acc = 53.45%
Epoch 187, cost = 1.916928, train_acc = 52.76% val_acc = 52.21%
Epoch 188, cost = 1.916884, train_acc = 52.53% val_acc = 52.01%
Epoch 189, cost = 1.916381, train_acc = 52.47% val_acc = 52.82%
Epoch 190, cost = 1.914015, train_acc = 51.99% val_acc = 53.02%
Epoch 191, cost = 1.912007, train_acc = 52.83% val_acc = 52.16%
Epoch 192, cost = 1.907261, train_acc = 52.44% val_acc = 51.95%
Epoch 193, cost = 1.913873, train_acc = 52.49% val_acc = 53.63%
Epoch 194, cost = 1.910066, train_acc = 53.03% val_acc = 52.42%
Epoch 195, cost = 1.910327, train_acc = 52.89% val_acc = 52.67%
Epoch 196, cost = 1.914146, train_acc = 52.40% val_acc = 52.54%
Epoch 197, cost = 1.907569, train_acc = 52.69% val_acc = 52.20%
Epoch 198, cost = 1.910399, train_acc = 52.62% val_acc = 52.72%
Epoch 199, cost = 1.910962, train_acc = 52.49% val_acc = 52.60%
Epoch 200, cost = 1.911224, train_acc = 52.09% val_acc = 52.99%
Epoch 201, cost = 1.911209, train_acc = 52.60% val_acc = 52.12%
Epoch 202, cost = 1.914553, train_acc = 52.41% val_acc = 53.15%
Epoch 203, cost = 1.915236, train_acc = 52.69% val_acc = 53.45%
Epoch 204, cost = 1.912578, train_acc = 52.72% val_acc = 52.41%
Epoch 205, cost = 1.912160, train_acc = 53.08% val_acc = 52.53%
Epoch 206, cost = 1.908470, train_acc = 52.69% val_acc = 52.52%
Epoch 207, cost = 1.906828, train_acc = 52.38% val_acc = 53.76%
Epoch 208, cost = 1.908216, train_acc = 52.76% val_acc = 51.52%
Epoch 209, cost = 1.905498, train_acc = 52.24% val_acc = 52.67%
Epoch 210, cost = 1.907505, train_acc = 52.74% val_acc = 52.65%
Epoch 211, cost = 1.913488, train_acc = 52.94% val_acc = 52.59%
Epoch 212, cost = 1.910994, train_acc = 53.27% val_acc = 52.33%
Epoch 213, cost = 1.912926, train_acc = 52.49% val_acc = 52.72%
Epoch 214, cost = 1.907774, train_acc = 52.96% val_acc = 52.75%
Epoch 215, cost = 1.909883, train_acc = 53.21% val_acc = 53.10%
Epoch 216, cost = 1.907466, train_acc = 52.86% val_acc = 53.97%
Epoch 217, cost = 1.906237, train_acc = 53.08% val_acc = 53.44%
Epoch 218, cost = 1.911426, train_acc = 52.51% val_acc = 52.30%
Epoch 219, cost = 1.908495, train_acc = 52.77% val_acc = 52.78%
Epoch 220, cost = 1.908255, train_acc = 52.06% val_acc = 53.22%
Epoch 221, cost = 1.913941, train_acc = 52.13% val_acc = 52.57%
Epoch 222, cost = 1.913852, train_acc = 52.85% val_acc = 53.10%
Epoch 223, cost = 1.911840, train_acc = 52.76% val_acc = 52.64%
Epoch 224, cost = 1.905653, train_acc = 52.69% val_acc = 52.40%
Epoch 225, cost = 1.911185, train_acc = 52.69% val_acc = 53.36%
Epoch 226, cost = 1.909091, train_acc = 52.92% val_acc = 52.63%
Epoch 227, cost = 1.907302, train_acc = 52.37% val_acc = 52.55%
Epoch 228, cost = 1.910098, train_acc = 52.62% val_acc = 53.20%
Epoch 229, cost = 1.911320, train_acc = 53.03% val_acc = 53.22%
Epoch 230, cost = 1.911843, train_acc = 52.97% val_acc = 53.03%
Epoch 231, cost = 1.902608, train_acc = 53.02% val_acc = 52.81%
Epoch 232, cost = 1.909528, train_acc = 53.25% val_acc = 53.00%
Epoch 233, cost = 1.904395, train_acc = 53.04% val_acc = 52.83%
Epoch 234, cost = 1.909705, train_acc = 53.06% val_acc = 52.40%
Epoch 235, cost = 1.904681, train_acc = 53.56% val_acc = 52.14%
Epoch 236, cost = 1.911065, train_acc = 53.19% val_acc = 52.49%
Epoch 237, cost = 1.913074, train_acc = 52.59% val_acc = 52.86%
Epoch 238, cost = 1.913520, train_acc = 52.52% val_acc = 53.28%
Epoch 239, cost = 1.911112, train_acc = 53.05% val_acc = 52.96%
Epoch 240, cost = 1.909220, train_acc = 53.23% val_acc = 53.29%
Epoch 241, cost = 1.909240, train_acc = 52.77% val_acc = 52.25%
Epoch 242, cost = 1.907343, train_acc = 52.55% val_acc = 52.95%
Epoch 243, cost = 1.910452, train_acc = 52.77% val_acc = 53.03%
Epoch 244, cost = 1.910354, train_acc = 52.74% val_acc = 53.06%
Epoch 245, cost = 1.908148, train_acc = 53.20% val_acc = 53.16%
Epoch 246, cost = 1.904303, train_acc = 53.35% val_acc = 53.15%
Epoch 247, cost = 1.911209, train_acc = 52.79% val_acc = 53.20%
Epoch 248, cost = 1.910724, train_acc = 52.37% val_acc = 52.69%
Epoch 249, cost = 1.908591, train_acc = 52.70% val_acc = 53.56%
Epoch 250, cost = 1.907341, train_acc = 52.85% val_acc = 53.31%
Epoch 251, cost = 1.907036, train_acc = 53.16% val_acc = 52.22%
Epoch 252, cost = 1.904673, train_acc = 52.87% val_acc = 53.57%
Epoch 253, cost = 1.907280, train_acc = 53.32% val_acc = 53.25%
Epoch 254, cost = 1.906309, train_acc = 53.17% val_acc = 52.27%
Epoch 255, cost = 1.909047, train_acc = 52.90% val_acc = 53.05%
Epoch 256, cost = 1.911535, train_acc = 52.83% val_acc = 53.02%
Epoch 257, cost = 1.909878, train_acc = 52.54% val_acc = 53.21%
Epoch 258, cost = 1.905864, train_acc = 53.54% val_acc = 52.77%
Epoch 259, cost = 1.907622, train_acc = 53.73% val_acc = 54.18%
Epoch 260, cost = 1.910297, train_acc = 53.50% val_acc = 53.12%
Epoch 261, cost = 1.909621, train_acc = 53.08% val_acc = 52.33%
Epoch 262, cost = 1.912043, train_acc = 52.88% val_acc = 52.91%
Epoch 263, cost = 1.907768, train_acc = 52.88% val_acc = 52.47%
Epoch 264, cost = 1.910997, train_acc = 52.77% val_acc = 52.20%
Epoch 265, cost = 1.911842, train_acc = 53.43% val_acc = 52.65%
Epoch 266, cost = 1.908246, train_acc = 53.38% val_acc = 53.01%
Epoch 267, cost = 1.907184, train_acc = 52.81% val_acc = 52.75%
Epoch 268, cost = 1.913133, train_acc = 53.31% val_acc = 52.25%
Epoch 269, cost = 1.907601, train_acc = 52.96% val_acc = 52.02%
Epoch 270, cost = 1.903761, train_acc = 53.26% val_acc = 52.76%
Epoch 271, cost = 1.907240, train_acc = 52.42% val_acc = 52.54%
Epoch 272, cost = 1.906645, train_acc = 53.12% val_acc = 52.96%
Epoch 273, cost = 1.904775, train_acc = 53.01% val_acc = 53.00%
Epoch 274, cost = 1.910480, train_acc = 52.57% val_acc = 53.06%
Epoch 275, cost = 1.904153, train_acc = 53.29% val_acc = 52.92%
Epoch 276, cost = 1.904807, train_acc = 52.77% val_acc = 52.92%
Epoch 277, cost = 1.909708, train_acc = 52.52% val_acc = 52.23%
Epoch 278, cost = 1.908056, train_acc = 52.91% val_acc = 53.32%
Epoch 279, cost = 1.902878, train_acc = 52.79% val_acc = 53.70%
Epoch 280, cost = 1.908760, train_acc = 54.34% val_acc = 52.83%
Epoch 281, cost = 1.904789, train_acc = 52.94% val_acc = 52.44%
Epoch 282, cost = 1.902830, train_acc = 53.13% val_acc = 52.44%
Epoch 283, cost = 1.901717, train_acc = 52.96% val_acc = 52.69%
Epoch 284, cost = 1.904765, train_acc = 52.46% val_acc = 52.77%
Epoch 285, cost = 1.898495, train_acc = 53.33% val_acc = 52.76%
Epoch 286, cost = 1.906039, train_acc = 52.96% val_acc = 53.16%
Epoch 287, cost = 1.911003, train_acc = 53.26% val_acc = 52.18%
Epoch 288, cost = 1.901416, train_acc = 53.36% val_acc = 52.10%
Epoch 289, cost = 1.905474, train_acc = 53.23% val_acc = 53.72%
Epoch 290, cost = 1.901915, train_acc = 52.87% val_acc = 52.60%
Epoch 291, cost = 1.903625, train_acc = 53.59% val_acc = 52.82%
Epoch 292, cost = 1.906831, train_acc = 53.04% val_acc = 52.60%
Epoch 293, cost = 1.904400, train_acc = 53.31% val_acc = 52.52%
Epoch 294, cost = 1.909095, train_acc = 53.33% val_acc = 53.45%
Epoch 295, cost = 1.902932, train_acc = 53.03% val_acc = 53.10%
Epoch 296, cost = 1.903929, train_acc = 53.88% val_acc = 53.15%
Epoch 297, cost = 1.900680, train_acc = 52.90% val_acc = 51.86%
Epoch 298, cost = 1.905850, train_acc = 53.05% val_acc = 53.22%
Epoch 299, cost = 1.905329, train_acc = 52.84% val_acc = 52.13%
Epoch 300, cost = 1.902531, train_acc = 53.69% val_acc = 52.79%
Epoch 301, cost = 1.907552, train_acc = 53.20% val_acc = 52.67%
Epoch 302, cost = 1.906477, train_acc = 53.37% val_acc = 53.22%
Epoch 303, cost = 1.906470, train_acc = 52.97% val_acc = 51.92%
Epoch 304, cost = 1.902865, train_acc = 52.69% val_acc = 52.99%
Epoch 305, cost = 1.906615, train_acc = 52.96% val_acc = 52.49%
Epoch 306, cost = 1.904703, train_acc = 53.19% val_acc = 52.67%
Epoch 307, cost = 1.905929, train_acc = 53.45% val_acc = 52.99%
Epoch 308, cost = 1.903185, train_acc = 53.14% val_acc = 52.99%
Epoch 309, cost = 1.910045, train_acc = 53.23% val_acc = 52.87%
Epoch 310, cost = 1.903403, train_acc = 53.66% val_acc = 52.32%
Epoch 311, cost = 1.905017, train_acc = 52.87% val_acc = 52.72%
Epoch 312, cost = 1.900138, train_acc = 53.36% val_acc = 53.38%
Epoch 313, cost = 1.903877, train_acc = 53.78% val_acc = 52.16%
Epoch 314, cost = 1.910046, train_acc = 53.21% val_acc = 51.85%
Epoch 315, cost = 1.900721, train_acc = 53.06% val_acc = 53.28%
Epoch 316, cost = 1.901765, train_acc = 53.52% val_acc = 53.36%
Epoch 317, cost = 1.905665, train_acc = 52.72% val_acc = 52.55%
Epoch 318, cost = 1.904542, train_acc = 52.88% val_acc = 52.92%
Epoch 319, cost = 1.904582, train_acc = 52.89% val_acc = 52.65%
Epoch 320, cost = 1.902935, train_acc = 53.50% val_acc = 52.65%
Epoch 321, cost = 1.904498, train_acc = 53.26% val_acc = 52.27%
Epoch 322, cost = 1.903249, train_acc = 53.11% val_acc = 52.50%
Epoch 323, cost = 1.898090, train_acc = 52.88% val_acc = 53.19%
Epoch 324, cost = 1.902042, train_acc = 53.75% val_acc = 52.62%
Epoch 325, cost = 1.907844, train_acc = 53.37% val_acc = 52.34%
Epoch 326, cost = 1.908308, train_acc = 52.44% val_acc = 52.53%
Epoch 327, cost = 1.906638, train_acc = 53.54% val_acc = 52.25%
Epoch 328, cost = 1.906233, train_acc = 53.27% val_acc = 53.32%
Epoch 329, cost = 1.903374, train_acc = 52.41% val_acc = 52.35%
Epoch 330, cost = 1.903908, train_acc = 52.88% val_acc = 53.61%
Epoch 331, cost = 1.905292, train_acc = 53.46% val_acc = 53.68%
Epoch 332, cost = 1.905334, train_acc = 52.92% val_acc = 52.97%
Epoch 333, cost = 1.905244, train_acc = 52.87% val_acc = 53.86%
Epoch 334, cost = 1.904165, train_acc = 53.66% val_acc = 53.44%
Epoch 335, cost = 1.903922, train_acc = 52.97% val_acc = 52.90%
Epoch 336, cost = 1.904084, train_acc = 53.28% val_acc = 53.11%
Epoch 337, cost = 1.902182, train_acc = 53.27% val_acc = 52.85%
Epoch 338, cost = 1.904939, train_acc = 53.40% val_acc = 52.69%
Epoch 339, cost = 1.905381, train_acc = 52.76% val_acc = 52.21%
Epoch 340, cost = 1.905072, train_acc = 53.14% val_acc = 52.53%
Epoch 341, cost = 1.901758, train_acc = 53.01% val_acc = 53.33%
Epoch 342, cost = 1.903277, train_acc = 53.20% val_acc = 52.62%
Epoch 343, cost = 1.904875, train_acc = 53.49% val_acc = 52.28%
Epoch 344, cost = 1.905540, train_acc = 53.08% val_acc = 53.44%
Epoch 345, cost = 1.907978, train_acc = 53.26% val_acc = 52.87%
Epoch 346, cost = 1.902844, train_acc = 52.86% val_acc = 52.79%
Epoch 347, cost = 1.903662, train_acc = 53.35% val_acc = 53.12%
Epoch 348, cost = 1.901872, train_acc = 52.89% val_acc = 52.95%
Epoch 349, cost = 1.904647, train_acc = 53.06% val_acc = 53.11%
Epoch 350, cost = 1.904061, train_acc = 53.16% val_acc = 53.65%
Epoch 351, cost = 1.902568, train_acc = 53.29% val_acc = 52.59%
Epoch 352, cost = 1.901909, train_acc = 53.19% val_acc = 53.00%
Epoch 353, cost = 1.901984, train_acc = 53.12% val_acc = 52.10%
Epoch 354, cost = 1.904726, train_acc = 52.92% val_acc = 52.23%
Epoch 355, cost = 1.904686, train_acc = 53.36% val_acc = 52.37%
Epoch 356, cost = 1.907597, train_acc = 53.83% val_acc = 53.85%
Epoch 357, cost = 1.904738, train_acc = 53.39% val_acc = 52.69%
Epoch 358, cost = 1.901922, train_acc = 53.00% val_acc = 52.86%
Epoch 359, cost = 1.904228, train_acc = 53.43% val_acc = 53.49%
Epoch 360, cost = 1.898851, train_acc = 52.98% val_acc = 53.64%
Epoch 361, cost = 1.901557, train_acc = 53.10% val_acc = 52.49%
Epoch 362, cost = 1.902318, train_acc = 53.25% val_acc = 53.59%
Epoch 363, cost = 1.903250, train_acc = 53.51% val_acc = 53.09%
Epoch 364, cost = 1.900977, train_acc = 52.94% val_acc = 53.42%
Epoch 365, cost = 1.907482, train_acc = 53.03% val_acc = 52.25%
Epoch 366, cost = 1.904231, train_acc = 53.59% val_acc = 53.37%
Epoch 367, cost = 1.899271, train_acc = 53.08% val_acc = 53.18%
Epoch 368, cost = 1.900905, train_acc = 53.87% val_acc = 53.43%
Epoch 369, cost = 1.903811, train_acc = 53.70% val_acc = 51.93%
Epoch 370, cost = 1.903199, train_acc = 53.49% val_acc = 53.20%
Epoch 371, cost = 1.904566, train_acc = 53.41% val_acc = 52.94%
Epoch 372, cost = 1.904066, train_acc = 52.92% val_acc = 52.77%
Epoch 373, cost = 1.902546, train_acc = 53.88% val_acc = 53.05%
Epoch 374, cost = 1.906973, train_acc = 53.36% val_acc = 53.38%
Epoch 375, cost = 1.900615, train_acc = 53.56% val_acc = 53.50%
Epoch 376, cost = 1.901938, train_acc = 53.99% val_acc = 53.24%
Epoch 377, cost = 1.903868, train_acc = 52.63% val_acc = 52.26%
Epoch 378, cost = 1.903615, train_acc = 53.51% val_acc = 53.30%
Epoch 379, cost = 1.904528, train_acc = 53.33% val_acc = 53.42%
Epoch 380, cost = 1.900720, train_acc = 53.25% val_acc = 52.98%
Epoch 381, cost = 1.899094, train_acc = 53.31% val_acc = 52.82%
Epoch 382, cost = 1.902008, train_acc = 53.49% val_acc = 52.70%
Epoch 383, cost = 1.902157, train_acc = 53.53% val_acc = 52.44%
Epoch 384, cost = 1.903651, train_acc = 52.99% val_acc = 53.25%
Epoch 385, cost = 1.903062, train_acc = 53.18% val_acc = 53.46%
Epoch 386, cost = 1.902492, train_acc = 53.99% val_acc = 53.23%
Epoch 387, cost = 1.900038, train_acc = 53.17% val_acc = 52.95%
Epoch 388, cost = 1.904786, train_acc = 53.47% val_acc = 52.52%
Epoch 389, cost = 1.905721, train_acc = 53.67% val_acc = 52.73%
Epoch 390, cost = 1.903804, train_acc = 53.28% val_acc = 53.06%
Epoch 391, cost = 1.896633, train_acc = 53.53% val_acc = 53.00%
Epoch 392, cost = 1.901856, train_acc = 53.59% val_acc = 53.14%
Epoch 393, cost = 1.901783, train_acc = 53.39% val_acc = 52.84%
Epoch 394, cost = 1.902236, train_acc = 53.41% val_acc = 52.91%
Epoch 395, cost = 1.907003, train_acc = 52.95% val_acc = 52.60%
Epoch 396, cost = 1.900747, train_acc = 52.95% val_acc = 53.29%
Epoch 397, cost = 1.903721, train_acc = 53.75% val_acc = 52.86%
Epoch 398, cost = 1.904001, train_acc = 53.19% val_acc = 52.69%
Epoch 399, cost = 1.900337, train_acc = 53.51% val_acc = 52.86%
Epoch 400, cost = 1.903093, train_acc = 53.66% val_acc = 52.78%
Epoch 401, cost = 1.903769, train_acc = 53.77% val_acc = 53.12%
Epoch 402, cost = 1.903732, train_acc = 53.61% val_acc = 53.24%
Epoch 403, cost = 1.899021, train_acc = 53.36% val_acc = 53.31%
Epoch 404, cost = 1.903380, train_acc = 53.63% val_acc = 53.45%
Epoch 405, cost = 1.901867, train_acc = 53.53% val_acc = 53.23%
Epoch 406, cost = 1.900527, train_acc = 53.86% val_acc = 53.24%
Epoch 407, cost = 1.906928, train_acc = 53.17% val_acc = 53.42%
Epoch 408, cost = 1.903354, train_acc = 53.41% val_acc = 53.92%
Epoch 409, cost = 1.901334, train_acc = 53.12% val_acc = 53.18%
Epoch 410, cost = 1.904867, train_acc = 53.43% val_acc = 53.36%
Epoch 411, cost = 1.902518, train_acc = 53.67% val_acc = 52.88%
Epoch 412, cost = 1.905416, train_acc = 53.35% val_acc = 52.95%
Epoch 413, cost = 1.904491, train_acc = 53.08% val_acc = 53.38%
Epoch 414, cost = 1.900862, train_acc = 53.59% val_acc = 52.97%
Epoch 415, cost = 1.900111, train_acc = 53.10% val_acc = 53.44%
Epoch 416, cost = 1.904915, train_acc = 52.90% val_acc = 53.14%
Epoch 417, cost = 1.899489, train_acc = 53.48% val_acc = 53.25%
Epoch 418, cost = 1.899568, train_acc = 53.33% val_acc = 52.31%
Epoch 419, cost = 1.902833, train_acc = 53.70% val_acc = 52.85%
Epoch 420, cost = 1.902460, train_acc = 53.67% val_acc = 52.09%
Epoch 421, cost = 1.903564, train_acc = 53.58% val_acc = 52.21%
Epoch 422, cost = 1.899348, train_acc = 53.67% val_acc = 53.76%
Epoch 423, cost = 1.905381, train_acc = 53.27% val_acc = 53.29%
Epoch 424, cost = 1.898934, train_acc = 53.17% val_acc = 52.88%
Epoch 425, cost = 1.901152, train_acc = 53.39% val_acc = 53.16%
Epoch 426, cost = 1.905689, train_acc = 53.37% val_acc = 52.54%
Epoch 427, cost = 1.901575, train_acc = 53.68% val_acc = 52.72%
Epoch 428, cost = 1.903276, train_acc = 53.66% val_acc = 52.94%
Epoch 429, cost = 1.899291, train_acc = 53.29% val_acc = 53.25%
Epoch 430, cost = 1.901769, train_acc = 52.74% val_acc = 53.08%
Epoch 431, cost = 1.903907, train_acc = 52.52% val_acc = 53.14%
Epoch 432, cost = 1.902257, train_acc = 53.54% val_acc = 52.08%
Epoch 433, cost = 1.902793, train_acc = 53.51% val_acc = 52.92%
Epoch 434, cost = 1.902889, train_acc = 53.07% val_acc = 53.70%
Epoch 435, cost = 1.901344, train_acc = 53.27% val_acc = 52.35%
Epoch 436, cost = 1.902490, train_acc = 53.35% val_acc = 52.52%
Epoch 437, cost = 1.900692, train_acc = 53.72% val_acc = 53.51%
Epoch 438, cost = 1.902893, train_acc = 53.63% val_acc = 54.00%
Epoch 439, cost = 1.904354, train_acc = 53.45% val_acc = 52.85%
Epoch 440, cost = 1.900519, train_acc = 53.13% val_acc = 53.26%
Epoch 441, cost = 1.902406, train_acc = 53.81% val_acc = 53.19%
Epoch 442, cost = 1.901057, train_acc = 53.49% val_acc = 53.01%
Epoch 443, cost = 1.905271, train_acc = 53.20% val_acc = 53.23%
Epoch 444, cost = 1.898841, train_acc = 53.36% val_acc = 52.90%
Epoch 445, cost = 1.900137, train_acc = 53.44% val_acc = 53.85%
Epoch 446, cost = 1.903131, train_acc = 54.00% val_acc = 53.47%
Epoch 447, cost = 1.899144, train_acc = 53.44% val_acc = 53.14%
Epoch 448, cost = 1.901467, train_acc = 53.56% val_acc = 53.31%
Epoch 449, cost = 1.904392, train_acc = 52.92% val_acc = 52.63%
Epoch 450, cost = 1.900105, train_acc = 53.76% val_acc = 53.01%
Epoch 451, cost = 1.897983, train_acc = 53.36% val_acc = 53.18%
Epoch 452, cost = 1.899139, train_acc = 53.26% val_acc = 53.05%
Epoch 453, cost = 1.903001, train_acc = 53.27% val_acc = 52.63%
Epoch 454, cost = 1.900511, train_acc = 53.63% val_acc = 52.95%
Epoch 455, cost = 1.903758, train_acc = 53.24% val_acc = 53.66%
Epoch 456, cost = 1.904684, train_acc = 53.31% val_acc = 53.23%
Epoch 457, cost = 1.905209, train_acc = 53.57% val_acc = 53.58%
Epoch 458, cost = 1.902998, train_acc = 53.11% val_acc = 53.25%
Epoch 459, cost = 1.904763, train_acc = 52.90% val_acc = 53.31%
Epoch 460, cost = 1.900599, train_acc = 53.42% val_acc = 53.37%
Epoch 461, cost = 1.900131, train_acc = 53.66% val_acc = 53.46%
Epoch 462, cost = 1.901558, train_acc = 53.85% val_acc = 53.19%
Epoch 463, cost = 1.898904, train_acc = 52.88% val_acc = 53.45%
Epoch 464, cost = 1.900997, train_acc = 53.23% val_acc = 53.26%
Epoch 465, cost = 1.902243, train_acc = 53.59% val_acc = 53.51%
Epoch 466, cost = 1.905492, train_acc = 53.86% val_acc = 53.23%
Epoch 467, cost = 1.904111, train_acc = 53.67% val_acc = 53.17%
Epoch 468, cost = 1.906825, train_acc = 53.41% val_acc = 53.09%
Epoch 469, cost = 1.905640, train_acc = 53.39% val_acc = 53.27%
Epoch 470, cost = 1.895483, train_acc = 53.51% val_acc = 53.81%
Epoch 471, cost = 1.899471, train_acc = 53.24% val_acc = 52.18%
Epoch 472, cost = 1.899579, train_acc = 53.47% val_acc = 52.52%
Epoch 473, cost = 1.904257, train_acc = 53.45% val_acc = 52.61%
Epoch 474, cost = 1.899770, train_acc = 53.41% val_acc = 52.44%
Epoch 475, cost = 1.901328, train_acc = 53.16% val_acc = 53.54%
Epoch 476, cost = 1.900550, train_acc = 53.40% val_acc = 52.67%
Epoch 477, cost = 1.900878, train_acc = 53.83% val_acc = 53.12%
Epoch 478, cost = 1.900387, train_acc = 53.99% val_acc = 53.59%
Epoch 479, cost = 1.900919, train_acc = 53.73% val_acc = 53.25%
Epoch 480, cost = 1.898996, train_acc = 53.56% val_acc = 53.17%
Epoch 481, cost = 1.902959, train_acc = 53.46% val_acc = 53.00%
Epoch 482, cost = 1.905075, train_acc = 53.61% val_acc = 53.25%
Epoch 483, cost = 1.902929, train_acc = 53.13% val_acc = 53.02%
Epoch 484, cost = 1.899890, train_acc = 53.15% val_acc = 52.81%
Epoch 485, cost = 1.901272, train_acc = 53.01% val_acc = 52.61%
Epoch 486, cost = 1.901257, train_acc = 53.40% val_acc = 53.14%
Epoch 487, cost = 1.903520, train_acc = 53.32% val_acc = 52.89%
Epoch 488, cost = 1.900573, train_acc = 54.02% val_acc = 53.18%
Epoch 489, cost = 1.902686, train_acc = 53.44% val_acc = 52.84%
Epoch 490, cost = 1.902507, train_acc = 53.72% val_acc = 52.86%
Epoch 491, cost = 1.900822, train_acc = 53.66% val_acc = 53.45%
Epoch 492, cost = 1.905436, train_acc = 53.87% val_acc = 52.89%
Epoch 493, cost = 1.902840, train_acc = 53.30% val_acc = 52.50%
Epoch 494, cost = 1.902740, train_acc = 53.57% val_acc = 53.11%
Epoch 495, cost = 1.900278, train_acc = 53.43% val_acc = 52.67%
Epoch 496, cost = 1.897698, train_acc = 54.03% val_acc = 53.66%
Epoch 497, cost = 1.905672, train_acc = 53.41% val_acc = 52.96%
Epoch 498, cost = 1.902420, train_acc = 53.77% val_acc = 53.08%
Epoch 499, cost = 1.897056, train_acc = 53.39% val_acc = 52.54%
Epoch 500, cost = 1.903015, train_acc = 53.71% val_acc = 52.90%
Epoch 501, cost = 1.902082, train_acc = 53.14% val_acc = 52.59%
Epoch 502, cost = 1.893882, train_acc = 53.45% val_acc = 52.70%
Epoch 503, cost = 1.899401, train_acc = 53.33% val_acc = 52.67%
Epoch 504, cost = 1.898348, train_acc = 53.40% val_acc = 52.80%
Epoch 505, cost = 1.898144, train_acc = 53.43% val_acc = 53.95%
Epoch 506, cost = 1.897891, train_acc = 53.74% val_acc = 52.59%
Epoch 507, cost = 1.899845, train_acc = 52.92% val_acc = 52.58%
Epoch 508, cost = 1.900383, train_acc = 53.49% val_acc = 53.40%
Epoch 509, cost = 1.894878, train_acc = 53.65% val_acc = 53.20%
Epoch 510, cost = 1.900384, train_acc = 53.27% val_acc = 52.98%
Epoch 511, cost = 1.902254, train_acc = 53.35% val_acc = 52.85%
Epoch 512, cost = 1.899855, train_acc = 53.72% val_acc = 53.56%
Epoch 513, cost = 1.902207, train_acc = 53.30% val_acc = 53.47%
Epoch 514, cost = 1.902099, train_acc = 53.69% val_acc = 52.77%
Epoch 515, cost = 1.901825, train_acc = 53.07% val_acc = 52.74%
Epoch 516, cost = 1.905618, train_acc = 53.69% val_acc = 52.40%
Epoch 517, cost = 1.901342, train_acc = 53.68% val_acc = 53.45%
Epoch 518, cost = 1.897133, train_acc = 53.49% val_acc = 53.51%
Epoch 519, cost = 1.896165, train_acc = 53.97% val_acc = 53.40%
Epoch 520, cost = 1.900252, train_acc = 53.55% val_acc = 53.21%
Epoch 521, cost = 1.898413, train_acc = 53.73% val_acc = 52.83%
Epoch 522, cost = 1.903208, train_acc = 53.59% val_acc = 53.25%
Epoch 523, cost = 1.900008, train_acc = 53.71% val_acc = 52.48%
Epoch 524, cost = 1.893820, train_acc = 53.19% val_acc = 53.21%
Epoch 525, cost = 1.901712, train_acc = 53.59% val_acc = 52.52%
Epoch 526, cost = 1.900987, train_acc = 53.55% val_acc = 53.53%
Epoch 527, cost = 1.903362, train_acc = 53.25% val_acc = 53.71%
Epoch 528, cost = 1.897847, train_acc = 53.41% val_acc = 53.53%
Epoch 529, cost = 1.898950, train_acc = 53.10% val_acc = 52.57%
Epoch 530, cost = 1.900949, train_acc = 53.55% val_acc = 53.58%
Epoch 531, cost = 1.900072, train_acc = 53.02% val_acc = 52.56%
Epoch 532, cost = 1.900378, train_acc = 53.31% val_acc = 53.35%
Epoch 533, cost = 1.902077, train_acc = 53.82% val_acc = 52.96%
Epoch 534, cost = 1.896712, train_acc = 53.60% val_acc = 53.17%
Epoch 535, cost = 1.895933, train_acc = 53.45% val_acc = 52.86%
Epoch 536, cost = 1.899780, train_acc = 53.53% val_acc = 53.32%
Epoch 537, cost = 1.899653, train_acc = 53.49% val_acc = 52.92%
Epoch 538, cost = 1.897378, train_acc = 53.59% val_acc = 52.91%
Epoch 539, cost = 1.900414, train_acc = 53.71% val_acc = 53.07%
Epoch 540, cost = 1.893972, train_acc = 53.73% val_acc = 52.67%
Epoch 541, cost = 1.899475, train_acc = 53.59% val_acc = 53.35%
Epoch 542, cost = 1.900756, train_acc = 53.89% val_acc = 52.84%
Epoch 543, cost = 1.899854, train_acc = 53.88% val_acc = 53.29%
Epoch 544, cost = 1.899582, train_acc = 53.24% val_acc = 52.82%
Epoch 545, cost = 1.904107, train_acc = 53.26% val_acc = 52.09%
Epoch 546, cost = 1.901325, train_acc = 54.06% val_acc = 53.33%
Epoch 547, cost = 1.898944, train_acc = 53.74% val_acc = 52.67%
Epoch 548, cost = 1.895880, train_acc = 53.47% val_acc = 52.99%
Epoch 549, cost = 1.899611, train_acc = 53.66% val_acc = 53.31%
Epoch 550, cost = 1.900460, train_acc = 53.44% val_acc = 52.53%
Epoch 551, cost = 1.899041, train_acc = 53.95% val_acc = 53.33%
Epoch 552, cost = 1.896743, train_acc = 54.07% val_acc = 53.17%
Epoch 553, cost = 1.898252, train_acc = 53.61% val_acc = 53.20%
Epoch 554, cost = 1.897849, train_acc = 53.53% val_acc = 54.07%
Epoch 555, cost = 1.900265, train_acc = 53.78% val_acc = 53.10%
Epoch 556, cost = 1.898849, train_acc = 53.24% val_acc = 52.68%
Epoch 557, cost = 1.897948, train_acc = 53.83% val_acc = 51.86%
Epoch 558, cost = 1.898837, train_acc = 53.76% val_acc = 53.16%
Epoch 559, cost = 1.896452, train_acc = 53.63% val_acc = 53.45%
Epoch 560, cost = 1.902206, train_acc = 53.57% val_acc = 53.27%
Epoch 561, cost = 1.897292, train_acc = 53.54% val_acc = 53.16%
Epoch 562, cost = 1.896506, train_acc = 53.30% val_acc = 53.15%
Epoch 563, cost = 1.897057, train_acc = 53.73% val_acc = 53.17%
Epoch 564, cost = 1.898490, train_acc = 53.72% val_acc = 53.55%
Epoch 565, cost = 1.897623, train_acc = 53.14% val_acc = 52.65%
Epoch 566, cost = 1.900555, train_acc = 53.44% val_acc = 53.34%
Epoch 567, cost = 1.900832, train_acc = 53.47% val_acc = 53.10%
Epoch 568, cost = 1.903583, train_acc = 53.73% val_acc = 52.90%
Epoch 569, cost = 1.898019, train_acc = 53.47% val_acc = 52.99%
Epoch 570, cost = 1.903977, train_acc = 54.11% val_acc = 52.93%
Epoch 571, cost = 1.901505, train_acc = 53.63% val_acc = 52.68%
Epoch 572, cost = 1.896601, train_acc = 53.64% val_acc = 53.23%
Epoch 573, cost = 1.899914, train_acc = 53.88% val_acc = 53.41%
Epoch 574, cost = 1.896604, train_acc = 53.94% val_acc = 52.58%
Epoch 575, cost = 1.897629, train_acc = 53.13% val_acc = 53.16%
Epoch 576, cost = 1.896210, train_acc = 53.32% val_acc = 54.20%
Epoch 577, cost = 1.897654, train_acc = 53.44% val_acc = 53.53%
Epoch 578, cost = 1.901924, train_acc = 53.61% val_acc = 53.07%
Epoch 579, cost = 1.897666, train_acc = 53.29% val_acc = 52.62%
Epoch 580, cost = 1.898116, train_acc = 53.89% val_acc = 52.43%
Epoch 581, cost = 1.896114, train_acc = 53.43% val_acc = 53.18%
Epoch 582, cost = 1.895660, train_acc = 53.35% val_acc = 53.33%
Epoch 583, cost = 1.895477, train_acc = 53.37% val_acc = 53.42%
Epoch 584, cost = 1.902294, train_acc = 53.80% val_acc = 53.41%
Epoch 585, cost = 1.899464, train_acc = 53.96% val_acc = 52.05%
Epoch 586, cost = 1.899386, train_acc = 53.81% val_acc = 54.39%
Epoch 587, cost = 1.901650, train_acc = 54.19% val_acc = 52.36%
Epoch 588, cost = 1.896129, train_acc = 53.37% val_acc = 52.93%
Epoch 589, cost = 1.894972, train_acc = 53.61% val_acc = 52.90%
Epoch 590, cost = 1.906327, train_acc = 53.91% val_acc = 53.28%
Epoch 591, cost = 1.891376, train_acc = 54.14% val_acc = 52.93%
Epoch 592, cost = 1.897056, train_acc = 53.66% val_acc = 53.32%
Epoch 593, cost = 1.892886, train_acc = 53.51% val_acc = 53.37%
Epoch 594, cost = 1.893347, train_acc = 53.78% val_acc = 53.36%
Epoch 595, cost = 1.896121, train_acc = 53.37% val_acc = 52.37%
Epoch 596, cost = 1.897978, train_acc = 53.45% val_acc = 53.28%
Epoch 597, cost = 1.897028, train_acc = 53.83% val_acc = 53.87%
Epoch 598, cost = 1.899104, train_acc = 54.13% val_acc = 52.39%
Epoch 599, cost = 1.899355, train_acc = 53.94% val_acc = 52.54%
Epoch 600, cost = 1.898366, train_acc = 53.46% val_acc = 52.62%
Epoch 601, cost = 1.900646, train_acc = 52.99% val_acc = 52.84%
Epoch 602, cost = 1.901506, train_acc = 53.74% val_acc = 52.89%
Epoch 603, cost = 1.898376, train_acc = 54.33% val_acc = 53.79%
Epoch 604, cost = 1.901846, train_acc = 53.88% val_acc = 52.95%
Epoch 605, cost = 1.899739, train_acc = 53.69% val_acc = 52.20%
Epoch 606, cost = 1.897406, train_acc = 54.12% val_acc = 52.58%
Epoch 607, cost = 1.898114, train_acc = 53.41% val_acc = 52.37%
Epoch 608, cost = 1.901688, train_acc = 53.63% val_acc = 52.98%
Epoch 609, cost = 1.894330, train_acc = 54.09% val_acc = 52.83%
Epoch 610, cost = 1.896662, train_acc = 53.72% val_acc = 52.25%
Epoch 611, cost = 1.895953, train_acc = 53.70% val_acc = 52.56%
Epoch 612, cost = 1.899051, train_acc = 53.66% val_acc = 53.76%
Epoch 613, cost = 1.901492, train_acc = 53.72% val_acc = 52.67%
Epoch 614, cost = 1.898977, train_acc = 53.43% val_acc = 53.41%
Epoch 615, cost = 1.902243, train_acc = 54.11% val_acc = 52.91%
Epoch 616, cost = 1.901386, train_acc = 54.13% val_acc = 52.70%
Epoch 617, cost = 1.896789, train_acc = 53.43% val_acc = 53.02%
Epoch 618, cost = 1.897308, train_acc = 53.83% val_acc = 52.89%
Epoch 619, cost = 1.897331, train_acc = 53.49% val_acc = 53.45%
Epoch 620, cost = 1.896403, train_acc = 54.22% val_acc = 53.36%
Epoch 621, cost = 1.900004, train_acc = 53.43% val_acc = 52.42%
Epoch 622, cost = 1.899871, train_acc = 53.88% val_acc = 52.63%
Epoch 623, cost = 1.900087, train_acc = 54.09% val_acc = 53.11%
Epoch 624, cost = 1.900674, train_acc = 53.94% val_acc = 53.41%
Epoch 625, cost = 1.896156, train_acc = 54.15% val_acc = 53.40%
Epoch 626, cost = 1.896987, train_acc = 53.47% val_acc = 53.59%
Epoch 627, cost = 1.895916, train_acc = 53.11% val_acc = 53.32%
Epoch 628, cost = 1.905608, train_acc = 53.46% val_acc = 53.61%
Epoch 629, cost = 1.901944, train_acc = 53.64% val_acc = 53.19%
Epoch 630, cost = 1.902704, train_acc = 53.09% val_acc = 52.13%
Epoch 631, cost = 1.900749, train_acc = 53.77% val_acc = 52.33%
Epoch 632, cost = 1.899297, train_acc = 54.25% val_acc = 52.86%
Epoch 633, cost = 1.896555, train_acc = 53.71% val_acc = 53.42%
Epoch 634, cost = 1.902381, train_acc = 54.40% val_acc = 52.56%
Epoch 635, cost = 1.900621, train_acc = 53.42% val_acc = 53.40%
Epoch 636, cost = 1.900545, train_acc = 53.69% val_acc = 53.48%
Epoch 637, cost = 1.896831, train_acc = 54.16% val_acc = 53.41%
Epoch 638, cost = 1.899657, train_acc = 53.81% val_acc = 53.37%
Epoch 639, cost = 1.901202, train_acc = 53.93% val_acc = 53.26%
Epoch 640, cost = 1.898490, train_acc = 53.24% val_acc = 53.39%
Epoch 641, cost = 1.895872, train_acc = 53.29% val_acc = 52.69%
Epoch 642, cost = 1.901491, train_acc = 53.83% val_acc = 53.91%
Epoch 643, cost = 1.897297, train_acc = 53.81% val_acc = 52.25%
Epoch 644, cost = 1.895388, train_acc = 53.72% val_acc = 52.85%
Epoch 645, cost = 1.898975, train_acc = 53.90% val_acc = 54.08%
Epoch 646, cost = 1.898142, train_acc = 54.08% val_acc = 53.70%
Epoch 647, cost = 1.892182, train_acc = 53.94% val_acc = 53.11%
Epoch 648, cost = 1.895377, train_acc = 53.67% val_acc = 53.23%
Epoch 649, cost = 1.895591, train_acc = 53.88% val_acc = 52.34%
Epoch 650, cost = 1.897151, train_acc = 53.54% val_acc = 53.02%
Epoch 651, cost = 1.901300, train_acc = 54.11% val_acc = 52.74%
Epoch 652, cost = 1.895313, train_acc = 53.92% val_acc = 53.00%
Epoch 653, cost = 1.898826, train_acc = 54.06% val_acc = 54.35%
Epoch 654, cost = 1.896885, train_acc = 54.10% val_acc = 53.45%
Epoch 655, cost = 1.899805, train_acc = 54.07% val_acc = 53.75%
Epoch 656, cost = 1.895132, train_acc = 52.82% val_acc = 54.01%
Epoch 657, cost = 1.898540, train_acc = 53.43% val_acc = 53.80%
Epoch 658, cost = 1.898839, train_acc = 54.01% val_acc = 53.65%
Epoch 659, cost = 1.894828, train_acc = 53.74% val_acc = 53.35%
Epoch 660, cost = 1.904657, train_acc = 53.65% val_acc = 52.78%
Epoch 661, cost = 1.899721, train_acc = 53.88% val_acc = 53.31%
Epoch 662, cost = 1.899881, train_acc = 53.45% val_acc = 53.17%
Epoch 663, cost = 1.894778, train_acc = 54.05% val_acc = 53.99%
Epoch 664, cost = 1.896510, train_acc = 53.72% val_acc = 53.20%
Epoch 665, cost = 1.899142, train_acc = 53.44% val_acc = 52.21%
Epoch 666, cost = 1.900000, train_acc = 53.91% val_acc = 53.05%
Epoch 667, cost = 1.897225, train_acc = 53.86% val_acc = 53.47%
Epoch 668, cost = 1.899434, train_acc = 53.46% val_acc = 53.12%
Epoch 669, cost = 1.895317, train_acc = 53.20% val_acc = 53.18%
Epoch 670, cost = 1.896997, train_acc = 54.09% val_acc = 54.38%
Epoch 671, cost = 1.896298, train_acc = 53.61% val_acc = 53.04%
Epoch 672, cost = 1.895999, train_acc = 53.50% val_acc = 53.51%
Epoch 673, cost = 1.902059, train_acc = 53.97% val_acc = 52.93%
Epoch 674, cost = 1.900009, train_acc = 54.00% val_acc = 52.81%
Epoch 675, cost = 1.899319, train_acc = 53.78% val_acc = 52.38%
Epoch 676, cost = 1.897712, train_acc = 54.04% val_acc = 53.10%
Epoch 677, cost = 1.896832, train_acc = 53.94% val_acc = 52.77%
Epoch 678, cost = 1.895773, train_acc = 54.05% val_acc = 53.90%
Epoch 679, cost = 1.896735, train_acc = 53.96% val_acc = 52.73%
Epoch 680, cost = 1.897370, train_acc = 54.14% val_acc = 53.40%
Epoch 681, cost = 1.899422, train_acc = 53.91% val_acc = 53.50%
Epoch 682, cost = 1.899623, train_acc = 54.02% val_acc = 53.94%
Epoch 683, cost = 1.898928, train_acc = 54.02% val_acc = 53.23%
Epoch 684, cost = 1.898327, train_acc = 53.30% val_acc = 54.11%
Epoch 685, cost = 1.901138, train_acc = 53.76% val_acc = 52.75%
Epoch 686, cost = 1.898667, train_acc = 53.56% val_acc = 53.57%
Epoch 687, cost = 1.898708, train_acc = 53.29% val_acc = 53.68%
Epoch 688, cost = 1.892888, train_acc = 53.43% val_acc = 53.11%
Epoch 689, cost = 1.897082, train_acc = 53.88% val_acc = 53.54%
Epoch 690, cost = 1.895886, train_acc = 54.24% val_acc = 53.92%
Epoch 691, cost = 1.898878, train_acc = 53.94% val_acc = 53.83%
Epoch 692, cost = 1.901210, train_acc = 53.93% val_acc = 52.62%
Epoch 693, cost = 1.896821, train_acc = 54.25% val_acc = 53.93%
Epoch 694, cost = 1.894412, train_acc = 53.49% val_acc = 52.69%
Epoch 695, cost = 1.897952, train_acc = 53.94% val_acc = 53.11%
Epoch 696, cost = 1.896866, train_acc = 53.91% val_acc = 53.29%
Epoch 697, cost = 1.893933, train_acc = 54.30% val_acc = 52.99%
Epoch 698, cost = 1.897941, train_acc = 53.73% val_acc = 53.77%
Epoch 699, cost = 1.892745, train_acc = 54.20% val_acc = 52.40%
Epoch 700, cost = 1.896970, train_acc = 53.49% val_acc = 53.62%
Epoch 701, cost = 1.896854, train_acc = 53.79% val_acc = 53.54%
Epoch 702, cost = 1.897428, train_acc = 53.66% val_acc = 53.28%
Epoch 703, cost = 1.890971, train_acc = 54.33% val_acc = 52.06%
Epoch 704, cost = 1.897069, train_acc = 54.10% val_acc = 53.20%
Epoch 705, cost = 1.895473, train_acc = 53.63% val_acc = 53.25%
Epoch 706, cost = 1.898232, train_acc = 53.92% val_acc = 52.68%
Epoch 707, cost = 1.896196, train_acc = 53.50% val_acc = 53.63%
Epoch 708, cost = 1.895244, train_acc = 54.10% val_acc = 52.80%
Epoch 709, cost = 1.902208, train_acc = 53.94% val_acc = 53.29%
Epoch 710, cost = 1.895814, train_acc = 53.09% val_acc = 52.48%
Epoch 711, cost = 1.898070, train_acc = 53.81% val_acc = 53.14%
Epoch 712, cost = 1.896799, train_acc = 53.39% val_acc = 52.42%
Epoch 713, cost = 1.894998, train_acc = 53.73% val_acc = 53.13%
Epoch 714, cost = 1.898411, train_acc = 53.91% val_acc = 53.80%
Epoch 715, cost = 1.898984, train_acc = 53.78% val_acc = 52.67%
Epoch 716, cost = 1.899196, train_acc = 53.60% val_acc = 52.96%
Epoch 717, cost = 1.898024, train_acc = 53.91% val_acc = 53.74%
Epoch 718, cost = 1.898652, train_acc = 53.43% val_acc = 53.48%
Epoch 719, cost = 1.893845, train_acc = 54.15% val_acc = 53.89%
Epoch 720, cost = 1.896647, train_acc = 53.49% val_acc = 52.70%
Epoch 721, cost = 1.895705, train_acc = 53.88% val_acc = 52.76%
Epoch 722, cost = 1.899754, train_acc = 54.29% val_acc = 53.35%
Epoch 723, cost = 1.896609, train_acc = 53.56% val_acc = 52.43%
Epoch 724, cost = 1.894583, train_acc = 54.05% val_acc = 53.21%
Epoch 725, cost = 1.897558, train_acc = 53.28% val_acc = 52.87%
Epoch 726, cost = 1.899157, train_acc = 53.47% val_acc = 53.55%
Epoch 727, cost = 1.898183, train_acc = 53.98% val_acc = 54.15%
Epoch 728, cost = 1.897630, train_acc = 54.23% val_acc = 53.43%
Epoch 729, cost = 1.898204, train_acc = 53.65% val_acc = 53.80%
Epoch 730, cost = 1.895819, train_acc = 53.93% val_acc = 52.85%
Epoch 731, cost = 1.896368, train_acc = 53.24% val_acc = 53.10%
Epoch 732, cost = 1.900222, train_acc = 53.54% val_acc = 53.30%
Epoch 733, cost = 1.897301, train_acc = 54.03% val_acc = 52.46%
Epoch 734, cost = 1.899473, train_acc = 54.51% val_acc = 52.68%
Epoch 735, cost = 1.896425, train_acc = 53.51% val_acc = 53.51%
Epoch 736, cost = 1.894398, train_acc = 54.11% val_acc = 52.67%
Epoch 737, cost = 1.900209, train_acc = 53.97% val_acc = 53.51%
Epoch 738, cost = 1.898360, train_acc = 54.05% val_acc = 52.51%
Epoch 739, cost = 1.902602, train_acc = 53.55% val_acc = 52.85%
Epoch 740, cost = 1.894023, train_acc = 53.84% val_acc = 53.01%
Epoch 741, cost = 1.898888, train_acc = 54.08% val_acc = 53.15%
Epoch 742, cost = 1.894222, train_acc = 53.61% val_acc = 51.83%
Epoch 743, cost = 1.895136, train_acc = 54.16% val_acc = 52.84%
Epoch 744, cost = 1.893803, train_acc = 54.04% val_acc = 52.33%
Epoch 745, cost = 1.899010, train_acc = 53.63% val_acc = 53.07%
Epoch 746, cost = 1.898984, train_acc = 53.98% val_acc = 53.64%
Epoch 747, cost = 1.897004, train_acc = 54.24% val_acc = 53.13%
Epoch 748, cost = 1.900245, train_acc = 54.22% val_acc = 52.85%
Epoch 749, cost = 1.894691, train_acc = 53.87% val_acc = 53.54%
Epoch 750, cost = 1.899106, train_acc = 54.23% val_acc = 53.65%
Epoch 751, cost = 1.893465, train_acc = 54.15% val_acc = 53.42%
Epoch 752, cost = 1.893934, train_acc = 54.30% val_acc = 53.32%
Epoch 753, cost = 1.892953, train_acc = 53.30% val_acc = 53.32%
Epoch 754, cost = 1.895808, train_acc = 53.27% val_acc = 53.69%
Epoch 755, cost = 1.894685, train_acc = 54.20% val_acc = 52.90%
Epoch 756, cost = 1.896400, train_acc = 53.95% val_acc = 53.12%
Epoch 757, cost = 1.895558, train_acc = 54.09% val_acc = 52.88%
Epoch 758, cost = 1.894748, train_acc = 54.01% val_acc = 53.05%
Epoch 759, cost = 1.897258, train_acc = 53.86% val_acc = 52.97%
Epoch 760, cost = 1.897793, train_acc = 54.04% val_acc = 53.24%
Epoch 761, cost = 1.892618, train_acc = 53.30% val_acc = 52.86%
Epoch 762, cost = 1.893221, train_acc = 53.85% val_acc = 53.17%
Epoch 763, cost = 1.897109, train_acc = 53.87% val_acc = 53.24%
Epoch 764, cost = 1.896234, train_acc = 54.26% val_acc = 52.95%
Epoch 765, cost = 1.891617, train_acc = 53.91% val_acc = 53.42%
Epoch 766, cost = 1.902198, train_acc = 54.33% val_acc = 52.94%
Epoch 767, cost = 1.897430, train_acc = 54.30% val_acc = 52.36%
Epoch 768, cost = 1.894260, train_acc = 54.12% val_acc = 52.55%
Epoch 769, cost = 1.894869, train_acc = 54.23% val_acc = 53.88%
Epoch 770, cost = 1.900528, train_acc = 53.88% val_acc = 52.80%
Epoch 771, cost = 1.904247, train_acc = 53.94% val_acc = 52.35%
Epoch 772, cost = 1.894685, train_acc = 53.79% val_acc = 53.16%
Epoch 773, cost = 1.898263, train_acc = 54.17% val_acc = 52.78%
Epoch 774, cost = 1.894611, train_acc = 53.60% val_acc = 53.49%
Epoch 775, cost = 1.898787, train_acc = 53.89% val_acc = 52.84%
Epoch 776, cost = 1.897350, train_acc = 53.24% val_acc = 53.52%
Epoch 777, cost = 1.897243, train_acc = 53.95% val_acc = 53.02%
Epoch 778, cost = 1.898961, train_acc = 53.89% val_acc = 52.60%
Epoch 779, cost = 1.901340, train_acc = 54.09% val_acc = 53.57%
Epoch 780, cost = 1.893778, train_acc = 54.12% val_acc = 53.23%
Epoch 781, cost = 1.896974, train_acc = 53.31% val_acc = 53.89%
Epoch 782, cost = 1.897819, train_acc = 53.84% val_acc = 53.71%
Epoch 783, cost = 1.896898, train_acc = 53.75% val_acc = 53.66%
Epoch 784, cost = 1.893860, train_acc = 54.18% val_acc = 52.41%
Epoch 785, cost = 1.897852, train_acc = 53.95% val_acc = 53.26%
Epoch 786, cost = 1.895445, train_acc = 53.91% val_acc = 53.09%
Epoch 787, cost = 1.898747, train_acc = 53.77% val_acc = 53.02%
Epoch 788, cost = 1.895287, train_acc = 54.14% val_acc = 53.37%
Epoch 789, cost = 1.896290, train_acc = 54.12% val_acc = 53.26%
Epoch 790, cost = 1.891150, train_acc = 53.51% val_acc = 52.77%
Epoch 791, cost = 1.895636, train_acc = 53.56% val_acc = 52.69%
Epoch 792, cost = 1.895308, train_acc = 53.80% val_acc = 52.84%
Epoch 793, cost = 1.897423, train_acc = 53.36% val_acc = 53.83%
Epoch 794, cost = 1.890645, train_acc = 53.68% val_acc = 53.03%
Epoch 795, cost = 1.897759, train_acc = 54.33% val_acc = 53.42%
Epoch 796, cost = 1.894707, train_acc = 53.73% val_acc = 53.04%
Epoch 797, cost = 1.894001, train_acc = 53.86% val_acc = 53.16%
Epoch 798, cost = 1.894357, train_acc = 53.97% val_acc = 53.51%
Epoch 799, cost = 1.895985, train_acc = 53.91% val_acc = 53.53%
Epoch 800, cost = 1.898789, train_acc = 54.13% val_acc = 53.36%
Epoch 801, cost = 1.895828, train_acc = 53.61% val_acc = 53.93%
Epoch 802, cost = 1.898744, train_acc = 53.43% val_acc = 53.06%
Epoch 803, cost = 1.891589, train_acc = 54.36% val_acc = 52.89%
Epoch 804, cost = 1.890532, train_acc = 54.20% val_acc = 53.53%
Epoch 805, cost = 1.896482, train_acc = 54.17% val_acc = 53.70%
Epoch 806, cost = 1.896627, train_acc = 54.06% val_acc = 53.77%
Epoch 807, cost = 1.895845, train_acc = 53.45% val_acc = 53.52%
Epoch 808, cost = 1.892251, train_acc = 53.99% val_acc = 52.83%
Epoch 809, cost = 1.899848, train_acc = 54.00% val_acc = 53.62%
Epoch 810, cost = 1.892681, train_acc = 54.08% val_acc = 52.47%
Epoch 811, cost = 1.894524, train_acc = 53.94% val_acc = 53.21%
Epoch 812, cost = 1.892352, train_acc = 53.60% val_acc = 53.12%
Epoch 813, cost = 1.897416, train_acc = 54.08% val_acc = 53.15%
Epoch 814, cost = 1.897474, train_acc = 54.32% val_acc = 53.22%
Epoch 815, cost = 1.897906, train_acc = 53.50% val_acc = 52.79%
Epoch 816, cost = 1.895838, train_acc = 53.90% val_acc = 53.52%
Epoch 817, cost = 1.896584, train_acc = 54.14% val_acc = 53.01%
Epoch 818, cost = 1.892274, train_acc = 54.07% val_acc = 53.29%
Epoch 819, cost = 1.900558, train_acc = 54.03% val_acc = 53.13%
Epoch 820, cost = 1.896558, train_acc = 53.70% val_acc = 53.64%
Epoch 821, cost = 1.895140, train_acc = 54.15% val_acc = 53.43%
Epoch 822, cost = 1.902803, train_acc = 54.63% val_acc = 53.44%
Epoch 823, cost = 1.895594, train_acc = 53.48% val_acc = 52.62%
Epoch 824, cost = 1.896044, train_acc = 53.93% val_acc = 53.22%
Epoch 825, cost = 1.897913, train_acc = 53.78% val_acc = 53.78%
Epoch 826, cost = 1.895342, train_acc = 53.63% val_acc = 53.45%
Epoch 827, cost = 1.896531, train_acc = 53.77% val_acc = 53.06%
Epoch 828, cost = 1.895906, train_acc = 53.61% val_acc = 53.04%
Epoch 829, cost = 1.896811, train_acc = 53.54% val_acc = 52.80%
Epoch 830, cost = 1.897296, train_acc = 53.83% val_acc = 53.74%
Epoch 831, cost = 1.895725, train_acc = 54.43% val_acc = 52.84%
Epoch 832, cost = 1.898203, train_acc = 53.94% val_acc = 53.30%
Epoch 833, cost = 1.897594, train_acc = 54.10% val_acc = 52.62%
Epoch 834, cost = 1.897339, train_acc = 54.51% val_acc = 52.93%
Epoch 835, cost = 1.894047, train_acc = 53.91% val_acc = 53.37%
Epoch 836, cost = 1.896900, train_acc = 53.97% val_acc = 53.19%
Epoch 837, cost = 1.898768, train_acc = 53.82% val_acc = 53.73%
Epoch 838, cost = 1.894130, train_acc = 53.80% val_acc = 52.94%
Epoch 839, cost = 1.894887, train_acc = 54.30% val_acc = 53.04%
Epoch 840, cost = 1.897001, train_acc = 54.32% val_acc = 53.61%
Epoch 841, cost = 1.895590, train_acc = 54.06% val_acc = 53.02%
Epoch 842, cost = 1.897066, train_acc = 53.83% val_acc = 53.69%
Epoch 843, cost = 1.894847, train_acc = 54.20% val_acc = 52.54%
Epoch 844, cost = 1.896588, train_acc = 53.88% val_acc = 53.53%
Epoch 845, cost = 1.893123, train_acc = 54.18% val_acc = 53.18%
Epoch 846, cost = 1.897440, train_acc = 54.25% val_acc = 54.09%
Epoch 847, cost = 1.897229, train_acc = 53.62% val_acc = 54.05%
Epoch 848, cost = 1.893086, train_acc = 53.81% val_acc = 52.50%
Epoch 849, cost = 1.895127, train_acc = 54.62% val_acc = 52.99%
Epoch 850, cost = 1.891774, train_acc = 53.86% val_acc = 54.37%
Epoch 851, cost = 1.894502, train_acc = 53.10% val_acc = 52.97%
Epoch 852, cost = 1.895993, train_acc = 54.33% val_acc = 53.84%
Epoch 853, cost = 1.895468, train_acc = 53.89% val_acc = 53.71%
Epoch 854, cost = 1.897402, train_acc = 54.26% val_acc = 53.31%
Epoch 855, cost = 1.892985, train_acc = 54.12% val_acc = 53.71%
Epoch 856, cost = 1.892489, train_acc = 53.89% val_acc = 53.13%
Epoch 857, cost = 1.888610, train_acc = 54.01% val_acc = 52.99%
Epoch 858, cost = 1.892489, train_acc = 53.79% val_acc = 53.58%
Epoch 859, cost = 1.895022, train_acc = 53.71% val_acc = 52.80%
Epoch 860, cost = 1.891393, train_acc = 54.03% val_acc = 54.08%
Epoch 861, cost = 1.894811, train_acc = 53.93% val_acc = 53.62%
Epoch 862, cost = 1.894539, train_acc = 53.89% val_acc = 52.90%
Epoch 863, cost = 1.899958, train_acc = 53.59% val_acc = 53.78%
Epoch 864, cost = 1.896715, train_acc = 53.91% val_acc = 52.72%
Epoch 865, cost = 1.900046, train_acc = 53.33% val_acc = 53.22%
Epoch 866, cost = 1.896670, train_acc = 53.92% val_acc = 52.98%
Epoch 867, cost = 1.898499, train_acc = 53.82% val_acc = 53.40%
Epoch 868, cost = 1.895397, train_acc = 53.77% val_acc = 52.73%
Epoch 869, cost = 1.898585, train_acc = 53.80% val_acc = 53.36%
Epoch 870, cost = 1.899906, train_acc = 53.58% val_acc = 52.51%
Epoch 871, cost = 1.893859, train_acc = 54.00% val_acc = 53.14%
Epoch 872, cost = 1.892810, train_acc = 52.92% val_acc = 52.46%
Epoch 873, cost = 1.893736, train_acc = 53.48% val_acc = 52.44%
Epoch 874, cost = 1.893356, train_acc = 53.74% val_acc = 53.20%
Epoch 875, cost = 1.897640, train_acc = 53.78% val_acc = 52.54%
Epoch 876, cost = 1.901389, train_acc = 53.58% val_acc = 52.75%
Epoch 877, cost = 1.893854, train_acc = 54.20% val_acc = 53.76%
Epoch 878, cost = 1.899741, train_acc = 53.93% val_acc = 53.71%
Epoch 879, cost = 1.897309, train_acc = 54.20% val_acc = 53.18%
Epoch 880, cost = 1.894090, train_acc = 54.09% val_acc = 53.60%
Epoch 881, cost = 1.897702, train_acc = 53.64% val_acc = 53.13%
Epoch 882, cost = 1.892935, train_acc = 53.46% val_acc = 53.46%
Epoch 883, cost = 1.893424, train_acc = 54.21% val_acc = 54.16%
Epoch 884, cost = 1.894538, train_acc = 53.82% val_acc = 53.11%
Epoch 885, cost = 1.894445, train_acc = 54.10% val_acc = 52.46%
Epoch 886, cost = 1.901054, train_acc = 53.65% val_acc = 53.19%
Epoch 887, cost = 1.897552, train_acc = 54.15% val_acc = 53.31%
Epoch 888, cost = 1.900131, train_acc = 54.14% val_acc = 52.23%
Epoch 889, cost = 1.899195, train_acc = 54.28% val_acc = 53.38%
Epoch 890, cost = 1.896088, train_acc = 54.07% val_acc = 53.23%
Epoch 891, cost = 1.897177, train_acc = 53.87% val_acc = 53.78%
Epoch 892, cost = 1.898164, train_acc = 54.54% val_acc = 52.50%
Epoch 893, cost = 1.897933, train_acc = 54.60% val_acc = 53.97%
Epoch 894, cost = 1.894942, train_acc = 53.41% val_acc = 52.77%
Epoch 895, cost = 1.894243, train_acc = 54.12% val_acc = 52.72%
Epoch 896, cost = 1.894653, train_acc = 54.25% val_acc = 53.24%
Epoch 897, cost = 1.895584, train_acc = 53.58% val_acc = 53.86%
Epoch 898, cost = 1.895341, train_acc = 54.10% val_acc = 54.09%
Epoch 899, cost = 1.894819, train_acc = 53.81% val_acc = 53.14%
Epoch 900, cost = 1.893940, train_acc = 53.43% val_acc = 53.63%
Epoch 901, cost = 1.895257, train_acc = 53.96% val_acc = 53.29%
Epoch 902, cost = 1.896536, train_acc = 54.07% val_acc = 52.92%
Epoch 903, cost = 1.896242, train_acc = 53.96% val_acc = 53.15%
Epoch 904, cost = 1.895458, train_acc = 53.70% val_acc = 53.29%
Epoch 905, cost = 1.895692, train_acc = 53.74% val_acc = 52.83%
Epoch 906, cost = 1.896713, train_acc = 53.53% val_acc = 52.49%
Epoch 907, cost = 1.896609, train_acc = 54.00% val_acc = 53.66%
Epoch 908, cost = 1.901001, train_acc = 53.47% val_acc = 53.37%
Epoch 909, cost = 1.892604, train_acc = 54.46% val_acc = 53.68%
Epoch 910, cost = 1.898405, train_acc = 53.97% val_acc = 52.26%
Epoch 911, cost = 1.898924, train_acc = 53.91% val_acc = 53.25%
Epoch 912, cost = 1.892183, train_acc = 53.84% val_acc = 53.46%
Epoch 913, cost = 1.891437, train_acc = 53.90% val_acc = 52.83%
Epoch 914, cost = 1.900177, train_acc = 53.83% val_acc = 53.31%
Epoch 915, cost = 1.895584, train_acc = 54.20% val_acc = 53.58%
Epoch 916, cost = 1.896987, train_acc = 54.21% val_acc = 52.93%
Epoch 917, cost = 1.897136, train_acc = 53.61% val_acc = 52.61%
Epoch 918, cost = 1.894466, train_acc = 54.00% val_acc = 53.45%
Epoch 919, cost = 1.894925, train_acc = 54.01% val_acc = 53.00%
Epoch 920, cost = 1.894910, train_acc = 53.84% val_acc = 52.75%
Epoch 921, cost = 1.891685, train_acc = 53.44% val_acc = 52.87%
Epoch 922, cost = 1.897956, train_acc = 54.05% val_acc = 53.71%
Epoch 923, cost = 1.893436, train_acc = 54.02% val_acc = 53.78%
Epoch 924, cost = 1.894200, train_acc = 53.92% val_acc = 52.92%
Epoch 925, cost = 1.896491, train_acc = 53.96% val_acc = 52.87%
Epoch 926, cost = 1.893320, train_acc = 54.40% val_acc = 53.01%
Epoch 927, cost = 1.895847, train_acc = 54.22% val_acc = 52.18%
Epoch 928, cost = 1.896308, train_acc = 54.19% val_acc = 53.12%
Epoch 929, cost = 1.899329, train_acc = 53.96% val_acc = 53.45%
Epoch 930, cost = 1.897606, train_acc = 54.18% val_acc = 53.23%
Epoch 931, cost = 1.893635, train_acc = 54.19% val_acc = 52.20%
Epoch 932, cost = 1.899005, train_acc = 53.86% val_acc = 53.37%
Epoch 933, cost = 1.893975, train_acc = 53.94% val_acc = 53.07%
Epoch 934, cost = 1.901251, train_acc = 54.04% val_acc = 53.08%
Epoch 935, cost = 1.896363, train_acc = 53.96% val_acc = 52.65%
Epoch 936, cost = 1.893623, train_acc = 54.12% val_acc = 53.11%
Epoch 937, cost = 1.891758, train_acc = 54.07% val_acc = 53.12%
Epoch 938, cost = 1.896144, train_acc = 53.56% val_acc = 53.58%
Epoch 939, cost = 1.894995, train_acc = 53.98% val_acc = 53.45%
Epoch 940, cost = 1.899662, train_acc = 54.10% val_acc = 53.94%
Epoch 941, cost = 1.892910, train_acc = 54.00% val_acc = 53.18%
Epoch 942, cost = 1.899873, train_acc = 54.20% val_acc = 52.99%
Epoch 943, cost = 1.896849, train_acc = 54.45% val_acc = 53.51%
Epoch 944, cost = 1.897118, train_acc = 54.33% val_acc = 52.12%
Epoch 945, cost = 1.892331, train_acc = 53.93% val_acc = 53.36%
Epoch 946, cost = 1.890229, train_acc = 54.23% val_acc = 53.42%
Epoch 947, cost = 1.892081, train_acc = 54.07% val_acc = 52.50%
Epoch 948, cost = 1.890818, train_acc = 54.06% val_acc = 53.44%
Epoch 949, cost = 1.896579, train_acc = 54.06% val_acc = 54.09%
Epoch 950, cost = 1.894239, train_acc = 53.99% val_acc = 53.45%
Epoch 951, cost = 1.894335, train_acc = 54.07% val_acc = 53.77%
Epoch 952, cost = 1.897023, train_acc = 54.24% val_acc = 53.47%
Epoch 953, cost = 1.895998, train_acc = 53.42% val_acc = 52.83%
Epoch 954, cost = 1.894966, train_acc = 54.01% val_acc = 52.73%
Epoch 955, cost = 1.893380, train_acc = 54.20% val_acc = 53.56%
Epoch 956, cost = 1.893606, train_acc = 54.00% val_acc = 53.90%
Epoch 957, cost = 1.891879, train_acc = 54.57% val_acc = 52.62%
Epoch 958, cost = 1.890967, train_acc = 53.84% val_acc = 52.01%
Epoch 959, cost = 1.886787, train_acc = 53.83% val_acc = 52.95%
Epoch 960, cost = 1.897538, train_acc = 53.81% val_acc = 52.99%
Epoch 961, cost = 1.894421, train_acc = 54.04% val_acc = 53.38%
Epoch 962, cost = 1.896217, train_acc = 54.45% val_acc = 53.22%
Epoch 963, cost = 1.896571, train_acc = 54.04% val_acc = 53.42%
Epoch 964, cost = 1.891361, train_acc = 53.96% val_acc = 52.40%
Epoch 965, cost = 1.893928, train_acc = 53.86% val_acc = 54.08%
Epoch 966, cost = 1.894077, train_acc = 54.23% val_acc = 53.12%
Epoch 967, cost = 1.899391, train_acc = 54.06% val_acc = 53.47%
Epoch 968, cost = 1.894324, train_acc = 54.24% val_acc = 53.68%
Epoch 969, cost = 1.894429, train_acc = 54.25% val_acc = 52.69%
Epoch 970, cost = 1.896087, train_acc = 54.17% val_acc = 52.32%
Epoch 971, cost = 1.892703, train_acc = 53.62% val_acc = 52.79%
Epoch 972, cost = 1.897291, train_acc = 54.04% val_acc = 53.85%
Epoch 973, cost = 1.897390, train_acc = 53.94% val_acc = 53.12%
Epoch 974, cost = 1.892617, train_acc = 53.91% val_acc = 53.73%
Epoch 975, cost = 1.895416, train_acc = 54.16% val_acc = 53.11%
Epoch 976, cost = 1.895834, train_acc = 53.94% val_acc = 53.56%
Epoch 977, cost = 1.895020, train_acc = 54.08% val_acc = 52.49%
Epoch 978, cost = 1.896521, train_acc = 53.87% val_acc = 52.23%
Epoch 979, cost = 1.899197, train_acc = 54.59% val_acc = 52.93%
Epoch 980, cost = 1.895692, train_acc = 54.00% val_acc = 53.26%
Epoch 981, cost = 1.894909, train_acc = 53.81% val_acc = 53.25%
Epoch 982, cost = 1.897526, train_acc = 53.91% val_acc = 54.29%
Epoch 983, cost = 1.895745, train_acc = 54.14% val_acc = 53.35%
Epoch 984, cost = 1.900094, train_acc = 53.81% val_acc = 53.74%
Epoch 985, cost = 1.894187, train_acc = 53.96% val_acc = 53.09%
Epoch 986, cost = 1.893299, train_acc = 54.74% val_acc = 53.43%
Epoch 987, cost = 1.892424, train_acc = 53.82% val_acc = 53.28%
Epoch 988, cost = 1.896268, train_acc = 53.61% val_acc = 53.36%
Epoch 989, cost = 1.898480, train_acc = 53.57% val_acc = 53.09%
Epoch 990, cost = 1.894742, train_acc = 53.69% val_acc = 52.71%
Epoch 991, cost = 1.892262, train_acc = 53.77% val_acc = 52.92%
Epoch 992, cost = 1.894758, train_acc = 53.96% val_acc = 53.08%
Epoch 993, cost = 1.894188, train_acc = 54.11% val_acc = 53.04%
Epoch 994, cost = 1.892128, train_acc = 53.55% val_acc = 53.98%
Epoch 995, cost = 1.892106, train_acc = 54.18% val_acc = 53.85%
Epoch 996, cost = 1.895428, train_acc = 54.06% val_acc = 53.44%
Epoch 997, cost = 1.895121, train_acc = 53.73% val_acc = 51.77%
Epoch 998, cost = 1.892479, train_acc = 53.96% val_acc = 53.47%
Epoch 999, cost = 1.895690, train_acc = 54.26% val_acc = 53.39%
Epoch 1000, cost = 1.894366, train_acc = 54.73% val_acc = 52.22%
Epoch 1001, cost = 1.892484, train_acc = 53.94% val_acc = 52.55%
Epoch 1002, cost = 1.895547, train_acc = 54.06% val_acc = 53.09%
Epoch 1003, cost = 1.890672, train_acc = 54.47% val_acc = 53.36%
Epoch 1004, cost = 1.894687, train_acc = 54.00% val_acc = 52.58%
Epoch 1005, cost = 1.892854, train_acc = 54.20% val_acc = 53.52%
Epoch 1006, cost = 1.897780, train_acc = 53.92% val_acc = 52.57%
Epoch 1007, cost = 1.896842, train_acc = 54.09% val_acc = 53.83%
Epoch 1008, cost = 1.891170, train_acc = 54.23% val_acc = 52.89%
Epoch 1009, cost = 1.892767, train_acc = 53.76% val_acc = 53.06%
Epoch 1010, cost = 1.894859, train_acc = 53.86% val_acc = 53.60%
Epoch 1011, cost = 1.895069, train_acc = 54.11% val_acc = 52.71%
Epoch 1012, cost = 1.892801, train_acc = 53.86% val_acc = 53.10%
Epoch 1013, cost = 1.896620, train_acc = 54.28% val_acc = 53.33%
Epoch 1014, cost = 1.893324, train_acc = 53.97% val_acc = 53.07%
Epoch 1015, cost = 1.893536, train_acc = 53.91% val_acc = 52.73%
Epoch 1016, cost = 1.896365, train_acc = 53.34% val_acc = 53.51%
Epoch 1017, cost = 1.895698, train_acc = 53.99% val_acc = 53.18%
Epoch 1018, cost = 1.897380, train_acc = 54.60% val_acc = 53.55%
Epoch 1019, cost = 1.895892, train_acc = 54.23% val_acc = 53.60%
Epoch 1020, cost = 1.899478, train_acc = 54.00% val_acc = 52.62%
Epoch 1021, cost = 1.897088, train_acc = 53.61% val_acc = 53.03%
Epoch 1022, cost = 1.893691, train_acc = 54.57% val_acc = 53.01%
Epoch 1023, cost = 1.896996, train_acc = 54.11% val_acc = 53.68%
Epoch 1024, cost = 1.898802, train_acc = 53.78% val_acc = 53.39%
Epoch 1025, cost = 1.894968, train_acc = 54.14% val_acc = 53.20%
Epoch 1026, cost = 1.894420, train_acc = 53.67% val_acc = 53.23%
Epoch 1027, cost = 1.895435, train_acc = 54.33% val_acc = 52.39%
Epoch 1028, cost = 1.894167, train_acc = 53.93% val_acc = 53.84%
Epoch 1029, cost = 1.894609, train_acc = 53.64% val_acc = 53.68%
Epoch 1030, cost = 1.900380, train_acc = 53.97% val_acc = 52.72%
Epoch 1031, cost = 1.898702, train_acc = 54.00% val_acc = 53.41%
Epoch 1032, cost = 1.897096, train_acc = 54.18% val_acc = 52.97%
Epoch 1033, cost = 1.893493, train_acc = 54.25% val_acc = 53.53%
Epoch 1034, cost = 1.893529, train_acc = 54.38% val_acc = 53.36%
Epoch 1035, cost = 1.894636, train_acc = 54.02% val_acc = 54.10%
Epoch 1036, cost = 1.894128, train_acc = 54.14% val_acc = 53.21%
Epoch 1037, cost = 1.891926, train_acc = 53.76% val_acc = 53.73%
Epoch 1038, cost = 1.893030, train_acc = 54.14% val_acc = 53.55%
Epoch 1039, cost = 1.895184, train_acc = 54.27% val_acc = 54.09%
Epoch 1040, cost = 1.892959, train_acc = 54.25% val_acc = 52.95%
Epoch 1041, cost = 1.894645, train_acc = 54.49% val_acc = 53.17%
Epoch 1042, cost = 1.897059, train_acc = 53.95% val_acc = 53.73%
Epoch 1043, cost = 1.892920, train_acc = 53.89% val_acc = 53.55%
Epoch 1044, cost = 1.893427, train_acc = 54.08% val_acc = 52.85%
Epoch 1045, cost = 1.893413, train_acc = 53.90% val_acc = 53.71%
Epoch 1046, cost = 1.896319, train_acc = 54.23% val_acc = 53.20%
Epoch 1047, cost = 1.897590, train_acc = 54.18% val_acc = 52.84%
Epoch 1048, cost = 1.887290, train_acc = 53.65% val_acc = 53.12%
Epoch 1049, cost = 1.895496, train_acc = 54.00% val_acc = 53.62%
Epoch 1050, cost = 1.890489, train_acc = 54.16% val_acc = 53.34%
Epoch 1051, cost = 1.896852, train_acc = 54.41% val_acc = 52.67%
Epoch 1052, cost = 1.892081, train_acc = 54.06% val_acc = 53.49%
Epoch 1053, cost = 1.895826, train_acc = 54.01% val_acc = 53.08%
Epoch 1054, cost = 1.893953, train_acc = 54.24% val_acc = 53.25%
Epoch 1055, cost = 1.892495, train_acc = 54.23% val_acc = 53.57%
Epoch 1056, cost = 1.893589, train_acc = 54.11% val_acc = 53.50%
Epoch 1057, cost = 1.896679, train_acc = 53.93% val_acc = 52.73%
Epoch 1058, cost = 1.892654, train_acc = 54.01% val_acc = 52.51%
Epoch 1059, cost = 1.891843, train_acc = 53.90% val_acc = 52.68%
Epoch 1060, cost = 1.891035, train_acc = 53.52% val_acc = 53.26%
Epoch 1061, cost = 1.895089, train_acc = 54.00% val_acc = 53.70%
Epoch 1062, cost = 1.892635, train_acc = 53.98% val_acc = 53.30%
Epoch 1063, cost = 1.897947, train_acc = 54.00% val_acc = 52.29%
Epoch 1064, cost = 1.891515, train_acc = 53.36% val_acc = 52.38%
Epoch 1065, cost = 1.892194, train_acc = 54.03% val_acc = 52.59%
Epoch 1066, cost = 1.893134, train_acc = 53.66% val_acc = 52.68%
Epoch 1067, cost = 1.896705, train_acc = 53.96% val_acc = 53.11%
Epoch 1068, cost = 1.891392, train_acc = 54.75% val_acc = 53.20%
Epoch 1069, cost = 1.899492, train_acc = 53.50% val_acc = 53.80%
Epoch 1070, cost = 1.890727, train_acc = 54.06% val_acc = 52.78%
Epoch 1071, cost = 1.893200, train_acc = 53.54% val_acc = 52.96%
Epoch 1072, cost = 1.892401, train_acc = 54.63% val_acc = 52.90%
Epoch 1073, cost = 1.897540, train_acc = 53.84% val_acc = 53.41%
Epoch 1074, cost = 1.894260, train_acc = 54.48% val_acc = 53.39%
Epoch 1075, cost = 1.894622, train_acc = 53.96% val_acc = 52.76%
Epoch 1076, cost = 1.894191, train_acc = 54.18% val_acc = 53.24%
Epoch 1077, cost = 1.895139, train_acc = 54.06% val_acc = 52.53%
Epoch 1078, cost = 1.888465, train_acc = 54.29% val_acc = 53.34%
Epoch 1079, cost = 1.895172, train_acc = 54.83% val_acc = 52.97%
Epoch 1080, cost = 1.893993, train_acc = 53.47% val_acc = 52.90%
Epoch 1081, cost = 1.895025, train_acc = 54.17% val_acc = 52.20%
Epoch 1082, cost = 1.896019, train_acc = 53.69% val_acc = 53.15%
Epoch 1083, cost = 1.889706, train_acc = 53.91% val_acc = 53.54%
Epoch 1084, cost = 1.893207, train_acc = 54.26% val_acc = 52.70%
Epoch 1085, cost = 1.891275, train_acc = 53.64% val_acc = 52.26%
Epoch 1086, cost = 1.898915, train_acc = 53.96% val_acc = 53.45%
Epoch 1087, cost = 1.894806, train_acc = 54.47% val_acc = 53.17%
Epoch 1088, cost = 1.893648, train_acc = 53.99% val_acc = 52.98%
Epoch 1089, cost = 1.896696, train_acc = 53.89% val_acc = 53.14%
Epoch 1090, cost = 1.893473, train_acc = 53.54% val_acc = 53.84%
Epoch 1091, cost = 1.892233, train_acc = 54.00% val_acc = 52.85%
Epoch 1092, cost = 1.896801, train_acc = 53.56% val_acc = 53.67%
Epoch 1093, cost = 1.892762, train_acc = 54.11% val_acc = 52.74%
Epoch 1094, cost = 1.894864, train_acc = 53.98% val_acc = 53.32%
Epoch 1095, cost = 1.895587, train_acc = 53.64% val_acc = 53.06%
Epoch 1096, cost = 1.899933, train_acc = 54.33% val_acc = 52.81%
Epoch 1097, cost = 1.897941, train_acc = 54.32% val_acc = 52.94%
Epoch 1098, cost = 1.892611, train_acc = 54.13% val_acc = 52.61%
Epoch 1099, cost = 1.900220, train_acc = 53.66% val_acc = 53.00%
Epoch 1100, cost = 1.895510, train_acc = 54.17% val_acc = 53.22%
Epoch 1101, cost = 1.895659, train_acc = 54.20% val_acc = 53.90%
Epoch 1102, cost = 1.895296, train_acc = 54.05% val_acc = 53.59%
Epoch 1103, cost = 1.895888, train_acc = 54.07% val_acc = 53.28%
Epoch 1104, cost = 1.895924, train_acc = 54.26% val_acc = 53.45%
Epoch 1105, cost = 1.894366, train_acc = 54.35% val_acc = 54.13%
Epoch 1106, cost = 1.895824, train_acc = 54.37% val_acc = 53.95%
Epoch 1107, cost = 1.892735, train_acc = 54.10% val_acc = 53.53%
Epoch 1108, cost = 1.894405, train_acc = 53.37% val_acc = 52.71%
Epoch 1109, cost = 1.895208, train_acc = 54.04% val_acc = 52.92%
Epoch 1110, cost = 1.892464, train_acc = 54.13% val_acc = 53.68%
Epoch 1111, cost = 1.892675, train_acc = 54.13% val_acc = 53.31%
Epoch 1112, cost = 1.891636, train_acc = 53.64% val_acc = 52.58%
Epoch 1113, cost = 1.893132, train_acc = 54.22% val_acc = 53.06%
Epoch 1114, cost = 1.896669, train_acc = 54.26% val_acc = 53.06%
Epoch 1115, cost = 1.890849, train_acc = 54.10% val_acc = 53.04%
Epoch 1116, cost = 1.897518, train_acc = 54.46% val_acc = 53.03%
Epoch 1117, cost = 1.895750, train_acc = 54.02% val_acc = 52.93%
Epoch 1118, cost = 1.896156, train_acc = 54.26% val_acc = 52.24%
Epoch 1119, cost = 1.894828, train_acc = 54.23% val_acc = 53.12%
Epoch 1120, cost = 1.890249, train_acc = 53.94% val_acc = 52.26%
Epoch 1121, cost = 1.895084, train_acc = 54.26% val_acc = 53.35%
Epoch 1122, cost = 1.894069, train_acc = 54.15% val_acc = 54.55%
Epoch 1123, cost = 1.898711, train_acc = 54.01% val_acc = 53.01%
Epoch 1124, cost = 1.892055, train_acc = 53.47% val_acc = 52.20%
Epoch 1125, cost = 1.888213, train_acc = 54.17% val_acc = 53.63%
Epoch 1126, cost = 1.894093, train_acc = 54.63% val_acc = 52.53%
Epoch 1127, cost = 1.895709, train_acc = 54.02% val_acc = 53.88%
Epoch 1128, cost = 1.894647, train_acc = 54.21% val_acc = 53.18%
Epoch 1129, cost = 1.890763, train_acc = 53.83% val_acc = 53.41%
Epoch 1130, cost = 1.898107, train_acc = 54.13% val_acc = 53.74%
Epoch 1131, cost = 1.894354, train_acc = 54.58% val_acc = 53.71%
Epoch 1132, cost = 1.894017, train_acc = 53.59% val_acc = 53.51%
Epoch 1133, cost = 1.894584, train_acc = 54.26% val_acc = 53.57%
Epoch 1134, cost = 1.895526, train_acc = 54.32% val_acc = 53.00%
Epoch 1135, cost = 1.894325, train_acc = 54.42% val_acc = 53.85%
Epoch 1136, cost = 1.894628, train_acc = 53.84% val_acc = 52.44%
Epoch 1137, cost = 1.892979, train_acc = 54.27% val_acc = 52.81%
Epoch 1138, cost = 1.892780, train_acc = 54.34% val_acc = 52.31%
Epoch 1139, cost = 1.894708, train_acc = 54.51% val_acc = 54.69%
Epoch 1140, cost = 1.894137, train_acc = 54.27% val_acc = 53.84%
Epoch 1141, cost = 1.892580, train_acc = 54.31% val_acc = 53.25%
Epoch 1142, cost = 1.891219, train_acc = 54.04% val_acc = 53.43%
Epoch 1143, cost = 1.895237, train_acc = 54.56% val_acc = 53.22%
Epoch 1144, cost = 1.894549, train_acc = 53.82% val_acc = 52.49%
Epoch 1145, cost = 1.892304, train_acc = 54.34% val_acc = 53.29%
Epoch 1146, cost = 1.889842, train_acc = 53.86% val_acc = 53.40%
Epoch 1147, cost = 1.894671, train_acc = 54.19% val_acc = 52.88%
Epoch 1148, cost = 1.891279, train_acc = 54.09% val_acc = 53.55%
Epoch 1149, cost = 1.892644, train_acc = 54.32% val_acc = 53.12%
Epoch 1150, cost = 1.893652, train_acc = 54.05% val_acc = 52.83%
Epoch 1151, cost = 1.892714, train_acc = 53.39% val_acc = 52.92%
Epoch 1152, cost = 1.895401, train_acc = 54.06% val_acc = 53.49%
Epoch 1153, cost = 1.892897, train_acc = 53.92% val_acc = 53.77%
Epoch 1154, cost = 1.896690, train_acc = 54.29% val_acc = 53.56%
Epoch 1155, cost = 1.892888, train_acc = 53.99% val_acc = 53.53%
Epoch 1156, cost = 1.893770, train_acc = 54.01% val_acc = 53.92%
Epoch 1157, cost = 1.895292, train_acc = 54.26% val_acc = 52.72%
Epoch 1158, cost = 1.894940, train_acc = 53.70% val_acc = 54.10%
Epoch 1159, cost = 1.896178, train_acc = 54.41% val_acc = 54.10%
Epoch 1160, cost = 1.893619, train_acc = 53.75% val_acc = 53.84%
Epoch 1161, cost = 1.891372, train_acc = 53.69% val_acc = 53.00%
Epoch 1162, cost = 1.895595, train_acc = 54.01% val_acc = 53.29%
Epoch 1163, cost = 1.894341, train_acc = 54.24% val_acc = 53.72%
Epoch 1164, cost = 1.895787, train_acc = 54.29% val_acc = 52.88%
Epoch 1165, cost = 1.893662, train_acc = 54.01% val_acc = 53.02%
Epoch 1166, cost = 1.897026, train_acc = 53.89% val_acc = 53.53%
Epoch 1167, cost = 1.889400, train_acc = 54.27% val_acc = 52.80%
Epoch 1168, cost = 1.890847, train_acc = 54.31% val_acc = 52.22%
Epoch 1169, cost = 1.894450, train_acc = 53.99% val_acc = 53.12%
Epoch 1170, cost = 1.891376, train_acc = 53.98% val_acc = 52.68%
Epoch 1171, cost = 1.894828, train_acc = 53.86% val_acc = 53.43%
Epoch 1172, cost = 1.897834, train_acc = 54.32% val_acc = 53.32%
Epoch 1173, cost = 1.891831, train_acc = 53.59% val_acc = 52.91%
Epoch 1174, cost = 1.897537, train_acc = 54.27% val_acc = 53.14%
Epoch 1175, cost = 1.891041, train_acc = 53.89% val_acc = 53.79%
Epoch 1176, cost = 1.893794, train_acc = 53.91% val_acc = 53.18%
Epoch 1177, cost = 1.890260, train_acc = 54.01% val_acc = 53.53%
Epoch 1178, cost = 1.892485, train_acc = 53.65% val_acc = 53.77%
Epoch 1179, cost = 1.891342, train_acc = 53.76% val_acc = 53.25%
Epoch 1180, cost = 1.894996, train_acc = 54.09% val_acc = 52.94%
Epoch 1181, cost = 1.897254, train_acc = 53.77% val_acc = 53.10%
Epoch 1182, cost = 1.891126, train_acc = 54.23% val_acc = 52.69%
Epoch 1183, cost = 1.893742, train_acc = 53.70% val_acc = 53.87%
Epoch 1184, cost = 1.890630, train_acc = 54.11% val_acc = 54.48%
Epoch 1185, cost = 1.896627, train_acc = 54.41% val_acc = 53.40%
Epoch 1186, cost = 1.890461, train_acc = 54.18% val_acc = 52.57%
Epoch 1187, cost = 1.892373, train_acc = 54.02% val_acc = 52.39%
Epoch 1188, cost = 1.895386, train_acc = 54.43% val_acc = 52.65%
Epoch 1189, cost = 1.891834, train_acc = 53.77% val_acc = 53.15%
Epoch 1190, cost = 1.896166, train_acc = 54.06% val_acc = 53.04%
Epoch 1191, cost = 1.894070, train_acc = 54.24% val_acc = 53.19%
Epoch 1192, cost = 1.897447, train_acc = 53.74% val_acc = 52.94%
Epoch 1193, cost = 1.894083, train_acc = 54.51% val_acc = 53.55%
Epoch 1194, cost = 1.890108, train_acc = 53.95% val_acc = 53.26%
Epoch 1195, cost = 1.892492, train_acc = 54.19% val_acc = 53.61%
Epoch 1196, cost = 1.894065, train_acc = 54.06% val_acc = 52.85%
Epoch 1197, cost = 1.895134, train_acc = 54.21% val_acc = 53.12%
Epoch 1198, cost = 1.898067, train_acc = 54.30% val_acc = 53.56%
Epoch 1199, cost = 1.892387, train_acc = 54.41% val_acc = 53.66%
Epoch 1200, cost = 1.894426, train_acc = 54.02% val_acc = 52.91%
