Loading Training Data
Loading Validation Data
Creating Data Loaders
Training Fun Time!!!
Epoch 1, cost = 2.303640, train_acc = 17.37% val_acc = 18.55%
Epoch 2, cost = 2.303019, train_acc = 21.45% val_acc = 24.19%
Epoch 3, cost = 2.301756, train_acc = 24.44% val_acc = 27.12%
Epoch 4, cost = 2.296515, train_acc = 22.63% val_acc = 26.15%
Epoch 5, cost = 2.194128, train_acc = 39.85% val_acc = 44.91%
Epoch 6, cost = 2.019133, train_acc = 49.47% val_acc = 55.88%
Epoch 7, cost = 1.952800, train_acc = 51.72% val_acc = 57.79%
Epoch 8, cost = 1.931704, train_acc = 53.63% val_acc = 59.58%
Epoch 9, cost = 1.915930, train_acc = 54.31% val_acc = 59.34%
Epoch 10, cost = 1.904941, train_acc = 56.69% val_acc = 60.95%
Epoch 11, cost = 1.892302, train_acc = 57.23% val_acc = 61.06%
Epoch 12, cost = 1.868472, train_acc = 61.89% val_acc = 66.64%
Epoch 13, cost = 1.830578, train_acc = 65.25% val_acc = 70.86%
Epoch 14, cost = 1.787824, train_acc = 69.31% val_acc = 74.55%
Epoch 15, cost = 1.768335, train_acc = 70.44% val_acc = 75.34%
Epoch 16, cost = 1.751697, train_acc = 71.85% val_acc = 75.86%
Epoch 17, cost = 1.743954, train_acc = 72.94% val_acc = 76.65%
Epoch 18, cost = 1.737536, train_acc = 72.87% val_acc = 76.47%
Epoch 19, cost = 1.730049, train_acc = 73.65% val_acc = 77.16%
Epoch 20, cost = 1.725195, train_acc = 73.74% val_acc = 76.93%
Epoch 21, cost = 1.720143, train_acc = 74.60% val_acc = 77.31%
Epoch 22, cost = 1.719790, train_acc = 74.63% val_acc = 77.46%
Epoch 23, cost = 1.709909, train_acc = 75.00% val_acc = 77.53%
Epoch 24, cost = 1.713037, train_acc = 75.42% val_acc = 77.27%
Epoch 25, cost = 1.706268, train_acc = 75.53% val_acc = 76.54%
Epoch 26, cost = 1.709382, train_acc = 75.86% val_acc = 77.73%
Epoch 27, cost = 1.701651, train_acc = 75.73% val_acc = 78.05%
Epoch 28, cost = 1.696890, train_acc = 76.20% val_acc = 78.12%
Epoch 29, cost = 1.698697, train_acc = 75.96% val_acc = 77.29%
Epoch 30, cost = 1.701182, train_acc = 75.74% val_acc = 78.27%
Epoch 31, cost = 1.696799, train_acc = 76.55% val_acc = 77.99%
Epoch 32, cost = 1.693630, train_acc = 76.61% val_acc = 77.40%
Epoch 33, cost = 1.691095, train_acc = 76.81% val_acc = 78.29%
Epoch 34, cost = 1.688290, train_acc = 76.72% val_acc = 78.06%
Epoch 35, cost = 1.687901, train_acc = 76.44% val_acc = 79.00%
Epoch 36, cost = 1.685433, train_acc = 77.15% val_acc = 78.41%
Epoch 37, cost = 1.686886, train_acc = 77.01% val_acc = 78.99%
Epoch 38, cost = 1.682083, train_acc = 77.20% val_acc = 78.87%
Epoch 39, cost = 1.686647, train_acc = 76.87% val_acc = 78.33%
Epoch 40, cost = 1.688326, train_acc = 77.22% val_acc = 78.85%
Epoch 41, cost = 1.684225, train_acc = 77.29% val_acc = 78.61%
Epoch 42, cost = 1.686219, train_acc = 77.26% val_acc = 77.87%
Epoch 43, cost = 1.680063, train_acc = 77.53% val_acc = 78.33%
Epoch 44, cost = 1.679731, train_acc = 77.70% val_acc = 78.73%
Epoch 45, cost = 1.681502, train_acc = 77.66% val_acc = 78.21%
Epoch 46, cost = 1.677647, train_acc = 77.93% val_acc = 78.30%
Epoch 47, cost = 1.674976, train_acc = 77.75% val_acc = 78.44%
Epoch 48, cost = 1.674448, train_acc = 77.36% val_acc = 77.71%
Epoch 49, cost = 1.679819, train_acc = 78.14% val_acc = 78.12%
Epoch 50, cost = 1.677009, train_acc = 78.28% val_acc = 78.45%
Epoch 51, cost = 1.674589, train_acc = 78.09% val_acc = 78.61%
Epoch 52, cost = 1.673570, train_acc = 78.00% val_acc = 79.11%
Epoch 53, cost = 1.675581, train_acc = 77.69% val_acc = 78.38%
Epoch 54, cost = 1.673328, train_acc = 78.25% val_acc = 78.36%
Epoch 55, cost = 1.673285, train_acc = 78.67% val_acc = 77.96%
Epoch 56, cost = 1.673461, train_acc = 78.42% val_acc = 79.22%
Epoch 57, cost = 1.671836, train_acc = 77.60% val_acc = 77.96%
Epoch 58, cost = 1.667872, train_acc = 78.48% val_acc = 79.96%
Epoch 59, cost = 1.672298, train_acc = 78.70% val_acc = 78.18%
Epoch 60, cost = 1.667986, train_acc = 78.77% val_acc = 79.06%
Epoch 61, cost = 1.668559, train_acc = 78.36% val_acc = 79.19%
Epoch 62, cost = 1.668498, train_acc = 78.74% val_acc = 79.37%
Epoch 63, cost = 1.669422, train_acc = 78.77% val_acc = 79.10%
Epoch 64, cost = 1.666607, train_acc = 78.66% val_acc = 79.28%
Epoch 65, cost = 1.670173, train_acc = 78.51% val_acc = 78.37%
Epoch 66, cost = 1.669359, train_acc = 78.77% val_acc = 78.96%
Epoch 67, cost = 1.666919, train_acc = 78.47% val_acc = 78.75%
Epoch 68, cost = 1.670875, train_acc = 78.75% val_acc = 78.55%
Epoch 69, cost = 1.667992, train_acc = 78.93% val_acc = 79.03%
Epoch 70, cost = 1.665320, train_acc = 78.48% val_acc = 78.82%
Epoch 71, cost = 1.667316, train_acc = 78.58% val_acc = 79.00%
Epoch 72, cost = 1.665069, train_acc = 79.35% val_acc = 78.70%
Epoch 73, cost = 1.663369, train_acc = 78.63% val_acc = 78.78%
Epoch 74, cost = 1.662650, train_acc = 79.17% val_acc = 79.16%
Epoch 75, cost = 1.661790, train_acc = 78.62% val_acc = 78.89%
Epoch 76, cost = 1.666012, train_acc = 78.81% val_acc = 79.46%
Epoch 77, cost = 1.663204, train_acc = 79.17% val_acc = 78.88%
Epoch 78, cost = 1.660250, train_acc = 79.37% val_acc = 78.62%
Epoch 79, cost = 1.660652, train_acc = 79.14% val_acc = 78.72%
Epoch 80, cost = 1.667062, train_acc = 79.17% val_acc = 78.55%
Epoch 81, cost = 1.661824, train_acc = 78.84% val_acc = 78.38%
Epoch 82, cost = 1.665168, train_acc = 79.38% val_acc = 78.78%
Epoch 83, cost = 1.660383, train_acc = 79.25% val_acc = 79.43%
Epoch 84, cost = 1.663102, train_acc = 79.19% val_acc = 79.26%
Epoch 85, cost = 1.661025, train_acc = 79.47% val_acc = 79.07%
Epoch 86, cost = 1.663672, train_acc = 78.86% val_acc = 79.32%
Epoch 87, cost = 1.663199, train_acc = 79.43% val_acc = 79.48%
Epoch 88, cost = 1.658942, train_acc = 79.69% val_acc = 78.43%
Epoch 89, cost = 1.659750, train_acc = 79.44% val_acc = 78.72%
Epoch 90, cost = 1.661745, train_acc = 78.90% val_acc = 79.60%
Epoch 91, cost = 1.656793, train_acc = 79.65% val_acc = 78.41%
Epoch 92, cost = 1.658578, train_acc = 79.60% val_acc = 79.06%
Epoch 93, cost = 1.662561, train_acc = 79.19% val_acc = 78.80%
Epoch 94, cost = 1.660530, train_acc = 79.30% val_acc = 78.51%
Epoch 95, cost = 1.657101, train_acc = 79.51% val_acc = 78.99%
Epoch 96, cost = 1.657844, train_acc = 79.25% val_acc = 79.29%
Epoch 97, cost = 1.660264, train_acc = 79.46% val_acc = 79.41%
Epoch 98, cost = 1.658673, train_acc = 79.51% val_acc = 78.59%
Epoch 99, cost = 1.657700, train_acc = 79.23% val_acc = 78.81%
Epoch 100, cost = 1.654525, train_acc = 79.75% val_acc = 78.85%
Epoch 101, cost = 1.657589, train_acc = 79.77% val_acc = 78.99%
Epoch 102, cost = 1.656500, train_acc = 79.81% val_acc = 78.84%
Epoch 103, cost = 1.657541, train_acc = 79.47% val_acc = 78.78%
Epoch 104, cost = 1.652000, train_acc = 79.93% val_acc = 79.11%
Epoch 105, cost = 1.658507, train_acc = 79.97% val_acc = 78.96%
Epoch 106, cost = 1.657408, train_acc = 79.39% val_acc = 78.97%
Epoch 107, cost = 1.652035, train_acc = 80.33% val_acc = 79.09%
Epoch 108, cost = 1.655584, train_acc = 79.67% val_acc = 79.29%
Epoch 109, cost = 1.654405, train_acc = 79.22% val_acc = 78.75%
Epoch 110, cost = 1.657313, train_acc = 79.73% val_acc = 79.52%
Epoch 111, cost = 1.657897, train_acc = 79.67% val_acc = 79.42%
Epoch 112, cost = 1.650719, train_acc = 79.94% val_acc = 79.16%
Epoch 113, cost = 1.655959, train_acc = 79.82% val_acc = 79.85%
Epoch 114, cost = 1.657755, train_acc = 79.67% val_acc = 78.55%
Epoch 115, cost = 1.658002, train_acc = 79.91% val_acc = 79.06%
Epoch 116, cost = 1.654822, train_acc = 80.03% val_acc = 78.79%
Epoch 117, cost = 1.653470, train_acc = 80.01% val_acc = 79.94%
Epoch 118, cost = 1.655605, train_acc = 80.02% val_acc = 79.24%
Epoch 119, cost = 1.656194, train_acc = 79.82% val_acc = 79.33%
Epoch 120, cost = 1.653622, train_acc = 79.99% val_acc = 78.39%
Epoch 121, cost = 1.652522, train_acc = 79.95% val_acc = 79.42%
Epoch 122, cost = 1.654799, train_acc = 79.64% val_acc = 79.64%
Epoch 123, cost = 1.653021, train_acc = 80.05% val_acc = 79.34%
Epoch 124, cost = 1.655286, train_acc = 80.29% val_acc = 78.78%
Epoch 125, cost = 1.653306, train_acc = 80.13% val_acc = 80.28%
Epoch 126, cost = 1.654061, train_acc = 80.42% val_acc = 78.94%
Epoch 127, cost = 1.652472, train_acc = 79.87% val_acc = 80.10%
Epoch 128, cost = 1.652978, train_acc = 80.39% val_acc = 79.29%
Epoch 129, cost = 1.651084, train_acc = 80.11% val_acc = 79.19%
Epoch 130, cost = 1.652231, train_acc = 80.43% val_acc = 79.34%
Epoch 131, cost = 1.651312, train_acc = 80.11% val_acc = 79.90%
Epoch 132, cost = 1.653509, train_acc = 80.39% val_acc = 79.53%
Epoch 133, cost = 1.648477, train_acc = 80.32% val_acc = 79.11%
Epoch 134, cost = 1.652200, train_acc = 79.75% val_acc = 79.14%
Epoch 135, cost = 1.654058, train_acc = 79.59% val_acc = 78.91%
Epoch 136, cost = 1.655652, train_acc = 80.13% val_acc = 79.07%
Epoch 137, cost = 1.649523, train_acc = 80.01% val_acc = 78.93%
Epoch 138, cost = 1.651191, train_acc = 80.05% val_acc = 79.63%
Epoch 139, cost = 1.650794, train_acc = 80.29% val_acc = 79.42%
Epoch 140, cost = 1.651386, train_acc = 80.10% val_acc = 78.89%
Epoch 141, cost = 1.650374, train_acc = 80.53% val_acc = 79.49%
Epoch 142, cost = 1.655781, train_acc = 80.23% val_acc = 79.85%
Epoch 143, cost = 1.648548, train_acc = 80.08% val_acc = 79.46%
Epoch 144, cost = 1.650440, train_acc = 80.26% val_acc = 79.91%
Epoch 145, cost = 1.649110, train_acc = 80.33% val_acc = 80.18%
Epoch 146, cost = 1.649974, train_acc = 80.52% val_acc = 79.26%
Epoch 147, cost = 1.646244, train_acc = 80.50% val_acc = 79.62%
Epoch 148, cost = 1.647057, train_acc = 80.27% val_acc = 79.67%
Epoch 149, cost = 1.651784, train_acc = 79.92% val_acc = 79.33%
Epoch 150, cost = 1.647931, train_acc = 80.07% val_acc = 79.21%
Epoch 151, cost = 1.649425, train_acc = 80.28% val_acc = 79.80%
Epoch 152, cost = 1.647766, train_acc = 80.49% val_acc = 79.47%
Epoch 153, cost = 1.647690, train_acc = 79.89% val_acc = 78.99%
Epoch 154, cost = 1.642875, train_acc = 80.24% val_acc = 79.31%
Epoch 155, cost = 1.652339, train_acc = 80.44% val_acc = 79.13%
Epoch 156, cost = 1.648091, train_acc = 80.36% val_acc = 78.97%
Epoch 157, cost = 1.646987, train_acc = 80.47% val_acc = 79.33%
Epoch 158, cost = 1.650855, train_acc = 80.39% val_acc = 79.11%
Epoch 159, cost = 1.646204, train_acc = 79.82% val_acc = 79.52%
Epoch 160, cost = 1.647079, train_acc = 80.22% val_acc = 79.66%
Epoch 161, cost = 1.649517, train_acc = 80.21% val_acc = 78.67%
Epoch 162, cost = 1.646924, train_acc = 80.33% val_acc = 79.34%
Epoch 163, cost = 1.650399, train_acc = 80.06% val_acc = 79.48%
Epoch 164, cost = 1.648715, train_acc = 80.79% val_acc = 79.34%
Epoch 165, cost = 1.647798, train_acc = 80.03% val_acc = 79.88%
Epoch 166, cost = 1.649116, train_acc = 80.16% val_acc = 79.25%
Epoch 167, cost = 1.647018, train_acc = 80.64% val_acc = 79.58%
Epoch 168, cost = 1.649037, train_acc = 80.21% val_acc = 78.53%
Epoch 169, cost = 1.646749, train_acc = 80.46% val_acc = 79.41%
Epoch 170, cost = 1.644881, train_acc = 80.49% val_acc = 80.24%
Epoch 171, cost = 1.648822, train_acc = 80.29% val_acc = 79.95%
Epoch 172, cost = 1.646463, train_acc = 80.47% val_acc = 78.99%
Epoch 173, cost = 1.649762, train_acc = 80.22% val_acc = 79.32%
Epoch 174, cost = 1.643885, train_acc = 80.29% val_acc = 79.47%
Epoch 175, cost = 1.644200, train_acc = 80.50% val_acc = 79.46%
Epoch 176, cost = 1.644766, train_acc = 80.51% val_acc = 79.97%
Epoch 177, cost = 1.648752, train_acc = 80.66% val_acc = 79.41%
Epoch 178, cost = 1.644313, train_acc = 80.53% val_acc = 79.21%
Epoch 179, cost = 1.648766, train_acc = 80.47% val_acc = 79.21%
Epoch 180, cost = 1.649832, train_acc = 80.47% val_acc = 79.33%
Epoch 181, cost = 1.646346, train_acc = 79.80% val_acc = 79.57%
Epoch 182, cost = 1.647962, train_acc = 80.67% val_acc = 79.06%
Epoch 183, cost = 1.648818, train_acc = 80.76% val_acc = 79.32%
Epoch 184, cost = 1.644747, train_acc = 80.19% val_acc = 78.95%
Epoch 185, cost = 1.647738, train_acc = 80.20% val_acc = 78.93%
Epoch 186, cost = 1.650578, train_acc = 80.46% val_acc = 79.52%
Epoch 187, cost = 1.648134, train_acc = 81.03% val_acc = 79.00%
Epoch 188, cost = 1.651710, train_acc = 80.33% val_acc = 79.63%
Epoch 189, cost = 1.649546, train_acc = 80.41% val_acc = 79.91%
Epoch 190, cost = 1.646122, train_acc = 80.38% val_acc = 79.71%
Epoch 191, cost = 1.645658, train_acc = 80.56% val_acc = 79.60%
Epoch 192, cost = 1.640331, train_acc = 80.38% val_acc = 79.13%
Epoch 193, cost = 1.648722, train_acc = 80.61% val_acc = 80.69%
Epoch 194, cost = 1.646953, train_acc = 80.74% val_acc = 79.22%
Epoch 195, cost = 1.643472, train_acc = 80.73% val_acc = 80.12%
Epoch 196, cost = 1.644399, train_acc = 80.04% val_acc = 80.13%
Epoch 197, cost = 1.643484, train_acc = 80.59% val_acc = 78.88%
Epoch 198, cost = 1.649637, train_acc = 80.69% val_acc = 80.00%
Epoch 199, cost = 1.642326, train_acc = 80.49% val_acc = 79.24%
Epoch 200, cost = 1.647963, train_acc = 79.98% val_acc = 79.82%
Epoch 201, cost = 1.641400, train_acc = 80.20% val_acc = 78.51%
Epoch 202, cost = 1.646823, train_acc = 80.54% val_acc = 79.70%
Epoch 203, cost = 1.648952, train_acc = 80.51% val_acc = 80.09%
Epoch 204, cost = 1.645896, train_acc = 80.50% val_acc = 79.63%
Epoch 205, cost = 1.648523, train_acc = 81.01% val_acc = 79.44%
Epoch 206, cost = 1.644113, train_acc = 80.42% val_acc = 79.42%
Epoch 207, cost = 1.644991, train_acc = 80.39% val_acc = 80.08%
Epoch 208, cost = 1.643930, train_acc = 80.43% val_acc = 78.91%
Epoch 209, cost = 1.646371, train_acc = 80.16% val_acc = 79.05%
Epoch 210, cost = 1.647894, train_acc = 80.68% val_acc = 79.37%
Epoch 211, cost = 1.644603, train_acc = 80.53% val_acc = 78.79%
Epoch 212, cost = 1.643324, train_acc = 81.12% val_acc = 79.58%
Epoch 213, cost = 1.643960, train_acc = 80.56% val_acc = 79.54%
Epoch 214, cost = 1.643835, train_acc = 81.07% val_acc = 79.49%
Epoch 215, cost = 1.644968, train_acc = 81.04% val_acc = 79.57%
Epoch 216, cost = 1.646741, train_acc = 80.98% val_acc = 80.10%
Epoch 217, cost = 1.644002, train_acc = 81.05% val_acc = 80.16%
Epoch 218, cost = 1.645684, train_acc = 80.54% val_acc = 79.55%
Epoch 219, cost = 1.645466, train_acc = 80.85% val_acc = 79.80%
Epoch 220, cost = 1.642627, train_acc = 80.95% val_acc = 80.13%
Epoch 221, cost = 1.644366, train_acc = 80.67% val_acc = 79.59%
Epoch 222, cost = 1.647300, train_acc = 80.75% val_acc = 79.38%
Epoch 223, cost = 1.644991, train_acc = 80.89% val_acc = 79.13%
Epoch 224, cost = 1.641923, train_acc = 80.71% val_acc = 78.78%
Epoch 225, cost = 1.646560, train_acc = 80.39% val_acc = 79.41%
Epoch 226, cost = 1.643410, train_acc = 81.00% val_acc = 79.33%
Epoch 227, cost = 1.643450, train_acc = 80.85% val_acc = 79.85%
Epoch 228, cost = 1.643910, train_acc = 80.63% val_acc = 79.80%
Epoch 229, cost = 1.643896, train_acc = 80.82% val_acc = 79.93%
Epoch 230, cost = 1.645216, train_acc = 80.75% val_acc = 79.28%
Epoch 231, cost = 1.641111, train_acc = 80.93% val_acc = 79.76%
Epoch 232, cost = 1.644491, train_acc = 80.98% val_acc = 79.41%
Epoch 233, cost = 1.640290, train_acc = 81.34% val_acc = 79.65%
Epoch 234, cost = 1.645277, train_acc = 81.04% val_acc = 79.08%
Epoch 235, cost = 1.639250, train_acc = 81.31% val_acc = 79.77%
Epoch 236, cost = 1.645035, train_acc = 80.59% val_acc = 79.38%
Epoch 237, cost = 1.647429, train_acc = 80.41% val_acc = 79.55%
Epoch 238, cost = 1.644692, train_acc = 80.16% val_acc = 79.32%
Epoch 239, cost = 1.644958, train_acc = 81.37% val_acc = 80.06%
Epoch 240, cost = 1.646065, train_acc = 81.17% val_acc = 79.76%
Epoch 241, cost = 1.642028, train_acc = 80.65% val_acc = 79.06%
Epoch 242, cost = 1.642489, train_acc = 80.68% val_acc = 79.33%
Epoch 243, cost = 1.647525, train_acc = 81.07% val_acc = 80.27%
Epoch 244, cost = 1.642572, train_acc = 81.06% val_acc = 79.58%
Epoch 245, cost = 1.641120, train_acc = 80.76% val_acc = 79.72%
Epoch 246, cost = 1.641497, train_acc = 81.06% val_acc = 79.90%
Epoch 247, cost = 1.648341, train_acc = 80.65% val_acc = 79.87%
Epoch 248, cost = 1.646937, train_acc = 81.05% val_acc = 79.63%
Epoch 249, cost = 1.644147, train_acc = 81.15% val_acc = 80.12%
Epoch 250, cost = 1.641766, train_acc = 80.87% val_acc = 79.73%
Epoch 251, cost = 1.644445, train_acc = 80.98% val_acc = 79.12%
Epoch 252, cost = 1.644795, train_acc = 81.21% val_acc = 79.74%
Epoch 253, cost = 1.642927, train_acc = 80.90% val_acc = 79.77%
Epoch 254, cost = 1.640454, train_acc = 81.39% val_acc = 79.00%
Epoch 255, cost = 1.640811, train_acc = 80.79% val_acc = 79.47%
Epoch 256, cost = 1.644841, train_acc = 80.89% val_acc = 79.50%
Epoch 257, cost = 1.642718, train_acc = 80.66% val_acc = 79.59%
Epoch 258, cost = 1.642017, train_acc = 81.14% val_acc = 79.16%
Epoch 259, cost = 1.644136, train_acc = 80.89% val_acc = 80.06%
Epoch 260, cost = 1.643849, train_acc = 81.23% val_acc = 79.76%
Epoch 261, cost = 1.644603, train_acc = 81.20% val_acc = 79.27%
Epoch 262, cost = 1.642952, train_acc = 80.68% val_acc = 79.38%
Epoch 263, cost = 1.643615, train_acc = 80.74% val_acc = 79.65%
Epoch 264, cost = 1.646765, train_acc = 80.60% val_acc = 79.01%
Epoch 265, cost = 1.645574, train_acc = 81.10% val_acc = 79.60%
Epoch 266, cost = 1.643640, train_acc = 80.94% val_acc = 78.97%
Epoch 267, cost = 1.643072, train_acc = 81.02% val_acc = 79.35%
Epoch 268, cost = 1.643237, train_acc = 81.21% val_acc = 79.60%
Epoch 269, cost = 1.641032, train_acc = 81.08% val_acc = 79.27%
Epoch 270, cost = 1.639001, train_acc = 81.36% val_acc = 80.43%
Epoch 271, cost = 1.643321, train_acc = 80.64% val_acc = 78.83%
Epoch 272, cost = 1.640654, train_acc = 80.86% val_acc = 79.68%
Epoch 273, cost = 1.641576, train_acc = 80.99% val_acc = 79.57%
Epoch 274, cost = 1.641041, train_acc = 80.50% val_acc = 79.97%
Epoch 275, cost = 1.642616, train_acc = 80.79% val_acc = 79.74%
Epoch 276, cost = 1.642997, train_acc = 81.00% val_acc = 79.98%
Epoch 277, cost = 1.642434, train_acc = 80.66% val_acc = 79.33%
Epoch 278, cost = 1.644345, train_acc = 81.14% val_acc = 79.80%
Epoch 279, cost = 1.639264, train_acc = 80.94% val_acc = 79.39%
Epoch 280, cost = 1.641815, train_acc = 81.17% val_acc = 79.91%
Epoch 281, cost = 1.642805, train_acc = 80.97% val_acc = 79.11%
Epoch 282, cost = 1.642755, train_acc = 81.14% val_acc = 79.02%
Epoch 283, cost = 1.639962, train_acc = 80.74% val_acc = 79.55%
Epoch 284, cost = 1.639663, train_acc = 80.85% val_acc = 78.90%
Epoch 285, cost = 1.638085, train_acc = 81.30% val_acc = 79.95%
Epoch 286, cost = 1.640576, train_acc = 80.91% val_acc = 80.25%
Epoch 287, cost = 1.642803, train_acc = 81.01% val_acc = 79.14%
Epoch 288, cost = 1.640942, train_acc = 80.99% val_acc = 79.27%
Epoch 289, cost = 1.644019, train_acc = 80.99% val_acc = 80.24%
Epoch 290, cost = 1.641071, train_acc = 80.97% val_acc = 78.74%
Epoch 291, cost = 1.641063, train_acc = 81.01% val_acc = 80.45%
Epoch 292, cost = 1.639824, train_acc = 81.16% val_acc = 80.18%
Epoch 293, cost = 1.642460, train_acc = 81.26% val_acc = 79.03%
Epoch 294, cost = 1.638825, train_acc = 81.27% val_acc = 79.46%
Epoch 295, cost = 1.642370, train_acc = 80.45% val_acc = 79.48%
Epoch 296, cost = 1.638735, train_acc = 81.74% val_acc = 79.54%
Epoch 297, cost = 1.638560, train_acc = 80.98% val_acc = 79.22%
Epoch 298, cost = 1.644780, train_acc = 81.04% val_acc = 79.54%
Epoch 299, cost = 1.639973, train_acc = 80.97% val_acc = 79.05%
Epoch 300, cost = 1.641779, train_acc = 81.37% val_acc = 79.75%
Epoch 301, cost = 1.640192, train_acc = 80.89% val_acc = 79.42%
Epoch 302, cost = 1.643932, train_acc = 80.84% val_acc = 79.64%
Epoch 303, cost = 1.642571, train_acc = 80.90% val_acc = 79.11%
Epoch 304, cost = 1.641675, train_acc = 81.16% val_acc = 79.72%
Epoch 305, cost = 1.641847, train_acc = 80.79% val_acc = 79.02%
Epoch 306, cost = 1.637738, train_acc = 80.77% val_acc = 79.82%
Epoch 307, cost = 1.643548, train_acc = 81.06% val_acc = 79.76%
Epoch 308, cost = 1.639239, train_acc = 81.16% val_acc = 79.54%
Epoch 309, cost = 1.639860, train_acc = 80.94% val_acc = 80.01%
Epoch 310, cost = 1.638580, train_acc = 81.27% val_acc = 79.64%
Epoch 311, cost = 1.638804, train_acc = 80.80% val_acc = 79.53%
Epoch 312, cost = 1.638412, train_acc = 81.18% val_acc = 79.73%
Epoch 313, cost = 1.637648, train_acc = 81.53% val_acc = 79.18%
Epoch 314, cost = 1.642221, train_acc = 80.96% val_acc = 79.25%
Epoch 315, cost = 1.637305, train_acc = 81.07% val_acc = 79.68%
Epoch 316, cost = 1.641032, train_acc = 81.05% val_acc = 80.22%
Epoch 317, cost = 1.642843, train_acc = 80.90% val_acc = 79.42%
Epoch 318, cost = 1.642556, train_acc = 81.27% val_acc = 78.94%
Epoch 319, cost = 1.639014, train_acc = 81.22% val_acc = 80.27%
Epoch 320, cost = 1.641714, train_acc = 81.39% val_acc = 79.10%
Epoch 321, cost = 1.640137, train_acc = 81.08% val_acc = 79.24%
Epoch 322, cost = 1.638546, train_acc = 80.87% val_acc = 79.09%
Epoch 323, cost = 1.635532, train_acc = 81.21% val_acc = 79.30%
Epoch 324, cost = 1.640175, train_acc = 81.09% val_acc = 79.75%
Epoch 325, cost = 1.641799, train_acc = 80.84% val_acc = 79.36%
Epoch 326, cost = 1.641963, train_acc = 80.64% val_acc = 79.29%
Epoch 327, cost = 1.642407, train_acc = 81.01% val_acc = 79.23%
Epoch 328, cost = 1.640878, train_acc = 81.01% val_acc = 79.73%
Epoch 329, cost = 1.640844, train_acc = 80.59% val_acc = 79.72%
Epoch 330, cost = 1.637813, train_acc = 80.77% val_acc = 79.47%
Epoch 331, cost = 1.638499, train_acc = 81.37% val_acc = 80.08%
Epoch 332, cost = 1.640109, train_acc = 80.96% val_acc = 80.12%
Epoch 333, cost = 1.640996, train_acc = 81.03% val_acc = 80.49%
Epoch 334, cost = 1.639950, train_acc = 81.26% val_acc = 79.43%
Epoch 335, cost = 1.636967, train_acc = 80.67% val_acc = 80.03%
Epoch 336, cost = 1.638575, train_acc = 80.66% val_acc = 79.21%
Epoch 337, cost = 1.640066, train_acc = 81.21% val_acc = 79.46%
Epoch 338, cost = 1.639847, train_acc = 81.01% val_acc = 79.53%
Epoch 339, cost = 1.640429, train_acc = 80.83% val_acc = 79.18%
Epoch 340, cost = 1.640695, train_acc = 80.81% val_acc = 79.44%
Epoch 341, cost = 1.636689, train_acc = 80.87% val_acc = 79.73%
Epoch 342, cost = 1.639390, train_acc = 80.96% val_acc = 79.82%
Epoch 343, cost = 1.639160, train_acc = 80.75% val_acc = 79.46%
Epoch 344, cost = 1.643701, train_acc = 80.84% val_acc = 80.53%
Epoch 345, cost = 1.641467, train_acc = 81.30% val_acc = 79.29%
Epoch 346, cost = 1.637367, train_acc = 80.67% val_acc = 79.84%
Epoch 347, cost = 1.638912, train_acc = 81.12% val_acc = 78.92%
Epoch 348, cost = 1.638682, train_acc = 80.94% val_acc = 79.48%
Epoch 349, cost = 1.640249, train_acc = 81.23% val_acc = 79.69%
Epoch 350, cost = 1.636491, train_acc = 81.26% val_acc = 79.82%
Epoch 351, cost = 1.641798, train_acc = 80.96% val_acc = 79.79%
Epoch 352, cost = 1.637544, train_acc = 81.13% val_acc = 79.65%
Epoch 353, cost = 1.640559, train_acc = 81.02% val_acc = 79.77%
Epoch 354, cost = 1.641530, train_acc = 81.18% val_acc = 80.01%
Epoch 355, cost = 1.642093, train_acc = 80.98% val_acc = 79.08%
Epoch 356, cost = 1.642979, train_acc = 81.39% val_acc = 80.02%
Epoch 357, cost = 1.642057, train_acc = 81.19% val_acc = 79.36%
Epoch 358, cost = 1.640194, train_acc = 81.01% val_acc = 79.65%
Epoch 359, cost = 1.638521, train_acc = 81.01% val_acc = 79.15%
Epoch 360, cost = 1.637564, train_acc = 80.79% val_acc = 80.15%
Epoch 361, cost = 1.638837, train_acc = 81.19% val_acc = 79.87%
Epoch 362, cost = 1.640645, train_acc = 80.99% val_acc = 80.42%
Epoch 363, cost = 1.640090, train_acc = 81.03% val_acc = 78.50%
Epoch 364, cost = 1.637079, train_acc = 80.62% val_acc = 80.03%
Epoch 365, cost = 1.641850, train_acc = 81.20% val_acc = 79.34%
Epoch 366, cost = 1.640045, train_acc = 81.53% val_acc = 79.56%
Epoch 367, cost = 1.637577, train_acc = 81.20% val_acc = 79.22%
Epoch 368, cost = 1.637190, train_acc = 81.23% val_acc = 79.07%
Epoch 369, cost = 1.639617, train_acc = 81.39% val_acc = 79.64%
Epoch 370, cost = 1.641967, train_acc = 81.34% val_acc = 79.43%
Epoch 371, cost = 1.641444, train_acc = 81.23% val_acc = 79.51%
Epoch 372, cost = 1.639866, train_acc = 80.56% val_acc = 78.51%
Epoch 373, cost = 1.641065, train_acc = 81.71% val_acc = 79.36%
Epoch 374, cost = 1.641346, train_acc = 81.30% val_acc = 80.63%
Epoch 375, cost = 1.638825, train_acc = 81.07% val_acc = 79.46%
Epoch 376, cost = 1.638838, train_acc = 81.39% val_acc = 79.75%
Epoch 377, cost = 1.642104, train_acc = 80.80% val_acc = 79.16%
Epoch 378, cost = 1.640632, train_acc = 81.31% val_acc = 79.31%
Epoch 379, cost = 1.640626, train_acc = 80.67% val_acc = 79.47%
Epoch 380, cost = 1.637949, train_acc = 80.80% val_acc = 79.63%
Epoch 381, cost = 1.636597, train_acc = 80.88% val_acc = 79.62%
Epoch 382, cost = 1.638349, train_acc = 81.23% val_acc = 79.94%
Epoch 383, cost = 1.638815, train_acc = 81.46% val_acc = 79.37%
Epoch 384, cost = 1.640843, train_acc = 81.71% val_acc = 79.30%
Epoch 385, cost = 1.639601, train_acc = 81.09% val_acc = 79.93%
Epoch 386, cost = 1.638785, train_acc = 81.37% val_acc = 79.77%
Epoch 387, cost = 1.639049, train_acc = 81.14% val_acc = 79.31%
Epoch 388, cost = 1.641132, train_acc = 81.19% val_acc = 79.01%
Epoch 389, cost = 1.643020, train_acc = 81.51% val_acc = 79.33%
Epoch 390, cost = 1.640459, train_acc = 81.07% val_acc = 80.37%
Epoch 391, cost = 1.636675, train_acc = 81.26% val_acc = 79.51%
Epoch 392, cost = 1.639158, train_acc = 81.27% val_acc = 79.82%
Epoch 393, cost = 1.640019, train_acc = 80.91% val_acc = 79.57%
Epoch 394, cost = 1.639122, train_acc = 80.99% val_acc = 78.99%
Epoch 395, cost = 1.643066, train_acc = 81.21% val_acc = 79.34%
Epoch 396, cost = 1.637585, train_acc = 81.02% val_acc = 79.52%
Epoch 397, cost = 1.646086, train_acc = 81.56% val_acc = 79.81%
Epoch 398, cost = 1.636797, train_acc = 81.38% val_acc = 79.75%
Epoch 399, cost = 1.635792, train_acc = 81.12% val_acc = 79.62%
Epoch 400, cost = 1.640023, train_acc = 81.23% val_acc = 79.25%
Epoch 401, cost = 1.637311, train_acc = 81.24% val_acc = 79.44%
Epoch 402, cost = 1.638585, train_acc = 81.65% val_acc = 79.79%
Epoch 403, cost = 1.636191, train_acc = 81.06% val_acc = 79.65%
Epoch 404, cost = 1.639516, train_acc = 81.12% val_acc = 80.18%
Epoch 405, cost = 1.639782, train_acc = 81.04% val_acc = 80.15%
Epoch 406, cost = 1.637965, train_acc = 80.99% val_acc = 80.15%
Epoch 407, cost = 1.642096, train_acc = 81.26% val_acc = 79.44%
Epoch 408, cost = 1.642172, train_acc = 81.24% val_acc = 79.85%
Epoch 409, cost = 1.639381, train_acc = 81.10% val_acc = 79.32%
Epoch 410, cost = 1.639030, train_acc = 81.09% val_acc = 80.04%
Epoch 411, cost = 1.643313, train_acc = 81.26% val_acc = 79.47%
Epoch 412, cost = 1.640509, train_acc = 81.10% val_acc = 79.34%
Epoch 413, cost = 1.636884, train_acc = 81.20% val_acc = 79.78%
Epoch 414, cost = 1.636002, train_acc = 81.26% val_acc = 79.26%
Epoch 415, cost = 1.634745, train_acc = 80.89% val_acc = 79.21%
Epoch 416, cost = 1.641581, train_acc = 80.79% val_acc = 79.47%
Epoch 417, cost = 1.640859, train_acc = 81.60% val_acc = 78.98%
Epoch 418, cost = 1.640261, train_acc = 81.00% val_acc = 79.16%
Epoch 419, cost = 1.638939, train_acc = 81.16% val_acc = 79.66%
Epoch 420, cost = 1.637837, train_acc = 81.29% val_acc = 79.14%
Epoch 421, cost = 1.639731, train_acc = 81.00% val_acc = 79.62%
Epoch 422, cost = 1.635934, train_acc = 81.26% val_acc = 80.28%
Epoch 423, cost = 1.641818, train_acc = 81.09% val_acc = 79.95%
Epoch 424, cost = 1.642831, train_acc = 81.06% val_acc = 78.99%
Epoch 425, cost = 1.640124, train_acc = 81.42% val_acc = 79.65%
Epoch 426, cost = 1.637721, train_acc = 81.12% val_acc = 79.51%
Epoch 427, cost = 1.640534, train_acc = 81.24% val_acc = 79.81%
Epoch 428, cost = 1.638376, train_acc = 81.24% val_acc = 79.41%
Epoch 429, cost = 1.638436, train_acc = 81.34% val_acc = 79.73%
Epoch 430, cost = 1.638742, train_acc = 81.13% val_acc = 80.20%
Epoch 431, cost = 1.638091, train_acc = 80.82% val_acc = 79.67%
Epoch 432, cost = 1.636629, train_acc = 81.24% val_acc = 79.04%
Epoch 433, cost = 1.637757, train_acc = 81.05% val_acc = 79.70%
Epoch 434, cost = 1.639781, train_acc = 81.00% val_acc = 79.40%
Epoch 435, cost = 1.637948, train_acc = 81.37% val_acc = 79.12%
Epoch 436, cost = 1.638620, train_acc = 80.79% val_acc = 79.08%
Epoch 437, cost = 1.635120, train_acc = 81.52% val_acc = 79.08%
Epoch 438, cost = 1.640201, train_acc = 81.47% val_acc = 80.20%
Epoch 439, cost = 1.640309, train_acc = 81.13% val_acc = 79.31%
Epoch 440, cost = 1.638420, train_acc = 81.56% val_acc = 79.85%
Epoch 441, cost = 1.638366, train_acc = 81.36% val_acc = 80.07%
Epoch 442, cost = 1.634901, train_acc = 81.42% val_acc = 79.32%
Epoch 443, cost = 1.637529, train_acc = 81.17% val_acc = 79.49%
Epoch 444, cost = 1.638222, train_acc = 81.49% val_acc = 79.08%
Epoch 445, cost = 1.637739, train_acc = 81.53% val_acc = 79.66%
Epoch 446, cost = 1.636846, train_acc = 81.46% val_acc = 79.61%
Epoch 447, cost = 1.636804, train_acc = 81.25% val_acc = 79.75%
Epoch 448, cost = 1.638353, train_acc = 81.02% val_acc = 79.79%
Epoch 449, cost = 1.643855, train_acc = 80.97% val_acc = 79.10%
Epoch 450, cost = 1.636049, train_acc = 81.41% val_acc = 79.63%
Epoch 451, cost = 1.635988, train_acc = 81.10% val_acc = 79.81%
Epoch 452, cost = 1.639876, train_acc = 81.58% val_acc = 79.56%
Epoch 453, cost = 1.636564, train_acc = 81.52% val_acc = 79.44%
Epoch 454, cost = 1.638474, train_acc = 81.20% val_acc = 79.69%
Epoch 455, cost = 1.637344, train_acc = 81.26% val_acc = 80.22%
Epoch 456, cost = 1.638879, train_acc = 81.17% val_acc = 79.60%
Epoch 457, cost = 1.639295, train_acc = 81.35% val_acc = 80.04%
Epoch 458, cost = 1.639495, train_acc = 81.31% val_acc = 79.47%
Epoch 459, cost = 1.637873, train_acc = 81.00% val_acc = 79.54%
Epoch 460, cost = 1.636100, train_acc = 81.63% val_acc = 79.44%
Epoch 461, cost = 1.636758, train_acc = 81.39% val_acc = 79.33%
Epoch 462, cost = 1.636912, train_acc = 81.49% val_acc = 80.24%
Epoch 463, cost = 1.633906, train_acc = 81.05% val_acc = 80.28%
Epoch 464, cost = 1.639830, train_acc = 81.31% val_acc = 79.75%
Epoch 465, cost = 1.638466, train_acc = 81.56% val_acc = 80.18%
Epoch 466, cost = 1.641026, train_acc = 81.29% val_acc = 79.91%
Epoch 467, cost = 1.639475, train_acc = 81.37% val_acc = 79.45%
Epoch 468, cost = 1.639380, train_acc = 81.16% val_acc = 79.89%
Epoch 469, cost = 1.641945, train_acc = 81.37% val_acc = 79.99%
Epoch 470, cost = 1.637799, train_acc = 81.17% val_acc = 80.17%
Epoch 471, cost = 1.638370, train_acc = 81.18% val_acc = 79.44%
Epoch 472, cost = 1.634272, train_acc = 81.11% val_acc = 79.43%
Epoch 473, cost = 1.641324, train_acc = 81.10% val_acc = 78.99%
Epoch 474, cost = 1.639140, train_acc = 81.59% val_acc = 79.31%
Epoch 475, cost = 1.641032, train_acc = 81.27% val_acc = 79.96%
Epoch 476, cost = 1.637786, train_acc = 81.65% val_acc = 79.25%
Epoch 477, cost = 1.637848, train_acc = 81.46% val_acc = 79.95%
Epoch 478, cost = 1.637528, train_acc = 81.99% val_acc = 79.51%
Epoch 479, cost = 1.636178, train_acc = 81.46% val_acc = 80.00%
Epoch 480, cost = 1.639653, train_acc = 80.97% val_acc = 79.93%
Epoch 481, cost = 1.636643, train_acc = 81.57% val_acc = 79.63%
Epoch 482, cost = 1.640927, train_acc = 81.29% val_acc = 79.83%
Epoch 483, cost = 1.640856, train_acc = 80.99% val_acc = 79.68%
Epoch 484, cost = 1.637947, train_acc = 81.54% val_acc = 79.20%
Epoch 485, cost = 1.636670, train_acc = 81.45% val_acc = 79.47%
Epoch 486, cost = 1.637298, train_acc = 81.46% val_acc = 79.16%
Epoch 487, cost = 1.639393, train_acc = 81.35% val_acc = 79.45%
Epoch 488, cost = 1.640056, train_acc = 81.47% val_acc = 78.95%
Epoch 489, cost = 1.638142, train_acc = 81.26% val_acc = 79.86%
Epoch 490, cost = 1.635393, train_acc = 81.33% val_acc = 79.13%
Epoch 491, cost = 1.640498, train_acc = 81.05% val_acc = 79.86%
Epoch 492, cost = 1.643023, train_acc = 81.49% val_acc = 79.65%
Epoch 493, cost = 1.641742, train_acc = 81.29% val_acc = 79.17%
Epoch 494, cost = 1.638680, train_acc = 81.43% val_acc = 79.46%
Epoch 495, cost = 1.637945, train_acc = 81.30% val_acc = 79.26%
Epoch 496, cost = 1.637814, train_acc = 81.67% val_acc = 79.78%
Epoch 497, cost = 1.642588, train_acc = 81.08% val_acc = 79.43%
Epoch 498, cost = 1.641447, train_acc = 81.41% val_acc = 79.47%
Epoch 499, cost = 1.631558, train_acc = 81.46% val_acc = 79.50%
Epoch 500, cost = 1.638040, train_acc = 81.67% val_acc = 80.25%
Epoch 501, cost = 1.637113, train_acc = 80.97% val_acc = 79.25%
Epoch 502, cost = 1.636961, train_acc = 81.50% val_acc = 79.71%
Epoch 503, cost = 1.634709, train_acc = 81.44% val_acc = 79.42%
Epoch 504, cost = 1.636121, train_acc = 81.40% val_acc = 79.14%
Epoch 505, cost = 1.635363, train_acc = 81.37% val_acc = 80.08%
Epoch 506, cost = 1.639897, train_acc = 81.41% val_acc = 80.08%
Epoch 507, cost = 1.635737, train_acc = 81.10% val_acc = 79.97%
Epoch 508, cost = 1.638758, train_acc = 81.01% val_acc = 79.79%
Epoch 509, cost = 1.634101, train_acc = 81.63% val_acc = 79.54%
Epoch 510, cost = 1.635191, train_acc = 81.47% val_acc = 79.80%
Epoch 511, cost = 1.639369, train_acc = 81.45% val_acc = 79.47%
Epoch 512, cost = 1.639880, train_acc = 81.48% val_acc = 80.11%
Epoch 513, cost = 1.637826, train_acc = 81.18% val_acc = 80.27%
Epoch 514, cost = 1.638205, train_acc = 81.21% val_acc = 79.38%
Epoch 515, cost = 1.637513, train_acc = 81.50% val_acc = 79.57%
Epoch 516, cost = 1.642612, train_acc = 80.93% val_acc = 78.84%
Epoch 517, cost = 1.638948, train_acc = 81.49% val_acc = 79.67%
Epoch 518, cost = 1.637341, train_acc = 81.17% val_acc = 79.16%
Epoch 519, cost = 1.632796, train_acc = 81.58% val_acc = 80.34%
Epoch 520, cost = 1.638792, train_acc = 81.39% val_acc = 79.66%
Epoch 521, cost = 1.639149, train_acc = 81.05% val_acc = 79.75%
Epoch 522, cost = 1.637832, train_acc = 81.64% val_acc = 80.22%
Epoch 523, cost = 1.636787, train_acc = 81.62% val_acc = 79.71%
Epoch 524, cost = 1.635470, train_acc = 81.18% val_acc = 79.24%
Epoch 525, cost = 1.641308, train_acc = 81.37% val_acc = 79.16%
Epoch 526, cost = 1.639795, train_acc = 81.30% val_acc = 80.03%
Epoch 527, cost = 1.636867, train_acc = 81.56% val_acc = 79.99%
Epoch 528, cost = 1.632538, train_acc = 81.75% val_acc = 80.24%
Epoch 529, cost = 1.638309, train_acc = 81.32% val_acc = 79.89%
Epoch 530, cost = 1.638112, train_acc = 81.26% val_acc = 79.98%
Epoch 531, cost = 1.638947, train_acc = 81.44% val_acc = 79.66%
Epoch 532, cost = 1.641075, train_acc = 81.19% val_acc = 79.56%
Epoch 533, cost = 1.639917, train_acc = 81.47% val_acc = 80.51%
Epoch 534, cost = 1.638689, train_acc = 81.15% val_acc = 80.23%
Epoch 535, cost = 1.633936, train_acc = 81.14% val_acc = 79.12%
Epoch 536, cost = 1.635726, train_acc = 81.44% val_acc = 80.25%
Epoch 537, cost = 1.636043, train_acc = 81.63% val_acc = 79.33%
Epoch 538, cost = 1.634852, train_acc = 81.70% val_acc = 79.73%
Epoch 539, cost = 1.639506, train_acc = 81.90% val_acc = 79.77%
Epoch 540, cost = 1.636945, train_acc = 81.44% val_acc = 79.31%
Epoch 541, cost = 1.638897, train_acc = 81.61% val_acc = 80.08%
Epoch 542, cost = 1.639525, train_acc = 81.68% val_acc = 79.82%
Epoch 543, cost = 1.637820, train_acc = 82.02% val_acc = 79.34%
Epoch 544, cost = 1.643221, train_acc = 81.22% val_acc = 79.65%
Epoch 545, cost = 1.641659, train_acc = 80.89% val_acc = 78.70%
Epoch 546, cost = 1.639693, train_acc = 81.44% val_acc = 80.15%
Epoch 547, cost = 1.637832, train_acc = 81.29% val_acc = 79.19%
Epoch 548, cost = 1.633089, train_acc = 81.50% val_acc = 79.40%
Epoch 549, cost = 1.638926, train_acc = 81.32% val_acc = 79.77%
Epoch 550, cost = 1.639176, train_acc = 81.66% val_acc = 79.43%
Epoch 551, cost = 1.635386, train_acc = 81.46% val_acc = 79.37%
Epoch 552, cost = 1.636218, train_acc = 81.23% val_acc = 79.77%
Epoch 553, cost = 1.636719, train_acc = 81.53% val_acc = 79.03%
Epoch 554, cost = 1.635268, train_acc = 81.84% val_acc = 79.97%
Epoch 555, cost = 1.638445, train_acc = 81.27% val_acc = 79.59%
Epoch 556, cost = 1.639383, train_acc = 81.14% val_acc = 79.62%
Epoch 557, cost = 1.635492, train_acc = 81.53% val_acc = 79.13%
Epoch 558, cost = 1.638847, train_acc = 81.57% val_acc = 79.54%
Epoch 559, cost = 1.638376, train_acc = 81.21% val_acc = 80.06%
Epoch 560, cost = 1.639821, train_acc = 81.08% val_acc = 79.98%
Epoch 561, cost = 1.635017, train_acc = 81.11% val_acc = 80.15%
Epoch 562, cost = 1.635386, train_acc = 80.80% val_acc = 79.24%
Epoch 563, cost = 1.637145, train_acc = 81.76% val_acc = 79.64%
Epoch 564, cost = 1.635647, train_acc = 81.46% val_acc = 79.65%
Epoch 565, cost = 1.638543, train_acc = 80.95% val_acc = 80.19%
Epoch 566, cost = 1.639027, train_acc = 81.01% val_acc = 79.60%
Epoch 567, cost = 1.634375, train_acc = 81.44% val_acc = 79.57%
Epoch 568, cost = 1.639928, train_acc = 81.61% val_acc = 79.63%
Epoch 569, cost = 1.638382, train_acc = 81.08% val_acc = 79.82%
Epoch 570, cost = 1.636034, train_acc = 81.63% val_acc = 79.83%
Epoch 571, cost = 1.638012, train_acc = 81.27% val_acc = 79.85%
Epoch 572, cost = 1.633901, train_acc = 81.46% val_acc = 79.35%
Epoch 573, cost = 1.636175, train_acc = 81.68% val_acc = 78.96%
Epoch 574, cost = 1.639420, train_acc = 81.04% val_acc = 79.68%
Epoch 575, cost = 1.638128, train_acc = 81.13% val_acc = 80.16%
Epoch 576, cost = 1.637255, train_acc = 81.10% val_acc = 79.66%
Epoch 577, cost = 1.638510, train_acc = 81.33% val_acc = 79.89%
Epoch 578, cost = 1.635625, train_acc = 81.63% val_acc = 79.68%
Epoch 579, cost = 1.635361, train_acc = 81.29% val_acc = 79.39%
Epoch 580, cost = 1.634338, train_acc = 81.51% val_acc = 79.34%
Epoch 581, cost = 1.638411, train_acc = 81.00% val_acc = 79.44%
Epoch 582, cost = 1.637742, train_acc = 81.40% val_acc = 79.49%
Epoch 583, cost = 1.639225, train_acc = 81.40% val_acc = 80.01%
Epoch 584, cost = 1.638378, train_acc = 81.27% val_acc = 80.07%
Epoch 585, cost = 1.639254, train_acc = 81.90% val_acc = 79.48%
Epoch 586, cost = 1.637967, train_acc = 81.54% val_acc = 80.31%
Epoch 587, cost = 1.640448, train_acc = 81.29% val_acc = 79.54%
Epoch 588, cost = 1.635847, train_acc = 81.07% val_acc = 79.83%
Epoch 589, cost = 1.632697, train_acc = 81.19% val_acc = 79.85%
Epoch 590, cost = 1.640576, train_acc = 81.17% val_acc = 80.28%
Epoch 591, cost = 1.636327, train_acc = 81.30% val_acc = 78.96%
Epoch 592, cost = 1.635084, train_acc = 81.45% val_acc = 79.83%
Epoch 593, cost = 1.632725, train_acc = 81.60% val_acc = 79.68%
Epoch 594, cost = 1.634578, train_acc = 81.44% val_acc = 79.79%
Epoch 595, cost = 1.635025, train_acc = 81.11% val_acc = 80.21%
Epoch 596, cost = 1.635875, train_acc = 80.97% val_acc = 79.53%
Epoch 597, cost = 1.637838, train_acc = 81.18% val_acc = 80.38%
Epoch 598, cost = 1.638443, train_acc = 81.89% val_acc = 80.04%
Epoch 599, cost = 1.638739, train_acc = 81.28% val_acc = 79.60%
Epoch 600, cost = 1.635697, train_acc = 81.25% val_acc = 78.85%
Epoch 601, cost = 1.637981, train_acc = 80.96% val_acc = 79.21%
Epoch 602, cost = 1.637360, train_acc = 81.42% val_acc = 79.66%
Epoch 603, cost = 1.636746, train_acc = 81.37% val_acc = 79.71%
Epoch 604, cost = 1.636321, train_acc = 81.53% val_acc = 79.72%
Epoch 605, cost = 1.635760, train_acc = 81.08% val_acc = 79.31%
Epoch 606, cost = 1.637502, train_acc = 81.44% val_acc = 78.60%
Epoch 607, cost = 1.633920, train_acc = 81.50% val_acc = 79.04%
Epoch 608, cost = 1.639880, train_acc = 81.58% val_acc = 79.02%
Epoch 609, cost = 1.634453, train_acc = 81.52% val_acc = 79.40%
Epoch 610, cost = 1.637364, train_acc = 81.10% val_acc = 79.14%
Epoch 611, cost = 1.635446, train_acc = 81.42% val_acc = 79.77%
Epoch 612, cost = 1.637653, train_acc = 81.20% val_acc = 79.83%
Epoch 613, cost = 1.638085, train_acc = 81.58% val_acc = 79.28%
Epoch 614, cost = 1.636618, train_acc = 81.41% val_acc = 80.08%
Epoch 615, cost = 1.639940, train_acc = 81.77% val_acc = 79.55%
Epoch 616, cost = 1.636121, train_acc = 81.65% val_acc = 79.36%
Epoch 617, cost = 1.634580, train_acc = 81.31% val_acc = 79.55%
Epoch 618, cost = 1.637820, train_acc = 81.80% val_acc = 79.53%
Epoch 619, cost = 1.635164, train_acc = 81.28% val_acc = 79.99%
Epoch 620, cost = 1.637351, train_acc = 81.42% val_acc = 80.18%
Epoch 621, cost = 1.633002, train_acc = 81.25% val_acc = 79.10%
Epoch 622, cost = 1.633574, train_acc = 81.59% val_acc = 79.20%
Epoch 623, cost = 1.634113, train_acc = 81.63% val_acc = 80.02%
Epoch 624, cost = 1.639215, train_acc = 81.40% val_acc = 79.85%
Epoch 625, cost = 1.636528, train_acc = 81.79% val_acc = 79.95%
Epoch 626, cost = 1.634211, train_acc = 81.34% val_acc = 80.43%
Epoch 627, cost = 1.637258, train_acc = 81.03% val_acc = 79.80%
Epoch 628, cost = 1.640615, train_acc = 81.26% val_acc = 79.28%
Epoch 629, cost = 1.640755, train_acc = 81.47% val_acc = 79.24%
Epoch 630, cost = 1.639528, train_acc = 81.28% val_acc = 79.33%
Epoch 631, cost = 1.633945, train_acc = 81.50% val_acc = 79.42%
Epoch 632, cost = 1.639595, train_acc = 82.06% val_acc = 79.47%
Epoch 633, cost = 1.633487, train_acc = 81.39% val_acc = 80.34%
Epoch 634, cost = 1.637806, train_acc = 81.53% val_acc = 79.82%
Epoch 635, cost = 1.635118, train_acc = 81.41% val_acc = 80.19%
Epoch 636, cost = 1.636988, train_acc = 81.50% val_acc = 79.49%
Epoch 637, cost = 1.635400, train_acc = 81.36% val_acc = 79.34%
Epoch 638, cost = 1.638990, train_acc = 81.49% val_acc = 80.00%
Epoch 639, cost = 1.639720, train_acc = 81.84% val_acc = 80.16%
Epoch 640, cost = 1.635647, train_acc = 81.08% val_acc = 79.74%
Epoch 641, cost = 1.635560, train_acc = 81.17% val_acc = 79.61%
Epoch 642, cost = 1.637973, train_acc = 81.23% val_acc = 79.21%
Epoch 643, cost = 1.632083, train_acc = 81.49% val_acc = 79.24%
Epoch 644, cost = 1.634838, train_acc = 81.34% val_acc = 79.74%
Epoch 645, cost = 1.636617, train_acc = 81.42% val_acc = 80.09%
Epoch 646, cost = 1.634466, train_acc = 81.41% val_acc = 79.94%
Epoch 647, cost = 1.636200, train_acc = 81.38% val_acc = 80.17%
Epoch 648, cost = 1.636012, train_acc = 81.58% val_acc = 79.62%
Epoch 649, cost = 1.636217, train_acc = 81.45% val_acc = 79.38%
Epoch 650, cost = 1.636599, train_acc = 81.24% val_acc = 79.65%
Epoch 651, cost = 1.639267, train_acc = 81.31% val_acc = 79.83%
Epoch 652, cost = 1.635787, train_acc = 81.17% val_acc = 79.60%
Epoch 653, cost = 1.637627, train_acc = 81.39% val_acc = 80.19%
Epoch 654, cost = 1.638053, train_acc = 81.38% val_acc = 80.65%
Epoch 655, cost = 1.638317, train_acc = 81.47% val_acc = 80.02%
Epoch 656, cost = 1.638800, train_acc = 80.88% val_acc = 79.99%
Epoch 657, cost = 1.635926, train_acc = 81.11% val_acc = 79.82%
Epoch 658, cost = 1.636524, train_acc = 81.66% val_acc = 79.62%
Epoch 659, cost = 1.636705, train_acc = 81.48% val_acc = 80.01%
Epoch 660, cost = 1.637162, train_acc = 81.37% val_acc = 79.46%
Epoch 661, cost = 1.636688, train_acc = 81.46% val_acc = 79.22%
Epoch 662, cost = 1.638007, train_acc = 81.09% val_acc = 79.51%
Epoch 663, cost = 1.638532, train_acc = 81.54% val_acc = 79.98%
Epoch 664, cost = 1.635170, train_acc = 81.32% val_acc = 80.22%
Epoch 665, cost = 1.637780, train_acc = 81.17% val_acc = 79.31%
Epoch 666, cost = 1.641344, train_acc = 81.50% val_acc = 79.38%
Epoch 667, cost = 1.633244, train_acc = 81.65% val_acc = 79.29%
Epoch 668, cost = 1.639381, train_acc = 81.90% val_acc = 79.79%
Epoch 669, cost = 1.636033, train_acc = 81.20% val_acc = 79.99%
Epoch 670, cost = 1.636894, train_acc = 81.69% val_acc = 79.95%
Epoch 671, cost = 1.634678, train_acc = 81.52% val_acc = 79.66%
Epoch 672, cost = 1.638655, train_acc = 81.16% val_acc = 79.92%
Epoch 673, cost = 1.637404, train_acc = 81.50% val_acc = 80.07%
Epoch 674, cost = 1.637212, train_acc = 81.42% val_acc = 79.30%
Epoch 675, cost = 1.637449, train_acc = 81.31% val_acc = 79.56%
Epoch 676, cost = 1.641240, train_acc = 81.68% val_acc = 80.23%
Epoch 677, cost = 1.636817, train_acc = 81.77% val_acc = 79.41%
Epoch 678, cost = 1.634614, train_acc = 81.61% val_acc = 79.75%
Epoch 679, cost = 1.637109, train_acc = 81.57% val_acc = 79.43%
Epoch 680, cost = 1.636212, train_acc = 81.61% val_acc = 80.12%
Epoch 681, cost = 1.637241, train_acc = 81.57% val_acc = 79.96%
Epoch 682, cost = 1.636676, train_acc = 81.48% val_acc = 79.66%
Epoch 683, cost = 1.636136, train_acc = 81.24% val_acc = 79.11%
Epoch 684, cost = 1.635284, train_acc = 81.56% val_acc = 80.02%
Epoch 685, cost = 1.640894, train_acc = 81.01% val_acc = 79.05%
Epoch 686, cost = 1.637258, train_acc = 81.21% val_acc = 79.37%
Epoch 687, cost = 1.638842, train_acc = 81.33% val_acc = 80.36%
Epoch 688, cost = 1.633245, train_acc = 81.42% val_acc = 79.51%
Epoch 689, cost = 1.639905, train_acc = 81.45% val_acc = 80.54%
Epoch 690, cost = 1.635393, train_acc = 81.21% val_acc = 79.66%
Epoch 691, cost = 1.637959, train_acc = 81.71% val_acc = 79.55%
Epoch 692, cost = 1.638955, train_acc = 81.83% val_acc = 79.12%
Epoch 693, cost = 1.635665, train_acc = 81.60% val_acc = 80.12%
Epoch 694, cost = 1.635481, train_acc = 81.49% val_acc = 79.45%
Epoch 695, cost = 1.637661, train_acc = 81.80% val_acc = 79.26%
Epoch 696, cost = 1.639507, train_acc = 81.46% val_acc = 80.21%
Epoch 697, cost = 1.638141, train_acc = 81.59% val_acc = 79.75%
Epoch 698, cost = 1.637490, train_acc = 81.33% val_acc = 79.89%
Epoch 699, cost = 1.635581, train_acc = 81.37% val_acc = 79.14%
Epoch 700, cost = 1.636614, train_acc = 81.43% val_acc = 80.24%
Epoch 701, cost = 1.636432, train_acc = 81.99% val_acc = 79.68%
Epoch 702, cost = 1.637166, train_acc = 81.36% val_acc = 80.02%
Epoch 703, cost = 1.632261, train_acc = 81.38% val_acc = 79.39%
Epoch 704, cost = 1.634953, train_acc = 81.59% val_acc = 80.53%
Epoch 705, cost = 1.637079, train_acc = 81.21% val_acc = 79.36%
Epoch 706, cost = 1.635870, train_acc = 81.45% val_acc = 79.81%
Epoch 707, cost = 1.635309, train_acc = 81.44% val_acc = 79.99%
Epoch 708, cost = 1.635415, train_acc = 81.67% val_acc = 80.08%
Epoch 709, cost = 1.634988, train_acc = 81.60% val_acc = 79.40%
Epoch 710, cost = 1.635510, train_acc = 81.19% val_acc = 79.64%
Epoch 711, cost = 1.636879, train_acc = 81.80% val_acc = 79.93%
Epoch 712, cost = 1.634513, train_acc = 81.23% val_acc = 79.23%
Epoch 713, cost = 1.634576, train_acc = 81.30% val_acc = 79.56%
Epoch 714, cost = 1.639160, train_acc = 81.52% val_acc = 80.25%
Epoch 715, cost = 1.639424, train_acc = 81.63% val_acc = 79.59%
Epoch 716, cost = 1.638970, train_acc = 81.22% val_acc = 79.54%
Epoch 717, cost = 1.634547, train_acc = 81.39% val_acc = 79.91%
Epoch 718, cost = 1.637607, train_acc = 81.05% val_acc = 80.13%
Epoch 719, cost = 1.640725, train_acc = 81.39% val_acc = 79.91%
Epoch 720, cost = 1.636334, train_acc = 81.38% val_acc = 79.66%
Epoch 721, cost = 1.634166, train_acc = 81.55% val_acc = 79.84%
Epoch 722, cost = 1.635687, train_acc = 81.47% val_acc = 79.98%
Epoch 723, cost = 1.634376, train_acc = 81.44% val_acc = 79.19%
Epoch 724, cost = 1.632204, train_acc = 81.09% val_acc = 80.12%
Epoch 725, cost = 1.639267, train_acc = 81.19% val_acc = 79.68%
Epoch 726, cost = 1.634801, train_acc = 81.45% val_acc = 79.67%
Epoch 727, cost = 1.638727, train_acc = 81.52% val_acc = 80.08%
Epoch 728, cost = 1.639867, train_acc = 81.69% val_acc = 79.83%
Epoch 729, cost = 1.636087, train_acc = 81.55% val_acc = 80.04%
Epoch 730, cost = 1.634668, train_acc = 81.41% val_acc = 80.03%
Epoch 731, cost = 1.635342, train_acc = 81.45% val_acc = 79.20%
Epoch 732, cost = 1.638292, train_acc = 81.59% val_acc = 79.01%
Epoch 733, cost = 1.634422, train_acc = 81.73% val_acc = 79.38%
Epoch 734, cost = 1.637239, train_acc = 81.65% val_acc = 79.20%
Epoch 735, cost = 1.636764, train_acc = 81.44% val_acc = 79.73%
Epoch 736, cost = 1.635869, train_acc = 81.59% val_acc = 80.17%
Epoch 737, cost = 1.635678, train_acc = 81.46% val_acc = 80.16%
Epoch 738, cost = 1.637481, train_acc = 81.66% val_acc = 78.86%
Epoch 739, cost = 1.640051, train_acc = 81.21% val_acc = 78.97%
Epoch 740, cost = 1.637336, train_acc = 81.34% val_acc = 79.64%
Epoch 741, cost = 1.636533, train_acc = 81.80% val_acc = 79.51%
Epoch 742, cost = 1.632653, train_acc = 81.51% val_acc = 79.79%
Epoch 743, cost = 1.637090, train_acc = 81.52% val_acc = 79.96%
Epoch 744, cost = 1.634792, train_acc = 81.35% val_acc = 78.74%
Epoch 745, cost = 1.639140, train_acc = 81.46% val_acc = 79.33%
Epoch 746, cost = 1.638069, train_acc = 81.48% val_acc = 79.66%
Epoch 747, cost = 1.640096, train_acc = 81.74% val_acc = 79.19%
Epoch 748, cost = 1.634657, train_acc = 81.59% val_acc = 79.41%
Epoch 749, cost = 1.635439, train_acc = 81.54% val_acc = 80.20%
Epoch 750, cost = 1.638689, train_acc = 81.33% val_acc = 79.90%
Epoch 751, cost = 1.637332, train_acc = 81.60% val_acc = 79.62%
Epoch 752, cost = 1.632314, train_acc = 81.72% val_acc = 79.00%
Epoch 753, cost = 1.635950, train_acc = 80.79% val_acc = 79.54%
Epoch 754, cost = 1.634863, train_acc = 81.03% val_acc = 80.07%
Epoch 755, cost = 1.633363, train_acc = 81.68% val_acc = 79.61%
Epoch 756, cost = 1.639335, train_acc = 81.40% val_acc = 79.97%
Epoch 757, cost = 1.634562, train_acc = 81.61% val_acc = 79.37%
Epoch 758, cost = 1.636494, train_acc = 81.38% val_acc = 79.04%
Epoch 759, cost = 1.634549, train_acc = 81.69% val_acc = 79.87%
Epoch 760, cost = 1.635799, train_acc = 81.29% val_acc = 79.51%
Epoch 761, cost = 1.634117, train_acc = 81.54% val_acc = 78.63%
Epoch 762, cost = 1.635158, train_acc = 81.23% val_acc = 80.04%
Epoch 763, cost = 1.635932, train_acc = 81.52% val_acc = 79.71%
Epoch 764, cost = 1.636060, train_acc = 81.47% val_acc = 79.09%
Epoch 765, cost = 1.632091, train_acc = 81.59% val_acc = 80.47%
Epoch 766, cost = 1.636761, train_acc = 81.90% val_acc = 79.84%
Epoch 767, cost = 1.636169, train_acc = 82.06% val_acc = 79.60%
Epoch 768, cost = 1.634646, train_acc = 81.26% val_acc = 79.30%
Epoch 769, cost = 1.632572, train_acc = 81.56% val_acc = 79.69%
Epoch 770, cost = 1.637115, train_acc = 81.89% val_acc = 79.49%
Epoch 771, cost = 1.637777, train_acc = 81.51% val_acc = 78.82%
Epoch 772, cost = 1.631798, train_acc = 81.76% val_acc = 79.70%
Epoch 773, cost = 1.637703, train_acc = 81.70% val_acc = 79.20%
Epoch 774, cost = 1.636056, train_acc = 81.37% val_acc = 80.21%
Epoch 775, cost = 1.637009, train_acc = 81.59% val_acc = 79.28%
Epoch 776, cost = 1.635608, train_acc = 81.55% val_acc = 79.60%
Epoch 777, cost = 1.637209, train_acc = 81.80% val_acc = 79.84%
Epoch 778, cost = 1.639033, train_acc = 81.31% val_acc = 79.26%
Epoch 779, cost = 1.637089, train_acc = 81.39% val_acc = 79.58%
Epoch 780, cost = 1.637804, train_acc = 81.63% val_acc = 80.17%
Epoch 781, cost = 1.633906, train_acc = 81.49% val_acc = 79.97%
Epoch 782, cost = 1.634492, train_acc = 81.69% val_acc = 79.92%
Epoch 783, cost = 1.636086, train_acc = 81.53% val_acc = 79.68%
Epoch 784, cost = 1.636993, train_acc = 81.73% val_acc = 79.38%
Epoch 785, cost = 1.636173, train_acc = 81.26% val_acc = 79.37%
Epoch 786, cost = 1.636032, train_acc = 81.24% val_acc = 79.55%
Epoch 787, cost = 1.638605, train_acc = 81.26% val_acc = 79.60%
Epoch 788, cost = 1.636608, train_acc = 81.21% val_acc = 79.68%
Epoch 789, cost = 1.633026, train_acc = 81.32% val_acc = 79.44%
Epoch 790, cost = 1.633611, train_acc = 81.75% val_acc = 79.54%
Epoch 791, cost = 1.632430, train_acc = 81.28% val_acc = 79.60%
Epoch 792, cost = 1.636791, train_acc = 81.37% val_acc = 80.24%
Epoch 793, cost = 1.637536, train_acc = 80.73% val_acc = 80.06%
Epoch 794, cost = 1.633279, train_acc = 81.27% val_acc = 79.14%
Epoch 795, cost = 1.635167, train_acc = 81.40% val_acc = 79.71%
Epoch 796, cost = 1.635880, train_acc = 81.86% val_acc = 78.97%
Epoch 797, cost = 1.635108, train_acc = 81.76% val_acc = 79.43%
Epoch 798, cost = 1.632934, train_acc = 81.63% val_acc = 80.29%
Epoch 799, cost = 1.636198, train_acc = 81.71% val_acc = 80.05%
Epoch 800, cost = 1.635573, train_acc = 81.57% val_acc = 80.49%
Epoch 801, cost = 1.635941, train_acc = 81.45% val_acc = 80.05%
Epoch 802, cost = 1.640194, train_acc = 81.50% val_acc = 79.30%
Epoch 803, cost = 1.634599, train_acc = 81.70% val_acc = 80.01%
Epoch 804, cost = 1.633096, train_acc = 81.67% val_acc = 79.54%
Epoch 805, cost = 1.633865, train_acc = 81.05% val_acc = 80.46%
Epoch 806, cost = 1.636489, train_acc = 81.27% val_acc = 79.87%
Epoch 807, cost = 1.637173, train_acc = 81.07% val_acc = 79.57%
Epoch 808, cost = 1.633078, train_acc = 81.28% val_acc = 79.23%
Epoch 809, cost = 1.637297, train_acc = 81.59% val_acc = 80.01%
Epoch 810, cost = 1.636869, train_acc = 81.67% val_acc = 78.40%
Epoch 811, cost = 1.634845, train_acc = 81.30% val_acc = 79.58%
Epoch 812, cost = 1.634673, train_acc = 81.61% val_acc = 79.09%
Epoch 813, cost = 1.637827, train_acc = 81.28% val_acc = 79.55%
Epoch 814, cost = 1.636829, train_acc = 81.43% val_acc = 80.11%
Epoch 815, cost = 1.637479, train_acc = 81.62% val_acc = 79.69%
Epoch 816, cost = 1.634101, train_acc = 81.57% val_acc = 79.77%
Epoch 817, cost = 1.636503, train_acc = 81.85% val_acc = 79.76%
Epoch 818, cost = 1.636024, train_acc = 81.55% val_acc = 79.09%
Epoch 819, cost = 1.640570, train_acc = 81.87% val_acc = 80.14%
Epoch 820, cost = 1.636285, train_acc = 81.91% val_acc = 79.78%
Epoch 821, cost = 1.636124, train_acc = 81.51% val_acc = 79.88%
Epoch 822, cost = 1.637845, train_acc = 81.75% val_acc = 79.77%
Epoch 823, cost = 1.636461, train_acc = 81.14% val_acc = 79.68%
Epoch 824, cost = 1.633323, train_acc = 81.61% val_acc = 79.57%
Epoch 825, cost = 1.634407, train_acc = 81.62% val_acc = 80.51%
Epoch 826, cost = 1.637632, train_acc = 81.40% val_acc = 79.94%
Epoch 827, cost = 1.636914, train_acc = 81.46% val_acc = 79.74%
Epoch 828, cost = 1.632584, train_acc = 81.30% val_acc = 79.91%
Epoch 829, cost = 1.638010, train_acc = 81.24% val_acc = 79.95%
Epoch 830, cost = 1.637167, train_acc = 80.97% val_acc = 79.92%
Epoch 831, cost = 1.638820, train_acc = 81.64% val_acc = 79.66%
Epoch 832, cost = 1.635889, train_acc = 81.69% val_acc = 80.33%
Epoch 833, cost = 1.638086, train_acc = 81.43% val_acc = 79.98%
Epoch 834, cost = 1.632547, train_acc = 81.63% val_acc = 79.92%
Epoch 835, cost = 1.635154, train_acc = 81.39% val_acc = 79.55%
Epoch 836, cost = 1.635008, train_acc = 81.18% val_acc = 79.95%
Epoch 837, cost = 1.636952, train_acc = 81.49% val_acc = 80.45%
Epoch 838, cost = 1.630323, train_acc = 81.35% val_acc = 79.41%
Epoch 839, cost = 1.635088, train_acc = 81.17% val_acc = 79.82%
Epoch 840, cost = 1.635547, train_acc = 81.48% val_acc = 80.18%
Epoch 841, cost = 1.636586, train_acc = 81.47% val_acc = 79.92%
Epoch 842, cost = 1.636008, train_acc = 81.55% val_acc = 80.06%
Epoch 843, cost = 1.636184, train_acc = 81.83% val_acc = 79.27%
Epoch 844, cost = 1.639106, train_acc = 81.57% val_acc = 79.59%
Epoch 845, cost = 1.634463, train_acc = 81.64% val_acc = 79.45%
Epoch 846, cost = 1.632699, train_acc = 81.60% val_acc = 79.79%
Epoch 847, cost = 1.636620, train_acc = 81.28% val_acc = 79.88%
Epoch 848, cost = 1.633172, train_acc = 81.23% val_acc = 79.06%
Epoch 849, cost = 1.637551, train_acc = 81.46% val_acc = 79.71%
Epoch 850, cost = 1.633593, train_acc = 81.83% val_acc = 80.09%
Epoch 851, cost = 1.635227, train_acc = 81.36% val_acc = 79.70%
Epoch 852, cost = 1.633213, train_acc = 81.54% val_acc = 80.09%
Epoch 853, cost = 1.634986, train_acc = 81.47% val_acc = 79.67%
Epoch 854, cost = 1.635298, train_acc = 81.81% val_acc = 80.21%
Epoch 855, cost = 1.636854, train_acc = 81.63% val_acc = 80.08%
Epoch 856, cost = 1.633491, train_acc = 81.35% val_acc = 79.72%
Epoch 857, cost = 1.632979, train_acc = 81.60% val_acc = 79.69%
Epoch 858, cost = 1.636888, train_acc = 81.30% val_acc = 79.45%
Epoch 859, cost = 1.634263, train_acc = 81.50% val_acc = 79.74%
Epoch 860, cost = 1.637945, train_acc = 81.37% val_acc = 80.23%
Epoch 861, cost = 1.635111, train_acc = 81.38% val_acc = 79.12%
Epoch 862, cost = 1.635412, train_acc = 81.41% val_acc = 79.47%
Epoch 863, cost = 1.634839, train_acc = 81.53% val_acc = 80.30%
Epoch 864, cost = 1.638026, train_acc = 81.49% val_acc = 78.96%
Epoch 865, cost = 1.637426, train_acc = 81.50% val_acc = 80.44%
Epoch 866, cost = 1.633159, train_acc = 81.36% val_acc = 79.17%
Epoch 867, cost = 1.634676, train_acc = 81.83% val_acc = 79.51%
Epoch 868, cost = 1.635158, train_acc = 81.46% val_acc = 79.36%
Epoch 869, cost = 1.639763, train_acc = 81.56% val_acc = 79.41%
Epoch 870, cost = 1.635802, train_acc = 81.71% val_acc = 79.62%
Epoch 871, cost = 1.636371, train_acc = 81.53% val_acc = 79.66%
Epoch 872, cost = 1.635093, train_acc = 80.84% val_acc = 79.67%
Epoch 873, cost = 1.637491, train_acc = 81.23% val_acc = 78.43%
Epoch 874, cost = 1.633330, train_acc = 81.72% val_acc = 79.69%
Epoch 875, cost = 1.635825, train_acc = 81.22% val_acc = 78.66%
Epoch 876, cost = 1.639652, train_acc = 81.19% val_acc = 79.67%
Epoch 877, cost = 1.638034, train_acc = 81.82% val_acc = 79.66%
Epoch 878, cost = 1.638553, train_acc = 81.34% val_acc = 80.10%
Epoch 879, cost = 1.637976, train_acc = 81.74% val_acc = 80.14%
Epoch 880, cost = 1.632248, train_acc = 81.52% val_acc = 79.57%
Epoch 881, cost = 1.637348, train_acc = 81.23% val_acc = 79.80%
Epoch 882, cost = 1.631704, train_acc = 81.40% val_acc = 79.73%
Epoch 883, cost = 1.635605, train_acc = 81.71% val_acc = 80.27%
Epoch 884, cost = 1.634533, train_acc = 81.81% val_acc = 79.87%
Epoch 885, cost = 1.637087, train_acc = 81.54% val_acc = 79.47%
Epoch 886, cost = 1.641192, train_acc = 81.58% val_acc = 79.58%
Epoch 887, cost = 1.635851, train_acc = 81.34% val_acc = 79.88%
Epoch 888, cost = 1.636860, train_acc = 81.50% val_acc = 78.54%
Epoch 889, cost = 1.638069, train_acc = 81.58% val_acc = 79.32%
Epoch 890, cost = 1.635213, train_acc = 81.75% val_acc = 80.08%
Epoch 891, cost = 1.638653, train_acc = 81.30% val_acc = 80.13%
Epoch 892, cost = 1.635246, train_acc = 82.03% val_acc = 79.45%
Epoch 893, cost = 1.636338, train_acc = 81.69% val_acc = 79.91%
Epoch 894, cost = 1.635618, train_acc = 81.28% val_acc = 79.71%
Epoch 895, cost = 1.632506, train_acc = 81.65% val_acc = 79.66%
Epoch 896, cost = 1.635795, train_acc = 81.43% val_acc = 79.75%
Epoch 897, cost = 1.638139, train_acc = 81.49% val_acc = 79.82%
Epoch 898, cost = 1.636597, train_acc = 81.53% val_acc = 79.80%
Epoch 899, cost = 1.632049, train_acc = 81.40% val_acc = 79.52%
Epoch 900, cost = 1.638503, train_acc = 81.45% val_acc = 79.31%
Epoch 901, cost = 1.638164, train_acc = 81.51% val_acc = 79.70%
Epoch 902, cost = 1.635583, train_acc = 81.36% val_acc = 80.00%
Epoch 903, cost = 1.631323, train_acc = 81.67% val_acc = 79.07%
Epoch 904, cost = 1.634778, train_acc = 81.62% val_acc = 79.68%
Epoch 905, cost = 1.635618, train_acc = 81.59% val_acc = 79.20%
Epoch 906, cost = 1.636822, train_acc = 81.46% val_acc = 79.41%
Epoch 907, cost = 1.635545, train_acc = 81.51% val_acc = 80.02%
Epoch 908, cost = 1.638360, train_acc = 81.06% val_acc = 79.60%
Epoch 909, cost = 1.633017, train_acc = 81.81% val_acc = 79.14%
Epoch 910, cost = 1.639526, train_acc = 82.13% val_acc = 79.33%
Epoch 911, cost = 1.638538, train_acc = 81.44% val_acc = 79.82%
Epoch 912, cost = 1.637719, train_acc = 81.80% val_acc = 80.34%
Epoch 913, cost = 1.636142, train_acc = 81.66% val_acc = 78.81%
Epoch 914, cost = 1.636972, train_acc = 81.37% val_acc = 79.60%
Epoch 915, cost = 1.632960, train_acc = 81.64% val_acc = 79.86%
Epoch 916, cost = 1.637141, train_acc = 81.50% val_acc = 79.39%
Epoch 917, cost = 1.636835, train_acc = 81.58% val_acc = 79.60%
Epoch 918, cost = 1.634233, train_acc = 81.56% val_acc = 79.73%
Epoch 919, cost = 1.636241, train_acc = 81.50% val_acc = 79.92%
Epoch 920, cost = 1.633654, train_acc = 81.93% val_acc = 79.09%
Epoch 921, cost = 1.635280, train_acc = 81.78% val_acc = 79.57%
Epoch 922, cost = 1.635723, train_acc = 81.71% val_acc = 80.24%
Epoch 923, cost = 1.632360, train_acc = 81.32% val_acc = 79.74%
Epoch 924, cost = 1.635921, train_acc = 81.51% val_acc = 79.34%
Epoch 925, cost = 1.635996, train_acc = 81.44% val_acc = 79.35%
Epoch 926, cost = 1.634870, train_acc = 81.57% val_acc = 79.64%
Epoch 927, cost = 1.635039, train_acc = 81.81% val_acc = 79.13%
Epoch 928, cost = 1.633700, train_acc = 81.62% val_acc = 79.02%
Epoch 929, cost = 1.640040, train_acc = 81.43% val_acc = 79.97%
Epoch 930, cost = 1.635776, train_acc = 81.94% val_acc = 79.54%
Epoch 931, cost = 1.633337, train_acc = 81.25% val_acc = 79.19%
Epoch 932, cost = 1.638046, train_acc = 81.27% val_acc = 79.70%
Epoch 933, cost = 1.632943, train_acc = 81.59% val_acc = 79.64%
Epoch 934, cost = 1.638233, train_acc = 81.57% val_acc = 79.50%
Epoch 935, cost = 1.638971, train_acc = 81.51% val_acc = 79.88%
Epoch 936, cost = 1.634243, train_acc = 81.60% val_acc = 79.85%
Epoch 937, cost = 1.633145, train_acc = 81.74% val_acc = 79.67%
Epoch 938, cost = 1.637255, train_acc = 81.47% val_acc = 80.48%
Epoch 939, cost = 1.633719, train_acc = 81.64% val_acc = 79.90%
Epoch 940, cost = 1.636787, train_acc = 81.60% val_acc = 80.20%
Epoch 941, cost = 1.633970, train_acc = 81.39% val_acc = 79.78%
Epoch 942, cost = 1.635835, train_acc = 81.54% val_acc = 79.71%
Epoch 943, cost = 1.636658, train_acc = 81.77% val_acc = 79.55%
Epoch 944, cost = 1.636176, train_acc = 81.96% val_acc = 78.89%
Epoch 945, cost = 1.634081, train_acc = 81.84% val_acc = 79.55%
Epoch 946, cost = 1.636158, train_acc = 81.81% val_acc = 80.02%
Epoch 947, cost = 1.633806, train_acc = 81.58% val_acc = 79.42%
Epoch 948, cost = 1.636174, train_acc = 81.52% val_acc = 79.66%
Epoch 949, cost = 1.634576, train_acc = 81.40% val_acc = 79.84%
Epoch 950, cost = 1.632624, train_acc = 81.62% val_acc = 79.93%
Epoch 951, cost = 1.636901, train_acc = 81.53% val_acc = 80.12%
Epoch 952, cost = 1.637051, train_acc = 81.57% val_acc = 79.30%
Epoch 953, cost = 1.634979, train_acc = 81.26% val_acc = 79.93%
Epoch 954, cost = 1.636595, train_acc = 81.69% val_acc = 79.50%
Epoch 955, cost = 1.633324, train_acc = 81.62% val_acc = 80.04%
Epoch 956, cost = 1.635307, train_acc = 81.80% val_acc = 79.73%
Epoch 957, cost = 1.633716, train_acc = 82.00% val_acc = 79.21%
Epoch 958, cost = 1.633949, train_acc = 81.36% val_acc = 79.01%
Epoch 959, cost = 1.631459, train_acc = 81.40% val_acc = 79.38%
Epoch 960, cost = 1.633055, train_acc = 81.27% val_acc = 79.75%
Epoch 961, cost = 1.638195, train_acc = 81.66% val_acc = 79.94%
Epoch 962, cost = 1.635407, train_acc = 81.68% val_acc = 80.04%
Epoch 963, cost = 1.635238, train_acc = 81.79% val_acc = 80.18%
Epoch 964, cost = 1.632426, train_acc = 81.34% val_acc = 79.19%
Epoch 965, cost = 1.634629, train_acc = 81.39% val_acc = 79.52%
Epoch 966, cost = 1.639072, train_acc = 81.44% val_acc = 79.38%
Epoch 967, cost = 1.638846, train_acc = 81.49% val_acc = 79.93%
Epoch 968, cost = 1.634122, train_acc = 81.49% val_acc = 80.34%
Epoch 969, cost = 1.635196, train_acc = 81.58% val_acc = 79.26%
Epoch 970, cost = 1.637667, train_acc = 81.11% val_acc = 79.06%
Epoch 971, cost = 1.635525, train_acc = 81.81% val_acc = 79.43%
Epoch 972, cost = 1.634001, train_acc = 81.00% val_acc = 80.21%
Epoch 973, cost = 1.638347, train_acc = 81.93% val_acc = 79.80%
Epoch 974, cost = 1.636805, train_acc = 81.21% val_acc = 80.21%
Epoch 975, cost = 1.636272, train_acc = 81.43% val_acc = 79.44%
Epoch 976, cost = 1.635083, train_acc = 81.59% val_acc = 79.46%
Epoch 977, cost = 1.632891, train_acc = 81.71% val_acc = 79.77%
Epoch 978, cost = 1.636641, train_acc = 81.71% val_acc = 78.85%
Epoch 979, cost = 1.637096, train_acc = 81.89% val_acc = 79.91%
Epoch 980, cost = 1.633459, train_acc = 81.77% val_acc = 79.12%
Epoch 981, cost = 1.632615, train_acc = 81.72% val_acc = 80.01%
Epoch 982, cost = 1.633792, train_acc = 81.20% val_acc = 80.42%
Epoch 983, cost = 1.635694, train_acc = 81.65% val_acc = 79.20%
Epoch 984, cost = 1.636598, train_acc = 81.46% val_acc = 80.10%
Epoch 985, cost = 1.634620, train_acc = 81.06% val_acc = 79.57%
Epoch 986, cost = 1.635489, train_acc = 81.82% val_acc = 80.22%
Epoch 987, cost = 1.633999, train_acc = 81.57% val_acc = 79.38%
Epoch 988, cost = 1.637231, train_acc = 81.56% val_acc = 79.78%
Epoch 989, cost = 1.637789, train_acc = 81.47% val_acc = 79.91%
Epoch 990, cost = 1.633995, train_acc = 81.24% val_acc = 79.42%
Epoch 991, cost = 1.634688, train_acc = 81.47% val_acc = 79.07%
Epoch 992, cost = 1.634097, train_acc = 81.30% val_acc = 79.18%
Epoch 993, cost = 1.634166, train_acc = 81.43% val_acc = 79.83%
Epoch 994, cost = 1.633846, train_acc = 81.16% val_acc = 79.78%
Epoch 995, cost = 1.635887, train_acc = 81.57% val_acc = 80.34%
Epoch 996, cost = 1.636249, train_acc = 81.55% val_acc = 80.16%
Epoch 997, cost = 1.638500, train_acc = 81.90% val_acc = 78.50%
Epoch 998, cost = 1.635327, train_acc = 81.53% val_acc = 79.42%
Epoch 999, cost = 1.639125, train_acc = 81.86% val_acc = 79.28%
Epoch 1000, cost = 1.635765, train_acc = 81.88% val_acc = 79.17%
Epoch 1001, cost = 1.635737, train_acc = 81.38% val_acc = 79.87%
Epoch 1002, cost = 1.635145, train_acc = 81.46% val_acc = 79.93%
Epoch 1003, cost = 1.636371, train_acc = 82.04% val_acc = 79.88%
Epoch 1004, cost = 1.633268, train_acc = 81.80% val_acc = 78.78%
Epoch 1005, cost = 1.634556, train_acc = 81.93% val_acc = 79.51%
Epoch 1006, cost = 1.636854, train_acc = 81.39% val_acc = 79.16%
Epoch 1007, cost = 1.637035, train_acc = 81.63% val_acc = 79.80%
Epoch 1008, cost = 1.631508, train_acc = 81.43% val_acc = 79.02%
Epoch 1009, cost = 1.636090, train_acc = 81.03% val_acc = 79.47%
Epoch 1010, cost = 1.636865, train_acc = 81.23% val_acc = 79.36%
Epoch 1011, cost = 1.633574, train_acc = 81.54% val_acc = 79.32%
Epoch 1012, cost = 1.631820, train_acc = 81.52% val_acc = 79.85%
Epoch 1013, cost = 1.635973, train_acc = 81.54% val_acc = 79.91%
Epoch 1014, cost = 1.634004, train_acc = 81.44% val_acc = 80.04%
Epoch 1015, cost = 1.633840, train_acc = 81.59% val_acc = 79.32%
Epoch 1016, cost = 1.637124, train_acc = 80.75% val_acc = 79.98%
Epoch 1017, cost = 1.634910, train_acc = 81.84% val_acc = 79.64%
Epoch 1018, cost = 1.634244, train_acc = 81.63% val_acc = 79.96%
Epoch 1019, cost = 1.635728, train_acc = 81.80% val_acc = 79.37%
Epoch 1020, cost = 1.639768, train_acc = 81.66% val_acc = 80.15%
Epoch 1021, cost = 1.637873, train_acc = 81.29% val_acc = 79.73%
Epoch 1022, cost = 1.636394, train_acc = 82.11% val_acc = 79.40%
Epoch 1023, cost = 1.637139, train_acc = 81.59% val_acc = 79.60%
Epoch 1024, cost = 1.637106, train_acc = 81.65% val_acc = 79.70%
Epoch 1025, cost = 1.633447, train_acc = 81.87% val_acc = 79.06%
Epoch 1026, cost = 1.634094, train_acc = 81.44% val_acc = 79.84%
Epoch 1027, cost = 1.639489, train_acc = 81.90% val_acc = 79.59%
Epoch 1028, cost = 1.634791, train_acc = 81.61% val_acc = 80.58%
Epoch 1029, cost = 1.636408, train_acc = 81.03% val_acc = 80.06%
Epoch 1030, cost = 1.638705, train_acc = 81.53% val_acc = 79.25%
Epoch 1031, cost = 1.637014, train_acc = 81.70% val_acc = 79.47%
Epoch 1032, cost = 1.634273, train_acc = 81.33% val_acc = 79.23%
Epoch 1033, cost = 1.634312, train_acc = 81.76% val_acc = 79.47%
Epoch 1034, cost = 1.635732, train_acc = 81.66% val_acc = 78.98%
Epoch 1035, cost = 1.635786, train_acc = 81.61% val_acc = 80.14%
Epoch 1036, cost = 1.633999, train_acc = 81.76% val_acc = 79.61%
Epoch 1037, cost = 1.635202, train_acc = 81.03% val_acc = 80.39%
Epoch 1038, cost = 1.634549, train_acc = 81.44% val_acc = 79.54%
Epoch 1039, cost = 1.631828, train_acc = 81.62% val_acc = 80.06%
Epoch 1040, cost = 1.634714, train_acc = 82.07% val_acc = 79.89%
Epoch 1041, cost = 1.631540, train_acc = 81.69% val_acc = 79.51%
Epoch 1042, cost = 1.635184, train_acc = 81.38% val_acc = 79.42%
Epoch 1043, cost = 1.632634, train_acc = 81.13% val_acc = 79.86%
Epoch 1044, cost = 1.635004, train_acc = 81.37% val_acc = 78.90%
Epoch 1045, cost = 1.635008, train_acc = 81.46% val_acc = 79.37%
Epoch 1046, cost = 1.634861, train_acc = 81.62% val_acc = 79.55%
Epoch 1047, cost = 1.635518, train_acc = 81.74% val_acc = 79.59%
Epoch 1048, cost = 1.631310, train_acc = 82.01% val_acc = 79.95%
Epoch 1049, cost = 1.635806, train_acc = 81.55% val_acc = 79.63%
Epoch 1050, cost = 1.633005, train_acc = 81.70% val_acc = 79.68%
Epoch 1051, cost = 1.638394, train_acc = 81.56% val_acc = 79.72%
Epoch 1052, cost = 1.631610, train_acc = 81.59% val_acc = 79.98%
Epoch 1053, cost = 1.632828, train_acc = 81.90% val_acc = 80.67%
Epoch 1054, cost = 1.634334, train_acc = 81.57% val_acc = 79.76%
Epoch 1055, cost = 1.632437, train_acc = 81.79% val_acc = 79.75%
Epoch 1056, cost = 1.634856, train_acc = 81.52% val_acc = 79.89%
Epoch 1057, cost = 1.635802, train_acc = 81.30% val_acc = 79.47%
Epoch 1058, cost = 1.630222, train_acc = 81.72% val_acc = 79.15%
Epoch 1059, cost = 1.634090, train_acc = 81.53% val_acc = 79.49%
Epoch 1060, cost = 1.632415, train_acc = 81.50% val_acc = 79.09%
Epoch 1061, cost = 1.636181, train_acc = 81.57% val_acc = 79.67%
Epoch 1062, cost = 1.636857, train_acc = 81.51% val_acc = 79.51%
Epoch 1063, cost = 1.636969, train_acc = 81.30% val_acc = 79.13%
Epoch 1064, cost = 1.634330, train_acc = 81.19% val_acc = 78.99%
Epoch 1065, cost = 1.633051, train_acc = 81.81% val_acc = 79.48%
Epoch 1066, cost = 1.634917, train_acc = 81.77% val_acc = 79.44%
Epoch 1067, cost = 1.636163, train_acc = 81.59% val_acc = 79.61%
Epoch 1068, cost = 1.634304, train_acc = 81.81% val_acc = 80.34%
Epoch 1069, cost = 1.639931, train_acc = 81.20% val_acc = 79.69%
Epoch 1070, cost = 1.632010, train_acc = 81.66% val_acc = 79.91%
Epoch 1071, cost = 1.635090, train_acc = 81.14% val_acc = 79.31%
Epoch 1072, cost = 1.632587, train_acc = 81.94% val_acc = 80.49%
Epoch 1073, cost = 1.637600, train_acc = 81.95% val_acc = 79.98%
Epoch 1074, cost = 1.634634, train_acc = 82.15% val_acc = 79.63%
Epoch 1075, cost = 1.634512, train_acc = 81.66% val_acc = 79.58%
Epoch 1076, cost = 1.636783, train_acc = 81.53% val_acc = 79.68%
Epoch 1077, cost = 1.636252, train_acc = 81.68% val_acc = 79.22%
Epoch 1078, cost = 1.633039, train_acc = 81.61% val_acc = 79.86%
Epoch 1079, cost = 1.635497, train_acc = 81.97% val_acc = 80.26%
Epoch 1080, cost = 1.635351, train_acc = 80.74% val_acc = 80.37%
Epoch 1081, cost = 1.637690, train_acc = 81.83% val_acc = 79.68%
Epoch 1082, cost = 1.633026, train_acc = 80.98% val_acc = 79.93%
Epoch 1083, cost = 1.631377, train_acc = 81.52% val_acc = 80.20%
Epoch 1084, cost = 1.635555, train_acc = 81.76% val_acc = 79.66%
Epoch 1085, cost = 1.634537, train_acc = 81.69% val_acc = 79.70%
Epoch 1086, cost = 1.637357, train_acc = 81.31% val_acc = 78.89%
Epoch 1087, cost = 1.633746, train_acc = 81.57% val_acc = 79.22%
Epoch 1088, cost = 1.633825, train_acc = 81.63% val_acc = 79.80%
Epoch 1089, cost = 1.635687, train_acc = 81.70% val_acc = 79.72%
Epoch 1090, cost = 1.636138, train_acc = 81.07% val_acc = 79.36%
Epoch 1091, cost = 1.638567, train_acc = 81.43% val_acc = 79.57%
Epoch 1092, cost = 1.635527, train_acc = 81.34% val_acc = 80.26%
Epoch 1093, cost = 1.636693, train_acc = 81.43% val_acc = 80.19%
Epoch 1094, cost = 1.636200, train_acc = 81.51% val_acc = 79.39%
Epoch 1095, cost = 1.634830, train_acc = 81.46% val_acc = 79.69%
Epoch 1096, cost = 1.636996, train_acc = 81.53% val_acc = 79.95%
Epoch 1097, cost = 1.639067, train_acc = 81.53% val_acc = 79.49%
Epoch 1098, cost = 1.637468, train_acc = 81.56% val_acc = 79.80%
Epoch 1099, cost = 1.635651, train_acc = 81.04% val_acc = 79.70%
Epoch 1100, cost = 1.635163, train_acc = 81.29% val_acc = 79.25%
Epoch 1101, cost = 1.632446, train_acc = 81.74% val_acc = 80.25%
Epoch 1102, cost = 1.633492, train_acc = 81.63% val_acc = 79.64%
Epoch 1103, cost = 1.634535, train_acc = 81.47% val_acc = 80.70%
Epoch 1104, cost = 1.637022, train_acc = 81.37% val_acc = 79.95%
Epoch 1105, cost = 1.633375, train_acc = 81.86% val_acc = 79.66%
Epoch 1106, cost = 1.639551, train_acc = 81.36% val_acc = 80.68%
Epoch 1107, cost = 1.635418, train_acc = 81.31% val_acc = 79.54%
Epoch 1108, cost = 1.637363, train_acc = 81.44% val_acc = 79.47%
Epoch 1109, cost = 1.637211, train_acc = 81.84% val_acc = 79.45%
Epoch 1110, cost = 1.633704, train_acc = 81.37% val_acc = 80.40%
Epoch 1111, cost = 1.636148, train_acc = 81.33% val_acc = 79.79%
Epoch 1112, cost = 1.632782, train_acc = 81.45% val_acc = 79.53%
Epoch 1113, cost = 1.634018, train_acc = 81.45% val_acc = 79.84%
Epoch 1114, cost = 1.633983, train_acc = 81.90% val_acc = 79.13%
Epoch 1115, cost = 1.633412, train_acc = 81.62% val_acc = 79.93%
Epoch 1116, cost = 1.636224, train_acc = 81.85% val_acc = 79.58%
Epoch 1117, cost = 1.636489, train_acc = 81.47% val_acc = 79.28%
Epoch 1118, cost = 1.636058, train_acc = 81.76% val_acc = 80.02%
Epoch 1119, cost = 1.637379, train_acc = 81.56% val_acc = 79.60%
Epoch 1120, cost = 1.635675, train_acc = 81.50% val_acc = 79.47%
Epoch 1121, cost = 1.634369, train_acc = 81.64% val_acc = 80.02%
Epoch 1122, cost = 1.636625, train_acc = 81.38% val_acc = 79.67%
Epoch 1123, cost = 1.638898, train_acc = 81.63% val_acc = 79.49%
Epoch 1124, cost = 1.638313, train_acc = 81.74% val_acc = 78.79%
Epoch 1125, cost = 1.630569, train_acc = 81.47% val_acc = 80.04%
Epoch 1126, cost = 1.634430, train_acc = 81.60% val_acc = 79.13%
Epoch 1127, cost = 1.635430, train_acc = 81.84% val_acc = 79.70%
Epoch 1128, cost = 1.632261, train_acc = 81.71% val_acc = 80.13%
Epoch 1129, cost = 1.636683, train_acc = 81.63% val_acc = 79.53%
Epoch 1130, cost = 1.640316, train_acc = 81.57% val_acc = 79.85%
Epoch 1131, cost = 1.633970, train_acc = 81.76% val_acc = 79.55%
Epoch 1132, cost = 1.637339, train_acc = 81.10% val_acc = 80.27%
Epoch 1133, cost = 1.632094, train_acc = 81.32% val_acc = 80.18%
Epoch 1134, cost = 1.634807, train_acc = 81.71% val_acc = 79.43%
Epoch 1135, cost = 1.634703, train_acc = 81.48% val_acc = 79.56%
Epoch 1136, cost = 1.634598, train_acc = 81.71% val_acc = 79.07%
Epoch 1137, cost = 1.633560, train_acc = 81.63% val_acc = 79.28%
Epoch 1138, cost = 1.634174, train_acc = 81.93% val_acc = 79.26%
Epoch 1139, cost = 1.633196, train_acc = 81.56% val_acc = 80.65%
Epoch 1140, cost = 1.635897, train_acc = 81.70% val_acc = 80.11%
Epoch 1141, cost = 1.636264, train_acc = 81.78% val_acc = 79.73%
Epoch 1142, cost = 1.632801, train_acc = 81.69% val_acc = 79.56%
Epoch 1143, cost = 1.634614, train_acc = 81.67% val_acc = 79.38%
Epoch 1144, cost = 1.637599, train_acc = 81.69% val_acc = 79.03%
Epoch 1145, cost = 1.633854, train_acc = 81.86% val_acc = 79.78%
Epoch 1146, cost = 1.631996, train_acc = 81.72% val_acc = 80.08%
Epoch 1147, cost = 1.633220, train_acc = 81.63% val_acc = 79.96%
Epoch 1148, cost = 1.633588, train_acc = 82.02% val_acc = 79.86%
Epoch 1149, cost = 1.633254, train_acc = 81.92% val_acc = 79.28%
Epoch 1150, cost = 1.636457, train_acc = 81.40% val_acc = 80.39%
Epoch 1151, cost = 1.633821, train_acc = 81.23% val_acc = 79.92%
Epoch 1152, cost = 1.637777, train_acc = 81.27% val_acc = 79.46%
Epoch 1153, cost = 1.632276, train_acc = 81.65% val_acc = 80.48%
Epoch 1154, cost = 1.634625, train_acc = 81.64% val_acc = 79.62%
Epoch 1155, cost = 1.637193, train_acc = 81.62% val_acc = 79.37%
Epoch 1156, cost = 1.632289, train_acc = 81.52% val_acc = 79.41%
Epoch 1157, cost = 1.634916, train_acc = 81.54% val_acc = 79.79%
Epoch 1158, cost = 1.634311, train_acc = 81.37% val_acc = 79.99%
Epoch 1159, cost = 1.637708, train_acc = 82.10% val_acc = 79.91%
Epoch 1160, cost = 1.637584, train_acc = 81.25% val_acc = 80.13%
Epoch 1161, cost = 1.635843, train_acc = 81.52% val_acc = 79.33%
Epoch 1162, cost = 1.634632, train_acc = 81.49% val_acc = 80.05%
Epoch 1163, cost = 1.633759, train_acc = 81.48% val_acc = 79.97%
Epoch 1164, cost = 1.635346, train_acc = 81.52% val_acc = 79.59%
Epoch 1165, cost = 1.630683, train_acc = 81.52% val_acc = 80.30%
Epoch 1166, cost = 1.636549, train_acc = 81.47% val_acc = 79.73%
Epoch 1167, cost = 1.633374, train_acc = 81.42% val_acc = 79.66%
Epoch 1168, cost = 1.635109, train_acc = 81.67% val_acc = 79.40%
Epoch 1169, cost = 1.633315, train_acc = 81.69% val_acc = 79.98%
Epoch 1170, cost = 1.632000, train_acc = 81.75% val_acc = 80.24%
Epoch 1171, cost = 1.633042, train_acc = 81.40% val_acc = 79.53%
Epoch 1172, cost = 1.633612, train_acc = 81.74% val_acc = 79.74%
Epoch 1173, cost = 1.633454, train_acc = 81.17% val_acc = 79.84%
Epoch 1174, cost = 1.635141, train_acc = 81.72% val_acc = 79.96%
Epoch 1175, cost = 1.632878, train_acc = 81.19% val_acc = 80.46%
Epoch 1176, cost = 1.634651, train_acc = 81.01% val_acc = 80.01%
Epoch 1177, cost = 1.634135, train_acc = 81.70% val_acc = 79.97%
Epoch 1178, cost = 1.635713, train_acc = 81.04% val_acc = 79.94%
Epoch 1179, cost = 1.636067, train_acc = 81.53% val_acc = 79.03%
Epoch 1180, cost = 1.634445, train_acc = 81.66% val_acc = 80.16%
Epoch 1181, cost = 1.634544, train_acc = 81.77% val_acc = 79.35%
Epoch 1182, cost = 1.635619, train_acc = 81.57% val_acc = 79.84%
Epoch 1183, cost = 1.634703, train_acc = 81.70% val_acc = 79.28%
Epoch 1184, cost = 1.634215, train_acc = 81.58% val_acc = 79.81%
Epoch 1185, cost = 1.638484, train_acc = 81.53% val_acc = 80.01%
Epoch 1186, cost = 1.630467, train_acc = 81.71% val_acc = 79.21%
Epoch 1187, cost = 1.633904, train_acc = 81.13% val_acc = 79.30%
Epoch 1188, cost = 1.635951, train_acc = 82.08% val_acc = 79.11%
Epoch 1189, cost = 1.631094, train_acc = 81.49% val_acc = 79.19%
Epoch 1190, cost = 1.634275, train_acc = 81.54% val_acc = 79.56%
Epoch 1191, cost = 1.633500, train_acc = 81.89% val_acc = 80.06%
Epoch 1192, cost = 1.636338, train_acc = 81.17% val_acc = 79.70%
Epoch 1193, cost = 1.633850, train_acc = 81.70% val_acc = 80.01%
Epoch 1194, cost = 1.631884, train_acc = 81.23% val_acc = 79.83%
Epoch 1195, cost = 1.634778, train_acc = 81.80% val_acc = 79.60%
Epoch 1196, cost = 1.633451, train_acc = 81.71% val_acc = 79.51%
Epoch 1197, cost = 1.635218, train_acc = 81.36% val_acc = 80.43%
Epoch 1198, cost = 1.639789, train_acc = 81.52% val_acc = 80.03%
Epoch 1199, cost = 1.632866, train_acc = 81.38% val_acc = 79.98%
Epoch 1200, cost = 1.636797, train_acc = 81.14% val_acc = 79.48%
