Loading Training Data
Loading Validation Data
Creating Data Loaders
Training Fun Time!!!
Epoch 1, cost = 2.303087, train_acc = 10.09% val_acc = 9.88%
Epoch 2, cost = 2.303072, train_acc = 10.17% val_acc = 10.14%
Epoch 3, cost = 2.303055, train_acc = 10.23% val_acc = 10.12%
Epoch 4, cost = 2.303023, train_acc = 10.19% val_acc = 10.43%
Epoch 5, cost = 2.303010, train_acc = 10.37% val_acc = 11.01%
Epoch 6, cost = 2.302955, train_acc = 10.78% val_acc = 10.99%
Epoch 7, cost = 2.302878, train_acc = 11.56% val_acc = 11.56%
Epoch 8, cost = 2.302684, train_acc = 14.55% val_acc = 15.85%
Epoch 9, cost = 2.302016, train_acc = 15.51% val_acc = 15.32%
Epoch 10, cost = 2.210120, train_acc = 50.50% val_acc = 53.22%
Epoch 11, cost = 1.806942, train_acc = 75.62% val_acc = 76.20%
Epoch 12, cost = 1.682910, train_acc = 80.17% val_acc = 81.24%
Epoch 13, cost = 1.647864, train_acc = 82.67% val_acc = 80.99%
Epoch 14, cost = 1.629404, train_acc = 84.11% val_acc = 83.43%
Epoch 15, cost = 1.616926, train_acc = 84.91% val_acc = 83.61%
Epoch 16, cost = 1.609746, train_acc = 85.67% val_acc = 83.78%
Epoch 17, cost = 1.602584, train_acc = 86.29% val_acc = 84.52%
Epoch 18, cost = 1.544733, train_acc = 94.76% val_acc = 93.17%
Epoch 19, cost = 1.510608, train_acc = 96.17% val_acc = 93.62%
Epoch 20, cost = 1.502544, train_acc = 96.03% val_acc = 94.23%
Epoch 21, cost = 1.497711, train_acc = 96.67% val_acc = 93.66%
Epoch 22, cost = 1.494189, train_acc = 97.13% val_acc = 94.52%
Epoch 23, cost = 1.491888, train_acc = 97.58% val_acc = 94.96%
Epoch 24, cost = 1.488942, train_acc = 97.44% val_acc = 95.40%
Epoch 25, cost = 1.487137, train_acc = 97.65% val_acc = 95.07%
Epoch 26, cost = 1.484429, train_acc = 97.97% val_acc = 95.26%
Epoch 27, cost = 1.482939, train_acc = 97.98% val_acc = 95.43%
Epoch 28, cost = 1.482176, train_acc = 98.17% val_acc = 95.20%
Epoch 29, cost = 1.480056, train_acc = 98.23% val_acc = 95.46%
Epoch 30, cost = 1.480018, train_acc = 98.35% val_acc = 95.46%
Epoch 31, cost = 1.478886, train_acc = 98.51% val_acc = 95.93%
Epoch 32, cost = 1.478133, train_acc = 98.52% val_acc = 95.83%
Epoch 33, cost = 1.476826, train_acc = 98.62% val_acc = 95.76%
Epoch 34, cost = 1.475854, train_acc = 98.70% val_acc = 95.64%
Epoch 35, cost = 1.476434, train_acc = 98.51% val_acc = 96.01%
Epoch 36, cost = 1.476162, train_acc = 98.71% val_acc = 96.15%
Epoch 37, cost = 1.475189, train_acc = 98.45% val_acc = 95.65%
Epoch 38, cost = 1.474944, train_acc = 98.68% val_acc = 95.47%
Epoch 39, cost = 1.474094, train_acc = 98.45% val_acc = 95.73%
Epoch 40, cost = 1.473863, train_acc = 98.81% val_acc = 96.45%
Epoch 41, cost = 1.473830, train_acc = 98.74% val_acc = 96.03%
Epoch 42, cost = 1.473393, train_acc = 99.04% val_acc = 96.20%
Epoch 43, cost = 1.472800, train_acc = 99.04% val_acc = 96.32%
Epoch 44, cost = 1.472309, train_acc = 98.62% val_acc = 95.29%
Epoch 45, cost = 1.472803, train_acc = 99.06% val_acc = 96.13%
Epoch 46, cost = 1.471930, train_acc = 99.05% val_acc = 96.06%
Epoch 47, cost = 1.471014, train_acc = 99.00% val_acc = 95.67%
Epoch 48, cost = 1.471323, train_acc = 99.13% val_acc = 96.20%
Epoch 49, cost = 1.470551, train_acc = 99.21% val_acc = 96.25%
Epoch 50, cost = 1.470528, train_acc = 99.12% val_acc = 95.99%
Epoch 51, cost = 1.470567, train_acc = 99.11% val_acc = 96.29%
Epoch 52, cost = 1.470863, train_acc = 99.23% val_acc = 96.33%
Epoch 53, cost = 1.470520, train_acc = 99.14% val_acc = 96.00%
Epoch 54, cost = 1.470079, train_acc = 99.32% val_acc = 96.31%
Epoch 55, cost = 1.470650, train_acc = 99.22% val_acc = 95.90%
Epoch 56, cost = 1.469756, train_acc = 99.32% val_acc = 96.09%
Epoch 57, cost = 1.468895, train_acc = 98.98% val_acc = 95.88%
Epoch 58, cost = 1.469614, train_acc = 99.20% val_acc = 96.13%
Epoch 59, cost = 1.469317, train_acc = 99.28% val_acc = 96.45%
Epoch 60, cost = 1.469159, train_acc = 99.30% val_acc = 96.43%
Epoch 61, cost = 1.468722, train_acc = 99.34% val_acc = 96.58%
Epoch 62, cost = 1.468635, train_acc = 99.16% val_acc = 96.16%
Epoch 63, cost = 1.468516, train_acc = 99.28% val_acc = 96.35%
Epoch 64, cost = 1.469076, train_acc = 99.16% val_acc = 96.21%
Epoch 65, cost = 1.468784, train_acc = 99.42% val_acc = 96.46%
Epoch 66, cost = 1.468759, train_acc = 99.26% val_acc = 96.08%
Epoch 67, cost = 1.468535, train_acc = 99.32% val_acc = 96.34%
Epoch 68, cost = 1.468861, train_acc = 99.06% val_acc = 96.05%
Epoch 69, cost = 1.468545, train_acc = 99.37% val_acc = 96.53%
Epoch 70, cost = 1.468360, train_acc = 99.41% val_acc = 96.38%
Epoch 71, cost = 1.468220, train_acc = 99.43% val_acc = 96.71%
Epoch 72, cost = 1.467761, train_acc = 99.33% val_acc = 96.39%
Epoch 73, cost = 1.468189, train_acc = 99.30% val_acc = 96.27%
Epoch 74, cost = 1.468124, train_acc = 99.35% val_acc = 96.19%
Epoch 75, cost = 1.467495, train_acc = 99.46% val_acc = 96.47%
Epoch 76, cost = 1.467433, train_acc = 99.41% val_acc = 96.45%
Epoch 77, cost = 1.467325, train_acc = 99.29% val_acc = 95.97%
Epoch 78, cost = 1.467732, train_acc = 99.47% val_acc = 96.44%
Epoch 79, cost = 1.466617, train_acc = 99.51% val_acc = 96.29%
Epoch 80, cost = 1.467105, train_acc = 99.48% val_acc = 96.33%
Epoch 81, cost = 1.467113, train_acc = 99.39% val_acc = 96.67%
Epoch 82, cost = 1.466723, train_acc = 99.47% val_acc = 96.52%
Epoch 83, cost = 1.466880, train_acc = 99.56% val_acc = 96.77%
Epoch 84, cost = 1.466728, train_acc = 99.56% val_acc = 96.49%
Epoch 85, cost = 1.466396, train_acc = 99.43% val_acc = 96.18%
Epoch 86, cost = 1.466813, train_acc = 99.55% val_acc = 96.43%
Epoch 87, cost = 1.466922, train_acc = 99.48% val_acc = 96.51%
Epoch 88, cost = 1.467030, train_acc = 99.55% val_acc = 96.51%
Epoch 89, cost = 1.466579, train_acc = 99.53% val_acc = 96.47%
Epoch 90, cost = 1.466498, train_acc = 99.56% val_acc = 96.67%
Epoch 91, cost = 1.466682, train_acc = 99.52% val_acc = 96.31%
Epoch 92, cost = 1.466545, train_acc = 99.56% val_acc = 96.59%
Epoch 93, cost = 1.466772, train_acc = 99.55% val_acc = 96.57%
Epoch 94, cost = 1.466250, train_acc = 99.59% val_acc = 96.49%
Epoch 95, cost = 1.466110, train_acc = 99.53% val_acc = 96.27%
Epoch 96, cost = 1.466287, train_acc = 99.53% val_acc = 96.25%
Epoch 97, cost = 1.465864, train_acc = 99.56% val_acc = 96.48%
Epoch 98, cost = 1.466034, train_acc = 99.57% val_acc = 96.85%
Epoch 99, cost = 1.466145, train_acc = 99.57% val_acc = 96.39%
Epoch 100, cost = 1.465805, train_acc = 99.59% val_acc = 96.68%
Epoch 101, cost = 1.465625, train_acc = 99.67% val_acc = 96.76%
Epoch 102, cost = 1.465880, train_acc = 99.62% val_acc = 96.51%
Epoch 103, cost = 1.465955, train_acc = 99.60% val_acc = 96.66%
Epoch 104, cost = 1.466196, train_acc = 99.52% val_acc = 96.41%
Epoch 105, cost = 1.465493, train_acc = 99.67% val_acc = 96.57%
Epoch 106, cost = 1.465775, train_acc = 99.67% val_acc = 96.53%
Epoch 107, cost = 1.464980, train_acc = 99.65% val_acc = 96.68%
Epoch 108, cost = 1.465505, train_acc = 99.65% val_acc = 96.65%
Epoch 109, cost = 1.465458, train_acc = 99.66% val_acc = 96.81%
Epoch 110, cost = 1.465694, train_acc = 99.60% val_acc = 96.62%
Epoch 111, cost = 1.465912, train_acc = 99.64% val_acc = 96.61%
Epoch 112, cost = 1.465302, train_acc = 99.63% val_acc = 96.76%
Epoch 113, cost = 1.465527, train_acc = 99.63% val_acc = 96.65%
Epoch 114, cost = 1.465046, train_acc = 99.51% val_acc = 96.65%
Epoch 115, cost = 1.464830, train_acc = 99.69% val_acc = 96.82%
Epoch 116, cost = 1.465206, train_acc = 99.54% val_acc = 96.87%
Epoch 117, cost = 1.464716, train_acc = 99.69% val_acc = 96.64%
Epoch 118, cost = 1.464778, train_acc = 99.69% val_acc = 96.98%
Epoch 119, cost = 1.464802, train_acc = 99.71% val_acc = 96.57%
Epoch 120, cost = 1.464839, train_acc = 99.73% val_acc = 96.89%
Epoch 121, cost = 1.464755, train_acc = 99.69% val_acc = 96.58%
Epoch 122, cost = 1.464798, train_acc = 99.74% val_acc = 96.65%
Epoch 123, cost = 1.464347, train_acc = 99.53% val_acc = 96.48%
Epoch 124, cost = 1.464838, train_acc = 99.64% val_acc = 96.40%
Epoch 125, cost = 1.464529, train_acc = 99.71% val_acc = 96.61%
Epoch 126, cost = 1.464293, train_acc = 99.72% val_acc = 96.92%
Epoch 127, cost = 1.464362, train_acc = 99.73% val_acc = 96.82%
Epoch 128, cost = 1.464523, train_acc = 99.76% val_acc = 96.92%
Epoch 129, cost = 1.464543, train_acc = 99.77% val_acc = 96.72%
Epoch 130, cost = 1.464438, train_acc = 99.70% val_acc = 96.67%
Epoch 131, cost = 1.464350, train_acc = 99.70% val_acc = 96.55%
Epoch 132, cost = 1.464550, train_acc = 99.73% val_acc = 96.65%
Epoch 133, cost = 1.464290, train_acc = 99.69% val_acc = 96.61%
Epoch 134, cost = 1.464603, train_acc = 99.66% val_acc = 96.74%
Epoch 135, cost = 1.464005, train_acc = 99.76% val_acc = 96.95%
Epoch 136, cost = 1.464370, train_acc = 99.75% val_acc = 96.92%
Epoch 137, cost = 1.464621, train_acc = 99.72% val_acc = 96.46%
Epoch 138, cost = 1.464614, train_acc = 99.69% val_acc = 96.55%
Epoch 139, cost = 1.464834, train_acc = 99.71% val_acc = 96.63%
Epoch 140, cost = 1.464412, train_acc = 99.70% val_acc = 96.69%
Epoch 141, cost = 1.464466, train_acc = 99.65% val_acc = 96.66%
Epoch 142, cost = 1.464522, train_acc = 99.76% val_acc = 96.53%
Epoch 143, cost = 1.464510, train_acc = 99.69% val_acc = 96.65%
Epoch 144, cost = 1.463997, train_acc = 99.77% val_acc = 96.82%
Epoch 145, cost = 1.463730, train_acc = 99.75% val_acc = 96.86%
Epoch 146, cost = 1.464264, train_acc = 99.69% val_acc = 96.36%
Epoch 147, cost = 1.464439, train_acc = 99.72% val_acc = 96.76%
Epoch 148, cost = 1.464655, train_acc = 99.75% val_acc = 97.03%
Epoch 149, cost = 1.464105, train_acc = 99.73% val_acc = 96.73%
Epoch 150, cost = 1.464463, train_acc = 99.68% val_acc = 96.65%
Epoch 151, cost = 1.464031, train_acc = 99.79% val_acc = 96.73%
Epoch 152, cost = 1.464157, train_acc = 99.78% val_acc = 96.69%
Epoch 153, cost = 1.463883, train_acc = 99.65% val_acc = 96.67%
Epoch 154, cost = 1.463939, train_acc = 99.80% val_acc = 96.88%
Epoch 155, cost = 1.463816, train_acc = 99.77% val_acc = 96.71%
Epoch 156, cost = 1.464102, train_acc = 99.73% val_acc = 96.79%
Epoch 157, cost = 1.464070, train_acc = 99.75% val_acc = 97.00%
Epoch 158, cost = 1.463897, train_acc = 99.75% val_acc = 96.92%
Epoch 159, cost = 1.463906, train_acc = 99.65% val_acc = 96.85%
Epoch 160, cost = 1.464091, train_acc = 99.71% val_acc = 96.67%
Epoch 161, cost = 1.464419, train_acc = 99.66% val_acc = 96.98%
Epoch 162, cost = 1.464081, train_acc = 99.76% val_acc = 96.77%
Epoch 163, cost = 1.464254, train_acc = 99.76% val_acc = 96.76%
Epoch 164, cost = 1.463869, train_acc = 99.76% val_acc = 96.73%
Epoch 165, cost = 1.464007, train_acc = 99.78% val_acc = 96.83%
Epoch 166, cost = 1.463842, train_acc = 99.76% val_acc = 96.74%
Epoch 167, cost = 1.464245, train_acc = 99.67% val_acc = 96.86%
Epoch 168, cost = 1.464532, train_acc = 99.76% val_acc = 96.87%
Epoch 169, cost = 1.463929, train_acc = 99.74% val_acc = 96.74%
Epoch 170, cost = 1.464065, train_acc = 99.77% val_acc = 96.97%
Epoch 171, cost = 1.464126, train_acc = 99.71% val_acc = 96.57%
Epoch 172, cost = 1.464336, train_acc = 99.77% val_acc = 96.72%
Epoch 173, cost = 1.464292, train_acc = 99.73% val_acc = 96.74%
Epoch 174, cost = 1.463733, train_acc = 99.77% val_acc = 96.92%
Epoch 175, cost = 1.464228, train_acc = 99.78% val_acc = 96.94%
Epoch 176, cost = 1.463982, train_acc = 99.79% val_acc = 96.60%
Epoch 177, cost = 1.464388, train_acc = 99.74% val_acc = 96.75%
Epoch 178, cost = 1.463574, train_acc = 99.81% val_acc = 96.83%
Epoch 179, cost = 1.463782, train_acc = 99.78% val_acc = 96.84%
Epoch 180, cost = 1.464217, train_acc = 99.78% val_acc = 96.81%
Epoch 181, cost = 1.464102, train_acc = 99.78% val_acc = 96.78%
Epoch 182, cost = 1.463627, train_acc = 99.82% val_acc = 96.94%
Epoch 183, cost = 1.463712, train_acc = 99.75% val_acc = 96.86%
Epoch 184, cost = 1.463525, train_acc = 99.82% val_acc = 97.13%
Epoch 185, cost = 1.464151, train_acc = 99.78% val_acc = 96.72%
Epoch 186, cost = 1.463579, train_acc = 99.81% val_acc = 96.84%
Epoch 187, cost = 1.463789, train_acc = 99.77% val_acc = 96.88%
Epoch 188, cost = 1.464061, train_acc = 99.79% val_acc = 96.99%
Epoch 189, cost = 1.463775, train_acc = 99.75% val_acc = 97.02%
Epoch 190, cost = 1.463888, train_acc = 99.79% val_acc = 96.92%
Epoch 191, cost = 1.463942, train_acc = 99.73% val_acc = 96.70%
Epoch 192, cost = 1.463902, train_acc = 99.73% val_acc = 96.88%
Epoch 193, cost = 1.464210, train_acc = 99.81% val_acc = 96.40%
Epoch 194, cost = 1.463871, train_acc = 99.58% val_acc = 96.58%
Epoch 195, cost = 1.463976, train_acc = 99.80% val_acc = 96.83%
Epoch 196, cost = 1.463678, train_acc = 99.76% val_acc = 96.75%
Epoch 197, cost = 1.464064, train_acc = 99.73% val_acc = 96.68%
Epoch 198, cost = 1.463918, train_acc = 99.82% val_acc = 97.08%
Epoch 199, cost = 1.463452, train_acc = 99.81% val_acc = 96.91%
Epoch 200, cost = 1.463993, train_acc = 99.80% val_acc = 96.81%
Epoch 201, cost = 1.463882, train_acc = 99.74% val_acc = 96.95%
Epoch 202, cost = 1.463630, train_acc = 99.78% val_acc = 96.97%
Epoch 203, cost = 1.463623, train_acc = 99.82% val_acc = 97.10%
Epoch 204, cost = 1.463524, train_acc = 99.81% val_acc = 96.87%
Epoch 205, cost = 1.463672, train_acc = 99.76% val_acc = 96.87%
Epoch 206, cost = 1.463474, train_acc = 99.80% val_acc = 97.01%
Epoch 207, cost = 1.463623, train_acc = 99.80% val_acc = 96.76%
Epoch 208, cost = 1.463364, train_acc = 99.82% val_acc = 96.80%
Epoch 209, cost = 1.463388, train_acc = 99.80% val_acc = 96.67%
Epoch 210, cost = 1.463816, train_acc = 99.79% val_acc = 96.84%
Epoch 211, cost = 1.463446, train_acc = 99.82% val_acc = 96.92%
Epoch 212, cost = 1.463433, train_acc = 99.82% val_acc = 96.83%
Epoch 213, cost = 1.463449, train_acc = 99.74% val_acc = 96.64%
Epoch 214, cost = 1.463855, train_acc = 99.75% val_acc = 96.85%
Epoch 215, cost = 1.463467, train_acc = 99.78% val_acc = 97.24%
Epoch 216, cost = 1.463871, train_acc = 99.80% val_acc = 96.79%
