Loading Training Data
Loading Validation Data
Creating Data Loaders
Training Fun Time!!!
Epoch 1, cost = 2.302598, train_acc = 10.19% val_acc = 9.99%
Epoch 2, cost = 2.302587, train_acc = 10.03% val_acc = 9.78%
Epoch 3, cost = 2.302568, train_acc = 10.08% val_acc = 10.46%
Epoch 4, cost = 2.302561, train_acc = 10.24% val_acc = 10.52%
Epoch 5, cost = 2.302560, train_acc = 10.52% val_acc = 10.63%
Epoch 6, cost = 2.302544, train_acc = 10.40% val_acc = 10.81%
Epoch 7, cost = 2.302502, train_acc = 10.40% val_acc = 10.60%
Epoch 8, cost = 2.302468, train_acc = 10.92% val_acc = 11.03%
Epoch 9, cost = 2.302409, train_acc = 11.01% val_acc = 11.43%
Epoch 10, cost = 2.302314, train_acc = 11.95% val_acc = 12.99%
Epoch 11, cost = 2.302154, train_acc = 14.23% val_acc = 14.99%
Epoch 12, cost = 2.301780, train_acc = 16.55% val_acc = 17.33%
Epoch 13, cost = 2.299562, train_acc = 10.48% val_acc = 10.39%
Epoch 14, cost = 2.138750, train_acc = 55.70% val_acc = 68.06%
Epoch 15, cost = 1.827975, train_acc = 69.89% val_acc = 79.49%
Epoch 16, cost = 1.723503, train_acc = 78.75% val_acc = 87.35%
Epoch 17, cost = 1.665775, train_acc = 80.85% val_acc = 89.37%
Epoch 18, cost = 1.632268, train_acc = 84.29% val_acc = 90.54%
Epoch 19, cost = 1.605786, train_acc = 85.89% val_acc = 91.64%
Epoch 20, cost = 1.590025, train_acc = 87.65% val_acc = 91.81%
Epoch 21, cost = 1.571942, train_acc = 90.43% val_acc = 93.84%
Epoch 22, cost = 1.558753, train_acc = 91.31% val_acc = 94.23%
Epoch 23, cost = 1.554210, train_acc = 92.23% val_acc = 94.78%
Epoch 24, cost = 1.544864, train_acc = 92.50% val_acc = 94.25%
Epoch 25, cost = 1.539689, train_acc = 92.90% val_acc = 94.89%
Epoch 26, cost = 1.535839, train_acc = 93.30% val_acc = 94.53%
Epoch 27, cost = 1.531830, train_acc = 93.28% val_acc = 95.59%
Epoch 28, cost = 1.527060, train_acc = 94.34% val_acc = 95.28%
Epoch 29, cost = 1.521374, train_acc = 94.52% val_acc = 95.15%
Epoch 30, cost = 1.519511, train_acc = 94.90% val_acc = 95.43%
Epoch 31, cost = 1.517806, train_acc = 94.75% val_acc = 95.62%
Epoch 32, cost = 1.515467, train_acc = 94.67% val_acc = 94.92%
Epoch 33, cost = 1.514632, train_acc = 94.96% val_acc = 95.85%
Epoch 34, cost = 1.511845, train_acc = 95.65% val_acc = 95.91%
Epoch 35, cost = 1.509711, train_acc = 95.99% val_acc = 96.04%
Epoch 36, cost = 1.509044, train_acc = 95.59% val_acc = 95.72%
Epoch 37, cost = 1.507982, train_acc = 95.53% val_acc = 95.93%
Epoch 38, cost = 1.507863, train_acc = 96.02% val_acc = 96.17%
Epoch 39, cost = 1.502218, train_acc = 95.71% val_acc = 96.46%
Epoch 40, cost = 1.501841, train_acc = 95.97% val_acc = 96.46%
Epoch 41, cost = 1.502318, train_acc = 96.07% val_acc = 96.25%
Epoch 42, cost = 1.500915, train_acc = 95.93% val_acc = 95.81%
Epoch 43, cost = 1.498302, train_acc = 96.31% val_acc = 96.44%
Epoch 44, cost = 1.498675, train_acc = 96.59% val_acc = 96.33%
Epoch 45, cost = 1.499531, train_acc = 96.27% val_acc = 96.13%
Epoch 46, cost = 1.497757, train_acc = 96.56% val_acc = 96.39%
Epoch 47, cost = 1.499448, train_acc = 96.38% val_acc = 96.41%
Epoch 48, cost = 1.496406, train_acc = 96.71% val_acc = 96.23%
Epoch 49, cost = 1.496094, train_acc = 96.88% val_acc = 96.42%
Epoch 50, cost = 1.497617, train_acc = 96.93% val_acc = 96.35%
Epoch 51, cost = 1.493650, train_acc = 96.96% val_acc = 96.73%
Epoch 52, cost = 1.496018, train_acc = 97.17% val_acc = 96.75%
Epoch 53, cost = 1.493988, train_acc = 96.82% val_acc = 96.32%
Epoch 54, cost = 1.491791, train_acc = 97.01% val_acc = 96.32%
Epoch 55, cost = 1.496489, train_acc = 96.63% val_acc = 96.28%
Epoch 56, cost = 1.492711, train_acc = 97.14% val_acc = 96.30%
Epoch 57, cost = 1.491436, train_acc = 97.09% val_acc = 96.68%
Epoch 58, cost = 1.491321, train_acc = 96.43% val_acc = 96.32%
Epoch 59, cost = 1.492334, train_acc = 97.19% val_acc = 96.24%
Epoch 60, cost = 1.490144, train_acc = 97.31% val_acc = 96.66%
Epoch 61, cost = 1.489865, train_acc = 97.23% val_acc = 96.56%
Epoch 62, cost = 1.487496, train_acc = 97.19% val_acc = 96.56%
Epoch 63, cost = 1.489995, train_acc = 96.99% val_acc = 96.08%
Epoch 64, cost = 1.489246, train_acc = 97.37% val_acc = 96.99%
Epoch 65, cost = 1.486766, train_acc = 97.19% val_acc = 96.74%
Epoch 66, cost = 1.486011, train_acc = 97.65% val_acc = 97.01%
Epoch 67, cost = 1.487443, train_acc = 97.37% val_acc = 96.55%
Epoch 68, cost = 1.488006, train_acc = 97.83% val_acc = 97.24%
Epoch 69, cost = 1.485479, train_acc = 97.44% val_acc = 96.80%
Epoch 70, cost = 1.488008, train_acc = 97.55% val_acc = 96.96%
Epoch 71, cost = 1.486567, train_acc = 97.79% val_acc = 96.86%
Epoch 72, cost = 1.485018, train_acc = 96.40% val_acc = 96.14%
Epoch 73, cost = 1.484457, train_acc = 97.56% val_acc = 96.71%
Epoch 74, cost = 1.484287, train_acc = 97.87% val_acc = 96.87%
Epoch 75, cost = 1.484216, train_acc = 97.87% val_acc = 96.63%
Epoch 76, cost = 1.483965, train_acc = 97.13% val_acc = 96.23%
Epoch 77, cost = 1.486149, train_acc = 96.67% val_acc = 96.31%
Epoch 78, cost = 1.485523, train_acc = 97.82% val_acc = 96.94%
Epoch 79, cost = 1.483971, train_acc = 97.48% val_acc = 96.40%
Epoch 80, cost = 1.483676, train_acc = 97.96% val_acc = 96.82%
Epoch 81, cost = 1.482702, train_acc = 98.14% val_acc = 97.25%
Epoch 82, cost = 1.482661, train_acc = 97.77% val_acc = 97.00%
Epoch 83, cost = 1.483116, train_acc = 98.29% val_acc = 97.08%
Epoch 84, cost = 1.482400, train_acc = 97.86% val_acc = 97.03%
Epoch 85, cost = 1.480794, train_acc = 98.29% val_acc = 97.08%
Epoch 86, cost = 1.480036, train_acc = 97.65% val_acc = 97.03%
Epoch 87, cost = 1.482413, train_acc = 97.64% val_acc = 96.23%
Epoch 88, cost = 1.483767, train_acc = 97.76% val_acc = 97.04%
Epoch 89, cost = 1.484512, train_acc = 97.80% val_acc = 96.89%
Epoch 90, cost = 1.480426, train_acc = 97.83% val_acc = 96.88%
Epoch 91, cost = 1.479983, train_acc = 98.30% val_acc = 96.62%
Epoch 92, cost = 1.480842, train_acc = 98.15% val_acc = 96.78%
Epoch 93, cost = 1.482255, train_acc = 97.85% val_acc = 97.17%
Epoch 94, cost = 1.478844, train_acc = 98.50% val_acc = 97.20%
Epoch 95, cost = 1.479706, train_acc = 98.49% val_acc = 97.02%
Epoch 96, cost = 1.478971, train_acc = 98.36% val_acc = 97.27%
Epoch 97, cost = 1.478526, train_acc = 98.40% val_acc = 97.27%
Epoch 98, cost = 1.480039, train_acc = 98.29% val_acc = 97.23%
Epoch 99, cost = 1.479518, train_acc = 98.26% val_acc = 97.00%
Epoch 100, cost = 1.483701, train_acc = 97.61% val_acc = 96.43%
Epoch 101, cost = 1.481630, train_acc = 98.46% val_acc = 97.34%
Epoch 102, cost = 1.478932, train_acc = 98.40% val_acc = 97.10%
Epoch 103, cost = 1.481642, train_acc = 98.15% val_acc = 96.88%
Epoch 104, cost = 1.479294, train_acc = 98.26% val_acc = 96.97%
Epoch 105, cost = 1.479557, train_acc = 98.41% val_acc = 97.16%
Epoch 106, cost = 1.477152, train_acc = 98.50% val_acc = 96.85%
Epoch 107, cost = 1.477144, train_acc = 98.53% val_acc = 97.21%
Epoch 108, cost = 1.476453, train_acc = 98.37% val_acc = 97.14%
Epoch 109, cost = 1.477921, train_acc = 98.57% val_acc = 97.23%
Epoch 110, cost = 1.478273, train_acc = 98.33% val_acc = 97.23%
Epoch 111, cost = 1.478457, train_acc = 98.58% val_acc = 97.02%
Epoch 112, cost = 1.475311, train_acc = 98.73% val_acc = 97.19%
Epoch 113, cost = 1.475691, train_acc = 98.55% val_acc = 97.18%
Epoch 114, cost = 1.477455, train_acc = 98.48% val_acc = 96.84%
Epoch 115, cost = 1.476276, train_acc = 98.80% val_acc = 97.46%
Epoch 116, cost = 1.475380, train_acc = 98.59% val_acc = 97.33%
Epoch 117, cost = 1.475304, train_acc = 98.67% val_acc = 97.15%
Epoch 118, cost = 1.476344, train_acc = 98.47% val_acc = 97.18%
Epoch 119, cost = 1.477378, train_acc = 98.45% val_acc = 97.46%
Epoch 120, cost = 1.476388, train_acc = 98.64% val_acc = 97.43%
Epoch 121, cost = 1.477568, train_acc = 98.46% val_acc = 97.30%
Epoch 122, cost = 1.475574, train_acc = 98.39% val_acc = 96.96%
Epoch 123, cost = 1.476221, train_acc = 98.35% val_acc = 97.26%
Epoch 124, cost = 1.476142, train_acc = 98.62% val_acc = 97.28%
Epoch 125, cost = 1.474800, train_acc = 98.77% val_acc = 97.45%
Epoch 126, cost = 1.474808, train_acc = 97.97% val_acc = 97.17%
Epoch 127, cost = 1.476625, train_acc = 98.71% val_acc = 97.16%
Epoch 128, cost = 1.474483, train_acc = 98.29% val_acc = 96.71%
Epoch 129, cost = 1.474682, train_acc = 98.67% val_acc = 97.09%
Epoch 130, cost = 1.475227, train_acc = 98.69% val_acc = 97.35%
Epoch 131, cost = 1.473792, train_acc = 98.95% val_acc = 97.36%
Epoch 132, cost = 1.473030, train_acc = 98.86% val_acc = 97.42%
Epoch 133, cost = 1.472985, train_acc = 98.80% val_acc = 97.39%
Epoch 134, cost = 1.473801, train_acc = 98.75% val_acc = 97.27%
Epoch 135, cost = 1.473083, train_acc = 98.89% val_acc = 97.41%
Epoch 136, cost = 1.472382, train_acc = 98.76% val_acc = 97.44%
Epoch 137, cost = 1.473924, train_acc = 98.36% val_acc = 97.26%
Epoch 138, cost = 1.474197, train_acc = 98.46% val_acc = 97.28%
Epoch 139, cost = 1.473766, train_acc = 98.89% val_acc = 97.69%
Epoch 140, cost = 1.473297, train_acc = 98.97% val_acc = 97.23%
Epoch 141, cost = 1.473420, train_acc = 98.92% val_acc = 97.37%
Epoch 142, cost = 1.472187, train_acc = 98.97% val_acc = 97.43%
Epoch 143, cost = 1.475140, train_acc = 98.36% val_acc = 96.93%
Epoch 144, cost = 1.472465, train_acc = 99.01% val_acc = 97.20%
Epoch 145, cost = 1.472281, train_acc = 98.82% val_acc = 97.61%
Epoch 146, cost = 1.472440, train_acc = 98.64% val_acc = 97.30%
Epoch 147, cost = 1.471088, train_acc = 98.88% val_acc = 97.38%
Epoch 148, cost = 1.473809, train_acc = 98.90% val_acc = 97.59%
Epoch 149, cost = 1.471974, train_acc = 98.90% val_acc = 97.39%
Epoch 150, cost = 1.473367, train_acc = 98.71% val_acc = 97.40%
Epoch 151, cost = 1.473157, train_acc = 98.86% val_acc = 97.20%
Epoch 152, cost = 1.472524, train_acc = 98.86% val_acc = 97.34%
Epoch 153, cost = 1.474982, train_acc = 98.53% val_acc = 97.26%
Epoch 154, cost = 1.474117, train_acc = 99.01% val_acc = 97.48%
Epoch 155, cost = 1.473311, train_acc = 98.71% val_acc = 97.41%
Epoch 156, cost = 1.471740, train_acc = 98.95% val_acc = 97.48%
Epoch 157, cost = 1.471436, train_acc = 98.99% val_acc = 97.50%
Epoch 158, cost = 1.472474, train_acc = 98.97% val_acc = 97.43%
Epoch 159, cost = 1.472781, train_acc = 97.44% val_acc = 95.78%
Epoch 160, cost = 1.472708, train_acc = 98.61% val_acc = 97.20%
Epoch 161, cost = 1.473108, train_acc = 98.83% val_acc = 97.08%
Epoch 162, cost = 1.475121, train_acc = 98.80% val_acc = 97.17%
Epoch 163, cost = 1.472314, train_acc = 98.86% val_acc = 97.48%
Epoch 164, cost = 1.474834, train_acc = 98.83% val_acc = 97.27%
Epoch 165, cost = 1.472761, train_acc = 98.92% val_acc = 97.40%
Epoch 166, cost = 1.473293, train_acc = 98.92% val_acc = 97.24%
Epoch 167, cost = 1.472179, train_acc = 99.00% val_acc = 97.50%
Epoch 168, cost = 1.473099, train_acc = 98.79% val_acc = 97.29%
Epoch 169, cost = 1.472824, train_acc = 98.96% val_acc = 97.54%
Epoch 170, cost = 1.471761, train_acc = 99.01% val_acc = 97.32%
Epoch 171, cost = 1.471457, train_acc = 98.75% val_acc = 97.30%
Epoch 172, cost = 1.470581, train_acc = 99.02% val_acc = 97.58%
Epoch 173, cost = 1.471709, train_acc = 99.02% val_acc = 97.64%
Epoch 174, cost = 1.471135, train_acc = 98.95% val_acc = 97.62%
Epoch 175, cost = 1.471253, train_acc = 99.07% val_acc = 97.44%
Epoch 176, cost = 1.471447, train_acc = 98.91% val_acc = 97.35%
Epoch 177, cost = 1.469775, train_acc = 99.20% val_acc = 97.54%
Epoch 178, cost = 1.469576, train_acc = 98.68% val_acc = 96.80%
Epoch 179, cost = 1.471655, train_acc = 99.09% val_acc = 97.45%
Epoch 180, cost = 1.470372, train_acc = 99.05% val_acc = 97.42%
Epoch 181, cost = 1.471026, train_acc = 99.14% val_acc = 97.44%
Epoch 182, cost = 1.471125, train_acc = 99.16% val_acc = 97.55%
Epoch 183, cost = 1.471303, train_acc = 99.21% val_acc = 97.71%
Epoch 184, cost = 1.471661, train_acc = 99.12% val_acc = 97.31%
Epoch 185, cost = 1.469777, train_acc = 99.09% val_acc = 97.63%
Epoch 186, cost = 1.470396, train_acc = 99.13% val_acc = 97.68%
Epoch 187, cost = 1.469879, train_acc = 98.94% val_acc = 97.19%
Epoch 188, cost = 1.471195, train_acc = 99.17% val_acc = 97.42%
Epoch 189, cost = 1.470564, train_acc = 99.01% val_acc = 97.42%
Epoch 190, cost = 1.470749, train_acc = 99.14% val_acc = 97.38%
Epoch 191, cost = 1.469191, train_acc = 99.13% val_acc = 97.57%
Epoch 192, cost = 1.469786, train_acc = 99.21% val_acc = 97.56%
Epoch 193, cost = 1.471641, train_acc = 98.83% val_acc = 97.32%
Epoch 194, cost = 1.470377, train_acc = 99.21% val_acc = 97.29%
Epoch 195, cost = 1.469679, train_acc = 99.16% val_acc = 97.50%
Epoch 196, cost = 1.469652, train_acc = 99.16% val_acc = 97.45%
Epoch 197, cost = 1.470041, train_acc = 99.29% val_acc = 97.47%
Epoch 198, cost = 1.469938, train_acc = 99.14% val_acc = 97.57%
Epoch 199, cost = 1.471292, train_acc = 98.75% val_acc = 97.25%
Epoch 200, cost = 1.471314, train_acc = 99.01% val_acc = 97.05%
Epoch 201, cost = 1.471409, train_acc = 98.81% val_acc = 97.41%
Epoch 202, cost = 1.470182, train_acc = 99.11% val_acc = 97.26%
Epoch 203, cost = 1.471387, train_acc = 99.06% val_acc = 97.65%
Epoch 204, cost = 1.471824, train_acc = 99.16% val_acc = 97.21%
Epoch 205, cost = 1.470595, train_acc = 99.22% val_acc = 97.70%
Epoch 206, cost = 1.470617, train_acc = 99.20% val_acc = 97.30%
Epoch 207, cost = 1.471257, train_acc = 99.17% val_acc = 97.43%
Epoch 208, cost = 1.470574, train_acc = 98.91% val_acc = 97.37%
Epoch 209, cost = 1.470203, train_acc = 99.05% val_acc = 96.98%
Epoch 210, cost = 1.471920, train_acc = 98.63% val_acc = 96.96%
Epoch 211, cost = 1.473327, train_acc = 98.80% val_acc = 97.53%
Epoch 212, cost = 1.472215, train_acc = 99.03% val_acc = 97.41%
Epoch 213, cost = 1.469504, train_acc = 99.24% val_acc = 97.67%
Epoch 214, cost = 1.472317, train_acc = 98.70% val_acc = 97.19%
Epoch 215, cost = 1.471608, train_acc = 98.31% val_acc = 97.23%
Epoch 216, cost = 1.470396, train_acc = 99.04% val_acc = 97.37%
Epoch 217, cost = 1.472717, train_acc = 98.92% val_acc = 97.31%
Epoch 218, cost = 1.473075, train_acc = 98.99% val_acc = 97.35%
Epoch 219, cost = 1.470488, train_acc = 99.16% val_acc = 97.57%
Epoch 220, cost = 1.469656, train_acc = 99.24% val_acc = 97.34%
Epoch 221, cost = 1.469388, train_acc = 99.25% val_acc = 97.38%
Epoch 222, cost = 1.469086, train_acc = 99.31% val_acc = 97.57%
Epoch 223, cost = 1.469390, train_acc = 99.29% val_acc = 97.48%
Epoch 224, cost = 1.469464, train_acc = 98.67% val_acc = 97.11%
Epoch 225, cost = 1.470090, train_acc = 99.18% val_acc = 97.45%
Epoch 226, cost = 1.469493, train_acc = 99.21% val_acc = 97.69%
Epoch 227, cost = 1.471993, train_acc = 99.13% val_acc = 97.26%
Epoch 228, cost = 1.470188, train_acc = 98.68% val_acc = 97.27%
Epoch 229, cost = 1.471832, train_acc = 99.04% val_acc = 97.32%
Epoch 230, cost = 1.471436, train_acc = 99.03% val_acc = 97.29%
Epoch 231, cost = 1.471082, train_acc = 99.12% val_acc = 97.35%
Epoch 232, cost = 1.470130, train_acc = 99.14% val_acc = 97.44%
Epoch 233, cost = 1.469768, train_acc = 99.10% val_acc = 97.34%
Epoch 234, cost = 1.472472, train_acc = 98.90% val_acc = 97.02%
Epoch 235, cost = 1.471424, train_acc = 99.04% val_acc = 97.32%
Epoch 236, cost = 1.470667, train_acc = 99.00% val_acc = 97.42%
Epoch 237, cost = 1.470465, train_acc = 99.23% val_acc = 97.50%
Epoch 238, cost = 1.471464, train_acc = 98.98% val_acc = 97.35%
Epoch 239, cost = 1.470347, train_acc = 99.06% val_acc = 97.31%
Epoch 240, cost = 1.470140, train_acc = 98.91% val_acc = 97.24%
Epoch 241, cost = 1.470483, train_acc = 99.09% val_acc = 97.39%
Epoch 242, cost = 1.470292, train_acc = 99.07% val_acc = 97.46%
Epoch 243, cost = 1.469464, train_acc = 99.27% val_acc = 97.68%
Epoch 244, cost = 1.469763, train_acc = 98.98% val_acc = 97.45%
Epoch 245, cost = 1.470339, train_acc = 99.30% val_acc = 97.24%
Epoch 246, cost = 1.470522, train_acc = 99.21% val_acc = 97.26%
Epoch 247, cost = 1.472172, train_acc = 99.18% val_acc = 97.40%
Epoch 248, cost = 1.470941, train_acc = 99.21% val_acc = 97.65%
Epoch 249, cost = 1.468834, train_acc = 99.21% val_acc = 97.37%
Epoch 250, cost = 1.469563, train_acc = 98.92% val_acc = 97.42%
Epoch 251, cost = 1.469016, train_acc = 99.23% val_acc = 97.55%
Epoch 252, cost = 1.469347, train_acc = 99.24% val_acc = 97.17%
Epoch 253, cost = 1.469856, train_acc = 99.17% val_acc = 97.04%
Epoch 254, cost = 1.471626, train_acc = 99.17% val_acc = 97.60%
Epoch 255, cost = 1.471333, train_acc = 99.22% val_acc = 97.44%
Epoch 256, cost = 1.470082, train_acc = 99.09% val_acc = 97.33%
Epoch 257, cost = 1.469320, train_acc = 99.26% val_acc = 97.58%
Epoch 258, cost = 1.469658, train_acc = 99.14% val_acc = 97.33%
Epoch 259, cost = 1.468525, train_acc = 99.12% val_acc = 97.36%
Epoch 260, cost = 1.470487, train_acc = 99.04% val_acc = 97.47%
Epoch 261, cost = 1.471445, train_acc = 99.13% val_acc = 97.73%
Epoch 262, cost = 1.471304, train_acc = 99.02% val_acc = 97.48%
Epoch 263, cost = 1.469769, train_acc = 98.58% val_acc = 97.19%
Epoch 264, cost = 1.471883, train_acc = 99.10% val_acc = 97.46%
Epoch 265, cost = 1.469181, train_acc = 99.26% val_acc = 97.78%
Epoch 266, cost = 1.469493, train_acc = 99.25% val_acc = 97.52%
Epoch 267, cost = 1.470329, train_acc = 99.12% val_acc = 97.79%
Epoch 268, cost = 1.469245, train_acc = 99.16% val_acc = 97.60%
Epoch 269, cost = 1.469429, train_acc = 98.94% val_acc = 97.21%
Epoch 270, cost = 1.469060, train_acc = 99.28% val_acc = 97.61%
Epoch 271, cost = 1.468560, train_acc = 99.06% val_acc = 97.43%
Epoch 272, cost = 1.470428, train_acc = 98.78% val_acc = 97.56%
Epoch 273, cost = 1.470196, train_acc = 98.84% val_acc = 97.39%
Epoch 274, cost = 1.470493, train_acc = 99.29% val_acc = 97.44%
Epoch 275, cost = 1.468110, train_acc = 99.40% val_acc = 97.60%
Epoch 276, cost = 1.468219, train_acc = 99.40% val_acc = 97.80%
Epoch 277, cost = 1.467851, train_acc = 99.31% val_acc = 97.61%
Epoch 278, cost = 1.469796, train_acc = 99.13% val_acc = 97.47%
Epoch 279, cost = 1.468602, train_acc = 99.13% val_acc = 97.76%
Epoch 280, cost = 1.473788, train_acc = 98.96% val_acc = 97.15%
Epoch 281, cost = 1.470009, train_acc = 99.27% val_acc = 97.71%
Epoch 282, cost = 1.468788, train_acc = 99.21% val_acc = 97.52%
Epoch 283, cost = 1.469043, train_acc = 99.26% val_acc = 97.55%
Epoch 284, cost = 1.470941, train_acc = 99.15% val_acc = 97.74%
Epoch 285, cost = 1.470475, train_acc = 99.14% val_acc = 97.65%
Epoch 286, cost = 1.471328, train_acc = 99.05% val_acc = 97.16%
Epoch 287, cost = 1.470467, train_acc = 99.02% val_acc = 97.49%
Epoch 288, cost = 1.469724, train_acc = 98.99% val_acc = 97.74%
Epoch 289, cost = 1.471986, train_acc = 98.70% val_acc = 97.33%
Epoch 290, cost = 1.469886, train_acc = 99.08% val_acc = 97.41%
Epoch 291, cost = 1.471326, train_acc = 98.76% val_acc = 96.42%
Epoch 292, cost = 1.468674, train_acc = 99.36% val_acc = 97.55%
Epoch 293, cost = 1.468160, train_acc = 99.28% val_acc = 97.51%
Epoch 294, cost = 1.469782, train_acc = 99.26% val_acc = 97.83%
Epoch 295, cost = 1.469717, train_acc = 99.00% val_acc = 97.14%
Epoch 296, cost = 1.469777, train_acc = 99.24% val_acc = 97.51%
Epoch 297, cost = 1.469200, train_acc = 99.12% val_acc = 97.16%
Epoch 298, cost = 1.469926, train_acc = 98.97% val_acc = 97.18%
Epoch 299, cost = 1.469034, train_acc = 99.37% val_acc = 97.55%
Epoch 300, cost = 1.472004, train_acc = 99.08% val_acc = 97.46%
Epoch 301, cost = 1.468080, train_acc = 99.37% val_acc = 97.52%
Epoch 302, cost = 1.468001, train_acc = 99.31% val_acc = 97.61%
Epoch 303, cost = 1.468262, train_acc = 99.35% val_acc = 97.60%
Epoch 304, cost = 1.469910, train_acc = 98.81% val_acc = 97.23%
Epoch 305, cost = 1.470247, train_acc = 99.14% val_acc = 97.35%
Epoch 306, cost = 1.469070, train_acc = 99.21% val_acc = 97.61%
Epoch 307, cost = 1.469440, train_acc = 99.07% val_acc = 97.62%
Epoch 308, cost = 1.468280, train_acc = 99.34% val_acc = 97.50%
Epoch 309, cost = 1.468829, train_acc = 99.19% val_acc = 97.57%
Epoch 310, cost = 1.469846, train_acc = 99.26% val_acc = 97.62%
Epoch 311, cost = 1.470838, train_acc = 98.77% val_acc = 97.35%
Epoch 312, cost = 1.471094, train_acc = 99.18% val_acc = 97.51%
Epoch 313, cost = 1.472300, train_acc = 98.73% val_acc = 97.31%
Epoch 314, cost = 1.472784, train_acc = 99.09% val_acc = 97.38%
Epoch 315, cost = 1.469589, train_acc = 99.20% val_acc = 97.55%
Epoch 316, cost = 1.470233, train_acc = 98.98% val_acc = 97.70%
Epoch 317, cost = 1.470009, train_acc = 99.25% val_acc = 97.43%
Epoch 318, cost = 1.469864, train_acc = 99.28% val_acc = 97.70%
Epoch 319, cost = 1.468936, train_acc = 99.28% val_acc = 97.30%
Epoch 320, cost = 1.468364, train_acc = 99.29% val_acc = 97.61%
Epoch 321, cost = 1.468792, train_acc = 99.20% val_acc = 97.59%
Epoch 322, cost = 1.469803, train_acc = 98.85% val_acc = 97.25%
Epoch 323, cost = 1.469453, train_acc = 99.12% val_acc = 97.13%
Epoch 324, cost = 1.469007, train_acc = 98.99% val_acc = 97.16%
Epoch 325, cost = 1.473706, train_acc = 99.05% val_acc = 97.18%
Epoch 326, cost = 1.470551, train_acc = 99.09% val_acc = 97.23%
Epoch 327, cost = 1.469333, train_acc = 99.18% val_acc = 97.05%
Epoch 328, cost = 1.468517, train_acc = 99.30% val_acc = 97.70%
Epoch 329, cost = 1.469274, train_acc = 99.31% val_acc = 97.42%
Epoch 330, cost = 1.467927, train_acc = 99.10% val_acc = 97.49%
Epoch 331, cost = 1.470252, train_acc = 98.69% val_acc = 96.96%
Epoch 332, cost = 1.469161, train_acc = 99.28% val_acc = 97.57%
Epoch 333, cost = 1.469288, train_acc = 99.05% val_acc = 97.35%
Epoch 334, cost = 1.470212, train_acc = 99.29% val_acc = 97.62%
Epoch 335, cost = 1.468545, train_acc = 99.34% val_acc = 97.66%
Epoch 336, cost = 1.469378, train_acc = 99.09% val_acc = 97.01%
Epoch 337, cost = 1.469940, train_acc = 99.21% val_acc = 97.35%
Epoch 338, cost = 1.469899, train_acc = 99.04% val_acc = 97.55%
Epoch 339, cost = 1.469420, train_acc = 99.17% val_acc = 97.51%
Epoch 340, cost = 1.468569, train_acc = 99.31% val_acc = 97.79%
Epoch 341, cost = 1.467742, train_acc = 99.37% val_acc = 97.78%
Epoch 342, cost = 1.467584, train_acc = 99.29% val_acc = 97.67%
Epoch 343, cost = 1.470490, train_acc = 99.21% val_acc = 97.52%
Epoch 344, cost = 1.470043, train_acc = 99.26% val_acc = 97.63%
Epoch 345, cost = 1.468629, train_acc = 99.03% val_acc = 97.32%
Epoch 346, cost = 1.471971, train_acc = 99.14% val_acc = 97.72%
Epoch 347, cost = 1.470207, train_acc = 99.19% val_acc = 97.72%
Epoch 348, cost = 1.471959, train_acc = 99.10% val_acc = 97.32%
Epoch 349, cost = 1.468944, train_acc = 98.75% val_acc = 97.28%
Epoch 350, cost = 1.470870, train_acc = 99.04% val_acc = 97.24%
Epoch 351, cost = 1.472353, train_acc = 98.83% val_acc = 97.55%
Epoch 352, cost = 1.470571, train_acc = 98.35% val_acc = 97.13%
Epoch 353, cost = 1.472977, train_acc = 99.01% val_acc = 97.04%
Epoch 354, cost = 1.474953, train_acc = 98.92% val_acc = 97.57%
Epoch 355, cost = 1.476436, train_acc = 98.67% val_acc = 97.22%
Epoch 356, cost = 1.472387, train_acc = 99.06% val_acc = 97.72%
Epoch 357, cost = 1.471175, train_acc = 99.08% val_acc = 97.50%
Epoch 358, cost = 1.470902, train_acc = 99.22% val_acc = 97.41%
Epoch 359, cost = 1.469751, train_acc = 99.20% val_acc = 97.32%
Epoch 360, cost = 1.469702, train_acc = 99.09% val_acc = 97.75%
Epoch 361, cost = 1.470886, train_acc = 99.12% val_acc = 97.46%
Epoch 362, cost = 1.470618, train_acc = 99.08% val_acc = 97.46%
Epoch 363, cost = 1.472257, train_acc = 99.07% val_acc = 97.39%
Epoch 364, cost = 1.478118, train_acc = 98.61% val_acc = 97.08%
Epoch 365, cost = 1.471794, train_acc = 98.13% val_acc = 97.36%
Epoch 366, cost = 1.472896, train_acc = 98.96% val_acc = 97.07%
Epoch 367, cost = 1.472468, train_acc = 99.03% val_acc = 97.52%
Epoch 368, cost = 1.473172, train_acc = 98.86% val_acc = 97.26%
Epoch 369, cost = 1.471863, train_acc = 98.91% val_acc = 97.14%
Epoch 370, cost = 1.473054, train_acc = 98.94% val_acc = 97.21%
Epoch 371, cost = 1.475849, train_acc = 98.36% val_acc = 97.07%
Epoch 372, cost = 1.473212, train_acc = 99.00% val_acc = 97.51%
Epoch 373, cost = 1.471778, train_acc = 98.81% val_acc = 97.37%
Epoch 374, cost = 1.471651, train_acc = 99.11% val_acc = 97.71%
Epoch 375, cost = 1.474191, train_acc = 99.09% val_acc = 97.45%
Epoch 376, cost = 1.473579, train_acc = 98.55% val_acc = 97.25%
Epoch 377, cost = 1.473409, train_acc = 98.67% val_acc = 97.09%
Epoch 378, cost = 1.472883, train_acc = 99.03% val_acc = 97.22%
Epoch 379, cost = 1.471534, train_acc = 99.18% val_acc = 97.53%
Epoch 380, cost = 1.470917, train_acc = 98.99% val_acc = 97.31%
Epoch 381, cost = 1.470672, train_acc = 99.00% val_acc = 97.41%
Epoch 382, cost = 1.471156, train_acc = 98.76% val_acc = 97.03%
Epoch 383, cost = 1.473401, train_acc = 98.92% val_acc = 97.24%
Epoch 384, cost = 1.472947, train_acc = 98.96% val_acc = 97.43%
Epoch 385, cost = 1.474954, train_acc = 98.61% val_acc = 96.53%
Epoch 386, cost = 1.475159, train_acc = 98.88% val_acc = 97.04%
Epoch 387, cost = 1.472614, train_acc = 98.83% val_acc = 97.04%
Epoch 388, cost = 1.472755, train_acc = 98.83% val_acc = 97.42%
Epoch 389, cost = 1.473075, train_acc = 98.87% val_acc = 97.30%
Epoch 390, cost = 1.473015, train_acc = 98.75% val_acc = 97.31%
Epoch 391, cost = 1.478187, train_acc = 97.80% val_acc = 96.35%
Epoch 392, cost = 1.480044, train_acc = 97.85% val_acc = 96.79%
Epoch 393, cost = 1.485082, train_acc = 95.86% val_acc = 93.52%
Epoch 394, cost = 1.480092, train_acc = 98.20% val_acc = 96.43%
Epoch 395, cost = 1.476843, train_acc = 98.46% val_acc = 96.49%
Epoch 396, cost = 1.474694, train_acc = 98.67% val_acc = 97.26%
Epoch 397, cost = 1.473514, train_acc = 98.99% val_acc = 97.41%
Epoch 398, cost = 1.475235, train_acc = 97.06% val_acc = 95.77%
Epoch 399, cost = 1.477630, train_acc = 98.54% val_acc = 97.16%
Epoch 400, cost = 1.475407, train_acc = 98.83% val_acc = 97.29%
Epoch 401, cost = 1.477533, train_acc = 98.50% val_acc = 96.68%
Epoch 402, cost = 1.477682, train_acc = 98.54% val_acc = 97.18%
Epoch 403, cost = 1.481114, train_acc = 98.62% val_acc = 96.98%
Epoch 404, cost = 1.478681, train_acc = 98.65% val_acc = 96.98%
Epoch 405, cost = 1.472810, train_acc = 98.77% val_acc = 97.15%
Epoch 406, cost = 1.477290, train_acc = 98.62% val_acc = 96.79%
Epoch 407, cost = 1.476139, train_acc = 98.26% val_acc = 96.78%
Epoch 408, cost = 1.476892, train_acc = 98.15% val_acc = 96.84%
Epoch 409, cost = 1.476323, train_acc = 98.51% val_acc = 96.95%
Epoch 410, cost = 1.476406, train_acc = 98.88% val_acc = 97.47%
Epoch 411, cost = 1.475800, train_acc = 98.73% val_acc = 97.14%
Epoch 412, cost = 1.475931, train_acc = 98.47% val_acc = 97.07%
Epoch 413, cost = 1.474942, train_acc = 98.90% val_acc = 97.39%
Epoch 414, cost = 1.473869, train_acc = 98.38% val_acc = 97.02%
Epoch 415, cost = 1.475804, train_acc = 98.40% val_acc = 97.12%
Epoch 416, cost = 1.476810, train_acc = 98.37% val_acc = 96.40%
Epoch 417, cost = 1.478295, train_acc = 98.00% val_acc = 96.71%
Epoch 418, cost = 1.479247, train_acc = 97.89% val_acc = 96.36%
Epoch 419, cost = 1.477928, train_acc = 98.06% val_acc = 96.59%
Epoch 420, cost = 1.481822, train_acc = 97.78% val_acc = 96.32%
Epoch 421, cost = 1.492745, train_acc = 97.47% val_acc = 96.31%
Epoch 422, cost = 1.485755, train_acc = 97.89% val_acc = 96.61%
Epoch 423, cost = 1.482425, train_acc = 98.17% val_acc = 96.96%
Epoch 424, cost = 1.481920, train_acc = 97.64% val_acc = 96.77%
Epoch 425, cost = 1.479683, train_acc = 97.66% val_acc = 96.21%
Epoch 426, cost = 1.479879, train_acc = 98.40% val_acc = 97.25%
Epoch 427, cost = 1.483977, train_acc = 97.98% val_acc = 96.83%
Epoch 428, cost = 1.481632, train_acc = 98.56% val_acc = 97.12%
Epoch 429, cost = 1.477949, train_acc = 98.07% val_acc = 96.84%
Epoch 430, cost = 1.480169, train_acc = 97.64% val_acc = 96.69%
Epoch 431, cost = 1.480063, train_acc = 98.01% val_acc = 96.64%
Epoch 432, cost = 1.478609, train_acc = 98.29% val_acc = 97.25%
Epoch 433, cost = 1.479645, train_acc = 95.33% val_acc = 95.20%
Epoch 434, cost = 1.487677, train_acc = 97.84% val_acc = 96.36%
Epoch 435, cost = 1.487936, train_acc = 97.09% val_acc = 95.49%
Epoch 436, cost = 1.484269, train_acc = 97.50% val_acc = 96.78%
Epoch 437, cost = 1.487845, train_acc = 96.76% val_acc = 96.79%
Epoch 438, cost = 1.492370, train_acc = 92.58% val_acc = 93.85%
Epoch 439, cost = 1.499071, train_acc = 97.07% val_acc = 96.60%
Epoch 440, cost = 1.499196, train_acc = 95.75% val_acc = 95.43%
Epoch 441, cost = 1.501095, train_acc = 97.66% val_acc = 96.81%
Epoch 442, cost = 1.487166, train_acc = 94.80% val_acc = 94.88%
Epoch 443, cost = 1.492814, train_acc = 97.14% val_acc = 96.63%
Epoch 444, cost = 1.491376, train_acc = 97.45% val_acc = 96.98%
Epoch 445, cost = 1.487263, train_acc = 94.85% val_acc = 94.78%
Epoch 446, cost = 1.494808, train_acc = 95.01% val_acc = 95.03%
Epoch 447, cost = 1.505451, train_acc = 96.73% val_acc = 96.10%
Epoch 448, cost = 1.516071, train_acc = 88.77% val_acc = 90.02%
Epoch 449, cost = 1.505710, train_acc = 97.07% val_acc = 96.06%
Epoch 450, cost = 1.498802, train_acc = 95.68% val_acc = 95.69%
Epoch 451, cost = 1.512556, train_acc = 94.77% val_acc = 95.07%
Epoch 452, cost = 1.510211, train_acc = 95.99% val_acc = 96.35%
Epoch 453, cost = 1.517542, train_acc = 95.63% val_acc = 96.04%
Epoch 454, cost = 1.513900, train_acc = 94.86% val_acc = 94.67%
Epoch 455, cost = 1.525872, train_acc = 94.55% val_acc = 94.82%
Epoch 456, cost = 1.535266, train_acc = 92.76% val_acc = 93.64%
Epoch 457, cost = 1.551775, train_acc = 92.69% val_acc = 93.52%
Epoch 458, cost = 1.564773, train_acc = 92.72% val_acc = 94.12%
Epoch 459, cost = 1.559605, train_acc = 91.04% val_acc = 93.19%
Epoch 460, cost = 1.563103, train_acc = 85.49% val_acc = 87.86%
Epoch 461, cost = 1.705074, train_acc = 82.57% val_acc = 85.19%
Epoch 462, cost = 1.624398, train_acc = 86.54% val_acc = 88.30%
Epoch 463, cost = 1.622411, train_acc = 85.63% val_acc = 89.16%
Epoch 464, cost = 1.616913, train_acc = 83.31% val_acc = 86.50%
Epoch 465, cost = 1.650777, train_acc = 83.84% val_acc = 88.75%
Epoch 466, cost = 1.678636, train_acc = 85.08% val_acc = 89.60%
Epoch 467, cost = 1.701859, train_acc = 24.91% val_acc = 25.97%
Epoch 468, cost = 1.914492, train_acc = 73.60% val_acc = 77.66%
Epoch 469, cost = 1.768193, train_acc = 66.59% val_acc = 69.70%
Epoch 470, cost = 1.956391, train_acc = 24.51% val_acc = 26.16%
Epoch 471, cost = 2.203707, train_acc = 22.37% val_acc = 25.19%
Epoch 472, cost = 2.293871, train_acc = 15.39% val_acc = 16.09%
Epoch 473, cost = 2.310964, train_acc = 13.57% val_acc = 14.96%
Epoch 474, cost = 2.333813, train_acc = 15.33% val_acc = 16.20%
Epoch 475, cost = 2.310002, train_acc = 15.14% val_acc = 16.18%
Epoch 476, cost = 2.326409, train_acc = 12.91% val_acc = 14.10%
Epoch 477, cost = 2.320682, train_acc = 12.18% val_acc = 13.30%
Epoch 478, cost = 2.337484, train_acc = 12.10% val_acc = 13.27%
Epoch 479, cost = 2.336632, train_acc = 12.62% val_acc = 13.76%
Epoch 480, cost = 2.330996, train_acc = 17.48% val_acc = 19.35%
Epoch 481, cost = 2.290482, train_acc = 14.94% val_acc = 16.52%
Epoch 482, cost = 2.294152, train_acc = 17.20% val_acc = 19.41%
Epoch 483, cost = 2.288330, train_acc = 11.48% val_acc = 11.69%
Epoch 484, cost = 2.346817, train_acc = 11.37% val_acc = 11.64%
Epoch 485, cost = 2.355631, train_acc = 10.03% val_acc = 10.04%
Epoch 486, cost = 2.360743, train_acc = 10.04% val_acc = 10.00%
Epoch 487, cost = 2.360965, train_acc = 9.99% val_acc = 10.01%
Epoch 488, cost = 2.360780, train_acc = 10.03% val_acc = 9.98%
Epoch 489, cost = 2.361113, train_acc = 9.98% val_acc = 10.03%
Epoch 490, cost = 2.361039, train_acc = 10.02% val_acc = 10.01%
Epoch 491, cost = 2.361150, train_acc = 10.03% val_acc = 10.02%
Epoch 492, cost = 2.360928, train_acc = 9.99% val_acc = 10.07%
Epoch 493, cost = 2.360817, train_acc = 10.01% val_acc = 10.02%
Epoch 494, cost = 2.361076, train_acc = 10.01% val_acc = 10.01%
Epoch 495, cost = 2.360854, train_acc = 10.01% val_acc = 10.03%
Epoch 496, cost = 2.360928, train_acc = 9.99% val_acc = 10.01%
Epoch 497, cost = 2.361187, train_acc = 10.03% val_acc = 10.03%
Epoch 498, cost = 2.361298, train_acc = 10.02% val_acc = 10.03%
Epoch 499, cost = 2.360928, train_acc = 10.01% val_acc = 9.97%
Epoch 500, cost = 2.360965, train_acc = 10.04% val_acc = 10.05%
Epoch 501, cost = 2.360817, train_acc = 10.02% val_acc = 10.04%
Epoch 502, cost = 2.361113, train_acc = 10.01% val_acc = 10.00%
Epoch 503, cost = 2.360965, train_acc = 10.01% val_acc = 10.02%
Epoch 504, cost = 2.361113, train_acc = 10.01% val_acc = 10.06%
Epoch 505, cost = 2.361002, train_acc = 10.01% val_acc = 10.02%
Epoch 506, cost = 2.361298, train_acc = 9.99% val_acc = 10.03%
Epoch 507, cost = 2.361150, train_acc = 9.99% val_acc = 9.99%
Epoch 508, cost = 2.361150, train_acc = 10.02% val_acc = 10.04%
Epoch 509, cost = 2.361113, train_acc = 10.01% val_acc = 10.02%
Epoch 510, cost = 2.361076, train_acc = 9.98% val_acc = 10.03%
Epoch 511, cost = 2.361261, train_acc = 10.04% val_acc = 10.04%
Epoch 512, cost = 2.361076, train_acc = 10.01% val_acc = 10.05%
Epoch 513, cost = 2.360854, train_acc = 10.01% val_acc = 10.01%
Epoch 514, cost = 2.361039, train_acc = 10.01% val_acc = 10.03%
Epoch 515, cost = 2.361261, train_acc = 10.00% val_acc = 10.03%
Epoch 516, cost = 2.361150, train_acc = 10.01% val_acc = 10.01%
Epoch 517, cost = 2.361113, train_acc = 10.02% val_acc = 10.03%
Epoch 518, cost = 2.361187, train_acc = 10.02% val_acc = 10.03%
Epoch 519, cost = 2.360891, train_acc = 10.00% val_acc = 10.02%
Epoch 520, cost = 2.361039, train_acc = 10.05% val_acc = 10.00%
Epoch 521, cost = 2.360928, train_acc = 10.01% val_acc = 10.03%
Epoch 522, cost = 2.360965, train_acc = 10.03% val_acc = 10.08%
Epoch 523, cost = 2.360965, train_acc = 10.01% val_acc = 10.00%
Epoch 524, cost = 2.361187, train_acc = 10.01% val_acc = 10.05%
Epoch 525, cost = 2.361150, train_acc = 10.00% val_acc = 9.96%
Epoch 526, cost = 2.361039, train_acc = 10.01% val_acc = 10.04%
Epoch 527, cost = 2.360965, train_acc = 10.00% val_acc = 10.03%
Epoch 528, cost = 2.360891, train_acc = 10.01% val_acc = 9.96%
Epoch 529, cost = 2.361187, train_acc = 10.02% val_acc = 10.00%
Epoch 530, cost = 2.361002, train_acc = 10.00% val_acc = 10.02%
Epoch 531, cost = 2.361039, train_acc = 10.01% val_acc = 10.04%
Epoch 532, cost = 2.361002, train_acc = 10.01% val_acc = 10.03%
Epoch 533, cost = 2.360817, train_acc = 10.04% val_acc = 10.00%
Epoch 534, cost = 2.361039, train_acc = 10.05% val_acc = 10.09%
Epoch 535, cost = 2.360891, train_acc = 10.00% val_acc = 9.96%
Epoch 536, cost = 2.360780, train_acc = 10.04% val_acc = 10.00%
Epoch 537, cost = 2.360965, train_acc = 10.01% val_acc = 9.97%
Epoch 538, cost = 2.360891, train_acc = 10.01% val_acc = 9.99%
Epoch 539, cost = 2.361113, train_acc = 10.04% val_acc = 10.00%
Epoch 540, cost = 2.361113, train_acc = 10.02% val_acc = 10.00%
Epoch 541, cost = 2.361002, train_acc = 10.01% val_acc = 10.07%
Epoch 542, cost = 2.361187, train_acc = 10.01% val_acc = 10.00%
Epoch 543, cost = 2.361298, train_acc = 10.03% val_acc = 10.05%
Epoch 544, cost = 2.361113, train_acc = 10.04% val_acc = 9.99%
Epoch 545, cost = 2.361150, train_acc = 10.01% val_acc = 10.01%
Epoch 546, cost = 2.361002, train_acc = 10.00% val_acc = 10.01%
Epoch 547, cost = 2.361113, train_acc = 10.00% val_acc = 10.04%
Epoch 548, cost = 2.361076, train_acc = 10.00% val_acc = 9.98%
Epoch 549, cost = 2.360965, train_acc = 10.01% val_acc = 10.00%
Epoch 550, cost = 2.360854, train_acc = 10.00% val_acc = 9.99%
Epoch 551, cost = 2.360743, train_acc = 10.02% val_acc = 9.99%
Epoch 552, cost = 2.360743, train_acc = 10.02% val_acc = 10.01%
Epoch 553, cost = 2.361261, train_acc = 10.02% val_acc = 9.98%
Epoch 554, cost = 2.360706, train_acc = 10.00% val_acc = 9.99%
Epoch 555, cost = 2.361409, train_acc = 10.02% val_acc = 9.98%
Epoch 556, cost = 2.360965, train_acc = 10.04% val_acc = 10.00%
Epoch 557, cost = 2.361187, train_acc = 10.01% val_acc = 9.96%
Epoch 558, cost = 2.361224, train_acc = 10.03% val_acc = 10.03%
Epoch 559, cost = 2.360928, train_acc = 9.99% val_acc = 10.04%
Epoch 560, cost = 2.361076, train_acc = 10.03% val_acc = 10.01%
Epoch 561, cost = 2.360817, train_acc = 10.00% val_acc = 10.05%
Epoch 562, cost = 2.361113, train_acc = 10.04% val_acc = 10.04%
Epoch 563, cost = 2.360743, train_acc = 10.01% val_acc = 10.00%
Epoch 564, cost = 2.361076, train_acc = 10.00% val_acc = 10.01%
Epoch 565, cost = 2.361113, train_acc = 10.00% val_acc = 10.01%
Epoch 566, cost = 2.361113, train_acc = 10.01% val_acc = 10.01%
Epoch 567, cost = 2.361039, train_acc = 10.00% val_acc = 10.00%
Epoch 568, cost = 2.360817, train_acc = 10.01% val_acc = 10.06%
Epoch 569, cost = 2.361039, train_acc = 10.03% val_acc = 10.09%
Epoch 570, cost = 2.361002, train_acc = 10.02% val_acc = 10.04%
Epoch 571, cost = 2.361002, train_acc = 10.00% val_acc = 10.06%
Epoch 572, cost = 2.360965, train_acc = 10.00% val_acc = 9.98%
Epoch 573, cost = 2.361113, train_acc = 10.02% val_acc = 9.96%
Epoch 574, cost = 2.361002, train_acc = 9.99% val_acc = 10.03%
Epoch 575, cost = 2.360780, train_acc = 10.04% val_acc = 10.01%
Epoch 576, cost = 2.360854, train_acc = 10.01% val_acc = 10.01%
Epoch 577, cost = 2.360891, train_acc = 10.00% val_acc = 10.02%
Epoch 578, cost = 2.361261, train_acc = 10.04% val_acc = 10.06%
Epoch 579, cost = 2.361150, train_acc = 10.02% val_acc = 10.05%
Epoch 580, cost = 2.361187, train_acc = 10.01% val_acc = 10.01%
Epoch 581, cost = 2.361187, train_acc = 9.99% val_acc = 10.02%
Epoch 582, cost = 2.361039, train_acc = 10.01% val_acc = 10.03%
Epoch 583, cost = 2.361224, train_acc = 10.02% val_acc = 9.99%
Epoch 584, cost = 2.360854, train_acc = 10.05% val_acc = 10.06%
Epoch 585, cost = 2.361224, train_acc = 10.03% val_acc = 10.04%
Epoch 586, cost = 2.361113, train_acc = 10.01% val_acc = 10.02%
Epoch 587, cost = 2.361187, train_acc = 10.00% val_acc = 9.95%
Epoch 588, cost = 2.360706, train_acc = 9.99% val_acc = 10.07%
Epoch 589, cost = 2.361150, train_acc = 9.99% val_acc = 10.08%
Epoch 590, cost = 2.361187, train_acc = 10.00% val_acc = 10.04%
Epoch 591, cost = 2.361113, train_acc = 10.02% val_acc = 10.02%
Epoch 592, cost = 2.360965, train_acc = 9.99% val_acc = 10.02%
Epoch 593, cost = 2.361113, train_acc = 10.01% val_acc = 9.99%
Epoch 594, cost = 2.361039, train_acc = 10.00% val_acc = 10.03%
Epoch 595, cost = 2.360854, train_acc = 10.02% val_acc = 10.06%
Epoch 596, cost = 2.361039, train_acc = 10.02% val_acc = 10.02%
Epoch 597, cost = 2.360965, train_acc = 10.01% val_acc = 10.00%
Epoch 598, cost = 2.361187, train_acc = 10.04% val_acc = 10.08%
Epoch 599, cost = 2.361002, train_acc = 10.02% val_acc = 10.02%
Epoch 600, cost = 2.361187, train_acc = 10.01% val_acc = 10.03%
Epoch 601, cost = 2.361113, train_acc = 10.00% val_acc = 10.05%
Epoch 602, cost = 2.360965, train_acc = 9.99% val_acc = 10.04%
Epoch 603, cost = 2.361076, train_acc = 10.01% val_acc = 9.98%
Epoch 604, cost = 2.360891, train_acc = 10.00% val_acc = 10.01%
Epoch 605, cost = 2.360854, train_acc = 10.02% val_acc = 9.97%
Epoch 606, cost = 2.360928, train_acc = 9.99% val_acc = 10.03%
Epoch 607, cost = 2.360965, train_acc = 10.03% val_acc = 9.98%
Epoch 608, cost = 2.360669, train_acc = 10.03% val_acc = 10.00%
Epoch 609, cost = 2.360854, train_acc = 10.01% val_acc = 10.02%
Epoch 610, cost = 2.360965, train_acc = 10.02% val_acc = 10.04%
Epoch 611, cost = 2.360891, train_acc = 10.02% val_acc = 10.03%
Epoch 612, cost = 2.361002, train_acc = 10.00% val_acc = 10.03%
Epoch 613, cost = 2.360965, train_acc = 10.01% val_acc = 10.06%
Epoch 614, cost = 2.361187, train_acc = 10.00% val_acc = 9.97%
Epoch 615, cost = 2.361187, train_acc = 10.01% val_acc = 10.03%
Epoch 616, cost = 2.361076, train_acc = 10.01% val_acc = 9.99%
Epoch 617, cost = 2.360817, train_acc = 10.04% val_acc = 9.95%
Epoch 618, cost = 2.361039, train_acc = 9.99% val_acc = 10.01%
Epoch 619, cost = 2.361002, train_acc = 10.00% val_acc = 10.03%
Epoch 620, cost = 2.360965, train_acc = 10.01% val_acc = 10.01%
Epoch 621, cost = 2.361039, train_acc = 9.99% val_acc = 10.02%
Epoch 622, cost = 2.361002, train_acc = 10.04% val_acc = 10.01%
Epoch 623, cost = 2.360743, train_acc = 9.99% val_acc = 10.02%
Epoch 624, cost = 2.360854, train_acc = 10.01% val_acc = 10.02%
Epoch 625, cost = 2.361002, train_acc = 10.03% val_acc = 10.01%
Epoch 626, cost = 2.360706, train_acc = 10.00% val_acc = 10.03%
Epoch 627, cost = 2.361224, train_acc = 9.99% val_acc = 10.00%
Epoch 628, cost = 2.360817, train_acc = 10.03% val_acc = 10.00%
Epoch 629, cost = 2.360743, train_acc = 10.01% val_acc = 10.08%
Epoch 630, cost = 2.361002, train_acc = 9.99% val_acc = 10.05%
Epoch 631, cost = 2.361039, train_acc = 10.03% val_acc = 10.04%
Epoch 632, cost = 2.360743, train_acc = 9.98% val_acc = 9.98%
Epoch 633, cost = 2.361002, train_acc = 10.03% val_acc = 10.00%
Epoch 634, cost = 2.361224, train_acc = 10.00% val_acc = 10.00%
Epoch 635, cost = 2.361224, train_acc = 10.04% val_acc = 10.02%
Epoch 636, cost = 2.360632, train_acc = 10.01% val_acc = 10.03%
Epoch 637, cost = 2.360484, train_acc = 10.06% val_acc = 9.99%
Epoch 638, cost = 2.361039, train_acc = 10.00% val_acc = 10.04%
Epoch 639, cost = 2.360669, train_acc = 10.01% val_acc = 10.02%
Epoch 640, cost = 2.361076, train_acc = 10.02% val_acc = 10.03%
Epoch 641, cost = 2.360780, train_acc = 10.03% val_acc = 10.06%
Epoch 642, cost = 2.361113, train_acc = 10.02% val_acc = 10.00%
Epoch 643, cost = 2.360780, train_acc = 10.06% val_acc = 9.98%
Epoch 644, cost = 2.361150, train_acc = 10.00% val_acc = 10.05%
Epoch 645, cost = 2.360891, train_acc = 10.03% val_acc = 10.05%
Epoch 646, cost = 2.360780, train_acc = 10.00% val_acc = 10.01%
Epoch 647, cost = 2.360817, train_acc = 10.02% val_acc = 10.00%
Epoch 648, cost = 2.361187, train_acc = 10.03% val_acc = 10.03%
Epoch 649, cost = 2.361002, train_acc = 10.00% val_acc = 10.02%
Epoch 650, cost = 2.360854, train_acc = 10.03% val_acc = 9.98%
Epoch 651, cost = 2.361150, train_acc = 10.03% val_acc = 10.02%
Epoch 652, cost = 2.361002, train_acc = 10.01% val_acc = 10.00%
Epoch 653, cost = 2.361224, train_acc = 10.01% val_acc = 10.01%
Epoch 654, cost = 2.361039, train_acc = 10.01% val_acc = 9.95%
Epoch 655, cost = 2.358523, train_acc = 10.31% val_acc = 10.33%
Epoch 656, cost = 2.357743, train_acc = 10.36% val_acc = 10.39%
Epoch 657, cost = 2.357706, train_acc = 10.36% val_acc = 10.43%
Epoch 658, cost = 2.357965, train_acc = 10.38% val_acc = 10.36%
Epoch 659, cost = 2.357706, train_acc = 10.33% val_acc = 10.37%
Epoch 660, cost = 2.358002, train_acc = 10.36% val_acc = 10.38%
Epoch 661, cost = 2.358113, train_acc = 10.40% val_acc = 10.41%
Epoch 662, cost = 2.357372, train_acc = 10.38% val_acc = 10.45%
Epoch 663, cost = 2.358076, train_acc = 10.36% val_acc = 10.31%
Epoch 664, cost = 2.357113, train_acc = 10.32% val_acc = 10.37%
Epoch 665, cost = 2.357854, train_acc = 10.33% val_acc = 10.35%
