Loading Training Data
Loading Validation Data
Creating Data Loaders
Training Fun Time!!!
Epoch 1, cost = 2.302602, train_acc = 10.29% val_acc = 10.01%
Epoch 2, cost = 2.302590, train_acc = 10.21% val_acc = 9.93%
Epoch 3, cost = 2.302580, train_acc = 10.12% val_acc = 10.32%
Epoch 4, cost = 2.302569, train_acc = 10.31% val_acc = 10.67%
Epoch 5, cost = 2.302574, train_acc = 10.27% val_acc = 10.48%
Epoch 6, cost = 2.302532, train_acc = 10.43% val_acc = 10.67%
Epoch 7, cost = 2.302522, train_acc = 10.44% val_acc = 10.21%
Epoch 8, cost = 2.302494, train_acc = 10.87% val_acc = 11.02%
Epoch 9, cost = 2.302425, train_acc = 10.91% val_acc = 11.51%
Epoch 10, cost = 2.302353, train_acc = 11.48% val_acc = 12.70%
Epoch 11, cost = 2.302235, train_acc = 12.89% val_acc = 13.95%
Epoch 12, cost = 2.301970, train_acc = 15.06% val_acc = 15.59%
Epoch 13, cost = 2.301145, train_acc = 14.18% val_acc = 14.77%
Epoch 14, cost = 2.260542, train_acc = 30.47% val_acc = 35.61%
Epoch 15, cost = 1.975994, train_acc = 60.76% val_acc = 71.58%
Epoch 16, cost = 1.802558, train_acc = 68.92% val_acc = 79.44%
Epoch 17, cost = 1.724995, train_acc = 76.75% val_acc = 86.74%
Epoch 18, cost = 1.674925, train_acc = 81.07% val_acc = 89.46%
Epoch 19, cost = 1.639034, train_acc = 82.57% val_acc = 89.13%
Epoch 20, cost = 1.618154, train_acc = 85.87% val_acc = 91.62%
Epoch 21, cost = 1.599405, train_acc = 86.29% val_acc = 90.09%
Epoch 22, cost = 1.588361, train_acc = 88.13% val_acc = 92.57%
Epoch 23, cost = 1.574575, train_acc = 89.60% val_acc = 93.15%
Epoch 24, cost = 1.567418, train_acc = 90.37% val_acc = 94.03%
Epoch 25, cost = 1.560851, train_acc = 90.99% val_acc = 94.10%
Epoch 26, cost = 1.553705, train_acc = 91.32% val_acc = 94.31%
Epoch 27, cost = 1.547053, train_acc = 92.30% val_acc = 94.44%
Epoch 28, cost = 1.542353, train_acc = 92.03% val_acc = 94.30%
Epoch 29, cost = 1.541515, train_acc = 92.40% val_acc = 93.96%
Epoch 30, cost = 1.540747, train_acc = 92.70% val_acc = 94.41%
Epoch 31, cost = 1.537835, train_acc = 93.28% val_acc = 95.00%
Epoch 32, cost = 1.532720, train_acc = 93.16% val_acc = 94.57%
Epoch 33, cost = 1.533104, train_acc = 93.12% val_acc = 94.66%
Epoch 34, cost = 1.526189, train_acc = 93.79% val_acc = 94.98%
Epoch 35, cost = 1.523542, train_acc = 93.11% val_acc = 94.84%
Epoch 36, cost = 1.524590, train_acc = 93.58% val_acc = 94.54%
Epoch 37, cost = 1.525881, train_acc = 93.70% val_acc = 95.29%
Epoch 38, cost = 1.527276, train_acc = 93.98% val_acc = 94.94%
Epoch 39, cost = 1.523807, train_acc = 94.00% val_acc = 95.18%
Epoch 40, cost = 1.523894, train_acc = 94.23% val_acc = 95.67%
Epoch 41, cost = 1.518357, train_acc = 94.40% val_acc = 95.11%
Epoch 42, cost = 1.520056, train_acc = 94.38% val_acc = 95.21%
Epoch 43, cost = 1.515873, train_acc = 95.01% val_acc = 95.87%
Epoch 44, cost = 1.515657, train_acc = 94.23% val_acc = 95.08%
Epoch 45, cost = 1.515969, train_acc = 95.12% val_acc = 96.03%
Epoch 46, cost = 1.511965, train_acc = 95.51% val_acc = 96.23%
Epoch 47, cost = 1.508834, train_acc = 95.45% val_acc = 95.92%
Epoch 48, cost = 1.509318, train_acc = 95.43% val_acc = 95.81%
Epoch 49, cost = 1.511101, train_acc = 94.32% val_acc = 95.58%
Epoch 50, cost = 1.510447, train_acc = 94.91% val_acc = 96.01%
Epoch 51, cost = 1.511511, train_acc = 94.73% val_acc = 94.96%
Epoch 52, cost = 1.509871, train_acc = 95.73% val_acc = 96.09%
Epoch 53, cost = 1.509167, train_acc = 95.37% val_acc = 95.62%
Epoch 54, cost = 1.509266, train_acc = 94.69% val_acc = 95.87%
Epoch 55, cost = 1.506507, train_acc = 95.48% val_acc = 95.64%
Epoch 56, cost = 1.502761, train_acc = 94.93% val_acc = 95.42%
Epoch 57, cost = 1.501196, train_acc = 96.17% val_acc = 96.14%
Epoch 58, cost = 1.499773, train_acc = 95.34% val_acc = 95.65%
Epoch 59, cost = 1.501373, train_acc = 96.13% val_acc = 96.45%
Epoch 60, cost = 1.501963, train_acc = 95.51% val_acc = 95.65%
Epoch 61, cost = 1.501468, train_acc = 96.41% val_acc = 96.41%
Epoch 62, cost = 1.500129, train_acc = 96.59% val_acc = 96.37%
Epoch 63, cost = 1.497901, train_acc = 95.30% val_acc = 95.54%
Epoch 64, cost = 1.494978, train_acc = 96.16% val_acc = 96.31%
Epoch 65, cost = 1.495558, train_acc = 96.77% val_acc = 96.49%
Epoch 66, cost = 1.498223, train_acc = 95.80% val_acc = 95.78%
Epoch 67, cost = 1.495724, train_acc = 96.31% val_acc = 96.38%
Epoch 68, cost = 1.496867, train_acc = 96.40% val_acc = 96.47%
Epoch 69, cost = 1.496046, train_acc = 96.55% val_acc = 96.48%
Epoch 70, cost = 1.499841, train_acc = 96.48% val_acc = 96.58%
Epoch 71, cost = 1.497366, train_acc = 96.70% val_acc = 96.60%
Epoch 72, cost = 1.497164, train_acc = 94.99% val_acc = 94.73%
Epoch 73, cost = 1.496349, train_acc = 96.75% val_acc = 96.32%
Epoch 74, cost = 1.498377, train_acc = 95.69% val_acc = 95.71%
Epoch 75, cost = 1.496222, train_acc = 96.03% val_acc = 96.20%
Epoch 76, cost = 1.496390, train_acc = 96.99% val_acc = 96.57%
Epoch 77, cost = 1.492050, train_acc = 97.00% val_acc = 96.93%
Epoch 78, cost = 1.495054, train_acc = 97.02% val_acc = 96.66%
Epoch 79, cost = 1.492509, train_acc = 97.17% val_acc = 96.77%
Epoch 80, cost = 1.492429, train_acc = 96.92% val_acc = 96.63%
Epoch 81, cost = 1.490676, train_acc = 97.43% val_acc = 96.88%
Epoch 82, cost = 1.492245, train_acc = 96.68% val_acc = 96.26%
Epoch 83, cost = 1.489406, train_acc = 96.90% val_acc = 96.40%
Epoch 84, cost = 1.490274, train_acc = 97.21% val_acc = 96.70%
Epoch 85, cost = 1.489980, train_acc = 97.47% val_acc = 96.91%
Epoch 86, cost = 1.490004, train_acc = 97.06% val_acc = 96.55%
Epoch 87, cost = 1.489738, train_acc = 97.05% val_acc = 96.65%
Epoch 88, cost = 1.489352, train_acc = 97.26% val_acc = 96.96%
Epoch 89, cost = 1.488755, train_acc = 97.04% val_acc = 96.76%
Epoch 90, cost = 1.490364, train_acc = 97.34% val_acc = 96.61%
Epoch 91, cost = 1.489376, train_acc = 97.10% val_acc = 96.67%
Epoch 92, cost = 1.488058, train_acc = 97.28% val_acc = 96.39%
Epoch 93, cost = 1.488581, train_acc = 97.49% val_acc = 96.87%
Epoch 94, cost = 1.487307, train_acc = 97.37% val_acc = 96.55%
Epoch 95, cost = 1.486448, train_acc = 97.69% val_acc = 97.02%
Epoch 96, cost = 1.489549, train_acc = 97.43% val_acc = 96.75%
Epoch 97, cost = 1.486612, train_acc = 97.56% val_acc = 96.74%
Epoch 98, cost = 1.486191, train_acc = 97.60% val_acc = 96.96%
Epoch 99, cost = 1.485492, train_acc = 97.56% val_acc = 96.77%
Epoch 100, cost = 1.483020, train_acc = 97.64% val_acc = 96.57%
Epoch 101, cost = 1.486760, train_acc = 97.60% val_acc = 96.94%
Epoch 102, cost = 1.484949, train_acc = 97.71% val_acc = 96.77%
Epoch 103, cost = 1.485233, train_acc = 97.99% val_acc = 96.96%
Epoch 104, cost = 1.483042, train_acc = 97.83% val_acc = 96.82%
Epoch 105, cost = 1.483039, train_acc = 97.84% val_acc = 97.06%
Epoch 106, cost = 1.484357, train_acc = 97.87% val_acc = 96.85%
Epoch 107, cost = 1.485205, train_acc = 97.68% val_acc = 96.89%
Epoch 108, cost = 1.485007, train_acc = 97.50% val_acc = 96.72%
Epoch 109, cost = 1.483383, train_acc = 98.09% val_acc = 97.13%
Epoch 110, cost = 1.486157, train_acc = 97.23% val_acc = 96.25%
Epoch 111, cost = 1.484532, train_acc = 97.25% val_acc = 96.66%
Epoch 112, cost = 1.486332, train_acc = 97.68% val_acc = 96.94%
Epoch 113, cost = 1.489065, train_acc = 97.54% val_acc = 96.71%
Epoch 114, cost = 1.485488, train_acc = 97.89% val_acc = 97.17%
Epoch 115, cost = 1.484993, train_acc = 98.03% val_acc = 97.00%
Epoch 116, cost = 1.483284, train_acc = 97.84% val_acc = 97.18%
Epoch 117, cost = 1.483514, train_acc = 97.81% val_acc = 96.85%
Epoch 118, cost = 1.482758, train_acc = 97.86% val_acc = 96.64%
Epoch 119, cost = 1.483377, train_acc = 98.26% val_acc = 97.25%
Epoch 120, cost = 1.481423, train_acc = 98.13% val_acc = 97.30%
Epoch 121, cost = 1.481872, train_acc = 98.04% val_acc = 97.08%
Epoch 122, cost = 1.480207, train_acc = 97.99% val_acc = 96.78%
Epoch 123, cost = 1.481913, train_acc = 97.94% val_acc = 97.23%
Epoch 124, cost = 1.480908, train_acc = 97.64% val_acc = 96.76%
Epoch 125, cost = 1.481825, train_acc = 98.08% val_acc = 97.07%
Epoch 126, cost = 1.485507, train_acc = 97.80% val_acc = 96.54%
Epoch 127, cost = 1.482761, train_acc = 98.26% val_acc = 97.05%
Epoch 128, cost = 1.478417, train_acc = 98.29% val_acc = 97.15%
Epoch 129, cost = 1.482971, train_acc = 97.89% val_acc = 97.07%
Epoch 130, cost = 1.479806, train_acc = 97.87% val_acc = 96.88%
Epoch 131, cost = 1.481143, train_acc = 98.05% val_acc = 96.56%
Epoch 132, cost = 1.480209, train_acc = 98.06% val_acc = 96.80%
Epoch 133, cost = 1.479189, train_acc = 97.99% val_acc = 96.51%
Epoch 134, cost = 1.481392, train_acc = 98.13% val_acc = 97.01%
Epoch 135, cost = 1.480511, train_acc = 98.32% val_acc = 97.03%
Epoch 136, cost = 1.479309, train_acc = 98.50% val_acc = 97.21%
Epoch 137, cost = 1.478468, train_acc = 98.30% val_acc = 97.19%
Epoch 138, cost = 1.479669, train_acc = 97.67% val_acc = 96.91%
Epoch 139, cost = 1.480395, train_acc = 98.29% val_acc = 97.09%
Epoch 140, cost = 1.480520, train_acc = 98.36% val_acc = 97.15%
Epoch 141, cost = 1.479300, train_acc = 98.24% val_acc = 97.16%
Epoch 142, cost = 1.480428, train_acc = 97.94% val_acc = 96.89%
Epoch 143, cost = 1.480280, train_acc = 98.21% val_acc = 97.04%
Epoch 144, cost = 1.479106, train_acc = 98.12% val_acc = 97.05%
Epoch 145, cost = 1.479279, train_acc = 98.28% val_acc = 97.09%
Epoch 146, cost = 1.481033, train_acc = 98.35% val_acc = 97.06%
Epoch 147, cost = 1.480039, train_acc = 97.84% val_acc = 96.48%
Epoch 148, cost = 1.481009, train_acc = 98.29% val_acc = 97.26%
Epoch 149, cost = 1.480338, train_acc = 98.22% val_acc = 97.17%
