Loading Training Data
Loading Validation Data
Creating Data Loaders
Training Fun Time!!!
Epoch 1, cost = 2.303497, train_acc = 17.88% val_acc = 19.89%
Epoch 2, cost = 2.302193, train_acc = 23.93% val_acc = 28.08%
Epoch 3, cost = 2.295738, train_acc = 19.30% val_acc = 22.17%
Epoch 4, cost = 2.161078, train_acc = 47.04% val_acc = 55.00%
Epoch 5, cost = 1.968776, train_acc = 53.78% val_acc = 60.53%
Epoch 6, cost = 1.904944, train_acc = 59.96% val_acc = 68.43%
Epoch 7, cost = 1.842249, train_acc = 63.30% val_acc = 70.74%
Epoch 8, cost = 1.820542, train_acc = 65.98% val_acc = 71.98%
Epoch 9, cost = 1.804056, train_acc = 66.61% val_acc = 72.13%
Epoch 10, cost = 1.794215, train_acc = 68.25% val_acc = 73.27%
Epoch 11, cost = 1.780982, train_acc = 69.30% val_acc = 74.03%
Epoch 12, cost = 1.771490, train_acc = 70.24% val_acc = 74.27%
Epoch 13, cost = 1.764496, train_acc = 70.48% val_acc = 74.47%
Epoch 14, cost = 1.759331, train_acc = 71.16% val_acc = 74.82%
Epoch 15, cost = 1.753321, train_acc = 71.64% val_acc = 75.56%
Epoch 16, cost = 1.747651, train_acc = 71.96% val_acc = 75.24%
Epoch 17, cost = 1.743186, train_acc = 70.27% val_acc = 74.53%
Epoch 18, cost = 1.713258, train_acc = 77.50% val_acc = 82.04%
Epoch 19, cost = 1.681233, train_acc = 79.49% val_acc = 83.34%
Epoch 20, cost = 1.669408, train_acc = 80.06% val_acc = 83.67%
Epoch 21, cost = 1.662185, train_acc = 80.76% val_acc = 84.59%
Epoch 22, cost = 1.655860, train_acc = 81.16% val_acc = 84.61%
Epoch 23, cost = 1.639495, train_acc = 86.36% val_acc = 90.63%
Epoch 24, cost = 1.596624, train_acc = 88.23% val_acc = 92.55%
Epoch 25, cost = 1.583231, train_acc = 88.87% val_acc = 92.97%
Epoch 26, cost = 1.577038, train_acc = 89.37% val_acc = 92.74%
Epoch 27, cost = 1.569102, train_acc = 89.93% val_acc = 92.80%
Epoch 28, cost = 1.568911, train_acc = 90.12% val_acc = 93.02%
Epoch 29, cost = 1.563908, train_acc = 90.92% val_acc = 93.96%
Epoch 30, cost = 1.559592, train_acc = 90.90% val_acc = 93.77%
Epoch 31, cost = 1.556566, train_acc = 90.75% val_acc = 93.64%
Epoch 32, cost = 1.555535, train_acc = 91.31% val_acc = 94.14%
Epoch 33, cost = 1.555546, train_acc = 91.75% val_acc = 94.42%
Epoch 34, cost = 1.551158, train_acc = 91.80% val_acc = 94.23%
Epoch 35, cost = 1.549605, train_acc = 91.89% val_acc = 94.58%
Epoch 36, cost = 1.548359, train_acc = 91.43% val_acc = 94.27%
Epoch 37, cost = 1.545776, train_acc = 92.02% val_acc = 94.27%
Epoch 38, cost = 1.545245, train_acc = 92.39% val_acc = 94.52%
Epoch 39, cost = 1.541905, train_acc = 92.37% val_acc = 94.88%
Epoch 40, cost = 1.540904, train_acc = 92.46% val_acc = 94.54%
Epoch 41, cost = 1.540775, train_acc = 92.26% val_acc = 94.55%
Epoch 42, cost = 1.538791, train_acc = 92.33% val_acc = 94.42%
Epoch 43, cost = 1.536844, train_acc = 92.67% val_acc = 94.36%
Epoch 44, cost = 1.537096, train_acc = 92.67% val_acc = 94.72%
Epoch 45, cost = 1.535946, train_acc = 92.94% val_acc = 95.11%
Epoch 46, cost = 1.537801, train_acc = 92.71% val_acc = 94.73%
Epoch 47, cost = 1.534698, train_acc = 93.29% val_acc = 94.68%
Epoch 48, cost = 1.533313, train_acc = 93.01% val_acc = 94.82%
Epoch 49, cost = 1.532468, train_acc = 92.98% val_acc = 95.08%
Epoch 50, cost = 1.531426, train_acc = 93.07% val_acc = 95.27%
Epoch 51, cost = 1.529481, train_acc = 93.56% val_acc = 95.12%
Epoch 52, cost = 1.528436, train_acc = 93.67% val_acc = 94.93%
Epoch 53, cost = 1.528864, train_acc = 94.23% val_acc = 95.30%
Epoch 54, cost = 1.527748, train_acc = 94.00% val_acc = 95.43%
Epoch 55, cost = 1.526568, train_acc = 93.80% val_acc = 95.14%
Epoch 56, cost = 1.524470, train_acc = 94.04% val_acc = 95.31%
Epoch 57, cost = 1.524367, train_acc = 93.99% val_acc = 95.45%
Epoch 58, cost = 1.524222, train_acc = 94.16% val_acc = 95.22%
Epoch 59, cost = 1.524370, train_acc = 94.05% val_acc = 95.29%
Epoch 60, cost = 1.526023, train_acc = 94.27% val_acc = 95.51%
Epoch 61, cost = 1.524835, train_acc = 94.10% val_acc = 95.26%
Epoch 62, cost = 1.522607, train_acc = 93.68% val_acc = 95.13%
Epoch 63, cost = 1.521699, train_acc = 94.04% val_acc = 95.58%
Epoch 64, cost = 1.521578, train_acc = 94.29% val_acc = 95.12%
Epoch 65, cost = 1.521453, train_acc = 94.46% val_acc = 95.26%
Epoch 66, cost = 1.521334, train_acc = 94.67% val_acc = 95.34%
Epoch 67, cost = 1.520285, train_acc = 94.53% val_acc = 95.63%
Epoch 68, cost = 1.518841, train_acc = 94.08% val_acc = 95.16%
Epoch 69, cost = 1.518236, train_acc = 94.59% val_acc = 95.51%
Epoch 70, cost = 1.518686, train_acc = 94.74% val_acc = 95.62%
Epoch 71, cost = 1.520146, train_acc = 94.76% val_acc = 95.75%
Epoch 72, cost = 1.517387, train_acc = 94.84% val_acc = 95.82%
Epoch 73, cost = 1.517128, train_acc = 94.70% val_acc = 95.68%
Epoch 74, cost = 1.516605, train_acc = 94.55% val_acc = 95.47%
Epoch 75, cost = 1.516271, train_acc = 94.90% val_acc = 95.71%
Epoch 76, cost = 1.515896, train_acc = 94.88% val_acc = 95.96%
Epoch 77, cost = 1.513839, train_acc = 94.79% val_acc = 95.63%
Epoch 78, cost = 1.514991, train_acc = 95.01% val_acc = 95.64%
Epoch 79, cost = 1.514356, train_acc = 94.76% val_acc = 95.56%
Epoch 80, cost = 1.515295, train_acc = 94.99% val_acc = 95.84%
Epoch 81, cost = 1.514493, train_acc = 95.11% val_acc = 95.82%
Epoch 82, cost = 1.513867, train_acc = 95.12% val_acc = 95.48%
Epoch 83, cost = 1.514425, train_acc = 95.33% val_acc = 95.77%
Epoch 84, cost = 1.513245, train_acc = 95.23% val_acc = 95.77%
Epoch 85, cost = 1.512765, train_acc = 95.26% val_acc = 95.66%
Epoch 86, cost = 1.512180, train_acc = 95.26% val_acc = 95.86%
Epoch 87, cost = 1.511968, train_acc = 95.33% val_acc = 95.72%
Epoch 88, cost = 1.510645, train_acc = 95.18% val_acc = 95.49%
Epoch 89, cost = 1.511560, train_acc = 95.49% val_acc = 95.56%
Epoch 90, cost = 1.509887, train_acc = 95.21% val_acc = 95.63%
Epoch 91, cost = 1.508836, train_acc = 95.51% val_acc = 96.00%
Epoch 92, cost = 1.510266, train_acc = 94.97% val_acc = 95.44%
Epoch 93, cost = 1.510493, train_acc = 95.51% val_acc = 96.00%
Epoch 94, cost = 1.508868, train_acc = 95.30% val_acc = 95.68%
Epoch 95, cost = 1.510300, train_acc = 95.59% val_acc = 95.95%
Epoch 96, cost = 1.508290, train_acc = 95.21% val_acc = 95.51%
Epoch 97, cost = 1.510624, train_acc = 95.57% val_acc = 95.92%
Epoch 98, cost = 1.509045, train_acc = 95.54% val_acc = 95.82%
Epoch 99, cost = 1.509688, train_acc = 95.38% val_acc = 95.79%
Epoch 100, cost = 1.507526, train_acc = 95.62% val_acc = 95.95%
Epoch 101, cost = 1.508406, train_acc = 95.69% val_acc = 95.93%
Epoch 102, cost = 1.508387, train_acc = 95.72% val_acc = 95.87%
Epoch 103, cost = 1.507395, train_acc = 95.53% val_acc = 95.77%
Epoch 104, cost = 1.508103, train_acc = 95.64% val_acc = 95.91%
Epoch 105, cost = 1.507001, train_acc = 95.58% val_acc = 95.88%
Epoch 106, cost = 1.506055, train_acc = 96.00% val_acc = 96.07%
Epoch 107, cost = 1.506150, train_acc = 95.73% val_acc = 96.34%
Epoch 108, cost = 1.505817, train_acc = 95.99% val_acc = 96.24%
Epoch 109, cost = 1.504982, train_acc = 95.80% val_acc = 95.69%
Epoch 110, cost = 1.508103, train_acc = 95.48% val_acc = 95.84%
Epoch 111, cost = 1.504992, train_acc = 95.89% val_acc = 96.00%
Epoch 112, cost = 1.504374, train_acc = 96.02% val_acc = 95.96%
Epoch 113, cost = 1.504210, train_acc = 95.85% val_acc = 96.04%
Epoch 114, cost = 1.503264, train_acc = 96.05% val_acc = 96.12%
Epoch 115, cost = 1.503381, train_acc = 95.99% val_acc = 95.92%
Epoch 116, cost = 1.503771, train_acc = 95.67% val_acc = 95.78%
Epoch 117, cost = 1.503876, train_acc = 95.40% val_acc = 96.08%
Epoch 118, cost = 1.504320, train_acc = 96.16% val_acc = 96.22%
Epoch 119, cost = 1.504448, train_acc = 96.05% val_acc = 96.21%
Epoch 120, cost = 1.504233, train_acc = 95.99% val_acc = 96.09%
Epoch 121, cost = 1.502418, train_acc = 96.10% val_acc = 96.41%
Epoch 122, cost = 1.502517, train_acc = 96.07% val_acc = 96.17%
Epoch 123, cost = 1.503160, train_acc = 96.19% val_acc = 96.12%
Epoch 124, cost = 1.501348, train_acc = 96.24% val_acc = 96.23%
Epoch 125, cost = 1.502186, train_acc = 96.32% val_acc = 96.19%
Epoch 126, cost = 1.501364, train_acc = 96.10% val_acc = 96.46%
Epoch 127, cost = 1.501998, train_acc = 95.94% val_acc = 95.98%
Epoch 128, cost = 1.500756, train_acc = 96.22% val_acc = 96.18%
Epoch 129, cost = 1.501027, train_acc = 96.19% val_acc = 96.42%
Epoch 130, cost = 1.500950, train_acc = 96.12% val_acc = 96.13%
Epoch 131, cost = 1.501062, train_acc = 96.41% val_acc = 96.45%
Epoch 132, cost = 1.500128, train_acc = 96.42% val_acc = 96.55%
Epoch 133, cost = 1.499878, train_acc = 96.31% val_acc = 96.39%
Epoch 134, cost = 1.501250, train_acc = 96.42% val_acc = 96.61%
Epoch 135, cost = 1.501717, train_acc = 96.36% val_acc = 96.49%
Epoch 136, cost = 1.499489, train_acc = 96.50% val_acc = 96.49%
Epoch 137, cost = 1.499738, train_acc = 96.07% val_acc = 96.05%
Epoch 138, cost = 1.499639, train_acc = 96.56% val_acc = 96.37%
Epoch 139, cost = 1.498713, train_acc = 96.45% val_acc = 96.22%
Epoch 140, cost = 1.499066, train_acc = 96.40% val_acc = 96.37%
Epoch 141, cost = 1.499361, train_acc = 96.15% val_acc = 96.22%
Epoch 142, cost = 1.499868, train_acc = 96.47% val_acc = 96.23%
Epoch 143, cost = 1.497818, train_acc = 96.47% val_acc = 96.23%
Epoch 144, cost = 1.498551, train_acc = 96.40% val_acc = 96.45%
Epoch 145, cost = 1.498495, train_acc = 96.59% val_acc = 96.26%
Epoch 146, cost = 1.498475, train_acc = 96.46% val_acc = 96.19%
Epoch 147, cost = 1.496927, train_acc = 96.68% val_acc = 96.38%
Epoch 148, cost = 1.497821, train_acc = 96.66% val_acc = 96.38%
Epoch 149, cost = 1.498356, train_acc = 96.60% val_acc = 96.26%
Epoch 150, cost = 1.497643, train_acc = 96.70% val_acc = 96.53%
Epoch 151, cost = 1.497149, train_acc = 96.66% val_acc = 96.38%
Epoch 152, cost = 1.496711, train_acc = 96.51% val_acc = 96.39%
Epoch 153, cost = 1.498131, train_acc = 96.84% val_acc = 96.41%
Epoch 154, cost = 1.496488, train_acc = 96.76% val_acc = 96.53%
Epoch 155, cost = 1.497205, train_acc = 96.63% val_acc = 96.27%
Epoch 156, cost = 1.496599, train_acc = 96.73% val_acc = 96.52%
Epoch 157, cost = 1.497698, train_acc = 96.56% val_acc = 96.48%
Epoch 158, cost = 1.495471, train_acc = 96.81% val_acc = 96.26%
Epoch 159, cost = 1.497517, train_acc = 96.67% val_acc = 96.42%
Epoch 160, cost = 1.496658, train_acc = 96.46% val_acc = 96.56%
Epoch 161, cost = 1.496322, train_acc = 96.75% val_acc = 96.39%
Epoch 162, cost = 1.496315, train_acc = 96.76% val_acc = 96.22%
Epoch 163, cost = 1.495297, train_acc = 96.84% val_acc = 96.32%
Epoch 164, cost = 1.496216, train_acc = 96.78% val_acc = 96.39%
Epoch 165, cost = 1.495727, train_acc = 96.59% val_acc = 96.20%
Epoch 166, cost = 1.496238, train_acc = 96.68% val_acc = 96.20%
Epoch 167, cost = 1.497036, train_acc = 96.59% val_acc = 96.35%
Epoch 168, cost = 1.494521, train_acc = 96.86% val_acc = 96.62%
Epoch 169, cost = 1.494637, train_acc = 97.04% val_acc = 96.36%
Epoch 170, cost = 1.494556, train_acc = 96.74% val_acc = 96.44%
Epoch 171, cost = 1.494757, train_acc = 96.67% val_acc = 96.21%
Epoch 172, cost = 1.494457, train_acc = 96.74% val_acc = 96.33%
Epoch 173, cost = 1.494801, train_acc = 96.79% val_acc = 96.67%
Epoch 174, cost = 1.494195, train_acc = 97.04% val_acc = 96.72%
Epoch 175, cost = 1.494433, train_acc = 97.02% val_acc = 96.50%
Epoch 176, cost = 1.494863, train_acc = 96.91% val_acc = 96.55%
Epoch 177, cost = 1.493831, train_acc = 96.98% val_acc = 96.33%
Epoch 178, cost = 1.492699, train_acc = 96.81% val_acc = 96.44%
Epoch 179, cost = 1.493073, train_acc = 96.66% val_acc = 96.02%
Epoch 180, cost = 1.492993, train_acc = 97.03% val_acc = 96.71%
Epoch 181, cost = 1.494783, train_acc = 97.06% val_acc = 96.59%
Epoch 182, cost = 1.493545, train_acc = 96.79% val_acc = 96.16%
Epoch 183, cost = 1.494117, train_acc = 96.69% val_acc = 96.41%
Epoch 184, cost = 1.493221, train_acc = 97.14% val_acc = 96.35%
Epoch 185, cost = 1.493174, train_acc = 96.92% val_acc = 96.39%
Epoch 186, cost = 1.493307, train_acc = 97.02% val_acc = 96.73%
Epoch 187, cost = 1.492887, train_acc = 96.94% val_acc = 96.47%
Epoch 188, cost = 1.492054, train_acc = 96.97% val_acc = 96.70%
Epoch 189, cost = 1.492530, train_acc = 97.23% val_acc = 96.62%
Epoch 190, cost = 1.493369, train_acc = 97.15% val_acc = 96.32%
Epoch 191, cost = 1.493581, train_acc = 97.17% val_acc = 96.56%
Epoch 192, cost = 1.490913, train_acc = 97.11% val_acc = 96.44%
Epoch 193, cost = 1.491982, train_acc = 97.07% val_acc = 96.37%
Epoch 194, cost = 1.492286, train_acc = 97.09% val_acc = 96.59%
Epoch 195, cost = 1.492527, train_acc = 96.92% val_acc = 96.46%
Epoch 196, cost = 1.491996, train_acc = 97.07% val_acc = 96.51%
Epoch 197, cost = 1.493090, train_acc = 97.05% val_acc = 96.47%
Epoch 198, cost = 1.493397, train_acc = 97.17% val_acc = 96.65%
Epoch 199, cost = 1.491544, train_acc = 97.16% val_acc = 96.46%
Epoch 200, cost = 1.492104, train_acc = 97.11% val_acc = 96.60%
Epoch 201, cost = 1.492309, train_acc = 96.99% val_acc = 96.50%
Epoch 202, cost = 1.490550, train_acc = 97.08% val_acc = 96.59%
Epoch 203, cost = 1.491274, train_acc = 96.87% val_acc = 96.37%
Epoch 204, cost = 1.491055, train_acc = 97.02% val_acc = 96.44%
Epoch 205, cost = 1.490459, train_acc = 97.37% val_acc = 96.83%
Epoch 206, cost = 1.491726, train_acc = 97.01% val_acc = 96.51%
Epoch 207, cost = 1.491478, train_acc = 97.30% val_acc = 96.67%
Epoch 208, cost = 1.491188, train_acc = 97.00% val_acc = 96.64%
Epoch 209, cost = 1.491227, train_acc = 97.18% val_acc = 96.59%
Epoch 210, cost = 1.489483, train_acc = 97.25% val_acc = 96.56%
Epoch 211, cost = 1.491747, train_acc = 97.29% val_acc = 96.76%
Epoch 212, cost = 1.491180, train_acc = 97.13% val_acc = 96.69%
Epoch 213, cost = 1.492343, train_acc = 97.27% val_acc = 96.95%
Epoch 214, cost = 1.491338, train_acc = 97.19% val_acc = 96.90%
Epoch 215, cost = 1.490432, train_acc = 97.25% val_acc = 96.74%
Epoch 216, cost = 1.490064, train_acc = 97.36% val_acc = 96.67%
Epoch 217, cost = 1.490450, train_acc = 97.42% val_acc = 96.65%
Epoch 218, cost = 1.491164, train_acc = 97.30% val_acc = 97.03%
Epoch 219, cost = 1.489372, train_acc = 97.10% val_acc = 96.46%
Epoch 220, cost = 1.491544, train_acc = 97.40% val_acc = 96.66%
Epoch 221, cost = 1.489195, train_acc = 97.53% val_acc = 96.76%
Epoch 222, cost = 1.489283, train_acc = 97.21% val_acc = 96.64%
Epoch 223, cost = 1.490352, train_acc = 97.30% val_acc = 96.50%
Epoch 224, cost = 1.490480, train_acc = 97.51% val_acc = 96.75%
Epoch 225, cost = 1.489172, train_acc = 97.48% val_acc = 96.76%
Epoch 226, cost = 1.488840, train_acc = 97.34% val_acc = 96.58%
Epoch 227, cost = 1.488038, train_acc = 97.38% val_acc = 96.84%
Epoch 228, cost = 1.489852, train_acc = 97.34% val_acc = 96.81%
Epoch 229, cost = 1.489754, train_acc = 97.39% val_acc = 96.74%
Epoch 230, cost = 1.488924, train_acc = 97.35% val_acc = 96.68%
Epoch 231, cost = 1.488481, train_acc = 97.51% val_acc = 96.77%
Epoch 232, cost = 1.489216, train_acc = 97.51% val_acc = 96.74%
Epoch 233, cost = 1.489964, train_acc = 97.42% val_acc = 96.56%
Epoch 234, cost = 1.489912, train_acc = 97.26% val_acc = 96.45%
Epoch 235, cost = 1.489283, train_acc = 97.41% val_acc = 96.55%
Epoch 236, cost = 1.487484, train_acc = 97.49% val_acc = 96.59%
Epoch 237, cost = 1.488734, train_acc = 97.26% val_acc = 96.54%
Epoch 238, cost = 1.490326, train_acc = 97.46% val_acc = 96.83%
Epoch 239, cost = 1.488697, train_acc = 97.18% val_acc = 96.51%
Epoch 240, cost = 1.488943, train_acc = 97.31% val_acc = 96.18%
Epoch 241, cost = 1.490027, train_acc = 97.42% val_acc = 96.74%
Epoch 242, cost = 1.488429, train_acc = 97.41% val_acc = 96.49%
Epoch 243, cost = 1.488644, train_acc = 97.40% val_acc = 96.79%
Epoch 244, cost = 1.488162, train_acc = 97.47% val_acc = 96.75%
Epoch 245, cost = 1.487935, train_acc = 97.41% val_acc = 96.51%
Epoch 246, cost = 1.487612, train_acc = 97.53% val_acc = 96.78%
Epoch 247, cost = 1.488815, train_acc = 97.59% val_acc = 97.06%
Epoch 248, cost = 1.489670, train_acc = 97.56% val_acc = 96.72%
Epoch 249, cost = 1.488737, train_acc = 97.59% val_acc = 96.97%
Epoch 250, cost = 1.488037, train_acc = 97.57% val_acc = 96.84%
Epoch 251, cost = 1.487267, train_acc = 97.61% val_acc = 96.72%
Epoch 252, cost = 1.488595, train_acc = 97.54% val_acc = 96.79%
Epoch 253, cost = 1.488825, train_acc = 97.46% val_acc = 96.62%
Epoch 254, cost = 1.487230, train_acc = 97.57% val_acc = 96.90%
Epoch 255, cost = 1.486869, train_acc = 97.67% val_acc = 96.94%
Epoch 256, cost = 1.488426, train_acc = 97.64% val_acc = 96.94%
Epoch 257, cost = 1.488614, train_acc = 97.64% val_acc = 96.64%
Epoch 258, cost = 1.488160, train_acc = 97.59% val_acc = 96.71%
Epoch 259, cost = 1.487711, train_acc = 97.55% val_acc = 96.54%
Epoch 260, cost = 1.486996, train_acc = 97.52% val_acc = 96.88%
Epoch 261, cost = 1.487535, train_acc = 97.63% val_acc = 97.12%
Epoch 262, cost = 1.487031, train_acc = 97.57% val_acc = 96.98%
Epoch 263, cost = 1.486384, train_acc = 97.39% val_acc = 96.90%
Epoch 264, cost = 1.487659, train_acc = 97.63% val_acc = 96.87%
Epoch 265, cost = 1.487519, train_acc = 97.86% val_acc = 96.90%
Epoch 266, cost = 1.486774, train_acc = 97.73% val_acc = 96.92%
Epoch 267, cost = 1.487370, train_acc = 97.60% val_acc = 96.78%
Epoch 268, cost = 1.488568, train_acc = 97.75% val_acc = 96.83%
Epoch 269, cost = 1.488780, train_acc = 97.29% val_acc = 96.58%
Epoch 270, cost = 1.486182, train_acc = 97.71% val_acc = 96.92%
Epoch 271, cost = 1.486477, train_acc = 97.61% val_acc = 96.74%
Epoch 272, cost = 1.486175, train_acc = 97.67% val_acc = 96.95%
Epoch 273, cost = 1.486642, train_acc = 97.27% val_acc = 96.44%
Epoch 274, cost = 1.487140, train_acc = 97.57% val_acc = 96.89%
Epoch 275, cost = 1.487123, train_acc = 97.50% val_acc = 96.79%
Epoch 276, cost = 1.487323, train_acc = 97.71% val_acc = 96.85%
Epoch 277, cost = 1.485829, train_acc = 97.70% val_acc = 97.08%
Epoch 278, cost = 1.486217, train_acc = 97.58% val_acc = 96.84%
Epoch 279, cost = 1.485681, train_acc = 97.49% val_acc = 96.82%
Epoch 280, cost = 1.485450, train_acc = 97.63% val_acc = 96.98%
Epoch 281, cost = 1.486739, train_acc = 97.60% val_acc = 96.95%
Epoch 282, cost = 1.485598, train_acc = 97.81% val_acc = 96.98%
Epoch 283, cost = 1.486833, train_acc = 97.51% val_acc = 96.84%
Epoch 284, cost = 1.486029, train_acc = 97.79% val_acc = 96.94%
Epoch 285, cost = 1.485118, train_acc = 97.77% val_acc = 96.92%
Epoch 286, cost = 1.485944, train_acc = 97.54% val_acc = 96.87%
Epoch 287, cost = 1.486652, train_acc = 97.52% val_acc = 96.97%
Epoch 288, cost = 1.485966, train_acc = 97.71% val_acc = 96.80%
Epoch 289, cost = 1.485916, train_acc = 97.64% val_acc = 96.70%
Epoch 290, cost = 1.486236, train_acc = 97.90% val_acc = 97.06%
Epoch 291, cost = 1.485859, train_acc = 97.77% val_acc = 96.78%
Epoch 292, cost = 1.487610, train_acc = 97.59% val_acc = 96.83%
Epoch 293, cost = 1.487228, train_acc = 97.87% val_acc = 97.10%
Epoch 294, cost = 1.484507, train_acc = 97.77% val_acc = 96.81%
Epoch 295, cost = 1.486381, train_acc = 97.83% val_acc = 96.90%
Epoch 296, cost = 1.484940, train_acc = 97.76% val_acc = 96.91%
Epoch 297, cost = 1.485652, train_acc = 97.80% val_acc = 96.91%
Epoch 298, cost = 1.485340, train_acc = 97.87% val_acc = 96.94%
Epoch 299, cost = 1.484763, train_acc = 97.83% val_acc = 96.78%
Epoch 300, cost = 1.484751, train_acc = 97.70% val_acc = 96.86%
Epoch 301, cost = 1.484651, train_acc = 97.78% val_acc = 96.86%
Epoch 302, cost = 1.484968, train_acc = 97.89% val_acc = 96.78%
Epoch 303, cost = 1.484344, train_acc = 97.73% val_acc = 96.93%
Epoch 304, cost = 1.485933, train_acc = 97.80% val_acc = 96.87%
Epoch 305, cost = 1.486288, train_acc = 97.76% val_acc = 96.75%
Epoch 306, cost = 1.485859, train_acc = 97.80% val_acc = 96.76%
Epoch 307, cost = 1.485758, train_acc = 97.75% val_acc = 97.02%
Epoch 308, cost = 1.485571, train_acc = 97.76% val_acc = 96.85%
Epoch 309, cost = 1.485327, train_acc = 97.95% val_acc = 96.98%
Epoch 310, cost = 1.484807, train_acc = 97.89% val_acc = 96.92%
Epoch 311, cost = 1.484686, train_acc = 97.85% val_acc = 97.00%
Epoch 312, cost = 1.484845, train_acc = 97.85% val_acc = 97.16%
Epoch 313, cost = 1.484856, train_acc = 97.77% val_acc = 97.18%
Epoch 314, cost = 1.484522, train_acc = 97.73% val_acc = 97.00%
Epoch 315, cost = 1.484984, train_acc = 97.58% val_acc = 96.86%
Epoch 316, cost = 1.484025, train_acc = 97.80% val_acc = 97.01%
Epoch 317, cost = 1.484715, train_acc = 97.75% val_acc = 97.05%
Epoch 318, cost = 1.484866, train_acc = 97.83% val_acc = 97.18%
Epoch 319, cost = 1.483510, train_acc = 97.83% val_acc = 96.86%
Epoch 320, cost = 1.484514, train_acc = 97.90% val_acc = 97.03%
Epoch 321, cost = 1.484736, train_acc = 97.97% val_acc = 97.02%
Epoch 322, cost = 1.484214, train_acc = 97.68% val_acc = 96.90%
Epoch 323, cost = 1.484048, train_acc = 97.91% val_acc = 97.15%
Epoch 324, cost = 1.484269, train_acc = 97.81% val_acc = 97.09%
Epoch 325, cost = 1.483376, train_acc = 97.79% val_acc = 97.02%
Epoch 326, cost = 1.484471, train_acc = 97.88% val_acc = 97.02%
Epoch 327, cost = 1.484774, train_acc = 97.92% val_acc = 96.99%
Epoch 328, cost = 1.484764, train_acc = 97.97% val_acc = 97.05%
Epoch 329, cost = 1.483769, train_acc = 98.01% val_acc = 96.99%
Epoch 330, cost = 1.484217, train_acc = 97.86% val_acc = 97.10%
Epoch 331, cost = 1.483798, train_acc = 97.91% val_acc = 97.09%
Epoch 332, cost = 1.483433, train_acc = 97.91% val_acc = 96.94%
Epoch 333, cost = 1.483548, train_acc = 98.04% val_acc = 97.02%
Epoch 334, cost = 1.483419, train_acc = 97.81% val_acc = 96.99%
Epoch 335, cost = 1.483258, train_acc = 97.96% val_acc = 97.24%
Epoch 336, cost = 1.483895, train_acc = 97.93% val_acc = 97.00%
Epoch 337, cost = 1.482357, train_acc = 97.88% val_acc = 96.93%
Epoch 338, cost = 1.483906, train_acc = 97.97% val_acc = 96.97%
Epoch 339, cost = 1.484255, train_acc = 97.95% val_acc = 97.10%
Epoch 340, cost = 1.483805, train_acc = 98.04% val_acc = 97.13%
Epoch 341, cost = 1.483505, train_acc = 97.90% val_acc = 96.98%
Epoch 342, cost = 1.483107, train_acc = 97.97% val_acc = 97.21%
Epoch 343, cost = 1.483023, train_acc = 97.93% val_acc = 97.22%
Epoch 344, cost = 1.484492, train_acc = 97.82% val_acc = 97.24%
Epoch 345, cost = 1.483530, train_acc = 98.00% val_acc = 97.17%
Epoch 346, cost = 1.483013, train_acc = 97.98% val_acc = 97.07%
Epoch 347, cost = 1.483224, train_acc = 98.01% val_acc = 97.17%
Epoch 348, cost = 1.482830, train_acc = 97.99% val_acc = 96.86%
Epoch 349, cost = 1.482831, train_acc = 98.12% val_acc = 97.00%
Epoch 350, cost = 1.483717, train_acc = 97.88% val_acc = 96.85%
Epoch 351, cost = 1.484132, train_acc = 98.04% val_acc = 96.91%
Epoch 352, cost = 1.482658, train_acc = 98.10% val_acc = 97.28%
Epoch 353, cost = 1.483654, train_acc = 97.87% val_acc = 96.85%
Epoch 354, cost = 1.483284, train_acc = 98.14% val_acc = 97.01%
Epoch 355, cost = 1.483369, train_acc = 97.98% val_acc = 96.97%
Epoch 356, cost = 1.483381, train_acc = 97.93% val_acc = 97.06%
Epoch 357, cost = 1.482724, train_acc = 98.15% val_acc = 97.01%
Epoch 358, cost = 1.482617, train_acc = 97.99% val_acc = 96.77%
Epoch 359, cost = 1.482826, train_acc = 98.02% val_acc = 97.12%
Epoch 360, cost = 1.482480, train_acc = 98.13% val_acc = 97.02%
Epoch 361, cost = 1.482800, train_acc = 97.94% val_acc = 96.91%
Epoch 362, cost = 1.482979, train_acc = 98.01% val_acc = 97.24%
Epoch 363, cost = 1.482129, train_acc = 98.05% val_acc = 97.29%
Epoch 364, cost = 1.483385, train_acc = 97.97% val_acc = 97.09%
Epoch 365, cost = 1.481858, train_acc = 98.07% val_acc = 97.04%
Epoch 366, cost = 1.482869, train_acc = 98.11% val_acc = 97.01%
Epoch 367, cost = 1.482166, train_acc = 98.09% val_acc = 97.24%
Epoch 368, cost = 1.482642, train_acc = 98.09% val_acc = 97.38%
Epoch 369, cost = 1.482382, train_acc = 98.05% val_acc = 96.94%
Epoch 370, cost = 1.483060, train_acc = 98.19% val_acc = 97.03%
Epoch 371, cost = 1.482096, train_acc = 98.12% val_acc = 97.05%
Epoch 372, cost = 1.482289, train_acc = 98.10% val_acc = 97.00%
Epoch 373, cost = 1.481552, train_acc = 98.02% val_acc = 97.04%
Epoch 374, cost = 1.483103, train_acc = 97.97% val_acc = 97.02%
Epoch 375, cost = 1.482084, train_acc = 97.99% val_acc = 97.02%
Epoch 376, cost = 1.481932, train_acc = 97.96% val_acc = 97.07%
Epoch 377, cost = 1.482214, train_acc = 98.03% val_acc = 97.22%
Epoch 378, cost = 1.481568, train_acc = 98.20% val_acc = 97.18%
Epoch 379, cost = 1.481400, train_acc = 98.04% val_acc = 97.09%
Epoch 380, cost = 1.481506, train_acc = 97.91% val_acc = 97.12%
Epoch 381, cost = 1.481304, train_acc = 98.07% val_acc = 96.84%
Epoch 382, cost = 1.481565, train_acc = 98.12% val_acc = 96.98%
Epoch 383, cost = 1.481120, train_acc = 98.24% val_acc = 97.18%
Epoch 384, cost = 1.480714, train_acc = 97.99% val_acc = 97.36%
Epoch 385, cost = 1.481135, train_acc = 98.09% val_acc = 97.16%
Epoch 386, cost = 1.482013, train_acc = 97.98% val_acc = 96.99%
Epoch 387, cost = 1.482003, train_acc = 98.03% val_acc = 97.35%
Epoch 388, cost = 1.482284, train_acc = 98.07% val_acc = 97.20%
Epoch 389, cost = 1.482701, train_acc = 98.16% val_acc = 97.09%
Epoch 390, cost = 1.480734, train_acc = 98.03% val_acc = 96.87%
Epoch 391, cost = 1.480814, train_acc = 98.06% val_acc = 96.99%
Epoch 392, cost = 1.481507, train_acc = 98.04% val_acc = 97.05%
Epoch 393, cost = 1.481312, train_acc = 98.07% val_acc = 96.97%
Epoch 394, cost = 1.480925, train_acc = 98.17% val_acc = 96.99%
Epoch 395, cost = 1.482102, train_acc = 98.04% val_acc = 96.86%
Epoch 396, cost = 1.481279, train_acc = 97.99% val_acc = 97.14%
Epoch 397, cost = 1.482994, train_acc = 98.03% val_acc = 96.92%
Epoch 398, cost = 1.481373, train_acc = 98.11% val_acc = 97.14%
Epoch 399, cost = 1.481567, train_acc = 98.23% val_acc = 97.25%
Epoch 400, cost = 1.482132, train_acc = 98.15% val_acc = 96.94%
Epoch 401, cost = 1.481894, train_acc = 98.13% val_acc = 97.01%
Epoch 402, cost = 1.481365, train_acc = 98.13% val_acc = 97.07%
Epoch 403, cost = 1.481924, train_acc = 98.11% val_acc = 97.04%
Epoch 404, cost = 1.480822, train_acc = 98.20% val_acc = 97.17%
Epoch 405, cost = 1.480734, train_acc = 98.08% val_acc = 96.91%
Epoch 406, cost = 1.480368, train_acc = 97.96% val_acc = 96.74%
Epoch 407, cost = 1.480245, train_acc = 98.14% val_acc = 97.18%
Epoch 408, cost = 1.480061, train_acc = 98.20% val_acc = 97.21%
Epoch 409, cost = 1.480990, train_acc = 98.02% val_acc = 96.98%
Epoch 410, cost = 1.480428, train_acc = 98.32% val_acc = 97.16%
Epoch 411, cost = 1.481232, train_acc = 98.06% val_acc = 96.99%
Epoch 412, cost = 1.482245, train_acc = 98.13% val_acc = 96.91%
Epoch 413, cost = 1.480481, train_acc = 98.29% val_acc = 96.82%
Epoch 414, cost = 1.480727, train_acc = 98.30% val_acc = 97.14%
Epoch 415, cost = 1.480695, train_acc = 98.12% val_acc = 97.06%
Epoch 416, cost = 1.481469, train_acc = 98.01% val_acc = 96.93%
Epoch 417, cost = 1.481646, train_acc = 98.12% val_acc = 96.97%
Epoch 418, cost = 1.481134, train_acc = 98.19% val_acc = 97.00%
Epoch 419, cost = 1.479512, train_acc = 98.06% val_acc = 97.18%
Epoch 420, cost = 1.481420, train_acc = 98.07% val_acc = 97.04%
Epoch 421, cost = 1.481753, train_acc = 98.19% val_acc = 97.00%
Epoch 422, cost = 1.480639, train_acc = 98.17% val_acc = 96.92%
Epoch 423, cost = 1.480093, train_acc = 98.16% val_acc = 97.10%
Epoch 424, cost = 1.480650, train_acc = 98.18% val_acc = 97.19%
Epoch 425, cost = 1.480475, train_acc = 98.19% val_acc = 96.84%
Epoch 426, cost = 1.481705, train_acc = 98.22% val_acc = 97.18%
Epoch 427, cost = 1.480199, train_acc = 98.22% val_acc = 97.12%
Epoch 428, cost = 1.480510, train_acc = 98.09% val_acc = 97.19%
Epoch 429, cost = 1.480141, train_acc = 98.24% val_acc = 96.87%
Epoch 430, cost = 1.480112, train_acc = 98.14% val_acc = 97.06%
Epoch 431, cost = 1.481625, train_acc = 98.30% val_acc = 97.08%
Epoch 432, cost = 1.480322, train_acc = 98.02% val_acc = 96.98%
Epoch 433, cost = 1.480575, train_acc = 98.29% val_acc = 97.25%
Epoch 434, cost = 1.480891, train_acc = 98.26% val_acc = 97.07%
Epoch 435, cost = 1.480377, train_acc = 98.27% val_acc = 97.06%
Epoch 436, cost = 1.480806, train_acc = 98.27% val_acc = 97.39%
Epoch 437, cost = 1.480947, train_acc = 98.10% val_acc = 97.25%
Epoch 438, cost = 1.480900, train_acc = 98.22% val_acc = 96.92%
Epoch 439, cost = 1.480188, train_acc = 98.31% val_acc = 97.26%
Epoch 440, cost = 1.480556, train_acc = 98.30% val_acc = 97.11%
Epoch 441, cost = 1.480145, train_acc = 98.19% val_acc = 97.24%
Epoch 442, cost = 1.480694, train_acc = 98.25% val_acc = 97.20%
Epoch 443, cost = 1.479180, train_acc = 98.10% val_acc = 97.28%
Epoch 444, cost = 1.479539, train_acc = 98.18% val_acc = 97.06%
Epoch 445, cost = 1.480457, train_acc = 98.09% val_acc = 97.10%
Epoch 446, cost = 1.480759, train_acc = 98.11% val_acc = 96.69%
Epoch 447, cost = 1.478851, train_acc = 98.33% val_acc = 97.03%
Epoch 448, cost = 1.480328, train_acc = 98.14% val_acc = 96.95%
Epoch 449, cost = 1.479234, train_acc = 98.19% val_acc = 97.00%
Epoch 450, cost = 1.479683, train_acc = 98.19% val_acc = 96.87%
Epoch 451, cost = 1.480128, train_acc = 98.21% val_acc = 96.98%
Epoch 452, cost = 1.479809, train_acc = 98.36% val_acc = 97.03%
Epoch 453, cost = 1.480245, train_acc = 98.29% val_acc = 97.27%
Epoch 454, cost = 1.480192, train_acc = 98.20% val_acc = 96.83%
Epoch 455, cost = 1.479170, train_acc = 98.37% val_acc = 97.10%
Epoch 456, cost = 1.479378, train_acc = 98.23% val_acc = 96.95%
Epoch 457, cost = 1.480447, train_acc = 98.34% val_acc = 97.26%
Epoch 458, cost = 1.479679, train_acc = 98.34% val_acc = 97.25%
Epoch 459, cost = 1.479781, train_acc = 98.16% val_acc = 97.22%
Epoch 460, cost = 1.479521, train_acc = 98.24% val_acc = 97.15%
Epoch 461, cost = 1.479482, train_acc = 98.31% val_acc = 97.14%
Epoch 462, cost = 1.480363, train_acc = 98.25% val_acc = 97.09%
Epoch 463, cost = 1.480862, train_acc = 98.31% val_acc = 97.30%
Epoch 464, cost = 1.480045, train_acc = 98.23% val_acc = 97.15%
Epoch 465, cost = 1.480570, train_acc = 98.28% val_acc = 97.23%
Epoch 466, cost = 1.480251, train_acc = 98.27% val_acc = 97.20%
Epoch 467, cost = 1.479080, train_acc = 98.27% val_acc = 97.19%
Epoch 468, cost = 1.480255, train_acc = 98.22% val_acc = 97.21%
Epoch 469, cost = 1.479501, train_acc = 98.26% val_acc = 97.25%
Epoch 470, cost = 1.478680, train_acc = 98.37% val_acc = 97.46%
Epoch 471, cost = 1.480172, train_acc = 98.07% val_acc = 96.91%
Epoch 472, cost = 1.479537, train_acc = 98.33% val_acc = 97.19%
Epoch 473, cost = 1.480787, train_acc = 98.12% val_acc = 97.23%
Epoch 474, cost = 1.479209, train_acc = 98.30% val_acc = 96.97%
Epoch 475, cost = 1.479020, train_acc = 98.35% val_acc = 97.25%
Epoch 476, cost = 1.479000, train_acc = 98.34% val_acc = 97.07%
Epoch 477, cost = 1.479368, train_acc = 98.35% val_acc = 97.31%
Epoch 478, cost = 1.479990, train_acc = 98.08% val_acc = 96.94%
Epoch 479, cost = 1.479395, train_acc = 98.21% val_acc = 96.83%
Epoch 480, cost = 1.479351, train_acc = 98.21% val_acc = 97.29%
Epoch 481, cost = 1.479173, train_acc = 98.43% val_acc = 97.34%
Epoch 482, cost = 1.479683, train_acc = 98.34% val_acc = 97.30%
Epoch 483, cost = 1.479472, train_acc = 98.32% val_acc = 97.20%
Epoch 484, cost = 1.478751, train_acc = 98.26% val_acc = 97.21%
Epoch 485, cost = 1.480250, train_acc = 98.46% val_acc = 96.96%
Epoch 486, cost = 1.480326, train_acc = 98.18% val_acc = 96.82%
Epoch 487, cost = 1.478863, train_acc = 98.14% val_acc = 97.28%
Epoch 488, cost = 1.479603, train_acc = 98.28% val_acc = 97.28%
Epoch 489, cost = 1.479482, train_acc = 98.29% val_acc = 97.15%
Epoch 490, cost = 1.479222, train_acc = 98.40% val_acc = 97.41%
Epoch 491, cost = 1.478485, train_acc = 98.36% val_acc = 97.25%
Epoch 492, cost = 1.478929, train_acc = 98.41% val_acc = 97.30%
Epoch 493, cost = 1.479600, train_acc = 98.46% val_acc = 97.36%
Epoch 494, cost = 1.478284, train_acc = 98.28% val_acc = 97.29%
Epoch 495, cost = 1.479409, train_acc = 98.19% val_acc = 96.99%
Epoch 496, cost = 1.479484, train_acc = 98.35% val_acc = 97.25%
Epoch 497, cost = 1.479614, train_acc = 98.26% val_acc = 97.00%
Epoch 498, cost = 1.479646, train_acc = 98.38% val_acc = 96.96%
Epoch 499, cost = 1.478845, train_acc = 98.34% val_acc = 97.29%
Epoch 500, cost = 1.479258, train_acc = 98.31% val_acc = 97.19%
Epoch 501, cost = 1.479740, train_acc = 98.44% val_acc = 97.21%
Epoch 502, cost = 1.478191, train_acc = 98.37% val_acc = 97.42%
Epoch 503, cost = 1.478307, train_acc = 98.53% val_acc = 97.11%
Epoch 504, cost = 1.478861, train_acc = 98.28% val_acc = 97.05%
Epoch 505, cost = 1.478278, train_acc = 98.27% val_acc = 97.23%
Epoch 506, cost = 1.478774, train_acc = 98.31% val_acc = 97.00%
Epoch 507, cost = 1.479373, train_acc = 98.41% val_acc = 97.15%
Epoch 508, cost = 1.480176, train_acc = 98.36% val_acc = 97.26%
Epoch 509, cost = 1.477346, train_acc = 98.34% val_acc = 97.06%
Epoch 510, cost = 1.479242, train_acc = 98.40% val_acc = 97.35%
Epoch 511, cost = 1.478388, train_acc = 98.37% val_acc = 97.26%
Epoch 512, cost = 1.479473, train_acc = 98.24% val_acc = 97.05%
Epoch 513, cost = 1.478891, train_acc = 98.34% val_acc = 97.07%
Epoch 514, cost = 1.478386, train_acc = 98.32% val_acc = 97.15%
Epoch 515, cost = 1.479280, train_acc = 98.36% val_acc = 97.13%
Epoch 516, cost = 1.479078, train_acc = 98.52% val_acc = 97.20%
Epoch 517, cost = 1.477373, train_acc = 98.47% val_acc = 97.19%
Epoch 518, cost = 1.478217, train_acc = 98.49% val_acc = 97.21%
Epoch 519, cost = 1.478636, train_acc = 98.51% val_acc = 97.12%
Epoch 520, cost = 1.478515, train_acc = 98.37% val_acc = 97.35%
Epoch 521, cost = 1.478242, train_acc = 98.47% val_acc = 97.35%
Epoch 522, cost = 1.478226, train_acc = 98.45% val_acc = 97.10%
Epoch 523, cost = 1.478890, train_acc = 98.33% val_acc = 97.14%
Epoch 524, cost = 1.478194, train_acc = 98.39% val_acc = 97.23%
Epoch 525, cost = 1.478709, train_acc = 98.36% val_acc = 97.11%
Epoch 526, cost = 1.478718, train_acc = 98.35% val_acc = 97.31%
Epoch 527, cost = 1.478121, train_acc = 98.40% val_acc = 97.28%
Epoch 528, cost = 1.478503, train_acc = 98.37% val_acc = 97.34%
Epoch 529, cost = 1.478278, train_acc = 98.40% val_acc = 97.12%
Epoch 530, cost = 1.478537, train_acc = 98.41% val_acc = 97.30%
Epoch 531, cost = 1.477964, train_acc = 98.39% val_acc = 97.21%
Epoch 532, cost = 1.477500, train_acc = 98.54% val_acc = 97.37%
Epoch 533, cost = 1.478596, train_acc = 98.39% val_acc = 97.35%
Epoch 534, cost = 1.478617, train_acc = 98.60% val_acc = 97.32%
Epoch 535, cost = 1.478453, train_acc = 98.37% val_acc = 97.25%
Epoch 536, cost = 1.478109, train_acc = 98.40% val_acc = 97.29%
Epoch 537, cost = 1.478043, train_acc = 98.44% val_acc = 97.21%
Epoch 538, cost = 1.478706, train_acc = 98.31% val_acc = 97.09%
Epoch 539, cost = 1.477767, train_acc = 98.51% val_acc = 97.20%
Epoch 540, cost = 1.478548, train_acc = 98.35% val_acc = 97.16%
Epoch 541, cost = 1.478919, train_acc = 98.38% val_acc = 97.22%
Epoch 542, cost = 1.478756, train_acc = 98.20% val_acc = 97.06%
Epoch 543, cost = 1.478305, train_acc = 98.35% val_acc = 97.03%
Epoch 544, cost = 1.478787, train_acc = 98.53% val_acc = 97.10%
Epoch 545, cost = 1.477220, train_acc = 98.56% val_acc = 97.44%
Epoch 546, cost = 1.478068, train_acc = 98.40% val_acc = 97.52%
Epoch 547, cost = 1.477330, train_acc = 98.38% val_acc = 97.08%
Epoch 548, cost = 1.478399, train_acc = 98.47% val_acc = 97.33%
Epoch 549, cost = 1.478503, train_acc = 98.41% val_acc = 96.96%
Epoch 550, cost = 1.477991, train_acc = 98.43% val_acc = 97.37%
Epoch 551, cost = 1.478040, train_acc = 98.52% val_acc = 97.24%
Epoch 552, cost = 1.477836, train_acc = 98.24% val_acc = 97.31%
Epoch 553, cost = 1.478337, train_acc = 98.44% val_acc = 97.10%
Epoch 554, cost = 1.478290, train_acc = 98.47% val_acc = 97.33%
Epoch 555, cost = 1.477979, train_acc = 98.50% val_acc = 97.20%
Epoch 556, cost = 1.478787, train_acc = 98.46% val_acc = 97.35%
Epoch 557, cost = 1.477949, train_acc = 98.46% val_acc = 97.26%
Epoch 558, cost = 1.478515, train_acc = 98.45% val_acc = 97.24%
Epoch 559, cost = 1.477241, train_acc = 98.38% val_acc = 97.10%
Epoch 560, cost = 1.477458, train_acc = 98.47% val_acc = 97.27%
Epoch 561, cost = 1.477411, train_acc = 98.56% val_acc = 97.32%
Epoch 562, cost = 1.477356, train_acc = 98.52% val_acc = 97.22%
Epoch 563, cost = 1.476967, train_acc = 98.54% val_acc = 97.18%
Epoch 564, cost = 1.478214, train_acc = 98.49% val_acc = 97.16%
Epoch 565, cost = 1.478747, train_acc = 98.58% val_acc = 97.29%
Epoch 566, cost = 1.477341, train_acc = 98.44% val_acc = 97.15%
Epoch 567, cost = 1.477756, train_acc = 98.52% val_acc = 97.42%
Epoch 568, cost = 1.477986, train_acc = 98.34% val_acc = 97.24%
Epoch 569, cost = 1.477020, train_acc = 98.40% val_acc = 97.34%
Epoch 570, cost = 1.478574, train_acc = 98.53% val_acc = 97.12%
Epoch 571, cost = 1.477245, train_acc = 98.34% val_acc = 97.16%
Epoch 572, cost = 1.476903, train_acc = 98.52% val_acc = 97.01%
Epoch 573, cost = 1.477833, train_acc = 98.59% val_acc = 97.15%
Epoch 574, cost = 1.478192, train_acc = 98.60% val_acc = 97.45%
Epoch 575, cost = 1.478705, train_acc = 98.47% val_acc = 97.45%
Epoch 576, cost = 1.477721, train_acc = 98.53% val_acc = 97.32%
Epoch 577, cost = 1.477735, train_acc = 98.59% val_acc = 97.23%
Epoch 578, cost = 1.478759, train_acc = 98.43% val_acc = 96.91%
Epoch 579, cost = 1.477343, train_acc = 98.60% val_acc = 97.42%
Epoch 580, cost = 1.477672, train_acc = 98.57% val_acc = 97.31%
Epoch 581, cost = 1.476962, train_acc = 98.47% val_acc = 97.35%
Epoch 582, cost = 1.477762, train_acc = 98.59% val_acc = 97.25%
Epoch 583, cost = 1.477104, train_acc = 98.37% val_acc = 97.34%
Epoch 584, cost = 1.477494, train_acc = 98.59% val_acc = 97.31%
Epoch 585, cost = 1.478280, train_acc = 98.45% val_acc = 97.28%
Epoch 586, cost = 1.477742, train_acc = 98.64% val_acc = 97.33%
Epoch 587, cost = 1.476825, train_acc = 98.51% val_acc = 97.18%
Epoch 588, cost = 1.478099, train_acc = 98.44% val_acc = 97.24%
Epoch 589, cost = 1.476967, train_acc = 98.63% val_acc = 97.27%
Epoch 590, cost = 1.476320, train_acc = 98.64% val_acc = 97.26%
Epoch 591, cost = 1.477384, train_acc = 98.52% val_acc = 97.28%
Epoch 592, cost = 1.477028, train_acc = 98.55% val_acc = 97.30%
Epoch 593, cost = 1.476235, train_acc = 98.53% val_acc = 97.28%
Epoch 594, cost = 1.476856, train_acc = 98.54% val_acc = 97.38%
Epoch 595, cost = 1.478056, train_acc = 98.52% val_acc = 97.18%
Epoch 596, cost = 1.476544, train_acc = 98.50% val_acc = 97.37%
Epoch 597, cost = 1.477183, train_acc = 98.40% val_acc = 97.04%
Epoch 598, cost = 1.476532, train_acc = 98.62% val_acc = 97.33%
Epoch 599, cost = 1.477480, train_acc = 98.61% val_acc = 97.20%
Epoch 600, cost = 1.476789, train_acc = 98.50% val_acc = 97.19%
Epoch 601, cost = 1.477132, train_acc = 98.60% val_acc = 97.36%
Epoch 602, cost = 1.477052, train_acc = 98.57% val_acc = 96.97%
Epoch 603, cost = 1.477483, train_acc = 98.44% val_acc = 97.28%
Epoch 604, cost = 1.476764, train_acc = 98.49% val_acc = 96.85%
Epoch 605, cost = 1.477473, train_acc = 98.50% val_acc = 97.08%
Epoch 606, cost = 1.477581, train_acc = 98.46% val_acc = 97.12%
Epoch 607, cost = 1.476750, train_acc = 98.64% val_acc = 97.44%
Epoch 608, cost = 1.478239, train_acc = 98.60% val_acc = 97.15%
Epoch 609, cost = 1.477843, train_acc = 98.49% val_acc = 97.14%
Epoch 610, cost = 1.477651, train_acc = 98.59% val_acc = 97.03%
Epoch 611, cost = 1.476957, train_acc = 98.49% val_acc = 97.22%
Epoch 612, cost = 1.476766, train_acc = 98.66% val_acc = 97.26%
Epoch 613, cost = 1.477535, train_acc = 98.53% val_acc = 97.34%
Epoch 614, cost = 1.475436, train_acc = 98.57% val_acc = 97.25%
Epoch 615, cost = 1.477036, train_acc = 98.70% val_acc = 97.30%
Epoch 616, cost = 1.476311, train_acc = 98.60% val_acc = 97.38%
Epoch 617, cost = 1.476738, train_acc = 98.65% val_acc = 97.59%
Epoch 618, cost = 1.476809, train_acc = 98.70% val_acc = 97.31%
Epoch 619, cost = 1.476553, train_acc = 98.53% val_acc = 97.29%
Epoch 620, cost = 1.476617, train_acc = 98.54% val_acc = 97.29%
Epoch 621, cost = 1.476860, train_acc = 98.64% val_acc = 97.10%
Epoch 622, cost = 1.476612, train_acc = 98.58% val_acc = 97.44%
Epoch 623, cost = 1.476002, train_acc = 98.62% val_acc = 97.10%
Epoch 624, cost = 1.477072, train_acc = 98.65% val_acc = 97.40%
Epoch 625, cost = 1.476274, train_acc = 98.51% val_acc = 97.41%
Epoch 626, cost = 1.476065, train_acc = 98.57% val_acc = 97.32%
Epoch 627, cost = 1.477469, train_acc = 98.55% val_acc = 97.28%
Epoch 628, cost = 1.476552, train_acc = 98.60% val_acc = 97.31%
Epoch 629, cost = 1.475684, train_acc = 98.63% val_acc = 97.45%
Epoch 630, cost = 1.476975, train_acc = 98.59% val_acc = 97.36%
Epoch 631, cost = 1.477656, train_acc = 98.61% val_acc = 97.35%
Epoch 632, cost = 1.475968, train_acc = 98.58% val_acc = 97.55%
Epoch 633, cost = 1.476894, train_acc = 98.67% val_acc = 97.49%
Epoch 634, cost = 1.476182, train_acc = 98.55% val_acc = 96.99%
Epoch 635, cost = 1.476533, train_acc = 98.56% val_acc = 97.56%
Epoch 636, cost = 1.476528, train_acc = 98.60% val_acc = 97.08%
Epoch 637, cost = 1.476573, train_acc = 98.57% val_acc = 97.28%
Epoch 638, cost = 1.477635, train_acc = 98.53% val_acc = 97.24%
Epoch 639, cost = 1.477627, train_acc = 98.66% val_acc = 97.36%
Epoch 640, cost = 1.476870, train_acc = 98.54% val_acc = 97.51%
Epoch 641, cost = 1.477126, train_acc = 98.71% val_acc = 97.36%
Epoch 642, cost = 1.476698, train_acc = 98.60% val_acc = 97.23%
Epoch 643, cost = 1.477029, train_acc = 98.51% val_acc = 97.24%
Epoch 644, cost = 1.477310, train_acc = 98.51% val_acc = 97.25%
Epoch 645, cost = 1.476060, train_acc = 98.72% val_acc = 97.29%
Epoch 646, cost = 1.475804, train_acc = 98.54% val_acc = 97.30%
Epoch 647, cost = 1.476394, train_acc = 98.56% val_acc = 97.18%
Epoch 648, cost = 1.476356, train_acc = 98.64% val_acc = 97.52%
Epoch 649, cost = 1.476891, train_acc = 98.61% val_acc = 97.27%
Epoch 650, cost = 1.476794, train_acc = 98.61% val_acc = 97.15%
Epoch 651, cost = 1.476570, train_acc = 98.61% val_acc = 97.32%
Epoch 652, cost = 1.475722, train_acc = 98.55% val_acc = 97.30%
Epoch 653, cost = 1.476067, train_acc = 98.57% val_acc = 97.32%
Epoch 654, cost = 1.476729, train_acc = 98.69% val_acc = 97.45%
Epoch 655, cost = 1.476475, train_acc = 98.63% val_acc = 97.49%
Epoch 656, cost = 1.474645, train_acc = 98.57% val_acc = 97.50%
Epoch 657, cost = 1.475962, train_acc = 98.67% val_acc = 97.16%
Epoch 658, cost = 1.476535, train_acc = 98.65% val_acc = 97.30%
Epoch 659, cost = 1.477093, train_acc = 98.57% val_acc = 97.24%
Epoch 660, cost = 1.476822, train_acc = 98.57% val_acc = 97.34%
Epoch 661, cost = 1.476195, train_acc = 98.65% val_acc = 97.15%
Epoch 662, cost = 1.476221, train_acc = 98.69% val_acc = 97.45%
Epoch 663, cost = 1.475782, train_acc = 98.63% val_acc = 97.46%
Epoch 664, cost = 1.476567, train_acc = 98.64% val_acc = 97.45%
Epoch 665, cost = 1.476612, train_acc = 98.59% val_acc = 97.35%
Epoch 666, cost = 1.475990, train_acc = 98.74% val_acc = 97.50%
Epoch 667, cost = 1.475748, train_acc = 98.66% val_acc = 97.47%
Epoch 668, cost = 1.476929, train_acc = 98.57% val_acc = 97.28%
Epoch 669, cost = 1.476938, train_acc = 98.50% val_acc = 97.12%
Epoch 670, cost = 1.475645, train_acc = 98.40% val_acc = 97.27%
Epoch 671, cost = 1.475975, train_acc = 98.58% val_acc = 97.32%
Epoch 672, cost = 1.476180, train_acc = 98.71% val_acc = 97.28%
Epoch 673, cost = 1.475654, train_acc = 98.68% val_acc = 97.33%
Epoch 674, cost = 1.476507, train_acc = 98.81% val_acc = 97.31%
Epoch 675, cost = 1.476426, train_acc = 98.74% val_acc = 97.32%
Epoch 676, cost = 1.476061, train_acc = 98.57% val_acc = 97.42%
Epoch 677, cost = 1.475893, train_acc = 98.55% val_acc = 97.41%
Epoch 678, cost = 1.475957, train_acc = 98.64% val_acc = 97.46%
Epoch 679, cost = 1.475749, train_acc = 98.54% val_acc = 97.14%
Epoch 680, cost = 1.475790, train_acc = 98.66% val_acc = 97.37%
Epoch 681, cost = 1.476368, train_acc = 98.64% val_acc = 97.49%
Epoch 682, cost = 1.475718, train_acc = 98.57% val_acc = 97.22%
Epoch 683, cost = 1.476923, train_acc = 98.58% val_acc = 97.21%
Epoch 684, cost = 1.476460, train_acc = 98.46% val_acc = 97.02%
Epoch 685, cost = 1.476580, train_acc = 98.68% val_acc = 97.37%
Epoch 686, cost = 1.475492, train_acc = 98.69% val_acc = 97.09%
Epoch 687, cost = 1.476271, train_acc = 98.67% val_acc = 97.65%
Epoch 688, cost = 1.475651, train_acc = 98.62% val_acc = 97.30%
Epoch 689, cost = 1.475650, train_acc = 98.55% val_acc = 97.24%
Epoch 690, cost = 1.477017, train_acc = 98.60% val_acc = 97.57%
Epoch 691, cost = 1.476246, train_acc = 98.66% val_acc = 97.31%
Epoch 692, cost = 1.475721, train_acc = 98.64% val_acc = 97.17%
Epoch 693, cost = 1.475710, train_acc = 98.53% val_acc = 97.43%
Epoch 694, cost = 1.477014, train_acc = 98.61% val_acc = 97.42%
Epoch 695, cost = 1.475302, train_acc = 98.61% val_acc = 97.50%
Epoch 696, cost = 1.476355, train_acc = 98.56% val_acc = 97.36%
Epoch 697, cost = 1.475805, train_acc = 98.63% val_acc = 97.21%
Epoch 698, cost = 1.475113, train_acc = 98.67% val_acc = 97.51%
Epoch 699, cost = 1.475454, train_acc = 98.72% val_acc = 97.37%
Epoch 700, cost = 1.476177, train_acc = 98.67% val_acc = 97.36%
Epoch 701, cost = 1.476446, train_acc = 98.66% val_acc = 97.42%
Epoch 702, cost = 1.475541, train_acc = 98.75% val_acc = 97.32%
Epoch 703, cost = 1.475634, train_acc = 98.46% val_acc = 97.29%
Epoch 704, cost = 1.476521, train_acc = 98.75% val_acc = 97.26%
Epoch 705, cost = 1.476385, train_acc = 98.63% val_acc = 97.36%
Epoch 706, cost = 1.475215, train_acc = 98.70% val_acc = 97.39%
Epoch 707, cost = 1.475703, train_acc = 98.77% val_acc = 97.32%
Epoch 708, cost = 1.475600, train_acc = 98.57% val_acc = 97.34%
Epoch 709, cost = 1.476740, train_acc = 98.75% val_acc = 97.35%
Epoch 710, cost = 1.476070, train_acc = 98.62% val_acc = 97.15%
Epoch 711, cost = 1.475098, train_acc = 98.62% val_acc = 97.55%
Epoch 712, cost = 1.475556, train_acc = 98.73% val_acc = 97.38%
Epoch 713, cost = 1.475393, train_acc = 98.67% val_acc = 97.38%
Epoch 714, cost = 1.476181, train_acc = 98.66% val_acc = 97.38%
Epoch 715, cost = 1.476110, train_acc = 98.69% val_acc = 97.37%
Epoch 716, cost = 1.475549, train_acc = 98.76% val_acc = 97.34%
Epoch 717, cost = 1.474970, train_acc = 98.69% val_acc = 97.32%
Epoch 718, cost = 1.476089, train_acc = 98.80% val_acc = 97.31%
Epoch 719, cost = 1.475466, train_acc = 98.68% val_acc = 97.35%
Epoch 720, cost = 1.475418, train_acc = 98.69% val_acc = 97.55%
Epoch 721, cost = 1.475529, train_acc = 98.55% val_acc = 97.24%
Epoch 722, cost = 1.475035, train_acc = 98.65% val_acc = 97.54%
Epoch 723, cost = 1.476241, train_acc = 98.66% val_acc = 97.37%
Epoch 724, cost = 1.475712, train_acc = 98.70% val_acc = 97.28%
Epoch 725, cost = 1.476263, train_acc = 98.63% val_acc = 97.16%
Epoch 726, cost = 1.474917, train_acc = 98.84% val_acc = 97.30%
Epoch 727, cost = 1.476083, train_acc = 98.76% val_acc = 97.44%
Epoch 728, cost = 1.475943, train_acc = 98.87% val_acc = 97.28%
Epoch 729, cost = 1.475688, train_acc = 98.78% val_acc = 97.54%
Epoch 730, cost = 1.475665, train_acc = 98.67% val_acc = 97.39%
Epoch 731, cost = 1.474778, train_acc = 98.58% val_acc = 97.33%
Epoch 732, cost = 1.474498, train_acc = 98.65% val_acc = 97.31%
Epoch 733, cost = 1.474993, train_acc = 98.75% val_acc = 97.46%
Epoch 734, cost = 1.476359, train_acc = 98.73% val_acc = 97.28%
Epoch 735, cost = 1.475446, train_acc = 98.67% val_acc = 97.23%
Epoch 736, cost = 1.476084, train_acc = 98.35% val_acc = 97.20%
Epoch 737, cost = 1.473861, train_acc = 98.81% val_acc = 97.52%
Epoch 738, cost = 1.474122, train_acc = 98.79% val_acc = 97.20%
Epoch 739, cost = 1.475114, train_acc = 98.70% val_acc = 97.61%
Epoch 740, cost = 1.475956, train_acc = 98.69% val_acc = 97.45%
Epoch 741, cost = 1.475394, train_acc = 98.76% val_acc = 97.39%
Epoch 742, cost = 1.474673, train_acc = 98.76% val_acc = 97.50%
Epoch 743, cost = 1.475258, train_acc = 98.77% val_acc = 97.53%
Epoch 744, cost = 1.475596, train_acc = 98.69% val_acc = 97.34%
Epoch 745, cost = 1.475760, train_acc = 98.73% val_acc = 97.30%
Epoch 746, cost = 1.475177, train_acc = 98.81% val_acc = 97.38%
Epoch 747, cost = 1.474690, train_acc = 98.73% val_acc = 97.23%
Epoch 748, cost = 1.476050, train_acc = 98.66% val_acc = 97.17%
Epoch 749, cost = 1.475826, train_acc = 98.73% val_acc = 97.64%
Epoch 750, cost = 1.475409, train_acc = 98.93% val_acc = 97.31%
Epoch 751, cost = 1.475323, train_acc = 98.69% val_acc = 97.25%
Epoch 752, cost = 1.475266, train_acc = 98.69% val_acc = 97.21%
Epoch 753, cost = 1.475089, train_acc = 98.60% val_acc = 97.44%
Epoch 754, cost = 1.474249, train_acc = 98.74% val_acc = 97.47%
Epoch 755, cost = 1.475206, train_acc = 98.74% val_acc = 97.17%
Epoch 756, cost = 1.475124, train_acc = 98.70% val_acc = 97.47%
Epoch 757, cost = 1.475128, train_acc = 98.77% val_acc = 97.53%
Epoch 758, cost = 1.475266, train_acc = 98.71% val_acc = 97.50%
Epoch 759, cost = 1.475140, train_acc = 98.69% val_acc = 97.57%
Epoch 760, cost = 1.474321, train_acc = 98.72% val_acc = 97.52%
Epoch 761, cost = 1.474046, train_acc = 98.53% val_acc = 97.48%
Epoch 762, cost = 1.475230, train_acc = 98.66% val_acc = 97.47%
Epoch 763, cost = 1.475588, train_acc = 98.88% val_acc = 97.52%
Epoch 764, cost = 1.475495, train_acc = 98.64% val_acc = 97.33%
Epoch 765, cost = 1.475309, train_acc = 98.65% val_acc = 97.26%
Epoch 766, cost = 1.474424, train_acc = 98.70% val_acc = 97.38%
Epoch 767, cost = 1.475319, train_acc = 98.80% val_acc = 97.32%
Epoch 768, cost = 1.475654, train_acc = 98.75% val_acc = 97.47%
Epoch 769, cost = 1.475297, train_acc = 98.59% val_acc = 97.49%
Epoch 770, cost = 1.474403, train_acc = 98.74% val_acc = 97.52%
Epoch 771, cost = 1.474906, train_acc = 98.76% val_acc = 97.40%
Epoch 772, cost = 1.475893, train_acc = 98.70% val_acc = 97.34%
Epoch 773, cost = 1.474454, train_acc = 98.72% val_acc = 97.35%
Epoch 774, cost = 1.475436, train_acc = 98.71% val_acc = 97.13%
Epoch 775, cost = 1.475153, train_acc = 98.78% val_acc = 97.44%
Epoch 776, cost = 1.475892, train_acc = 98.77% val_acc = 97.35%
Epoch 777, cost = 1.475269, train_acc = 98.67% val_acc = 97.35%
Epoch 778, cost = 1.474570, train_acc = 98.61% val_acc = 97.44%
Epoch 779, cost = 1.475646, train_acc = 98.84% val_acc = 97.24%
Epoch 780, cost = 1.475361, train_acc = 98.76% val_acc = 97.52%
Epoch 781, cost = 1.474746, train_acc = 98.69% val_acc = 97.33%
Epoch 782, cost = 1.475704, train_acc = 98.79% val_acc = 97.28%
Epoch 783, cost = 1.474518, train_acc = 98.65% val_acc = 97.44%
Epoch 784, cost = 1.475742, train_acc = 98.64% val_acc = 97.25%
Epoch 785, cost = 1.474076, train_acc = 98.75% val_acc = 97.37%
Epoch 786, cost = 1.475362, train_acc = 98.60% val_acc = 97.29%
Epoch 787, cost = 1.474909, train_acc = 98.83% val_acc = 97.57%
Epoch 788, cost = 1.473801, train_acc = 98.77% val_acc = 97.62%
Epoch 789, cost = 1.475432, train_acc = 98.86% val_acc = 97.13%
Epoch 790, cost = 1.474376, train_acc = 98.73% val_acc = 97.24%
Epoch 791, cost = 1.475134, train_acc = 98.80% val_acc = 97.41%
Epoch 792, cost = 1.474743, train_acc = 98.72% val_acc = 97.45%
Epoch 793, cost = 1.475256, train_acc = 98.87% val_acc = 97.36%
Epoch 794, cost = 1.475228, train_acc = 98.64% val_acc = 97.41%
Epoch 795, cost = 1.474977, train_acc = 98.57% val_acc = 97.18%
Epoch 796, cost = 1.474867, train_acc = 98.73% val_acc = 97.18%
Epoch 797, cost = 1.474580, train_acc = 98.76% val_acc = 97.38%
Epoch 798, cost = 1.474567, train_acc = 98.79% val_acc = 97.25%
Epoch 799, cost = 1.474626, train_acc = 98.83% val_acc = 97.37%
Epoch 800, cost = 1.474638, train_acc = 98.83% val_acc = 97.46%
Epoch 801, cost = 1.475827, train_acc = 98.85% val_acc = 97.51%
Epoch 802, cost = 1.475091, train_acc = 98.87% val_acc = 97.29%
Epoch 803, cost = 1.473499, train_acc = 98.82% val_acc = 97.41%
Epoch 804, cost = 1.474124, train_acc = 98.78% val_acc = 97.33%
Epoch 805, cost = 1.474617, train_acc = 98.74% val_acc = 97.36%
Epoch 806, cost = 1.473670, train_acc = 98.89% val_acc = 97.41%
Epoch 807, cost = 1.474101, train_acc = 98.84% val_acc = 97.44%
Epoch 808, cost = 1.475060, train_acc = 98.65% val_acc = 97.33%
Epoch 809, cost = 1.474301, train_acc = 98.82% val_acc = 97.41%
Epoch 810, cost = 1.475050, train_acc = 98.89% val_acc = 97.43%
Epoch 811, cost = 1.474599, train_acc = 98.73% val_acc = 97.48%
Epoch 812, cost = 1.476002, train_acc = 98.76% val_acc = 97.47%
Epoch 813, cost = 1.475108, train_acc = 98.66% val_acc = 97.60%
Epoch 814, cost = 1.475080, train_acc = 98.80% val_acc = 97.67%
Epoch 815, cost = 1.474144, train_acc = 98.87% val_acc = 97.33%
Epoch 816, cost = 1.474758, train_acc = 98.70% val_acc = 97.42%
Epoch 817, cost = 1.475061, train_acc = 98.84% val_acc = 97.59%
Epoch 818, cost = 1.474386, train_acc = 98.79% val_acc = 97.47%
Epoch 819, cost = 1.475094, train_acc = 98.70% val_acc = 97.28%
Epoch 820, cost = 1.474218, train_acc = 98.96% val_acc = 97.46%
Epoch 821, cost = 1.474476, train_acc = 98.84% val_acc = 97.46%
Epoch 822, cost = 1.475742, train_acc = 98.70% val_acc = 97.51%
Epoch 823, cost = 1.474405, train_acc = 98.66% val_acc = 97.36%
Epoch 824, cost = 1.475104, train_acc = 98.85% val_acc = 97.48%
Epoch 825, cost = 1.475770, train_acc = 98.67% val_acc = 97.34%
Epoch 826, cost = 1.474536, train_acc = 98.81% val_acc = 97.28%
Epoch 827, cost = 1.475297, train_acc = 98.85% val_acc = 97.38%
Epoch 828, cost = 1.475256, train_acc = 98.89% val_acc = 97.32%
Epoch 829, cost = 1.474340, train_acc = 98.87% val_acc = 97.56%
Epoch 830, cost = 1.474712, train_acc = 98.89% val_acc = 97.53%
Epoch 831, cost = 1.474697, train_acc = 98.61% val_acc = 97.29%
Epoch 832, cost = 1.474882, train_acc = 98.75% val_acc = 97.31%
Epoch 833, cost = 1.473609, train_acc = 98.75% val_acc = 97.21%
Epoch 834, cost = 1.474513, train_acc = 98.73% val_acc = 97.50%
Epoch 835, cost = 1.474495, train_acc = 98.73% val_acc = 97.39%
Epoch 836, cost = 1.474593, train_acc = 98.94% val_acc = 97.45%
Epoch 837, cost = 1.474741, train_acc = 98.83% val_acc = 97.03%
Epoch 838, cost = 1.474545, train_acc = 98.83% val_acc = 97.42%
Epoch 839, cost = 1.474763, train_acc = 98.76% val_acc = 97.27%
Epoch 840, cost = 1.474301, train_acc = 98.80% val_acc = 97.35%
Epoch 841, cost = 1.474611, train_acc = 98.80% val_acc = 97.62%
Epoch 842, cost = 1.473962, train_acc = 98.76% val_acc = 97.45%
Epoch 843, cost = 1.474137, train_acc = 98.81% val_acc = 97.30%
Epoch 844, cost = 1.474247, train_acc = 98.71% val_acc = 97.46%
Epoch 845, cost = 1.475268, train_acc = 98.81% val_acc = 97.25%
Epoch 846, cost = 1.474287, train_acc = 98.85% val_acc = 97.73%
Epoch 847, cost = 1.474704, train_acc = 98.69% val_acc = 97.32%
Epoch 848, cost = 1.473509, train_acc = 98.81% val_acc = 97.46%
Epoch 849, cost = 1.473910, train_acc = 98.25% val_acc = 96.88%
Epoch 850, cost = 1.474322, train_acc = 98.81% val_acc = 97.40%
Epoch 851, cost = 1.474697, train_acc = 98.81% val_acc = 97.47%
Epoch 852, cost = 1.474693, train_acc = 98.83% val_acc = 97.23%
Epoch 853, cost = 1.475293, train_acc = 98.79% val_acc = 97.53%
Epoch 854, cost = 1.473898, train_acc = 98.56% val_acc = 97.25%
Epoch 855, cost = 1.473654, train_acc = 98.84% val_acc = 97.41%
Epoch 856, cost = 1.474389, train_acc = 98.85% val_acc = 97.47%
Epoch 857, cost = 1.475419, train_acc = 98.83% val_acc = 97.39%
Epoch 858, cost = 1.474368, train_acc = 98.94% val_acc = 97.45%
Epoch 859, cost = 1.475039, train_acc = 98.75% val_acc = 97.39%
Epoch 860, cost = 1.474487, train_acc = 98.81% val_acc = 97.45%
Epoch 861, cost = 1.474229, train_acc = 98.84% val_acc = 97.11%
Epoch 862, cost = 1.473402, train_acc = 98.91% val_acc = 97.49%
Epoch 863, cost = 1.473248, train_acc = 98.85% val_acc = 97.55%
Epoch 864, cost = 1.474423, train_acc = 98.89% val_acc = 97.48%
Epoch 865, cost = 1.474271, train_acc = 98.84% val_acc = 97.39%
Epoch 866, cost = 1.474855, train_acc = 98.79% val_acc = 97.31%
Epoch 867, cost = 1.474432, train_acc = 98.77% val_acc = 97.42%
Epoch 868, cost = 1.473463, train_acc = 98.89% val_acc = 97.37%
Epoch 869, cost = 1.474013, train_acc = 98.83% val_acc = 97.33%
Epoch 870, cost = 1.474030, train_acc = 98.89% val_acc = 97.52%
Epoch 871, cost = 1.473170, train_acc = 98.91% val_acc = 97.30%
Epoch 872, cost = 1.474156, train_acc = 98.88% val_acc = 97.44%
Epoch 873, cost = 1.473827, train_acc = 98.96% val_acc = 97.45%
Epoch 874, cost = 1.474208, train_acc = 98.89% val_acc = 97.42%
Epoch 875, cost = 1.473857, train_acc = 98.71% val_acc = 97.60%
Epoch 876, cost = 1.473848, train_acc = 98.87% val_acc = 97.25%
Epoch 877, cost = 1.474649, train_acc = 98.89% val_acc = 97.55%
Epoch 878, cost = 1.474568, train_acc = 98.90% val_acc = 97.33%
Epoch 879, cost = 1.473521, train_acc = 98.77% val_acc = 97.63%
Epoch 880, cost = 1.474731, train_acc = 98.78% val_acc = 97.42%
Epoch 881, cost = 1.474016, train_acc = 98.77% val_acc = 97.20%
Epoch 882, cost = 1.474098, train_acc = 98.77% val_acc = 97.61%
Epoch 883, cost = 1.473399, train_acc = 98.88% val_acc = 97.63%
Epoch 884, cost = 1.474826, train_acc = 98.74% val_acc = 97.53%
Epoch 885, cost = 1.474064, train_acc = 98.85% val_acc = 97.50%
Epoch 886, cost = 1.473581, train_acc = 98.89% val_acc = 97.22%
Epoch 887, cost = 1.474030, train_acc = 98.97% val_acc = 97.20%
Epoch 888, cost = 1.473861, train_acc = 98.89% val_acc = 97.57%
Epoch 889, cost = 1.474256, train_acc = 98.77% val_acc = 97.39%
Epoch 890, cost = 1.473633, train_acc = 98.81% val_acc = 97.47%
Epoch 891, cost = 1.475091, train_acc = 98.83% val_acc = 97.48%
Epoch 892, cost = 1.473517, train_acc = 98.80% val_acc = 97.38%
Epoch 893, cost = 1.473344, train_acc = 98.87% val_acc = 97.35%
Epoch 894, cost = 1.473211, train_acc = 98.77% val_acc = 97.61%
Epoch 895, cost = 1.474740, train_acc = 98.80% val_acc = 97.45%
Epoch 896, cost = 1.473672, train_acc = 98.91% val_acc = 97.65%
Epoch 897, cost = 1.473323, train_acc = 98.84% val_acc = 97.53%
Epoch 898, cost = 1.473794, train_acc = 98.73% val_acc = 97.41%
Epoch 899, cost = 1.473509, train_acc = 98.77% val_acc = 97.40%
Epoch 900, cost = 1.473196, train_acc = 98.86% val_acc = 97.40%
Epoch 901, cost = 1.474453, train_acc = 98.80% val_acc = 97.50%
Epoch 902, cost = 1.474012, train_acc = 98.84% val_acc = 97.51%
Epoch 903, cost = 1.473739, train_acc = 98.79% val_acc = 97.35%
Epoch 904, cost = 1.473883, train_acc = 98.91% val_acc = 97.30%
Epoch 905, cost = 1.473838, train_acc = 98.92% val_acc = 97.18%
Epoch 906, cost = 1.473540, train_acc = 98.78% val_acc = 97.41%
Epoch 907, cost = 1.473820, train_acc = 98.79% val_acc = 97.60%
Epoch 908, cost = 1.474113, train_acc = 98.84% val_acc = 97.53%
Epoch 909, cost = 1.473803, train_acc = 98.87% val_acc = 97.48%
Epoch 910, cost = 1.474208, train_acc = 98.87% val_acc = 97.51%
Epoch 911, cost = 1.474115, train_acc = 98.84% val_acc = 97.55%
Epoch 912, cost = 1.473578, train_acc = 98.94% val_acc = 97.51%
Epoch 913, cost = 1.473433, train_acc = 98.87% val_acc = 97.49%
Epoch 914, cost = 1.474655, train_acc = 98.90% val_acc = 97.42%
Epoch 915, cost = 1.473561, train_acc = 98.90% val_acc = 97.31%
Epoch 916, cost = 1.473203, train_acc = 98.90% val_acc = 97.50%
Epoch 917, cost = 1.473884, train_acc = 98.84% val_acc = 97.50%
Epoch 918, cost = 1.474109, train_acc = 98.71% val_acc = 97.51%
Epoch 919, cost = 1.475046, train_acc = 98.88% val_acc = 97.54%
Epoch 920, cost = 1.474568, train_acc = 98.92% val_acc = 97.70%
Epoch 921, cost = 1.474032, train_acc = 98.83% val_acc = 97.45%
Epoch 922, cost = 1.472614, train_acc = 98.91% val_acc = 97.43%
Epoch 923, cost = 1.473212, train_acc = 98.80% val_acc = 97.37%
Epoch 924, cost = 1.473725, train_acc = 98.86% val_acc = 97.58%
Epoch 925, cost = 1.473792, train_acc = 98.96% val_acc = 97.55%
Epoch 926, cost = 1.473838, train_acc = 98.76% val_acc = 97.33%
Epoch 927, cost = 1.472783, train_acc = 98.92% val_acc = 97.50%
Epoch 928, cost = 1.473500, train_acc = 98.76% val_acc = 97.22%
Epoch 929, cost = 1.474278, train_acc = 98.83% val_acc = 97.18%
Epoch 930, cost = 1.473817, train_acc = 98.76% val_acc = 97.40%
Epoch 931, cost = 1.473984, train_acc = 98.71% val_acc = 97.29%
Epoch 932, cost = 1.473665, train_acc = 98.66% val_acc = 97.46%
Epoch 933, cost = 1.473161, train_acc = 98.93% val_acc = 97.28%
Epoch 934, cost = 1.473720, train_acc = 98.91% val_acc = 97.22%
Epoch 935, cost = 1.473794, train_acc = 98.91% val_acc = 97.47%
Epoch 936, cost = 1.472945, train_acc = 98.70% val_acc = 97.51%
Epoch 937, cost = 1.474224, train_acc = 98.95% val_acc = 97.33%
Epoch 938, cost = 1.473189, train_acc = 98.79% val_acc = 97.29%
Epoch 939, cost = 1.473642, train_acc = 98.86% val_acc = 97.46%
Epoch 940, cost = 1.474109, train_acc = 98.97% val_acc = 97.65%
Epoch 941, cost = 1.473537, train_acc = 99.01% val_acc = 97.25%
Epoch 942, cost = 1.473270, train_acc = 98.79% val_acc = 97.41%
Epoch 943, cost = 1.473309, train_acc = 98.89% val_acc = 97.44%
Epoch 944, cost = 1.473932, train_acc = 98.90% val_acc = 97.30%
Epoch 945, cost = 1.474060, train_acc = 98.79% val_acc = 97.66%
Epoch 946, cost = 1.473204, train_acc = 98.82% val_acc = 97.60%
Epoch 947, cost = 1.473208, train_acc = 98.79% val_acc = 97.39%
Epoch 948, cost = 1.473053, train_acc = 98.63% val_acc = 97.20%
Epoch 949, cost = 1.472904, train_acc = 98.96% val_acc = 97.42%
Epoch 950, cost = 1.472592, train_acc = 98.99% val_acc = 97.41%
Epoch 951, cost = 1.473881, train_acc = 98.87% val_acc = 97.39%
Epoch 952, cost = 1.473316, train_acc = 98.86% val_acc = 97.27%
Epoch 953, cost = 1.474111, train_acc = 98.93% val_acc = 97.47%
Epoch 954, cost = 1.473321, train_acc = 98.95% val_acc = 97.57%
Epoch 955, cost = 1.474009, train_acc = 98.99% val_acc = 97.38%
Epoch 956, cost = 1.473112, train_acc = 98.89% val_acc = 97.43%
Epoch 957, cost = 1.473243, train_acc = 98.96% val_acc = 97.54%
Epoch 958, cost = 1.473653, train_acc = 98.80% val_acc = 97.40%
Epoch 959, cost = 1.473021, train_acc = 98.88% val_acc = 97.41%
Epoch 960, cost = 1.473624, train_acc = 98.91% val_acc = 97.30%
Epoch 961, cost = 1.472872, train_acc = 98.86% val_acc = 97.53%
Epoch 962, cost = 1.474283, train_acc = 98.87% val_acc = 97.46%
Epoch 963, cost = 1.473254, train_acc = 98.84% val_acc = 97.40%
Epoch 964, cost = 1.473119, train_acc = 98.90% val_acc = 97.27%
Epoch 965, cost = 1.474248, train_acc = 98.88% val_acc = 97.27%
Epoch 966, cost = 1.473409, train_acc = 98.92% val_acc = 97.58%
Epoch 967, cost = 1.473603, train_acc = 98.88% val_acc = 97.47%
Epoch 968, cost = 1.473680, train_acc = 98.96% val_acc = 97.72%
Epoch 969, cost = 1.472730, train_acc = 98.91% val_acc = 97.34%
Epoch 970, cost = 1.472917, train_acc = 98.91% val_acc = 97.27%
Epoch 971, cost = 1.472768, train_acc = 99.03% val_acc = 97.29%
Epoch 972, cost = 1.472869, train_acc = 98.94% val_acc = 97.48%
Epoch 973, cost = 1.472745, train_acc = 98.86% val_acc = 97.56%
Epoch 974, cost = 1.473182, train_acc = 98.90% val_acc = 97.48%
Epoch 975, cost = 1.473117, train_acc = 98.93% val_acc = 97.32%
Epoch 976, cost = 1.473732, train_acc = 98.96% val_acc = 97.44%
Epoch 977, cost = 1.473524, train_acc = 98.89% val_acc = 97.35%
Epoch 978, cost = 1.472169, train_acc = 98.96% val_acc = 97.48%
Epoch 979, cost = 1.473716, train_acc = 98.88% val_acc = 97.30%
Epoch 980, cost = 1.472916, train_acc = 98.97% val_acc = 97.57%
Epoch 981, cost = 1.472077, train_acc = 98.88% val_acc = 97.50%
Epoch 982, cost = 1.473236, train_acc = 98.93% val_acc = 97.37%
Epoch 983, cost = 1.473303, train_acc = 98.93% val_acc = 97.56%
Epoch 984, cost = 1.473646, train_acc = 99.06% val_acc = 97.41%
Epoch 985, cost = 1.473220, train_acc = 98.74% val_acc = 97.27%
Epoch 986, cost = 1.472852, train_acc = 98.89% val_acc = 97.56%
Epoch 987, cost = 1.472834, train_acc = 98.84% val_acc = 97.49%
Epoch 988, cost = 1.473558, train_acc = 98.99% val_acc = 97.52%
Epoch 989, cost = 1.474430, train_acc = 98.97% val_acc = 97.59%
Epoch 990, cost = 1.473036, train_acc = 98.94% val_acc = 97.39%
Epoch 991, cost = 1.473344, train_acc = 98.96% val_acc = 97.37%
Epoch 992, cost = 1.473392, train_acc = 98.90% val_acc = 97.34%
Epoch 993, cost = 1.473114, train_acc = 98.86% val_acc = 97.30%
Epoch 994, cost = 1.472842, train_acc = 98.90% val_acc = 97.50%
Epoch 995, cost = 1.472468, train_acc = 98.89% val_acc = 97.51%
Epoch 996, cost = 1.472945, train_acc = 98.92% val_acc = 97.35%
Epoch 997, cost = 1.473421, train_acc = 98.91% val_acc = 97.25%
Epoch 998, cost = 1.472569, train_acc = 98.86% val_acc = 97.37%
Epoch 999, cost = 1.473522, train_acc = 98.96% val_acc = 97.41%
Epoch 1000, cost = 1.473042, train_acc = 98.89% val_acc = 97.60%
Epoch 1001, cost = 1.473648, train_acc = 98.96% val_acc = 97.23%
Epoch 1002, cost = 1.473295, train_acc = 99.03% val_acc = 97.51%
Epoch 1003, cost = 1.474013, train_acc = 98.82% val_acc = 97.31%
Epoch 1004, cost = 1.473559, train_acc = 98.94% val_acc = 97.60%
Epoch 1005, cost = 1.473759, train_acc = 98.83% val_acc = 97.58%
Epoch 1006, cost = 1.474234, train_acc = 98.94% val_acc = 97.40%
Epoch 1007, cost = 1.473307, train_acc = 98.76% val_acc = 97.37%
Epoch 1008, cost = 1.472825, train_acc = 98.97% val_acc = 97.41%
Epoch 1009, cost = 1.472756, train_acc = 98.87% val_acc = 97.33%
Epoch 1010, cost = 1.473021, train_acc = 98.94% val_acc = 97.42%
Epoch 1011, cost = 1.472525, train_acc = 98.99% val_acc = 97.54%
Epoch 1012, cost = 1.472056, train_acc = 98.98% val_acc = 97.45%
Epoch 1013, cost = 1.472078, train_acc = 98.91% val_acc = 97.23%
Epoch 1014, cost = 1.472679, train_acc = 99.00% val_acc = 97.33%
