Loading Training Data
Loading Validation Data
Creating Data Loaders
Training Fun Time!!!
Epoch 1, cost = 2.303547, train_acc = 19.59% val_acc = 21.33%
Epoch 2, cost = 2.302562, train_acc = 26.53% val_acc = 31.02%
Epoch 3, cost = 2.299460, train_acc = 25.79% val_acc = 30.16%
Epoch 4, cost = 2.233597, train_acc = 35.37% val_acc = 41.43%
Epoch 5, cost = 2.017658, train_acc = 53.41% val_acc = 60.65%
Epoch 6, cost = 1.908675, train_acc = 60.97% val_acc = 69.20%
Epoch 7, cost = 1.835252, train_acc = 64.86% val_acc = 71.93%
Epoch 8, cost = 1.811997, train_acc = 66.93% val_acc = 72.70%
Epoch 9, cost = 1.794466, train_acc = 67.05% val_acc = 73.18%
Epoch 10, cost = 1.784535, train_acc = 69.11% val_acc = 73.97%
Epoch 11, cost = 1.772325, train_acc = 69.56% val_acc = 74.49%
Epoch 12, cost = 1.760455, train_acc = 70.89% val_acc = 74.66%
Epoch 13, cost = 1.754323, train_acc = 71.33% val_acc = 74.94%
Epoch 14, cost = 1.747922, train_acc = 72.11% val_acc = 75.41%
Epoch 15, cost = 1.742266, train_acc = 72.66% val_acc = 75.65%
Epoch 16, cost = 1.735655, train_acc = 72.68% val_acc = 75.19%
Epoch 17, cost = 1.732202, train_acc = 73.58% val_acc = 76.13%
Epoch 18, cost = 1.728360, train_acc = 73.76% val_acc = 75.82%
Epoch 19, cost = 1.726183, train_acc = 74.28% val_acc = 76.44%
Epoch 20, cost = 1.704827, train_acc = 79.46% val_acc = 82.41%
Epoch 21, cost = 1.660824, train_acc = 81.66% val_acc = 84.79%
Epoch 22, cost = 1.648519, train_acc = 82.15% val_acc = 85.02%
Epoch 23, cost = 1.642929, train_acc = 82.10% val_acc = 85.13%
Epoch 24, cost = 1.636647, train_acc = 82.86% val_acc = 85.49%
Epoch 25, cost = 1.633759, train_acc = 83.46% val_acc = 85.54%
Epoch 26, cost = 1.631885, train_acc = 83.99% val_acc = 85.60%
Epoch 27, cost = 1.626914, train_acc = 83.75% val_acc = 85.50%
Epoch 28, cost = 1.628313, train_acc = 83.84% val_acc = 85.60%
Epoch 29, cost = 1.625153, train_acc = 84.14% val_acc = 85.94%
Epoch 30, cost = 1.584925, train_acc = 90.39% val_acc = 93.44%
Epoch 31, cost = 1.558518, train_acc = 91.34% val_acc = 94.26%
Epoch 32, cost = 1.551112, train_acc = 91.24% val_acc = 94.29%
Epoch 33, cost = 1.546366, train_acc = 92.28% val_acc = 94.62%
Epoch 34, cost = 1.542326, train_acc = 92.00% val_acc = 94.15%
Epoch 35, cost = 1.540374, train_acc = 92.68% val_acc = 95.06%
Epoch 36, cost = 1.537432, train_acc = 92.32% val_acc = 94.27%
Epoch 37, cost = 1.536468, train_acc = 93.35% val_acc = 94.90%
Epoch 38, cost = 1.533320, train_acc = 93.16% val_acc = 94.85%
Epoch 39, cost = 1.529583, train_acc = 93.79% val_acc = 95.20%
Epoch 40, cost = 1.529149, train_acc = 93.86% val_acc = 95.29%
Epoch 41, cost = 1.528999, train_acc = 93.36% val_acc = 95.02%
Epoch 42, cost = 1.525496, train_acc = 93.79% val_acc = 95.13%
Epoch 43, cost = 1.525537, train_acc = 93.84% val_acc = 94.86%
Epoch 44, cost = 1.525000, train_acc = 94.22% val_acc = 95.37%
Epoch 45, cost = 1.523204, train_acc = 94.40% val_acc = 95.49%
Epoch 46, cost = 1.523164, train_acc = 94.55% val_acc = 95.33%
Epoch 47, cost = 1.522219, train_acc = 94.53% val_acc = 95.62%
Epoch 48, cost = 1.519987, train_acc = 94.26% val_acc = 95.33%
Epoch 49, cost = 1.519113, train_acc = 94.79% val_acc = 95.46%
Epoch 50, cost = 1.517968, train_acc = 94.96% val_acc = 95.86%
Epoch 51, cost = 1.517702, train_acc = 94.64% val_acc = 95.42%
Epoch 52, cost = 1.515827, train_acc = 94.98% val_acc = 95.62%
Epoch 53, cost = 1.513820, train_acc = 95.26% val_acc = 95.87%
Epoch 54, cost = 1.514398, train_acc = 95.21% val_acc = 95.86%
Epoch 55, cost = 1.513799, train_acc = 94.96% val_acc = 95.43%
Epoch 56, cost = 1.513564, train_acc = 95.32% val_acc = 95.96%
Epoch 57, cost = 1.513867, train_acc = 95.35% val_acc = 95.85%
Epoch 58, cost = 1.511400, train_acc = 95.21% val_acc = 95.92%
Epoch 59, cost = 1.511306, train_acc = 95.34% val_acc = 95.76%
Epoch 60, cost = 1.511136, train_acc = 95.63% val_acc = 95.96%
Epoch 61, cost = 1.510644, train_acc = 95.69% val_acc = 95.98%
Epoch 62, cost = 1.510900, train_acc = 95.74% val_acc = 95.85%
Epoch 63, cost = 1.509564, train_acc = 95.29% val_acc = 95.80%
Epoch 64, cost = 1.508840, train_acc = 95.47% val_acc = 95.66%
Epoch 65, cost = 1.507013, train_acc = 95.93% val_acc = 96.21%
Epoch 66, cost = 1.507253, train_acc = 95.89% val_acc = 96.06%
Epoch 67, cost = 1.508053, train_acc = 96.03% val_acc = 96.17%
Epoch 68, cost = 1.506904, train_acc = 95.74% val_acc = 95.75%
Epoch 69, cost = 1.506645, train_acc = 95.80% val_acc = 95.69%
Epoch 70, cost = 1.505598, train_acc = 96.01% val_acc = 96.11%
Epoch 71, cost = 1.506618, train_acc = 96.13% val_acc = 96.39%
Epoch 72, cost = 1.504705, train_acc = 96.13% val_acc = 95.99%
Epoch 73, cost = 1.504179, train_acc = 96.19% val_acc = 95.90%
Epoch 74, cost = 1.503530, train_acc = 95.83% val_acc = 95.88%
Epoch 75, cost = 1.503500, train_acc = 95.88% val_acc = 96.04%
Epoch 76, cost = 1.503925, train_acc = 96.28% val_acc = 96.07%
Epoch 77, cost = 1.502728, train_acc = 95.92% val_acc = 95.73%
Epoch 78, cost = 1.502249, train_acc = 96.11% val_acc = 95.96%
Epoch 79, cost = 1.500871, train_acc = 96.18% val_acc = 96.26%
Epoch 80, cost = 1.502099, train_acc = 96.14% val_acc = 95.96%
Epoch 81, cost = 1.502679, train_acc = 96.16% val_acc = 95.90%
Epoch 82, cost = 1.500702, train_acc = 96.28% val_acc = 96.21%
Epoch 83, cost = 1.501269, train_acc = 96.51% val_acc = 96.20%
Epoch 84, cost = 1.500263, train_acc = 96.48% val_acc = 96.11%
Epoch 85, cost = 1.499907, train_acc = 96.43% val_acc = 95.68%
Epoch 86, cost = 1.498912, train_acc = 96.59% val_acc = 96.22%
Epoch 87, cost = 1.499231, train_acc = 96.41% val_acc = 95.71%
Epoch 88, cost = 1.497630, train_acc = 96.47% val_acc = 96.22%
Epoch 89, cost = 1.498950, train_acc = 96.55% val_acc = 95.85%
Epoch 90, cost = 1.496797, train_acc = 96.67% val_acc = 95.85%
Epoch 91, cost = 1.498786, train_acc = 96.68% val_acc = 96.11%
Epoch 92, cost = 1.498906, train_acc = 96.35% val_acc = 96.02%
Epoch 93, cost = 1.498180, train_acc = 96.43% val_acc = 96.07%
Epoch 94, cost = 1.497294, train_acc = 96.69% val_acc = 96.12%
Epoch 95, cost = 1.496769, train_acc = 96.69% val_acc = 96.50%
Epoch 96, cost = 1.498317, train_acc = 96.83% val_acc = 96.31%
Epoch 97, cost = 1.497658, train_acc = 96.83% val_acc = 96.47%
Epoch 98, cost = 1.496881, train_acc = 96.69% val_acc = 96.46%
Epoch 99, cost = 1.496157, train_acc = 96.97% val_acc = 96.19%
Epoch 100, cost = 1.495503, train_acc = 96.97% val_acc = 96.63%
Epoch 101, cost = 1.496552, train_acc = 96.79% val_acc = 96.22%
Epoch 102, cost = 1.496799, train_acc = 96.78% val_acc = 96.19%
Epoch 103, cost = 1.495884, train_acc = 96.81% val_acc = 96.50%
Epoch 104, cost = 1.494420, train_acc = 96.80% val_acc = 96.33%
Epoch 105, cost = 1.494951, train_acc = 96.75% val_acc = 96.20%
Epoch 106, cost = 1.494182, train_acc = 97.00% val_acc = 96.07%
Epoch 107, cost = 1.494984, train_acc = 96.75% val_acc = 96.24%
Epoch 108, cost = 1.494364, train_acc = 97.03% val_acc = 96.27%
Epoch 109, cost = 1.494867, train_acc = 96.98% val_acc = 96.41%
Epoch 110, cost = 1.495199, train_acc = 96.86% val_acc = 96.32%
Epoch 111, cost = 1.494458, train_acc = 97.05% val_acc = 96.49%
Epoch 112, cost = 1.493580, train_acc = 97.38% val_acc = 96.20%
Epoch 113, cost = 1.492310, train_acc = 97.02% val_acc = 96.18%
Epoch 114, cost = 1.492711, train_acc = 97.11% val_acc = 96.38%
Epoch 115, cost = 1.492982, train_acc = 97.20% val_acc = 96.20%
Epoch 116, cost = 1.491943, train_acc = 97.22% val_acc = 96.42%
Epoch 117, cost = 1.493988, train_acc = 96.91% val_acc = 96.39%
Epoch 118, cost = 1.493288, train_acc = 96.99% val_acc = 96.33%
Epoch 119, cost = 1.492147, train_acc = 97.18% val_acc = 96.29%
Epoch 120, cost = 1.492945, train_acc = 97.08% val_acc = 96.57%
Epoch 121, cost = 1.493095, train_acc = 97.29% val_acc = 96.22%
Epoch 122, cost = 1.489784, train_acc = 97.18% val_acc = 96.56%
Epoch 123, cost = 1.490507, train_acc = 97.29% val_acc = 96.60%
Epoch 124, cost = 1.492330, train_acc = 97.36% val_acc = 96.54%
Epoch 125, cost = 1.491704, train_acc = 97.21% val_acc = 96.34%
Epoch 126, cost = 1.490973, train_acc = 97.34% val_acc = 96.43%
Epoch 127, cost = 1.491000, train_acc = 97.39% val_acc = 96.48%
Epoch 128, cost = 1.489794, train_acc = 97.14% val_acc = 96.44%
Epoch 129, cost = 1.489035, train_acc = 97.47% val_acc = 96.74%
Epoch 130, cost = 1.491205, train_acc = 97.19% val_acc = 96.32%
Epoch 131, cost = 1.491041, train_acc = 97.28% val_acc = 96.44%
Epoch 132, cost = 1.489835, train_acc = 97.32% val_acc = 96.50%
Epoch 133, cost = 1.489526, train_acc = 97.40% val_acc = 96.67%
Epoch 134, cost = 1.490503, train_acc = 97.37% val_acc = 96.57%
Epoch 135, cost = 1.490406, train_acc = 97.20% val_acc = 96.51%
Epoch 136, cost = 1.489347, train_acc = 97.47% val_acc = 96.71%
Epoch 137, cost = 1.489115, train_acc = 97.42% val_acc = 96.35%
Epoch 138, cost = 1.489405, train_acc = 97.42% val_acc = 96.48%
Epoch 139, cost = 1.488560, train_acc = 97.43% val_acc = 96.46%
Epoch 140, cost = 1.490117, train_acc = 97.50% val_acc = 96.51%
Epoch 141, cost = 1.489859, train_acc = 97.47% val_acc = 96.58%
Epoch 142, cost = 1.489345, train_acc = 97.51% val_acc = 96.75%
Epoch 143, cost = 1.489064, train_acc = 97.43% val_acc = 96.42%
Epoch 144, cost = 1.488657, train_acc = 97.49% val_acc = 96.66%
Epoch 145, cost = 1.488676, train_acc = 97.50% val_acc = 96.46%
Epoch 146, cost = 1.488567, train_acc = 97.53% val_acc = 96.37%
Epoch 147, cost = 1.488853, train_acc = 97.27% val_acc = 96.31%
Epoch 148, cost = 1.489024, train_acc = 97.49% val_acc = 96.61%
Epoch 149, cost = 1.487199, train_acc = 97.71% val_acc = 96.56%
Epoch 150, cost = 1.487576, train_acc = 97.64% val_acc = 96.59%
Epoch 151, cost = 1.488052, train_acc = 97.43% val_acc = 96.22%
Epoch 152, cost = 1.487586, train_acc = 97.67% val_acc = 96.71%
Epoch 153, cost = 1.487533, train_acc = 97.64% val_acc = 96.69%
Epoch 154, cost = 1.486995, train_acc = 97.50% val_acc = 96.61%
Epoch 155, cost = 1.486921, train_acc = 97.61% val_acc = 96.50%
Epoch 156, cost = 1.487057, train_acc = 97.74% val_acc = 96.57%
Epoch 157, cost = 1.487204, train_acc = 97.02% val_acc = 95.86%
Epoch 158, cost = 1.486958, train_acc = 97.57% val_acc = 96.54%
Epoch 159, cost = 1.487199, train_acc = 97.51% val_acc = 96.63%
Epoch 160, cost = 1.486865, train_acc = 97.77% val_acc = 96.70%
Epoch 161, cost = 1.485864, train_acc = 97.61% val_acc = 96.82%
Epoch 162, cost = 1.486313, train_acc = 97.62% val_acc = 96.53%
Epoch 163, cost = 1.485686, train_acc = 97.81% val_acc = 96.38%
Epoch 164, cost = 1.486730, train_acc = 97.60% val_acc = 96.37%
Epoch 165, cost = 1.486547, train_acc = 97.71% val_acc = 96.42%
Epoch 166, cost = 1.485703, train_acc = 97.69% val_acc = 96.42%
Epoch 167, cost = 1.486127, train_acc = 97.79% val_acc = 96.68%
Epoch 168, cost = 1.485924, train_acc = 97.68% val_acc = 96.53%
Epoch 169, cost = 1.485844, train_acc = 97.58% val_acc = 96.26%
Epoch 170, cost = 1.484920, train_acc = 97.70% val_acc = 96.42%
Epoch 171, cost = 1.485607, train_acc = 97.72% val_acc = 96.42%
Epoch 172, cost = 1.486683, train_acc = 97.77% val_acc = 96.79%
Epoch 173, cost = 1.487466, train_acc = 97.84% val_acc = 96.85%
Epoch 174, cost = 1.485768, train_acc = 97.85% val_acc = 96.77%
Epoch 175, cost = 1.485784, train_acc = 97.73% val_acc = 96.38%
Epoch 176, cost = 1.485497, train_acc = 97.93% val_acc = 96.66%
Epoch 177, cost = 1.484602, train_acc = 97.94% val_acc = 96.62%
Epoch 178, cost = 1.485687, train_acc = 98.03% val_acc = 96.83%
Epoch 179, cost = 1.483498, train_acc = 97.86% val_acc = 96.53%
Epoch 180, cost = 1.484134, train_acc = 97.88% val_acc = 96.79%
Epoch 181, cost = 1.485015, train_acc = 97.88% val_acc = 96.66%
Epoch 182, cost = 1.485251, train_acc = 97.88% val_acc = 96.84%
Epoch 183, cost = 1.483572, train_acc = 97.81% val_acc = 96.72%
Epoch 184, cost = 1.484892, train_acc = 97.98% val_acc = 96.60%
Epoch 185, cost = 1.483545, train_acc = 97.97% val_acc = 97.11%
Epoch 186, cost = 1.484855, train_acc = 97.70% val_acc = 96.57%
Epoch 187, cost = 1.484623, train_acc = 97.84% val_acc = 96.52%
Epoch 188, cost = 1.483806, train_acc = 97.80% val_acc = 96.68%
Epoch 189, cost = 1.483184, train_acc = 98.14% val_acc = 96.76%
Epoch 190, cost = 1.483924, train_acc = 98.00% val_acc = 96.68%
Epoch 191, cost = 1.483343, train_acc = 98.00% val_acc = 96.45%
Epoch 192, cost = 1.483959, train_acc = 98.01% val_acc = 96.80%
Epoch 193, cost = 1.483966, train_acc = 97.94% val_acc = 96.61%
Epoch 194, cost = 1.483555, train_acc = 97.50% val_acc = 96.31%
Epoch 195, cost = 1.484124, train_acc = 98.04% val_acc = 96.76%
Epoch 196, cost = 1.483717, train_acc = 97.96% val_acc = 96.81%
Epoch 197, cost = 1.484275, train_acc = 98.12% val_acc = 96.90%
Epoch 198, cost = 1.482815, train_acc = 97.86% val_acc = 96.80%
Epoch 199, cost = 1.483171, train_acc = 97.91% val_acc = 96.56%
Epoch 200, cost = 1.483613, train_acc = 97.88% val_acc = 96.68%
Epoch 201, cost = 1.483887, train_acc = 98.09% val_acc = 96.81%
Epoch 202, cost = 1.482593, train_acc = 98.05% val_acc = 96.91%
Epoch 203, cost = 1.482959, train_acc = 97.99% val_acc = 96.64%
Epoch 204, cost = 1.483113, train_acc = 97.90% val_acc = 96.79%
Epoch 205, cost = 1.482663, train_acc = 98.02% val_acc = 96.82%
Epoch 206, cost = 1.482716, train_acc = 97.97% val_acc = 96.45%
Epoch 207, cost = 1.482413, train_acc = 98.18% val_acc = 96.84%
Epoch 208, cost = 1.482636, train_acc = 98.13% val_acc = 96.82%
Epoch 209, cost = 1.483739, train_acc = 97.91% val_acc = 96.82%
Epoch 210, cost = 1.481973, train_acc = 97.99% val_acc = 96.62%
Epoch 211, cost = 1.482368, train_acc = 97.99% val_acc = 96.75%
Epoch 212, cost = 1.481840, train_acc = 98.07% val_acc = 96.85%
Epoch 213, cost = 1.482177, train_acc = 98.18% val_acc = 96.96%
Epoch 214, cost = 1.482109, train_acc = 98.09% val_acc = 96.99%
Epoch 215, cost = 1.481280, train_acc = 98.11% val_acc = 96.78%
Epoch 216, cost = 1.482149, train_acc = 98.01% val_acc = 96.65%
Epoch 217, cost = 1.482908, train_acc = 98.08% val_acc = 96.92%
Epoch 218, cost = 1.482306, train_acc = 98.23% val_acc = 97.10%
Epoch 219, cost = 1.481911, train_acc = 98.20% val_acc = 96.96%
Epoch 220, cost = 1.482091, train_acc = 98.15% val_acc = 96.55%
Epoch 221, cost = 1.481207, train_acc = 97.35% val_acc = 96.28%
Epoch 222, cost = 1.481282, train_acc = 98.06% val_acc = 96.78%
Epoch 223, cost = 1.482139, train_acc = 98.15% val_acc = 96.73%
Epoch 224, cost = 1.482699, train_acc = 98.24% val_acc = 96.80%
Epoch 225, cost = 1.480886, train_acc = 98.09% val_acc = 96.78%
Epoch 226, cost = 1.481856, train_acc = 98.01% val_acc = 96.78%
Epoch 227, cost = 1.481578, train_acc = 98.20% val_acc = 96.78%
Epoch 228, cost = 1.480950, train_acc = 98.26% val_acc = 97.04%
Epoch 229, cost = 1.480588, train_acc = 98.24% val_acc = 96.71%
Epoch 230, cost = 1.480620, train_acc = 98.31% val_acc = 96.84%
Epoch 231, cost = 1.481472, train_acc = 98.22% val_acc = 96.68%
Epoch 232, cost = 1.481304, train_acc = 98.09% val_acc = 96.64%
Epoch 233, cost = 1.481579, train_acc = 98.34% val_acc = 96.63%
Epoch 234, cost = 1.480995, train_acc = 98.20% val_acc = 97.03%
Epoch 235, cost = 1.480909, train_acc = 98.14% val_acc = 97.11%
Epoch 236, cost = 1.480705, train_acc = 98.35% val_acc = 96.89%
Epoch 237, cost = 1.480029, train_acc = 98.17% val_acc = 96.90%
Epoch 238, cost = 1.481406, train_acc = 98.19% val_acc = 96.94%
Epoch 239, cost = 1.480333, train_acc = 98.23% val_acc = 96.66%
Epoch 240, cost = 1.480650, train_acc = 98.12% val_acc = 96.68%
Epoch 241, cost = 1.480496, train_acc = 98.37% val_acc = 96.73%
Epoch 242, cost = 1.480250, train_acc = 98.17% val_acc = 96.54%
Epoch 243, cost = 1.480819, train_acc = 98.25% val_acc = 96.69%
Epoch 244, cost = 1.479688, train_acc = 98.46% val_acc = 96.85%
Epoch 245, cost = 1.479496, train_acc = 98.14% val_acc = 96.87%
Epoch 246, cost = 1.479000, train_acc = 98.40% val_acc = 97.10%
Epoch 247, cost = 1.480031, train_acc = 98.31% val_acc = 96.97%
Epoch 248, cost = 1.480011, train_acc = 98.20% val_acc = 96.77%
Epoch 249, cost = 1.480446, train_acc = 98.39% val_acc = 96.93%
Epoch 250, cost = 1.480441, train_acc = 98.24% val_acc = 96.73%
Epoch 251, cost = 1.479555, train_acc = 98.39% val_acc = 96.93%
Epoch 252, cost = 1.479591, train_acc = 98.27% val_acc = 96.71%
Epoch 253, cost = 1.480249, train_acc = 98.26% val_acc = 96.92%
Epoch 254, cost = 1.479170, train_acc = 98.40% val_acc = 97.06%
Epoch 255, cost = 1.478333, train_acc = 98.42% val_acc = 97.08%
Epoch 256, cost = 1.480278, train_acc = 98.30% val_acc = 96.78%
Epoch 257, cost = 1.479132, train_acc = 98.35% val_acc = 96.61%
Epoch 258, cost = 1.479824, train_acc = 98.37% val_acc = 96.66%
Epoch 259, cost = 1.478998, train_acc = 98.37% val_acc = 96.84%
Epoch 260, cost = 1.478840, train_acc = 98.43% val_acc = 96.91%
Epoch 261, cost = 1.479416, train_acc = 98.50% val_acc = 96.89%
Epoch 262, cost = 1.479072, train_acc = 98.42% val_acc = 96.91%
Epoch 263, cost = 1.479295, train_acc = 98.27% val_acc = 96.80%
Epoch 264, cost = 1.478364, train_acc = 98.44% val_acc = 96.89%
Epoch 265, cost = 1.478610, train_acc = 98.39% val_acc = 96.86%
Epoch 266, cost = 1.479829, train_acc = 98.53% val_acc = 96.82%
Epoch 267, cost = 1.478816, train_acc = 98.54% val_acc = 97.17%
Epoch 268, cost = 1.478464, train_acc = 98.45% val_acc = 97.16%
Epoch 269, cost = 1.477550, train_acc = 98.60% val_acc = 97.08%
Epoch 270, cost = 1.477567, train_acc = 98.47% val_acc = 97.11%
Epoch 271, cost = 1.478815, train_acc = 98.46% val_acc = 96.94%
Epoch 272, cost = 1.478084, train_acc = 98.62% val_acc = 96.90%
Epoch 273, cost = 1.478508, train_acc = 98.50% val_acc = 96.96%
Epoch 274, cost = 1.477738, train_acc = 98.50% val_acc = 97.11%
Epoch 275, cost = 1.478927, train_acc = 98.60% val_acc = 97.00%
Epoch 276, cost = 1.478404, train_acc = 98.54% val_acc = 97.04%
Epoch 277, cost = 1.478787, train_acc = 98.41% val_acc = 96.74%
Epoch 278, cost = 1.479010, train_acc = 98.58% val_acc = 97.07%
Epoch 279, cost = 1.477787, train_acc = 98.39% val_acc = 97.00%
Epoch 280, cost = 1.477824, train_acc = 98.52% val_acc = 97.01%
Epoch 281, cost = 1.478386, train_acc = 98.57% val_acc = 97.07%
Epoch 282, cost = 1.478405, train_acc = 98.63% val_acc = 96.81%
Epoch 283, cost = 1.478702, train_acc = 98.43% val_acc = 96.88%
Epoch 284, cost = 1.478966, train_acc = 98.63% val_acc = 97.01%
Epoch 285, cost = 1.478001, train_acc = 98.51% val_acc = 96.93%
Epoch 286, cost = 1.478768, train_acc = 98.41% val_acc = 96.98%
Epoch 287, cost = 1.477813, train_acc = 98.64% val_acc = 97.03%
Epoch 288, cost = 1.477622, train_acc = 98.58% val_acc = 97.05%
Epoch 289, cost = 1.477180, train_acc = 98.50% val_acc = 96.79%
Epoch 290, cost = 1.477963, train_acc = 98.45% val_acc = 97.22%
Epoch 291, cost = 1.477964, train_acc = 98.63% val_acc = 96.92%
Epoch 292, cost = 1.477664, train_acc = 98.48% val_acc = 96.83%
Epoch 293, cost = 1.477971, train_acc = 98.66% val_acc = 97.06%
Epoch 294, cost = 1.477839, train_acc = 98.51% val_acc = 97.08%
Epoch 295, cost = 1.478035, train_acc = 98.64% val_acc = 97.12%
Epoch 296, cost = 1.477365, train_acc = 98.58% val_acc = 96.84%
Epoch 297, cost = 1.477400, train_acc = 98.52% val_acc = 97.04%
Epoch 298, cost = 1.476732, train_acc = 98.61% val_acc = 97.24%
Epoch 299, cost = 1.477279, train_acc = 98.55% val_acc = 97.01%
Epoch 300, cost = 1.477848, train_acc = 98.55% val_acc = 97.08%
Epoch 301, cost = 1.477604, train_acc = 98.54% val_acc = 97.11%
Epoch 302, cost = 1.477222, train_acc = 98.60% val_acc = 96.82%
Epoch 303, cost = 1.477396, train_acc = 98.60% val_acc = 97.19%
Epoch 304, cost = 1.478671, train_acc = 98.63% val_acc = 97.01%
Epoch 305, cost = 1.477326, train_acc = 98.53% val_acc = 96.80%
Epoch 306, cost = 1.476898, train_acc = 98.53% val_acc = 96.93%
Epoch 307, cost = 1.477495, train_acc = 98.54% val_acc = 96.98%
Epoch 308, cost = 1.477954, train_acc = 98.56% val_acc = 96.97%
Epoch 309, cost = 1.477920, train_acc = 98.60% val_acc = 97.16%
Epoch 310, cost = 1.477227, train_acc = 98.72% val_acc = 97.31%
Epoch 311, cost = 1.476299, train_acc = 98.56% val_acc = 97.06%
Epoch 312, cost = 1.476896, train_acc = 98.55% val_acc = 96.98%
Epoch 313, cost = 1.476311, train_acc = 98.47% val_acc = 97.09%
Epoch 314, cost = 1.476450, train_acc = 98.58% val_acc = 96.97%
Epoch 315, cost = 1.477736, train_acc = 98.43% val_acc = 97.01%
Epoch 316, cost = 1.477156, train_acc = 98.70% val_acc = 97.11%
Epoch 317, cost = 1.476558, train_acc = 98.46% val_acc = 96.99%
Epoch 318, cost = 1.475980, train_acc = 98.60% val_acc = 97.18%
Epoch 319, cost = 1.476948, train_acc = 98.62% val_acc = 96.98%
Epoch 320, cost = 1.475660, train_acc = 98.63% val_acc = 96.98%
Epoch 321, cost = 1.476968, train_acc = 98.71% val_acc = 96.93%
Epoch 322, cost = 1.476600, train_acc = 98.65% val_acc = 97.20%
Epoch 323, cost = 1.476370, train_acc = 98.55% val_acc = 96.99%
Epoch 324, cost = 1.476467, train_acc = 98.54% val_acc = 96.84%
Epoch 325, cost = 1.476238, train_acc = 98.54% val_acc = 96.98%
Epoch 326, cost = 1.477560, train_acc = 98.65% val_acc = 97.16%
Epoch 327, cost = 1.475963, train_acc = 98.69% val_acc = 97.04%
Epoch 328, cost = 1.475988, train_acc = 98.74% val_acc = 97.10%
Epoch 329, cost = 1.476635, train_acc = 98.60% val_acc = 97.14%
Epoch 330, cost = 1.476041, train_acc = 98.66% val_acc = 97.16%
Epoch 331, cost = 1.476882, train_acc = 98.57% val_acc = 96.87%
Epoch 332, cost = 1.476544, train_acc = 98.47% val_acc = 97.00%
Epoch 333, cost = 1.476176, train_acc = 98.74% val_acc = 97.34%
Epoch 334, cost = 1.475897, train_acc = 98.73% val_acc = 97.28%
Epoch 335, cost = 1.476516, train_acc = 98.69% val_acc = 97.17%
Epoch 336, cost = 1.476343, train_acc = 98.63% val_acc = 97.02%
Epoch 337, cost = 1.475405, train_acc = 98.69% val_acc = 97.31%
Epoch 338, cost = 1.476109, train_acc = 98.73% val_acc = 97.16%
Epoch 339, cost = 1.476627, train_acc = 98.61% val_acc = 97.01%
Epoch 340, cost = 1.475610, train_acc = 98.62% val_acc = 97.28%
Epoch 341, cost = 1.475813, train_acc = 98.53% val_acc = 96.99%
Epoch 342, cost = 1.476157, train_acc = 98.57% val_acc = 96.94%
Epoch 343, cost = 1.475723, train_acc = 98.53% val_acc = 96.96%
Epoch 344, cost = 1.475919, train_acc = 98.63% val_acc = 96.95%
Epoch 345, cost = 1.475605, train_acc = 98.48% val_acc = 97.01%
Epoch 346, cost = 1.475511, train_acc = 98.66% val_acc = 97.01%
Epoch 347, cost = 1.475214, train_acc = 98.71% val_acc = 97.02%
Epoch 348, cost = 1.475450, train_acc = 98.73% val_acc = 97.03%
Epoch 349, cost = 1.475401, train_acc = 98.73% val_acc = 96.94%
Epoch 350, cost = 1.476090, train_acc = 98.66% val_acc = 96.90%
Epoch 351, cost = 1.476115, train_acc = 98.76% val_acc = 97.10%
Epoch 352, cost = 1.475652, train_acc = 98.56% val_acc = 97.03%
Epoch 353, cost = 1.475699, train_acc = 98.69% val_acc = 97.10%
Epoch 354, cost = 1.475815, train_acc = 98.54% val_acc = 96.90%
Epoch 355, cost = 1.475211, train_acc = 98.71% val_acc = 97.03%
Epoch 356, cost = 1.475828, train_acc = 98.68% val_acc = 97.08%
Epoch 357, cost = 1.474642, train_acc = 98.81% val_acc = 97.02%
Epoch 358, cost = 1.476654, train_acc = 98.73% val_acc = 97.06%
Epoch 359, cost = 1.476632, train_acc = 98.84% val_acc = 97.44%
Epoch 360, cost = 1.475421, train_acc = 98.84% val_acc = 97.14%
Epoch 361, cost = 1.475516, train_acc = 98.71% val_acc = 97.07%
Epoch 362, cost = 1.475556, train_acc = 98.78% val_acc = 97.27%
Epoch 363, cost = 1.474728, train_acc = 98.74% val_acc = 97.09%
Epoch 364, cost = 1.475633, train_acc = 98.72% val_acc = 97.14%
Epoch 365, cost = 1.475874, train_acc = 98.85% val_acc = 96.96%
Epoch 366, cost = 1.475579, train_acc = 98.77% val_acc = 97.09%
Epoch 367, cost = 1.475578, train_acc = 98.74% val_acc = 96.97%
Epoch 368, cost = 1.475401, train_acc = 98.78% val_acc = 97.13%
Epoch 369, cost = 1.474850, train_acc = 98.73% val_acc = 97.07%
Epoch 370, cost = 1.475093, train_acc = 98.66% val_acc = 97.04%
Epoch 371, cost = 1.475039, train_acc = 98.77% val_acc = 97.07%
Epoch 372, cost = 1.474867, train_acc = 98.62% val_acc = 96.96%
Epoch 373, cost = 1.475366, train_acc = 98.77% val_acc = 97.15%
Epoch 374, cost = 1.475781, train_acc = 98.63% val_acc = 97.21%
Epoch 375, cost = 1.475871, train_acc = 98.75% val_acc = 97.33%
Epoch 376, cost = 1.474998, train_acc = 98.66% val_acc = 97.28%
Epoch 377, cost = 1.474944, train_acc = 98.67% val_acc = 97.13%
Epoch 378, cost = 1.475100, train_acc = 98.77% val_acc = 97.19%
Epoch 379, cost = 1.474113, train_acc = 98.77% val_acc = 97.27%
Epoch 380, cost = 1.475310, train_acc = 98.73% val_acc = 97.14%
Epoch 381, cost = 1.474274, train_acc = 98.66% val_acc = 97.03%
Epoch 382, cost = 1.474654, train_acc = 98.80% val_acc = 97.27%
Epoch 383, cost = 1.474934, train_acc = 98.69% val_acc = 96.99%
Epoch 384, cost = 1.474763, train_acc = 98.84% val_acc = 97.07%
Epoch 385, cost = 1.475784, train_acc = 98.74% val_acc = 97.17%
Epoch 386, cost = 1.474044, train_acc = 98.86% val_acc = 97.06%
Epoch 387, cost = 1.475216, train_acc = 98.79% val_acc = 97.06%
Epoch 388, cost = 1.475867, train_acc = 98.70% val_acc = 97.08%
Epoch 389, cost = 1.474709, train_acc = 98.67% val_acc = 97.14%
Epoch 390, cost = 1.474357, train_acc = 98.77% val_acc = 97.04%
Epoch 391, cost = 1.475554, train_acc = 98.81% val_acc = 97.30%
Epoch 392, cost = 1.474757, train_acc = 98.61% val_acc = 97.14%
Epoch 393, cost = 1.474489, train_acc = 98.80% val_acc = 97.22%
Epoch 394, cost = 1.474047, train_acc = 98.76% val_acc = 97.03%
Epoch 395, cost = 1.473795, train_acc = 98.69% val_acc = 97.06%
Epoch 396, cost = 1.473968, train_acc = 98.60% val_acc = 97.07%
Epoch 397, cost = 1.475116, train_acc = 98.78% val_acc = 97.44%
Epoch 398, cost = 1.474011, train_acc = 98.82% val_acc = 97.04%
Epoch 399, cost = 1.474862, train_acc = 98.74% val_acc = 97.00%
Epoch 400, cost = 1.474425, train_acc = 99.00% val_acc = 96.94%
Epoch 401, cost = 1.475077, train_acc = 98.86% val_acc = 97.15%
Epoch 402, cost = 1.474797, train_acc = 98.87% val_acc = 97.11%
Epoch 403, cost = 1.475314, train_acc = 98.83% val_acc = 97.09%
Epoch 404, cost = 1.473721, train_acc = 98.87% val_acc = 97.21%
Epoch 405, cost = 1.473792, train_acc = 98.92% val_acc = 97.16%
Epoch 406, cost = 1.474890, train_acc = 98.84% val_acc = 97.15%
Epoch 407, cost = 1.473968, train_acc = 98.77% val_acc = 97.32%
Epoch 408, cost = 1.473121, train_acc = 98.88% val_acc = 97.26%
Epoch 409, cost = 1.474946, train_acc = 98.87% val_acc = 97.15%
Epoch 410, cost = 1.474030, train_acc = 98.83% val_acc = 97.27%
Epoch 411, cost = 1.473537, train_acc = 98.88% val_acc = 97.21%
Epoch 412, cost = 1.474014, train_acc = 98.89% val_acc = 96.96%
Epoch 413, cost = 1.474637, train_acc = 98.68% val_acc = 97.20%
Epoch 414, cost = 1.473985, train_acc = 98.87% val_acc = 97.32%
Epoch 415, cost = 1.473821, train_acc = 98.87% val_acc = 97.32%
Epoch 416, cost = 1.474350, train_acc = 98.85% val_acc = 97.06%
Epoch 417, cost = 1.474314, train_acc = 98.78% val_acc = 97.14%
Epoch 418, cost = 1.474177, train_acc = 98.89% val_acc = 97.32%
Epoch 419, cost = 1.473937, train_acc = 98.94% val_acc = 97.13%
Epoch 420, cost = 1.473788, train_acc = 98.77% val_acc = 97.19%
Epoch 421, cost = 1.474903, train_acc = 98.90% val_acc = 97.32%
Epoch 422, cost = 1.474312, train_acc = 98.91% val_acc = 97.14%
Epoch 423, cost = 1.473924, train_acc = 98.84% val_acc = 97.23%
Epoch 424, cost = 1.473571, train_acc = 98.84% val_acc = 97.17%
Epoch 425, cost = 1.473700, train_acc = 98.78% val_acc = 97.20%
Epoch 426, cost = 1.473892, train_acc = 98.87% val_acc = 97.16%
Epoch 427, cost = 1.473130, train_acc = 98.96% val_acc = 97.19%
Epoch 428, cost = 1.473453, train_acc = 98.96% val_acc = 97.40%
Epoch 429, cost = 1.473057, train_acc = 98.82% val_acc = 96.81%
Epoch 430, cost = 1.474646, train_acc = 98.89% val_acc = 97.30%
Epoch 431, cost = 1.474072, train_acc = 98.99% val_acc = 97.27%
Epoch 432, cost = 1.473576, train_acc = 98.96% val_acc = 97.37%
Epoch 433, cost = 1.473434, train_acc = 98.92% val_acc = 97.15%
Epoch 434, cost = 1.473093, train_acc = 98.68% val_acc = 97.27%
Epoch 435, cost = 1.474070, train_acc = 98.82% val_acc = 97.12%
Epoch 436, cost = 1.473854, train_acc = 98.83% val_acc = 97.02%
Epoch 437, cost = 1.473178, train_acc = 98.84% val_acc = 97.15%
Epoch 438, cost = 1.473815, train_acc = 98.96% val_acc = 97.24%
Epoch 439, cost = 1.474271, train_acc = 98.97% val_acc = 97.35%
Epoch 440, cost = 1.473342, train_acc = 98.97% val_acc = 97.42%
Epoch 441, cost = 1.473351, train_acc = 98.99% val_acc = 97.22%
Epoch 442, cost = 1.473311, train_acc = 98.92% val_acc = 97.19%
Epoch 443, cost = 1.472945, train_acc = 98.93% val_acc = 97.26%
Epoch 444, cost = 1.473204, train_acc = 98.85% val_acc = 97.35%
Epoch 445, cost = 1.473927, train_acc = 98.90% val_acc = 97.17%
Epoch 446, cost = 1.473049, train_acc = 98.93% val_acc = 96.99%
Epoch 447, cost = 1.473259, train_acc = 98.94% val_acc = 96.82%
Epoch 448, cost = 1.474186, train_acc = 98.89% val_acc = 97.18%
Epoch 449, cost = 1.473125, train_acc = 98.89% val_acc = 97.09%
Epoch 450, cost = 1.473656, train_acc = 98.94% val_acc = 97.16%
Epoch 451, cost = 1.472802, train_acc = 98.67% val_acc = 96.94%
Epoch 452, cost = 1.473806, train_acc = 98.97% val_acc = 97.05%
Epoch 453, cost = 1.472747, train_acc = 98.93% val_acc = 97.01%
Epoch 454, cost = 1.472972, train_acc = 98.84% val_acc = 97.11%
Epoch 455, cost = 1.472516, train_acc = 98.94% val_acc = 97.18%
Epoch 456, cost = 1.474028, train_acc = 98.91% val_acc = 97.29%
Epoch 457, cost = 1.473727, train_acc = 98.93% val_acc = 97.08%
Epoch 458, cost = 1.473435, train_acc = 98.97% val_acc = 97.18%
Epoch 459, cost = 1.473254, train_acc = 98.82% val_acc = 97.06%
Epoch 460, cost = 1.472478, train_acc = 99.04% val_acc = 97.21%
Epoch 461, cost = 1.472928, train_acc = 99.07% val_acc = 97.27%
Epoch 462, cost = 1.473338, train_acc = 98.77% val_acc = 97.31%
Epoch 463, cost = 1.473502, train_acc = 98.95% val_acc = 97.29%
Epoch 464, cost = 1.473350, train_acc = 99.00% val_acc = 97.39%
Epoch 465, cost = 1.473690, train_acc = 98.89% val_acc = 97.13%
Epoch 466, cost = 1.472797, train_acc = 98.94% val_acc = 97.19%
Epoch 467, cost = 1.473290, train_acc = 98.92% val_acc = 97.39%
Epoch 468, cost = 1.473344, train_acc = 98.84% val_acc = 97.14%
Epoch 469, cost = 1.472253, train_acc = 98.85% val_acc = 97.37%
Epoch 470, cost = 1.473653, train_acc = 98.97% val_acc = 97.12%
Epoch 471, cost = 1.474201, train_acc = 98.88% val_acc = 97.24%
Epoch 472, cost = 1.474432, train_acc = 98.92% val_acc = 97.36%
Epoch 473, cost = 1.473510, train_acc = 99.03% val_acc = 97.16%
Epoch 474, cost = 1.473467, train_acc = 98.93% val_acc = 97.40%
Epoch 475, cost = 1.472829, train_acc = 98.93% val_acc = 97.45%
Epoch 476, cost = 1.471727, train_acc = 98.93% val_acc = 97.11%
Epoch 477, cost = 1.472372, train_acc = 99.04% val_acc = 97.34%
Epoch 478, cost = 1.473179, train_acc = 98.95% val_acc = 97.21%
Epoch 479, cost = 1.471999, train_acc = 98.90% val_acc = 96.99%
Epoch 480, cost = 1.472076, train_acc = 98.94% val_acc = 97.16%
Epoch 481, cost = 1.472348, train_acc = 98.94% val_acc = 97.09%
Epoch 482, cost = 1.472407, train_acc = 99.01% val_acc = 97.20%
Epoch 483, cost = 1.473269, train_acc = 99.06% val_acc = 97.07%
Epoch 484, cost = 1.472412, train_acc = 98.89% val_acc = 97.15%
Epoch 485, cost = 1.472662, train_acc = 99.07% val_acc = 97.39%
Epoch 486, cost = 1.472947, train_acc = 99.07% val_acc = 97.37%
Epoch 487, cost = 1.472541, train_acc = 98.89% val_acc = 97.33%
Epoch 488, cost = 1.473310, train_acc = 98.97% val_acc = 97.33%
Epoch 489, cost = 1.472714, train_acc = 99.05% val_acc = 97.32%
Epoch 490, cost = 1.472895, train_acc = 98.84% val_acc = 97.18%
Epoch 491, cost = 1.472246, train_acc = 98.99% val_acc = 97.30%
Epoch 492, cost = 1.473091, train_acc = 98.98% val_acc = 97.16%
Epoch 493, cost = 1.472161, train_acc = 98.94% val_acc = 97.14%
Epoch 494, cost = 1.472780, train_acc = 99.07% val_acc = 97.38%
Epoch 495, cost = 1.472192, train_acc = 99.04% val_acc = 97.27%
Epoch 496, cost = 1.472375, train_acc = 99.00% val_acc = 97.23%
Epoch 497, cost = 1.473147, train_acc = 98.98% val_acc = 97.10%
Epoch 498, cost = 1.472213, train_acc = 99.05% val_acc = 97.18%
Epoch 499, cost = 1.473401, train_acc = 99.02% val_acc = 97.22%
Epoch 500, cost = 1.472424, train_acc = 99.06% val_acc = 97.34%
Epoch 501, cost = 1.472774, train_acc = 98.93% val_acc = 97.10%
Epoch 502, cost = 1.472206, train_acc = 98.95% val_acc = 97.26%
Epoch 503, cost = 1.473770, train_acc = 99.01% val_acc = 97.18%
Epoch 504, cost = 1.472758, train_acc = 98.97% val_acc = 97.25%
Epoch 505, cost = 1.472238, train_acc = 99.04% val_acc = 96.91%
Epoch 506, cost = 1.471964, train_acc = 99.08% val_acc = 96.99%
Epoch 507, cost = 1.472163, train_acc = 98.98% val_acc = 97.24%
Epoch 508, cost = 1.472752, train_acc = 99.02% val_acc = 97.13%
Epoch 509, cost = 1.472033, train_acc = 99.06% val_acc = 97.11%
Epoch 510, cost = 1.472734, train_acc = 98.96% val_acc = 97.05%
Epoch 511, cost = 1.472092, train_acc = 99.07% val_acc = 97.16%
Epoch 512, cost = 1.472880, train_acc = 99.01% val_acc = 97.31%
Epoch 513, cost = 1.472116, train_acc = 98.98% val_acc = 97.20%
Epoch 514, cost = 1.472078, train_acc = 99.05% val_acc = 97.22%
Epoch 515, cost = 1.472734, train_acc = 98.91% val_acc = 96.96%
Epoch 516, cost = 1.472514, train_acc = 99.14% val_acc = 97.17%
Epoch 517, cost = 1.472166, train_acc = 99.02% val_acc = 97.32%
Epoch 518, cost = 1.471682, train_acc = 99.00% val_acc = 97.27%
Epoch 519, cost = 1.472778, train_acc = 99.01% val_acc = 97.39%
Epoch 520, cost = 1.471727, train_acc = 99.05% val_acc = 97.28%
Epoch 521, cost = 1.471630, train_acc = 98.94% val_acc = 97.28%
Epoch 522, cost = 1.473131, train_acc = 98.96% val_acc = 97.11%
Epoch 523, cost = 1.472262, train_acc = 99.00% val_acc = 97.18%
Epoch 524, cost = 1.472819, train_acc = 98.82% val_acc = 97.09%
Epoch 525, cost = 1.471868, train_acc = 98.99% val_acc = 97.13%
Epoch 526, cost = 1.472716, train_acc = 99.06% val_acc = 97.32%
Epoch 527, cost = 1.471485, train_acc = 99.11% val_acc = 97.34%
Epoch 528, cost = 1.472709, train_acc = 98.99% val_acc = 97.21%
Epoch 529, cost = 1.472172, train_acc = 99.07% val_acc = 97.20%
Epoch 530, cost = 1.472275, train_acc = 98.95% val_acc = 97.37%
Epoch 531, cost = 1.472088, train_acc = 99.09% val_acc = 97.30%
Epoch 532, cost = 1.472752, train_acc = 98.97% val_acc = 97.30%
Epoch 533, cost = 1.472374, train_acc = 99.06% val_acc = 97.36%
Epoch 534, cost = 1.471981, train_acc = 98.98% val_acc = 97.17%
Epoch 535, cost = 1.472174, train_acc = 99.07% val_acc = 97.35%
Epoch 536, cost = 1.472310, train_acc = 98.92% val_acc = 97.20%
Epoch 537, cost = 1.471718, train_acc = 99.04% val_acc = 97.55%
Epoch 538, cost = 1.472101, train_acc = 99.13% val_acc = 97.23%
Epoch 539, cost = 1.472354, train_acc = 99.09% val_acc = 97.27%
Epoch 540, cost = 1.472881, train_acc = 98.95% val_acc = 97.29%
Epoch 541, cost = 1.471758, train_acc = 99.11% val_acc = 97.41%
Epoch 542, cost = 1.472323, train_acc = 99.14% val_acc = 97.33%
Epoch 543, cost = 1.472716, train_acc = 99.08% val_acc = 97.34%
Epoch 544, cost = 1.472015, train_acc = 98.97% val_acc = 97.19%
Epoch 545, cost = 1.471420, train_acc = 99.17% val_acc = 97.28%
Epoch 546, cost = 1.472435, train_acc = 99.02% val_acc = 97.18%
Epoch 547, cost = 1.471428, train_acc = 99.09% val_acc = 97.17%
Epoch 548, cost = 1.472106, train_acc = 99.06% val_acc = 97.29%
Epoch 549, cost = 1.471708, train_acc = 99.11% val_acc = 97.28%
Epoch 550, cost = 1.472058, train_acc = 99.12% val_acc = 97.26%
Epoch 551, cost = 1.471577, train_acc = 99.12% val_acc = 97.28%
Epoch 552, cost = 1.471594, train_acc = 99.04% val_acc = 97.37%
Epoch 553, cost = 1.471714, train_acc = 99.06% val_acc = 97.29%
Epoch 554, cost = 1.471484, train_acc = 99.17% val_acc = 97.35%
Epoch 555, cost = 1.471574, train_acc = 99.09% val_acc = 97.09%
Epoch 556, cost = 1.472310, train_acc = 99.06% val_acc = 97.28%
Epoch 557, cost = 1.471509, train_acc = 99.14% val_acc = 97.16%
Epoch 558, cost = 1.472556, train_acc = 99.01% val_acc = 97.16%
Epoch 559, cost = 1.472469, train_acc = 99.07% val_acc = 97.02%
Epoch 560, cost = 1.471690, train_acc = 99.07% val_acc = 97.16%
Epoch 561, cost = 1.471673, train_acc = 99.07% val_acc = 97.26%
Epoch 562, cost = 1.471291, train_acc = 99.04% val_acc = 97.32%
Epoch 563, cost = 1.472603, train_acc = 99.00% val_acc = 97.24%
Epoch 564, cost = 1.472126, train_acc = 99.02% val_acc = 97.00%
Epoch 565, cost = 1.472443, train_acc = 98.95% val_acc = 97.10%
Epoch 566, cost = 1.471755, train_acc = 98.95% val_acc = 97.08%
Epoch 567, cost = 1.471684, train_acc = 99.00% val_acc = 97.05%
Epoch 568, cost = 1.471639, train_acc = 99.14% val_acc = 97.38%
Epoch 569, cost = 1.471598, train_acc = 99.09% val_acc = 97.22%
Epoch 570, cost = 1.472754, train_acc = 99.14% val_acc = 97.04%
Epoch 571, cost = 1.471160, train_acc = 99.09% val_acc = 97.48%
Epoch 572, cost = 1.471461, train_acc = 99.09% val_acc = 97.15%
Epoch 573, cost = 1.471449, train_acc = 99.13% val_acc = 97.19%
Epoch 574, cost = 1.471570, train_acc = 99.13% val_acc = 97.11%
Epoch 575, cost = 1.471450, train_acc = 99.09% val_acc = 97.18%
Epoch 576, cost = 1.470908, train_acc = 99.11% val_acc = 97.19%
Epoch 577, cost = 1.471776, train_acc = 99.09% val_acc = 96.95%
Epoch 578, cost = 1.471990, train_acc = 99.13% val_acc = 97.28%
Epoch 579, cost = 1.471786, train_acc = 99.06% val_acc = 96.95%
Epoch 580, cost = 1.471984, train_acc = 99.13% val_acc = 97.12%
Epoch 581, cost = 1.471556, train_acc = 99.09% val_acc = 97.32%
Epoch 582, cost = 1.471508, train_acc = 99.16% val_acc = 97.02%
Epoch 583, cost = 1.472304, train_acc = 99.04% val_acc = 97.36%
Epoch 584, cost = 1.471383, train_acc = 99.17% val_acc = 97.30%
Epoch 585, cost = 1.471894, train_acc = 99.13% val_acc = 97.39%
Epoch 586, cost = 1.471318, train_acc = 99.17% val_acc = 97.39%
Epoch 587, cost = 1.471132, train_acc = 99.09% val_acc = 97.25%
Epoch 588, cost = 1.472136, train_acc = 98.85% val_acc = 96.88%
Epoch 589, cost = 1.472169, train_acc = 98.99% val_acc = 97.14%
Epoch 590, cost = 1.472255, train_acc = 99.12% val_acc = 97.22%
Epoch 591, cost = 1.471192, train_acc = 99.10% val_acc = 97.09%
Epoch 592, cost = 1.471015, train_acc = 99.12% val_acc = 97.50%
Epoch 593, cost = 1.471507, train_acc = 99.05% val_acc = 97.40%
Epoch 594, cost = 1.472350, train_acc = 99.15% val_acc = 97.38%
Epoch 595, cost = 1.471753, train_acc = 99.07% val_acc = 97.07%
Epoch 596, cost = 1.470974, train_acc = 99.18% val_acc = 97.39%
Epoch 597, cost = 1.471308, train_acc = 99.07% val_acc = 97.10%
Epoch 598, cost = 1.471435, train_acc = 99.12% val_acc = 97.25%
Epoch 599, cost = 1.471986, train_acc = 99.21% val_acc = 97.25%
Epoch 600, cost = 1.471436, train_acc = 99.13% val_acc = 97.25%
Epoch 601, cost = 1.471126, train_acc = 99.16% val_acc = 97.38%
Epoch 602, cost = 1.471177, train_acc = 99.15% val_acc = 97.21%
Epoch 603, cost = 1.471524, train_acc = 98.99% val_acc = 97.10%
Epoch 604, cost = 1.471296, train_acc = 99.22% val_acc = 97.27%
Epoch 605, cost = 1.470720, train_acc = 98.96% val_acc = 97.28%
Epoch 606, cost = 1.471091, train_acc = 99.03% val_acc = 97.22%
Epoch 607, cost = 1.471285, train_acc = 99.16% val_acc = 96.90%
Epoch 608, cost = 1.471537, train_acc = 99.08% val_acc = 97.17%
Epoch 609, cost = 1.471070, train_acc = 99.21% val_acc = 97.29%
Epoch 610, cost = 1.470939, train_acc = 99.11% val_acc = 97.31%
Epoch 611, cost = 1.470887, train_acc = 99.07% val_acc = 97.26%
Epoch 612, cost = 1.470885, train_acc = 99.27% val_acc = 97.32%
Epoch 613, cost = 1.471294, train_acc = 99.13% val_acc = 97.44%
Epoch 614, cost = 1.471125, train_acc = 99.13% val_acc = 97.30%
Epoch 615, cost = 1.470824, train_acc = 99.18% val_acc = 97.41%
Epoch 616, cost = 1.471317, train_acc = 99.16% val_acc = 97.26%
Epoch 617, cost = 1.471494, train_acc = 99.10% val_acc = 97.37%
Epoch 618, cost = 1.471436, train_acc = 99.18% val_acc = 97.32%
Epoch 619, cost = 1.470596, train_acc = 99.11% val_acc = 97.38%
Epoch 620, cost = 1.471064, train_acc = 99.10% val_acc = 97.32%
Epoch 621, cost = 1.471566, train_acc = 99.06% val_acc = 97.37%
Epoch 622, cost = 1.470903, train_acc = 99.16% val_acc = 97.55%
Epoch 623, cost = 1.471565, train_acc = 99.17% val_acc = 97.28%
Epoch 624, cost = 1.471303, train_acc = 99.13% val_acc = 97.29%
Epoch 625, cost = 1.470956, train_acc = 99.16% val_acc = 97.37%
Epoch 626, cost = 1.470521, train_acc = 99.08% val_acc = 97.18%
Epoch 627, cost = 1.471540, train_acc = 99.21% val_acc = 97.28%
Epoch 628, cost = 1.471030, train_acc = 99.13% val_acc = 97.16%
Epoch 629, cost = 1.470477, train_acc = 99.15% val_acc = 97.35%
Epoch 630, cost = 1.470714, train_acc = 99.10% val_acc = 97.09%
Epoch 631, cost = 1.470500, train_acc = 99.10% val_acc = 97.40%
Epoch 632, cost = 1.470516, train_acc = 99.12% val_acc = 97.48%
Epoch 633, cost = 1.471173, train_acc = 99.14% val_acc = 97.28%
Epoch 634, cost = 1.471168, train_acc = 99.19% val_acc = 97.37%
Epoch 635, cost = 1.471586, train_acc = 99.14% val_acc = 97.48%
Epoch 636, cost = 1.470096, train_acc = 99.14% val_acc = 97.28%
Epoch 637, cost = 1.471446, train_acc = 99.16% val_acc = 97.47%
Epoch 638, cost = 1.470801, train_acc = 99.11% val_acc = 97.27%
Epoch 639, cost = 1.471023, train_acc = 99.13% val_acc = 97.46%
Epoch 640, cost = 1.470311, train_acc = 99.22% val_acc = 97.55%
Epoch 641, cost = 1.470921, train_acc = 99.16% val_acc = 97.29%
Epoch 642, cost = 1.470720, train_acc = 99.14% val_acc = 97.32%
Epoch 643, cost = 1.471078, train_acc = 99.19% val_acc = 97.13%
Epoch 644, cost = 1.470541, train_acc = 99.27% val_acc = 97.38%
Epoch 645, cost = 1.471029, train_acc = 99.18% val_acc = 97.40%
Epoch 646, cost = 1.471395, train_acc = 99.17% val_acc = 97.45%
Epoch 647, cost = 1.470671, train_acc = 99.13% val_acc = 97.23%
Epoch 648, cost = 1.471308, train_acc = 99.20% val_acc = 97.43%
Epoch 649, cost = 1.470470, train_acc = 99.16% val_acc = 97.40%
Epoch 650, cost = 1.470624, train_acc = 99.21% val_acc = 97.56%
Epoch 651, cost = 1.470889, train_acc = 99.16% val_acc = 97.29%
Epoch 652, cost = 1.470736, train_acc = 99.18% val_acc = 97.45%
Epoch 653, cost = 1.470528, train_acc = 99.16% val_acc = 97.36%
Epoch 654, cost = 1.470716, train_acc = 99.11% val_acc = 97.35%
Epoch 655, cost = 1.471052, train_acc = 99.15% val_acc = 97.56%
Epoch 656, cost = 1.470928, train_acc = 99.13% val_acc = 97.43%
Epoch 657, cost = 1.470456, train_acc = 99.18% val_acc = 97.35%
Epoch 658, cost = 1.470489, train_acc = 99.11% val_acc = 97.42%
Epoch 659, cost = 1.470471, train_acc = 99.14% val_acc = 97.43%
Epoch 660, cost = 1.470282, train_acc = 99.23% val_acc = 97.49%
Epoch 661, cost = 1.469710, train_acc = 99.18% val_acc = 97.45%
Epoch 662, cost = 1.470101, train_acc = 99.21% val_acc = 97.59%
Epoch 663, cost = 1.470369, train_acc = 99.10% val_acc = 97.50%
Epoch 664, cost = 1.470758, train_acc = 99.17% val_acc = 97.38%
Epoch 665, cost = 1.470614, train_acc = 99.19% val_acc = 97.35%
Epoch 666, cost = 1.470207, train_acc = 99.13% val_acc = 97.40%
Epoch 667, cost = 1.470357, train_acc = 99.21% val_acc = 97.35%
Epoch 668, cost = 1.470373, train_acc = 99.16% val_acc = 97.39%
Epoch 669, cost = 1.470738, train_acc = 99.18% val_acc = 97.34%
Epoch 670, cost = 1.470923, train_acc = 99.14% val_acc = 97.60%
Epoch 671, cost = 1.470747, train_acc = 99.08% val_acc = 97.29%
Epoch 672, cost = 1.470978, train_acc = 99.17% val_acc = 97.48%
Epoch 673, cost = 1.470334, train_acc = 99.16% val_acc = 97.43%
Epoch 674, cost = 1.470707, train_acc = 99.18% val_acc = 97.37%
Epoch 675, cost = 1.470465, train_acc = 99.19% val_acc = 97.09%
Epoch 676, cost = 1.470729, train_acc = 99.15% val_acc = 97.20%
Epoch 677, cost = 1.470848, train_acc = 98.98% val_acc = 97.28%
Epoch 678, cost = 1.470400, train_acc = 99.23% val_acc = 97.41%
Epoch 679, cost = 1.470855, train_acc = 99.16% val_acc = 97.36%
Epoch 680, cost = 1.470736, train_acc = 99.26% val_acc = 97.31%
Epoch 681, cost = 1.470176, train_acc = 99.14% val_acc = 97.46%
Epoch 682, cost = 1.471058, train_acc = 99.23% val_acc = 97.52%
Epoch 683, cost = 1.470093, train_acc = 99.20% val_acc = 97.37%
Epoch 684, cost = 1.470891, train_acc = 99.26% val_acc = 97.03%
Epoch 685, cost = 1.470584, train_acc = 99.19% val_acc = 97.24%
Epoch 686, cost = 1.470360, train_acc = 99.19% val_acc = 97.38%
Epoch 687, cost = 1.469880, train_acc = 99.24% val_acc = 97.52%
Epoch 688, cost = 1.470113, train_acc = 99.22% val_acc = 97.50%
Epoch 689, cost = 1.470064, train_acc = 99.26% val_acc = 97.34%
Epoch 690, cost = 1.470724, train_acc = 99.22% val_acc = 97.39%
Epoch 691, cost = 1.470622, train_acc = 99.14% val_acc = 97.21%
Epoch 692, cost = 1.469694, train_acc = 99.19% val_acc = 97.32%
Epoch 693, cost = 1.470394, train_acc = 99.27% val_acc = 97.25%
Epoch 694, cost = 1.470893, train_acc = 99.27% val_acc = 97.41%
Epoch 695, cost = 1.470054, train_acc = 99.28% val_acc = 97.32%
Epoch 696, cost = 1.470111, train_acc = 99.22% val_acc = 97.29%
Epoch 697, cost = 1.470873, train_acc = 99.25% val_acc = 97.30%
Epoch 698, cost = 1.469982, train_acc = 99.17% val_acc = 97.42%
Epoch 699, cost = 1.470217, train_acc = 99.16% val_acc = 97.30%
Epoch 700, cost = 1.470129, train_acc = 99.18% val_acc = 97.46%
Epoch 701, cost = 1.471004, train_acc = 99.22% val_acc = 97.11%
Epoch 702, cost = 1.470830, train_acc = 99.19% val_acc = 97.34%
Epoch 703, cost = 1.470129, train_acc = 99.12% val_acc = 97.29%
Epoch 704, cost = 1.470661, train_acc = 99.22% val_acc = 97.32%
Epoch 705, cost = 1.470001, train_acc = 99.24% val_acc = 97.33%
Epoch 706, cost = 1.470170, train_acc = 99.23% val_acc = 97.24%
Epoch 707, cost = 1.470659, train_acc = 99.24% val_acc = 97.26%
Epoch 708, cost = 1.469931, train_acc = 99.17% val_acc = 97.21%
Epoch 709, cost = 1.470539, train_acc = 99.27% val_acc = 97.28%
Epoch 710, cost = 1.470262, train_acc = 99.26% val_acc = 97.22%
Epoch 711, cost = 1.470399, train_acc = 99.14% val_acc = 97.48%
Epoch 712, cost = 1.470844, train_acc = 99.24% val_acc = 97.58%
Epoch 713, cost = 1.470137, train_acc = 99.22% val_acc = 97.48%
Epoch 714, cost = 1.469892, train_acc = 99.23% val_acc = 97.39%
Epoch 715, cost = 1.470038, train_acc = 99.20% val_acc = 97.27%
Epoch 716, cost = 1.469802, train_acc = 99.16% val_acc = 97.35%
Epoch 717, cost = 1.470893, train_acc = 99.13% val_acc = 97.28%
Epoch 718, cost = 1.470209, train_acc = 99.22% val_acc = 97.30%
Epoch 719, cost = 1.470787, train_acc = 99.19% val_acc = 97.39%
Epoch 720, cost = 1.469743, train_acc = 99.16% val_acc = 97.29%
Epoch 721, cost = 1.470507, train_acc = 99.09% val_acc = 97.39%
Epoch 722, cost = 1.469979, train_acc = 99.11% val_acc = 97.24%
Epoch 723, cost = 1.470461, train_acc = 99.17% val_acc = 97.31%
Epoch 724, cost = 1.470322, train_acc = 99.10% val_acc = 97.31%
Epoch 725, cost = 1.470365, train_acc = 99.09% val_acc = 97.26%
Epoch 726, cost = 1.470128, train_acc = 99.23% val_acc = 97.38%
Epoch 727, cost = 1.471041, train_acc = 99.24% val_acc = 97.43%
Epoch 728, cost = 1.470856, train_acc = 99.29% val_acc = 97.47%
Epoch 729, cost = 1.469729, train_acc = 99.23% val_acc = 97.53%
Epoch 730, cost = 1.470401, train_acc = 99.14% val_acc = 97.41%
Epoch 731, cost = 1.469756, train_acc = 98.98% val_acc = 97.24%
Epoch 732, cost = 1.470112, train_acc = 99.17% val_acc = 97.38%
Epoch 733, cost = 1.470434, train_acc = 99.15% val_acc = 97.45%
Epoch 734, cost = 1.470806, train_acc = 99.22% val_acc = 97.60%
Epoch 735, cost = 1.470328, train_acc = 99.19% val_acc = 97.40%
Epoch 736, cost = 1.470254, train_acc = 99.18% val_acc = 97.46%
Epoch 737, cost = 1.469677, train_acc = 99.16% val_acc = 97.59%
Epoch 738, cost = 1.469502, train_acc = 99.27% val_acc = 97.40%
Epoch 739, cost = 1.470352, train_acc = 99.16% val_acc = 97.61%
Epoch 740, cost = 1.470441, train_acc = 99.24% val_acc = 97.42%
Epoch 741, cost = 1.470124, train_acc = 99.26% val_acc = 97.44%
Epoch 742, cost = 1.469937, train_acc = 99.19% val_acc = 97.44%
Epoch 743, cost = 1.469789, train_acc = 99.21% val_acc = 97.49%
Epoch 744, cost = 1.470734, train_acc = 99.30% val_acc = 97.55%
Epoch 745, cost = 1.469983, train_acc = 99.20% val_acc = 97.31%
Epoch 746, cost = 1.470127, train_acc = 99.27% val_acc = 97.50%
Epoch 747, cost = 1.469911, train_acc = 99.16% val_acc = 97.42%
Epoch 748, cost = 1.469849, train_acc = 99.17% val_acc = 97.25%
Epoch 749, cost = 1.469559, train_acc = 99.26% val_acc = 97.43%
Epoch 750, cost = 1.469787, train_acc = 99.21% val_acc = 97.35%
Epoch 751, cost = 1.470432, train_acc = 99.30% val_acc = 97.18%
Epoch 752, cost = 1.469501, train_acc = 99.21% val_acc = 97.25%
Epoch 753, cost = 1.469595, train_acc = 99.29% val_acc = 97.58%
Epoch 754, cost = 1.469288, train_acc = 99.23% val_acc = 97.18%
Epoch 755, cost = 1.469852, train_acc = 99.28% val_acc = 97.40%
Epoch 756, cost = 1.469570, train_acc = 99.19% val_acc = 97.47%
Epoch 757, cost = 1.469640, train_acc = 99.24% val_acc = 97.39%
Epoch 758, cost = 1.470158, train_acc = 99.26% val_acc = 97.53%
Epoch 759, cost = 1.470748, train_acc = 99.30% val_acc = 97.31%
Epoch 760, cost = 1.469763, train_acc = 99.23% val_acc = 97.36%
Epoch 761, cost = 1.470305, train_acc = 99.19% val_acc = 97.30%
Epoch 762, cost = 1.469601, train_acc = 99.24% val_acc = 97.32%
Epoch 763, cost = 1.470079, train_acc = 99.34% val_acc = 97.41%
Epoch 764, cost = 1.469769, train_acc = 99.27% val_acc = 97.59%
Epoch 765, cost = 1.470257, train_acc = 99.23% val_acc = 97.26%
Epoch 766, cost = 1.470156, train_acc = 99.21% val_acc = 97.53%
Epoch 767, cost = 1.470212, train_acc = 99.24% val_acc = 97.45%
Epoch 768, cost = 1.470211, train_acc = 99.32% val_acc = 97.49%
Epoch 769, cost = 1.469631, train_acc = 99.18% val_acc = 97.36%
Epoch 770, cost = 1.470096, train_acc = 99.26% val_acc = 97.50%
Epoch 771, cost = 1.470430, train_acc = 99.23% val_acc = 97.41%
Epoch 772, cost = 1.470122, train_acc = 99.21% val_acc = 97.42%
Epoch 773, cost = 1.469872, train_acc = 99.30% val_acc = 97.38%
Epoch 774, cost = 1.470235, train_acc = 99.21% val_acc = 97.29%
Epoch 775, cost = 1.469818, train_acc = 99.24% val_acc = 97.67%
Epoch 776, cost = 1.470426, train_acc = 99.23% val_acc = 97.61%
Epoch 777, cost = 1.469734, train_acc = 99.32% val_acc = 97.66%
Epoch 778, cost = 1.470297, train_acc = 99.28% val_acc = 97.36%
Epoch 779, cost = 1.469956, train_acc = 99.26% val_acc = 97.47%
Epoch 780, cost = 1.469608, train_acc = 99.23% val_acc = 97.31%
Epoch 781, cost = 1.470569, train_acc = 99.30% val_acc = 97.47%
Epoch 782, cost = 1.470398, train_acc = 99.13% val_acc = 97.42%
Epoch 783, cost = 1.469865, train_acc = 99.33% val_acc = 97.51%
Epoch 784, cost = 1.469569, train_acc = 99.31% val_acc = 97.49%
Epoch 785, cost = 1.469634, train_acc = 99.15% val_acc = 97.39%
Epoch 786, cost = 1.469858, train_acc = 99.28% val_acc = 97.43%
Epoch 787, cost = 1.469472, train_acc = 99.24% val_acc = 97.42%
Epoch 788, cost = 1.468880, train_acc = 99.22% val_acc = 97.63%
Epoch 789, cost = 1.469292, train_acc = 99.27% val_acc = 97.50%
Epoch 790, cost = 1.469790, train_acc = 99.25% val_acc = 97.34%
Epoch 791, cost = 1.470002, train_acc = 99.22% val_acc = 97.60%
Epoch 792, cost = 1.469279, train_acc = 99.33% val_acc = 97.53%
Epoch 793, cost = 1.469797, train_acc = 99.34% val_acc = 97.38%
Epoch 794, cost = 1.469638, train_acc = 99.24% val_acc = 97.44%
Epoch 795, cost = 1.469449, train_acc = 99.29% val_acc = 97.50%
Epoch 796, cost = 1.469884, train_acc = 99.31% val_acc = 97.43%
Epoch 797, cost = 1.469653, train_acc = 99.26% val_acc = 97.45%
Epoch 798, cost = 1.469592, train_acc = 99.17% val_acc = 97.46%
Epoch 799, cost = 1.470309, train_acc = 99.27% val_acc = 97.33%
Epoch 800, cost = 1.469761, train_acc = 99.33% val_acc = 97.50%
Epoch 801, cost = 1.469210, train_acc = 99.34% val_acc = 97.43%
Epoch 802, cost = 1.469558, train_acc = 99.23% val_acc = 97.36%
Epoch 803, cost = 1.470470, train_acc = 99.22% val_acc = 97.44%
Epoch 804, cost = 1.470101, train_acc = 99.24% val_acc = 97.46%
Epoch 805, cost = 1.469046, train_acc = 99.34% val_acc = 97.77%
Epoch 806, cost = 1.469627, train_acc = 99.19% val_acc = 97.46%
Epoch 807, cost = 1.469594, train_acc = 99.26% val_acc = 97.39%
Epoch 808, cost = 1.469717, train_acc = 99.27% val_acc = 97.43%
Epoch 809, cost = 1.469646, train_acc = 99.30% val_acc = 97.54%
Epoch 810, cost = 1.469607, train_acc = 99.26% val_acc = 97.44%
Epoch 811, cost = 1.469745, train_acc = 99.15% val_acc = 97.28%
Epoch 812, cost = 1.470180, train_acc = 99.29% val_acc = 97.58%
Epoch 813, cost = 1.469603, train_acc = 99.20% val_acc = 97.49%
Epoch 814, cost = 1.469489, train_acc = 99.12% val_acc = 97.56%
Epoch 815, cost = 1.468940, train_acc = 99.26% val_acc = 97.41%
Epoch 816, cost = 1.469970, train_acc = 99.30% val_acc = 97.61%
Epoch 817, cost = 1.470444, train_acc = 99.36% val_acc = 97.58%
Epoch 818, cost = 1.469594, train_acc = 99.24% val_acc = 97.43%
Epoch 819, cost = 1.469706, train_acc = 99.26% val_acc = 97.42%
Epoch 820, cost = 1.470062, train_acc = 99.30% val_acc = 97.63%
Epoch 821, cost = 1.469997, train_acc = 99.22% val_acc = 97.58%
Epoch 822, cost = 1.470184, train_acc = 99.30% val_acc = 97.49%
Epoch 823, cost = 1.469498, train_acc = 99.26% val_acc = 97.37%
Epoch 824, cost = 1.469054, train_acc = 99.30% val_acc = 97.71%
Epoch 825, cost = 1.469774, train_acc = 99.32% val_acc = 97.36%
Epoch 826, cost = 1.469571, train_acc = 99.28% val_acc = 97.32%
Epoch 827, cost = 1.469275, train_acc = 99.19% val_acc = 97.51%
Epoch 828, cost = 1.468566, train_acc = 99.34% val_acc = 97.40%
Epoch 829, cost = 1.469587, train_acc = 99.32% val_acc = 97.46%
Epoch 830, cost = 1.469605, train_acc = 99.26% val_acc = 97.45%
Epoch 831, cost = 1.469472, train_acc = 99.15% val_acc = 97.61%
Epoch 832, cost = 1.469836, train_acc = 99.17% val_acc = 97.63%
Epoch 833, cost = 1.469129, train_acc = 99.35% val_acc = 97.52%
Epoch 834, cost = 1.470091, train_acc = 99.29% val_acc = 97.59%
Epoch 835, cost = 1.469446, train_acc = 99.34% val_acc = 97.57%
Epoch 836, cost = 1.469744, train_acc = 99.28% val_acc = 97.45%
Epoch 837, cost = 1.469174, train_acc = 99.22% val_acc = 97.62%
Epoch 838, cost = 1.469345, train_acc = 99.20% val_acc = 97.34%
Epoch 839, cost = 1.469897, train_acc = 99.23% val_acc = 97.34%
Epoch 840, cost = 1.469216, train_acc = 99.28% val_acc = 97.40%
Epoch 841, cost = 1.469676, train_acc = 99.21% val_acc = 97.60%
Epoch 842, cost = 1.469544, train_acc = 99.39% val_acc = 97.46%
Epoch 843, cost = 1.468560, train_acc = 99.35% val_acc = 97.44%
Epoch 844, cost = 1.469089, train_acc = 99.32% val_acc = 97.55%
Epoch 845, cost = 1.469919, train_acc = 99.37% val_acc = 97.52%
Epoch 846, cost = 1.469353, train_acc = 99.30% val_acc = 97.62%
Epoch 847, cost = 1.469620, train_acc = 99.31% val_acc = 97.62%
Epoch 848, cost = 1.470344, train_acc = 99.28% val_acc = 97.55%
Epoch 849, cost = 1.469282, train_acc = 99.37% val_acc = 97.44%
Epoch 850, cost = 1.470492, train_acc = 99.28% val_acc = 97.57%
Epoch 851, cost = 1.469643, train_acc = 99.30% val_acc = 97.58%
Epoch 852, cost = 1.468649, train_acc = 99.34% val_acc = 97.54%
Epoch 853, cost = 1.469530, train_acc = 99.28% val_acc = 97.53%
Epoch 854, cost = 1.469536, train_acc = 99.28% val_acc = 97.57%
Epoch 855, cost = 1.470176, train_acc = 99.21% val_acc = 97.76%
Epoch 856, cost = 1.469586, train_acc = 99.27% val_acc = 97.52%
Epoch 857, cost = 1.469318, train_acc = 99.38% val_acc = 97.50%
Epoch 858, cost = 1.469625, train_acc = 99.22% val_acc = 97.47%
Epoch 859, cost = 1.469436, train_acc = 99.22% val_acc = 97.44%
Epoch 860, cost = 1.469029, train_acc = 99.37% val_acc = 97.41%
Epoch 861, cost = 1.469340, train_acc = 99.28% val_acc = 97.38%
Epoch 862, cost = 1.469968, train_acc = 99.36% val_acc = 97.55%
Epoch 863, cost = 1.469867, train_acc = 99.32% val_acc = 97.43%
Epoch 864, cost = 1.469015, train_acc = 99.40% val_acc = 97.50%
Epoch 865, cost = 1.468782, train_acc = 99.27% val_acc = 97.35%
Epoch 866, cost = 1.470110, train_acc = 99.23% val_acc = 97.50%
Epoch 867, cost = 1.469917, train_acc = 99.10% val_acc = 97.27%
Epoch 868, cost = 1.469633, train_acc = 99.33% val_acc = 97.49%
Epoch 869, cost = 1.469543, train_acc = 99.25% val_acc = 97.53%
Epoch 870, cost = 1.469110, train_acc = 99.27% val_acc = 97.56%
Epoch 871, cost = 1.469314, train_acc = 99.25% val_acc = 97.49%
Epoch 872, cost = 1.469174, train_acc = 99.28% val_acc = 97.57%
Epoch 873, cost = 1.469709, train_acc = 99.34% val_acc = 97.56%
Epoch 874, cost = 1.469007, train_acc = 99.33% val_acc = 97.65%
Epoch 875, cost = 1.469594, train_acc = 99.33% val_acc = 97.65%
Epoch 876, cost = 1.469176, train_acc = 99.33% val_acc = 97.64%
Epoch 877, cost = 1.468713, train_acc = 99.18% val_acc = 97.52%
Epoch 878, cost = 1.469954, train_acc = 99.40% val_acc = 97.40%
Epoch 879, cost = 1.469070, train_acc = 99.21% val_acc = 97.55%
Epoch 880, cost = 1.469177, train_acc = 99.23% val_acc = 97.49%
Epoch 881, cost = 1.469551, train_acc = 99.33% val_acc = 97.51%
Epoch 882, cost = 1.469628, train_acc = 99.18% val_acc = 97.48%
Epoch 883, cost = 1.469385, train_acc = 99.38% val_acc = 97.67%
Epoch 884, cost = 1.469324, train_acc = 99.30% val_acc = 97.45%
Epoch 885, cost = 1.469652, train_acc = 99.31% val_acc = 97.39%
Epoch 886, cost = 1.469263, train_acc = 99.38% val_acc = 97.66%
Epoch 887, cost = 1.469935, train_acc = 99.30% val_acc = 97.34%
Epoch 888, cost = 1.470207, train_acc = 99.30% val_acc = 97.54%
Epoch 889, cost = 1.469790, train_acc = 99.35% val_acc = 97.75%
Epoch 890, cost = 1.469235, train_acc = 99.35% val_acc = 97.57%
Epoch 891, cost = 1.469314, train_acc = 99.23% val_acc = 97.57%
Epoch 892, cost = 1.468948, train_acc = 99.25% val_acc = 97.52%
Epoch 893, cost = 1.469277, train_acc = 99.33% val_acc = 97.51%
Epoch 894, cost = 1.469361, train_acc = 99.26% val_acc = 97.51%
Epoch 895, cost = 1.468722, train_acc = 99.29% val_acc = 97.50%
Epoch 896, cost = 1.469730, train_acc = 99.37% val_acc = 97.63%
Epoch 897, cost = 1.468872, train_acc = 99.25% val_acc = 97.49%
Epoch 898, cost = 1.468809, train_acc = 99.31% val_acc = 97.38%
Epoch 899, cost = 1.469399, train_acc = 99.36% val_acc = 97.49%
Epoch 900, cost = 1.469098, train_acc = 99.30% val_acc = 97.49%
Epoch 901, cost = 1.469135, train_acc = 99.34% val_acc = 97.48%
Epoch 902, cost = 1.469437, train_acc = 99.33% val_acc = 97.75%
Epoch 903, cost = 1.468828, train_acc = 99.28% val_acc = 97.78%
Epoch 904, cost = 1.468783, train_acc = 99.28% val_acc = 97.49%
Epoch 905, cost = 1.469537, train_acc = 99.38% val_acc = 97.45%
Epoch 906, cost = 1.468669, train_acc = 99.29% val_acc = 97.46%
Epoch 907, cost = 1.469127, train_acc = 99.31% val_acc = 97.78%
Epoch 908, cost = 1.469043, train_acc = 99.32% val_acc = 97.50%
Epoch 909, cost = 1.469039, train_acc = 99.43% val_acc = 97.43%
Epoch 910, cost = 1.469486, train_acc = 99.25% val_acc = 97.52%
Epoch 911, cost = 1.468888, train_acc = 99.26% val_acc = 97.71%
Epoch 912, cost = 1.468704, train_acc = 99.30% val_acc = 97.51%
Epoch 913, cost = 1.469332, train_acc = 99.31% val_acc = 97.34%
Epoch 914, cost = 1.469694, train_acc = 99.38% val_acc = 97.42%
Epoch 915, cost = 1.469106, train_acc = 99.31% val_acc = 97.37%
Epoch 916, cost = 1.468865, train_acc = 99.22% val_acc = 97.30%
Epoch 917, cost = 1.469330, train_acc = 99.28% val_acc = 97.41%
Epoch 918, cost = 1.469314, train_acc = 99.36% val_acc = 97.36%
Epoch 919, cost = 1.468650, train_acc = 99.34% val_acc = 97.35%
Epoch 920, cost = 1.468769, train_acc = 99.33% val_acc = 97.40%
Epoch 921, cost = 1.470139, train_acc = 99.21% val_acc = 97.48%
Epoch 922, cost = 1.468846, train_acc = 99.30% val_acc = 97.27%
Epoch 923, cost = 1.468995, train_acc = 99.39% val_acc = 97.50%
Epoch 924, cost = 1.469442, train_acc = 99.32% val_acc = 97.58%
Epoch 925, cost = 1.468906, train_acc = 99.35% val_acc = 97.49%
Epoch 926, cost = 1.469139, train_acc = 99.29% val_acc = 97.40%
Epoch 927, cost = 1.469463, train_acc = 99.37% val_acc = 97.58%
Epoch 928, cost = 1.468897, train_acc = 99.31% val_acc = 97.75%
Epoch 929, cost = 1.469115, train_acc = 99.39% val_acc = 97.53%
Epoch 930, cost = 1.468770, train_acc = 99.33% val_acc = 97.41%
Epoch 931, cost = 1.469302, train_acc = 99.39% val_acc = 97.52%
Epoch 932, cost = 1.468626, train_acc = 99.38% val_acc = 97.54%
Epoch 933, cost = 1.469339, train_acc = 99.37% val_acc = 97.39%
Epoch 934, cost = 1.469604, train_acc = 99.31% val_acc = 97.36%
Epoch 935, cost = 1.469426, train_acc = 99.41% val_acc = 97.62%
Epoch 936, cost = 1.468944, train_acc = 99.30% val_acc = 97.56%
Epoch 937, cost = 1.468998, train_acc = 99.30% val_acc = 97.57%
Epoch 938, cost = 1.468717, train_acc = 99.30% val_acc = 97.56%
Epoch 939, cost = 1.469543, train_acc = 99.35% val_acc = 97.47%
Epoch 940, cost = 1.468657, train_acc = 99.36% val_acc = 97.75%
Epoch 941, cost = 1.468737, train_acc = 99.32% val_acc = 97.68%
Epoch 942, cost = 1.468680, train_acc = 99.33% val_acc = 97.58%
Epoch 943, cost = 1.469483, train_acc = 99.34% val_acc = 97.43%
Epoch 944, cost = 1.468700, train_acc = 99.28% val_acc = 97.59%
Epoch 945, cost = 1.469566, train_acc = 99.20% val_acc = 97.45%
Epoch 946, cost = 1.468800, train_acc = 99.27% val_acc = 97.33%
Epoch 947, cost = 1.468853, train_acc = 99.31% val_acc = 97.39%
Epoch 948, cost = 1.469575, train_acc = 99.31% val_acc = 97.45%
Epoch 949, cost = 1.468649, train_acc = 99.37% val_acc = 97.46%
Epoch 950, cost = 1.468038, train_acc = 99.29% val_acc = 97.57%
Epoch 951, cost = 1.469350, train_acc = 99.30% val_acc = 97.68%
Epoch 952, cost = 1.468919, train_acc = 99.37% val_acc = 97.47%
Epoch 953, cost = 1.468819, train_acc = 99.37% val_acc = 97.60%
Epoch 954, cost = 1.468971, train_acc = 99.37% val_acc = 97.44%
Epoch 955, cost = 1.468799, train_acc = 99.14% val_acc = 97.29%
Epoch 956, cost = 1.468965, train_acc = 99.44% val_acc = 97.60%
Epoch 957, cost = 1.469036, train_acc = 99.35% val_acc = 97.61%
Epoch 958, cost = 1.469089, train_acc = 99.45% val_acc = 97.70%
Epoch 959, cost = 1.469166, train_acc = 99.38% val_acc = 97.64%
Epoch 960, cost = 1.469283, train_acc = 99.34% val_acc = 97.43%
Epoch 961, cost = 1.469214, train_acc = 99.34% val_acc = 97.59%
Epoch 962, cost = 1.469508, train_acc = 99.44% val_acc = 97.58%
Epoch 963, cost = 1.468631, train_acc = 99.29% val_acc = 97.53%
Epoch 964, cost = 1.469022, train_acc = 99.38% val_acc = 97.74%
Epoch 965, cost = 1.468965, train_acc = 99.30% val_acc = 97.39%
Epoch 966, cost = 1.468806, train_acc = 99.44% val_acc = 97.64%
Epoch 967, cost = 1.469545, train_acc = 99.30% val_acc = 97.55%
Epoch 968, cost = 1.468817, train_acc = 99.31% val_acc = 97.58%
Epoch 969, cost = 1.469185, train_acc = 99.35% val_acc = 97.42%
Epoch 970, cost = 1.469049, train_acc = 99.28% val_acc = 97.40%
Epoch 971, cost = 1.468960, train_acc = 99.35% val_acc = 97.48%
Epoch 972, cost = 1.468651, train_acc = 99.34% val_acc = 97.45%
Epoch 973, cost = 1.468665, train_acc = 99.37% val_acc = 97.66%
Epoch 974, cost = 1.468541, train_acc = 99.39% val_acc = 97.56%
Epoch 975, cost = 1.468141, train_acc = 99.39% val_acc = 97.51%
Epoch 976, cost = 1.468800, train_acc = 99.39% val_acc = 97.54%
Epoch 977, cost = 1.468488, train_acc = 99.40% val_acc = 97.55%
Epoch 978, cost = 1.468716, train_acc = 99.34% val_acc = 97.59%
Epoch 979, cost = 1.468336, train_acc = 99.36% val_acc = 97.50%
Epoch 980, cost = 1.469125, train_acc = 99.33% val_acc = 97.38%
Epoch 981, cost = 1.468666, train_acc = 99.32% val_acc = 97.44%
Epoch 982, cost = 1.469023, train_acc = 99.30% val_acc = 97.43%
Epoch 983, cost = 1.468587, train_acc = 99.36% val_acc = 97.34%
Epoch 984, cost = 1.469335, train_acc = 99.39% val_acc = 97.65%
Epoch 985, cost = 1.468464, train_acc = 99.39% val_acc = 97.64%
Epoch 986, cost = 1.468316, train_acc = 99.37% val_acc = 97.57%
Epoch 987, cost = 1.468592, train_acc = 99.36% val_acc = 97.64%
Epoch 988, cost = 1.468922, train_acc = 99.46% val_acc = 97.70%
Epoch 989, cost = 1.468759, train_acc = 99.43% val_acc = 97.66%
Epoch 990, cost = 1.468134, train_acc = 99.31% val_acc = 97.47%
Epoch 991, cost = 1.468806, train_acc = 99.40% val_acc = 97.45%
Epoch 992, cost = 1.468967, train_acc = 99.33% val_acc = 97.57%
Epoch 993, cost = 1.468412, train_acc = 99.34% val_acc = 97.59%
Epoch 994, cost = 1.468182, train_acc = 99.36% val_acc = 97.61%
Epoch 995, cost = 1.468787, train_acc = 99.43% val_acc = 97.57%
Epoch 996, cost = 1.468636, train_acc = 99.39% val_acc = 97.53%
Epoch 997, cost = 1.468418, train_acc = 99.30% val_acc = 97.38%
Epoch 998, cost = 1.468396, train_acc = 99.35% val_acc = 97.48%
Epoch 999, cost = 1.468705, train_acc = 99.38% val_acc = 97.60%
Epoch 1000, cost = 1.469035, train_acc = 99.40% val_acc = 97.53%
Epoch 1001, cost = 1.468831, train_acc = 99.28% val_acc = 97.53%
Epoch 1002, cost = 1.468165, train_acc = 99.38% val_acc = 97.53%
Epoch 1003, cost = 1.468784, train_acc = 99.38% val_acc = 97.73%
Epoch 1004, cost = 1.468925, train_acc = 99.38% val_acc = 97.65%
