Loading Training Data
Loading Validation Data
Creating Data Loaders
Training Fun Time!!!
Epoch 1, cost = 2.303608, train_acc = 23.29% val_acc = 24.78%
Epoch 2, cost = 2.302999, train_acc = 27.85% val_acc = 30.86%
Epoch 3, cost = 2.301791, train_acc = 33.53% val_acc = 38.63%
Epoch 4, cost = 2.297401, train_acc = 26.89% val_acc = 31.10%
Epoch 5, cost = 2.191896, train_acc = 38.70% val_acc = 45.54%
Epoch 6, cost = 2.023664, train_acc = 47.75% val_acc = 53.57%
Epoch 7, cost = 1.980055, train_acc = 49.93% val_acc = 55.37%
Epoch 8, cost = 1.960140, train_acc = 51.46% val_acc = 55.69%
Epoch 9, cost = 1.947758, train_acc = 52.05% val_acc = 55.85%
Epoch 10, cost = 1.892157, train_acc = 59.91% val_acc = 64.67%
Epoch 11, cost = 1.858137, train_acc = 61.85% val_acc = 65.73%
Epoch 12, cost = 1.843044, train_acc = 63.22% val_acc = 66.23%
Epoch 13, cost = 1.828757, train_acc = 66.60% val_acc = 70.89%
Epoch 14, cost = 1.785958, train_acc = 74.50% val_acc = 79.43%
Epoch 15, cost = 1.735605, train_acc = 76.43% val_acc = 81.59%
Epoch 16, cost = 1.722280, train_acc = 79.71% val_acc = 84.04%
Epoch 17, cost = 1.712057, train_acc = 81.72% val_acc = 84.52%
Epoch 18, cost = 1.704487, train_acc = 82.10% val_acc = 84.97%
Epoch 19, cost = 1.699009, train_acc = 82.25% val_acc = 84.69%
Epoch 20, cost = 1.694459, train_acc = 82.74% val_acc = 84.51%
Epoch 21, cost = 1.683493, train_acc = 83.20% val_acc = 85.20%
Epoch 22, cost = 1.624263, train_acc = 89.20% val_acc = 92.76%
Epoch 23, cost = 1.614695, train_acc = 89.90% val_acc = 93.45%
Epoch 24, cost = 1.609010, train_acc = 91.11% val_acc = 94.07%
Epoch 25, cost = 1.604896, train_acc = 92.26% val_acc = 94.52%
Epoch 26, cost = 1.601582, train_acc = 92.64% val_acc = 94.66%
Epoch 27, cost = 1.598938, train_acc = 92.12% val_acc = 93.87%
Epoch 28, cost = 1.596546, train_acc = 93.46% val_acc = 94.88%
Epoch 29, cost = 1.594320, train_acc = 93.75% val_acc = 95.01%
Epoch 30, cost = 1.591697, train_acc = 93.57% val_acc = 94.84%
Epoch 31, cost = 1.590685, train_acc = 94.10% val_acc = 95.18%
Epoch 32, cost = 1.588759, train_acc = 93.36% val_acc = 94.97%
Epoch 33, cost = 1.586482, train_acc = 94.64% val_acc = 95.39%
Epoch 34, cost = 1.585200, train_acc = 95.10% val_acc = 95.43%
Epoch 35, cost = 1.584171, train_acc = 95.07% val_acc = 95.77%
Epoch 36, cost = 1.582910, train_acc = 94.74% val_acc = 95.38%
Epoch 37, cost = 1.581870, train_acc = 95.05% val_acc = 95.71%
Epoch 38, cost = 1.580594, train_acc = 95.66% val_acc = 95.72%
Epoch 39, cost = 1.579935, train_acc = 95.25% val_acc = 95.31%
Epoch 40, cost = 1.578896, train_acc = 95.27% val_acc = 95.49%
Epoch 41, cost = 1.578026, train_acc = 95.64% val_acc = 95.59%
Epoch 42, cost = 1.576874, train_acc = 95.68% val_acc = 95.81%
Epoch 43, cost = 1.576292, train_acc = 95.79% val_acc = 95.23%
Epoch 44, cost = 1.575265, train_acc = 95.77% val_acc = 95.80%
Epoch 45, cost = 1.574351, train_acc = 96.33% val_acc = 95.67%
Epoch 46, cost = 1.573565, train_acc = 95.89% val_acc = 95.68%
Epoch 47, cost = 1.572679, train_acc = 96.29% val_acc = 95.91%
Epoch 48, cost = 1.572281, train_acc = 96.46% val_acc = 96.09%
Epoch 49, cost = 1.571133, train_acc = 96.56% val_acc = 96.13%
Epoch 50, cost = 1.570629, train_acc = 96.53% val_acc = 96.31%
Epoch 51, cost = 1.570276, train_acc = 96.83% val_acc = 96.26%
Epoch 52, cost = 1.570047, train_acc = 96.76% val_acc = 96.18%
Epoch 53, cost = 1.569040, train_acc = 96.93% val_acc = 96.48%
Epoch 54, cost = 1.568466, train_acc = 96.96% val_acc = 96.23%
Epoch 55, cost = 1.568276, train_acc = 95.94% val_acc = 96.03%
Epoch 56, cost = 1.567935, train_acc = 96.79% val_acc = 96.29%
Epoch 57, cost = 1.567105, train_acc = 97.01% val_acc = 96.32%
Epoch 58, cost = 1.566924, train_acc = 97.06% val_acc = 96.37%
Epoch 59, cost = 1.566564, train_acc = 97.38% val_acc = 96.35%
Epoch 60, cost = 1.565891, train_acc = 96.09% val_acc = 95.69%
Epoch 61, cost = 1.565751, train_acc = 97.32% val_acc = 96.33%
Epoch 62, cost = 1.565236, train_acc = 97.27% val_acc = 96.43%
Epoch 63, cost = 1.564694, train_acc = 97.17% val_acc = 96.29%
Epoch 64, cost = 1.564870, train_acc = 97.16% val_acc = 96.61%
Epoch 65, cost = 1.564576, train_acc = 97.64% val_acc = 96.62%
Epoch 66, cost = 1.563938, train_acc = 97.37% val_acc = 96.31%
Epoch 67, cost = 1.564142, train_acc = 97.33% val_acc = 96.42%
Epoch 68, cost = 1.564179, train_acc = 96.97% val_acc = 96.01%
Epoch 69, cost = 1.563829, train_acc = 97.66% val_acc = 96.66%
Epoch 70, cost = 1.562957, train_acc = 97.76% val_acc = 96.78%
Epoch 71, cost = 1.562874, train_acc = 97.69% val_acc = 96.59%
Epoch 72, cost = 1.563176, train_acc = 97.80% val_acc = 96.72%
Epoch 73, cost = 1.562164, train_acc = 97.77% val_acc = 96.68%
Epoch 74, cost = 1.562099, train_acc = 97.81% val_acc = 96.69%
Epoch 75, cost = 1.562373, train_acc = 97.90% val_acc = 96.82%
Epoch 76, cost = 1.561637, train_acc = 97.81% val_acc = 96.58%
Epoch 77, cost = 1.561148, train_acc = 98.00% val_acc = 96.78%
Epoch 78, cost = 1.561290, train_acc = 97.87% val_acc = 96.52%
Epoch 79, cost = 1.561200, train_acc = 98.04% val_acc = 96.85%
Epoch 80, cost = 1.560956, train_acc = 98.00% val_acc = 96.79%
Epoch 81, cost = 1.560781, train_acc = 98.07% val_acc = 96.84%
Epoch 82, cost = 1.560734, train_acc = 98.06% val_acc = 96.81%
Epoch 83, cost = 1.560695, train_acc = 98.02% val_acc = 96.64%
Epoch 84, cost = 1.560691, train_acc = 98.09% val_acc = 96.82%
Epoch 85, cost = 1.560701, train_acc = 98.17% val_acc = 96.80%
Epoch 86, cost = 1.560576, train_acc = 98.08% val_acc = 96.74%
Epoch 87, cost = 1.560541, train_acc = 98.13% val_acc = 96.84%
Epoch 88, cost = 1.560472, train_acc = 98.10% val_acc = 96.59%
Epoch 89, cost = 1.560379, train_acc = 98.19% val_acc = 96.82%
Epoch 90, cost = 1.560527, train_acc = 98.14% val_acc = 96.62%
Epoch 91, cost = 1.560635, train_acc = 98.20% val_acc = 96.74%
Epoch 92, cost = 1.560340, train_acc = 98.11% val_acc = 96.85%
Epoch 93, cost = 1.560037, train_acc = 98.15% val_acc = 96.74%
Epoch 94, cost = 1.559919, train_acc = 98.19% val_acc = 96.82%
Epoch 95, cost = 1.559904, train_acc = 98.09% val_acc = 96.66%
Epoch 96, cost = 1.559958, train_acc = 98.04% val_acc = 96.58%
Epoch 97, cost = 1.559604, train_acc = 98.26% val_acc = 96.76%
Epoch 98, cost = 1.559385, train_acc = 98.25% val_acc = 96.73%
Epoch 99, cost = 1.559347, train_acc = 98.30% val_acc = 96.77%
Epoch 100, cost = 1.559261, train_acc = 98.33% val_acc = 96.74%
Epoch 101, cost = 1.559263, train_acc = 98.33% val_acc = 96.71%
Epoch 102, cost = 1.559253, train_acc = 98.34% val_acc = 96.70%
Epoch 103, cost = 1.559250, train_acc = 98.40% val_acc = 96.73%
Epoch 104, cost = 1.559520, train_acc = 98.28% val_acc = 96.74%
Epoch 105, cost = 1.559321, train_acc = 98.37% val_acc = 96.75%
Epoch 106, cost = 1.559220, train_acc = 98.36% val_acc = 96.75%
Epoch 107, cost = 1.559078, train_acc = 98.40% val_acc = 96.81%
Epoch 108, cost = 1.559022, train_acc = 98.38% val_acc = 96.64%
Epoch 109, cost = 1.558957, train_acc = 98.35% val_acc = 96.74%
Epoch 110, cost = 1.558905, train_acc = 98.41% val_acc = 96.79%
Epoch 111, cost = 1.558974, train_acc = 98.44% val_acc = 96.71%
Epoch 112, cost = 1.558902, train_acc = 98.39% val_acc = 96.79%
Epoch 113, cost = 1.558860, train_acc = 98.44% val_acc = 96.75%
Epoch 114, cost = 1.558880, train_acc = 98.40% val_acc = 96.77%
Epoch 115, cost = 1.558911, train_acc = 98.43% val_acc = 96.75%
Epoch 116, cost = 1.558933, train_acc = 98.47% val_acc = 96.72%
Epoch 117, cost = 1.558824, train_acc = 98.45% val_acc = 96.76%
Epoch 118, cost = 1.558855, train_acc = 98.47% val_acc = 96.80%
Epoch 119, cost = 1.558937, train_acc = 98.46% val_acc = 96.81%
Epoch 120, cost = 1.558886, train_acc = 98.40% val_acc = 96.76%
Epoch 121, cost = 1.558846, train_acc = 98.46% val_acc = 96.71%
Epoch 122, cost = 1.558747, train_acc = 98.51% val_acc = 96.75%
Epoch 123, cost = 1.558759, train_acc = 98.45% val_acc = 96.78%
Epoch 124, cost = 1.559031, train_acc = 98.47% val_acc = 96.75%
Epoch 125, cost = 1.558834, train_acc = 98.43% val_acc = 96.74%
Epoch 126, cost = 1.558782, train_acc = 98.48% val_acc = 96.76%
Epoch 127, cost = 1.558721, train_acc = 98.43% val_acc = 96.73%
Epoch 128, cost = 1.558662, train_acc = 98.54% val_acc = 96.75%
Epoch 129, cost = 1.558637, train_acc = 98.54% val_acc = 96.72%
Epoch 130, cost = 1.558586, train_acc = 98.50% val_acc = 96.81%
Epoch 131, cost = 1.558544, train_acc = 98.49% val_acc = 96.76%
Epoch 132, cost = 1.558569, train_acc = 98.52% val_acc = 96.82%
Epoch 133, cost = 1.558530, train_acc = 98.50% val_acc = 96.77%
Epoch 134, cost = 1.558525, train_acc = 98.51% val_acc = 96.80%
Epoch 135, cost = 1.558520, train_acc = 98.50% val_acc = 96.76%
Epoch 136, cost = 1.558524, train_acc = 98.41% val_acc = 96.77%
Epoch 137, cost = 1.558619, train_acc = 98.47% val_acc = 96.66%
Epoch 138, cost = 1.558490, train_acc = 98.55% val_acc = 96.72%
Epoch 139, cost = 1.558511, train_acc = 98.48% val_acc = 96.72%
Epoch 140, cost = 1.558537, train_acc = 98.52% val_acc = 96.66%
Epoch 141, cost = 1.558470, train_acc = 98.50% val_acc = 96.74%
Epoch 142, cost = 1.558563, train_acc = 98.50% val_acc = 96.72%
Epoch 143, cost = 1.558468, train_acc = 98.49% val_acc = 96.71%
Epoch 144, cost = 1.558416, train_acc = 98.54% val_acc = 96.70%
Epoch 145, cost = 1.558415, train_acc = 98.53% val_acc = 96.70%
Epoch 146, cost = 1.558397, train_acc = 98.54% val_acc = 96.73%
Epoch 147, cost = 1.558357, train_acc = 98.55% val_acc = 96.71%
Epoch 148, cost = 1.558394, train_acc = 98.55% val_acc = 96.75%
Epoch 149, cost = 1.558349, train_acc = 98.59% val_acc = 96.70%
Epoch 150, cost = 1.558323, train_acc = 98.57% val_acc = 96.68%
Epoch 151, cost = 1.558356, train_acc = 98.57% val_acc = 96.74%
Epoch 152, cost = 1.558315, train_acc = 98.55% val_acc = 96.70%
Epoch 153, cost = 1.558278, train_acc = 98.57% val_acc = 96.73%
Epoch 154, cost = 1.558285, train_acc = 98.52% val_acc = 96.74%
Epoch 155, cost = 1.558278, train_acc = 98.53% val_acc = 96.84%
Epoch 156, cost = 1.558228, train_acc = 98.54% val_acc = 96.72%
Epoch 157, cost = 1.558258, train_acc = 98.58% val_acc = 96.73%
Epoch 158, cost = 1.558219, train_acc = 98.60% val_acc = 96.74%
Epoch 159, cost = 1.558244, train_acc = 98.53% val_acc = 96.70%
Epoch 160, cost = 1.558276, train_acc = 98.59% val_acc = 96.72%
Epoch 161, cost = 1.558274, train_acc = 98.59% val_acc = 96.73%
Epoch 162, cost = 1.558263, train_acc = 98.60% val_acc = 96.67%
Epoch 163, cost = 1.558198, train_acc = 98.58% val_acc = 96.69%
Epoch 164, cost = 1.558227, train_acc = 98.62% val_acc = 96.72%
Epoch 165, cost = 1.558190, train_acc = 98.60% val_acc = 96.78%
Epoch 166, cost = 1.558189, train_acc = 98.54% val_acc = 96.69%
Epoch 167, cost = 1.558637, train_acc = 98.58% val_acc = 96.70%
Epoch 168, cost = 1.558318, train_acc = 98.61% val_acc = 96.73%
Epoch 169, cost = 1.558174, train_acc = 98.57% val_acc = 96.61%
Epoch 170, cost = 1.558137, train_acc = 98.53% val_acc = 96.65%
Epoch 171, cost = 1.558217, train_acc = 98.60% val_acc = 96.71%
Epoch 172, cost = 1.558116, train_acc = 98.61% val_acc = 96.71%
Epoch 173, cost = 1.558144, train_acc = 98.59% val_acc = 96.69%
Epoch 174, cost = 1.558170, train_acc = 98.63% val_acc = 96.66%
Epoch 175, cost = 1.558105, train_acc = 98.65% val_acc = 96.71%
Epoch 176, cost = 1.558166, train_acc = 98.66% val_acc = 96.71%
Epoch 177, cost = 1.558132, train_acc = 98.63% val_acc = 96.72%
Epoch 178, cost = 1.558128, train_acc = 98.57% val_acc = 96.69%
Epoch 179, cost = 1.558093, train_acc = 98.64% val_acc = 96.69%
Epoch 180, cost = 1.558092, train_acc = 98.65% val_acc = 96.70%
Epoch 181, cost = 1.558087, train_acc = 98.65% val_acc = 96.74%
Epoch 182, cost = 1.558116, train_acc = 98.62% val_acc = 96.76%
Epoch 183, cost = 1.558084, train_acc = 98.63% val_acc = 96.72%
Epoch 184, cost = 1.558177, train_acc = 98.62% val_acc = 96.71%
Epoch 185, cost = 1.558123, train_acc = 98.64% val_acc = 96.69%
Epoch 186, cost = 1.558286, train_acc = 98.60% val_acc = 96.63%
Epoch 187, cost = 1.558087, train_acc = 98.65% val_acc = 96.76%
Epoch 188, cost = 1.558044, train_acc = 98.64% val_acc = 96.74%
Epoch 189, cost = 1.558043, train_acc = 98.65% val_acc = 96.74%
Epoch 190, cost = 1.558065, train_acc = 98.63% val_acc = 96.70%
Epoch 191, cost = 1.558029, train_acc = 98.59% val_acc = 96.68%
Epoch 192, cost = 1.558090, train_acc = 98.67% val_acc = 96.67%
Epoch 193, cost = 1.558076, train_acc = 98.61% val_acc = 96.68%
Epoch 194, cost = 1.558042, train_acc = 98.66% val_acc = 96.69%
Epoch 195, cost = 1.558070, train_acc = 98.65% val_acc = 96.69%
Epoch 196, cost = 1.558004, train_acc = 98.64% val_acc = 96.68%
Epoch 197, cost = 1.558034, train_acc = 98.63% val_acc = 96.66%
Epoch 198, cost = 1.558033, train_acc = 98.65% val_acc = 96.69%
Epoch 199, cost = 1.557999, train_acc = 98.64% val_acc = 96.69%
Epoch 200, cost = 1.558028, train_acc = 98.65% val_acc = 96.69%
Epoch 201, cost = 1.557994, train_acc = 98.64% val_acc = 96.66%
Epoch 202, cost = 1.558057, train_acc = 98.67% val_acc = 96.73%
Epoch 203, cost = 1.557993, train_acc = 98.67% val_acc = 96.70%
Epoch 204, cost = 1.558053, train_acc = 98.64% val_acc = 96.73%
Epoch 205, cost = 1.558051, train_acc = 98.65% val_acc = 96.71%
Epoch 206, cost = 1.558018, train_acc = 98.66% val_acc = 96.69%
Epoch 207, cost = 1.557988, train_acc = 98.67% val_acc = 96.68%
Epoch 208, cost = 1.557986, train_acc = 98.64% val_acc = 96.68%
Epoch 209, cost = 1.558016, train_acc = 98.68% val_acc = 96.63%
Epoch 210, cost = 1.557984, train_acc = 98.66% val_acc = 96.67%
Epoch 211, cost = 1.558016, train_acc = 98.68% val_acc = 96.66%
Epoch 212, cost = 1.557965, train_acc = 98.64% val_acc = 96.66%
Epoch 213, cost = 1.557919, train_acc = 98.66% val_acc = 96.70%
Epoch 214, cost = 1.557950, train_acc = 98.70% val_acc = 96.70%
Epoch 215, cost = 1.558104, train_acc = 98.63% val_acc = 96.69%
Epoch 216, cost = 1.558082, train_acc = 98.56% val_acc = 96.72%
Epoch 217, cost = 1.558009, train_acc = 98.65% val_acc = 96.74%
Epoch 218, cost = 1.558045, train_acc = 98.64% val_acc = 96.76%
Epoch 219, cost = 1.557930, train_acc = 98.61% val_acc = 96.76%
Epoch 220, cost = 1.557944, train_acc = 98.68% val_acc = 96.82%
Epoch 221, cost = 1.557822, train_acc = 98.70% val_acc = 96.79%
Epoch 222, cost = 1.557837, train_acc = 98.70% val_acc = 96.79%
Epoch 223, cost = 1.557803, train_acc = 98.67% val_acc = 96.69%
Epoch 224, cost = 1.557832, train_acc = 98.72% val_acc = 96.71%
Epoch 225, cost = 1.557858, train_acc = 98.66% val_acc = 96.75%
Epoch 226, cost = 1.557795, train_acc = 98.69% val_acc = 96.73%
Epoch 227, cost = 1.557821, train_acc = 98.69% val_acc = 96.72%
Epoch 228, cost = 1.557820, train_acc = 98.70% val_acc = 96.75%
Epoch 229, cost = 1.557785, train_acc = 98.71% val_acc = 96.77%
Epoch 230, cost = 1.557845, train_acc = 98.71% val_acc = 96.72%
Epoch 231, cost = 1.557783, train_acc = 98.68% val_acc = 96.72%
Epoch 232, cost = 1.557812, train_acc = 98.67% val_acc = 96.75%
Epoch 233, cost = 1.557843, train_acc = 98.66% val_acc = 96.72%
Epoch 234, cost = 1.557894, train_acc = 98.65% val_acc = 96.75%
Epoch 235, cost = 1.557882, train_acc = 98.70% val_acc = 96.76%
Epoch 236, cost = 1.557782, train_acc = 98.67% val_acc = 96.72%
Epoch 237, cost = 1.557796, train_acc = 98.69% val_acc = 96.74%
Epoch 238, cost = 1.557743, train_acc = 98.71% val_acc = 96.74%
Epoch 239, cost = 1.557708, train_acc = 98.70% val_acc = 96.73%
Epoch 240, cost = 1.557705, train_acc = 98.68% val_acc = 96.75%
Epoch 241, cost = 1.557705, train_acc = 98.71% val_acc = 96.75%
Epoch 242, cost = 1.557670, train_acc = 98.71% val_acc = 96.77%
Epoch 243, cost = 1.557734, train_acc = 98.72% val_acc = 96.77%
Epoch 244, cost = 1.557667, train_acc = 98.65% val_acc = 96.76%
Epoch 245, cost = 1.557667, train_acc = 98.71% val_acc = 96.73%
Epoch 246, cost = 1.557696, train_acc = 98.70% val_acc = 96.73%
Epoch 247, cost = 1.557664, train_acc = 98.70% val_acc = 96.75%
Epoch 248, cost = 1.557664, train_acc = 98.72% val_acc = 96.79%
Epoch 249, cost = 1.557661, train_acc = 98.70% val_acc = 96.74%
Epoch 250, cost = 1.557724, train_acc = 98.67% val_acc = 96.76%
Epoch 251, cost = 1.557692, train_acc = 98.69% val_acc = 96.73%
Epoch 252, cost = 1.557659, train_acc = 98.70% val_acc = 96.74%
Epoch 253, cost = 1.557655, train_acc = 98.68% val_acc = 96.71%
Epoch 254, cost = 1.498963, train_acc = 98.36% val_acc = 96.64%
Epoch 255, cost = 1.478097, train_acc = 98.35% val_acc = 96.56%
Epoch 256, cost = 1.477125, train_acc = 98.70% val_acc = 96.81%
Epoch 257, cost = 1.477104, train_acc = 98.64% val_acc = 96.80%
Epoch 258, cost = 1.475919, train_acc = 98.67% val_acc = 96.75%
Epoch 259, cost = 1.476705, train_acc = 98.43% val_acc = 96.53%
Epoch 260, cost = 1.476036, train_acc = 98.71% val_acc = 96.80%
Epoch 261, cost = 1.475079, train_acc = 98.78% val_acc = 96.77%
Epoch 262, cost = 1.474582, train_acc = 98.79% val_acc = 96.82%
Epoch 263, cost = 1.474556, train_acc = 98.80% val_acc = 96.75%
Epoch 264, cost = 1.474363, train_acc = 98.80% val_acc = 96.80%
Epoch 265, cost = 1.474210, train_acc = 98.80% val_acc = 96.80%
Epoch 266, cost = 1.474163, train_acc = 98.80% val_acc = 96.76%
Epoch 267, cost = 1.474064, train_acc = 98.81% val_acc = 96.78%
Epoch 268, cost = 1.474154, train_acc = 98.81% val_acc = 96.86%
Epoch 269, cost = 1.473979, train_acc = 98.81% val_acc = 96.85%
Epoch 270, cost = 1.473995, train_acc = 98.81% val_acc = 96.87%
Epoch 271, cost = 1.473954, train_acc = 98.81% val_acc = 96.84%
Epoch 272, cost = 1.474243, train_acc = 98.81% val_acc = 96.91%
Epoch 273, cost = 1.473966, train_acc = 98.81% val_acc = 96.88%
Epoch 274, cost = 1.473891, train_acc = 98.81% val_acc = 96.83%
Epoch 275, cost = 1.473873, train_acc = 98.81% val_acc = 96.94%
Epoch 276, cost = 1.473864, train_acc = 98.81% val_acc = 96.98%
Epoch 277, cost = 1.473860, train_acc = 98.81% val_acc = 96.99%
Epoch 278, cost = 1.473889, train_acc = 98.81% val_acc = 96.93%
Epoch 279, cost = 1.473888, train_acc = 98.81% val_acc = 97.00%
Epoch 280, cost = 1.473845, train_acc = 98.81% val_acc = 96.94%
Epoch 281, cost = 1.473839, train_acc = 98.81% val_acc = 96.97%
Epoch 282, cost = 1.473837, train_acc = 98.82% val_acc = 96.98%
Epoch 283, cost = 1.473985, train_acc = 98.82% val_acc = 97.00%
Epoch 284, cost = 1.473971, train_acc = 98.82% val_acc = 96.95%
Epoch 285, cost = 1.473834, train_acc = 98.82% val_acc = 96.93%
Epoch 286, cost = 1.473783, train_acc = 98.82% val_acc = 96.94%
Epoch 287, cost = 1.473772, train_acc = 98.82% val_acc = 96.93%
Epoch 288, cost = 1.473771, train_acc = 98.82% val_acc = 96.91%
Epoch 289, cost = 1.473776, train_acc = 98.82% val_acc = 96.92%
Epoch 290, cost = 1.473763, train_acc = 98.82% val_acc = 96.92%
Epoch 291, cost = 1.473782, train_acc = 98.83% val_acc = 96.86%
Epoch 292, cost = 1.473756, train_acc = 98.83% val_acc = 96.98%
Epoch 293, cost = 1.473724, train_acc = 98.83% val_acc = 96.87%
Epoch 294, cost = 1.473707, train_acc = 98.83% val_acc = 96.92%
Epoch 295, cost = 1.473702, train_acc = 98.83% val_acc = 96.88%
Epoch 296, cost = 1.473711, train_acc = 98.83% val_acc = 96.88%
Epoch 297, cost = 1.473664, train_acc = 98.83% val_acc = 96.87%
Epoch 298, cost = 1.473653, train_acc = 98.83% val_acc = 96.90%
Epoch 299, cost = 1.473650, train_acc = 98.83% val_acc = 96.87%
Epoch 300, cost = 1.473648, train_acc = 98.83% val_acc = 96.90%
Epoch 301, cost = 1.473645, train_acc = 98.83% val_acc = 96.87%
Epoch 302, cost = 1.473644, train_acc = 98.83% val_acc = 96.89%
Epoch 303, cost = 1.473643, train_acc = 98.83% val_acc = 96.82%
Epoch 304, cost = 1.473628, train_acc = 98.84% val_acc = 96.81%
Epoch 305, cost = 1.473585, train_acc = 98.84% val_acc = 96.85%
Epoch 306, cost = 1.473577, train_acc = 98.84% val_acc = 96.86%
Epoch 307, cost = 1.473572, train_acc = 98.84% val_acc = 96.81%
Epoch 308, cost = 1.473568, train_acc = 98.84% val_acc = 96.89%
Epoch 309, cost = 1.473569, train_acc = 98.84% val_acc = 96.88%
Epoch 310, cost = 1.473566, train_acc = 98.84% val_acc = 96.87%
Epoch 311, cost = 1.473565, train_acc = 98.84% val_acc = 96.82%
Epoch 312, cost = 1.473564, train_acc = 98.84% val_acc = 96.82%
Epoch 313, cost = 1.473562, train_acc = 98.84% val_acc = 96.85%
Epoch 314, cost = 1.473561, train_acc = 98.84% val_acc = 96.86%
Epoch 315, cost = 1.473560, train_acc = 98.84% val_acc = 96.86%
Epoch 316, cost = 1.473560, train_acc = 98.84% val_acc = 96.83%
Epoch 317, cost = 1.473559, train_acc = 98.84% val_acc = 96.86%
Epoch 318, cost = 1.473557, train_acc = 98.84% val_acc = 96.90%
Epoch 319, cost = 1.473555, train_acc = 98.84% val_acc = 96.85%
Epoch 320, cost = 1.473617, train_acc = 98.85% val_acc = 96.77%
Epoch 321, cost = 1.473506, train_acc = 98.85% val_acc = 96.82%
Epoch 322, cost = 1.473492, train_acc = 98.85% val_acc = 96.88%
Epoch 323, cost = 1.473487, train_acc = 98.85% val_acc = 96.87%
Epoch 324, cost = 1.473486, train_acc = 98.85% val_acc = 96.94%
Epoch 325, cost = 1.473484, train_acc = 98.85% val_acc = 96.88%
Epoch 326, cost = 1.473482, train_acc = 98.85% val_acc = 96.86%
Epoch 327, cost = 1.473482, train_acc = 98.85% val_acc = 96.89%
Epoch 328, cost = 1.473480, train_acc = 98.85% val_acc = 96.86%
Epoch 329, cost = 1.473479, train_acc = 98.85% val_acc = 96.89%
Epoch 330, cost = 1.473479, train_acc = 98.85% val_acc = 96.89%
Epoch 331, cost = 1.473478, train_acc = 98.85% val_acc = 96.87%
Epoch 332, cost = 1.473477, train_acc = 98.85% val_acc = 96.88%
Epoch 333, cost = 1.473476, train_acc = 98.85% val_acc = 96.90%
Epoch 334, cost = 1.473476, train_acc = 98.85% val_acc = 96.88%
Epoch 335, cost = 1.473475, train_acc = 98.85% val_acc = 96.90%
Epoch 336, cost = 1.473475, train_acc = 98.85% val_acc = 96.88%
Epoch 337, cost = 1.473474, train_acc = 98.85% val_acc = 96.86%
Epoch 338, cost = 1.473472, train_acc = 98.85% val_acc = 96.80%
Epoch 339, cost = 1.473472, train_acc = 98.85% val_acc = 96.84%
Epoch 340, cost = 1.473472, train_acc = 98.85% val_acc = 96.81%
Epoch 341, cost = 1.473508, train_acc = 98.85% val_acc = 96.83%
Epoch 342, cost = 1.473702, train_acc = 98.85% val_acc = 96.92%
Epoch 343, cost = 1.473725, train_acc = 98.85% val_acc = 96.96%
Epoch 344, cost = 1.473651, train_acc = 98.85% val_acc = 96.97%
Epoch 345, cost = 1.473464, train_acc = 98.85% val_acc = 96.95%
Epoch 346, cost = 1.473447, train_acc = 98.85% val_acc = 96.90%
Epoch 347, cost = 1.473444, train_acc = 98.85% val_acc = 96.90%
Epoch 348, cost = 1.473440, train_acc = 98.85% val_acc = 96.94%
Epoch 349, cost = 1.473438, train_acc = 98.85% val_acc = 96.88%
Epoch 350, cost = 1.473438, train_acc = 98.85% val_acc = 96.91%
Epoch 351, cost = 1.473436, train_acc = 98.85% val_acc = 96.91%
Epoch 352, cost = 1.473434, train_acc = 98.85% val_acc = 96.91%
Epoch 353, cost = 1.473434, train_acc = 98.85% val_acc = 96.88%
Epoch 354, cost = 1.473432, train_acc = 98.85% val_acc = 96.84%
Epoch 355, cost = 1.473432, train_acc = 98.85% val_acc = 96.81%
Epoch 356, cost = 1.473432, train_acc = 98.85% val_acc = 96.90%
Epoch 357, cost = 1.473430, train_acc = 98.85% val_acc = 96.85%
Epoch 358, cost = 1.473430, train_acc = 98.85% val_acc = 96.90%
Epoch 359, cost = 1.473429, train_acc = 98.85% val_acc = 96.82%
Epoch 360, cost = 1.473428, train_acc = 98.85% val_acc = 96.91%
Epoch 361, cost = 1.473427, train_acc = 98.85% val_acc = 96.90%
Epoch 362, cost = 1.473428, train_acc = 98.85% val_acc = 96.86%
Epoch 363, cost = 1.473428, train_acc = 98.85% val_acc = 96.86%
Epoch 364, cost = 1.473428, train_acc = 98.85% val_acc = 96.87%
Epoch 365, cost = 1.473427, train_acc = 98.85% val_acc = 96.90%
Epoch 366, cost = 1.473426, train_acc = 98.85% val_acc = 96.88%
Epoch 367, cost = 1.473426, train_acc = 98.85% val_acc = 96.87%
Epoch 368, cost = 1.473429, train_acc = 98.85% val_acc = 96.89%
Epoch 369, cost = 1.473466, train_acc = 98.86% val_acc = 96.93%
Epoch 370, cost = 1.473396, train_acc = 98.86% val_acc = 96.86%
Epoch 371, cost = 1.473395, train_acc = 98.86% val_acc = 96.91%
Epoch 372, cost = 1.473393, train_acc = 98.86% val_acc = 96.93%
Epoch 373, cost = 1.473391, train_acc = 98.86% val_acc = 96.86%
Epoch 374, cost = 1.473390, train_acc = 98.86% val_acc = 96.83%
Epoch 375, cost = 1.473389, train_acc = 98.86% val_acc = 96.87%
Epoch 376, cost = 1.473426, train_acc = 98.86% val_acc = 96.84%
Epoch 377, cost = 1.473389, train_acc = 98.86% val_acc = 96.83%
Epoch 378, cost = 1.473387, train_acc = 98.86% val_acc = 96.87%
Epoch 379, cost = 1.473424, train_acc = 98.86% val_acc = 96.91%
Epoch 380, cost = 1.473386, train_acc = 98.86% val_acc = 96.87%
Epoch 381, cost = 1.473386, train_acc = 98.86% val_acc = 96.84%
Epoch 382, cost = 1.473385, train_acc = 98.86% val_acc = 96.88%
Epoch 383, cost = 1.473384, train_acc = 98.86% val_acc = 96.89%
Epoch 384, cost = 1.473384, train_acc = 98.86% val_acc = 96.85%
Epoch 385, cost = 1.473384, train_acc = 98.86% val_acc = 96.91%
Epoch 386, cost = 1.473384, train_acc = 98.86% val_acc = 96.89%
Epoch 387, cost = 1.473383, train_acc = 98.86% val_acc = 96.87%
Epoch 388, cost = 1.473384, train_acc = 98.86% val_acc = 96.92%
Epoch 389, cost = 1.473383, train_acc = 98.86% val_acc = 96.88%
Epoch 390, cost = 1.473382, train_acc = 98.86% val_acc = 96.87%
Epoch 391, cost = 1.473382, train_acc = 98.86% val_acc = 96.90%
Epoch 392, cost = 1.473382, train_acc = 98.86% val_acc = 96.89%
Epoch 393, cost = 1.473381, train_acc = 98.86% val_acc = 96.87%
Epoch 394, cost = 1.473381, train_acc = 98.86% val_acc = 96.87%
Epoch 395, cost = 1.473380, train_acc = 98.86% val_acc = 96.89%
Epoch 396, cost = 1.473381, train_acc = 98.86% val_acc = 96.86%
Epoch 397, cost = 1.473380, train_acc = 98.86% val_acc = 96.88%
Epoch 398, cost = 1.473380, train_acc = 98.86% val_acc = 96.86%
Epoch 399, cost = 1.473379, train_acc = 98.86% val_acc = 96.86%
Epoch 400, cost = 1.473380, train_acc = 98.86% val_acc = 96.85%
Epoch 401, cost = 1.473380, train_acc = 98.86% val_acc = 96.86%
Epoch 402, cost = 1.473379, train_acc = 98.86% val_acc = 96.85%
Epoch 403, cost = 1.473378, train_acc = 98.86% val_acc = 96.88%
Epoch 404, cost = 1.473379, train_acc = 98.86% val_acc = 96.89%
Epoch 405, cost = 1.473378, train_acc = 98.86% val_acc = 96.90%
Epoch 406, cost = 1.473378, train_acc = 98.86% val_acc = 96.91%
Epoch 407, cost = 1.473378, train_acc = 98.86% val_acc = 96.86%
Epoch 408, cost = 1.473415, train_acc = 98.86% val_acc = 96.86%
Epoch 409, cost = 1.473377, train_acc = 98.86% val_acc = 96.88%
Epoch 410, cost = 1.473378, train_acc = 98.86% val_acc = 96.84%
Epoch 411, cost = 1.473378, train_acc = 98.86% val_acc = 96.89%
Epoch 412, cost = 1.473377, train_acc = 98.86% val_acc = 96.88%
Epoch 413, cost = 1.473377, train_acc = 98.86% val_acc = 96.91%
Epoch 414, cost = 1.473377, train_acc = 98.86% val_acc = 96.85%
Epoch 415, cost = 1.473377, train_acc = 98.86% val_acc = 96.91%
Epoch 416, cost = 1.473377, train_acc = 98.86% val_acc = 96.86%
Epoch 417, cost = 1.473376, train_acc = 98.86% val_acc = 96.89%
Epoch 418, cost = 1.473375, train_acc = 98.86% val_acc = 96.88%
Epoch 419, cost = 1.473376, train_acc = 98.86% val_acc = 96.84%
Epoch 420, cost = 1.473376, train_acc = 98.86% val_acc = 96.87%
Epoch 421, cost = 1.473376, train_acc = 98.86% val_acc = 96.88%
Epoch 422, cost = 1.473375, train_acc = 98.86% val_acc = 96.87%
Epoch 423, cost = 1.473375, train_acc = 98.86% val_acc = 96.91%
Epoch 424, cost = 1.473375, train_acc = 98.86% val_acc = 96.89%
Epoch 425, cost = 1.473375, train_acc = 98.86% val_acc = 96.87%
Epoch 426, cost = 1.473375, train_acc = 98.86% val_acc = 96.85%
Epoch 427, cost = 1.473375, train_acc = 98.86% val_acc = 96.90%
Epoch 428, cost = 1.473374, train_acc = 98.86% val_acc = 96.91%
Epoch 429, cost = 1.473374, train_acc = 98.86% val_acc = 96.88%
Epoch 430, cost = 1.473374, train_acc = 98.86% val_acc = 96.86%
Epoch 431, cost = 1.473374, train_acc = 98.86% val_acc = 96.81%
Epoch 432, cost = 1.473374, train_acc = 98.86% val_acc = 96.89%
Epoch 433, cost = 1.473373, train_acc = 98.86% val_acc = 96.84%
Epoch 434, cost = 1.473373, train_acc = 98.86% val_acc = 96.90%
Epoch 435, cost = 1.473373, train_acc = 98.86% val_acc = 96.87%
Epoch 436, cost = 1.473410, train_acc = 98.86% val_acc = 96.86%
Epoch 437, cost = 1.473373, train_acc = 98.86% val_acc = 96.88%
Epoch 438, cost = 1.473373, train_acc = 98.86% val_acc = 96.88%
Epoch 439, cost = 1.473373, train_acc = 98.86% val_acc = 96.85%
Epoch 440, cost = 1.473373, train_acc = 98.86% val_acc = 96.87%
Epoch 441, cost = 1.473372, train_acc = 98.86% val_acc = 96.88%
Epoch 442, cost = 1.473372, train_acc = 98.86% val_acc = 96.85%
Epoch 443, cost = 1.473372, train_acc = 98.86% val_acc = 96.90%
Epoch 444, cost = 1.473372, train_acc = 98.86% val_acc = 96.89%
Epoch 445, cost = 1.473372, train_acc = 98.86% val_acc = 96.90%
Epoch 446, cost = 1.473371, train_acc = 98.86% val_acc = 96.88%
Epoch 447, cost = 1.473371, train_acc = 98.86% val_acc = 96.87%
Epoch 448, cost = 1.473371, train_acc = 98.86% val_acc = 96.85%
Epoch 449, cost = 1.473408, train_acc = 98.86% val_acc = 96.86%
Epoch 450, cost = 1.473371, train_acc = 98.86% val_acc = 96.89%
Epoch 451, cost = 1.473370, train_acc = 98.86% val_acc = 96.86%
Epoch 452, cost = 1.473371, train_acc = 98.86% val_acc = 96.91%
Epoch 453, cost = 1.473409, train_acc = 98.86% val_acc = 96.90%
Epoch 454, cost = 1.473372, train_acc = 98.86% val_acc = 96.89%
Epoch 455, cost = 1.473372, train_acc = 98.86% val_acc = 96.91%
Epoch 456, cost = 1.473371, train_acc = 98.86% val_acc = 96.89%
Epoch 457, cost = 1.473370, train_acc = 98.86% val_acc = 96.90%
Epoch 458, cost = 1.473443, train_acc = 98.86% val_acc = 96.85%
Epoch 459, cost = 1.473370, train_acc = 98.86% val_acc = 96.89%
Epoch 460, cost = 1.473370, train_acc = 98.86% val_acc = 96.89%
Epoch 461, cost = 1.473370, train_acc = 98.86% val_acc = 96.85%
Epoch 462, cost = 1.473371, train_acc = 98.86% val_acc = 96.86%
Epoch 463, cost = 1.473370, train_acc = 98.86% val_acc = 96.87%
Epoch 464, cost = 1.473370, train_acc = 98.86% val_acc = 96.93%
Epoch 465, cost = 1.473369, train_acc = 98.86% val_acc = 96.88%
Epoch 466, cost = 1.473370, train_acc = 98.86% val_acc = 96.90%
Epoch 467, cost = 1.473369, train_acc = 98.86% val_acc = 96.91%
Epoch 468, cost = 1.473369, train_acc = 98.86% val_acc = 96.91%
Epoch 469, cost = 1.473369, train_acc = 98.86% val_acc = 96.91%
Epoch 470, cost = 1.473370, train_acc = 98.86% val_acc = 96.89%
Epoch 471, cost = 1.473370, train_acc = 98.86% val_acc = 96.87%
Epoch 472, cost = 1.473407, train_acc = 98.86% val_acc = 96.89%
Epoch 473, cost = 1.473369, train_acc = 98.86% val_acc = 96.91%
Epoch 474, cost = 1.473368, train_acc = 98.86% val_acc = 96.88%
Epoch 475, cost = 1.473368, train_acc = 98.86% val_acc = 96.89%
Epoch 476, cost = 1.473369, train_acc = 98.86% val_acc = 96.85%
Epoch 477, cost = 1.473369, train_acc = 98.86% val_acc = 96.90%
Epoch 478, cost = 1.473369, train_acc = 98.86% val_acc = 96.92%
Epoch 479, cost = 1.473368, train_acc = 98.86% val_acc = 96.86%
Epoch 480, cost = 1.473368, train_acc = 98.86% val_acc = 96.89%
Epoch 481, cost = 1.473369, train_acc = 98.86% val_acc = 96.90%
Epoch 482, cost = 1.473369, train_acc = 98.86% val_acc = 96.87%
Epoch 483, cost = 1.473369, train_acc = 98.86% val_acc = 96.90%
Epoch 484, cost = 1.473368, train_acc = 98.86% val_acc = 96.92%
Epoch 485, cost = 1.473368, train_acc = 98.86% val_acc = 96.89%
Epoch 486, cost = 1.473368, train_acc = 98.86% val_acc = 96.88%
Epoch 487, cost = 1.473368, train_acc = 98.86% val_acc = 96.90%
Epoch 488, cost = 1.473368, train_acc = 98.86% val_acc = 96.89%
Epoch 489, cost = 1.473368, train_acc = 98.86% val_acc = 96.88%
Epoch 490, cost = 1.473368, train_acc = 98.86% val_acc = 96.86%
Epoch 491, cost = 1.473367, train_acc = 98.86% val_acc = 96.90%
Epoch 492, cost = 1.473368, train_acc = 98.86% val_acc = 96.87%
Epoch 493, cost = 1.473368, train_acc = 98.86% val_acc = 96.88%
Epoch 494, cost = 1.473368, train_acc = 98.86% val_acc = 96.88%
Epoch 495, cost = 1.473367, train_acc = 98.86% val_acc = 96.97%
Epoch 496, cost = 1.473368, train_acc = 98.86% val_acc = 96.89%
Epoch 497, cost = 1.473367, train_acc = 98.86% val_acc = 96.87%
Epoch 498, cost = 1.473367, train_acc = 98.86% val_acc = 96.90%
Epoch 499, cost = 1.473366, train_acc = 98.86% val_acc = 96.87%
Epoch 500, cost = 1.473366, train_acc = 98.86% val_acc = 96.88%
Epoch 501, cost = 1.473366, train_acc = 98.86% val_acc = 96.86%
Epoch 502, cost = 1.473365, train_acc = 98.86% val_acc = 96.89%
Epoch 503, cost = 1.473365, train_acc = 98.86% val_acc = 96.88%
Epoch 504, cost = 1.473365, train_acc = 98.86% val_acc = 96.86%
Epoch 505, cost = 1.473366, train_acc = 98.86% val_acc = 96.91%
Epoch 506, cost = 1.473365, train_acc = 98.86% val_acc = 96.87%
Epoch 507, cost = 1.473366, train_acc = 98.86% val_acc = 96.91%
Epoch 508, cost = 1.473365, train_acc = 98.86% val_acc = 96.85%
Epoch 509, cost = 1.473366, train_acc = 98.86% val_acc = 96.88%
Epoch 510, cost = 1.473366, train_acc = 98.86% val_acc = 96.87%
Epoch 511, cost = 1.473365, train_acc = 98.86% val_acc = 96.87%
Epoch 512, cost = 1.473367, train_acc = 98.86% val_acc = 96.88%
Epoch 513, cost = 1.473366, train_acc = 98.86% val_acc = 96.89%
Epoch 514, cost = 1.473365, train_acc = 98.86% val_acc = 96.86%
Epoch 515, cost = 1.473372, train_acc = 98.86% val_acc = 96.93%
Epoch 516, cost = 1.473369, train_acc = 98.86% val_acc = 96.93%
Epoch 517, cost = 1.473335, train_acc = 98.86% val_acc = 96.86%
Epoch 518, cost = 1.473333, train_acc = 98.86% val_acc = 96.94%
Epoch 519, cost = 1.473332, train_acc = 98.86% val_acc = 96.89%
Epoch 520, cost = 1.473331, train_acc = 98.86% val_acc = 96.91%
Epoch 521, cost = 1.473331, train_acc = 98.86% val_acc = 96.92%
Epoch 522, cost = 1.473369, train_acc = 98.86% val_acc = 96.84%
Epoch 523, cost = 1.473331, train_acc = 98.86% val_acc = 96.88%
Epoch 524, cost = 1.473330, train_acc = 98.86% val_acc = 96.92%
Epoch 525, cost = 1.473331, train_acc = 98.86% val_acc = 96.89%
Epoch 526, cost = 1.473330, train_acc = 98.86% val_acc = 96.88%
Epoch 527, cost = 1.473329, train_acc = 98.86% val_acc = 96.88%
Epoch 528, cost = 1.473329, train_acc = 98.86% val_acc = 96.91%
Epoch 529, cost = 1.473329, train_acc = 98.86% val_acc = 96.91%
Epoch 530, cost = 1.473329, train_acc = 98.86% val_acc = 96.87%
Epoch 531, cost = 1.473366, train_acc = 98.86% val_acc = 96.90%
Epoch 532, cost = 1.473329, train_acc = 98.86% val_acc = 96.87%
Epoch 533, cost = 1.473329, train_acc = 98.86% val_acc = 96.89%
Epoch 534, cost = 1.473327, train_acc = 98.86% val_acc = 96.90%
Epoch 535, cost = 1.473329, train_acc = 98.86% val_acc = 96.87%
Epoch 536, cost = 1.473327, train_acc = 98.86% val_acc = 96.87%
Epoch 537, cost = 1.473328, train_acc = 98.86% val_acc = 96.92%
Epoch 538, cost = 1.473328, train_acc = 98.86% val_acc = 96.89%
Epoch 539, cost = 1.473365, train_acc = 98.86% val_acc = 96.87%
Epoch 540, cost = 1.473327, train_acc = 98.86% val_acc = 96.86%
Epoch 541, cost = 1.473329, train_acc = 98.86% val_acc = 96.85%
Epoch 542, cost = 1.473327, train_acc = 98.86% val_acc = 96.89%
Epoch 543, cost = 1.473327, train_acc = 98.86% val_acc = 96.86%
Epoch 544, cost = 1.473327, train_acc = 98.86% val_acc = 96.86%
Epoch 545, cost = 1.473362, train_acc = 98.86% val_acc = 96.91%
Epoch 546, cost = 1.473365, train_acc = 98.86% val_acc = 96.84%
Epoch 547, cost = 1.473328, train_acc = 98.86% val_acc = 96.86%
Epoch 548, cost = 1.473328, train_acc = 98.86% val_acc = 96.86%
Epoch 549, cost = 1.473326, train_acc = 98.86% val_acc = 96.88%
Epoch 550, cost = 1.473326, train_acc = 98.86% val_acc = 96.89%
Epoch 551, cost = 1.473326, train_acc = 98.86% val_acc = 96.87%
Epoch 552, cost = 1.473326, train_acc = 98.86% val_acc = 96.90%
Epoch 553, cost = 1.473327, train_acc = 98.86% val_acc = 96.87%
Epoch 554, cost = 1.473328, train_acc = 98.86% val_acc = 96.88%
Epoch 555, cost = 1.473327, train_acc = 98.86% val_acc = 96.88%
Epoch 556, cost = 1.473328, train_acc = 98.86% val_acc = 96.88%
Epoch 557, cost = 1.473328, train_acc = 98.86% val_acc = 96.82%
Epoch 558, cost = 1.473326, train_acc = 98.86% val_acc = 96.84%
Epoch 559, cost = 1.473364, train_acc = 98.86% val_acc = 96.87%
Epoch 560, cost = 1.473326, train_acc = 98.86% val_acc = 96.88%
Epoch 561, cost = 1.473326, train_acc = 98.86% val_acc = 96.89%
Epoch 562, cost = 1.473326, train_acc = 98.86% val_acc = 96.84%
Epoch 563, cost = 1.473326, train_acc = 98.86% val_acc = 96.88%
Epoch 564, cost = 1.473326, train_acc = 98.86% val_acc = 96.86%
Epoch 565, cost = 1.473362, train_acc = 98.86% val_acc = 96.85%
Epoch 566, cost = 1.473325, train_acc = 98.86% val_acc = 96.88%
Epoch 567, cost = 1.473326, train_acc = 98.86% val_acc = 96.86%
Epoch 568, cost = 1.473325, train_acc = 98.86% val_acc = 96.86%
Epoch 569, cost = 1.473325, train_acc = 98.86% val_acc = 96.86%
Epoch 570, cost = 1.473325, train_acc = 98.86% val_acc = 96.85%
Epoch 571, cost = 1.473324, train_acc = 98.86% val_acc = 96.84%
Epoch 572, cost = 1.473360, train_acc = 98.86% val_acc = 96.87%
Epoch 573, cost = 1.473324, train_acc = 98.86% val_acc = 96.91%
Epoch 574, cost = 1.473325, train_acc = 98.86% val_acc = 96.83%
Epoch 575, cost = 1.473362, train_acc = 98.86% val_acc = 96.89%
Epoch 576, cost = 1.473324, train_acc = 98.86% val_acc = 96.89%
Epoch 577, cost = 1.473323, train_acc = 98.86% val_acc = 96.86%
Epoch 578, cost = 1.473324, train_acc = 98.86% val_acc = 96.87%
Epoch 579, cost = 1.473324, train_acc = 98.86% val_acc = 96.85%
Epoch 580, cost = 1.473323, train_acc = 98.86% val_acc = 96.87%
Epoch 581, cost = 1.473324, train_acc = 98.86% val_acc = 96.87%
Epoch 582, cost = 1.473361, train_acc = 98.86% val_acc = 96.90%
Epoch 583, cost = 1.473323, train_acc = 98.86% val_acc = 96.86%
Epoch 584, cost = 1.473323, train_acc = 98.86% val_acc = 96.85%
Epoch 585, cost = 1.473324, train_acc = 98.86% val_acc = 96.87%
Epoch 586, cost = 1.473324, train_acc = 98.86% val_acc = 96.87%
Epoch 587, cost = 1.473324, train_acc = 98.86% val_acc = 96.87%
Epoch 588, cost = 1.473325, train_acc = 98.86% val_acc = 96.87%
Epoch 589, cost = 1.473325, train_acc = 98.86% val_acc = 96.89%
Epoch 590, cost = 1.473323, train_acc = 98.86% val_acc = 96.88%
Epoch 591, cost = 1.473323, train_acc = 98.86% val_acc = 96.92%
Epoch 592, cost = 1.473323, train_acc = 98.86% val_acc = 96.86%
Epoch 593, cost = 1.473359, train_acc = 98.86% val_acc = 96.87%
Epoch 594, cost = 1.473361, train_acc = 98.86% val_acc = 96.87%
Epoch 595, cost = 1.473323, train_acc = 98.86% val_acc = 96.86%
Epoch 596, cost = 1.473324, train_acc = 98.86% val_acc = 96.84%
Epoch 597, cost = 1.473362, train_acc = 98.86% val_acc = 96.89%
Epoch 598, cost = 1.473324, train_acc = 98.86% val_acc = 96.86%
Epoch 599, cost = 1.473324, train_acc = 98.86% val_acc = 96.86%
Epoch 600, cost = 1.473323, train_acc = 98.86% val_acc = 96.87%
Epoch 601, cost = 1.473323, train_acc = 98.86% val_acc = 96.87%
Epoch 602, cost = 1.473324, train_acc = 98.86% val_acc = 96.89%
Epoch 603, cost = 1.473325, train_acc = 98.86% val_acc = 96.84%
Epoch 604, cost = 1.473323, train_acc = 98.86% val_acc = 96.86%
Epoch 605, cost = 1.473322, train_acc = 98.86% val_acc = 96.87%
Epoch 606, cost = 1.473323, train_acc = 98.86% val_acc = 96.85%
Epoch 607, cost = 1.473324, train_acc = 98.86% val_acc = 96.90%
Epoch 608, cost = 1.473360, train_acc = 98.86% val_acc = 96.90%
Epoch 609, cost = 1.473324, train_acc = 98.86% val_acc = 96.86%
Epoch 610, cost = 1.473322, train_acc = 98.86% val_acc = 96.86%
Epoch 611, cost = 1.473322, train_acc = 98.86% val_acc = 96.88%
Epoch 612, cost = 1.473324, train_acc = 98.86% val_acc = 96.86%
Epoch 613, cost = 1.473323, train_acc = 98.86% val_acc = 96.86%
Epoch 614, cost = 1.473322, train_acc = 98.86% val_acc = 96.90%
Epoch 615, cost = 1.473323, train_acc = 98.86% val_acc = 96.85%
Epoch 616, cost = 1.473360, train_acc = 98.86% val_acc = 96.89%
Epoch 617, cost = 1.473324, train_acc = 98.86% val_acc = 96.86%
Epoch 618, cost = 1.473322, train_acc = 98.86% val_acc = 96.86%
Epoch 619, cost = 1.473324, train_acc = 98.86% val_acc = 96.86%
Epoch 620, cost = 1.473323, train_acc = 98.86% val_acc = 96.87%
Epoch 621, cost = 1.473322, train_acc = 98.86% val_acc = 96.86%
Epoch 622, cost = 1.473322, train_acc = 98.86% val_acc = 96.86%
Epoch 623, cost = 1.473359, train_acc = 98.86% val_acc = 96.87%
Epoch 624, cost = 1.473359, train_acc = 98.86% val_acc = 96.88%
Epoch 625, cost = 1.473323, train_acc = 98.86% val_acc = 96.86%
Epoch 626, cost = 1.473322, train_acc = 98.86% val_acc = 96.86%
Epoch 627, cost = 1.473323, train_acc = 98.86% val_acc = 96.88%
Epoch 628, cost = 1.473359, train_acc = 98.86% val_acc = 96.87%
Epoch 629, cost = 1.473323, train_acc = 98.86% val_acc = 96.91%
Epoch 630, cost = 1.473324, train_acc = 98.86% val_acc = 96.86%
Epoch 631, cost = 1.473323, train_acc = 98.86% val_acc = 96.87%
Epoch 632, cost = 1.473323, train_acc = 98.86% val_acc = 96.88%
Epoch 633, cost = 1.473322, train_acc = 98.86% val_acc = 96.87%
Epoch 634, cost = 1.473323, train_acc = 98.86% val_acc = 96.87%
Epoch 635, cost = 1.473323, train_acc = 98.86% val_acc = 96.87%
Epoch 636, cost = 1.473322, train_acc = 98.86% val_acc = 96.87%
Epoch 637, cost = 1.473321, train_acc = 98.86% val_acc = 96.88%
Epoch 638, cost = 1.473321, train_acc = 98.86% val_acc = 96.87%
Epoch 639, cost = 1.473358, train_acc = 98.86% val_acc = 96.86%
Epoch 640, cost = 1.473322, train_acc = 98.86% val_acc = 96.92%
Epoch 641, cost = 1.473323, train_acc = 98.86% val_acc = 96.86%
Epoch 642, cost = 1.473322, train_acc = 98.86% val_acc = 96.82%
Epoch 643, cost = 1.473322, train_acc = 98.86% val_acc = 96.86%
Epoch 644, cost = 1.473322, train_acc = 98.86% val_acc = 96.88%
Epoch 645, cost = 1.473321, train_acc = 98.86% val_acc = 96.85%
Epoch 646, cost = 1.473321, train_acc = 98.86% val_acc = 96.88%
Epoch 647, cost = 1.473321, train_acc = 98.86% val_acc = 96.92%
Epoch 648, cost = 1.473321, train_acc = 98.86% val_acc = 96.89%
Epoch 649, cost = 1.473322, train_acc = 98.86% val_acc = 96.85%
Epoch 650, cost = 1.473321, train_acc = 98.86% val_acc = 96.87%
Epoch 651, cost = 1.473321, train_acc = 98.86% val_acc = 96.86%
Epoch 652, cost = 1.473322, train_acc = 98.86% val_acc = 96.84%
Epoch 653, cost = 1.473321, train_acc = 98.86% val_acc = 96.90%
Epoch 654, cost = 1.473322, train_acc = 98.86% val_acc = 96.87%
Epoch 655, cost = 1.473321, train_acc = 98.86% val_acc = 96.88%
Epoch 656, cost = 1.473359, train_acc = 98.86% val_acc = 96.87%
Epoch 657, cost = 1.473322, train_acc = 98.86% val_acc = 96.87%
Epoch 658, cost = 1.473321, train_acc = 98.86% val_acc = 96.88%
Epoch 659, cost = 1.473322, train_acc = 98.86% val_acc = 96.88%
Epoch 660, cost = 1.473322, train_acc = 98.86% val_acc = 96.88%
Epoch 661, cost = 1.473321, train_acc = 98.86% val_acc = 96.88%
Epoch 662, cost = 1.473321, train_acc = 98.86% val_acc = 96.88%
Epoch 663, cost = 1.473321, train_acc = 98.86% val_acc = 96.91%
Epoch 664, cost = 1.473321, train_acc = 98.86% val_acc = 96.87%
Epoch 665, cost = 1.473321, train_acc = 98.86% val_acc = 96.88%
Epoch 666, cost = 1.473322, train_acc = 98.86% val_acc = 96.87%
Epoch 667, cost = 1.473321, train_acc = 98.86% val_acc = 96.93%
Epoch 668, cost = 1.473360, train_acc = 98.86% val_acc = 96.87%
Epoch 669, cost = 1.473322, train_acc = 98.86% val_acc = 96.87%
Epoch 670, cost = 1.473321, train_acc = 98.86% val_acc = 96.88%
Epoch 671, cost = 1.473321, train_acc = 98.86% val_acc = 96.90%
Epoch 672, cost = 1.473320, train_acc = 98.86% val_acc = 96.87%
Epoch 673, cost = 1.473320, train_acc = 98.86% val_acc = 96.88%
Epoch 674, cost = 1.473321, train_acc = 98.86% val_acc = 96.86%
Epoch 675, cost = 1.473321, train_acc = 98.86% val_acc = 96.85%
Epoch 676, cost = 1.473321, train_acc = 98.86% val_acc = 96.89%
Epoch 677, cost = 1.473321, train_acc = 98.86% val_acc = 96.87%
Epoch 678, cost = 1.473322, train_acc = 98.86% val_acc = 96.87%
Epoch 679, cost = 1.473321, train_acc = 98.86% val_acc = 96.89%
Epoch 680, cost = 1.473321, train_acc = 98.86% val_acc = 96.90%
Epoch 681, cost = 1.473320, train_acc = 98.86% val_acc = 96.86%
Epoch 682, cost = 1.473320, train_acc = 98.86% val_acc = 96.87%
Epoch 683, cost = 1.473322, train_acc = 98.86% val_acc = 96.85%
Epoch 684, cost = 1.473322, train_acc = 98.86% val_acc = 96.90%
Epoch 685, cost = 1.473321, train_acc = 98.86% val_acc = 96.86%
Epoch 686, cost = 1.473322, train_acc = 98.86% val_acc = 96.88%
Epoch 687, cost = 1.473358, train_acc = 98.86% val_acc = 96.91%
Epoch 688, cost = 1.473321, train_acc = 98.86% val_acc = 96.88%
Epoch 689, cost = 1.473320, train_acc = 98.86% val_acc = 96.88%
Epoch 690, cost = 1.473321, train_acc = 98.86% val_acc = 96.89%
Epoch 691, cost = 1.473320, train_acc = 98.86% val_acc = 96.86%
Epoch 692, cost = 1.473321, train_acc = 98.86% val_acc = 96.85%
Epoch 693, cost = 1.473321, train_acc = 98.86% val_acc = 96.88%
Epoch 694, cost = 1.473320, train_acc = 98.86% val_acc = 96.88%
Epoch 695, cost = 1.473358, train_acc = 98.86% val_acc = 96.88%
Epoch 696, cost = 1.473359, train_acc = 98.86% val_acc = 96.86%
Epoch 697, cost = 1.473320, train_acc = 98.86% val_acc = 96.87%
Epoch 698, cost = 1.473321, train_acc = 98.86% val_acc = 96.90%
Epoch 699, cost = 1.473321, train_acc = 98.86% val_acc = 96.90%
Epoch 700, cost = 1.473321, train_acc = 98.86% val_acc = 96.87%
Epoch 701, cost = 1.473321, train_acc = 98.86% val_acc = 96.85%
Epoch 702, cost = 1.473321, train_acc = 98.86% val_acc = 96.85%
Epoch 703, cost = 1.473321, train_acc = 98.86% val_acc = 96.85%
Epoch 704, cost = 1.473321, train_acc = 98.86% val_acc = 96.89%
Epoch 705, cost = 1.473358, train_acc = 98.86% val_acc = 96.88%
Epoch 706, cost = 1.473356, train_acc = 98.86% val_acc = 96.87%
Epoch 707, cost = 1.473320, train_acc = 98.86% val_acc = 96.90%
Epoch 708, cost = 1.473321, train_acc = 98.86% val_acc = 96.84%
Epoch 709, cost = 1.473323, train_acc = 98.86% val_acc = 96.86%
Epoch 710, cost = 1.473321, train_acc = 98.86% val_acc = 96.92%
Epoch 711, cost = 1.473359, train_acc = 98.86% val_acc = 96.90%
Epoch 712, cost = 1.473323, train_acc = 98.86% val_acc = 96.87%
Epoch 713, cost = 1.473320, train_acc = 98.86% val_acc = 96.88%
Epoch 714, cost = 1.473321, train_acc = 98.86% val_acc = 96.89%
Epoch 715, cost = 1.473320, train_acc = 98.86% val_acc = 96.86%
Epoch 716, cost = 1.473321, train_acc = 98.86% val_acc = 96.89%
Epoch 717, cost = 1.473357, train_acc = 98.86% val_acc = 96.87%
Epoch 718, cost = 1.473356, train_acc = 98.86% val_acc = 96.89%
Epoch 719, cost = 1.473322, train_acc = 98.86% val_acc = 96.94%
Epoch 720, cost = 1.473320, train_acc = 98.86% val_acc = 96.86%
Epoch 721, cost = 1.473320, train_acc = 98.86% val_acc = 96.87%
Epoch 722, cost = 1.473320, train_acc = 98.86% val_acc = 96.88%
Epoch 723, cost = 1.473321, train_acc = 98.86% val_acc = 96.90%
Epoch 724, cost = 1.473321, train_acc = 98.86% val_acc = 96.87%
Epoch 725, cost = 1.473319, train_acc = 98.86% val_acc = 96.88%
Epoch 726, cost = 1.473320, train_acc = 98.86% val_acc = 96.90%
Epoch 727, cost = 1.473320, train_acc = 98.86% val_acc = 96.84%
Epoch 728, cost = 1.473320, train_acc = 98.86% val_acc = 96.93%
Epoch 729, cost = 1.473321, train_acc = 98.86% val_acc = 96.91%
Epoch 730, cost = 1.473321, train_acc = 98.86% val_acc = 96.87%
Epoch 731, cost = 1.473358, train_acc = 98.86% val_acc = 96.89%
Epoch 732, cost = 1.473320, train_acc = 98.86% val_acc = 96.87%
Epoch 733, cost = 1.473321, train_acc = 98.86% val_acc = 96.94%
Epoch 734, cost = 1.473320, train_acc = 98.86% val_acc = 96.89%
Epoch 735, cost = 1.473321, train_acc = 98.86% val_acc = 96.90%
Epoch 736, cost = 1.473357, train_acc = 98.86% val_acc = 96.88%
Epoch 737, cost = 1.473320, train_acc = 98.86% val_acc = 96.88%
Epoch 738, cost = 1.473320, train_acc = 98.86% val_acc = 96.85%
Epoch 739, cost = 1.473319, train_acc = 98.86% val_acc = 96.87%
Epoch 740, cost = 1.473319, train_acc = 98.86% val_acc = 96.87%
Epoch 741, cost = 1.473320, train_acc = 98.86% val_acc = 96.87%
Epoch 742, cost = 1.473319, train_acc = 98.86% val_acc = 96.92%
Epoch 743, cost = 1.473319, train_acc = 98.86% val_acc = 96.88%
Epoch 744, cost = 1.473319, train_acc = 98.86% val_acc = 96.96%
Epoch 745, cost = 1.473321, train_acc = 98.86% val_acc = 96.90%
Epoch 746, cost = 1.473321, train_acc = 98.86% val_acc = 96.86%
Epoch 747, cost = 1.473321, train_acc = 98.86% val_acc = 96.89%
Epoch 748, cost = 1.473320, train_acc = 98.86% val_acc = 96.87%
Epoch 749, cost = 1.473320, train_acc = 98.86% val_acc = 96.87%
Epoch 750, cost = 1.473320, train_acc = 98.86% val_acc = 96.90%
Epoch 751, cost = 1.473319, train_acc = 98.86% val_acc = 96.89%
Epoch 752, cost = 1.473320, train_acc = 98.86% val_acc = 96.88%
Epoch 753, cost = 1.473320, train_acc = 98.86% val_acc = 96.87%
Epoch 754, cost = 1.473320, train_acc = 98.86% val_acc = 96.89%
Epoch 755, cost = 1.473319, train_acc = 98.86% val_acc = 96.90%
Epoch 756, cost = 1.473321, train_acc = 98.86% val_acc = 96.89%
Epoch 757, cost = 1.473320, train_acc = 98.86% val_acc = 96.88%
Epoch 758, cost = 1.473321, train_acc = 98.86% val_acc = 96.86%
Epoch 759, cost = 1.473320, train_acc = 98.86% val_acc = 96.89%
Epoch 760, cost = 1.473319, train_acc = 98.86% val_acc = 96.89%
Epoch 761, cost = 1.473356, train_acc = 98.86% val_acc = 96.91%
Epoch 762, cost = 1.473320, train_acc = 98.86% val_acc = 96.87%
Epoch 763, cost = 1.473321, train_acc = 98.86% val_acc = 96.89%
Epoch 764, cost = 1.473321, train_acc = 98.86% val_acc = 96.89%
Epoch 765, cost = 1.473321, train_acc = 98.86% val_acc = 96.86%
Epoch 766, cost = 1.473319, train_acc = 98.86% val_acc = 96.90%
Epoch 767, cost = 1.473319, train_acc = 98.86% val_acc = 96.86%
Epoch 768, cost = 1.473320, train_acc = 98.86% val_acc = 96.90%
Epoch 769, cost = 1.473321, train_acc = 98.86% val_acc = 96.90%
Epoch 770, cost = 1.473320, train_acc = 98.86% val_acc = 96.89%
Epoch 771, cost = 1.473320, train_acc = 98.86% val_acc = 96.87%
Epoch 772, cost = 1.473318, train_acc = 98.86% val_acc = 96.90%
Epoch 773, cost = 1.473320, train_acc = 98.86% val_acc = 96.87%
Epoch 774, cost = 1.473319, train_acc = 98.86% val_acc = 96.90%
Epoch 775, cost = 1.473319, train_acc = 98.86% val_acc = 96.91%
Epoch 776, cost = 1.473320, train_acc = 98.86% val_acc = 96.95%
Epoch 777, cost = 1.473320, train_acc = 98.86% val_acc = 96.90%
Epoch 778, cost = 1.473356, train_acc = 98.86% val_acc = 96.95%
Epoch 779, cost = 1.473320, train_acc = 98.86% val_acc = 96.89%
Epoch 780, cost = 1.473321, train_acc = 98.86% val_acc = 96.93%
Epoch 781, cost = 1.473320, train_acc = 98.86% val_acc = 96.91%
Epoch 782, cost = 1.473355, train_acc = 98.86% val_acc = 96.89%
Epoch 783, cost = 1.473321, train_acc = 98.86% val_acc = 96.92%
Epoch 784, cost = 1.473320, train_acc = 98.86% val_acc = 96.87%
Epoch 785, cost = 1.473392, train_acc = 98.86% val_acc = 96.91%
Epoch 786, cost = 1.473323, train_acc = 98.86% val_acc = 96.93%
Epoch 787, cost = 1.473319, train_acc = 98.86% val_acc = 96.88%
Epoch 788, cost = 1.473320, train_acc = 98.86% val_acc = 96.92%
Epoch 789, cost = 1.473321, train_acc = 98.86% val_acc = 96.89%
Epoch 790, cost = 1.473318, train_acc = 98.86% val_acc = 96.91%
Epoch 791, cost = 1.473319, train_acc = 98.86% val_acc = 96.91%
Epoch 792, cost = 1.473319, train_acc = 98.86% val_acc = 96.90%
Epoch 793, cost = 1.473319, train_acc = 98.86% val_acc = 96.89%
Epoch 794, cost = 1.473319, train_acc = 98.86% val_acc = 96.90%
Epoch 795, cost = 1.473319, train_acc = 98.86% val_acc = 96.95%
Epoch 796, cost = 1.473359, train_acc = 98.86% val_acc = 96.92%
Epoch 797, cost = 1.473322, train_acc = 98.86% val_acc = 96.90%
Epoch 798, cost = 1.473319, train_acc = 98.86% val_acc = 96.87%
Epoch 799, cost = 1.473319, train_acc = 98.86% val_acc = 96.94%
Epoch 800, cost = 1.473356, train_acc = 98.86% val_acc = 96.91%
Epoch 801, cost = 1.473320, train_acc = 98.86% val_acc = 96.94%
Epoch 802, cost = 1.473319, train_acc = 98.86% val_acc = 96.92%
Epoch 803, cost = 1.473320, train_acc = 98.86% val_acc = 96.90%
Epoch 804, cost = 1.473319, train_acc = 98.86% val_acc = 96.92%
Epoch 805, cost = 1.473320, train_acc = 98.86% val_acc = 96.86%
Epoch 806, cost = 1.473320, train_acc = 98.86% val_acc = 96.86%
Epoch 807, cost = 1.473320, train_acc = 98.86% val_acc = 96.87%
Epoch 808, cost = 1.473319, train_acc = 98.86% val_acc = 96.88%
Epoch 809, cost = 1.473318, train_acc = 98.86% val_acc = 96.90%
Epoch 810, cost = 1.473318, train_acc = 98.86% val_acc = 96.88%
Epoch 811, cost = 1.473318, train_acc = 98.86% val_acc = 96.90%
Epoch 812, cost = 1.473318, train_acc = 98.86% val_acc = 96.85%
Epoch 813, cost = 1.473319, train_acc = 98.86% val_acc = 96.90%
Epoch 814, cost = 1.473320, train_acc = 98.86% val_acc = 96.87%
Epoch 815, cost = 1.473319, train_acc = 98.86% val_acc = 96.86%
Epoch 816, cost = 1.473318, train_acc = 98.86% val_acc = 96.88%
Epoch 817, cost = 1.473319, train_acc = 98.86% val_acc = 96.89%
Epoch 818, cost = 1.473319, train_acc = 98.86% val_acc = 96.88%
Epoch 819, cost = 1.473356, train_acc = 98.86% val_acc = 96.89%
Epoch 820, cost = 1.473320, train_acc = 98.86% val_acc = 96.92%
Epoch 821, cost = 1.473355, train_acc = 98.86% val_acc = 96.94%
Epoch 822, cost = 1.473324, train_acc = 98.86% val_acc = 96.90%
Epoch 823, cost = 1.473317, train_acc = 98.86% val_acc = 96.92%
Epoch 824, cost = 1.473525, train_acc = 98.86% val_acc = 96.84%
Epoch 825, cost = 1.473297, train_acc = 98.86% val_acc = 96.87%
Epoch 826, cost = 1.473288, train_acc = 98.86% val_acc = 96.85%
Epoch 827, cost = 1.473290, train_acc = 98.86% val_acc = 96.86%
Epoch 828, cost = 1.473288, train_acc = 98.86% val_acc = 96.87%
Epoch 829, cost = 1.473286, train_acc = 98.86% val_acc = 96.86%
Epoch 830, cost = 1.473286, train_acc = 98.86% val_acc = 96.85%
Epoch 831, cost = 1.473285, train_acc = 98.86% val_acc = 96.85%
Epoch 832, cost = 1.473322, train_acc = 98.86% val_acc = 96.90%
Epoch 833, cost = 1.473283, train_acc = 98.86% val_acc = 96.86%
Epoch 834, cost = 1.473282, train_acc = 98.86% val_acc = 96.92%
Epoch 835, cost = 1.473283, train_acc = 98.86% val_acc = 96.88%
Epoch 836, cost = 1.473282, train_acc = 98.86% val_acc = 96.87%
Epoch 837, cost = 1.473281, train_acc = 98.86% val_acc = 96.85%
Epoch 838, cost = 1.473284, train_acc = 98.86% val_acc = 96.88%
Epoch 839, cost = 1.473282, train_acc = 98.86% val_acc = 96.89%
Epoch 840, cost = 1.473280, train_acc = 98.86% val_acc = 96.90%
Epoch 841, cost = 1.473281, train_acc = 98.86% val_acc = 96.90%
Epoch 842, cost = 1.473283, train_acc = 98.86% val_acc = 96.88%
Epoch 843, cost = 1.473282, train_acc = 98.86% val_acc = 96.89%
Epoch 844, cost = 1.473283, train_acc = 98.86% val_acc = 96.87%
Epoch 845, cost = 1.473284, train_acc = 98.86% val_acc = 96.89%
Epoch 846, cost = 1.473321, train_acc = 98.86% val_acc = 96.87%
Epoch 847, cost = 1.473283, train_acc = 98.86% val_acc = 96.90%
Epoch 848, cost = 1.473281, train_acc = 98.86% val_acc = 96.90%
Epoch 849, cost = 1.473282, train_acc = 98.86% val_acc = 96.92%
Epoch 850, cost = 1.473284, train_acc = 98.86% val_acc = 96.89%
Epoch 851, cost = 1.473282, train_acc = 98.86% val_acc = 96.86%
Epoch 852, cost = 1.473282, train_acc = 98.86% val_acc = 96.90%
Epoch 853, cost = 1.473283, train_acc = 98.86% val_acc = 96.91%
Epoch 854, cost = 1.473319, train_acc = 98.86% val_acc = 96.90%
Epoch 855, cost = 1.473284, train_acc = 98.86% val_acc = 96.91%
Epoch 856, cost = 1.473281, train_acc = 98.86% val_acc = 96.88%
Epoch 857, cost = 1.473282, train_acc = 98.86% val_acc = 96.88%
Epoch 858, cost = 1.473281, train_acc = 98.86% val_acc = 96.92%
Epoch 859, cost = 1.473281, train_acc = 98.86% val_acc = 96.89%
Epoch 860, cost = 1.473282, train_acc = 98.86% val_acc = 96.89%
Epoch 861, cost = 1.473282, train_acc = 98.86% val_acc = 96.91%
Epoch 862, cost = 1.473283, train_acc = 98.86% val_acc = 96.88%
Epoch 863, cost = 1.473282, train_acc = 98.86% val_acc = 96.91%
Epoch 864, cost = 1.473280, train_acc = 98.86% val_acc = 96.90%
Epoch 865, cost = 1.473280, train_acc = 98.86% val_acc = 96.86%
Epoch 866, cost = 1.473317, train_acc = 98.86% val_acc = 96.89%
Epoch 867, cost = 1.473281, train_acc = 98.86% val_acc = 96.88%
Epoch 868, cost = 1.473281, train_acc = 98.86% val_acc = 96.92%
Epoch 869, cost = 1.473283, train_acc = 98.86% val_acc = 96.91%
Epoch 870, cost = 1.473283, train_acc = 98.86% val_acc = 96.90%
Epoch 871, cost = 1.473284, train_acc = 98.86% val_acc = 96.90%
Epoch 872, cost = 1.473282, train_acc = 98.86% val_acc = 96.93%
Epoch 873, cost = 1.473317, train_acc = 98.86% val_acc = 96.90%
Epoch 874, cost = 1.473283, train_acc = 98.86% val_acc = 96.87%
Epoch 875, cost = 1.473282, train_acc = 98.86% val_acc = 96.89%
Epoch 876, cost = 1.473281, train_acc = 98.86% val_acc = 96.91%
Epoch 877, cost = 1.473281, train_acc = 98.86% val_acc = 96.89%
Epoch 878, cost = 1.473281, train_acc = 98.86% val_acc = 96.92%
Epoch 879, cost = 1.473281, train_acc = 98.86% val_acc = 96.92%
Epoch 880, cost = 1.473280, train_acc = 98.86% val_acc = 96.90%
Epoch 881, cost = 1.473280, train_acc = 98.86% val_acc = 96.90%
Epoch 882, cost = 1.473318, train_acc = 98.86% val_acc = 96.87%
Epoch 883, cost = 1.473281, train_acc = 98.86% val_acc = 96.92%
Epoch 884, cost = 1.473282, train_acc = 98.86% val_acc = 96.94%
Epoch 885, cost = 1.473318, train_acc = 98.86% val_acc = 96.93%
Epoch 886, cost = 1.473281, train_acc = 98.86% val_acc = 96.92%
Epoch 887, cost = 1.473280, train_acc = 98.86% val_acc = 96.93%
Epoch 888, cost = 1.473281, train_acc = 98.86% val_acc = 96.89%
Epoch 889, cost = 1.473319, train_acc = 98.86% val_acc = 96.93%
Epoch 890, cost = 1.473280, train_acc = 98.86% val_acc = 96.87%
Epoch 891, cost = 1.473280, train_acc = 98.86% val_acc = 96.92%
Epoch 892, cost = 1.473280, train_acc = 98.86% val_acc = 96.92%
Epoch 893, cost = 1.473280, train_acc = 98.86% val_acc = 96.90%
Epoch 894, cost = 1.473282, train_acc = 98.86% val_acc = 96.93%
Epoch 895, cost = 1.473281, train_acc = 98.86% val_acc = 96.92%
Epoch 896, cost = 1.473318, train_acc = 98.86% val_acc = 96.86%
Epoch 897, cost = 1.473282, train_acc = 98.86% val_acc = 96.92%
Epoch 898, cost = 1.473280, train_acc = 98.86% val_acc = 96.92%
Epoch 899, cost = 1.473280, train_acc = 98.86% val_acc = 96.93%
Epoch 900, cost = 1.473280, train_acc = 98.86% val_acc = 96.90%
Epoch 901, cost = 1.473280, train_acc = 98.86% val_acc = 96.95%
Epoch 902, cost = 1.473280, train_acc = 98.86% val_acc = 96.91%
Epoch 903, cost = 1.473281, train_acc = 98.86% val_acc = 96.93%
Epoch 904, cost = 1.473281, train_acc = 98.86% val_acc = 96.90%
Epoch 905, cost = 1.473281, train_acc = 98.86% val_acc = 96.91%
Epoch 906, cost = 1.473281, train_acc = 98.86% val_acc = 96.91%
Epoch 907, cost = 1.473280, train_acc = 98.86% val_acc = 96.92%
Epoch 908, cost = 1.473279, train_acc = 98.86% val_acc = 96.91%
Epoch 909, cost = 1.473318, train_acc = 98.86% val_acc = 96.96%
Epoch 910, cost = 1.473280, train_acc = 98.86% val_acc = 96.88%
Epoch 911, cost = 1.473282, train_acc = 98.86% val_acc = 96.88%
Epoch 912, cost = 1.473281, train_acc = 98.86% val_acc = 96.90%
Epoch 913, cost = 1.473316, train_acc = 98.86% val_acc = 96.88%
Epoch 914, cost = 1.473279, train_acc = 98.86% val_acc = 96.92%
Epoch 915, cost = 1.473280, train_acc = 98.86% val_acc = 96.95%
Epoch 916, cost = 1.473280, train_acc = 98.86% val_acc = 96.94%
Epoch 917, cost = 1.473281, train_acc = 98.86% val_acc = 96.95%
Epoch 918, cost = 1.473281, train_acc = 98.86% val_acc = 96.92%
Epoch 919, cost = 1.473280, train_acc = 98.86% val_acc = 96.95%
Epoch 920, cost = 1.473280, train_acc = 98.86% val_acc = 96.86%
Epoch 921, cost = 1.473281, train_acc = 98.86% val_acc = 96.93%
Epoch 922, cost = 1.473280, train_acc = 98.86% val_acc = 96.93%
Epoch 923, cost = 1.473281, train_acc = 98.86% val_acc = 96.91%
Epoch 924, cost = 1.473280, train_acc = 98.86% val_acc = 96.94%
Epoch 925, cost = 1.473280, train_acc = 98.86% val_acc = 96.91%
Epoch 926, cost = 1.473280, train_acc = 98.86% val_acc = 96.95%
Epoch 927, cost = 1.473281, train_acc = 98.86% val_acc = 96.93%
Epoch 928, cost = 1.473279, train_acc = 98.86% val_acc = 96.98%
Epoch 929, cost = 1.473281, train_acc = 98.86% val_acc = 96.89%
Epoch 930, cost = 1.473279, train_acc = 98.86% val_acc = 96.91%
Epoch 931, cost = 1.473280, train_acc = 98.86% val_acc = 96.93%
Epoch 932, cost = 1.473280, train_acc = 98.86% val_acc = 96.90%
Epoch 933, cost = 1.473281, train_acc = 98.86% val_acc = 96.89%
Epoch 934, cost = 1.473281, train_acc = 98.86% val_acc = 96.96%
Epoch 935, cost = 1.473282, train_acc = 98.86% val_acc = 96.95%
Epoch 936, cost = 1.473280, train_acc = 98.86% val_acc = 96.94%
Epoch 937, cost = 1.473281, train_acc = 98.86% val_acc = 96.91%
Epoch 938, cost = 1.473280, train_acc = 98.86% val_acc = 96.95%
Epoch 939, cost = 1.473280, train_acc = 98.86% val_acc = 96.90%
Epoch 940, cost = 1.473280, train_acc = 98.86% val_acc = 96.94%
Epoch 941, cost = 1.473279, train_acc = 98.86% val_acc = 96.94%
Epoch 942, cost = 1.473281, train_acc = 98.86% val_acc = 96.92%
Epoch 943, cost = 1.473280, train_acc = 98.86% val_acc = 96.89%
Epoch 944, cost = 1.473317, train_acc = 98.86% val_acc = 96.86%
Epoch 945, cost = 1.473281, train_acc = 98.86% val_acc = 96.92%
Epoch 946, cost = 1.473281, train_acc = 98.86% val_acc = 96.94%
Epoch 947, cost = 1.473279, train_acc = 98.86% val_acc = 96.94%
Epoch 948, cost = 1.473281, train_acc = 98.86% val_acc = 96.97%
Epoch 949, cost = 1.473280, train_acc = 98.86% val_acc = 96.93%
Epoch 950, cost = 1.473280, train_acc = 98.86% val_acc = 96.91%
Epoch 951, cost = 1.473278, train_acc = 98.86% val_acc = 96.93%
Epoch 952, cost = 1.473331, train_acc = 98.86% val_acc = 96.91%
Epoch 953, cost = 1.473284, train_acc = 98.87% val_acc = 96.90%
Epoch 954, cost = 1.474172, train_acc = 98.86% val_acc = 96.97%
Epoch 955, cost = 1.473551, train_acc = 98.85% val_acc = 96.92%
Epoch 956, cost = 1.473376, train_acc = 98.87% val_acc = 97.00%
Epoch 957, cost = 1.473281, train_acc = 98.87% val_acc = 96.99%
Epoch 958, cost = 1.473261, train_acc = 98.87% val_acc = 96.98%
Epoch 959, cost = 1.473252, train_acc = 98.87% val_acc = 96.90%
Epoch 960, cost = 1.473250, train_acc = 98.87% val_acc = 96.98%
Epoch 961, cost = 1.473248, train_acc = 98.87% val_acc = 96.91%
Epoch 962, cost = 1.473248, train_acc = 98.87% val_acc = 96.91%
Epoch 963, cost = 1.473284, train_acc = 98.87% val_acc = 96.97%
Epoch 964, cost = 1.473246, train_acc = 98.87% val_acc = 96.91%
Epoch 965, cost = 1.473247, train_acc = 98.87% val_acc = 96.98%
Epoch 966, cost = 1.473246, train_acc = 98.87% val_acc = 96.96%
Epoch 967, cost = 1.473246, train_acc = 98.87% val_acc = 96.94%
Epoch 968, cost = 1.473245, train_acc = 98.87% val_acc = 96.99%
Epoch 969, cost = 1.473246, train_acc = 98.87% val_acc = 96.94%
Epoch 970, cost = 1.473245, train_acc = 98.87% val_acc = 96.91%
Epoch 971, cost = 1.473245, train_acc = 98.87% val_acc = 96.96%
Epoch 972, cost = 1.473245, train_acc = 98.87% val_acc = 96.90%
Epoch 973, cost = 1.473244, train_acc = 98.87% val_acc = 97.00%
Epoch 974, cost = 1.473245, train_acc = 98.87% val_acc = 96.97%
Epoch 975, cost = 1.473245, train_acc = 98.87% val_acc = 96.94%
Epoch 976, cost = 1.473245, train_acc = 98.87% val_acc = 96.99%
Epoch 977, cost = 1.473243, train_acc = 98.87% val_acc = 96.93%
Epoch 978, cost = 1.473244, train_acc = 98.87% val_acc = 96.93%
Epoch 979, cost = 1.473244, train_acc = 98.87% val_acc = 96.94%
Epoch 980, cost = 1.473242, train_acc = 98.87% val_acc = 96.96%
Epoch 981, cost = 1.473243, train_acc = 98.87% val_acc = 96.97%
Epoch 982, cost = 1.473245, train_acc = 98.87% val_acc = 96.93%
Epoch 983, cost = 1.473243, train_acc = 98.87% val_acc = 97.00%
Epoch 984, cost = 1.473243, train_acc = 98.87% val_acc = 96.99%
Epoch 985, cost = 1.473243, train_acc = 98.87% val_acc = 96.94%
Epoch 986, cost = 1.473243, train_acc = 98.87% val_acc = 96.96%
Epoch 987, cost = 1.473243, train_acc = 98.87% val_acc = 96.95%
Epoch 988, cost = 1.473243, train_acc = 98.87% val_acc = 96.94%
Epoch 989, cost = 1.473280, train_acc = 98.87% val_acc = 96.95%
Epoch 990, cost = 1.473243, train_acc = 98.87% val_acc = 96.97%
Epoch 991, cost = 1.473244, train_acc = 98.87% val_acc = 96.94%
Epoch 992, cost = 1.473245, train_acc = 98.87% val_acc = 96.95%
Epoch 993, cost = 1.473280, train_acc = 98.87% val_acc = 96.94%
Epoch 994, cost = 1.473244, train_acc = 98.87% val_acc = 96.96%
Epoch 995, cost = 1.473243, train_acc = 98.87% val_acc = 96.99%
Epoch 996, cost = 1.473244, train_acc = 98.87% val_acc = 96.95%
Epoch 997, cost = 1.473244, train_acc = 98.87% val_acc = 96.97%
Epoch 998, cost = 1.473242, train_acc = 98.87% val_acc = 96.95%
Epoch 999, cost = 1.473244, train_acc = 98.87% val_acc = 96.95%
Epoch 1000, cost = 1.473243, train_acc = 98.87% val_acc = 96.95%
Epoch 1001, cost = 1.473243, train_acc = 98.87% val_acc = 96.98%
Epoch 1002, cost = 1.473243, train_acc = 98.87% val_acc = 96.96%
Epoch 1003, cost = 1.473242, train_acc = 98.87% val_acc = 96.97%
Epoch 1004, cost = 1.473244, train_acc = 98.87% val_acc = 96.91%
Epoch 1005, cost = 1.473244, train_acc = 98.87% val_acc = 96.96%
Epoch 1006, cost = 1.473242, train_acc = 98.87% val_acc = 97.00%
Epoch 1007, cost = 1.473242, train_acc = 98.87% val_acc = 96.95%
Epoch 1008, cost = 1.473243, train_acc = 98.87% val_acc = 97.02%
Epoch 1009, cost = 1.473243, train_acc = 98.87% val_acc = 96.99%
Epoch 1010, cost = 1.473242, train_acc = 98.87% val_acc = 96.97%
Epoch 1011, cost = 1.473243, train_acc = 98.87% val_acc = 96.98%
Epoch 1012, cost = 1.473243, train_acc = 98.87% val_acc = 96.98%
Epoch 1013, cost = 1.473243, train_acc = 98.87% val_acc = 96.92%
Epoch 1014, cost = 1.473243, train_acc = 98.87% val_acc = 96.99%
Epoch 1015, cost = 1.473243, train_acc = 98.87% val_acc = 96.96%
Epoch 1016, cost = 1.473245, train_acc = 98.87% val_acc = 96.98%
Epoch 1017, cost = 1.473242, train_acc = 98.87% val_acc = 96.96%
Epoch 1018, cost = 1.473242, train_acc = 98.87% val_acc = 96.99%
Epoch 1019, cost = 1.473242, train_acc = 98.87% val_acc = 96.93%
Epoch 1020, cost = 1.473243, train_acc = 98.87% val_acc = 96.96%
Epoch 1021, cost = 1.473243, train_acc = 98.87% val_acc = 96.99%
Epoch 1022, cost = 1.473244, train_acc = 98.87% val_acc = 96.95%
Epoch 1023, cost = 1.473244, train_acc = 98.87% val_acc = 96.98%
Epoch 1024, cost = 1.473245, train_acc = 98.87% val_acc = 96.91%
Epoch 1025, cost = 1.473243, train_acc = 98.87% val_acc = 97.01%
Epoch 1026, cost = 1.473243, train_acc = 98.87% val_acc = 96.94%
Epoch 1027, cost = 1.473244, train_acc = 98.87% val_acc = 97.01%
Epoch 1028, cost = 1.473244, train_acc = 98.87% val_acc = 96.97%
Epoch 1029, cost = 1.473243, train_acc = 98.87% val_acc = 96.98%
Epoch 1030, cost = 1.473242, train_acc = 98.87% val_acc = 96.97%
Epoch 1031, cost = 1.473242, train_acc = 98.87% val_acc = 96.95%
Epoch 1032, cost = 1.473243, train_acc = 98.87% val_acc = 96.99%
Epoch 1033, cost = 1.473243, train_acc = 98.87% val_acc = 96.97%
Epoch 1034, cost = 1.473244, train_acc = 98.87% val_acc = 97.02%
Epoch 1035, cost = 1.473242, train_acc = 98.87% val_acc = 97.00%
Epoch 1036, cost = 1.473243, train_acc = 98.87% val_acc = 96.97%
Epoch 1037, cost = 1.473243, train_acc = 98.87% val_acc = 96.96%
Epoch 1038, cost = 1.473243, train_acc = 98.87% val_acc = 96.97%
Epoch 1039, cost = 1.473243, train_acc = 98.87% val_acc = 96.95%
Epoch 1040, cost = 1.473279, train_acc = 98.87% val_acc = 96.92%
Epoch 1041, cost = 1.473241, train_acc = 98.87% val_acc = 96.96%
Epoch 1042, cost = 1.473244, train_acc = 98.87% val_acc = 96.97%
Epoch 1043, cost = 1.473243, train_acc = 98.87% val_acc = 96.95%
Epoch 1044, cost = 1.473242, train_acc = 98.87% val_acc = 96.96%
Epoch 1045, cost = 1.473242, train_acc = 98.87% val_acc = 96.98%
Epoch 1046, cost = 1.473243, train_acc = 98.87% val_acc = 96.96%
Epoch 1047, cost = 1.473243, train_acc = 98.87% val_acc = 96.99%
Epoch 1048, cost = 1.473242, train_acc = 98.87% val_acc = 96.99%
Epoch 1049, cost = 1.473242, train_acc = 98.87% val_acc = 96.99%
Epoch 1050, cost = 1.473278, train_acc = 98.87% val_acc = 96.97%
Epoch 1051, cost = 1.473244, train_acc = 98.87% val_acc = 96.95%
Epoch 1052, cost = 1.473243, train_acc = 98.87% val_acc = 96.97%
Epoch 1053, cost = 1.473243, train_acc = 98.87% val_acc = 97.01%
Epoch 1054, cost = 1.473243, train_acc = 98.87% val_acc = 96.99%
Epoch 1055, cost = 1.473243, train_acc = 98.87% val_acc = 96.95%
Epoch 1056, cost = 1.473242, train_acc = 98.87% val_acc = 96.97%
Epoch 1057, cost = 1.473241, train_acc = 98.87% val_acc = 96.94%
Epoch 1058, cost = 1.473241, train_acc = 98.87% val_acc = 97.01%
Epoch 1059, cost = 1.473242, train_acc = 98.87% val_acc = 97.01%
Epoch 1060, cost = 1.473243, train_acc = 98.87% val_acc = 96.98%
Epoch 1061, cost = 1.473280, train_acc = 98.87% val_acc = 96.91%
Epoch 1062, cost = 1.473243, train_acc = 98.87% val_acc = 96.95%
Epoch 1063, cost = 1.473243, train_acc = 98.87% val_acc = 96.98%
Epoch 1064, cost = 1.473244, train_acc = 98.87% val_acc = 97.00%
Epoch 1065, cost = 1.473243, train_acc = 98.87% val_acc = 96.99%
Epoch 1066, cost = 1.473243, train_acc = 98.87% val_acc = 96.94%
Epoch 1067, cost = 1.473242, train_acc = 98.87% val_acc = 96.99%
Epoch 1068, cost = 1.473244, train_acc = 98.87% val_acc = 96.91%
Epoch 1069, cost = 1.473242, train_acc = 98.87% val_acc = 96.96%
Epoch 1070, cost = 1.473279, train_acc = 98.87% val_acc = 96.92%
Epoch 1071, cost = 1.473240, train_acc = 98.87% val_acc = 96.95%
Epoch 1072, cost = 1.473241, train_acc = 98.87% val_acc = 96.96%
Epoch 1073, cost = 1.473279, train_acc = 98.87% val_acc = 96.94%
Epoch 1074, cost = 1.473242, train_acc = 98.87% val_acc = 96.98%
Epoch 1075, cost = 1.473244, train_acc = 98.87% val_acc = 96.96%
Epoch 1076, cost = 1.473242, train_acc = 98.87% val_acc = 96.99%
Epoch 1077, cost = 1.473243, train_acc = 98.87% val_acc = 96.93%
Epoch 1078, cost = 1.473241, train_acc = 98.87% val_acc = 96.98%
Epoch 1079, cost = 1.473241, train_acc = 98.87% val_acc = 96.95%
Epoch 1080, cost = 1.473244, train_acc = 98.87% val_acc = 96.96%
Epoch 1081, cost = 1.473243, train_acc = 98.87% val_acc = 96.96%
Epoch 1082, cost = 1.473243, train_acc = 98.87% val_acc = 96.97%
Epoch 1083, cost = 1.473243, train_acc = 98.87% val_acc = 96.97%
Epoch 1084, cost = 1.473244, train_acc = 98.87% val_acc = 96.97%
Epoch 1085, cost = 1.473242, train_acc = 98.87% val_acc = 96.97%
Epoch 1086, cost = 1.473243, train_acc = 98.87% val_acc = 97.00%
Epoch 1087, cost = 1.473243, train_acc = 98.87% val_acc = 96.96%
Epoch 1088, cost = 1.473243, train_acc = 98.87% val_acc = 96.94%
Epoch 1089, cost = 1.473243, train_acc = 98.87% val_acc = 96.94%
Epoch 1090, cost = 1.473242, train_acc = 98.87% val_acc = 96.96%
Epoch 1091, cost = 1.473240, train_acc = 98.87% val_acc = 96.98%
Epoch 1092, cost = 1.473242, train_acc = 98.87% val_acc = 96.98%
Epoch 1093, cost = 1.473241, train_acc = 98.87% val_acc = 96.95%
Epoch 1094, cost = 1.473242, train_acc = 98.87% val_acc = 96.95%
Epoch 1095, cost = 1.473242, train_acc = 98.87% val_acc = 97.00%
Epoch 1096, cost = 1.473243, train_acc = 98.87% val_acc = 96.95%
Epoch 1097, cost = 1.473242, train_acc = 98.87% val_acc = 96.95%
Epoch 1098, cost = 1.473241, train_acc = 98.87% val_acc = 96.93%
Epoch 1099, cost = 1.473242, train_acc = 98.87% val_acc = 96.93%
Epoch 1100, cost = 1.473244, train_acc = 98.87% val_acc = 96.96%
Epoch 1101, cost = 1.473241, train_acc = 98.87% val_acc = 96.95%
Epoch 1102, cost = 1.473243, train_acc = 98.87% val_acc = 97.00%
Epoch 1103, cost = 1.473244, train_acc = 98.87% val_acc = 96.94%
Epoch 1104, cost = 1.473242, train_acc = 98.87% val_acc = 96.98%
Epoch 1105, cost = 1.473241, train_acc = 98.87% val_acc = 96.97%
Epoch 1106, cost = 1.473241, train_acc = 98.87% val_acc = 96.98%
Epoch 1107, cost = 1.473242, train_acc = 98.87% val_acc = 97.00%
Epoch 1108, cost = 1.473279, train_acc = 98.87% val_acc = 96.95%
Epoch 1109, cost = 1.473242, train_acc = 98.87% val_acc = 96.96%
Epoch 1110, cost = 1.473241, train_acc = 98.87% val_acc = 96.95%
Epoch 1111, cost = 1.473276, train_acc = 98.87% val_acc = 96.95%
Epoch 1112, cost = 1.473241, train_acc = 98.87% val_acc = 96.98%
Epoch 1113, cost = 1.473239, train_acc = 98.87% val_acc = 97.01%
Epoch 1114, cost = 1.473240, train_acc = 98.87% val_acc = 96.95%
Epoch 1115, cost = 1.473241, train_acc = 98.87% val_acc = 97.00%
Epoch 1116, cost = 1.473241, train_acc = 98.87% val_acc = 96.89%
Epoch 1117, cost = 1.473242, train_acc = 98.87% val_acc = 96.97%
Epoch 1118, cost = 1.473242, train_acc = 98.87% val_acc = 96.92%
Epoch 1119, cost = 1.473240, train_acc = 98.87% val_acc = 97.00%
Epoch 1120, cost = 1.473241, train_acc = 98.87% val_acc = 96.97%
Epoch 1121, cost = 1.473241, train_acc = 98.87% val_acc = 96.98%
Epoch 1122, cost = 1.473243, train_acc = 98.87% val_acc = 96.93%
Epoch 1123, cost = 1.473242, train_acc = 98.87% val_acc = 96.93%
Epoch 1124, cost = 1.473241, train_acc = 98.87% val_acc = 96.93%
Epoch 1125, cost = 1.473241, train_acc = 98.87% val_acc = 96.90%
Epoch 1126, cost = 1.473242, train_acc = 98.87% val_acc = 96.93%
Epoch 1127, cost = 1.473240, train_acc = 98.87% val_acc = 96.93%
Epoch 1128, cost = 1.473240, train_acc = 98.87% val_acc = 96.94%
Epoch 1129, cost = 1.473240, train_acc = 98.87% val_acc = 96.96%
Epoch 1130, cost = 1.473240, train_acc = 98.87% val_acc = 97.00%
Epoch 1131, cost = 1.473242, train_acc = 98.87% val_acc = 97.00%
Epoch 1132, cost = 1.473241, train_acc = 98.87% val_acc = 96.96%
Epoch 1133, cost = 1.473242, train_acc = 98.87% val_acc = 96.92%
Epoch 1134, cost = 1.473241, train_acc = 98.87% val_acc = 96.94%
Epoch 1135, cost = 1.473242, train_acc = 98.87% val_acc = 96.94%
Epoch 1136, cost = 1.473241, train_acc = 98.87% val_acc = 96.96%
Epoch 1137, cost = 1.473242, train_acc = 98.87% val_acc = 96.91%
Epoch 1138, cost = 1.473240, train_acc = 98.87% val_acc = 96.94%
Epoch 1139, cost = 1.473242, train_acc = 98.87% val_acc = 96.96%
Epoch 1140, cost = 1.473241, train_acc = 98.87% val_acc = 96.95%
Epoch 1141, cost = 1.473278, train_acc = 98.87% val_acc = 96.93%
Epoch 1142, cost = 1.473240, train_acc = 98.87% val_acc = 96.93%
Epoch 1143, cost = 1.473242, train_acc = 98.87% val_acc = 96.96%
Epoch 1144, cost = 1.473242, train_acc = 98.87% val_acc = 96.96%
Epoch 1145, cost = 1.473241, train_acc = 98.87% val_acc = 96.96%
Epoch 1146, cost = 1.473240, train_acc = 98.87% val_acc = 96.94%
Epoch 1147, cost = 1.473241, train_acc = 98.87% val_acc = 96.95%
Epoch 1148, cost = 1.473239, train_acc = 98.87% val_acc = 96.92%
Epoch 1149, cost = 1.473276, train_acc = 98.87% val_acc = 96.96%
Epoch 1150, cost = 1.473240, train_acc = 98.87% val_acc = 96.94%
Epoch 1151, cost = 1.473241, train_acc = 98.87% val_acc = 97.00%
Epoch 1152, cost = 1.473241, train_acc = 98.87% val_acc = 97.00%
