Loading Training Data
Loading Validation Data
Creating Data Loaders
Training Fun Time!!!
Epoch 1, cost = 2.303081, train_acc = 10.09% val_acc = 10.02%
Epoch 2, cost = 2.303070, train_acc = 10.13% val_acc = 10.46%
Epoch 3, cost = 2.303061, train_acc = 10.21% val_acc = 9.98%
Epoch 4, cost = 2.303024, train_acc = 10.17% val_acc = 10.25%
Epoch 5, cost = 2.303020, train_acc = 10.28% val_acc = 10.92%
Epoch 6, cost = 2.302962, train_acc = 10.64% val_acc = 11.47%
Epoch 7, cost = 2.302903, train_acc = 11.48% val_acc = 11.59%
Epoch 8, cost = 2.302749, train_acc = 13.01% val_acc = 13.62%
Epoch 9, cost = 2.302288, train_acc = 14.76% val_acc = 14.94%
Epoch 10, cost = 2.283711, train_acc = 24.67% val_acc = 26.72%
Epoch 11, cost = 1.948405, train_acc = 70.38% val_acc = 72.98%
Epoch 12, cost = 1.690393, train_acc = 81.28% val_acc = 83.25%
Epoch 13, cost = 1.617605, train_acc = 87.11% val_acc = 88.27%
Epoch 14, cost = 1.581803, train_acc = 89.36% val_acc = 87.73%
Epoch 15, cost = 1.562202, train_acc = 91.09% val_acc = 89.75%
Epoch 16, cost = 1.548654, train_acc = 88.71% val_acc = 87.30%
Epoch 17, cost = 1.537014, train_acc = 92.94% val_acc = 91.24%
Epoch 18, cost = 1.527145, train_acc = 93.97% val_acc = 92.47%
Epoch 19, cost = 1.521578, train_acc = 94.50% val_acc = 92.34%
Epoch 20, cost = 1.515941, train_acc = 94.69% val_acc = 93.56%
Epoch 21, cost = 1.512795, train_acc = 95.29% val_acc = 93.47%
Epoch 22, cost = 1.508683, train_acc = 95.54% val_acc = 94.16%
Epoch 23, cost = 1.505589, train_acc = 95.69% val_acc = 94.12%
Epoch 24, cost = 1.502367, train_acc = 96.03% val_acc = 93.95%
Epoch 25, cost = 1.501083, train_acc = 96.34% val_acc = 94.61%
Epoch 26, cost = 1.498556, train_acc = 96.77% val_acc = 94.99%
Epoch 27, cost = 1.497549, train_acc = 95.77% val_acc = 94.35%
Epoch 28, cost = 1.496199, train_acc = 96.46% val_acc = 94.91%
Epoch 29, cost = 1.495084, train_acc = 96.80% val_acc = 94.29%
Epoch 30, cost = 1.493472, train_acc = 97.18% val_acc = 95.47%
Epoch 31, cost = 1.491460, train_acc = 97.22% val_acc = 95.05%
Epoch 32, cost = 1.490397, train_acc = 97.05% val_acc = 94.89%
Epoch 33, cost = 1.490984, train_acc = 96.87% val_acc = 94.62%
Epoch 34, cost = 1.490031, train_acc = 97.35% val_acc = 95.55%
Epoch 35, cost = 1.488761, train_acc = 97.50% val_acc = 95.56%
Epoch 36, cost = 1.487306, train_acc = 97.52% val_acc = 95.56%
Epoch 37, cost = 1.485903, train_acc = 97.48% val_acc = 95.76%
Epoch 38, cost = 1.487850, train_acc = 97.98% val_acc = 95.58%
Epoch 39, cost = 1.485713, train_acc = 97.58% val_acc = 95.37%
Epoch 40, cost = 1.485812, train_acc = 97.67% val_acc = 95.58%
Epoch 41, cost = 1.484501, train_acc = 97.80% val_acc = 95.81%
Epoch 42, cost = 1.484834, train_acc = 97.41% val_acc = 95.01%
Epoch 43, cost = 1.484691, train_acc = 97.62% val_acc = 95.52%
Epoch 44, cost = 1.484784, train_acc = 98.18% val_acc = 95.74%
Epoch 45, cost = 1.483672, train_acc = 97.77% val_acc = 96.08%
Epoch 46, cost = 1.483089, train_acc = 97.74% val_acc = 95.69%
Epoch 47, cost = 1.483476, train_acc = 98.04% val_acc = 95.97%
Epoch 48, cost = 1.480533, train_acc = 97.46% val_acc = 95.48%
Epoch 49, cost = 1.480955, train_acc = 97.43% val_acc = 95.13%
Epoch 50, cost = 1.482115, train_acc = 98.17% val_acc = 96.10%
Epoch 51, cost = 1.481743, train_acc = 97.75% val_acc = 95.44%
Epoch 52, cost = 1.480409, train_acc = 98.39% val_acc = 96.04%
Epoch 53, cost = 1.480373, train_acc = 98.00% val_acc = 95.18%
Epoch 54, cost = 1.479889, train_acc = 98.26% val_acc = 96.19%
Epoch 55, cost = 1.479661, train_acc = 98.42% val_acc = 96.13%
Epoch 56, cost = 1.479434, train_acc = 97.90% val_acc = 95.75%
Epoch 57, cost = 1.479110, train_acc = 98.23% val_acc = 95.55%
Epoch 58, cost = 1.479839, train_acc = 97.35% val_acc = 94.40%
Epoch 59, cost = 1.478325, train_acc = 97.94% val_acc = 95.63%
Epoch 60, cost = 1.478676, train_acc = 98.31% val_acc = 95.60%
Epoch 61, cost = 1.477367, train_acc = 98.49% val_acc = 96.22%
Epoch 62, cost = 1.477302, train_acc = 98.19% val_acc = 95.46%
Epoch 63, cost = 1.477894, train_acc = 97.73% val_acc = 95.62%
Epoch 64, cost = 1.477270, train_acc = 98.59% val_acc = 96.06%
Epoch 65, cost = 1.477847, train_acc = 98.45% val_acc = 95.81%
Epoch 66, cost = 1.476566, train_acc = 98.61% val_acc = 95.72%
Epoch 67, cost = 1.476404, train_acc = 98.74% val_acc = 95.87%
Epoch 68, cost = 1.476680, train_acc = 98.45% val_acc = 95.81%
Epoch 69, cost = 1.476319, train_acc = 98.66% val_acc = 95.74%
Epoch 70, cost = 1.475756, train_acc = 98.51% val_acc = 95.94%
Epoch 71, cost = 1.475880, train_acc = 98.65% val_acc = 96.28%
Epoch 72, cost = 1.475836, train_acc = 98.53% val_acc = 96.03%
Epoch 73, cost = 1.476514, train_acc = 98.64% val_acc = 96.18%
Epoch 74, cost = 1.476214, train_acc = 98.76% val_acc = 96.39%
Epoch 75, cost = 1.475767, train_acc = 98.31% val_acc = 95.89%
Epoch 76, cost = 1.475660, train_acc = 98.78% val_acc = 96.21%
Epoch 77, cost = 1.477184, train_acc = 98.43% val_acc = 95.87%
Epoch 78, cost = 1.475651, train_acc = 98.62% val_acc = 95.81%
Epoch 79, cost = 1.476032, train_acc = 98.83% val_acc = 96.07%
Epoch 80, cost = 1.474883, train_acc = 98.69% val_acc = 96.06%
Epoch 81, cost = 1.474447, train_acc = 98.77% val_acc = 96.34%
Epoch 82, cost = 1.474613, train_acc = 98.88% val_acc = 96.27%
Epoch 83, cost = 1.474468, train_acc = 98.87% val_acc = 96.72%
Epoch 84, cost = 1.473845, train_acc = 98.85% val_acc = 95.95%
Epoch 85, cost = 1.472939, train_acc = 98.84% val_acc = 95.97%
Epoch 86, cost = 1.473806, train_acc = 98.71% val_acc = 96.08%
Epoch 87, cost = 1.473516, train_acc = 98.77% val_acc = 96.11%
Epoch 88, cost = 1.472807, train_acc = 98.90% val_acc = 96.27%
Epoch 89, cost = 1.473008, train_acc = 98.74% val_acc = 96.00%
Epoch 90, cost = 1.472826, train_acc = 98.87% val_acc = 96.12%
Epoch 91, cost = 1.473007, train_acc = 98.99% val_acc = 96.74%
Epoch 92, cost = 1.473059, train_acc = 98.62% val_acc = 96.03%
Epoch 93, cost = 1.473729, train_acc = 98.57% val_acc = 96.64%
Epoch 94, cost = 1.472420, train_acc = 98.92% val_acc = 96.35%
Epoch 95, cost = 1.472555, train_acc = 98.80% val_acc = 96.23%
Epoch 96, cost = 1.473486, train_acc = 98.52% val_acc = 96.02%
Epoch 97, cost = 1.474066, train_acc = 98.92% val_acc = 96.53%
Epoch 98, cost = 1.473732, train_acc = 98.34% val_acc = 95.37%
Epoch 99, cost = 1.474170, train_acc = 98.95% val_acc = 96.18%
Epoch 100, cost = 1.473500, train_acc = 98.97% val_acc = 96.68%
Epoch 101, cost = 1.473395, train_acc = 98.97% val_acc = 96.77%
Epoch 102, cost = 1.472756, train_acc = 98.94% val_acc = 96.50%
Epoch 103, cost = 1.472949, train_acc = 98.86% val_acc = 96.09%
Epoch 104, cost = 1.472806, train_acc = 98.84% val_acc = 95.89%
Epoch 105, cost = 1.473155, train_acc = 98.60% val_acc = 95.68%
Epoch 106, cost = 1.473319, train_acc = 98.77% val_acc = 96.13%
Epoch 107, cost = 1.473482, train_acc = 98.95% val_acc = 96.46%
Epoch 108, cost = 1.471890, train_acc = 98.44% val_acc = 95.62%
Epoch 109, cost = 1.473044, train_acc = 98.99% val_acc = 96.56%
Epoch 110, cost = 1.471962, train_acc = 98.69% val_acc = 96.14%
Epoch 111, cost = 1.472417, train_acc = 98.94% val_acc = 96.63%
Epoch 112, cost = 1.471881, train_acc = 98.96% val_acc = 96.40%
Epoch 113, cost = 1.471062, train_acc = 99.01% val_acc = 96.47%
Epoch 114, cost = 1.470680, train_acc = 99.09% val_acc = 96.25%
Epoch 115, cost = 1.472262, train_acc = 98.89% val_acc = 96.46%
Epoch 116, cost = 1.471933, train_acc = 99.00% val_acc = 96.65%
Epoch 117, cost = 1.471006, train_acc = 98.79% val_acc = 96.20%
Epoch 118, cost = 1.472452, train_acc = 98.99% val_acc = 96.49%
Epoch 119, cost = 1.471146, train_acc = 99.19% val_acc = 96.55%
Epoch 120, cost = 1.470710, train_acc = 99.09% val_acc = 96.33%
Epoch 121, cost = 1.471410, train_acc = 98.92% val_acc = 96.24%
Epoch 122, cost = 1.473233, train_acc = 99.08% val_acc = 96.66%
Epoch 123, cost = 1.471678, train_acc = 99.03% val_acc = 96.63%
Epoch 124, cost = 1.471390, train_acc = 99.11% val_acc = 96.96%
Epoch 125, cost = 1.472372, train_acc = 98.86% val_acc = 96.38%
Epoch 126, cost = 1.472876, train_acc = 98.87% val_acc = 96.11%
Epoch 127, cost = 1.472524, train_acc = 98.96% val_acc = 96.59%
Epoch 128, cost = 1.472115, train_acc = 99.07% val_acc = 96.45%
Epoch 129, cost = 1.471891, train_acc = 99.08% val_acc = 96.75%
Epoch 130, cost = 1.471477, train_acc = 99.16% val_acc = 96.86%
Epoch 131, cost = 1.470414, train_acc = 99.08% val_acc = 96.51%
Epoch 132, cost = 1.471780, train_acc = 99.09% val_acc = 96.63%
Epoch 133, cost = 1.471249, train_acc = 98.95% val_acc = 96.61%
Epoch 134, cost = 1.471173, train_acc = 99.16% val_acc = 96.62%
Epoch 135, cost = 1.471157, train_acc = 99.25% val_acc = 96.63%
Epoch 136, cost = 1.470571, train_acc = 99.18% val_acc = 96.74%
Epoch 137, cost = 1.470145, train_acc = 99.18% val_acc = 96.41%
Epoch 138, cost = 1.471065, train_acc = 99.20% val_acc = 96.38%
Epoch 139, cost = 1.469462, train_acc = 99.23% val_acc = 96.80%
Epoch 140, cost = 1.469341, train_acc = 99.10% val_acc = 96.67%
Epoch 141, cost = 1.469527, train_acc = 99.10% val_acc = 96.40%
Epoch 142, cost = 1.470517, train_acc = 99.11% val_acc = 96.44%
Epoch 143, cost = 1.470585, train_acc = 99.23% val_acc = 96.77%
Epoch 144, cost = 1.470478, train_acc = 99.21% val_acc = 96.76%
Epoch 145, cost = 1.471356, train_acc = 99.13% val_acc = 96.29%
Epoch 146, cost = 1.470177, train_acc = 99.01% val_acc = 96.66%
Epoch 147, cost = 1.470917, train_acc = 99.21% val_acc = 96.50%
Epoch 148, cost = 1.469629, train_acc = 99.24% val_acc = 96.53%
Epoch 149, cost = 1.471123, train_acc = 99.00% val_acc = 96.13%
Epoch 150, cost = 1.470502, train_acc = 99.13% val_acc = 96.98%
Epoch 151, cost = 1.470073, train_acc = 99.13% val_acc = 96.37%
Epoch 152, cost = 1.469978, train_acc = 99.18% val_acc = 96.51%
Epoch 153, cost = 1.470547, train_acc = 99.19% val_acc = 96.39%
Epoch 154, cost = 1.470656, train_acc = 99.06% val_acc = 96.45%
Epoch 155, cost = 1.469885, train_acc = 99.23% val_acc = 96.74%
Epoch 156, cost = 1.470333, train_acc = 99.00% val_acc = 96.27%
Epoch 157, cost = 1.469839, train_acc = 99.15% val_acc = 96.50%
Epoch 158, cost = 1.470646, train_acc = 99.18% val_acc = 96.29%
Epoch 159, cost = 1.469538, train_acc = 99.24% val_acc = 96.79%
Epoch 160, cost = 1.469223, train_acc = 99.05% val_acc = 96.46%
Epoch 161, cost = 1.469511, train_acc = 99.18% val_acc = 96.55%
Epoch 162, cost = 1.469666, train_acc = 99.11% val_acc = 96.34%
Epoch 163, cost = 1.469550, train_acc = 99.34% val_acc = 96.55%
Epoch 164, cost = 1.468390, train_acc = 99.30% val_acc = 96.74%
Epoch 165, cost = 1.469202, train_acc = 99.23% val_acc = 96.60%
Epoch 166, cost = 1.469660, train_acc = 99.28% val_acc = 96.71%
Epoch 167, cost = 1.468400, train_acc = 99.30% val_acc = 96.80%
Epoch 168, cost = 1.468900, train_acc = 99.22% val_acc = 96.38%
Epoch 169, cost = 1.468877, train_acc = 99.26% val_acc = 96.43%
Epoch 170, cost = 1.468794, train_acc = 99.37% val_acc = 96.69%
Epoch 171, cost = 1.469147, train_acc = 99.01% val_acc = 96.57%
Epoch 172, cost = 1.469595, train_acc = 99.22% val_acc = 96.84%
Epoch 173, cost = 1.468686, train_acc = 99.30% val_acc = 96.66%
Epoch 174, cost = 1.468629, train_acc = 99.33% val_acc = 96.57%
Epoch 175, cost = 1.468733, train_acc = 99.29% val_acc = 96.51%
Epoch 176, cost = 1.469515, train_acc = 99.33% val_acc = 96.70%
Epoch 177, cost = 1.469893, train_acc = 99.28% val_acc = 96.78%
Epoch 178, cost = 1.469301, train_acc = 99.33% val_acc = 96.63%
Epoch 179, cost = 1.469023, train_acc = 99.34% val_acc = 96.78%
Epoch 180, cost = 1.470513, train_acc = 99.25% val_acc = 96.51%
Epoch 181, cost = 1.468905, train_acc = 99.25% val_acc = 96.78%
Epoch 182, cost = 1.468945, train_acc = 99.28% val_acc = 96.72%
Epoch 183, cost = 1.469523, train_acc = 98.83% val_acc = 96.16%
Epoch 184, cost = 1.469244, train_acc = 99.22% val_acc = 96.85%
Epoch 185, cost = 1.469402, train_acc = 99.35% val_acc = 96.83%
Epoch 186, cost = 1.470174, train_acc = 99.27% val_acc = 96.71%
Epoch 187, cost = 1.469195, train_acc = 99.26% val_acc = 96.59%
Epoch 188, cost = 1.468346, train_acc = 99.27% val_acc = 96.69%
Epoch 189, cost = 1.468470, train_acc = 99.37% val_acc = 96.79%
Epoch 190, cost = 1.468759, train_acc = 99.31% val_acc = 96.57%
Epoch 191, cost = 1.469126, train_acc = 99.26% val_acc = 96.49%
Epoch 192, cost = 1.468033, train_acc = 99.41% val_acc = 96.83%
Epoch 193, cost = 1.468852, train_acc = 99.27% val_acc = 96.72%
Epoch 194, cost = 1.468455, train_acc = 99.40% val_acc = 96.74%
Epoch 195, cost = 1.467624, train_acc = 99.40% val_acc = 96.92%
Epoch 196, cost = 1.468464, train_acc = 99.25% val_acc = 96.62%
Epoch 197, cost = 1.468706, train_acc = 99.37% val_acc = 96.72%
Epoch 198, cost = 1.468514, train_acc = 99.24% val_acc = 96.88%
Epoch 199, cost = 1.468372, train_acc = 99.31% val_acc = 96.80%
Epoch 200, cost = 1.468129, train_acc = 99.40% val_acc = 96.70%
Epoch 201, cost = 1.468709, train_acc = 99.27% val_acc = 96.89%
Epoch 202, cost = 1.469204, train_acc = 99.27% val_acc = 96.67%
Epoch 203, cost = 1.470245, train_acc = 99.22% val_acc = 96.66%
Epoch 204, cost = 1.469097, train_acc = 99.27% val_acc = 96.90%
Epoch 205, cost = 1.469326, train_acc = 99.28% val_acc = 96.82%
Epoch 206, cost = 1.468868, train_acc = 99.39% val_acc = 96.86%
Epoch 207, cost = 1.469162, train_acc = 99.33% val_acc = 96.81%
Epoch 208, cost = 1.468498, train_acc = 99.39% val_acc = 96.78%
Epoch 209, cost = 1.469333, train_acc = 99.07% val_acc = 96.48%
Epoch 210, cost = 1.468973, train_acc = 99.36% val_acc = 96.86%
Epoch 211, cost = 1.468672, train_acc = 99.31% val_acc = 96.44%
Epoch 212, cost = 1.468650, train_acc = 99.29% val_acc = 96.87%
Epoch 213, cost = 1.469035, train_acc = 99.15% val_acc = 96.24%
Epoch 214, cost = 1.468868, train_acc = 99.19% val_acc = 96.71%
Epoch 215, cost = 1.468850, train_acc = 99.31% val_acc = 96.84%
Epoch 216, cost = 1.469696, train_acc = 99.22% val_acc = 96.97%
Epoch 217, cost = 1.468715, train_acc = 99.37% val_acc = 96.90%
Epoch 218, cost = 1.468375, train_acc = 99.01% val_acc = 96.54%
Epoch 219, cost = 1.468903, train_acc = 99.31% val_acc = 96.92%
Epoch 220, cost = 1.467830, train_acc = 99.43% val_acc = 96.69%
Epoch 221, cost = 1.468286, train_acc = 99.37% val_acc = 97.17%
Epoch 222, cost = 1.469311, train_acc = 99.31% val_acc = 96.39%
Epoch 223, cost = 1.468271, train_acc = 99.37% val_acc = 97.11%
Epoch 224, cost = 1.468452, train_acc = 99.32% val_acc = 97.01%
Epoch 225, cost = 1.467614, train_acc = 99.16% val_acc = 96.82%
Epoch 226, cost = 1.468885, train_acc = 99.33% val_acc = 97.05%
Epoch 227, cost = 1.469089, train_acc = 99.31% val_acc = 96.75%
Epoch 228, cost = 1.468038, train_acc = 99.27% val_acc = 96.78%
Epoch 229, cost = 1.469381, train_acc = 99.36% val_acc = 96.78%
Epoch 230, cost = 1.468004, train_acc = 99.41% val_acc = 97.17%
Epoch 231, cost = 1.467700, train_acc = 99.37% val_acc = 96.69%
Epoch 232, cost = 1.469390, train_acc = 99.17% val_acc = 96.68%
Epoch 233, cost = 1.468248, train_acc = 99.46% val_acc = 96.89%
Epoch 234, cost = 1.466894, train_acc = 99.49% val_acc = 96.83%
Epoch 235, cost = 1.468280, train_acc = 99.24% val_acc = 96.26%
Epoch 236, cost = 1.468243, train_acc = 99.37% val_acc = 97.02%
Epoch 237, cost = 1.468424, train_acc = 99.28% val_acc = 96.60%
Epoch 238, cost = 1.468224, train_acc = 99.37% val_acc = 96.52%
Epoch 239, cost = 1.467232, train_acc = 99.48% val_acc = 96.69%
Epoch 240, cost = 1.467486, train_acc = 99.09% val_acc = 96.08%
Epoch 241, cost = 1.468634, train_acc = 99.36% val_acc = 96.79%
Epoch 242, cost = 1.468339, train_acc = 99.38% val_acc = 96.91%
Epoch 243, cost = 1.467854, train_acc = 99.25% val_acc = 96.92%
Epoch 244, cost = 1.467995, train_acc = 99.45% val_acc = 96.97%
Epoch 245, cost = 1.466873, train_acc = 99.47% val_acc = 96.92%
Epoch 246, cost = 1.467598, train_acc = 99.43% val_acc = 96.90%
Epoch 247, cost = 1.467345, train_acc = 99.43% val_acc = 96.85%
Epoch 248, cost = 1.467197, train_acc = 99.43% val_acc = 96.89%
Epoch 249, cost = 1.467305, train_acc = 99.46% val_acc = 96.83%
Epoch 250, cost = 1.467250, train_acc = 99.22% val_acc = 97.03%
Epoch 251, cost = 1.468583, train_acc = 99.34% val_acc = 96.83%
Epoch 252, cost = 1.467744, train_acc = 99.49% val_acc = 97.06%
Epoch 253, cost = 1.467181, train_acc = 99.16% val_acc = 96.29%
Epoch 254, cost = 1.468087, train_acc = 99.41% val_acc = 97.00%
Epoch 255, cost = 1.467860, train_acc = 99.47% val_acc = 96.97%
Epoch 256, cost = 1.468168, train_acc = 99.39% val_acc = 96.36%
Epoch 257, cost = 1.467701, train_acc = 99.42% val_acc = 96.94%
Epoch 258, cost = 1.468040, train_acc = 99.45% val_acc = 96.94%
Epoch 259, cost = 1.467048, train_acc = 99.47% val_acc = 96.92%
Epoch 260, cost = 1.467543, train_acc = 99.36% val_acc = 96.99%
Epoch 261, cost = 1.467132, train_acc = 99.39% val_acc = 96.91%
Epoch 262, cost = 1.467249, train_acc = 99.51% val_acc = 96.87%
Epoch 263, cost = 1.467330, train_acc = 99.32% val_acc = 97.04%
Epoch 264, cost = 1.467561, train_acc = 99.50% val_acc = 97.18%
Epoch 265, cost = 1.467378, train_acc = 99.33% val_acc = 97.03%
Epoch 266, cost = 1.468256, train_acc = 99.35% val_acc = 96.87%
Epoch 267, cost = 1.466819, train_acc = 99.45% val_acc = 96.83%
Epoch 268, cost = 1.467506, train_acc = 99.47% val_acc = 96.80%
Epoch 269, cost = 1.467473, train_acc = 99.43% val_acc = 96.69%
Epoch 270, cost = 1.466132, train_acc = 99.38% val_acc = 96.86%
Epoch 271, cost = 1.466826, train_acc = 99.47% val_acc = 96.95%
Epoch 272, cost = 1.466166, train_acc = 99.50% val_acc = 97.08%
Epoch 273, cost = 1.466710, train_acc = 99.48% val_acc = 96.80%
Epoch 274, cost = 1.466782, train_acc = 99.48% val_acc = 97.24%
Epoch 275, cost = 1.466608, train_acc = 99.58% val_acc = 97.09%
Epoch 276, cost = 1.466518, train_acc = 99.56% val_acc = 97.06%
Epoch 277, cost = 1.467068, train_acc = 99.49% val_acc = 97.07%
Epoch 278, cost = 1.466865, train_acc = 99.56% val_acc = 97.10%
Epoch 279, cost = 1.466446, train_acc = 99.58% val_acc = 97.38%
Epoch 280, cost = 1.466704, train_acc = 99.54% val_acc = 97.14%
Epoch 281, cost = 1.466574, train_acc = 99.47% val_acc = 97.23%
Epoch 282, cost = 1.466782, train_acc = 99.50% val_acc = 96.90%
Epoch 283, cost = 1.466740, train_acc = 99.51% val_acc = 97.11%
Epoch 284, cost = 1.467161, train_acc = 99.51% val_acc = 97.05%
Epoch 285, cost = 1.466464, train_acc = 99.52% val_acc = 96.80%
Epoch 286, cost = 1.466301, train_acc = 99.58% val_acc = 97.05%
Epoch 287, cost = 1.466406, train_acc = 99.55% val_acc = 97.10%
Epoch 288, cost = 1.466293, train_acc = 99.45% val_acc = 96.98%
Epoch 289, cost = 1.466827, train_acc = 99.46% val_acc = 97.09%
Epoch 290, cost = 1.466526, train_acc = 99.48% val_acc = 96.94%
Epoch 291, cost = 1.467924, train_acc = 99.48% val_acc = 97.01%
Epoch 292, cost = 1.467099, train_acc = 99.47% val_acc = 97.21%
Epoch 293, cost = 1.468552, train_acc = 99.38% val_acc = 97.10%
Epoch 294, cost = 1.467455, train_acc = 99.46% val_acc = 97.07%
Epoch 295, cost = 1.466508, train_acc = 99.49% val_acc = 96.78%
Epoch 296, cost = 1.466372, train_acc = 99.51% val_acc = 97.08%
Epoch 297, cost = 1.466726, train_acc = 99.49% val_acc = 97.23%
Epoch 298, cost = 1.467433, train_acc = 99.44% val_acc = 96.90%
Epoch 299, cost = 1.466972, train_acc = 99.31% val_acc = 96.85%
Epoch 300, cost = 1.466061, train_acc = 99.51% val_acc = 97.13%
Epoch 301, cost = 1.465697, train_acc = 99.44% val_acc = 97.03%
Epoch 302, cost = 1.465850, train_acc = 99.58% val_acc = 97.11%
Epoch 303, cost = 1.466373, train_acc = 99.54% val_acc = 97.20%
Epoch 304, cost = 1.467510, train_acc = 99.38% val_acc = 96.65%
Epoch 305, cost = 1.467207, train_acc = 99.18% val_acc = 96.65%
Epoch 306, cost = 1.467366, train_acc = 99.36% val_acc = 97.02%
Epoch 307, cost = 1.467290, train_acc = 99.47% val_acc = 96.97%
Epoch 308, cost = 1.468307, train_acc = 99.42% val_acc = 97.00%
Epoch 309, cost = 1.467040, train_acc = 99.52% val_acc = 97.26%
Epoch 310, cost = 1.467062, train_acc = 99.41% val_acc = 97.12%
Epoch 311, cost = 1.467096, train_acc = 99.50% val_acc = 97.05%
Epoch 312, cost = 1.466057, train_acc = 99.52% val_acc = 96.94%
Epoch 313, cost = 1.467130, train_acc = 99.47% val_acc = 97.08%
Epoch 314, cost = 1.466746, train_acc = 99.52% val_acc = 97.07%
Epoch 315, cost = 1.467874, train_acc = 99.41% val_acc = 96.87%
Epoch 316, cost = 1.467571, train_acc = 99.21% val_acc = 96.36%
Epoch 317, cost = 1.466811, train_acc = 99.43% val_acc = 96.96%
Epoch 318, cost = 1.466764, train_acc = 99.48% val_acc = 96.92%
Epoch 319, cost = 1.467451, train_acc = 99.34% val_acc = 96.49%
Epoch 320, cost = 1.470867, train_acc = 99.37% val_acc = 96.79%
Epoch 321, cost = 1.467483, train_acc = 99.45% val_acc = 96.89%
Epoch 322, cost = 1.467432, train_acc = 99.51% val_acc = 97.04%
Epoch 323, cost = 1.467687, train_acc = 99.44% val_acc = 96.70%
Epoch 324, cost = 1.466710, train_acc = 99.47% val_acc = 96.78%
Epoch 325, cost = 1.466796, train_acc = 99.49% val_acc = 97.03%
Epoch 326, cost = 1.467082, train_acc = 99.51% val_acc = 96.83%
Epoch 327, cost = 1.466871, train_acc = 99.51% val_acc = 97.11%
Epoch 328, cost = 1.466536, train_acc = 99.51% val_acc = 96.83%
Epoch 329, cost = 1.467076, train_acc = 99.35% val_acc = 96.99%
Epoch 330, cost = 1.467966, train_acc = 99.32% val_acc = 96.74%
Epoch 331, cost = 1.467247, train_acc = 99.29% val_acc = 96.74%
Epoch 332, cost = 1.467149, train_acc = 99.47% val_acc = 97.02%
Epoch 333, cost = 1.466963, train_acc = 99.38% val_acc = 96.70%
Epoch 334, cost = 1.466800, train_acc = 99.47% val_acc = 97.18%
Epoch 335, cost = 1.468444, train_acc = 99.52% val_acc = 96.71%
Epoch 336, cost = 1.466676, train_acc = 99.46% val_acc = 97.06%
Epoch 337, cost = 1.467436, train_acc = 99.44% val_acc = 96.81%
Epoch 338, cost = 1.466488, train_acc = 99.52% val_acc = 96.82%
Epoch 339, cost = 1.466526, train_acc = 99.59% val_acc = 96.86%
Epoch 340, cost = 1.466245, train_acc = 99.41% val_acc = 96.99%
Epoch 341, cost = 1.467136, train_acc = 99.50% val_acc = 97.05%
Epoch 342, cost = 1.465975, train_acc = 99.49% val_acc = 96.68%
Epoch 343, cost = 1.466423, train_acc = 99.47% val_acc = 96.59%
Epoch 344, cost = 1.466739, train_acc = 99.49% val_acc = 96.97%
Epoch 345, cost = 1.466468, train_acc = 99.53% val_acc = 96.85%
Epoch 346, cost = 1.466844, train_acc = 99.52% val_acc = 96.82%
Epoch 347, cost = 1.467739, train_acc = 99.47% val_acc = 97.00%
Epoch 348, cost = 1.466502, train_acc = 99.43% val_acc = 96.91%
Epoch 349, cost = 1.466403, train_acc = 99.53% val_acc = 96.65%
Epoch 350, cost = 1.467043, train_acc = 99.54% val_acc = 96.88%
Epoch 351, cost = 1.466350, train_acc = 99.56% val_acc = 97.08%
Epoch 352, cost = 1.466226, train_acc = 99.58% val_acc = 96.85%
Epoch 353, cost = 1.466349, train_acc = 99.52% val_acc = 96.82%
Epoch 354, cost = 1.467415, train_acc = 99.49% val_acc = 96.90%
Epoch 355, cost = 1.466729, train_acc = 99.46% val_acc = 97.18%
Epoch 356, cost = 1.466638, train_acc = 99.49% val_acc = 97.12%
Epoch 357, cost = 1.466554, train_acc = 99.40% val_acc = 96.58%
Epoch 358, cost = 1.465877, train_acc = 99.55% val_acc = 97.13%
Epoch 359, cost = 1.466133, train_acc = 99.53% val_acc = 96.96%
Epoch 360, cost = 1.466857, train_acc = 99.52% val_acc = 96.67%
Epoch 361, cost = 1.466608, train_acc = 99.50% val_acc = 97.19%
Epoch 362, cost = 1.466533, train_acc = 99.46% val_acc = 96.82%
Epoch 363, cost = 1.466529, train_acc = 99.12% val_acc = 95.96%
Epoch 364, cost = 1.466517, train_acc = 99.51% val_acc = 96.95%
Epoch 365, cost = 1.466474, train_acc = 99.55% val_acc = 96.92%
Epoch 366, cost = 1.465695, train_acc = 99.49% val_acc = 96.78%
Epoch 367, cost = 1.465923, train_acc = 99.59% val_acc = 97.05%
Epoch 368, cost = 1.465802, train_acc = 99.61% val_acc = 96.97%
Epoch 369, cost = 1.466081, train_acc = 99.52% val_acc = 96.83%
Epoch 370, cost = 1.466563, train_acc = 99.49% val_acc = 96.97%
Epoch 371, cost = 1.466245, train_acc = 99.55% val_acc = 97.02%
Epoch 372, cost = 1.468865, train_acc = 99.37% val_acc = 96.94%
Epoch 373, cost = 1.468738, train_acc = 99.27% val_acc = 97.09%
Epoch 374, cost = 1.467118, train_acc = 99.57% val_acc = 97.13%
Epoch 375, cost = 1.466201, train_acc = 99.27% val_acc = 96.81%
Epoch 376, cost = 1.466490, train_acc = 99.49% val_acc = 96.70%
Epoch 377, cost = 1.467108, train_acc = 99.39% val_acc = 96.75%
Epoch 378, cost = 1.466982, train_acc = 99.35% val_acc = 96.81%
Epoch 379, cost = 1.467284, train_acc = 99.37% val_acc = 96.70%
Epoch 380, cost = 1.467301, train_acc = 99.49% val_acc = 96.97%
Epoch 381, cost = 1.467936, train_acc = 99.49% val_acc = 97.05%
Epoch 382, cost = 1.466527, train_acc = 99.44% val_acc = 97.22%
Epoch 383, cost = 1.466026, train_acc = 99.41% val_acc = 96.81%
Epoch 384, cost = 1.467565, train_acc = 99.53% val_acc = 96.71%
Epoch 385, cost = 1.468911, train_acc = 99.40% val_acc = 96.48%
Epoch 386, cost = 1.466407, train_acc = 99.55% val_acc = 96.76%
Epoch 387, cost = 1.466568, train_acc = 99.55% val_acc = 96.93%
Epoch 388, cost = 1.466602, train_acc = 99.55% val_acc = 96.85%
Epoch 389, cost = 1.466343, train_acc = 99.48% val_acc = 96.63%
Epoch 390, cost = 1.466305, train_acc = 99.62% val_acc = 97.11%
Epoch 391, cost = 1.466231, train_acc = 99.51% val_acc = 96.70%
Epoch 392, cost = 1.466658, train_acc = 99.53% val_acc = 97.07%
Epoch 393, cost = 1.466143, train_acc = 99.45% val_acc = 96.90%
Epoch 394, cost = 1.466037, train_acc = 99.44% val_acc = 96.62%
Epoch 395, cost = 1.466501, train_acc = 99.51% val_acc = 97.05%
Epoch 396, cost = 1.465984, train_acc = 99.59% val_acc = 97.16%
Epoch 397, cost = 1.465549, train_acc = 99.54% val_acc = 97.12%
Epoch 398, cost = 1.466348, train_acc = 99.50% val_acc = 96.93%
Epoch 399, cost = 1.466235, train_acc = 99.47% val_acc = 96.94%
Epoch 400, cost = 1.466659, train_acc = 99.45% val_acc = 96.91%
Epoch 401, cost = 1.467325, train_acc = 99.46% val_acc = 97.01%
Epoch 402, cost = 1.468178, train_acc = 99.35% val_acc = 96.67%
Epoch 403, cost = 1.467038, train_acc = 99.42% val_acc = 97.16%
Epoch 404, cost = 1.467596, train_acc = 99.53% val_acc = 97.06%
Epoch 405, cost = 1.466803, train_acc = 99.49% val_acc = 96.92%
Epoch 406, cost = 1.466463, train_acc = 99.51% val_acc = 97.10%
Epoch 407, cost = 1.466842, train_acc = 99.51% val_acc = 97.20%
Epoch 408, cost = 1.467553, train_acc = 99.42% val_acc = 97.15%
Epoch 409, cost = 1.467595, train_acc = 99.55% val_acc = 97.34%
Epoch 410, cost = 1.467515, train_acc = 99.33% val_acc = 97.03%
Epoch 411, cost = 1.468223, train_acc = 98.99% val_acc = 96.90%
Epoch 412, cost = 1.469451, train_acc = 99.33% val_acc = 96.76%
Epoch 413, cost = 1.468136, train_acc = 99.50% val_acc = 97.16%
Epoch 414, cost = 1.466695, train_acc = 99.50% val_acc = 96.85%
Epoch 415, cost = 1.466075, train_acc = 99.47% val_acc = 96.87%
Epoch 416, cost = 1.467322, train_acc = 99.36% val_acc = 96.39%
Epoch 417, cost = 1.466962, train_acc = 99.49% val_acc = 97.02%
Epoch 418, cost = 1.467051, train_acc = 99.32% val_acc = 96.77%
Epoch 419, cost = 1.469080, train_acc = 99.32% val_acc = 96.66%
Epoch 420, cost = 1.468195, train_acc = 99.30% val_acc = 96.78%
Epoch 421, cost = 1.467694, train_acc = 99.34% val_acc = 96.73%
Epoch 422, cost = 1.469265, train_acc = 99.25% val_acc = 96.80%
Epoch 423, cost = 1.467902, train_acc = 99.29% val_acc = 97.18%
Epoch 424, cost = 1.467723, train_acc = 99.42% val_acc = 96.92%
Epoch 425, cost = 1.467813, train_acc = 99.32% val_acc = 96.63%
Epoch 426, cost = 1.467791, train_acc = 99.37% val_acc = 96.84%
Epoch 427, cost = 1.466648, train_acc = 99.40% val_acc = 96.82%
Epoch 428, cost = 1.469156, train_acc = 99.17% val_acc = 96.43%
Epoch 429, cost = 1.468624, train_acc = 99.29% val_acc = 96.64%
Epoch 430, cost = 1.467829, train_acc = 99.34% val_acc = 96.81%
Epoch 431, cost = 1.468887, train_acc = 99.45% val_acc = 97.15%
Epoch 432, cost = 1.467575, train_acc = 99.46% val_acc = 97.11%
Epoch 433, cost = 1.466654, train_acc = 99.37% val_acc = 96.82%
Epoch 434, cost = 1.467101, train_acc = 99.48% val_acc = 96.78%
Epoch 435, cost = 1.466458, train_acc = 99.54% val_acc = 96.79%
Epoch 436, cost = 1.467563, train_acc = 99.11% val_acc = 95.93%
Epoch 437, cost = 1.468194, train_acc = 99.36% val_acc = 96.75%
Epoch 438, cost = 1.467702, train_acc = 99.29% val_acc = 96.82%
Epoch 439, cost = 1.467714, train_acc = 99.50% val_acc = 97.21%
Epoch 440, cost = 1.468143, train_acc = 99.51% val_acc = 97.07%
Epoch 441, cost = 1.468379, train_acc = 99.21% val_acc = 96.79%
Epoch 442, cost = 1.468924, train_acc = 99.28% val_acc = 96.82%
Epoch 443, cost = 1.466745, train_acc = 99.43% val_acc = 97.18%
Epoch 444, cost = 1.468010, train_acc = 99.39% val_acc = 96.89%
Epoch 445, cost = 1.467606, train_acc = 99.31% val_acc = 96.47%
Epoch 446, cost = 1.466977, train_acc = 99.35% val_acc = 96.78%
Epoch 447, cost = 1.466737, train_acc = 99.43% val_acc = 96.97%
Epoch 448, cost = 1.467174, train_acc = 98.85% val_acc = 96.02%
Epoch 449, cost = 1.466771, train_acc = 99.57% val_acc = 96.97%
Epoch 450, cost = 1.466635, train_acc = 99.49% val_acc = 96.96%
Epoch 451, cost = 1.467117, train_acc = 99.42% val_acc = 97.11%
Epoch 452, cost = 1.467626, train_acc = 99.33% val_acc = 96.83%
Epoch 453, cost = 1.467204, train_acc = 99.50% val_acc = 97.02%
Epoch 454, cost = 1.466328, train_acc = 99.56% val_acc = 96.94%
Epoch 455, cost = 1.466354, train_acc = 99.53% val_acc = 96.81%
Epoch 456, cost = 1.466145, train_acc = 99.46% val_acc = 96.83%
Epoch 457, cost = 1.468741, train_acc = 99.37% val_acc = 96.71%
Epoch 458, cost = 1.467267, train_acc = 99.47% val_acc = 96.93%
Epoch 459, cost = 1.466700, train_acc = 99.54% val_acc = 97.11%
Epoch 460, cost = 1.466610, train_acc = 99.56% val_acc = 96.84%
Epoch 461, cost = 1.466167, train_acc = 99.51% val_acc = 97.06%
Epoch 462, cost = 1.466633, train_acc = 99.52% val_acc = 96.97%
Epoch 463, cost = 1.465916, train_acc = 99.59% val_acc = 97.25%
Epoch 464, cost = 1.465683, train_acc = 99.34% val_acc = 96.66%
Epoch 465, cost = 1.466750, train_acc = 99.41% val_acc = 96.90%
Epoch 466, cost = 1.467854, train_acc = 99.21% val_acc = 96.69%
Epoch 467, cost = 1.467303, train_acc = 99.58% val_acc = 96.99%
Epoch 468, cost = 1.466574, train_acc = 99.53% val_acc = 96.93%
Epoch 469, cost = 1.467606, train_acc = 99.44% val_acc = 96.87%
Epoch 470, cost = 1.466737, train_acc = 99.55% val_acc = 96.78%
Epoch 471, cost = 1.466572, train_acc = 99.41% val_acc = 96.57%
Epoch 472, cost = 1.467002, train_acc = 99.29% val_acc = 96.70%
Epoch 473, cost = 1.468533, train_acc = 99.53% val_acc = 96.82%
Epoch 474, cost = 1.467304, train_acc = 99.10% val_acc = 96.80%
Epoch 475, cost = 1.470658, train_acc = 99.35% val_acc = 96.96%
Epoch 476, cost = 1.467319, train_acc = 99.50% val_acc = 96.84%
Epoch 477, cost = 1.468835, train_acc = 99.27% val_acc = 96.40%
Epoch 478, cost = 1.467765, train_acc = 99.43% val_acc = 96.60%
Epoch 479, cost = 1.468454, train_acc = 99.26% val_acc = 96.89%
Epoch 480, cost = 1.468856, train_acc = 99.46% val_acc = 96.94%
Epoch 481, cost = 1.468084, train_acc = 99.28% val_acc = 96.73%
Epoch 482, cost = 1.468108, train_acc = 99.32% val_acc = 96.85%
Epoch 483, cost = 1.469040, train_acc = 99.22% val_acc = 96.75%
Epoch 484, cost = 1.468144, train_acc = 99.41% val_acc = 96.73%
Epoch 485, cost = 1.468908, train_acc = 99.27% val_acc = 96.79%
Epoch 486, cost = 1.467719, train_acc = 99.38% val_acc = 96.93%
Epoch 487, cost = 1.469888, train_acc = 99.03% val_acc = 96.68%
Epoch 488, cost = 1.471154, train_acc = 98.58% val_acc = 96.04%
Epoch 489, cost = 1.471656, train_acc = 99.24% val_acc = 96.84%
Epoch 490, cost = 1.468907, train_acc = 99.19% val_acc = 96.90%
Epoch 491, cost = 1.469311, train_acc = 99.33% val_acc = 97.02%
Epoch 492, cost = 1.471540, train_acc = 99.14% val_acc = 96.41%
Epoch 493, cost = 1.469998, train_acc = 99.12% val_acc = 96.53%
Epoch 494, cost = 1.469804, train_acc = 99.03% val_acc = 96.54%
Epoch 495, cost = 1.471514, train_acc = 99.19% val_acc = 96.54%
Epoch 496, cost = 1.469704, train_acc = 98.95% val_acc = 96.41%
Epoch 497, cost = 1.469334, train_acc = 99.24% val_acc = 96.76%
Epoch 498, cost = 1.469168, train_acc = 99.27% val_acc = 96.99%
Epoch 499, cost = 1.467910, train_acc = 99.42% val_acc = 96.77%
Epoch 500, cost = 1.467236, train_acc = 99.43% val_acc = 96.92%
Epoch 501, cost = 1.467966, train_acc = 99.34% val_acc = 96.95%
Epoch 502, cost = 1.467616, train_acc = 99.41% val_acc = 96.97%
Epoch 503, cost = 1.467509, train_acc = 99.38% val_acc = 96.99%
Epoch 504, cost = 1.467956, train_acc = 99.27% val_acc = 96.85%
Epoch 505, cost = 1.468681, train_acc = 99.30% val_acc = 97.21%
Epoch 506, cost = 1.468802, train_acc = 99.32% val_acc = 96.93%
Epoch 507, cost = 1.468708, train_acc = 99.36% val_acc = 96.76%
Epoch 508, cost = 1.468146, train_acc = 99.24% val_acc = 96.71%
Epoch 509, cost = 1.468409, train_acc = 99.40% val_acc = 96.71%
Epoch 510, cost = 1.469364, train_acc = 99.23% val_acc = 96.57%
Epoch 511, cost = 1.467844, train_acc = 99.44% val_acc = 96.95%
Epoch 512, cost = 1.467591, train_acc = 99.39% val_acc = 96.73%
Epoch 513, cost = 1.466915, train_acc = 99.33% val_acc = 96.93%
Epoch 514, cost = 1.466890, train_acc = 99.38% val_acc = 96.69%
Epoch 515, cost = 1.467245, train_acc = 99.44% val_acc = 97.04%
Epoch 516, cost = 1.466688, train_acc = 99.43% val_acc = 96.84%
Epoch 517, cost = 1.467289, train_acc = 99.51% val_acc = 97.03%
Epoch 518, cost = 1.467379, train_acc = 99.26% val_acc = 96.62%
Epoch 519, cost = 1.467413, train_acc = 99.34% val_acc = 96.75%
Epoch 520, cost = 1.467402, train_acc = 99.53% val_acc = 97.15%
Epoch 521, cost = 1.467594, train_acc = 99.47% val_acc = 97.14%
Epoch 522, cost = 1.467433, train_acc = 99.30% val_acc = 96.78%
Epoch 523, cost = 1.467786, train_acc = 99.36% val_acc = 97.00%
Epoch 524, cost = 1.467398, train_acc = 99.41% val_acc = 97.19%
Epoch 525, cost = 1.467334, train_acc = 99.47% val_acc = 96.80%
Epoch 526, cost = 1.467570, train_acc = 99.33% val_acc = 96.80%
Epoch 527, cost = 1.468321, train_acc = 99.44% val_acc = 97.08%
Epoch 528, cost = 1.469209, train_acc = 99.35% val_acc = 96.89%
Epoch 529, cost = 1.468318, train_acc = 99.40% val_acc = 96.91%
Epoch 530, cost = 1.469271, train_acc = 99.34% val_acc = 96.52%
Epoch 531, cost = 1.469202, train_acc = 99.39% val_acc = 96.91%
Epoch 532, cost = 1.468199, train_acc = 99.17% val_acc = 96.28%
Epoch 533, cost = 1.469850, train_acc = 99.36% val_acc = 96.91%
Epoch 534, cost = 1.468425, train_acc = 99.20% val_acc = 97.03%
Epoch 535, cost = 1.469552, train_acc = 99.25% val_acc = 97.17%
Epoch 536, cost = 1.468680, train_acc = 99.06% val_acc = 96.39%
Epoch 537, cost = 1.470475, train_acc = 99.07% val_acc = 97.01%
Epoch 538, cost = 1.469699, train_acc = 99.07% val_acc = 96.42%
Epoch 539, cost = 1.469312, train_acc = 99.32% val_acc = 96.87%
Epoch 540, cost = 1.469756, train_acc = 99.10% val_acc = 96.60%
Epoch 541, cost = 1.468380, train_acc = 99.35% val_acc = 96.94%
Epoch 542, cost = 1.468559, train_acc = 99.31% val_acc = 96.82%
Epoch 543, cost = 1.468483, train_acc = 99.11% val_acc = 96.43%
Epoch 544, cost = 1.471695, train_acc = 98.95% val_acc = 96.64%
Epoch 545, cost = 1.472092, train_acc = 98.43% val_acc = 95.93%
Epoch 546, cost = 1.470489, train_acc = 99.17% val_acc = 96.56%
Epoch 547, cost = 1.473409, train_acc = 98.86% val_acc = 96.57%
Epoch 548, cost = 1.473304, train_acc = 98.90% val_acc = 96.32%
Epoch 549, cost = 1.471044, train_acc = 99.20% val_acc = 96.79%
Epoch 550, cost = 1.469509, train_acc = 99.13% val_acc = 96.74%
Epoch 551, cost = 1.471566, train_acc = 98.88% val_acc = 96.31%
Epoch 552, cost = 1.473256, train_acc = 98.84% val_acc = 96.64%
Epoch 553, cost = 1.471997, train_acc = 99.14% val_acc = 96.56%
Epoch 554, cost = 1.471263, train_acc = 99.13% val_acc = 96.56%
Epoch 555, cost = 1.469185, train_acc = 99.24% val_acc = 96.74%
Epoch 556, cost = 1.468623, train_acc = 99.32% val_acc = 96.83%
Epoch 557, cost = 1.470256, train_acc = 98.91% val_acc = 96.48%
Epoch 558, cost = 1.472109, train_acc = 99.11% val_acc = 96.36%
Epoch 559, cost = 1.469343, train_acc = 99.24% val_acc = 97.01%
Epoch 560, cost = 1.472183, train_acc = 98.95% val_acc = 96.88%
Epoch 561, cost = 1.470931, train_acc = 99.21% val_acc = 96.94%
Epoch 562, cost = 1.471790, train_acc = 97.40% val_acc = 95.28%
Epoch 563, cost = 1.472630, train_acc = 99.06% val_acc = 96.66%
Epoch 564, cost = 1.470759, train_acc = 99.10% val_acc = 96.93%
Epoch 565, cost = 1.471924, train_acc = 98.94% val_acc = 96.82%
Epoch 566, cost = 1.471397, train_acc = 99.09% val_acc = 96.97%
Epoch 567, cost = 1.470241, train_acc = 98.79% val_acc = 96.55%
Epoch 568, cost = 1.471036, train_acc = 99.29% val_acc = 96.94%
Epoch 569, cost = 1.470884, train_acc = 99.11% val_acc = 96.79%
Epoch 570, cost = 1.470408, train_acc = 99.21% val_acc = 97.04%
Epoch 571, cost = 1.470612, train_acc = 98.77% val_acc = 96.49%
Epoch 572, cost = 1.472920, train_acc = 99.03% val_acc = 96.85%
Epoch 573, cost = 1.471005, train_acc = 99.00% val_acc = 96.53%
Epoch 574, cost = 1.470481, train_acc = 99.15% val_acc = 96.99%
Epoch 575, cost = 1.470090, train_acc = 99.01% val_acc = 96.70%
Epoch 576, cost = 1.470534, train_acc = 99.14% val_acc = 97.02%
Epoch 577, cost = 1.473209, train_acc = 98.74% val_acc = 96.20%
Epoch 578, cost = 1.473771, train_acc = 98.69% val_acc = 96.20%
Epoch 579, cost = 1.472498, train_acc = 99.20% val_acc = 96.81%
Epoch 580, cost = 1.471472, train_acc = 99.02% val_acc = 96.57%
Epoch 581, cost = 1.472142, train_acc = 98.95% val_acc = 96.77%
Epoch 582, cost = 1.474754, train_acc = 98.69% val_acc = 96.49%
Epoch 583, cost = 1.472502, train_acc = 98.96% val_acc = 97.17%
Epoch 584, cost = 1.471403, train_acc = 99.12% val_acc = 96.96%
Epoch 585, cost = 1.471747, train_acc = 99.07% val_acc = 96.58%
Epoch 586, cost = 1.471766, train_acc = 99.11% val_acc = 96.87%
Epoch 587, cost = 1.472585, train_acc = 98.56% val_acc = 95.71%
Epoch 588, cost = 1.474535, train_acc = 99.04% val_acc = 97.05%
Epoch 589, cost = 1.474013, train_acc = 98.76% val_acc = 96.21%
Epoch 590, cost = 1.473697, train_acc = 98.03% val_acc = 95.15%
Epoch 591, cost = 1.475686, train_acc = 98.60% val_acc = 97.00%
Epoch 592, cost = 1.475748, train_acc = 98.54% val_acc = 96.08%
Epoch 593, cost = 1.473339, train_acc = 98.75% val_acc = 96.28%
Epoch 594, cost = 1.476966, train_acc = 97.85% val_acc = 95.48%
Epoch 595, cost = 1.475503, train_acc = 98.74% val_acc = 96.37%
Epoch 596, cost = 1.475909, train_acc = 98.74% val_acc = 96.79%
Epoch 597, cost = 1.477517, train_acc = 98.48% val_acc = 96.41%
Epoch 598, cost = 1.476311, train_acc = 98.70% val_acc = 96.76%
Epoch 599, cost = 1.475099, train_acc = 98.47% val_acc = 96.31%
Epoch 600, cost = 1.474855, train_acc = 98.82% val_acc = 96.79%
Epoch 601, cost = 1.472384, train_acc = 98.83% val_acc = 96.49%
Epoch 602, cost = 1.477329, train_acc = 98.57% val_acc = 96.86%
Epoch 603, cost = 1.474899, train_acc = 98.92% val_acc = 96.48%
Epoch 604, cost = 1.473060, train_acc = 98.64% val_acc = 96.55%
Epoch 605, cost = 1.478195, train_acc = 97.61% val_acc = 95.84%
Epoch 606, cost = 1.481281, train_acc = 98.30% val_acc = 96.22%
Epoch 607, cost = 1.481892, train_acc = 96.76% val_acc = 95.39%
Epoch 608, cost = 1.478145, train_acc = 98.71% val_acc = 96.73%
Epoch 609, cost = 1.478198, train_acc = 98.51% val_acc = 96.47%
Epoch 610, cost = 1.481476, train_acc = 96.61% val_acc = 95.31%
Epoch 611, cost = 1.482150, train_acc = 98.12% val_acc = 96.22%
Epoch 612, cost = 1.476052, train_acc = 98.68% val_acc = 96.36%
Epoch 613, cost = 1.477081, train_acc = 98.50% val_acc = 96.12%
Epoch 614, cost = 1.480366, train_acc = 97.32% val_acc = 95.65%
Epoch 615, cost = 1.482666, train_acc = 95.84% val_acc = 94.10%
Epoch 616, cost = 1.483937, train_acc = 97.16% val_acc = 94.97%
Epoch 617, cost = 1.486991, train_acc = 97.60% val_acc = 95.46%
Epoch 618, cost = 1.495132, train_acc = 97.88% val_acc = 95.87%
Epoch 619, cost = 1.488082, train_acc = 97.85% val_acc = 95.92%
Epoch 620, cost = 1.486316, train_acc = 97.70% val_acc = 96.43%
Epoch 621, cost = 1.484640, train_acc = 97.45% val_acc = 95.50%
Epoch 622, cost = 1.486690, train_acc = 97.98% val_acc = 96.15%
Epoch 623, cost = 1.498689, train_acc = 95.92% val_acc = 94.42%
Epoch 624, cost = 1.489344, train_acc = 97.76% val_acc = 95.58%
Epoch 625, cost = 1.488980, train_acc = 97.21% val_acc = 95.44%
Epoch 626, cost = 1.493194, train_acc = 97.54% val_acc = 95.72%
Epoch 627, cost = 1.495494, train_acc = 96.37% val_acc = 95.18%
Epoch 628, cost = 1.491114, train_acc = 96.95% val_acc = 95.05%
Epoch 629, cost = 1.492727, train_acc = 96.55% val_acc = 93.86%
Epoch 630, cost = 1.493586, train_acc = 97.37% val_acc = 96.09%
Epoch 631, cost = 1.489646, train_acc = 97.71% val_acc = 95.97%
Epoch 632, cost = 1.501977, train_acc = 96.61% val_acc = 95.13%
Epoch 633, cost = 1.507398, train_acc = 95.63% val_acc = 94.67%
Epoch 634, cost = 1.502423, train_acc = 96.78% val_acc = 95.01%
Epoch 635, cost = 1.505407, train_acc = 95.17% val_acc = 94.06%
Epoch 636, cost = 1.502292, train_acc = 96.84% val_acc = 94.62%
Epoch 637, cost = 1.496600, train_acc = 95.80% val_acc = 95.08%
Epoch 638, cost = 1.495388, train_acc = 96.72% val_acc = 95.35%
Epoch 639, cost = 1.507271, train_acc = 90.14% val_acc = 88.54%
Epoch 640, cost = 1.509463, train_acc = 96.54% val_acc = 95.49%
Epoch 641, cost = 1.505878, train_acc = 96.80% val_acc = 95.27%
Epoch 642, cost = 1.511634, train_acc = 96.28% val_acc = 94.01%
Epoch 643, cost = 1.518908, train_acc = 93.29% val_acc = 92.50%
Epoch 644, cost = 1.569666, train_acc = 92.38% val_acc = 92.26%
Epoch 645, cost = 1.539742, train_acc = 83.61% val_acc = 83.65%
Epoch 646, cost = 1.557204, train_acc = 90.02% val_acc = 87.52%
Epoch 647, cost = 1.539791, train_acc = 93.39% val_acc = 91.34%
Epoch 648, cost = 1.567200, train_acc = 91.03% val_acc = 91.28%
Epoch 649, cost = 1.572546, train_acc = 85.46% val_acc = 86.66%
Epoch 650, cost = 1.660411, train_acc = 73.93% val_acc = 74.86%
Epoch 651, cost = 1.756524, train_acc = 74.47% val_acc = 75.04%
Epoch 652, cost = 1.767738, train_acc = 47.55% val_acc = 48.15%
Epoch 653, cost = 1.877153, train_acc = 42.25% val_acc = 45.53%
Epoch 654, cost = 2.021734, train_acc = 54.96% val_acc = 60.98%
Epoch 655, cost = 1.922109, train_acc = 62.24% val_acc = 66.92%
Epoch 656, cost = 2.174304, train_acc = 11.61% val_acc = 11.66%
Epoch 657, cost = 2.338703, train_acc = 12.31% val_acc = 12.61%
Epoch 658, cost = 2.338596, train_acc = 12.37% val_acc = 12.65%
Epoch 659, cost = 2.328303, train_acc = 12.45% val_acc = 12.68%
Epoch 660, cost = 2.322729, train_acc = 21.07% val_acc = 21.56%
Epoch 661, cost = 2.271845, train_acc = 13.49% val_acc = 15.93%
Epoch 662, cost = 2.313099, train_acc = 14.90% val_acc = 15.15%
Epoch 663, cost = 2.299352, train_acc = 16.35% val_acc = 16.51%
Epoch 664, cost = 2.277002, train_acc = 20.08% val_acc = 21.72%
Epoch 665, cost = 2.235423, train_acc = 21.39% val_acc = 21.48%
Epoch 666, cost = 2.249520, train_acc = 21.57% val_acc = 21.06%
Epoch 667, cost = 2.246944, train_acc = 23.65% val_acc = 27.90%
Epoch 668, cost = 2.228090, train_acc = 23.02% val_acc = 27.31%
Epoch 669, cost = 2.312538, train_acc = 13.08% val_acc = 14.78%
Epoch 670, cost = 2.329342, train_acc = 13.13% val_acc = 14.09%
Epoch 671, cost = 2.344583, train_acc = 11.70% val_acc = 12.12%
Epoch 672, cost = 2.334582, train_acc = 12.31% val_acc = 12.71%
Epoch 673, cost = 2.337596, train_acc = 12.42% val_acc = 12.47%
Epoch 674, cost = 2.336916, train_acc = 12.69% val_acc = 12.90%
Epoch 675, cost = 2.334795, train_acc = 12.64% val_acc = 12.86%
Epoch 676, cost = 2.335836, train_acc = 12.56% val_acc = 12.78%
Epoch 677, cost = 2.337622, train_acc = 12.45% val_acc = 12.83%
Epoch 678, cost = 2.336555, train_acc = 11.78% val_acc = 12.15%
Epoch 679, cost = 2.344395, train_acc = 11.07% val_acc = 11.41%
Epoch 680, cost = 2.350784, train_acc = 10.94% val_acc = 11.34%
Epoch 681, cost = 2.354024, train_acc = 10.65% val_acc = 10.95%
Epoch 682, cost = 2.355144, train_acc = 10.72% val_acc = 10.85%
Epoch 683, cost = 2.355118, train_acc = 10.69% val_acc = 10.98%
Epoch 684, cost = 2.354651, train_acc = 10.68% val_acc = 10.81%
Epoch 685, cost = 2.353131, train_acc = 10.72% val_acc = 11.03%
Epoch 686, cost = 2.354531, train_acc = 10.76% val_acc = 10.80%
Epoch 687, cost = 2.352370, train_acc = 11.69% val_acc = 12.08%
Epoch 688, cost = 2.341489, train_acc = 12.23% val_acc = 13.23%
Epoch 689, cost = 2.337102, train_acc = 12.42% val_acc = 12.86%
Epoch 690, cost = 2.343756, train_acc = 11.58% val_acc = 12.25%
Epoch 691, cost = 2.345477, train_acc = 11.66% val_acc = 11.89%
Epoch 692, cost = 2.346423, train_acc = 11.56% val_acc = 12.41%
Epoch 693, cost = 2.344717, train_acc = 11.70% val_acc = 12.27%
Epoch 694, cost = 2.344703, train_acc = 11.61% val_acc = 11.67%
Epoch 695, cost = 2.345770, train_acc = 11.65% val_acc = 12.31%
Epoch 696, cost = 2.345050, train_acc = 11.68% val_acc = 12.54%
Epoch 697, cost = 2.345370, train_acc = 11.67% val_acc = 11.84%
Epoch 698, cost = 2.345370, train_acc = 11.69% val_acc = 12.15%
Epoch 699, cost = 2.351557, train_acc = 10.01% val_acc = 10.03%
Epoch 700, cost = 2.361172, train_acc = 10.03% val_acc = 10.04%
Epoch 701, cost = 2.361332, train_acc = 10.03% val_acc = 10.11%
Epoch 702, cost = 2.361412, train_acc = 10.02% val_acc = 10.05%
Epoch 703, cost = 2.361452, train_acc = 10.06% val_acc = 10.06%
Epoch 704, cost = 2.361358, train_acc = 10.01% val_acc = 10.00%
Epoch 705, cost = 2.361318, train_acc = 10.03% val_acc = 9.99%
Epoch 706, cost = 2.361438, train_acc = 10.03% val_acc = 10.06%
Epoch 707, cost = 2.361465, train_acc = 10.03% val_acc = 10.06%
Epoch 708, cost = 2.361305, train_acc = 10.00% val_acc = 10.09%
Epoch 709, cost = 2.361238, train_acc = 10.03% val_acc = 10.04%
Epoch 710, cost = 2.361572, train_acc = 10.03% val_acc = 10.05%
Epoch 711, cost = 2.361145, train_acc = 10.00% val_acc = 10.05%
Epoch 712, cost = 2.361425, train_acc = 10.01% val_acc = 10.08%
Epoch 713, cost = 2.361465, train_acc = 10.01% val_acc = 10.01%
Epoch 714, cost = 2.361372, train_acc = 10.01% val_acc = 10.02%
Epoch 715, cost = 2.361332, train_acc = 10.03% val_acc = 10.02%
Epoch 716, cost = 2.361398, train_acc = 10.02% val_acc = 10.02%
Epoch 717, cost = 2.361545, train_acc = 10.02% val_acc = 10.08%
Epoch 718, cost = 2.361665, train_acc = 10.04% val_acc = 10.06%
Epoch 719, cost = 2.361478, train_acc = 10.02% val_acc = 10.10%
Epoch 720, cost = 2.361425, train_acc = 10.03% val_acc = 10.11%
Epoch 721, cost = 2.361225, train_acc = 10.02% val_acc = 10.05%
Epoch 722, cost = 2.361612, train_acc = 10.04% val_acc = 10.03%
Epoch 723, cost = 2.361385, train_acc = 10.01% val_acc = 10.00%
Epoch 724, cost = 2.361305, train_acc = 10.07% val_acc = 10.07%
Epoch 725, cost = 2.361612, train_acc = 10.03% val_acc = 10.01%
Epoch 726, cost = 2.361358, train_acc = 10.03% val_acc = 10.07%
Epoch 727, cost = 2.361465, train_acc = 10.01% val_acc = 10.01%
Epoch 728, cost = 2.361585, train_acc = 10.04% val_acc = 10.03%
Epoch 729, cost = 2.361425, train_acc = 10.01% val_acc = 10.00%
Epoch 730, cost = 2.361785, train_acc = 10.03% val_acc = 10.03%
Epoch 731, cost = 2.361345, train_acc = 10.01% val_acc = 9.98%
Epoch 732, cost = 2.361465, train_acc = 10.01% val_acc = 10.05%
Epoch 733, cost = 2.361398, train_acc = 10.04% val_acc = 10.09%
Epoch 734, cost = 2.361292, train_acc = 10.02% val_acc = 10.10%
Epoch 735, cost = 2.361718, train_acc = 10.01% val_acc = 10.01%
Epoch 736, cost = 2.361398, train_acc = 10.01% val_acc = 9.99%
Epoch 737, cost = 2.361318, train_acc = 10.01% val_acc = 10.00%
Epoch 738, cost = 2.361625, train_acc = 10.01% val_acc = 10.08%
Epoch 739, cost = 2.361345, train_acc = 10.01% val_acc = 10.00%
Epoch 740, cost = 2.361652, train_acc = 10.01% val_acc = 10.01%
Epoch 741, cost = 2.361172, train_acc = 10.03% val_acc = 10.09%
Epoch 742, cost = 2.361345, train_acc = 10.05% val_acc = 10.01%
Epoch 743, cost = 2.361132, train_acc = 10.01% val_acc = 10.04%
Epoch 744, cost = 2.361438, train_acc = 10.05% val_acc = 10.04%
Epoch 745, cost = 2.361252, train_acc = 10.01% val_acc = 10.00%
Epoch 746, cost = 2.361278, train_acc = 10.03% val_acc = 10.02%
Epoch 747, cost = 2.361598, train_acc = 10.01% val_acc = 9.97%
Epoch 748, cost = 2.361412, train_acc = 10.05% val_acc = 10.09%
Epoch 749, cost = 2.361478, train_acc = 10.00% val_acc = 10.03%
Epoch 750, cost = 2.361372, train_acc = 10.01% val_acc = 10.06%
Epoch 751, cost = 2.361492, train_acc = 10.02% val_acc = 10.04%
Epoch 752, cost = 2.361492, train_acc = 10.04% val_acc = 10.04%
Epoch 753, cost = 2.361345, train_acc = 10.06% val_acc = 10.04%
Epoch 754, cost = 2.361358, train_acc = 10.03% val_acc = 10.00%
Epoch 755, cost = 2.361278, train_acc = 10.04% val_acc = 10.07%
Epoch 756, cost = 2.361212, train_acc = 10.01% val_acc = 10.09%
Epoch 757, cost = 2.361318, train_acc = 10.03% val_acc = 10.02%
Epoch 758, cost = 2.361598, train_acc = 10.00% val_acc = 10.03%
Epoch 759, cost = 2.361292, train_acc = 10.03% val_acc = 10.01%
Epoch 760, cost = 2.361278, train_acc = 10.02% val_acc = 10.07%
Epoch 761, cost = 2.361478, train_acc = 10.04% val_acc = 10.00%
Epoch 762, cost = 2.361492, train_acc = 10.02% val_acc = 10.01%
Epoch 763, cost = 2.361505, train_acc = 10.04% val_acc = 10.10%
Epoch 764, cost = 2.361372, train_acc = 10.00% val_acc = 10.06%
Epoch 765, cost = 2.361412, train_acc = 10.01% val_acc = 10.00%
Epoch 766, cost = 2.361438, train_acc = 10.03% val_acc = 10.12%
Epoch 767, cost = 2.361265, train_acc = 10.03% val_acc = 10.06%
Epoch 768, cost = 2.361532, train_acc = 10.02% val_acc = 10.10%
Epoch 769, cost = 2.361332, train_acc = 10.01% val_acc = 10.02%
Epoch 770, cost = 2.361425, train_acc = 10.03% val_acc = 10.05%
Epoch 771, cost = 2.361305, train_acc = 10.01% val_acc = 10.05%
Epoch 772, cost = 2.361492, train_acc = 10.03% val_acc = 10.06%
Epoch 773, cost = 2.361292, train_acc = 9.99% val_acc = 10.03%
Epoch 774, cost = 2.361665, train_acc = 10.00% val_acc = 10.06%
Epoch 775, cost = 2.361452, train_acc = 10.05% val_acc = 10.03%
Epoch 776, cost = 2.361518, train_acc = 10.03% val_acc = 9.95%
Epoch 777, cost = 2.361398, train_acc = 10.03% val_acc = 10.00%
Epoch 778, cost = 2.361238, train_acc = 10.01% val_acc = 9.97%
Epoch 779, cost = 2.361278, train_acc = 10.03% val_acc = 10.09%
Epoch 780, cost = 2.361652, train_acc = 10.05% val_acc = 10.01%
Epoch 781, cost = 2.361385, train_acc = 10.01% val_acc = 10.04%
Epoch 782, cost = 2.361478, train_acc = 10.02% val_acc = 10.01%
Epoch 783, cost = 2.361518, train_acc = 10.02% val_acc = 10.04%
Epoch 784, cost = 2.361585, train_acc = 10.02% val_acc = 10.06%
Epoch 785, cost = 2.361292, train_acc = 10.01% val_acc = 10.00%
Epoch 786, cost = 2.361212, train_acc = 10.02% val_acc = 10.05%
Epoch 787, cost = 2.361185, train_acc = 10.01% val_acc = 10.11%
Epoch 788, cost = 2.361492, train_acc = 10.02% val_acc = 10.01%
Epoch 789, cost = 2.361145, train_acc = 10.05% val_acc = 10.06%
Epoch 790, cost = 2.361145, train_acc = 10.02% val_acc = 10.08%
Epoch 791, cost = 2.361492, train_acc = 10.03% val_acc = 10.03%
Epoch 792, cost = 2.361305, train_acc = 10.03% val_acc = 10.02%
Epoch 793, cost = 2.361545, train_acc = 10.02% val_acc = 10.06%
Epoch 794, cost = 2.361518, train_acc = 10.04% val_acc = 10.03%
Epoch 795, cost = 2.361385, train_acc = 10.02% val_acc = 10.00%
Epoch 796, cost = 2.361265, train_acc = 10.02% val_acc = 10.00%
Epoch 797, cost = 2.361372, train_acc = 10.03% val_acc = 10.04%
Epoch 798, cost = 2.361238, train_acc = 10.00% val_acc = 10.03%
Epoch 799, cost = 2.361332, train_acc = 10.01% val_acc = 10.01%
Epoch 800, cost = 2.361145, train_acc = 9.99% val_acc = 10.04%
Epoch 801, cost = 2.361758, train_acc = 10.03% val_acc = 10.04%
Epoch 802, cost = 2.361372, train_acc = 10.03% val_acc = 9.96%
Epoch 803, cost = 2.361398, train_acc = 10.02% val_acc = 10.02%
Epoch 804, cost = 2.361492, train_acc = 10.04% val_acc = 10.05%
Epoch 805, cost = 2.361452, train_acc = 10.00% val_acc = 9.99%
Epoch 806, cost = 2.361358, train_acc = 10.02% val_acc = 10.13%
Epoch 807, cost = 2.361305, train_acc = 10.05% val_acc = 10.07%
Epoch 808, cost = 2.361798, train_acc = 10.03% val_acc = 10.00%
Epoch 809, cost = 2.361252, train_acc = 10.01% val_acc = 10.07%
Epoch 810, cost = 2.361718, train_acc = 10.00% val_acc = 10.04%
Epoch 811, cost = 2.361198, train_acc = 10.05% val_acc = 10.04%
Epoch 812, cost = 2.360865, train_acc = 10.09% val_acc = 10.19%
Epoch 813, cost = 2.361787, train_acc = 10.01% val_acc = 10.00%
Epoch 814, cost = 2.361638, train_acc = 10.00% val_acc = 10.02%
Epoch 815, cost = 2.361652, train_acc = 10.00% val_acc = 10.01%
Epoch 816, cost = 2.361545, train_acc = 10.00% val_acc = 10.02%
Epoch 817, cost = 2.361572, train_acc = 10.01% val_acc = 10.00%
Epoch 818, cost = 2.361705, train_acc = 10.00% val_acc = 10.00%
Epoch 819, cost = 2.361652, train_acc = 10.01% val_acc = 9.98%
Epoch 820, cost = 2.361558, train_acc = 10.00% val_acc = 10.01%
Epoch 821, cost = 2.361745, train_acc = 10.01% val_acc = 10.01%
Epoch 822, cost = 2.361612, train_acc = 10.01% val_acc = 9.99%
Epoch 823, cost = 2.361625, train_acc = 10.00% val_acc = 9.98%
Epoch 824, cost = 2.361558, train_acc = 10.00% val_acc = 9.99%
Epoch 825, cost = 2.361532, train_acc = 10.00% val_acc = 10.01%
Epoch 826, cost = 2.361638, train_acc = 10.01% val_acc = 10.01%
Epoch 827, cost = 2.361665, train_acc = 9.99% val_acc = 10.00%
Epoch 828, cost = 2.361612, train_acc = 10.01% val_acc = 10.01%
Epoch 829, cost = 2.361612, train_acc = 10.01% val_acc = 10.02%
Epoch 830, cost = 2.361638, train_acc = 10.00% val_acc = 10.03%
Epoch 831, cost = 2.361612, train_acc = 10.00% val_acc = 10.00%
Epoch 832, cost = 2.361638, train_acc = 10.01% val_acc = 10.02%
Epoch 833, cost = 2.361652, train_acc = 10.01% val_acc = 10.02%
Epoch 834, cost = 2.361638, train_acc = 10.01% val_acc = 9.99%
Epoch 835, cost = 2.361545, train_acc = 10.01% val_acc = 10.01%
Epoch 836, cost = 2.361625, train_acc = 10.00% val_acc = 10.00%
Epoch 837, cost = 2.361665, train_acc = 10.01% val_acc = 10.00%
Epoch 838, cost = 2.361625, train_acc = 10.00% val_acc = 10.00%
Epoch 839, cost = 2.361572, train_acc = 10.01% val_acc = 10.02%
Epoch 840, cost = 2.361585, train_acc = 10.01% val_acc = 10.01%
Epoch 841, cost = 2.361558, train_acc = 10.00% val_acc = 9.99%
Epoch 842, cost = 2.361638, train_acc = 10.00% val_acc = 10.02%
Epoch 843, cost = 2.361625, train_acc = 10.01% val_acc = 10.00%
Epoch 844, cost = 2.361558, train_acc = 10.00% val_acc = 10.01%
Epoch 845, cost = 2.361585, train_acc = 10.00% val_acc = 9.99%
Epoch 846, cost = 2.361572, train_acc = 10.01% val_acc = 10.01%
Epoch 847, cost = 2.361612, train_acc = 10.00% val_acc = 10.01%
Epoch 848, cost = 2.361598, train_acc = 10.01% val_acc = 10.02%
Epoch 849, cost = 2.361612, train_acc = 10.00% val_acc = 10.00%
Epoch 850, cost = 2.361652, train_acc = 10.00% val_acc = 10.00%
Epoch 851, cost = 2.361678, train_acc = 10.00% val_acc = 9.98%
Epoch 852, cost = 2.361652, train_acc = 10.01% val_acc = 10.01%
Epoch 853, cost = 2.361638, train_acc = 10.01% val_acc = 10.02%
Epoch 854, cost = 2.361638, train_acc = 10.00% val_acc = 10.01%
Epoch 855, cost = 2.361612, train_acc = 10.00% val_acc = 10.02%
Epoch 856, cost = 2.361612, train_acc = 10.00% val_acc = 10.01%
Epoch 857, cost = 2.361652, train_acc = 10.01% val_acc = 10.01%
Epoch 858, cost = 2.361572, train_acc = 10.00% val_acc = 10.01%
Epoch 859, cost = 2.361572, train_acc = 10.01% val_acc = 10.04%
Epoch 860, cost = 2.361638, train_acc = 10.00% val_acc = 9.99%
Epoch 861, cost = 2.361625, train_acc = 10.01% val_acc = 10.00%
Epoch 862, cost = 2.361612, train_acc = 10.01% val_acc = 9.99%
Epoch 863, cost = 2.361518, train_acc = 10.01% val_acc = 10.00%
Epoch 864, cost = 2.361612, train_acc = 10.00% val_acc = 10.00%
Epoch 865, cost = 2.361638, train_acc = 10.01% val_acc = 10.02%
Epoch 866, cost = 2.361572, train_acc = 10.01% val_acc = 9.98%
Epoch 867, cost = 2.361625, train_acc = 10.01% val_acc = 10.01%
Epoch 868, cost = 2.361678, train_acc = 10.01% val_acc = 10.02%
Epoch 869, cost = 2.361572, train_acc = 10.00% val_acc = 10.01%
Epoch 870, cost = 2.361652, train_acc = 10.00% val_acc = 10.04%
Epoch 871, cost = 2.361705, train_acc = 10.00% val_acc = 10.01%
Epoch 872, cost = 2.361638, train_acc = 10.01% val_acc = 10.02%
Epoch 873, cost = 2.361665, train_acc = 10.00% val_acc = 10.02%
Epoch 874, cost = 2.361585, train_acc = 10.00% val_acc = 10.03%
Epoch 875, cost = 2.361625, train_acc = 10.01% val_acc = 10.02%
Epoch 876, cost = 2.361692, train_acc = 10.01% val_acc = 10.01%
Epoch 877, cost = 2.361598, train_acc = 10.00% val_acc = 10.00%
Epoch 878, cost = 2.361718, train_acc = 10.00% val_acc = 10.02%
Epoch 879, cost = 2.361558, train_acc = 10.01% val_acc = 10.03%
Epoch 880, cost = 2.361692, train_acc = 10.01% val_acc = 10.02%
Epoch 881, cost = 2.361625, train_acc = 10.00% val_acc = 10.03%
Epoch 882, cost = 2.361572, train_acc = 10.01% val_acc = 10.00%
Epoch 883, cost = 2.361625, train_acc = 10.01% val_acc = 10.00%
Epoch 884, cost = 2.361518, train_acc = 10.01% val_acc = 10.01%
Epoch 885, cost = 2.361572, train_acc = 10.00% val_acc = 10.02%
Epoch 886, cost = 2.361705, train_acc = 10.01% val_acc = 10.01%
Epoch 887, cost = 2.361678, train_acc = 10.00% val_acc = 10.02%
Epoch 888, cost = 2.361532, train_acc = 10.01% val_acc = 10.00%
Epoch 889, cost = 2.361612, train_acc = 10.00% val_acc = 10.03%
Epoch 890, cost = 2.361636, train_acc = 10.01% val_acc = 10.04%
Epoch 891, cost = 2.361585, train_acc = 10.00% val_acc = 10.00%
Epoch 892, cost = 2.361638, train_acc = 10.00% val_acc = 10.04%
Epoch 893, cost = 2.361652, train_acc = 9.99% val_acc = 10.00%
Epoch 894, cost = 2.361692, train_acc = 10.01% val_acc = 10.01%
Epoch 895, cost = 2.361665, train_acc = 10.00% val_acc = 10.02%
Epoch 896, cost = 2.361598, train_acc = 10.00% val_acc = 10.01%
Epoch 897, cost = 2.361612, train_acc = 10.01% val_acc = 9.99%
Epoch 898, cost = 2.361638, train_acc = 10.00% val_acc = 10.01%
Epoch 899, cost = 2.361532, train_acc = 10.00% val_acc = 10.00%
Epoch 900, cost = 2.361678, train_acc = 10.00% val_acc = 10.02%
Epoch 901, cost = 2.361612, train_acc = 10.01% val_acc = 10.01%
Epoch 902, cost = 2.361598, train_acc = 10.00% val_acc = 10.01%
Epoch 903, cost = 2.361692, train_acc = 10.01% val_acc = 10.00%
Epoch 904, cost = 2.361652, train_acc = 10.00% val_acc = 10.00%
Epoch 905, cost = 2.361598, train_acc = 10.01% val_acc = 10.02%
Epoch 906, cost = 2.361558, train_acc = 10.01% val_acc = 10.02%
Epoch 907, cost = 2.361598, train_acc = 10.00% val_acc = 10.01%
Epoch 908, cost = 2.361638, train_acc = 10.00% val_acc = 9.98%
Epoch 909, cost = 2.361625, train_acc = 10.00% val_acc = 10.01%
Epoch 910, cost = 2.361625, train_acc = 10.00% val_acc = 10.01%
Epoch 911, cost = 2.361572, train_acc = 10.00% val_acc = 10.00%
Epoch 912, cost = 2.361625, train_acc = 10.00% val_acc = 9.99%
Epoch 913, cost = 2.361598, train_acc = 10.01% val_acc = 10.00%
Epoch 914, cost = 2.361692, train_acc = 10.00% val_acc = 10.01%
Epoch 915, cost = 2.361598, train_acc = 10.00% val_acc = 9.99%
Epoch 916, cost = 2.361678, train_acc = 10.00% val_acc = 10.01%
Epoch 917, cost = 2.361598, train_acc = 10.01% val_acc = 10.00%
Epoch 918, cost = 2.361585, train_acc = 10.00% val_acc = 10.00%
Epoch 919, cost = 2.361585, train_acc = 10.00% val_acc = 10.02%
Epoch 920, cost = 2.361665, train_acc = 10.00% val_acc = 10.01%
Epoch 921, cost = 2.361745, train_acc = 10.00% val_acc = 10.01%
Epoch 922, cost = 2.361572, train_acc = 10.01% val_acc = 10.02%
Epoch 923, cost = 2.361665, train_acc = 10.01% val_acc = 10.02%
Epoch 924, cost = 2.361652, train_acc = 10.01% val_acc = 10.00%
Epoch 925, cost = 2.361532, train_acc = 10.00% val_acc = 10.01%
Epoch 926, cost = 2.361598, train_acc = 10.00% val_acc = 10.00%
Epoch 927, cost = 2.361652, train_acc = 10.00% val_acc = 10.00%
Epoch 928, cost = 2.361598, train_acc = 10.00% val_acc = 10.01%
Epoch 929, cost = 2.361558, train_acc = 10.01% val_acc = 10.00%
Epoch 930, cost = 2.361598, train_acc = 10.00% val_acc = 10.02%
Epoch 931, cost = 2.361705, train_acc = 10.00% val_acc = 10.05%
Epoch 932, cost = 2.361598, train_acc = 10.00% val_acc = 10.00%
Epoch 933, cost = 2.361585, train_acc = 10.00% val_acc = 10.00%
Epoch 934, cost = 2.361518, train_acc = 10.00% val_acc = 10.00%
Epoch 935, cost = 2.361652, train_acc = 10.01% val_acc = 10.00%
Epoch 936, cost = 2.361612, train_acc = 10.01% val_acc = 10.00%
Epoch 937, cost = 2.361638, train_acc = 10.00% val_acc = 10.01%
Epoch 938, cost = 2.361558, train_acc = 10.00% val_acc = 10.02%
Epoch 939, cost = 2.361625, train_acc = 10.00% val_acc = 9.99%
Epoch 940, cost = 2.361638, train_acc = 10.01% val_acc = 9.98%
Epoch 941, cost = 2.361732, train_acc = 10.01% val_acc = 10.01%
Epoch 942, cost = 2.361545, train_acc = 10.00% val_acc = 10.01%
Epoch 943, cost = 2.361678, train_acc = 10.01% val_acc = 10.01%
Epoch 944, cost = 2.361665, train_acc = 10.00% val_acc = 10.00%
Epoch 945, cost = 2.361745, train_acc = 10.00% val_acc = 10.00%
Epoch 946, cost = 2.361585, train_acc = 10.01% val_acc = 10.00%
Epoch 947, cost = 2.361638, train_acc = 10.01% val_acc = 10.00%
Epoch 948, cost = 2.361585, train_acc = 10.01% val_acc = 10.01%
Epoch 949, cost = 2.361652, train_acc = 10.00% val_acc = 9.99%
Epoch 950, cost = 2.361638, train_acc = 10.01% val_acc = 10.00%
Epoch 951, cost = 2.361652, train_acc = 10.00% val_acc = 10.02%
Epoch 952, cost = 2.361598, train_acc = 10.00% val_acc = 9.98%
Epoch 953, cost = 2.361558, train_acc = 10.01% val_acc = 10.00%
Epoch 954, cost = 2.361598, train_acc = 10.00% val_acc = 10.02%
Epoch 955, cost = 2.361572, train_acc = 10.00% val_acc = 10.02%
Epoch 956, cost = 2.361652, train_acc = 10.00% val_acc = 9.99%
Epoch 957, cost = 2.361598, train_acc = 10.00% val_acc = 10.01%
Epoch 958, cost = 2.361545, train_acc = 10.01% val_acc = 10.00%
Epoch 959, cost = 2.361665, train_acc = 10.00% val_acc = 10.00%
Epoch 960, cost = 2.361583, train_acc = 10.00% val_acc = 10.00%
Epoch 961, cost = 2.361638, train_acc = 10.00% val_acc = 10.02%
Epoch 962, cost = 2.361678, train_acc = 10.00% val_acc = 10.02%
Epoch 963, cost = 2.361598, train_acc = 10.01% val_acc = 10.00%
Epoch 964, cost = 2.361598, train_acc = 10.01% val_acc = 10.00%
Epoch 965, cost = 2.361572, train_acc = 10.01% val_acc = 9.99%
Epoch 966, cost = 2.361638, train_acc = 9.99% val_acc = 10.02%
Epoch 967, cost = 2.361652, train_acc = 10.00% val_acc = 10.01%
Epoch 968, cost = 2.361572, train_acc = 10.00% val_acc = 10.00%
Epoch 969, cost = 2.361665, train_acc = 10.00% val_acc = 10.04%
Epoch 970, cost = 2.361585, train_acc = 10.00% val_acc = 10.00%
Epoch 971, cost = 2.361598, train_acc = 10.00% val_acc = 10.01%
Epoch 972, cost = 2.361585, train_acc = 10.00% val_acc = 10.00%
Epoch 973, cost = 2.361652, train_acc = 10.00% val_acc = 10.02%
Epoch 974, cost = 2.361612, train_acc = 10.00% val_acc = 10.02%
Epoch 975, cost = 2.361692, train_acc = 10.00% val_acc = 10.00%
Epoch 976, cost = 2.361612, train_acc = 10.00% val_acc = 10.01%
Epoch 977, cost = 2.361625, train_acc = 9.99% val_acc = 9.99%
Epoch 978, cost = 2.361612, train_acc = 10.01% val_acc = 10.00%
Epoch 979, cost = 2.361558, train_acc = 10.01% val_acc = 10.00%
Epoch 980, cost = 2.361612, train_acc = 10.00% val_acc = 10.02%
Epoch 981, cost = 2.361638, train_acc = 10.01% val_acc = 10.02%
Epoch 982, cost = 2.361612, train_acc = 10.01% val_acc = 10.02%
Epoch 983, cost = 2.361585, train_acc = 10.01% val_acc = 9.99%
Epoch 984, cost = 2.361638, train_acc = 10.00% val_acc = 10.00%
Epoch 985, cost = 2.361625, train_acc = 10.01% val_acc = 10.00%
Epoch 986, cost = 2.361638, train_acc = 10.01% val_acc = 10.01%
Epoch 987, cost = 2.361625, train_acc = 10.00% val_acc = 10.02%
Epoch 988, cost = 2.361585, train_acc = 9.99% val_acc = 10.03%
Epoch 989, cost = 2.361665, train_acc = 10.00% val_acc = 10.01%
Epoch 990, cost = 2.361572, train_acc = 10.01% val_acc = 10.02%
Epoch 991, cost = 2.361612, train_acc = 10.00% val_acc = 10.00%
Epoch 992, cost = 2.361505, train_acc = 10.01% val_acc = 10.02%
Epoch 993, cost = 2.361612, train_acc = 10.01% val_acc = 9.99%
Epoch 994, cost = 2.361598, train_acc = 10.00% val_acc = 10.00%
Epoch 995, cost = 2.361572, train_acc = 10.00% val_acc = 10.01%
Epoch 996, cost = 2.361612, train_acc = 10.01% val_acc = 10.03%
Epoch 997, cost = 2.361652, train_acc = 10.01% val_acc = 10.01%
Epoch 998, cost = 2.361678, train_acc = 10.01% val_acc = 10.01%
Epoch 999, cost = 2.361598, train_acc = 10.01% val_acc = 10.00%
Epoch 1000, cost = 2.361638, train_acc = 10.00% val_acc = 10.00%
Epoch 1001, cost = 2.361558, train_acc = 10.00% val_acc = 10.01%
Epoch 1002, cost = 2.361692, train_acc = 10.00% val_acc = 10.03%
