Loading Training Data
Loading Validation Data
Creating Data Loaders
Training Fun Time!!!
Epoch 1, cost = 2.303974, train_acc = 10.03% val_acc = 9.99%
Epoch 2, cost = 2.303966, train_acc = 9.97% val_acc = 9.90%
Epoch 3, cost = 2.303963, train_acc = 10.04% val_acc = 9.98%
Epoch 4, cost = 2.303978, train_acc = 9.94% val_acc = 10.02%
Epoch 5, cost = 2.303979, train_acc = 9.98% val_acc = 9.94%
Epoch 6, cost = 2.303985, train_acc = 9.95% val_acc = 10.01%
Epoch 7, cost = 2.303985, train_acc = 9.93% val_acc = 10.11%
Epoch 8, cost = 2.303969, train_acc = 9.96% val_acc = 10.06%
Epoch 9, cost = 2.303965, train_acc = 10.04% val_acc = 10.00%
Epoch 10, cost = 2.303988, train_acc = 9.91% val_acc = 10.21%
Epoch 11, cost = 2.303976, train_acc = 9.91% val_acc = 10.04%
Epoch 12, cost = 2.303961, train_acc = 10.00% val_acc = 9.96%
Epoch 13, cost = 2.303959, train_acc = 9.97% val_acc = 9.89%
Epoch 14, cost = 2.303956, train_acc = 9.79% val_acc = 10.27%
Epoch 15, cost = 2.303968, train_acc = 9.89% val_acc = 10.18%
Epoch 16, cost = 2.303962, train_acc = 9.91% val_acc = 10.25%
Epoch 17, cost = 2.303962, train_acc = 9.93% val_acc = 10.21%
Epoch 18, cost = 2.303979, train_acc = 9.90% val_acc = 10.08%
Epoch 19, cost = 2.303977, train_acc = 9.90% val_acc = 9.89%
Epoch 20, cost = 2.303951, train_acc = 10.14% val_acc = 9.78%
Epoch 21, cost = 2.303955, train_acc = 10.03% val_acc = 10.00%
Epoch 22, cost = 2.303962, train_acc = 10.00% val_acc = 10.16%
Epoch 23, cost = 2.303961, train_acc = 10.22% val_acc = 9.82%
Epoch 24, cost = 2.303961, train_acc = 9.96% val_acc = 9.89%
Epoch 25, cost = 2.303958, train_acc = 9.80% val_acc = 10.20%
Epoch 26, cost = 2.303950, train_acc = 9.87% val_acc = 10.10%
Epoch 27, cost = 2.303950, train_acc = 10.00% val_acc = 10.37%
Epoch 28, cost = 2.303968, train_acc = 9.94% val_acc = 9.89%
Epoch 29, cost = 2.303959, train_acc = 10.14% val_acc = 9.73%
Epoch 30, cost = 2.303971, train_acc = 9.87% val_acc = 10.08%
Epoch 31, cost = 2.303960, train_acc = 9.91% val_acc = 9.87%
Epoch 32, cost = 2.303971, train_acc = 10.16% val_acc = 9.43%
Epoch 33, cost = 2.303957, train_acc = 9.89% val_acc = 9.89%
Epoch 34, cost = 2.303954, train_acc = 9.98% val_acc = 9.91%
Epoch 35, cost = 2.303941, train_acc = 9.84% val_acc = 9.92%
Epoch 36, cost = 2.303962, train_acc = 10.12% val_acc = 10.24%
Epoch 37, cost = 2.303947, train_acc = 10.02% val_acc = 10.19%
Epoch 38, cost = 2.303966, train_acc = 9.92% val_acc = 10.15%
Epoch 39, cost = 2.303965, train_acc = 9.94% val_acc = 9.77%
Epoch 40, cost = 2.303943, train_acc = 9.76% val_acc = 10.18%
Epoch 41, cost = 2.303947, train_acc = 9.92% val_acc = 9.79%
Epoch 42, cost = 2.303942, train_acc = 9.89% val_acc = 9.49%
Epoch 43, cost = 2.303953, train_acc = 9.84% val_acc = 9.62%
Epoch 44, cost = 2.303959, train_acc = 10.03% val_acc = 10.58%
Epoch 45, cost = 2.303956, train_acc = 10.27% val_acc = 9.99%
Epoch 46, cost = 2.303965, train_acc = 9.90% val_acc = 10.02%
Epoch 47, cost = 2.303971, train_acc = 10.08% val_acc = 10.06%
Epoch 48, cost = 2.303960, train_acc = 10.01% val_acc = 9.85%
Epoch 49, cost = 2.303954, train_acc = 10.09% val_acc = 9.73%
Epoch 50, cost = 2.303945, train_acc = 10.06% val_acc = 10.08%
Epoch 51, cost = 2.303967, train_acc = 9.99% val_acc = 10.09%
Epoch 52, cost = 2.303961, train_acc = 10.16% val_acc = 9.94%
Epoch 53, cost = 2.303936, train_acc = 10.14% val_acc = 9.89%
Epoch 54, cost = 2.303968, train_acc = 9.79% val_acc = 10.08%
Epoch 55, cost = 2.303957, train_acc = 10.04% val_acc = 9.60%
Epoch 56, cost = 2.303944, train_acc = 9.86% val_acc = 9.97%
Epoch 57, cost = 2.303943, train_acc = 9.90% val_acc = 10.10%
Epoch 58, cost = 2.303960, train_acc = 9.97% val_acc = 10.36%
Epoch 59, cost = 2.303960, train_acc = 10.09% val_acc = 10.27%
Epoch 60, cost = 2.303940, train_acc = 10.12% val_acc = 10.29%
Epoch 61, cost = 2.303938, train_acc = 9.97% val_acc = 9.78%
Epoch 62, cost = 2.303948, train_acc = 9.81% val_acc = 10.01%
Epoch 63, cost = 2.303941, train_acc = 9.96% val_acc = 10.25%
Epoch 64, cost = 2.303959, train_acc = 9.88% val_acc = 10.11%
Epoch 65, cost = 2.303956, train_acc = 9.74% val_acc = 9.95%
Epoch 66, cost = 2.303967, train_acc = 9.97% val_acc = 9.89%
Epoch 67, cost = 2.303945, train_acc = 9.73% val_acc = 9.94%
Epoch 68, cost = 2.303962, train_acc = 9.93% val_acc = 9.85%
Epoch 69, cost = 2.303955, train_acc = 9.88% val_acc = 10.49%
Epoch 70, cost = 2.303948, train_acc = 9.67% val_acc = 10.32%
Epoch 71, cost = 2.303962, train_acc = 10.06% val_acc = 9.98%
Epoch 72, cost = 2.303958, train_acc = 10.16% val_acc = 9.97%
Epoch 73, cost = 2.303945, train_acc = 9.97% val_acc = 10.08%
Epoch 74, cost = 2.303950, train_acc = 9.87% val_acc = 10.12%
Epoch 75, cost = 2.303964, train_acc = 9.90% val_acc = 10.35%
Epoch 76, cost = 2.303960, train_acc = 10.17% val_acc = 10.45%
Epoch 77, cost = 2.303939, train_acc = 10.13% val_acc = 9.98%
Epoch 78, cost = 2.303948, train_acc = 10.33% val_acc = 9.73%
Epoch 79, cost = 2.303966, train_acc = 9.97% val_acc = 9.73%
Epoch 80, cost = 2.303949, train_acc = 10.00% val_acc = 10.52%
Epoch 81, cost = 2.303954, train_acc = 10.29% val_acc = 10.20%
Epoch 82, cost = 2.303965, train_acc = 9.76% val_acc = 10.08%
Epoch 83, cost = 2.303961, train_acc = 9.84% val_acc = 10.02%
Epoch 84, cost = 2.303958, train_acc = 10.20% val_acc = 10.18%
Epoch 85, cost = 2.303961, train_acc = 9.83% val_acc = 9.37%
Epoch 86, cost = 2.303941, train_acc = 10.11% val_acc = 9.42%
Epoch 87, cost = 2.303949, train_acc = 10.15% val_acc = 9.75%
Epoch 88, cost = 2.303969, train_acc = 9.84% val_acc = 9.84%
Epoch 89, cost = 2.303941, train_acc = 9.71% val_acc = 9.59%
Epoch 90, cost = 2.303949, train_acc = 10.02% val_acc = 10.34%
Epoch 91, cost = 2.303965, train_acc = 10.14% val_acc = 9.47%
Epoch 92, cost = 2.303959, train_acc = 10.12% val_acc = 9.97%
Epoch 93, cost = 2.303948, train_acc = 9.64% val_acc = 10.28%
Epoch 94, cost = 2.303953, train_acc = 9.94% val_acc = 10.78%
Epoch 95, cost = 2.303956, train_acc = 10.29% val_acc = 9.79%
Epoch 96, cost = 2.303948, train_acc = 9.71% val_acc = 10.48%
Epoch 97, cost = 2.303948, train_acc = 9.87% val_acc = 9.73%
Epoch 98, cost = 2.303950, train_acc = 9.98% val_acc = 10.06%
Epoch 99, cost = 2.303949, train_acc = 10.09% val_acc = 10.23%
Epoch 100, cost = 2.303961, train_acc = 10.17% val_acc = 9.86%
Epoch 101, cost = 2.303947, train_acc = 9.97% val_acc = 10.43%
Epoch 102, cost = 2.303942, train_acc = 10.12% val_acc = 10.17%
Epoch 103, cost = 2.303961, train_acc = 10.14% val_acc = 10.05%
Epoch 104, cost = 2.303948, train_acc = 9.97% val_acc = 9.88%
Epoch 105, cost = 2.303949, train_acc = 10.04% val_acc = 10.19%
Epoch 106, cost = 2.303953, train_acc = 9.85% val_acc = 9.69%
Epoch 107, cost = 2.303961, train_acc = 10.07% val_acc = 10.29%
Epoch 108, cost = 2.303965, train_acc = 10.01% val_acc = 10.12%
Epoch 109, cost = 2.303963, train_acc = 10.13% val_acc = 9.96%
Epoch 110, cost = 2.303970, train_acc = 10.04% val_acc = 10.51%
Epoch 111, cost = 2.303971, train_acc = 9.93% val_acc = 10.11%
Epoch 112, cost = 2.303933, train_acc = 9.97% val_acc = 10.23%
Epoch 113, cost = 2.303961, train_acc = 10.00% val_acc = 10.26%
Epoch 114, cost = 2.303942, train_acc = 9.99% val_acc = 9.63%
Epoch 115, cost = 2.303946, train_acc = 10.18% val_acc = 9.93%
Epoch 116, cost = 2.303959, train_acc = 9.75% val_acc = 9.81%
Epoch 117, cost = 2.303953, train_acc = 9.97% val_acc = 10.38%
Epoch 118, cost = 2.303954, train_acc = 10.14% val_acc = 9.81%
Epoch 119, cost = 2.303955, train_acc = 10.29% val_acc = 10.18%
Epoch 120, cost = 2.303939, train_acc = 10.32% val_acc = 10.02%
Epoch 121, cost = 2.303957, train_acc = 9.88% val_acc = 10.09%
Epoch 122, cost = 2.303947, train_acc = 10.05% val_acc = 10.26%
Epoch 123, cost = 2.303937, train_acc = 10.17% val_acc = 10.16%
Epoch 124, cost = 2.303956, train_acc = 10.07% val_acc = 10.73%
Epoch 125, cost = 2.303961, train_acc = 10.00% val_acc = 10.21%
Epoch 126, cost = 2.303946, train_acc = 10.07% val_acc = 9.94%
Epoch 127, cost = 2.303956, train_acc = 9.87% val_acc = 9.65%
Epoch 128, cost = 2.303942, train_acc = 9.83% val_acc = 9.86%
Epoch 129, cost = 2.303949, train_acc = 10.15% val_acc = 10.66%
Epoch 130, cost = 2.303964, train_acc = 9.91% val_acc = 9.72%
Epoch 131, cost = 2.303969, train_acc = 10.13% val_acc = 10.13%
Epoch 132, cost = 2.303934, train_acc = 10.07% val_acc = 9.65%
Epoch 133, cost = 2.303948, train_acc = 10.17% val_acc = 9.70%
Epoch 134, cost = 2.303948, train_acc = 9.98% val_acc = 10.14%
Epoch 135, cost = 2.303960, train_acc = 10.37% val_acc = 10.26%
Epoch 136, cost = 2.303939, train_acc = 10.24% val_acc = 9.96%
Epoch 137, cost = 2.303939, train_acc = 9.82% val_acc = 9.57%
Epoch 138, cost = 2.303936, train_acc = 9.67% val_acc = 10.02%
Epoch 139, cost = 2.303944, train_acc = 10.07% val_acc = 10.19%
Epoch 140, cost = 2.303941, train_acc = 10.11% val_acc = 10.23%
Epoch 141, cost = 2.303932, train_acc = 10.20% val_acc = 9.87%
Epoch 142, cost = 2.303950, train_acc = 10.19% val_acc = 9.92%
Epoch 143, cost = 2.303951, train_acc = 9.70% val_acc = 10.13%
Epoch 144, cost = 2.303943, train_acc = 10.26% val_acc = 10.27%
Epoch 145, cost = 2.303941, train_acc = 10.49% val_acc = 10.02%
Epoch 146, cost = 2.303955, train_acc = 10.14% val_acc = 10.08%
Epoch 147, cost = 2.303954, train_acc = 9.84% val_acc = 10.10%
Epoch 148, cost = 2.303937, train_acc = 10.22% val_acc = 10.01%
Epoch 149, cost = 2.303943, train_acc = 10.04% val_acc = 10.34%
Epoch 150, cost = 2.303962, train_acc = 9.81% val_acc = 10.21%
Epoch 151, cost = 2.303930, train_acc = 10.09% val_acc = 10.24%
Epoch 152, cost = 2.303955, train_acc = 10.13% val_acc = 10.39%
Epoch 153, cost = 2.303945, train_acc = 9.89% val_acc = 10.52%
Epoch 154, cost = 2.303936, train_acc = 10.31% val_acc = 10.34%
Epoch 155, cost = 2.303939, train_acc = 10.08% val_acc = 9.94%
Epoch 156, cost = 2.303954, train_acc = 10.22% val_acc = 10.61%
Epoch 157, cost = 2.303935, train_acc = 10.14% val_acc = 10.60%
Epoch 158, cost = 2.303939, train_acc = 10.01% val_acc = 10.27%
Epoch 159, cost = 2.303941, train_acc = 10.10% val_acc = 9.99%
Epoch 160, cost = 2.303935, train_acc = 10.40% val_acc = 10.41%
Epoch 161, cost = 2.303927, train_acc = 10.21% val_acc = 9.82%
Epoch 162, cost = 2.303934, train_acc = 10.29% val_acc = 9.98%
Epoch 163, cost = 2.303948, train_acc = 10.13% val_acc = 10.26%
Epoch 164, cost = 2.303929, train_acc = 10.32% val_acc = 10.26%
Epoch 165, cost = 2.303919, train_acc = 10.23% val_acc = 9.72%
Epoch 166, cost = 2.303934, train_acc = 10.17% val_acc = 10.07%
Epoch 167, cost = 2.303924, train_acc = 10.17% val_acc = 10.29%
Epoch 168, cost = 2.303931, train_acc = 10.41% val_acc = 10.78%
Epoch 169, cost = 2.303936, train_acc = 10.19% val_acc = 10.53%
Epoch 170, cost = 2.303945, train_acc = 10.44% val_acc = 10.51%
Epoch 171, cost = 2.303937, train_acc = 10.41% val_acc = 10.21%
Epoch 172, cost = 2.303925, train_acc = 10.31% val_acc = 10.43%
Epoch 173, cost = 2.303926, train_acc = 10.33% val_acc = 10.14%
Epoch 174, cost = 2.303928, train_acc = 10.27% val_acc = 10.34%
Epoch 175, cost = 2.303929, train_acc = 10.29% val_acc = 10.46%
Epoch 176, cost = 2.303926, train_acc = 10.12% val_acc = 10.13%
Epoch 177, cost = 2.303926, train_acc = 10.54% val_acc = 10.47%
Epoch 178, cost = 2.303915, train_acc = 10.51% val_acc = 10.94%
Epoch 179, cost = 2.303917, train_acc = 10.17% val_acc = 11.02%
Epoch 180, cost = 2.303899, train_acc = 10.52% val_acc = 11.45%
Epoch 181, cost = 2.303879, train_acc = 10.69% val_acc = 10.59%
Epoch 182, cost = 2.303890, train_acc = 10.32% val_acc = 11.30%
Epoch 183, cost = 2.303869, train_acc = 10.86% val_acc = 10.92%
Epoch 184, cost = 2.303880, train_acc = 10.61% val_acc = 11.65%
Epoch 185, cost = 2.303848, train_acc = 11.50% val_acc = 11.28%
Epoch 186, cost = 2.303832, train_acc = 11.12% val_acc = 10.76%
Epoch 187, cost = 2.303801, train_acc = 11.25% val_acc = 11.36%
Epoch 188, cost = 2.303741, train_acc = 11.51% val_acc = 11.54%
Epoch 189, cost = 2.303711, train_acc = 12.04% val_acc = 12.29%
Epoch 190, cost = 2.303634, train_acc = 12.46% val_acc = 12.82%
Epoch 191, cost = 2.303485, train_acc = 12.96% val_acc = 13.44%
Epoch 192, cost = 2.303242, train_acc = 13.28% val_acc = 13.39%
Epoch 193, cost = 2.302671, train_acc = 12.82% val_acc = 13.04%
Epoch 194, cost = 2.297938, train_acc = 13.61% val_acc = 13.72%
Epoch 195, cost = 2.084883, train_acc = 48.84% val_acc = 56.28%
Epoch 196, cost = 1.893367, train_acc = 61.17% val_acc = 70.50%
Epoch 197, cost = 1.810899, train_acc = 68.11% val_acc = 75.86%
Epoch 198, cost = 1.768982, train_acc = 67.44% val_acc = 75.87%
Epoch 199, cost = 1.733281, train_acc = 75.04% val_acc = 81.57%
Epoch 200, cost = 1.670934, train_acc = 82.26% val_acc = 88.05%
Epoch 201, cost = 1.627583, train_acc = 84.40% val_acc = 90.18%
Epoch 202, cost = 1.608354, train_acc = 86.10% val_acc = 91.40%
Epoch 203, cost = 1.591987, train_acc = 88.71% val_acc = 92.54%
Epoch 204, cost = 1.582748, train_acc = 89.06% val_acc = 93.04%
Epoch 205, cost = 1.570083, train_acc = 88.62% val_acc = 91.90%
Epoch 206, cost = 1.567784, train_acc = 89.80% val_acc = 93.09%
Epoch 207, cost = 1.560452, train_acc = 90.26% val_acc = 93.04%
Epoch 208, cost = 1.554192, train_acc = 91.93% val_acc = 94.05%
Epoch 209, cost = 1.553277, train_acc = 92.19% val_acc = 94.26%
Epoch 210, cost = 1.547559, train_acc = 92.14% val_acc = 94.15%
Epoch 211, cost = 1.541696, train_acc = 92.63% val_acc = 94.14%
Epoch 212, cost = 1.537866, train_acc = 92.80% val_acc = 94.66%
Epoch 213, cost = 1.531683, train_acc = 93.01% val_acc = 94.58%
Epoch 214, cost = 1.530220, train_acc = 93.74% val_acc = 95.52%
Epoch 215, cost = 1.525112, train_acc = 93.19% val_acc = 94.49%
Epoch 216, cost = 1.525630, train_acc = 93.96% val_acc = 95.00%
Epoch 217, cost = 1.521585, train_acc = 94.06% val_acc = 95.41%
Epoch 218, cost = 1.522275, train_acc = 93.96% val_acc = 95.39%
Epoch 219, cost = 1.520592, train_acc = 94.64% val_acc = 95.88%
Epoch 220, cost = 1.517295, train_acc = 94.00% val_acc = 95.55%
Epoch 221, cost = 1.515245, train_acc = 94.27% val_acc = 95.78%
Epoch 222, cost = 1.513698, train_acc = 95.30% val_acc = 96.08%
Epoch 223, cost = 1.513446, train_acc = 95.01% val_acc = 95.82%
Epoch 224, cost = 1.513677, train_acc = 95.13% val_acc = 95.74%
Epoch 225, cost = 1.509191, train_acc = 95.47% val_acc = 96.27%
Epoch 226, cost = 1.508377, train_acc = 95.63% val_acc = 95.78%
Epoch 227, cost = 1.506112, train_acc = 95.73% val_acc = 96.14%
Epoch 228, cost = 1.509562, train_acc = 95.03% val_acc = 95.58%
Epoch 229, cost = 1.506738, train_acc = 96.17% val_acc = 96.42%
Epoch 230, cost = 1.507461, train_acc = 95.83% val_acc = 96.40%
Epoch 231, cost = 1.502746, train_acc = 95.62% val_acc = 95.84%
Epoch 232, cost = 1.502102, train_acc = 96.00% val_acc = 96.07%
Epoch 233, cost = 1.503439, train_acc = 95.39% val_acc = 95.68%
Epoch 234, cost = 1.504359, train_acc = 96.31% val_acc = 96.47%
Epoch 235, cost = 1.500940, train_acc = 94.37% val_acc = 94.00%
Epoch 236, cost = 1.502601, train_acc = 95.37% val_acc = 96.16%
Epoch 237, cost = 1.505938, train_acc = 96.51% val_acc = 96.37%
Epoch 238, cost = 1.503450, train_acc = 96.26% val_acc = 96.11%
Epoch 239, cost = 1.499995, train_acc = 96.33% val_acc = 96.40%
Epoch 240, cost = 1.497974, train_acc = 96.90% val_acc = 96.47%
Epoch 241, cost = 1.498266, train_acc = 96.61% val_acc = 96.45%
Epoch 242, cost = 1.499339, train_acc = 96.69% val_acc = 96.14%
Epoch 243, cost = 1.497028, train_acc = 96.65% val_acc = 96.21%
Epoch 244, cost = 1.497558, train_acc = 96.95% val_acc = 96.46%
Epoch 245, cost = 1.497274, train_acc = 96.81% val_acc = 96.45%
Epoch 246, cost = 1.495652, train_acc = 96.89% val_acc = 96.17%
Epoch 247, cost = 1.494759, train_acc = 96.86% val_acc = 96.30%
Epoch 248, cost = 1.493503, train_acc = 96.42% val_acc = 95.97%
Epoch 249, cost = 1.495040, train_acc = 96.39% val_acc = 96.30%
Epoch 250, cost = 1.494946, train_acc = 96.83% val_acc = 96.46%
Epoch 251, cost = 1.495212, train_acc = 96.95% val_acc = 96.28%
Epoch 252, cost = 1.497281, train_acc = 96.63% val_acc = 96.01%
Epoch 253, cost = 1.497140, train_acc = 96.91% val_acc = 96.21%
Epoch 254, cost = 1.493091, train_acc = 97.25% val_acc = 96.65%
Epoch 255, cost = 1.491173, train_acc = 97.28% val_acc = 96.47%
Epoch 256, cost = 1.490556, train_acc = 97.23% val_acc = 96.75%
Epoch 257, cost = 1.493420, train_acc = 96.39% val_acc = 96.21%
Epoch 258, cost = 1.495831, train_acc = 97.19% val_acc = 96.36%
Epoch 259, cost = 1.493418, train_acc = 97.25% val_acc = 96.69%
Epoch 260, cost = 1.491750, train_acc = 96.60% val_acc = 96.22%
Epoch 261, cost = 1.492448, train_acc = 95.21% val_acc = 95.29%
Epoch 262, cost = 1.494908, train_acc = 96.84% val_acc = 96.44%
Epoch 263, cost = 1.492260, train_acc = 96.83% val_acc = 95.99%
Epoch 264, cost = 1.492785, train_acc = 97.06% val_acc = 96.53%
Epoch 265, cost = 1.490537, train_acc = 96.97% val_acc = 95.89%
Epoch 266, cost = 1.492156, train_acc = 97.21% val_acc = 96.52%
Epoch 267, cost = 1.493381, train_acc = 96.88% val_acc = 96.49%
Epoch 268, cost = 1.492126, train_acc = 97.04% val_acc = 96.24%
Epoch 269, cost = 1.494009, train_acc = 97.19% val_acc = 96.45%
Epoch 270, cost = 1.490538, train_acc = 97.33% val_acc = 96.52%
Epoch 271, cost = 1.491231, train_acc = 96.87% val_acc = 95.83%
Epoch 272, cost = 1.493125, train_acc = 97.24% val_acc = 96.26%
Epoch 273, cost = 1.495398, train_acc = 97.20% val_acc = 96.23%
Epoch 274, cost = 1.494277, train_acc = 96.71% val_acc = 96.34%
Epoch 275, cost = 1.492256, train_acc = 96.46% val_acc = 96.29%
Epoch 276, cost = 1.489319, train_acc = 96.51% val_acc = 95.63%
Epoch 277, cost = 1.494166, train_acc = 96.18% val_acc = 95.72%
Epoch 278, cost = 1.494356, train_acc = 97.29% val_acc = 96.56%
Epoch 279, cost = 1.493957, train_acc = 96.69% val_acc = 96.33%
Epoch 280, cost = 1.494758, train_acc = 97.05% val_acc = 96.35%
Epoch 281, cost = 1.493639, train_acc = 96.94% val_acc = 96.15%
Epoch 282, cost = 1.497608, train_acc = 96.74% val_acc = 96.16%
Epoch 283, cost = 1.495800, train_acc = 95.77% val_acc = 95.09%
Epoch 284, cost = 1.497292, train_acc = 96.33% val_acc = 95.59%
Epoch 285, cost = 1.498589, train_acc = 96.77% val_acc = 96.51%
Epoch 286, cost = 1.501421, train_acc = 92.94% val_acc = 93.33%
Epoch 287, cost = 1.499968, train_acc = 96.39% val_acc = 96.19%
Epoch 288, cost = 1.498110, train_acc = 96.16% val_acc = 96.08%
Epoch 289, cost = 1.502775, train_acc = 96.78% val_acc = 96.62%
Epoch 290, cost = 1.495154, train_acc = 96.71% val_acc = 96.45%
Epoch 291, cost = 1.502802, train_acc = 95.57% val_acc = 95.29%
Epoch 292, cost = 1.506021, train_acc = 95.54% val_acc = 95.22%
Epoch 293, cost = 1.502557, train_acc = 96.07% val_acc = 94.90%
Epoch 294, cost = 1.497272, train_acc = 96.06% val_acc = 96.18%
Epoch 295, cost = 1.507441, train_acc = 93.63% val_acc = 94.33%
Epoch 296, cost = 1.517012, train_acc = 94.97% val_acc = 94.73%
Epoch 297, cost = 1.507996, train_acc = 95.83% val_acc = 95.90%
Epoch 298, cost = 1.510197, train_acc = 94.44% val_acc = 94.62%
Epoch 299, cost = 1.508187, train_acc = 94.64% val_acc = 95.12%
Epoch 300, cost = 1.517488, train_acc = 94.68% val_acc = 95.65%
Epoch 301, cost = 1.512114, train_acc = 92.18% val_acc = 93.97%
Epoch 302, cost = 1.520835, train_acc = 94.57% val_acc = 95.34%
Epoch 303, cost = 1.532428, train_acc = 94.75% val_acc = 94.53%
Epoch 304, cost = 1.526266, train_acc = 91.96% val_acc = 93.43%
Epoch 305, cost = 1.525789, train_acc = 92.10% val_acc = 92.78%
Epoch 306, cost = 1.531568, train_acc = 87.87% val_acc = 90.04%
Epoch 307, cost = 1.557489, train_acc = 91.36% val_acc = 92.53%
Epoch 308, cost = 1.600544, train_acc = 85.73% val_acc = 87.21%
Epoch 309, cost = 1.606573, train_acc = 78.35% val_acc = 82.02%
Epoch 310, cost = 1.645489, train_acc = 85.56% val_acc = 89.55%
Epoch 311, cost = 1.615425, train_acc = 84.11% val_acc = 88.77%
Epoch 312, cost = 1.763503, train_acc = 54.39% val_acc = 55.01%
Epoch 313, cost = 1.881283, train_acc = 40.22% val_acc = 44.28%
Epoch 314, cost = 2.164765, train_acc = 25.96% val_acc = 27.63%
Epoch 315, cost = 2.183009, train_acc = 11.10% val_acc = 11.20%
Epoch 316, cost = 2.352318, train_acc = 11.00% val_acc = 11.34%
Epoch 317, cost = 2.355021, train_acc = 10.66% val_acc = 10.78%
Epoch 318, cost = 2.352240, train_acc = 11.06% val_acc = 11.29%
Epoch 319, cost = 2.352792, train_acc = 10.51% val_acc = 10.48%
Epoch 320, cost = 2.355689, train_acc = 10.55% val_acc = 10.60%
Epoch 321, cost = 2.357208, train_acc = 10.47% val_acc = 10.51%
Epoch 322, cost = 2.356800, train_acc = 10.45% val_acc = 10.68%
Epoch 323, cost = 2.357801, train_acc = 10.50% val_acc = 10.64%
Epoch 324, cost = 2.357986, train_acc = 10.43% val_acc = 10.72%
Epoch 325, cost = 2.344311, train_acc = 12.94% val_acc = 12.30%
Epoch 326, cost = 2.347682, train_acc = 10.21% val_acc = 10.14%
Epoch 327, cost = 2.359948, train_acc = 10.30% val_acc = 10.28%
Epoch 328, cost = 2.360431, train_acc = 10.19% val_acc = 10.31%
Epoch 329, cost = 2.359911, train_acc = 10.03% val_acc = 10.05%
Epoch 330, cost = 2.362024, train_acc = 10.05% val_acc = 10.07%
Epoch 331, cost = 2.361987, train_acc = 10.06% val_acc = 10.04%
Epoch 332, cost = 2.362135, train_acc = 10.04% val_acc = 10.06%
Epoch 333, cost = 2.361765, train_acc = 10.03% val_acc = 10.09%
Epoch 334, cost = 2.361950, train_acc = 10.09% val_acc = 10.04%
Epoch 335, cost = 2.362469, train_acc = 10.02% val_acc = 10.02%
Epoch 336, cost = 2.362358, train_acc = 10.05% val_acc = 10.03%
Epoch 337, cost = 2.361728, train_acc = 10.04% val_acc = 10.05%
Epoch 338, cost = 2.362172, train_acc = 10.08% val_acc = 10.07%
Epoch 339, cost = 2.362246, train_acc = 10.04% val_acc = 10.07%
Epoch 340, cost = 2.362395, train_acc = 10.00% val_acc = 10.06%
Epoch 341, cost = 2.362284, train_acc = 10.07% val_acc = 9.99%
Epoch 342, cost = 2.362135, train_acc = 10.07% val_acc = 10.14%
Epoch 343, cost = 2.362135, train_acc = 10.00% val_acc = 10.06%
Epoch 344, cost = 2.362209, train_acc = 10.07% val_acc = 10.06%
Epoch 345, cost = 2.361765, train_acc = 10.08% val_acc = 10.12%
Epoch 346, cost = 2.362246, train_acc = 10.03% val_acc = 10.14%
Epoch 347, cost = 2.362024, train_acc = 10.08% val_acc = 10.06%
Epoch 348, cost = 2.362061, train_acc = 10.11% val_acc = 10.06%
Epoch 349, cost = 2.361839, train_acc = 10.08% val_acc = 10.14%
Epoch 350, cost = 2.362395, train_acc = 10.07% val_acc = 10.14%
Epoch 351, cost = 2.361209, train_acc = 10.11% val_acc = 10.07%
Epoch 352, cost = 2.362061, train_acc = 10.04% val_acc = 10.15%
Epoch 353, cost = 2.362175, train_acc = 10.03% val_acc = 10.10%
Epoch 354, cost = 2.362431, train_acc = 10.01% val_acc = 10.01%
Epoch 355, cost = 2.362543, train_acc = 10.01% val_acc = 10.00%
Epoch 356, cost = 2.362506, train_acc = 10.00% val_acc = 10.00%
Epoch 357, cost = 2.362654, train_acc = 10.01% val_acc = 10.02%
Epoch 358, cost = 2.362580, train_acc = 10.00% val_acc = 10.00%
Epoch 359, cost = 2.362654, train_acc = 9.99% val_acc = 10.00%
Epoch 360, cost = 2.362432, train_acc = 10.00% val_acc = 10.00%
Epoch 361, cost = 2.362543, train_acc = 10.01% val_acc = 10.01%
Epoch 362, cost = 2.362617, train_acc = 10.01% val_acc = 10.00%
Epoch 363, cost = 2.362432, train_acc = 9.99% val_acc = 9.99%
Epoch 364, cost = 2.362580, train_acc = 10.01% val_acc = 10.01%
Epoch 365, cost = 2.362469, train_acc = 10.01% val_acc = 10.02%
Epoch 366, cost = 2.362506, train_acc = 10.02% val_acc = 10.00%
Epoch 367, cost = 2.362506, train_acc = 10.00% val_acc = 10.00%
Epoch 368, cost = 2.362469, train_acc = 10.00% val_acc = 10.01%
Epoch 369, cost = 2.362358, train_acc = 10.00% val_acc = 10.02%
Epoch 370, cost = 2.362580, train_acc = 10.00% val_acc = 10.00%
Epoch 371, cost = 2.362580, train_acc = 10.01% val_acc = 10.00%
Epoch 372, cost = 2.362543, train_acc = 10.00% val_acc = 10.00%
Epoch 373, cost = 2.362321, train_acc = 10.00% val_acc = 9.98%
Epoch 374, cost = 2.362543, train_acc = 10.00% val_acc = 10.00%
Epoch 375, cost = 2.362432, train_acc = 10.01% val_acc = 10.00%
Epoch 376, cost = 2.362469, train_acc = 10.00% val_acc = 9.99%
Epoch 377, cost = 2.362506, train_acc = 10.01% val_acc = 9.99%
Epoch 378, cost = 2.362617, train_acc = 10.00% val_acc = 10.00%
Epoch 379, cost = 2.362432, train_acc = 10.00% val_acc = 10.01%
Epoch 380, cost = 2.362358, train_acc = 10.02% val_acc = 10.02%
Epoch 381, cost = 2.362506, train_acc = 10.00% val_acc = 10.00%
Epoch 382, cost = 2.362543, train_acc = 10.02% val_acc = 10.00%
Epoch 383, cost = 2.362580, train_acc = 10.00% val_acc = 9.99%
Epoch 384, cost = 2.362358, train_acc = 10.01% val_acc = 10.00%
Epoch 385, cost = 2.362580, train_acc = 10.00% val_acc = 10.00%
Epoch 386, cost = 2.362506, train_acc = 10.00% val_acc = 10.00%
Epoch 387, cost = 2.362543, train_acc = 10.00% val_acc = 10.00%
Epoch 388, cost = 2.362580, train_acc = 10.00% val_acc = 10.02%
Epoch 389, cost = 2.362506, train_acc = 10.01% val_acc = 10.00%
Epoch 390, cost = 2.362432, train_acc = 10.00% val_acc = 9.99%
Epoch 391, cost = 2.362432, train_acc = 10.00% val_acc = 10.01%
Epoch 392, cost = 2.362469, train_acc = 10.01% val_acc = 10.00%
Epoch 393, cost = 2.362506, train_acc = 10.01% val_acc = 10.02%
Epoch 394, cost = 2.362506, train_acc = 10.01% val_acc = 9.99%
Epoch 395, cost = 2.362358, train_acc = 10.00% val_acc = 10.01%
Epoch 396, cost = 2.362506, train_acc = 10.00% val_acc = 10.00%
Epoch 397, cost = 2.362543, train_acc = 10.01% val_acc = 10.02%
Epoch 398, cost = 2.362543, train_acc = 10.01% val_acc = 10.00%
Epoch 399, cost = 2.362580, train_acc = 10.01% val_acc = 10.00%
Epoch 400, cost = 2.362617, train_acc = 10.00% val_acc = 10.02%
Epoch 401, cost = 2.362321, train_acc = 10.01% val_acc = 10.00%
Epoch 402, cost = 2.362506, train_acc = 10.01% val_acc = 10.01%
Epoch 403, cost = 2.362395, train_acc = 10.00% val_acc = 10.02%
Epoch 404, cost = 2.362580, train_acc = 10.00% val_acc = 10.02%
Epoch 405, cost = 2.362580, train_acc = 10.00% val_acc = 10.00%
Epoch 406, cost = 2.362506, train_acc = 10.00% val_acc = 10.01%
Epoch 407, cost = 2.362506, train_acc = 9.99% val_acc = 10.01%
Epoch 408, cost = 2.362691, train_acc = 10.01% val_acc = 10.00%
Epoch 409, cost = 2.362543, train_acc = 10.01% val_acc = 10.00%
Epoch 410, cost = 2.362506, train_acc = 10.01% val_acc = 10.00%
Epoch 411, cost = 2.362506, train_acc = 10.01% val_acc = 10.02%
Epoch 412, cost = 2.362506, train_acc = 10.00% val_acc = 10.01%
Epoch 413, cost = 2.362432, train_acc = 10.01% val_acc = 10.01%
Epoch 414, cost = 2.362617, train_acc = 10.01% val_acc = 9.99%
Epoch 415, cost = 2.362395, train_acc = 10.00% val_acc = 10.01%
Epoch 416, cost = 2.362395, train_acc = 10.01% val_acc = 10.02%
Epoch 417, cost = 2.362506, train_acc = 10.01% val_acc = 10.01%
Epoch 418, cost = 2.362432, train_acc = 10.01% val_acc = 10.00%
Epoch 419, cost = 2.362580, train_acc = 10.00% val_acc = 10.02%
Epoch 420, cost = 2.362580, train_acc = 10.00% val_acc = 10.01%
Epoch 421, cost = 2.362506, train_acc = 10.01% val_acc = 10.00%
Epoch 422, cost = 2.362506, train_acc = 10.00% val_acc = 10.01%
Epoch 423, cost = 2.362543, train_acc = 10.01% val_acc = 10.01%
Epoch 424, cost = 2.362580, train_acc = 9.99% val_acc = 10.02%
Epoch 425, cost = 2.362432, train_acc = 10.00% val_acc = 10.00%
Epoch 426, cost = 2.362617, train_acc = 10.00% val_acc = 10.02%
Epoch 427, cost = 2.362506, train_acc = 10.00% val_acc = 10.01%
Epoch 428, cost = 2.362543, train_acc = 10.01% val_acc = 10.00%
Epoch 429, cost = 2.362617, train_acc = 10.01% val_acc = 10.02%
Epoch 430, cost = 2.362358, train_acc = 9.99% val_acc = 10.01%
Epoch 431, cost = 2.362432, train_acc = 10.01% val_acc = 10.01%
Epoch 432, cost = 2.362395, train_acc = 10.01% val_acc = 10.02%
Epoch 433, cost = 2.362617, train_acc = 10.01% val_acc = 10.01%
Epoch 434, cost = 2.362432, train_acc = 10.01% val_acc = 10.01%
Epoch 435, cost = 2.362580, train_acc = 10.01% val_acc = 10.00%
Epoch 436, cost = 2.362543, train_acc = 10.01% val_acc = 10.02%
Epoch 437, cost = 2.362246, train_acc = 10.01% val_acc = 10.00%
Epoch 438, cost = 2.362432, train_acc = 10.00% val_acc = 10.00%
Epoch 439, cost = 2.362580, train_acc = 10.00% val_acc = 10.00%
Epoch 440, cost = 2.362506, train_acc = 10.00% val_acc = 10.01%
Epoch 441, cost = 2.362543, train_acc = 10.00% val_acc = 10.00%
Epoch 442, cost = 2.362543, train_acc = 10.00% val_acc = 10.01%
Epoch 443, cost = 2.362543, train_acc = 10.00% val_acc = 10.00%
Epoch 444, cost = 2.362580, train_acc = 10.00% val_acc = 10.00%
Epoch 445, cost = 2.362506, train_acc = 10.00% val_acc = 10.00%
Epoch 446, cost = 2.362617, train_acc = 10.00% val_acc = 10.00%
Epoch 447, cost = 2.362543, train_acc = 10.00% val_acc = 10.00%
Epoch 448, cost = 2.362543, train_acc = 10.00% val_acc = 10.00%
Epoch 449, cost = 2.362469, train_acc = 10.00% val_acc = 10.00%
Epoch 450, cost = 2.362506, train_acc = 10.00% val_acc = 10.00%
Epoch 451, cost = 2.362506, train_acc = 10.00% val_acc = 10.01%
Epoch 452, cost = 2.362506, train_acc = 10.00% val_acc = 10.00%
Epoch 453, cost = 2.362580, train_acc = 10.00% val_acc = 10.00%
Epoch 454, cost = 2.362506, train_acc = 10.00% val_acc = 10.01%
Epoch 455, cost = 2.362543, train_acc = 10.00% val_acc = 10.00%
Epoch 456, cost = 2.362543, train_acc = 10.00% val_acc = 10.00%
Epoch 457, cost = 2.362543, train_acc = 10.00% val_acc = 10.00%
Epoch 458, cost = 2.362506, train_acc = 10.00% val_acc = 10.00%
Epoch 459, cost = 2.362506, train_acc = 10.00% val_acc = 10.01%
Epoch 460, cost = 2.362580, train_acc = 10.00% val_acc = 10.00%
Epoch 461, cost = 2.362469, train_acc = 10.00% val_acc = 10.00%
Epoch 462, cost = 2.362506, train_acc = 10.00% val_acc = 10.01%
Epoch 463, cost = 2.362543, train_acc = 10.00% val_acc = 10.00%
Epoch 464, cost = 2.362506, train_acc = 10.00% val_acc = 10.01%
Epoch 465, cost = 2.362580, train_acc = 10.00% val_acc = 10.00%
Epoch 466, cost = 2.362469, train_acc = 10.00% val_acc = 10.01%
Epoch 467, cost = 2.362580, train_acc = 10.00% val_acc = 10.00%
Epoch 468, cost = 2.362506, train_acc = 10.00% val_acc = 10.01%
Epoch 469, cost = 2.362543, train_acc = 10.00% val_acc = 10.00%
Epoch 470, cost = 2.362543, train_acc = 10.00% val_acc = 10.00%
Epoch 471, cost = 2.362543, train_acc = 10.00% val_acc = 10.00%
Epoch 472, cost = 2.362580, train_acc = 10.00% val_acc = 10.01%
Epoch 473, cost = 2.362506, train_acc = 10.00% val_acc = 10.00%
Epoch 474, cost = 2.362506, train_acc = 10.00% val_acc = 10.00%
Epoch 475, cost = 2.362506, train_acc = 10.00% val_acc = 10.00%
Epoch 476, cost = 2.362580, train_acc = 10.00% val_acc = 10.00%
Epoch 477, cost = 2.362543, train_acc = 10.00% val_acc = 10.00%
Epoch 478, cost = 2.362543, train_acc = 10.00% val_acc = 10.00%
Epoch 479, cost = 2.362543, train_acc = 10.00% val_acc = 10.00%
Epoch 480, cost = 2.362580, train_acc = 10.00% val_acc = 10.00%
Epoch 481, cost = 2.362469, train_acc = 10.00% val_acc = 10.00%
Epoch 482, cost = 2.362543, train_acc = 10.00% val_acc = 10.00%
Epoch 483, cost = 2.362543, train_acc = 10.00% val_acc = 10.00%
Epoch 484, cost = 2.362580, train_acc = 10.00% val_acc = 10.01%
Epoch 485, cost = 2.362506, train_acc = 10.00% val_acc = 10.00%
Epoch 486, cost = 2.362543, train_acc = 9.99% val_acc = 10.00%
Epoch 487, cost = 2.362543, train_acc = 10.01% val_acc = 10.00%
Epoch 488, cost = 2.362432, train_acc = 10.00% val_acc = 10.00%
Epoch 489, cost = 2.362543, train_acc = 10.00% val_acc = 10.01%
Epoch 490, cost = 2.362469, train_acc = 10.00% val_acc = 10.00%
Epoch 491, cost = 2.362506, train_acc = 10.00% val_acc = 10.01%
Epoch 492, cost = 2.362543, train_acc = 10.00% val_acc = 10.00%
Epoch 493, cost = 2.362543, train_acc = 10.01% val_acc = 10.00%
Epoch 494, cost = 2.362580, train_acc = 10.00% val_acc = 10.00%
Epoch 495, cost = 2.362469, train_acc = 10.00% val_acc = 10.00%
Epoch 496, cost = 2.362543, train_acc = 10.01% val_acc = 10.00%
Epoch 497, cost = 2.362543, train_acc = 10.00% val_acc = 10.01%
Epoch 498, cost = 2.362543, train_acc = 10.00% val_acc = 10.00%
Epoch 499, cost = 2.362543, train_acc = 10.00% val_acc = 10.00%
Epoch 500, cost = 2.362580, train_acc = 10.00% val_acc = 10.00%
Epoch 501, cost = 2.362617, train_acc = 10.01% val_acc = 10.00%
Epoch 502, cost = 2.362580, train_acc = 10.00% val_acc = 10.01%
Epoch 503, cost = 2.362543, train_acc = 10.00% val_acc = 10.00%
Epoch 504, cost = 2.362506, train_acc = 10.00% val_acc = 10.00%
Epoch 505, cost = 2.362543, train_acc = 10.00% val_acc = 10.00%
Epoch 506, cost = 2.362543, train_acc = 10.00% val_acc = 10.00%
Epoch 507, cost = 2.362580, train_acc = 10.00% val_acc = 10.00%
Epoch 508, cost = 2.362506, train_acc = 10.00% val_acc = 10.01%
Epoch 509, cost = 2.362580, train_acc = 10.00% val_acc = 10.00%
Epoch 510, cost = 2.362580, train_acc = 10.00% val_acc = 10.00%
Epoch 511, cost = 2.362580, train_acc = 10.00% val_acc = 10.00%
Epoch 512, cost = 2.362506, train_acc = 10.00% val_acc = 10.00%
Epoch 513, cost = 2.362469, train_acc = 10.00% val_acc = 10.00%
Epoch 514, cost = 2.362469, train_acc = 10.00% val_acc = 10.00%
Epoch 515, cost = 2.362580, train_acc = 10.00% val_acc = 10.00%
Epoch 516, cost = 2.362543, train_acc = 10.00% val_acc = 10.00%
Epoch 517, cost = 2.362506, train_acc = 10.00% val_acc = 10.00%
Epoch 518, cost = 2.362543, train_acc = 10.00% val_acc = 10.00%
Epoch 519, cost = 2.362580, train_acc = 10.00% val_acc = 10.00%
Epoch 520, cost = 2.362543, train_acc = 10.00% val_acc = 10.00%
Epoch 521, cost = 2.362506, train_acc = 10.00% val_acc = 10.00%
Epoch 522, cost = 2.362580, train_acc = 10.00% val_acc = 10.00%
Epoch 523, cost = 2.362506, train_acc = 10.01% val_acc = 10.00%
Epoch 524, cost = 2.362543, train_acc = 10.00% val_acc = 10.00%
Epoch 525, cost = 2.362506, train_acc = 10.00% val_acc = 10.00%
Epoch 526, cost = 2.362506, train_acc = 10.01% val_acc = 10.00%
Epoch 527, cost = 2.362543, train_acc = 10.00% val_acc = 10.00%
Epoch 528, cost = 2.362580, train_acc = 10.00% val_acc = 10.00%
Epoch 529, cost = 2.362580, train_acc = 10.00% val_acc = 10.00%
Epoch 530, cost = 2.362543, train_acc = 10.00% val_acc = 10.00%
Epoch 531, cost = 2.362506, train_acc = 10.00% val_acc = 10.00%
Epoch 532, cost = 2.362506, train_acc = 10.00% val_acc = 10.00%
Epoch 533, cost = 2.362543, train_acc = 10.00% val_acc = 10.01%
Epoch 534, cost = 2.362543, train_acc = 10.00% val_acc = 10.00%
Epoch 535, cost = 2.362580, train_acc = 10.00% val_acc = 10.00%
Epoch 536, cost = 2.362543, train_acc = 10.00% val_acc = 10.00%
Epoch 537, cost = 2.362432, train_acc = 10.00% val_acc = 10.00%
Epoch 538, cost = 2.362580, train_acc = 10.00% val_acc = 10.00%
Epoch 539, cost = 2.362580, train_acc = 10.00% val_acc = 10.00%
Epoch 540, cost = 2.362506, train_acc = 10.00% val_acc = 10.00%
Epoch 541, cost = 2.362543, train_acc = 10.00% val_acc = 10.00%
Epoch 542, cost = 2.362543, train_acc = 10.00% val_acc = 10.00%
Epoch 543, cost = 2.362543, train_acc = 10.00% val_acc = 10.00%
Epoch 544, cost = 2.362543, train_acc = 10.00% val_acc = 10.00%
Epoch 545, cost = 2.362580, train_acc = 10.00% val_acc = 10.00%
Epoch 546, cost = 2.362432, train_acc = 10.00% val_acc = 10.00%
Epoch 547, cost = 2.362580, train_acc = 10.00% val_acc = 10.00%
Epoch 548, cost = 2.362506, train_acc = 10.00% val_acc = 10.00%
Epoch 549, cost = 2.362469, train_acc = 10.00% val_acc = 10.00%
Epoch 550, cost = 2.362469, train_acc = 10.00% val_acc = 10.00%
Epoch 551, cost = 2.362580, train_acc = 10.00% val_acc = 10.00%
Epoch 552, cost = 2.362543, train_acc = 10.00% val_acc = 10.00%
Epoch 553, cost = 2.362543, train_acc = 10.00% val_acc = 10.00%
Epoch 554, cost = 2.362580, train_acc = 10.00% val_acc = 10.00%
Epoch 555, cost = 2.362469, train_acc = 10.00% val_acc = 10.00%
Epoch 556, cost = 2.362543, train_acc = 10.00% val_acc = 10.00%
Epoch 557, cost = 2.362506, train_acc = 10.00% val_acc = 10.00%
Epoch 558, cost = 2.362469, train_acc = 10.00% val_acc = 10.00%
Epoch 559, cost = 2.362506, train_acc = 10.00% val_acc = 10.01%
Epoch 560, cost = 2.362580, train_acc = 10.00% val_acc = 10.00%
Epoch 561, cost = 2.362543, train_acc = 10.00% val_acc = 10.00%
Epoch 562, cost = 2.362580, train_acc = 10.00% val_acc = 10.00%
Epoch 563, cost = 2.362580, train_acc = 10.00% val_acc = 10.00%
Epoch 564, cost = 2.362543, train_acc = 10.00% val_acc = 10.01%
Epoch 565, cost = 2.362506, train_acc = 10.00% val_acc = 10.00%
Epoch 566, cost = 2.362506, train_acc = 10.00% val_acc = 10.00%
Epoch 567, cost = 2.362543, train_acc = 10.00% val_acc = 10.00%
Epoch 568, cost = 2.362543, train_acc = 10.00% val_acc = 10.01%
Epoch 569, cost = 2.362580, train_acc = 10.00% val_acc = 10.00%
Epoch 570, cost = 2.362506, train_acc = 10.00% val_acc = 10.00%
Epoch 571, cost = 2.362543, train_acc = 10.00% val_acc = 10.00%
Epoch 572, cost = 2.362580, train_acc = 10.00% val_acc = 10.00%
Epoch 573, cost = 2.362543, train_acc = 10.00% val_acc = 10.01%
Epoch 574, cost = 2.362543, train_acc = 10.00% val_acc = 10.00%
Epoch 575, cost = 2.362580, train_acc = 10.00% val_acc = 10.00%
Epoch 576, cost = 2.362506, train_acc = 10.00% val_acc = 10.01%
Epoch 577, cost = 2.362543, train_acc = 10.00% val_acc = 10.00%
Epoch 578, cost = 2.362580, train_acc = 10.00% val_acc = 10.00%
Epoch 579, cost = 2.362580, train_acc = 10.00% val_acc = 10.00%
Epoch 580, cost = 2.362580, train_acc = 10.00% val_acc = 10.00%
Epoch 581, cost = 2.362543, train_acc = 10.00% val_acc = 10.00%
Epoch 582, cost = 2.362543, train_acc = 10.00% val_acc = 10.00%
Epoch 583, cost = 2.362469, train_acc = 10.00% val_acc = 10.00%
Epoch 584, cost = 2.362580, train_acc = 10.01% val_acc = 10.01%
Epoch 585, cost = 2.362580, train_acc = 10.00% val_acc = 10.00%
Epoch 586, cost = 2.362580, train_acc = 10.00% val_acc = 10.01%
Epoch 587, cost = 2.362543, train_acc = 10.00% val_acc = 10.00%
Epoch 588, cost = 2.362543, train_acc = 10.00% val_acc = 10.00%
Epoch 589, cost = 2.362580, train_acc = 10.00% val_acc = 10.00%
Epoch 590, cost = 2.362506, train_acc = 10.01% val_acc = 10.00%
Epoch 591, cost = 2.362506, train_acc = 10.01% val_acc = 10.00%
Epoch 592, cost = 2.362543, train_acc = 10.00% val_acc = 10.00%
Epoch 593, cost = 2.362543, train_acc = 10.00% val_acc = 10.00%
Epoch 594, cost = 2.362469, train_acc = 10.00% val_acc = 10.00%
Epoch 595, cost = 2.362543, train_acc = 10.00% val_acc = 10.00%
Epoch 596, cost = 2.362580, train_acc = 10.00% val_acc = 10.00%
Epoch 597, cost = 2.362543, train_acc = 10.01% val_acc = 10.00%
Epoch 598, cost = 2.362543, train_acc = 10.00% val_acc = 10.00%
Epoch 599, cost = 2.362543, train_acc = 10.00% val_acc = 10.00%
Epoch 600, cost = 2.362543, train_acc = 10.00% val_acc = 10.00%
Epoch 601, cost = 2.362543, train_acc = 10.00% val_acc = 10.01%
Epoch 602, cost = 2.362543, train_acc = 10.00% val_acc = 10.01%
Epoch 603, cost = 2.362506, train_acc = 10.00% val_acc = 10.00%
Epoch 604, cost = 2.362543, train_acc = 10.00% val_acc = 10.00%
Epoch 605, cost = 2.362432, train_acc = 10.00% val_acc = 10.01%
Epoch 606, cost = 2.362469, train_acc = 10.01% val_acc = 10.00%
Epoch 607, cost = 2.362506, train_acc = 10.00% val_acc = 10.00%
Epoch 608, cost = 2.362469, train_acc = 10.00% val_acc = 10.00%
Epoch 609, cost = 2.362506, train_acc = 10.00% val_acc = 10.01%
Epoch 610, cost = 2.362543, train_acc = 10.00% val_acc = 10.00%
Epoch 611, cost = 2.362543, train_acc = 10.00% val_acc = 10.02%
Epoch 612, cost = 2.362580, train_acc = 10.00% val_acc = 10.01%
Epoch 613, cost = 2.362543, train_acc = 10.00% val_acc = 10.00%
Epoch 614, cost = 2.362580, train_acc = 10.00% val_acc = 10.00%
Epoch 615, cost = 2.362543, train_acc = 10.00% val_acc = 10.00%
Epoch 616, cost = 2.362543, train_acc = 10.00% val_acc = 9.99%
Epoch 617, cost = 2.362506, train_acc = 10.00% val_acc = 10.00%
Epoch 618, cost = 2.362543, train_acc = 10.00% val_acc = 10.00%
Epoch 619, cost = 2.362543, train_acc = 10.00% val_acc = 10.00%
Epoch 620, cost = 2.362617, train_acc = 10.00% val_acc = 10.00%
Epoch 621, cost = 2.362580, train_acc = 10.00% val_acc = 10.00%
Epoch 622, cost = 2.362580, train_acc = 10.00% val_acc = 10.01%
Epoch 623, cost = 2.362543, train_acc = 10.00% val_acc = 10.00%
Epoch 624, cost = 2.362580, train_acc = 10.00% val_acc = 10.00%
Epoch 625, cost = 2.362543, train_acc = 10.00% val_acc = 10.00%
Epoch 626, cost = 2.362543, train_acc = 10.00% val_acc = 10.00%
Epoch 627, cost = 2.362543, train_acc = 10.00% val_acc = 10.00%
Epoch 628, cost = 2.362580, train_acc = 10.00% val_acc = 10.00%
Epoch 629, cost = 2.362506, train_acc = 10.00% val_acc = 10.00%
Epoch 630, cost = 2.362506, train_acc = 10.00% val_acc = 10.00%
Epoch 631, cost = 2.362506, train_acc = 10.00% val_acc = 10.01%
Epoch 632, cost = 2.362617, train_acc = 10.00% val_acc = 10.00%
Epoch 633, cost = 2.362543, train_acc = 10.01% val_acc = 10.02%
Epoch 634, cost = 2.362543, train_acc = 10.00% val_acc = 10.00%
Epoch 635, cost = 2.362580, train_acc = 10.00% val_acc = 9.99%
Epoch 636, cost = 2.362580, train_acc = 10.00% val_acc = 10.00%
Epoch 637, cost = 2.362580, train_acc = 10.00% val_acc = 10.00%
Epoch 638, cost = 2.362580, train_acc = 10.00% val_acc = 10.00%
Epoch 639, cost = 2.362543, train_acc = 10.00% val_acc = 10.00%
Epoch 640, cost = 2.362506, train_acc = 10.00% val_acc = 10.00%
Epoch 641, cost = 2.362543, train_acc = 10.00% val_acc = 10.00%
Epoch 642, cost = 2.362506, train_acc = 10.00% val_acc = 10.00%
Epoch 643, cost = 2.362580, train_acc = 10.00% val_acc = 10.00%
Epoch 644, cost = 2.362654, train_acc = 10.00% val_acc = 10.00%
Epoch 645, cost = 2.362580, train_acc = 10.00% val_acc = 10.01%
Epoch 646, cost = 2.362506, train_acc = 10.00% val_acc = 10.00%
Epoch 647, cost = 2.362543, train_acc = 10.00% val_acc = 10.00%
Epoch 648, cost = 2.362543, train_acc = 10.00% val_acc = 10.00%
Epoch 649, cost = 2.362543, train_acc = 10.00% val_acc = 10.00%
Epoch 650, cost = 2.362543, train_acc = 10.00% val_acc = 10.00%
Epoch 651, cost = 2.362506, train_acc = 10.00% val_acc = 10.01%
Epoch 652, cost = 2.362469, train_acc = 10.00% val_acc = 10.00%
Epoch 653, cost = 2.362506, train_acc = 10.00% val_acc = 10.00%
Epoch 654, cost = 2.362543, train_acc = 10.00% val_acc = 10.00%
Epoch 655, cost = 2.362506, train_acc = 10.00% val_acc = 10.00%
Epoch 656, cost = 2.362506, train_acc = 10.00% val_acc = 10.00%
Epoch 657, cost = 2.362543, train_acc = 10.00% val_acc = 10.01%
Epoch 658, cost = 2.362506, train_acc = 10.00% val_acc = 10.00%
Epoch 659, cost = 2.362506, train_acc = 10.00% val_acc = 10.00%
Epoch 660, cost = 2.362543, train_acc = 10.00% val_acc = 10.00%
Epoch 661, cost = 2.362506, train_acc = 10.00% val_acc = 10.00%
Epoch 662, cost = 2.362543, train_acc = 10.00% val_acc = 10.00%
Epoch 663, cost = 2.362469, train_acc = 10.00% val_acc = 10.00%
Epoch 664, cost = 2.362543, train_acc = 10.00% val_acc = 10.00%
Epoch 665, cost = 2.362469, train_acc = 10.00% val_acc = 10.00%
Epoch 666, cost = 2.362543, train_acc = 10.00% val_acc = 10.00%
Epoch 667, cost = 2.362543, train_acc = 10.00% val_acc = 10.00%
Epoch 668, cost = 2.362469, train_acc = 10.00% val_acc = 10.00%
Epoch 669, cost = 2.362506, train_acc = 10.00% val_acc = 10.00%
Epoch 670, cost = 2.362506, train_acc = 10.00% val_acc = 10.00%
Epoch 671, cost = 2.362506, train_acc = 10.00% val_acc = 10.00%
Epoch 672, cost = 2.362506, train_acc = 10.00% val_acc = 10.00%
Epoch 673, cost = 2.362543, train_acc = 10.00% val_acc = 10.00%
Epoch 674, cost = 2.362543, train_acc = 10.00% val_acc = 10.00%
Epoch 675, cost = 2.362543, train_acc = 10.00% val_acc = 10.00%
Epoch 676, cost = 2.362543, train_acc = 10.00% val_acc = 10.00%
Epoch 677, cost = 2.362469, train_acc = 10.01% val_acc = 10.00%
Epoch 678, cost = 2.362543, train_acc = 10.00% val_acc = 10.00%
Epoch 679, cost = 2.362506, train_acc = 10.00% val_acc = 10.00%
Epoch 680, cost = 2.362506, train_acc = 10.00% val_acc = 10.01%
Epoch 681, cost = 2.362469, train_acc = 10.01% val_acc = 10.00%
Epoch 682, cost = 2.362469, train_acc = 10.00% val_acc = 10.01%
Epoch 683, cost = 2.362469, train_acc = 10.00% val_acc = 10.01%
Epoch 684, cost = 2.362543, train_acc = 10.00% val_acc = 10.00%
Epoch 685, cost = 2.362506, train_acc = 10.00% val_acc = 10.00%
Epoch 686, cost = 2.362506, train_acc = 10.00% val_acc = 10.00%
Epoch 687, cost = 2.362468, train_acc = 10.00% val_acc = 10.00%
Epoch 688, cost = 2.362469, train_acc = 10.00% val_acc = 10.00%
Epoch 689, cost = 2.362395, train_acc = 10.00% val_acc = 10.01%
Epoch 690, cost = 2.362506, train_acc = 10.00% val_acc = 10.00%
Epoch 691, cost = 2.362580, train_acc = 10.00% val_acc = 10.00%
Epoch 692, cost = 2.362543, train_acc = 10.01% val_acc = 10.00%
Epoch 693, cost = 2.362543, train_acc = 10.00% val_acc = 10.00%
Epoch 694, cost = 2.362432, train_acc = 10.01% val_acc = 10.01%
Epoch 695, cost = 2.362506, train_acc = 10.00% val_acc = 10.00%
Epoch 696, cost = 2.362543, train_acc = 10.00% val_acc = 10.00%
Epoch 697, cost = 2.362543, train_acc = 10.00% val_acc = 10.00%
Epoch 698, cost = 2.362580, train_acc = 10.00% val_acc = 10.00%
Epoch 699, cost = 2.362580, train_acc = 10.00% val_acc = 10.02%
Epoch 700, cost = 2.362506, train_acc = 10.00% val_acc = 10.00%
Epoch 701, cost = 2.362506, train_acc = 10.00% val_acc = 10.00%
Epoch 702, cost = 2.362543, train_acc = 10.00% val_acc = 9.99%
Epoch 703, cost = 2.362506, train_acc = 10.00% val_acc = 10.00%
Epoch 704, cost = 2.362543, train_acc = 10.00% val_acc = 10.00%
Epoch 705, cost = 2.362543, train_acc = 10.00% val_acc = 10.00%
Epoch 706, cost = 2.362469, train_acc = 10.00% val_acc = 10.00%
Epoch 707, cost = 2.362543, train_acc = 10.00% val_acc = 9.99%
Epoch 708, cost = 2.362506, train_acc = 10.00% val_acc = 10.00%
Epoch 709, cost = 2.362506, train_acc = 10.01% val_acc = 10.00%
Epoch 710, cost = 2.362543, train_acc = 10.00% val_acc = 10.00%
Epoch 711, cost = 2.362543, train_acc = 10.00% val_acc = 10.00%
Epoch 712, cost = 2.362543, train_acc = 10.00% val_acc = 10.00%
Epoch 713, cost = 2.362543, train_acc = 10.00% val_acc = 10.00%
Epoch 714, cost = 2.362543, train_acc = 10.00% val_acc = 10.01%
Epoch 715, cost = 2.362580, train_acc = 10.00% val_acc = 10.00%
Epoch 716, cost = 2.362506, train_acc = 10.00% val_acc = 10.00%
Epoch 717, cost = 2.362506, train_acc = 10.00% val_acc = 10.00%
Epoch 718, cost = 2.362543, train_acc = 10.00% val_acc = 10.00%
Epoch 719, cost = 2.362543, train_acc = 10.00% val_acc = 10.00%
Epoch 720, cost = 2.362469, train_acc = 10.00% val_acc = 10.00%
Epoch 721, cost = 2.362506, train_acc = 10.01% val_acc = 10.00%
Epoch 722, cost = 2.362506, train_acc = 10.00% val_acc = 10.00%
Epoch 723, cost = 2.362580, train_acc = 10.00% val_acc = 10.00%
Epoch 724, cost = 2.362580, train_acc = 10.00% val_acc = 10.00%
Epoch 725, cost = 2.362543, train_acc = 10.01% val_acc = 10.00%
Epoch 726, cost = 2.362506, train_acc = 10.00% val_acc = 10.00%
Epoch 727, cost = 2.362543, train_acc = 10.00% val_acc = 10.00%
Epoch 728, cost = 2.362543, train_acc = 10.00% val_acc = 10.00%
Epoch 729, cost = 2.362543, train_acc = 10.00% val_acc = 10.00%
Epoch 730, cost = 2.362543, train_acc = 10.00% val_acc = 10.00%
Epoch 731, cost = 2.362506, train_acc = 10.00% val_acc = 10.00%
Epoch 732, cost = 2.362469, train_acc = 10.00% val_acc = 10.00%
Epoch 733, cost = 2.362432, train_acc = 10.00% val_acc = 10.00%
Epoch 734, cost = 2.362580, train_acc = 10.00% val_acc = 10.00%
Epoch 735, cost = 2.362543, train_acc = 10.00% val_acc = 10.00%
Epoch 736, cost = 2.362469, train_acc = 10.00% val_acc = 10.01%
Epoch 737, cost = 2.362506, train_acc = 10.00% val_acc = 10.00%
Epoch 738, cost = 2.362580, train_acc = 10.00% val_acc = 10.01%
Epoch 739, cost = 2.362469, train_acc = 10.00% val_acc = 10.01%
Epoch 740, cost = 2.362506, train_acc = 10.00% val_acc = 10.00%
Epoch 741, cost = 2.362580, train_acc = 10.00% val_acc = 10.00%
Epoch 742, cost = 2.362543, train_acc = 10.00% val_acc = 10.00%
Epoch 743, cost = 2.362506, train_acc = 10.01% val_acc = 10.00%
Epoch 744, cost = 2.362543, train_acc = 10.00% val_acc = 10.00%
Epoch 745, cost = 2.362432, train_acc = 10.00% val_acc = 10.02%
Epoch 746, cost = 2.362580, train_acc = 10.00% val_acc = 10.01%
Epoch 747, cost = 2.362543, train_acc = 10.00% val_acc = 10.01%
Epoch 748, cost = 2.362580, train_acc = 10.00% val_acc = 10.01%
Epoch 749, cost = 2.362358, train_acc = 10.00% val_acc = 10.01%
Epoch 750, cost = 2.362506, train_acc = 10.00% val_acc = 10.01%
Epoch 751, cost = 2.362543, train_acc = 10.01% val_acc = 10.00%
Epoch 752, cost = 2.362543, train_acc = 10.00% val_acc = 10.01%
Epoch 753, cost = 2.362506, train_acc = 10.00% val_acc = 10.00%
Epoch 754, cost = 2.362395, train_acc = 10.00% val_acc = 10.00%
Epoch 755, cost = 2.362580, train_acc = 10.01% val_acc = 10.00%
Epoch 756, cost = 2.362617, train_acc = 10.00% val_acc = 10.00%
Epoch 757, cost = 2.362506, train_acc = 10.00% val_acc = 10.00%
Epoch 758, cost = 2.362432, train_acc = 10.00% val_acc = 10.00%
Epoch 759, cost = 2.362506, train_acc = 10.00% val_acc = 10.00%
Epoch 760, cost = 2.362506, train_acc = 10.00% val_acc = 10.00%
Epoch 761, cost = 2.362506, train_acc = 10.00% val_acc = 10.00%
Epoch 762, cost = 2.362543, train_acc = 10.00% val_acc = 10.01%
Epoch 763, cost = 2.362469, train_acc = 10.00% val_acc = 10.01%
Epoch 764, cost = 2.362506, train_acc = 10.00% val_acc = 10.01%
Epoch 765, cost = 2.362543, train_acc = 10.00% val_acc = 10.01%
Epoch 766, cost = 2.362543, train_acc = 10.00% val_acc = 10.00%
Epoch 767, cost = 2.362506, train_acc = 10.00% val_acc = 10.00%
Epoch 768, cost = 2.362580, train_acc = 10.00% val_acc = 10.00%
Epoch 769, cost = 2.362654, train_acc = 10.01% val_acc = 10.00%
Epoch 770, cost = 2.362580, train_acc = 10.00% val_acc = 10.00%
Epoch 771, cost = 2.362506, train_acc = 10.00% val_acc = 10.01%
Epoch 772, cost = 2.362506, train_acc = 10.00% val_acc = 10.01%
Epoch 773, cost = 2.362543, train_acc = 10.00% val_acc = 10.00%
Epoch 774, cost = 2.362543, train_acc = 10.01% val_acc = 10.00%
Epoch 775, cost = 2.362543, train_acc = 10.01% val_acc = 10.01%
Epoch 776, cost = 2.362469, train_acc = 10.00% val_acc = 10.03%
Epoch 777, cost = 2.362543, train_acc = 10.01% val_acc = 10.00%
Epoch 778, cost = 2.362506, train_acc = 10.00% val_acc = 10.00%
Epoch 779, cost = 2.362506, train_acc = 10.00% val_acc = 10.00%
Epoch 780, cost = 2.362543, train_acc = 10.00% val_acc = 10.00%
Epoch 781, cost = 2.362580, train_acc = 10.00% val_acc = 10.00%
Epoch 782, cost = 2.362469, train_acc = 10.00% val_acc = 10.00%
Epoch 783, cost = 2.362506, train_acc = 10.00% val_acc = 10.01%
Epoch 784, cost = 2.362543, train_acc = 10.00% val_acc = 10.00%
Epoch 785, cost = 2.362543, train_acc = 10.00% val_acc = 10.00%
Epoch 786, cost = 2.362432, train_acc = 10.00% val_acc = 10.01%
Epoch 787, cost = 2.362543, train_acc = 10.00% val_acc = 10.00%
Epoch 788, cost = 2.362469, train_acc = 10.00% val_acc = 10.00%
Epoch 789, cost = 2.362543, train_acc = 10.00% val_acc = 10.01%
Epoch 790, cost = 2.362580, train_acc = 10.00% val_acc = 10.00%
Epoch 791, cost = 2.362543, train_acc = 10.00% val_acc = 10.01%
Epoch 792, cost = 2.362617, train_acc = 10.00% val_acc = 10.00%
Epoch 793, cost = 2.362543, train_acc = 10.00% val_acc = 10.00%
Epoch 794, cost = 2.362543, train_acc = 10.00% val_acc = 10.00%
Epoch 795, cost = 2.362543, train_acc = 10.00% val_acc = 10.00%
Epoch 796, cost = 2.362506, train_acc = 10.01% val_acc = 10.00%
Epoch 797, cost = 2.362543, train_acc = 10.00% val_acc = 10.00%
Epoch 798, cost = 2.362580, train_acc = 10.00% val_acc = 10.00%
Epoch 799, cost = 2.362543, train_acc = 10.00% val_acc = 10.01%
Epoch 800, cost = 2.362580, train_acc = 10.00% val_acc = 10.00%
Epoch 801, cost = 2.362432, train_acc = 10.00% val_acc = 10.00%
Epoch 802, cost = 2.362506, train_acc = 10.00% val_acc = 10.00%
Epoch 803, cost = 2.362543, train_acc = 10.00% val_acc = 10.00%
Epoch 804, cost = 2.362617, train_acc = 10.00% val_acc = 10.01%
Epoch 805, cost = 2.362432, train_acc = 10.01% val_acc = 10.01%
Epoch 806, cost = 2.362469, train_acc = 10.00% val_acc = 10.00%
Epoch 807, cost = 2.362580, train_acc = 10.00% val_acc = 10.00%
Epoch 808, cost = 2.362469, train_acc = 10.00% val_acc = 10.01%
Epoch 809, cost = 2.362506, train_acc = 10.00% val_acc = 10.01%
Epoch 810, cost = 2.362580, train_acc = 10.01% val_acc = 10.00%
Epoch 811, cost = 2.362506, train_acc = 10.00% val_acc = 10.00%
Epoch 812, cost = 2.362469, train_acc = 10.00% val_acc = 10.00%
Epoch 813, cost = 2.362580, train_acc = 10.00% val_acc = 10.00%
Epoch 814, cost = 2.362580, train_acc = 10.01% val_acc = 10.00%
Epoch 815, cost = 2.362580, train_acc = 10.00% val_acc = 10.00%
Epoch 816, cost = 2.362580, train_acc = 10.00% val_acc = 10.00%
Epoch 817, cost = 2.362580, train_acc = 10.00% val_acc = 10.01%
Epoch 818, cost = 2.362580, train_acc = 10.00% val_acc = 10.00%
Epoch 819, cost = 2.362506, train_acc = 10.01% val_acc = 10.00%
Epoch 820, cost = 2.362543, train_acc = 10.01% val_acc = 10.00%
Epoch 821, cost = 2.362580, train_acc = 10.00% val_acc = 10.00%
Epoch 822, cost = 2.362543, train_acc = 10.00% val_acc = 10.00%
Epoch 823, cost = 2.362580, train_acc = 10.00% val_acc = 10.00%
Epoch 824, cost = 2.362432, train_acc = 10.01% val_acc = 10.00%
Epoch 825, cost = 2.362580, train_acc = 10.00% val_acc = 10.00%
Epoch 826, cost = 2.362506, train_acc = 10.01% val_acc = 10.01%
Epoch 827, cost = 2.362543, train_acc = 10.00% val_acc = 10.00%
Epoch 828, cost = 2.362617, train_acc = 10.00% val_acc = 10.00%
Epoch 829, cost = 2.362580, train_acc = 10.00% val_acc = 10.01%
Epoch 830, cost = 2.362506, train_acc = 10.00% val_acc = 10.00%
Epoch 831, cost = 2.362543, train_acc = 10.01% val_acc = 10.00%
Epoch 832, cost = 2.362543, train_acc = 10.00% val_acc = 10.00%
Epoch 833, cost = 2.362469, train_acc = 10.00% val_acc = 10.02%
Epoch 834, cost = 2.362506, train_acc = 10.00% val_acc = 10.00%
Epoch 835, cost = 2.362469, train_acc = 10.00% val_acc = 10.00%
Epoch 836, cost = 2.362469, train_acc = 10.01% val_acc = 10.00%
Epoch 837, cost = 2.362580, train_acc = 10.00% val_acc = 10.00%
Epoch 838, cost = 2.362506, train_acc = 10.00% val_acc = 10.00%
Epoch 839, cost = 2.362506, train_acc = 10.00% val_acc = 10.00%
Epoch 840, cost = 2.362506, train_acc = 10.00% val_acc = 10.00%
Epoch 841, cost = 2.362543, train_acc = 10.00% val_acc = 10.01%
Epoch 842, cost = 2.362469, train_acc = 10.00% val_acc = 10.01%
Epoch 843, cost = 2.362580, train_acc = 10.00% val_acc = 10.01%
Epoch 844, cost = 2.362506, train_acc = 10.00% val_acc = 10.00%
Epoch 845, cost = 2.362580, train_acc = 10.00% val_acc = 10.00%
Epoch 846, cost = 2.362543, train_acc = 10.01% val_acc = 10.00%
Epoch 847, cost = 2.362506, train_acc = 10.00% val_acc = 10.00%
Epoch 848, cost = 2.362432, train_acc = 10.00% val_acc = 10.00%
Epoch 849, cost = 2.362506, train_acc = 10.00% val_acc = 10.00%
Epoch 850, cost = 2.362580, train_acc = 10.00% val_acc = 9.99%
Epoch 851, cost = 2.362506, train_acc = 10.01% val_acc = 10.00%
Epoch 852, cost = 2.362506, train_acc = 10.00% val_acc = 10.02%
Epoch 853, cost = 2.362543, train_acc = 10.00% val_acc = 10.00%
Epoch 854, cost = 2.362543, train_acc = 10.00% val_acc = 10.01%
Epoch 855, cost = 2.362617, train_acc = 10.00% val_acc = 10.00%
Epoch 856, cost = 2.362580, train_acc = 10.01% val_acc = 10.00%
Epoch 857, cost = 2.362506, train_acc = 10.01% val_acc = 10.00%
Epoch 858, cost = 2.362543, train_acc = 10.00% val_acc = 10.01%
Epoch 859, cost = 2.362543, train_acc = 10.00% val_acc = 10.00%
Epoch 860, cost = 2.362580, train_acc = 10.00% val_acc = 10.00%
Epoch 861, cost = 2.362543, train_acc = 10.00% val_acc = 10.00%
Epoch 862, cost = 2.362506, train_acc = 10.00% val_acc = 10.00%
Epoch 863, cost = 2.362469, train_acc = 10.01% val_acc = 10.00%
Epoch 864, cost = 2.362580, train_acc = 10.01% val_acc = 10.00%
Epoch 865, cost = 2.362432, train_acc = 10.00% val_acc = 10.00%
Epoch 866, cost = 2.362580, train_acc = 10.00% val_acc = 10.00%
Epoch 867, cost = 2.362580, train_acc = 10.00% val_acc = 10.00%
Epoch 868, cost = 2.362506, train_acc = 10.01% val_acc = 10.00%
Epoch 869, cost = 2.362506, train_acc = 10.00% val_acc = 10.01%
Epoch 870, cost = 2.362543, train_acc = 10.00% val_acc = 10.00%
Epoch 871, cost = 2.362580, train_acc = 10.00% val_acc = 10.00%
Epoch 872, cost = 2.362543, train_acc = 10.00% val_acc = 10.00%
Epoch 873, cost = 2.362543, train_acc = 10.00% val_acc = 10.00%
Epoch 874, cost = 2.362543, train_acc = 10.00% val_acc = 10.01%
Epoch 875, cost = 2.362469, train_acc = 10.00% val_acc = 10.00%
Epoch 876, cost = 2.362506, train_acc = 10.00% val_acc = 10.00%
Epoch 877, cost = 2.362617, train_acc = 10.01% val_acc = 10.01%
Epoch 878, cost = 2.362543, train_acc = 10.00% val_acc = 9.99%
Epoch 879, cost = 2.362543, train_acc = 10.00% val_acc = 10.00%
Epoch 880, cost = 2.362543, train_acc = 10.00% val_acc = 10.02%
Epoch 881, cost = 2.362579, train_acc = 10.00% val_acc = 10.01%
Epoch 882, cost = 2.362543, train_acc = 10.00% val_acc = 10.00%
Epoch 883, cost = 2.362543, train_acc = 10.00% val_acc = 10.00%
Epoch 884, cost = 2.362506, train_acc = 10.00% val_acc = 10.00%
Epoch 885, cost = 2.362543, train_acc = 10.00% val_acc = 10.00%
Epoch 886, cost = 2.362617, train_acc = 10.00% val_acc = 10.00%
Epoch 887, cost = 2.362580, train_acc = 10.00% val_acc = 10.00%
Epoch 888, cost = 2.362506, train_acc = 10.00% val_acc = 10.00%
Epoch 889, cost = 2.362543, train_acc = 10.00% val_acc = 10.00%
Epoch 890, cost = 2.362580, train_acc = 10.00% val_acc = 10.00%
Epoch 891, cost = 2.362543, train_acc = 10.00% val_acc = 10.00%
Epoch 892, cost = 2.362580, train_acc = 10.00% val_acc = 10.00%
Epoch 893, cost = 2.362580, train_acc = 10.00% val_acc = 10.00%
Epoch 894, cost = 2.362506, train_acc = 10.00% val_acc = 10.00%
Epoch 895, cost = 2.362506, train_acc = 10.00% val_acc = 10.01%
Epoch 896, cost = 2.362543, train_acc = 10.00% val_acc = 10.01%
Epoch 897, cost = 2.362543, train_acc = 10.00% val_acc = 10.00%
Epoch 898, cost = 2.362469, train_acc = 10.00% val_acc = 10.00%
Epoch 899, cost = 2.362543, train_acc = 10.00% val_acc = 10.00%
Epoch 900, cost = 2.362580, train_acc = 10.00% val_acc = 10.00%
Epoch 901, cost = 2.362506, train_acc = 10.00% val_acc = 10.00%
Epoch 902, cost = 2.362580, train_acc = 10.00% val_acc = 10.00%
Epoch 903, cost = 2.362469, train_acc = 10.00% val_acc = 10.00%
Epoch 904, cost = 2.362469, train_acc = 10.00% val_acc = 10.00%
Epoch 905, cost = 2.362432, train_acc = 10.00% val_acc = 10.00%
Epoch 906, cost = 2.362543, train_acc = 10.00% val_acc = 10.00%
Epoch 907, cost = 2.362469, train_acc = 10.00% val_acc = 10.00%
Epoch 908, cost = 2.362580, train_acc = 10.00% val_acc = 10.00%
Epoch 909, cost = 2.362580, train_acc = 10.00% val_acc = 9.99%
Epoch 910, cost = 2.362580, train_acc = 10.00% val_acc = 10.00%
Epoch 911, cost = 2.362617, train_acc = 10.00% val_acc = 10.00%
Epoch 912, cost = 2.362432, train_acc = 10.00% val_acc = 10.00%
Epoch 913, cost = 2.362506, train_acc = 10.00% val_acc = 9.99%
Epoch 914, cost = 2.362506, train_acc = 10.00% val_acc = 10.00%
Epoch 915, cost = 2.362506, train_acc = 10.00% val_acc = 9.99%
Epoch 916, cost = 2.362580, train_acc = 10.00% val_acc = 10.00%
Epoch 917, cost = 2.362469, train_acc = 10.00% val_acc = 10.00%
Epoch 918, cost = 2.362580, train_acc = 10.00% val_acc = 10.00%
Epoch 919, cost = 2.362506, train_acc = 10.01% val_acc = 10.00%
Epoch 920, cost = 2.362543, train_acc = 10.00% val_acc = 10.00%
Epoch 921, cost = 2.362469, train_acc = 10.00% val_acc = 10.00%
Epoch 922, cost = 2.362543, train_acc = 10.00% val_acc = 10.00%
Epoch 923, cost = 2.362543, train_acc = 10.00% val_acc = 10.00%
Epoch 924, cost = 2.362543, train_acc = 10.00% val_acc = 10.00%
Epoch 925, cost = 2.362543, train_acc = 10.00% val_acc = 10.00%
Epoch 926, cost = 2.362543, train_acc = 10.00% val_acc = 10.00%
Epoch 927, cost = 2.362580, train_acc = 10.00% val_acc = 10.00%
Epoch 928, cost = 2.362506, train_acc = 10.00% val_acc = 10.00%
Epoch 929, cost = 2.362543, train_acc = 10.00% val_acc = 10.00%
Epoch 930, cost = 2.362432, train_acc = 10.00% val_acc = 10.00%
Epoch 931, cost = 2.362469, train_acc = 10.00% val_acc = 10.00%
Epoch 932, cost = 2.362543, train_acc = 10.00% val_acc = 10.00%
Epoch 933, cost = 2.362543, train_acc = 10.00% val_acc = 10.00%
Epoch 934, cost = 2.362543, train_acc = 10.00% val_acc = 10.00%
Epoch 935, cost = 2.362543, train_acc = 10.00% val_acc = 10.00%
Epoch 936, cost = 2.362580, train_acc = 10.00% val_acc = 10.00%
Epoch 937, cost = 2.362543, train_acc = 10.00% val_acc = 10.00%
Epoch 938, cost = 2.362580, train_acc = 10.00% val_acc = 10.00%
Epoch 939, cost = 2.362580, train_acc = 10.00% val_acc = 10.00%
Epoch 940, cost = 2.362543, train_acc = 10.00% val_acc = 10.00%
Epoch 941, cost = 2.362580, train_acc = 10.00% val_acc = 10.00%
Epoch 942, cost = 2.362506, train_acc = 10.00% val_acc = 10.00%
Epoch 943, cost = 2.362580, train_acc = 10.00% val_acc = 10.01%
Epoch 944, cost = 2.362580, train_acc = 10.00% val_acc = 10.00%
Epoch 945, cost = 2.362580, train_acc = 10.00% val_acc = 10.00%
Epoch 946, cost = 2.362469, train_acc = 10.00% val_acc = 10.00%
Epoch 947, cost = 2.362506, train_acc = 10.00% val_acc = 10.00%
Epoch 948, cost = 2.362506, train_acc = 10.00% val_acc = 10.00%
Epoch 949, cost = 2.362543, train_acc = 10.00% val_acc = 10.00%
Epoch 950, cost = 2.362469, train_acc = 10.00% val_acc = 10.01%
Epoch 951, cost = 2.362543, train_acc = 10.00% val_acc = 10.00%
Epoch 952, cost = 2.362580, train_acc = 10.00% val_acc = 10.00%
Epoch 953, cost = 2.362580, train_acc = 10.00% val_acc = 10.00%
Epoch 954, cost = 2.362580, train_acc = 10.00% val_acc = 10.00%
Epoch 955, cost = 2.362469, train_acc = 10.00% val_acc = 10.01%
Epoch 956, cost = 2.362580, train_acc = 10.00% val_acc = 10.00%
Epoch 957, cost = 2.362543, train_acc = 10.00% val_acc = 10.00%
Epoch 958, cost = 2.362580, train_acc = 10.00% val_acc = 10.01%
Epoch 959, cost = 2.362506, train_acc = 10.00% val_acc = 10.00%
Epoch 960, cost = 2.362506, train_acc = 10.00% val_acc = 10.00%
Epoch 961, cost = 2.362580, train_acc = 10.00% val_acc = 10.00%
Epoch 962, cost = 2.362543, train_acc = 10.00% val_acc = 10.00%
Epoch 963, cost = 2.362580, train_acc = 10.00% val_acc = 10.00%
Epoch 964, cost = 2.362543, train_acc = 10.00% val_acc = 10.00%
Epoch 965, cost = 2.362543, train_acc = 10.00% val_acc = 9.99%
Epoch 966, cost = 2.362580, train_acc = 10.00% val_acc = 10.01%
Epoch 967, cost = 2.362543, train_acc = 10.00% val_acc = 10.00%
Epoch 968, cost = 2.362506, train_acc = 10.00% val_acc = 10.00%
Epoch 969, cost = 2.362617, train_acc = 10.01% val_acc = 10.00%
Epoch 970, cost = 2.362543, train_acc = 10.00% val_acc = 10.00%
Epoch 971, cost = 2.362543, train_acc = 10.00% val_acc = 10.00%
Epoch 972, cost = 2.362580, train_acc = 10.00% val_acc = 10.00%
Epoch 973, cost = 2.362580, train_acc = 10.00% val_acc = 10.00%
Epoch 974, cost = 2.362395, train_acc = 10.00% val_acc = 10.00%
Epoch 975, cost = 2.362580, train_acc = 10.00% val_acc = 10.00%
Epoch 976, cost = 2.362506, train_acc = 10.00% val_acc = 10.00%
Epoch 977, cost = 2.362580, train_acc = 10.00% val_acc = 10.00%
Epoch 978, cost = 2.362580, train_acc = 10.00% val_acc = 10.00%
Epoch 979, cost = 2.362580, train_acc = 10.00% val_acc = 10.00%
Epoch 980, cost = 2.362506, train_acc = 10.00% val_acc = 10.00%
Epoch 981, cost = 2.362580, train_acc = 10.00% val_acc = 10.01%
Epoch 982, cost = 2.362543, train_acc = 10.00% val_acc = 10.01%
Epoch 983, cost = 2.362580, train_acc = 10.00% val_acc = 10.00%
Epoch 984, cost = 2.362543, train_acc = 10.00% val_acc = 10.01%
Epoch 985, cost = 2.362543, train_acc = 10.00% val_acc = 10.00%
Epoch 986, cost = 2.362506, train_acc = 10.00% val_acc = 10.00%
Epoch 987, cost = 2.362580, train_acc = 10.00% val_acc = 10.00%
Epoch 988, cost = 2.362469, train_acc = 10.00% val_acc = 10.01%
Epoch 989, cost = 2.362580, train_acc = 10.00% val_acc = 10.01%
Epoch 990, cost = 2.362543, train_acc = 10.00% val_acc = 10.00%
Epoch 991, cost = 2.362543, train_acc = 10.00% val_acc = 10.00%
Epoch 992, cost = 2.362469, train_acc = 10.00% val_acc = 10.00%
Epoch 993, cost = 2.362543, train_acc = 10.00% val_acc = 10.00%
Epoch 994, cost = 2.362580, train_acc = 10.00% val_acc = 10.00%
Epoch 995, cost = 2.362506, train_acc = 10.01% val_acc = 10.00%
Epoch 996, cost = 2.362506, train_acc = 10.00% val_acc = 10.00%
Epoch 997, cost = 2.362506, train_acc = 10.00% val_acc = 10.00%
Epoch 998, cost = 2.362543, train_acc = 10.00% val_acc = 10.00%
Epoch 999, cost = 2.362506, train_acc = 10.00% val_acc = 10.01%
Epoch 1000, cost = 2.362580, train_acc = 10.00% val_acc = 10.00%
Epoch 1001, cost = 2.362617, train_acc = 10.00% val_acc = 10.01%
Epoch 1002, cost = 2.362617, train_acc = 10.00% val_acc = 10.00%
Epoch 1003, cost = 2.362469, train_acc = 10.00% val_acc = 10.00%
Epoch 1004, cost = 2.362580, train_acc = 10.00% val_acc = 10.00%
Epoch 1005, cost = 2.362506, train_acc = 10.00% val_acc = 10.00%
Epoch 1006, cost = 2.362543, train_acc = 10.00% val_acc = 10.00%
Epoch 1007, cost = 2.362543, train_acc = 10.00% val_acc = 10.00%
Epoch 1008, cost = 2.362543, train_acc = 10.00% val_acc = 10.00%
Epoch 1009, cost = 2.362580, train_acc = 10.00% val_acc = 10.01%
Epoch 1010, cost = 2.362543, train_acc = 10.00% val_acc = 10.00%
Epoch 1011, cost = 2.362543, train_acc = 10.00% val_acc = 10.00%
Epoch 1012, cost = 2.362543, train_acc = 10.01% val_acc = 10.00%
Epoch 1013, cost = 2.362543, train_acc = 10.00% val_acc = 10.00%
Epoch 1014, cost = 2.362506, train_acc = 10.01% val_acc = 10.01%
Epoch 1015, cost = 2.362580, train_acc = 10.00% val_acc = 10.00%
Epoch 1016, cost = 2.362469, train_acc = 10.00% val_acc = 10.00%
Epoch 1017, cost = 2.362543, train_acc = 10.00% val_acc = 10.00%
Epoch 1018, cost = 2.362469, train_acc = 10.00% val_acc = 10.01%
Epoch 1019, cost = 2.362543, train_acc = 10.00% val_acc = 10.00%
Epoch 1020, cost = 2.362543, train_acc = 10.00% val_acc = 10.00%
Epoch 1021, cost = 2.362469, train_acc = 10.00% val_acc = 10.01%
Epoch 1022, cost = 2.362543, train_acc = 10.00% val_acc = 10.00%
Epoch 1023, cost = 2.362506, train_acc = 10.00% val_acc = 10.00%
Epoch 1024, cost = 2.362580, train_acc = 10.00% val_acc = 10.00%
Epoch 1025, cost = 2.362543, train_acc = 10.01% val_acc = 10.00%
Epoch 1026, cost = 2.362543, train_acc = 10.00% val_acc = 10.00%
Epoch 1027, cost = 2.362469, train_acc = 10.00% val_acc = 10.00%
Epoch 1028, cost = 2.362580, train_acc = 10.00% val_acc = 10.00%
Epoch 1029, cost = 2.362580, train_acc = 10.00% val_acc = 10.00%
Epoch 1030, cost = 2.362580, train_acc = 10.00% val_acc = 10.00%
Epoch 1031, cost = 2.362543, train_acc = 10.00% val_acc = 10.00%
Epoch 1032, cost = 2.362543, train_acc = 10.00% val_acc = 10.00%
Epoch 1033, cost = 2.362543, train_acc = 10.00% val_acc = 10.00%
Epoch 1034, cost = 2.362543, train_acc = 10.00% val_acc = 10.00%
Epoch 1035, cost = 2.362580, train_acc = 10.00% val_acc = 10.00%
Epoch 1036, cost = 2.362543, train_acc = 10.00% val_acc = 10.00%
Epoch 1037, cost = 2.362580, train_acc = 10.00% val_acc = 10.00%
Epoch 1038, cost = 2.362543, train_acc = 10.00% val_acc = 10.01%
Epoch 1039, cost = 2.362395, train_acc = 10.00% val_acc = 10.01%
Epoch 1040, cost = 2.362543, train_acc = 10.00% val_acc = 10.00%
Epoch 1041, cost = 2.362543, train_acc = 10.00% val_acc = 10.00%
Epoch 1042, cost = 2.362506, train_acc = 10.00% val_acc = 10.00%
Epoch 1043, cost = 2.362580, train_acc = 10.01% val_acc = 10.00%
Epoch 1044, cost = 2.362580, train_acc = 10.00% val_acc = 9.99%
Epoch 1045, cost = 2.362580, train_acc = 10.00% val_acc = 10.00%
Epoch 1046, cost = 2.362543, train_acc = 10.00% val_acc = 10.00%
Epoch 1047, cost = 2.362543, train_acc = 10.00% val_acc = 10.00%
Epoch 1048, cost = 2.362543, train_acc = 10.00% val_acc = 10.00%
Epoch 1049, cost = 2.362543, train_acc = 10.00% val_acc = 10.01%
Epoch 1050, cost = 2.362506, train_acc = 10.00% val_acc = 10.01%
Epoch 1051, cost = 2.362506, train_acc = 10.00% val_acc = 10.00%
Epoch 1052, cost = 2.362580, train_acc = 10.00% val_acc = 10.00%
Epoch 1053, cost = 2.362506, train_acc = 10.00% val_acc = 10.00%
Epoch 1054, cost = 2.362580, train_acc = 10.00% val_acc = 10.00%
Epoch 1055, cost = 2.362506, train_acc = 10.00% val_acc = 10.00%
Epoch 1056, cost = 2.362543, train_acc = 10.00% val_acc = 10.00%
Epoch 1057, cost = 2.362543, train_acc = 10.00% val_acc = 10.00%
Epoch 1058, cost = 2.362543, train_acc = 10.00% val_acc = 10.00%
Epoch 1059, cost = 2.362506, train_acc = 10.00% val_acc = 10.00%
Epoch 1060, cost = 2.362506, train_acc = 10.01% val_acc = 10.00%
Epoch 1061, cost = 2.362580, train_acc = 10.00% val_acc = 10.00%
Epoch 1062, cost = 2.362543, train_acc = 10.00% val_acc = 10.00%
Epoch 1063, cost = 2.362543, train_acc = 10.00% val_acc = 10.01%
Epoch 1064, cost = 2.362543, train_acc = 10.00% val_acc = 10.00%
Epoch 1065, cost = 2.362506, train_acc = 10.00% val_acc = 10.00%
Epoch 1066, cost = 2.362543, train_acc = 10.00% val_acc = 10.00%
Epoch 1067, cost = 2.362580, train_acc = 10.00% val_acc = 10.00%
Epoch 1068, cost = 2.362617, train_acc = 10.00% val_acc = 10.00%
Epoch 1069, cost = 2.362580, train_acc = 10.00% val_acc = 10.00%
Epoch 1070, cost = 2.362506, train_acc = 10.00% val_acc = 10.00%
Epoch 1071, cost = 2.362543, train_acc = 10.00% val_acc = 10.00%
Epoch 1072, cost = 2.362506, train_acc = 10.00% val_acc = 10.00%
Epoch 1073, cost = 2.362580, train_acc = 10.00% val_acc = 10.00%
Epoch 1074, cost = 2.362469, train_acc = 10.01% val_acc = 10.01%
Epoch 1075, cost = 2.362580, train_acc = 10.01% val_acc = 10.00%
Epoch 1076, cost = 2.362506, train_acc = 10.00% val_acc = 10.00%
Epoch 1077, cost = 2.362580, train_acc = 10.00% val_acc = 10.00%
Epoch 1078, cost = 2.362506, train_acc = 10.00% val_acc = 10.00%
Epoch 1079, cost = 2.362543, train_acc = 10.00% val_acc = 10.00%
Epoch 1080, cost = 2.362580, train_acc = 10.01% val_acc = 10.00%
Epoch 1081, cost = 2.362469, train_acc = 10.00% val_acc = 10.00%
Epoch 1082, cost = 2.362580, train_acc = 10.00% val_acc = 10.00%
Epoch 1083, cost = 2.362580, train_acc = 10.00% val_acc = 10.00%
Epoch 1084, cost = 2.362580, train_acc = 10.00% val_acc = 10.00%
Epoch 1085, cost = 2.362580, train_acc = 10.00% val_acc = 10.01%
Epoch 1086, cost = 2.362506, train_acc = 10.00% val_acc = 10.00%
Epoch 1087, cost = 2.362506, train_acc = 10.00% val_acc = 10.00%
Epoch 1088, cost = 2.362506, train_acc = 10.00% val_acc = 10.00%
Epoch 1089, cost = 2.362543, train_acc = 10.00% val_acc = 10.00%
Epoch 1090, cost = 2.362469, train_acc = 10.00% val_acc = 10.00%
Epoch 1091, cost = 2.362580, train_acc = 10.00% val_acc = 10.00%
Epoch 1092, cost = 2.362543, train_acc = 10.00% val_acc = 10.00%
Epoch 1093, cost = 2.362580, train_acc = 10.01% val_acc = 10.00%
Epoch 1094, cost = 2.362543, train_acc = 10.00% val_acc = 10.00%
Epoch 1095, cost = 2.362543, train_acc = 10.00% val_acc = 9.99%
Epoch 1096, cost = 2.362506, train_acc = 10.00% val_acc = 10.00%
Epoch 1097, cost = 2.362543, train_acc = 10.00% val_acc = 10.01%
Epoch 1098, cost = 2.362469, train_acc = 10.00% val_acc = 10.00%
Epoch 1099, cost = 2.362580, train_acc = 10.00% val_acc = 10.00%
Epoch 1100, cost = 2.362543, train_acc = 10.00% val_acc = 10.00%
Epoch 1101, cost = 2.362506, train_acc = 10.00% val_acc = 10.01%
Epoch 1102, cost = 2.362506, train_acc = 10.00% val_acc = 10.00%
Epoch 1103, cost = 2.362506, train_acc = 10.00% val_acc = 10.00%
Epoch 1104, cost = 2.362432, train_acc = 10.00% val_acc = 10.01%
Epoch 1105, cost = 2.362506, train_acc = 10.00% val_acc = 10.00%
Epoch 1106, cost = 2.362543, train_acc = 10.01% val_acc = 10.00%
Epoch 1107, cost = 2.362432, train_acc = 10.00% val_acc = 10.00%
Epoch 1108, cost = 2.362580, train_acc = 10.00% val_acc = 10.01%
Epoch 1109, cost = 2.362543, train_acc = 10.00% val_acc = 10.00%
Epoch 1110, cost = 2.362580, train_acc = 10.00% val_acc = 10.00%
Epoch 1111, cost = 2.362580, train_acc = 10.00% val_acc = 10.00%
Epoch 1112, cost = 2.362580, train_acc = 10.00% val_acc = 10.01%
Epoch 1113, cost = 2.362580, train_acc = 10.00% val_acc = 10.00%
Epoch 1114, cost = 2.362543, train_acc = 10.00% val_acc = 10.00%
Epoch 1115, cost = 2.362469, train_acc = 10.00% val_acc = 10.00%
Epoch 1116, cost = 2.362580, train_acc = 10.00% val_acc = 10.01%
Epoch 1117, cost = 2.362543, train_acc = 10.00% val_acc = 10.00%
Epoch 1118, cost = 2.362580, train_acc = 10.00% val_acc = 10.00%
Epoch 1119, cost = 2.362580, train_acc = 10.00% val_acc = 10.00%
Epoch 1120, cost = 2.362469, train_acc = 10.00% val_acc = 10.00%
Epoch 1121, cost = 2.362580, train_acc = 10.00% val_acc = 10.00%
Epoch 1122, cost = 2.362580, train_acc = 10.00% val_acc = 10.00%
Epoch 1123, cost = 2.362543, train_acc = 10.00% val_acc = 10.00%
Epoch 1124, cost = 2.362580, train_acc = 10.00% val_acc = 10.00%
Epoch 1125, cost = 2.362506, train_acc = 10.00% val_acc = 10.00%
Epoch 1126, cost = 2.362580, train_acc = 10.00% val_acc = 10.00%
Epoch 1127, cost = 2.362543, train_acc = 10.00% val_acc = 10.00%
Epoch 1128, cost = 2.362432, train_acc = 10.00% val_acc = 10.00%
Epoch 1129, cost = 2.362543, train_acc = 10.00% val_acc = 10.00%
Epoch 1130, cost = 2.362543, train_acc = 10.00% val_acc = 10.00%
Epoch 1131, cost = 2.362506, train_acc = 10.00% val_acc = 10.00%
Epoch 1132, cost = 2.362580, train_acc = 10.00% val_acc = 10.00%
Epoch 1133, cost = 2.362506, train_acc = 10.00% val_acc = 10.00%
Epoch 1134, cost = 2.362506, train_acc = 10.00% val_acc = 10.00%
Epoch 1135, cost = 2.362543, train_acc = 10.00% val_acc = 10.00%
Epoch 1136, cost = 2.362543, train_acc = 10.00% val_acc = 10.00%
Epoch 1137, cost = 2.362543, train_acc = 10.00% val_acc = 10.00%
Epoch 1138, cost = 2.362580, train_acc = 10.00% val_acc = 10.01%
Epoch 1139, cost = 2.362543, train_acc = 10.00% val_acc = 10.00%
Epoch 1140, cost = 2.362543, train_acc = 10.01% val_acc = 10.00%
Epoch 1141, cost = 2.362506, train_acc = 10.00% val_acc = 10.00%
Epoch 1142, cost = 2.362580, train_acc = 10.00% val_acc = 10.00%
Epoch 1143, cost = 2.362506, train_acc = 10.00% val_acc = 10.00%
Epoch 1144, cost = 2.362432, train_acc = 10.00% val_acc = 10.01%
Epoch 1145, cost = 2.362580, train_acc = 10.00% val_acc = 10.01%
Epoch 1146, cost = 2.362580, train_acc = 10.00% val_acc = 10.00%
Epoch 1147, cost = 2.362506, train_acc = 10.00% val_acc = 10.00%
Epoch 1148, cost = 2.362580, train_acc = 10.00% val_acc = 10.00%
Epoch 1149, cost = 2.362543, train_acc = 10.00% val_acc = 10.00%
Epoch 1150, cost = 2.362580, train_acc = 10.01% val_acc = 10.00%
Epoch 1151, cost = 2.362543, train_acc = 10.00% val_acc = 10.01%
Epoch 1152, cost = 2.362580, train_acc = 10.01% val_acc = 10.00%
Epoch 1153, cost = 2.362506, train_acc = 10.00% val_acc = 10.00%
Epoch 1154, cost = 2.362543, train_acc = 10.00% val_acc = 10.00%
Epoch 1155, cost = 2.362580, train_acc = 10.00% val_acc = 10.00%
Epoch 1156, cost = 2.362580, train_acc = 10.00% val_acc = 10.00%
Epoch 1157, cost = 2.362543, train_acc = 10.00% val_acc = 10.00%
Epoch 1158, cost = 2.362543, train_acc = 10.00% val_acc = 10.00%
Epoch 1159, cost = 2.362580, train_acc = 10.00% val_acc = 10.00%
Epoch 1160, cost = 2.362469, train_acc = 10.00% val_acc = 10.00%
Epoch 1161, cost = 2.362506, train_acc = 10.00% val_acc = 10.00%
Epoch 1162, cost = 2.362543, train_acc = 10.00% val_acc = 10.00%
Epoch 1163, cost = 2.362543, train_acc = 10.00% val_acc = 10.00%
Epoch 1164, cost = 2.362543, train_acc = 10.00% val_acc = 10.00%
Epoch 1165, cost = 2.362580, train_acc = 10.00% val_acc = 10.00%
Epoch 1166, cost = 2.362543, train_acc = 10.00% val_acc = 10.01%
Epoch 1167, cost = 2.362506, train_acc = 10.00% val_acc = 10.00%
Epoch 1168, cost = 2.362543, train_acc = 10.00% val_acc = 10.00%
Epoch 1169, cost = 2.362580, train_acc = 10.00% val_acc = 10.00%
Epoch 1170, cost = 2.362543, train_acc = 10.00% val_acc = 10.00%
Epoch 1171, cost = 2.362506, train_acc = 10.00% val_acc = 10.00%
Epoch 1172, cost = 2.362543, train_acc = 10.00% val_acc = 10.00%
Epoch 1173, cost = 2.362543, train_acc = 10.00% val_acc = 10.00%
Epoch 1174, cost = 2.362580, train_acc = 10.00% val_acc = 10.00%
Epoch 1175, cost = 2.362580, train_acc = 10.00% val_acc = 10.00%
Epoch 1176, cost = 2.362506, train_acc = 10.00% val_acc = 10.00%
Epoch 1177, cost = 2.362506, train_acc = 10.00% val_acc = 10.01%
Epoch 1178, cost = 2.362580, train_acc = 10.00% val_acc = 10.00%
Epoch 1179, cost = 2.362506, train_acc = 10.00% val_acc = 10.00%
Epoch 1180, cost = 2.362580, train_acc = 10.00% val_acc = 10.00%
Epoch 1181, cost = 2.362580, train_acc = 10.00% val_acc = 10.00%
Epoch 1182, cost = 2.362469, train_acc = 10.00% val_acc = 10.00%
Epoch 1183, cost = 2.362469, train_acc = 10.00% val_acc = 10.00%
Epoch 1184, cost = 2.362617, train_acc = 10.01% val_acc = 10.02%
Epoch 1185, cost = 2.362580, train_acc = 10.00% val_acc = 10.00%
Epoch 1186, cost = 2.362617, train_acc = 10.00% val_acc = 10.00%
Epoch 1187, cost = 2.362506, train_acc = 10.00% val_acc = 10.00%
Epoch 1188, cost = 2.362543, train_acc = 10.00% val_acc = 10.00%
Epoch 1189, cost = 2.362506, train_acc = 10.00% val_acc = 10.00%
Epoch 1190, cost = 2.362543, train_acc = 10.00% val_acc = 10.00%
Epoch 1191, cost = 2.362543, train_acc = 10.00% val_acc = 10.01%
Epoch 1192, cost = 2.362617, train_acc = 10.00% val_acc = 10.00%
Epoch 1193, cost = 2.362506, train_acc = 10.00% val_acc = 10.00%
Epoch 1194, cost = 2.362506, train_acc = 10.00% val_acc = 10.00%
Epoch 1195, cost = 2.362543, train_acc = 10.00% val_acc = 10.00%
Epoch 1196, cost = 2.362543, train_acc = 10.00% val_acc = 10.00%
Epoch 1197, cost = 2.362580, train_acc = 10.00% val_acc = 10.00%
Epoch 1198, cost = 2.362543, train_acc = 10.00% val_acc = 10.00%
Epoch 1199, cost = 2.362580, train_acc = 10.00% val_acc = 10.00%
Epoch 1200, cost = 2.362580, train_acc = 10.00% val_acc = 10.00%
