Loading Training Data
Loading Validation Data
Creating Data Loaders
Training Fun Time!!!
Epoch 1, cost = 2.303973, train_acc = 10.01% val_acc = 10.01%
Epoch 2, cost = 2.303970, train_acc = 9.97% val_acc = 10.00%
Epoch 3, cost = 2.303965, train_acc = 10.01% val_acc = 9.94%
Epoch 4, cost = 2.303979, train_acc = 9.96% val_acc = 10.03%
Epoch 5, cost = 2.303973, train_acc = 10.01% val_acc = 10.06%
Epoch 6, cost = 2.303984, train_acc = 9.99% val_acc = 9.97%
Epoch 7, cost = 2.303984, train_acc = 10.02% val_acc = 10.03%
Epoch 8, cost = 2.303977, train_acc = 9.98% val_acc = 10.00%
Epoch 9, cost = 2.303975, train_acc = 10.00% val_acc = 10.04%
Epoch 10, cost = 2.303973, train_acc = 10.00% val_acc = 10.10%
Epoch 11, cost = 2.303968, train_acc = 10.02% val_acc = 9.98%
Epoch 12, cost = 2.303962, train_acc = 9.94% val_acc = 10.03%
Epoch 13, cost = 2.303966, train_acc = 10.00% val_acc = 10.05%
Epoch 14, cost = 2.303961, train_acc = 9.87% val_acc = 10.01%
Epoch 15, cost = 2.303970, train_acc = 9.94% val_acc = 10.11%
Epoch 16, cost = 2.303959, train_acc = 9.90% val_acc = 10.08%
Epoch 17, cost = 2.303965, train_acc = 9.94% val_acc = 10.15%
Epoch 18, cost = 2.303977, train_acc = 10.03% val_acc = 10.19%
Epoch 19, cost = 2.303971, train_acc = 9.97% val_acc = 10.06%
Epoch 20, cost = 2.303954, train_acc = 10.05% val_acc = 10.05%
Epoch 21, cost = 2.303958, train_acc = 9.96% val_acc = 10.08%
Epoch 22, cost = 2.303962, train_acc = 10.03% val_acc = 10.08%
Epoch 23, cost = 2.303956, train_acc = 9.97% val_acc = 9.94%
Epoch 24, cost = 2.303957, train_acc = 9.94% val_acc = 10.04%
Epoch 25, cost = 2.303960, train_acc = 9.84% val_acc = 10.21%
Epoch 26, cost = 2.303957, train_acc = 10.07% val_acc = 9.94%
Epoch 27, cost = 2.303958, train_acc = 10.06% val_acc = 10.08%
Epoch 28, cost = 2.303964, train_acc = 9.88% val_acc = 9.96%
Epoch 29, cost = 2.303962, train_acc = 10.13% val_acc = 9.79%
Epoch 30, cost = 2.303970, train_acc = 10.00% val_acc = 10.03%
Epoch 31, cost = 2.303962, train_acc = 9.96% val_acc = 9.95%
Epoch 32, cost = 2.303957, train_acc = 10.03% val_acc = 9.45%
Epoch 33, cost = 2.303953, train_acc = 9.94% val_acc = 9.91%
Epoch 34, cost = 2.303956, train_acc = 9.97% val_acc = 9.76%
Epoch 35, cost = 2.303948, train_acc = 9.77% val_acc = 10.07%
Epoch 36, cost = 2.303952, train_acc = 10.14% val_acc = 10.11%
Epoch 37, cost = 2.303954, train_acc = 10.01% val_acc = 10.04%
Epoch 38, cost = 2.303958, train_acc = 10.11% val_acc = 10.03%
Epoch 39, cost = 2.303969, train_acc = 10.03% val_acc = 9.80%
Epoch 40, cost = 2.303951, train_acc = 9.85% val_acc = 10.06%
Epoch 41, cost = 2.303952, train_acc = 10.04% val_acc = 9.67%
Epoch 42, cost = 2.303941, train_acc = 10.01% val_acc = 9.68%
Epoch 43, cost = 2.303956, train_acc = 9.87% val_acc = 9.78%
Epoch 44, cost = 2.303952, train_acc = 9.99% val_acc = 10.31%
Epoch 45, cost = 2.303959, train_acc = 9.90% val_acc = 10.00%
Epoch 46, cost = 2.303959, train_acc = 9.89% val_acc = 10.32%
Epoch 47, cost = 2.303966, train_acc = 10.15% val_acc = 9.89%
Epoch 48, cost = 2.303951, train_acc = 9.88% val_acc = 10.08%
Epoch 49, cost = 2.303959, train_acc = 10.08% val_acc = 9.88%
Epoch 50, cost = 2.303954, train_acc = 9.81% val_acc = 10.29%
Epoch 51, cost = 2.303962, train_acc = 9.95% val_acc = 9.86%
Epoch 52, cost = 2.303957, train_acc = 10.11% val_acc = 9.87%
Epoch 53, cost = 2.303943, train_acc = 10.00% val_acc = 10.00%
Epoch 54, cost = 2.303963, train_acc = 10.11% val_acc = 10.27%
Epoch 55, cost = 2.303956, train_acc = 10.01% val_acc = 9.59%
Epoch 56, cost = 2.303937, train_acc = 10.13% val_acc = 10.09%
Epoch 57, cost = 2.303945, train_acc = 9.85% val_acc = 10.09%
Epoch 58, cost = 2.303957, train_acc = 10.00% val_acc = 9.72%
Epoch 59, cost = 2.303959, train_acc = 10.09% val_acc = 10.37%
Epoch 60, cost = 2.303946, train_acc = 9.66% val_acc = 10.11%
Epoch 61, cost = 2.303948, train_acc = 10.07% val_acc = 9.59%
Epoch 62, cost = 2.303949, train_acc = 9.83% val_acc = 10.10%
Epoch 63, cost = 2.303951, train_acc = 10.03% val_acc = 10.22%
Epoch 64, cost = 2.303954, train_acc = 10.00% val_acc = 10.15%
Epoch 65, cost = 2.303956, train_acc = 10.13% val_acc = 9.59%
Epoch 66, cost = 2.303968, train_acc = 10.10% val_acc = 9.75%
Epoch 67, cost = 2.303950, train_acc = 10.07% val_acc = 9.85%
Epoch 68, cost = 2.303958, train_acc = 10.05% val_acc = 10.27%
Epoch 69, cost = 2.303959, train_acc = 10.07% val_acc = 10.16%
Epoch 70, cost = 2.303947, train_acc = 9.93% val_acc = 9.96%
Epoch 71, cost = 2.303954, train_acc = 10.19% val_acc = 10.18%
Epoch 72, cost = 2.303961, train_acc = 10.33% val_acc = 9.92%
Epoch 73, cost = 2.303952, train_acc = 10.07% val_acc = 10.00%
Epoch 74, cost = 2.303951, train_acc = 10.04% val_acc = 10.49%
Epoch 75, cost = 2.303955, train_acc = 9.81% val_acc = 10.10%
Epoch 76, cost = 2.303956, train_acc = 10.11% val_acc = 10.55%
Epoch 77, cost = 2.303952, train_acc = 10.06% val_acc = 10.02%
Epoch 78, cost = 2.303958, train_acc = 10.02% val_acc = 9.63%
Epoch 79, cost = 2.303960, train_acc = 9.99% val_acc = 10.05%
Epoch 80, cost = 2.303951, train_acc = 9.64% val_acc = 10.31%
Epoch 81, cost = 2.303945, train_acc = 10.20% val_acc = 10.16%
Epoch 82, cost = 2.303964, train_acc = 10.08% val_acc = 10.08%
Epoch 83, cost = 2.303956, train_acc = 9.96% val_acc = 9.61%
Epoch 84, cost = 2.303953, train_acc = 10.00% val_acc = 9.89%
Epoch 85, cost = 2.303954, train_acc = 10.00% val_acc = 9.53%
Epoch 86, cost = 2.303941, train_acc = 9.86% val_acc = 10.16%
Epoch 87, cost = 2.303951, train_acc = 10.06% val_acc = 9.84%
Epoch 88, cost = 2.303962, train_acc = 9.91% val_acc = 9.92%
Epoch 89, cost = 2.303947, train_acc = 9.87% val_acc = 10.35%
Epoch 90, cost = 2.303946, train_acc = 9.82% val_acc = 10.07%
Epoch 91, cost = 2.303961, train_acc = 10.14% val_acc = 9.58%
Epoch 92, cost = 2.303951, train_acc = 10.04% val_acc = 9.77%
Epoch 93, cost = 2.303951, train_acc = 9.69% val_acc = 10.17%
Epoch 94, cost = 2.303955, train_acc = 9.86% val_acc = 9.95%
Epoch 95, cost = 2.303955, train_acc = 10.16% val_acc = 9.83%
Epoch 96, cost = 2.303948, train_acc = 9.80% val_acc = 10.23%
Epoch 97, cost = 2.303950, train_acc = 9.75% val_acc = 9.43%
Epoch 98, cost = 2.303942, train_acc = 9.88% val_acc = 10.36%
Epoch 99, cost = 2.303953, train_acc = 10.04% val_acc = 10.17%
Epoch 100, cost = 2.303960, train_acc = 10.09% val_acc = 9.90%
Epoch 101, cost = 2.303954, train_acc = 9.97% val_acc = 10.35%
Epoch 102, cost = 2.303947, train_acc = 10.26% val_acc = 10.08%
Epoch 103, cost = 2.303955, train_acc = 9.99% val_acc = 10.30%
Epoch 104, cost = 2.303952, train_acc = 9.98% val_acc = 9.74%
Epoch 105, cost = 2.303952, train_acc = 10.14% val_acc = 10.35%
Epoch 106, cost = 2.303944, train_acc = 10.14% val_acc = 10.28%
Epoch 107, cost = 2.303950, train_acc = 10.02% val_acc = 10.17%
Epoch 108, cost = 2.303965, train_acc = 10.12% val_acc = 10.30%
Epoch 109, cost = 2.303955, train_acc = 10.30% val_acc = 10.37%
Epoch 110, cost = 2.303970, train_acc = 9.84% val_acc = 10.08%
Epoch 111, cost = 2.303959, train_acc = 10.01% val_acc = 9.76%
Epoch 112, cost = 2.303937, train_acc = 10.07% val_acc = 9.79%
Epoch 113, cost = 2.303962, train_acc = 10.04% val_acc = 10.33%
Epoch 114, cost = 2.303941, train_acc = 10.20% val_acc = 9.87%
Epoch 115, cost = 2.303943, train_acc = 10.12% val_acc = 9.67%
Epoch 116, cost = 2.303955, train_acc = 9.79% val_acc = 10.67%
Epoch 117, cost = 2.303956, train_acc = 9.99% val_acc = 10.38%
Epoch 118, cost = 2.303944, train_acc = 10.00% val_acc = 9.60%
Epoch 119, cost = 2.303951, train_acc = 10.08% val_acc = 10.17%
Epoch 120, cost = 2.303942, train_acc = 10.19% val_acc = 9.96%
Epoch 121, cost = 2.303953, train_acc = 9.89% val_acc = 10.11%
Epoch 122, cost = 2.303945, train_acc = 10.19% val_acc = 10.02%
Epoch 123, cost = 2.303941, train_acc = 10.17% val_acc = 9.81%
Epoch 124, cost = 2.303950, train_acc = 9.94% val_acc = 10.56%
Epoch 125, cost = 2.303953, train_acc = 9.87% val_acc = 10.22%
Epoch 126, cost = 2.303950, train_acc = 10.18% val_acc = 9.81%
Epoch 127, cost = 2.303951, train_acc = 9.52% val_acc = 9.50%
Epoch 128, cost = 2.303946, train_acc = 10.00% val_acc = 9.75%
Epoch 129, cost = 2.303939, train_acc = 10.19% val_acc = 10.76%
Epoch 130, cost = 2.303962, train_acc = 9.94% val_acc = 10.16%
Epoch 131, cost = 2.303966, train_acc = 9.98% val_acc = 9.53%
Epoch 132, cost = 2.303936, train_acc = 10.07% val_acc = 10.26%
Epoch 133, cost = 2.303947, train_acc = 10.10% val_acc = 10.02%
Epoch 134, cost = 2.303944, train_acc = 10.31% val_acc = 9.76%
Epoch 135, cost = 2.303951, train_acc = 10.23% val_acc = 10.28%
Epoch 136, cost = 2.303935, train_acc = 10.08% val_acc = 10.12%
Epoch 137, cost = 2.303942, train_acc = 10.12% val_acc = 9.74%
Epoch 138, cost = 2.303938, train_acc = 9.99% val_acc = 10.43%
Epoch 139, cost = 2.303944, train_acc = 10.20% val_acc = 9.96%
Epoch 140, cost = 2.303945, train_acc = 10.08% val_acc = 9.95%
Epoch 141, cost = 2.303933, train_acc = 10.05% val_acc = 9.79%
Epoch 142, cost = 2.303947, train_acc = 10.12% val_acc = 9.93%
Epoch 143, cost = 2.303944, train_acc = 9.90% val_acc = 10.12%
Epoch 144, cost = 2.303947, train_acc = 10.12% val_acc = 10.28%
Epoch 145, cost = 2.303945, train_acc = 10.32% val_acc = 10.02%
Epoch 146, cost = 2.303943, train_acc = 10.34% val_acc = 10.23%
Epoch 147, cost = 2.303952, train_acc = 10.14% val_acc = 10.42%
Epoch 148, cost = 2.303937, train_acc = 10.16% val_acc = 9.95%
Epoch 149, cost = 2.303955, train_acc = 10.29% val_acc = 9.63%
Epoch 150, cost = 2.303955, train_acc = 9.72% val_acc = 10.17%
Epoch 151, cost = 2.303929, train_acc = 10.28% val_acc = 10.38%
Epoch 152, cost = 2.303956, train_acc = 9.78% val_acc = 10.21%
Epoch 153, cost = 2.303934, train_acc = 9.97% val_acc = 10.29%
Epoch 154, cost = 2.303933, train_acc = 10.34% val_acc = 10.09%
Epoch 155, cost = 2.303939, train_acc = 10.23% val_acc = 10.04%
Epoch 156, cost = 2.303952, train_acc = 10.12% val_acc = 10.59%
Epoch 157, cost = 2.303941, train_acc = 10.17% val_acc = 10.71%
Epoch 158, cost = 2.303929, train_acc = 10.28% val_acc = 10.05%
Epoch 159, cost = 2.303934, train_acc = 9.99% val_acc = 9.91%
Epoch 160, cost = 2.303933, train_acc = 10.49% val_acc = 10.48%
Epoch 161, cost = 2.303922, train_acc = 10.50% val_acc = 10.07%
Epoch 162, cost = 2.303932, train_acc = 10.50% val_acc = 10.71%
Epoch 163, cost = 2.303942, train_acc = 10.28% val_acc = 10.18%
Epoch 164, cost = 2.303923, train_acc = 10.59% val_acc = 10.33%
Epoch 165, cost = 2.303924, train_acc = 10.40% val_acc = 9.64%
Epoch 166, cost = 2.303930, train_acc = 10.33% val_acc = 9.93%
Epoch 167, cost = 2.303923, train_acc = 10.20% val_acc = 10.54%
Epoch 168, cost = 2.303924, train_acc = 10.39% val_acc = 10.13%
Epoch 169, cost = 2.303927, train_acc = 10.24% val_acc = 9.65%
Epoch 170, cost = 2.303927, train_acc = 10.26% val_acc = 10.42%
Epoch 171, cost = 2.303926, train_acc = 10.32% val_acc = 10.28%
Epoch 172, cost = 2.303914, train_acc = 10.42% val_acc = 10.41%
Epoch 173, cost = 2.303916, train_acc = 10.21% val_acc = 10.19%
Epoch 174, cost = 2.303910, train_acc = 10.57% val_acc = 10.50%
Epoch 175, cost = 2.303907, train_acc = 10.30% val_acc = 10.91%
Epoch 176, cost = 2.303896, train_acc = 10.42% val_acc = 10.44%
Epoch 177, cost = 2.303896, train_acc = 10.83% val_acc = 11.02%
Epoch 178, cost = 2.303877, train_acc = 10.75% val_acc = 11.06%
Epoch 179, cost = 2.303882, train_acc = 10.53% val_acc = 10.88%
Epoch 180, cost = 2.303862, train_acc = 10.94% val_acc = 11.11%
Epoch 181, cost = 2.303842, train_acc = 10.90% val_acc = 10.94%
Epoch 182, cost = 2.303844, train_acc = 11.09% val_acc = 11.56%
Epoch 183, cost = 2.303795, train_acc = 11.40% val_acc = 11.74%
Epoch 184, cost = 2.303782, train_acc = 11.70% val_acc = 12.12%
Epoch 185, cost = 2.303716, train_acc = 12.52% val_acc = 12.37%
Epoch 186, cost = 2.303640, train_acc = 12.55% val_acc = 12.56%
Epoch 187, cost = 2.303524, train_acc = 13.21% val_acc = 13.27%
Epoch 188, cost = 2.303284, train_acc = 13.36% val_acc = 13.64%
Epoch 189, cost = 2.302857, train_acc = 13.16% val_acc = 12.91%
Epoch 190, cost = 2.300764, train_acc = 10.77% val_acc = 10.78%
Epoch 191, cost = 2.111869, train_acc = 45.03% val_acc = 52.83%
Epoch 192, cost = 1.883671, train_acc = 64.49% val_acc = 73.37%
Epoch 193, cost = 1.796518, train_acc = 69.73% val_acc = 77.73%
Epoch 194, cost = 1.745911, train_acc = 76.21% val_acc = 83.88%
Epoch 195, cost = 1.666677, train_acc = 83.30% val_acc = 90.24%
Epoch 196, cost = 1.620308, train_acc = 84.79% val_acc = 90.25%
Epoch 197, cost = 1.595058, train_acc = 88.27% val_acc = 92.55%
Epoch 198, cost = 1.578582, train_acc = 89.84% val_acc = 92.96%
Epoch 199, cost = 1.568725, train_acc = 88.88% val_acc = 92.18%
Epoch 200, cost = 1.557654, train_acc = 88.45% val_acc = 91.06%
Epoch 201, cost = 1.554000, train_acc = 91.68% val_acc = 94.02%
Epoch 202, cost = 1.544902, train_acc = 92.15% val_acc = 94.62%
Epoch 203, cost = 1.543736, train_acc = 92.27% val_acc = 94.21%
Epoch 204, cost = 1.537737, train_acc = 93.65% val_acc = 94.97%
Epoch 205, cost = 1.530904, train_acc = 93.99% val_acc = 95.25%
Epoch 206, cost = 1.525256, train_acc = 93.87% val_acc = 95.13%
Epoch 207, cost = 1.524173, train_acc = 94.46% val_acc = 95.29%
Epoch 208, cost = 1.519574, train_acc = 94.28% val_acc = 95.18%
Epoch 209, cost = 1.517332, train_acc = 94.57% val_acc = 94.74%
Epoch 210, cost = 1.515291, train_acc = 95.03% val_acc = 95.17%
Epoch 211, cost = 1.512417, train_acc = 95.71% val_acc = 95.82%
Epoch 212, cost = 1.509946, train_acc = 93.97% val_acc = 94.25%
Epoch 213, cost = 1.508504, train_acc = 95.43% val_acc = 95.67%
Epoch 214, cost = 1.506959, train_acc = 96.12% val_acc = 95.99%
Epoch 215, cost = 1.505690, train_acc = 96.35% val_acc = 95.79%
Epoch 216, cost = 1.503967, train_acc = 95.77% val_acc = 95.81%
Epoch 217, cost = 1.505206, train_acc = 96.13% val_acc = 96.17%
Epoch 218, cost = 1.503748, train_acc = 96.57% val_acc = 96.23%
Epoch 219, cost = 1.501230, train_acc = 96.16% val_acc = 95.87%
Epoch 220, cost = 1.500450, train_acc = 96.47% val_acc = 96.30%
Epoch 221, cost = 1.500332, train_acc = 96.11% val_acc = 96.06%
Epoch 222, cost = 1.497476, train_acc = 96.32% val_acc = 96.11%
Epoch 223, cost = 1.497852, train_acc = 96.62% val_acc = 96.34%
Epoch 224, cost = 1.496399, train_acc = 96.50% val_acc = 96.45%
Epoch 225, cost = 1.497581, train_acc = 96.56% val_acc = 96.39%
Epoch 226, cost = 1.495004, train_acc = 96.01% val_acc = 96.05%
Epoch 227, cost = 1.491377, train_acc = 97.11% val_acc = 96.40%
Epoch 228, cost = 1.493135, train_acc = 96.60% val_acc = 96.31%
Epoch 229, cost = 1.491609, train_acc = 96.94% val_acc = 96.15%
Epoch 230, cost = 1.492610, train_acc = 97.33% val_acc = 96.37%
Epoch 231, cost = 1.492904, train_acc = 96.53% val_acc = 96.12%
Epoch 232, cost = 1.489570, train_acc = 97.49% val_acc = 96.48%
Epoch 233, cost = 1.490695, train_acc = 96.88% val_acc = 96.06%
Epoch 234, cost = 1.490847, train_acc = 97.42% val_acc = 96.47%
Epoch 235, cost = 1.489632, train_acc = 96.48% val_acc = 95.77%
Epoch 236, cost = 1.489156, train_acc = 97.30% val_acc = 96.41%
Epoch 237, cost = 1.487119, train_acc = 97.44% val_acc = 96.22%
Epoch 238, cost = 1.488615, train_acc = 97.40% val_acc = 96.34%
Epoch 239, cost = 1.490086, train_acc = 97.50% val_acc = 96.92%
Epoch 240, cost = 1.486550, train_acc = 97.33% val_acc = 96.33%
Epoch 241, cost = 1.488312, train_acc = 97.59% val_acc = 96.48%
Epoch 242, cost = 1.486892, train_acc = 97.74% val_acc = 96.81%
Epoch 243, cost = 1.485968, train_acc = 96.97% val_acc = 96.06%
Epoch 244, cost = 1.487538, train_acc = 97.61% val_acc = 96.93%
Epoch 245, cost = 1.486162, train_acc = 97.65% val_acc = 96.68%
Epoch 246, cost = 1.486957, train_acc = 97.57% val_acc = 96.68%
Epoch 247, cost = 1.488278, train_acc = 97.71% val_acc = 96.46%
Epoch 248, cost = 1.488078, train_acc = 96.95% val_acc = 96.44%
Epoch 249, cost = 1.488316, train_acc = 97.55% val_acc = 96.40%
Epoch 250, cost = 1.484792, train_acc = 97.89% val_acc = 96.96%
Epoch 251, cost = 1.487110, train_acc = 97.57% val_acc = 96.44%
Epoch 252, cost = 1.487620, train_acc = 97.80% val_acc = 96.93%
Epoch 253, cost = 1.484573, train_acc = 97.81% val_acc = 96.49%
Epoch 254, cost = 1.484758, train_acc = 97.43% val_acc = 96.39%
Epoch 255, cost = 1.483729, train_acc = 98.14% val_acc = 97.07%
Epoch 256, cost = 1.482770, train_acc = 98.20% val_acc = 96.94%
Epoch 257, cost = 1.486985, train_acc = 97.77% val_acc = 96.56%
Epoch 258, cost = 1.487710, train_acc = 97.28% val_acc = 96.05%
Epoch 259, cost = 1.485284, train_acc = 97.77% val_acc = 96.28%
Epoch 260, cost = 1.483180, train_acc = 97.81% val_acc = 96.32%
Epoch 261, cost = 1.484175, train_acc = 97.92% val_acc = 96.81%
Epoch 262, cost = 1.483120, train_acc = 97.86% val_acc = 96.50%
Epoch 263, cost = 1.483803, train_acc = 98.11% val_acc = 96.73%
Epoch 264, cost = 1.479964, train_acc = 98.50% val_acc = 97.01%
Epoch 265, cost = 1.480405, train_acc = 98.49% val_acc = 96.90%
Epoch 266, cost = 1.479940, train_acc = 98.35% val_acc = 97.01%
Epoch 267, cost = 1.480356, train_acc = 98.24% val_acc = 97.25%
Epoch 268, cost = 1.480869, train_acc = 98.30% val_acc = 96.87%
Epoch 269, cost = 1.481112, train_acc = 98.41% val_acc = 97.01%
Epoch 270, cost = 1.479660, train_acc = 98.33% val_acc = 96.63%
Epoch 271, cost = 1.480399, train_acc = 98.27% val_acc = 96.65%
Epoch 272, cost = 1.481233, train_acc = 98.23% val_acc = 96.61%
Epoch 273, cost = 1.479638, train_acc = 98.43% val_acc = 96.90%
Epoch 274, cost = 1.478712, train_acc = 98.14% val_acc = 96.68%
Epoch 275, cost = 1.478505, train_acc = 98.33% val_acc = 96.89%
Epoch 276, cost = 1.480261, train_acc = 97.80% val_acc = 96.79%
Epoch 277, cost = 1.480263, train_acc = 98.03% val_acc = 96.91%
Epoch 278, cost = 1.479311, train_acc = 98.22% val_acc = 97.04%
Epoch 279, cost = 1.478992, train_acc = 98.36% val_acc = 97.04%
Epoch 280, cost = 1.481115, train_acc = 98.46% val_acc = 96.57%
Epoch 281, cost = 1.480210, train_acc = 97.86% val_acc = 96.25%
Epoch 282, cost = 1.478345, train_acc = 98.14% val_acc = 96.51%
Epoch 283, cost = 1.477824, train_acc = 98.47% val_acc = 96.85%
Epoch 284, cost = 1.477378, train_acc = 98.57% val_acc = 97.12%
Epoch 285, cost = 1.479188, train_acc = 98.50% val_acc = 97.09%
Epoch 286, cost = 1.479559, train_acc = 98.31% val_acc = 96.82%
Epoch 287, cost = 1.478175, train_acc = 98.63% val_acc = 97.25%
Epoch 288, cost = 1.476495, train_acc = 98.62% val_acc = 96.94%
Epoch 289, cost = 1.476548, train_acc = 98.43% val_acc = 96.69%
Epoch 290, cost = 1.477116, train_acc = 98.56% val_acc = 96.88%
Epoch 291, cost = 1.477546, train_acc = 97.68% val_acc = 96.01%
Epoch 292, cost = 1.480610, train_acc = 98.55% val_acc = 97.03%
Epoch 293, cost = 1.479485, train_acc = 98.29% val_acc = 96.74%
Epoch 294, cost = 1.480075, train_acc = 97.29% val_acc = 95.82%
Epoch 295, cost = 1.480428, train_acc = 97.96% val_acc = 96.66%
Epoch 296, cost = 1.480577, train_acc = 98.31% val_acc = 97.02%
Epoch 297, cost = 1.477938, train_acc = 98.72% val_acc = 97.21%
Epoch 298, cost = 1.479469, train_acc = 97.82% val_acc = 96.41%
Epoch 299, cost = 1.480254, train_acc = 98.31% val_acc = 96.98%
Epoch 300, cost = 1.479624, train_acc = 98.19% val_acc = 96.72%
Epoch 301, cost = 1.483791, train_acc = 98.28% val_acc = 96.71%
Epoch 302, cost = 1.476905, train_acc = 98.55% val_acc = 97.05%
Epoch 303, cost = 1.480814, train_acc = 98.37% val_acc = 96.86%
Epoch 304, cost = 1.480521, train_acc = 97.22% val_acc = 96.44%
Epoch 305, cost = 1.483554, train_acc = 97.98% val_acc = 96.55%
Epoch 306, cost = 1.482479, train_acc = 98.23% val_acc = 97.06%
Epoch 307, cost = 1.479997, train_acc = 98.13% val_acc = 96.89%
Epoch 308, cost = 1.477925, train_acc = 98.44% val_acc = 97.36%
Epoch 309, cost = 1.476257, train_acc = 98.57% val_acc = 96.98%
Epoch 310, cost = 1.477092, train_acc = 98.53% val_acc = 97.05%
Epoch 311, cost = 1.478417, train_acc = 98.41% val_acc = 97.12%
Epoch 312, cost = 1.475682, train_acc = 98.60% val_acc = 97.17%
Epoch 313, cost = 1.477019, train_acc = 98.66% val_acc = 97.34%
Epoch 314, cost = 1.475955, train_acc = 98.46% val_acc = 96.95%
Epoch 315, cost = 1.478038, train_acc = 98.37% val_acc = 97.05%
Epoch 316, cost = 1.480116, train_acc = 98.13% val_acc = 96.76%
Epoch 317, cost = 1.480249, train_acc = 98.16% val_acc = 96.85%
Epoch 318, cost = 1.484664, train_acc = 97.94% val_acc = 96.50%
Epoch 319, cost = 1.483420, train_acc = 97.71% val_acc = 96.79%
Epoch 320, cost = 1.487423, train_acc = 98.09% val_acc = 96.79%
Epoch 321, cost = 1.483624, train_acc = 97.94% val_acc = 96.41%
Epoch 322, cost = 1.485180, train_acc = 97.77% val_acc = 96.56%
Epoch 323, cost = 1.482230, train_acc = 98.21% val_acc = 97.06%
Epoch 324, cost = 1.481353, train_acc = 98.03% val_acc = 96.82%
Epoch 325, cost = 1.483674, train_acc = 97.65% val_acc = 96.83%
Epoch 326, cost = 1.482599, train_acc = 97.91% val_acc = 96.68%
Epoch 327, cost = 1.480147, train_acc = 98.41% val_acc = 97.25%
Epoch 328, cost = 1.481230, train_acc = 97.88% val_acc = 96.88%
Epoch 329, cost = 1.481802, train_acc = 98.20% val_acc = 96.93%
Epoch 330, cost = 1.483101, train_acc = 97.66% val_acc = 96.14%
Epoch 331, cost = 1.483923, train_acc = 97.96% val_acc = 96.63%
Epoch 332, cost = 1.482702, train_acc = 98.26% val_acc = 96.92%
Epoch 333, cost = 1.485873, train_acc = 98.07% val_acc = 97.13%
Epoch 334, cost = 1.480625, train_acc = 97.97% val_acc = 96.85%
Epoch 335, cost = 1.481384, train_acc = 97.64% val_acc = 96.36%
Epoch 336, cost = 1.482764, train_acc = 97.72% val_acc = 96.50%
Epoch 337, cost = 1.482043, train_acc = 97.83% val_acc = 96.48%
Epoch 338, cost = 1.487993, train_acc = 97.30% val_acc = 96.20%
Epoch 339, cost = 1.485826, train_acc = 98.00% val_acc = 96.81%
Epoch 340, cost = 1.482629, train_acc = 98.20% val_acc = 96.87%
Epoch 341, cost = 1.484920, train_acc = 98.10% val_acc = 96.96%
Epoch 342, cost = 1.485962, train_acc = 97.25% val_acc = 96.07%
Epoch 343, cost = 1.485780, train_acc = 97.44% val_acc = 95.97%
Epoch 344, cost = 1.497620, train_acc = 95.54% val_acc = 95.52%
Epoch 345, cost = 1.494274, train_acc = 97.11% val_acc = 96.78%
Epoch 346, cost = 1.486518, train_acc = 97.29% val_acc = 96.69%
Epoch 347, cost = 1.484788, train_acc = 97.74% val_acc = 96.82%
Epoch 348, cost = 1.484159, train_acc = 97.56% val_acc = 96.66%
Epoch 349, cost = 1.490678, train_acc = 97.97% val_acc = 96.73%
Epoch 350, cost = 1.496744, train_acc = 97.24% val_acc = 96.80%
Epoch 351, cost = 1.485439, train_acc = 97.96% val_acc = 96.89%
Epoch 352, cost = 1.488382, train_acc = 97.29% val_acc = 96.38%
Epoch 353, cost = 1.487677, train_acc = 96.86% val_acc = 96.16%
Epoch 354, cost = 1.492874, train_acc = 97.30% val_acc = 95.94%
Epoch 355, cost = 1.503392, train_acc = 96.60% val_acc = 96.06%
Epoch 356, cost = 1.499727, train_acc = 96.60% val_acc = 95.82%
Epoch 357, cost = 1.502593, train_acc = 97.01% val_acc = 96.09%
Epoch 358, cost = 1.511907, train_acc = 95.82% val_acc = 95.44%
Epoch 359, cost = 1.500454, train_acc = 96.54% val_acc = 96.43%
Epoch 360, cost = 1.502143, train_acc = 94.49% val_acc = 94.71%
Epoch 361, cost = 1.534189, train_acc = 95.09% val_acc = 95.39%
Epoch 362, cost = 1.511717, train_acc = 94.03% val_acc = 93.47%
Epoch 363, cost = 1.512907, train_acc = 94.79% val_acc = 94.84%
Epoch 364, cost = 1.514856, train_acc = 94.77% val_acc = 95.56%
Epoch 365, cost = 1.555844, train_acc = 92.22% val_acc = 92.90%
Epoch 366, cost = 1.543184, train_acc = 95.27% val_acc = 95.46%
Epoch 367, cost = 1.589162, train_acc = 47.22% val_acc = 50.85%
Epoch 368, cost = 1.731932, train_acc = 72.87% val_acc = 76.99%
Epoch 369, cost = 2.259638, train_acc = 13.04% val_acc = 13.19%
Epoch 370, cost = 2.341472, train_acc = 10.00% val_acc = 10.00%
Epoch 371, cost = 2.362506, train_acc = 10.00% val_acc = 10.00%
Epoch 372, cost = 2.362580, train_acc = 10.00% val_acc = 10.00%
Epoch 373, cost = 2.362580, train_acc = 10.00% val_acc = 10.00%
Epoch 374, cost = 2.362543, train_acc = 10.00% val_acc = 10.00%
Epoch 375, cost = 2.362543, train_acc = 10.00% val_acc = 10.00%
Epoch 376, cost = 2.362543, train_acc = 10.00% val_acc = 10.00%
Epoch 377, cost = 2.362580, train_acc = 10.00% val_acc = 10.00%
Epoch 378, cost = 2.362543, train_acc = 10.00% val_acc = 10.00%
Epoch 379, cost = 2.362506, train_acc = 10.00% val_acc = 10.01%
Epoch 380, cost = 2.362543, train_acc = 10.00% val_acc = 10.01%
Epoch 381, cost = 2.362469, train_acc = 10.00% val_acc = 10.01%
Epoch 382, cost = 2.362506, train_acc = 10.00% val_acc = 10.00%
Epoch 383, cost = 2.362580, train_acc = 10.00% val_acc = 10.00%
Epoch 384, cost = 2.362506, train_acc = 10.00% val_acc = 10.00%
Epoch 385, cost = 2.362506, train_acc = 10.00% val_acc = 10.00%
Epoch 386, cost = 2.362543, train_acc = 10.00% val_acc = 10.00%
Epoch 387, cost = 2.362506, train_acc = 10.00% val_acc = 10.00%
Epoch 388, cost = 2.362543, train_acc = 10.00% val_acc = 10.00%
Epoch 389, cost = 2.362469, train_acc = 10.00% val_acc = 10.00%
Epoch 390, cost = 2.362543, train_acc = 10.00% val_acc = 10.00%
Epoch 391, cost = 2.362580, train_acc = 10.00% val_acc = 10.00%
Epoch 392, cost = 2.362543, train_acc = 10.00% val_acc = 10.00%
Epoch 393, cost = 2.362543, train_acc = 10.01% val_acc = 10.00%
Epoch 394, cost = 2.362543, train_acc = 10.00% val_acc = 10.01%
Epoch 395, cost = 2.362469, train_acc = 10.00% val_acc = 10.00%
Epoch 396, cost = 2.362506, train_acc = 10.00% val_acc = 10.01%
Epoch 397, cost = 2.362506, train_acc = 10.00% val_acc = 10.01%
Epoch 398, cost = 2.362506, train_acc = 10.00% val_acc = 10.00%
Epoch 399, cost = 2.362580, train_acc = 10.00% val_acc = 10.01%
Epoch 400, cost = 2.362506, train_acc = 10.00% val_acc = 10.00%
Epoch 401, cost = 2.362580, train_acc = 10.00% val_acc = 10.01%
Epoch 402, cost = 2.362506, train_acc = 10.00% val_acc = 10.00%
Epoch 403, cost = 2.362543, train_acc = 10.00% val_acc = 10.01%
Epoch 404, cost = 2.362506, train_acc = 10.00% val_acc = 10.00%
Epoch 405, cost = 2.362543, train_acc = 10.01% val_acc = 10.00%
Epoch 406, cost = 2.362580, train_acc = 10.00% val_acc = 10.00%
Epoch 407, cost = 2.362469, train_acc = 10.00% val_acc = 10.00%
Epoch 408, cost = 2.362506, train_acc = 10.00% val_acc = 10.00%
Epoch 409, cost = 2.362580, train_acc = 10.00% val_acc = 10.00%
Epoch 410, cost = 2.362506, train_acc = 10.00% val_acc = 10.00%
Epoch 411, cost = 2.362543, train_acc = 10.00% val_acc = 10.01%
Epoch 412, cost = 2.362543, train_acc = 10.00% val_acc = 10.01%
Epoch 413, cost = 2.362580, train_acc = 10.00% val_acc = 10.02%
Epoch 414, cost = 2.362469, train_acc = 10.00% val_acc = 10.01%
Epoch 415, cost = 2.362506, train_acc = 10.00% val_acc = 10.00%
Epoch 416, cost = 2.362543, train_acc = 10.00% val_acc = 10.01%
Epoch 417, cost = 2.362469, train_acc = 10.00% val_acc = 10.00%
Epoch 418, cost = 2.362506, train_acc = 10.00% val_acc = 10.00%
Epoch 419, cost = 2.362469, train_acc = 10.00% val_acc = 10.00%
Epoch 420, cost = 2.362506, train_acc = 10.00% val_acc = 10.00%
Epoch 421, cost = 2.362543, train_acc = 10.00% val_acc = 10.00%
Epoch 422, cost = 2.362543, train_acc = 10.01% val_acc = 10.00%
Epoch 423, cost = 2.362543, train_acc = 10.00% val_acc = 10.00%
Epoch 424, cost = 2.362580, train_acc = 10.01% val_acc = 10.01%
Epoch 425, cost = 2.362580, train_acc = 10.00% val_acc = 10.02%
Epoch 426, cost = 2.362543, train_acc = 10.00% val_acc = 10.00%
Epoch 427, cost = 2.362543, train_acc = 10.00% val_acc = 10.00%
Epoch 428, cost = 2.362506, train_acc = 10.00% val_acc = 10.01%
Epoch 429, cost = 2.362469, train_acc = 10.00% val_acc = 10.00%
Epoch 430, cost = 2.362506, train_acc = 10.00% val_acc = 10.00%
Epoch 431, cost = 2.362543, train_acc = 10.00% val_acc = 10.00%
Epoch 432, cost = 2.362580, train_acc = 10.00% val_acc = 10.01%
Epoch 433, cost = 2.362506, train_acc = 10.00% val_acc = 10.01%
Epoch 434, cost = 2.362506, train_acc = 10.00% val_acc = 10.01%
Epoch 435, cost = 2.362543, train_acc = 10.01% val_acc = 10.00%
Epoch 436, cost = 2.362543, train_acc = 10.00% val_acc = 10.01%
Epoch 437, cost = 2.362469, train_acc = 10.00% val_acc = 10.01%
Epoch 438, cost = 2.362543, train_acc = 10.00% val_acc = 10.00%
Epoch 439, cost = 2.362543, train_acc = 10.00% val_acc = 10.00%
Epoch 440, cost = 2.362543, train_acc = 10.00% val_acc = 10.00%
Epoch 441, cost = 2.362543, train_acc = 10.00% val_acc = 10.00%
Epoch 442, cost = 2.362580, train_acc = 10.00% val_acc = 10.00%
Epoch 443, cost = 2.362506, train_acc = 10.01% val_acc = 10.00%
Epoch 444, cost = 2.362395, train_acc = 10.00% val_acc = 10.00%
Epoch 445, cost = 2.362580, train_acc = 10.00% val_acc = 10.00%
Epoch 446, cost = 2.362543, train_acc = 10.00% val_acc = 10.00%
Epoch 447, cost = 2.362580, train_acc = 10.00% val_acc = 10.00%
Epoch 448, cost = 2.362543, train_acc = 10.00% val_acc = 10.00%
Epoch 449, cost = 2.362395, train_acc = 10.00% val_acc = 10.00%
Epoch 450, cost = 2.362469, train_acc = 10.01% val_acc = 10.01%
Epoch 451, cost = 2.362506, train_acc = 10.00% val_acc = 10.00%
Epoch 452, cost = 2.362469, train_acc = 10.00% val_acc = 10.00%
Epoch 453, cost = 2.362543, train_acc = 10.00% val_acc = 10.00%
Epoch 454, cost = 2.362506, train_acc = 10.00% val_acc = 10.00%
Epoch 455, cost = 2.362506, train_acc = 10.00% val_acc = 10.00%
Epoch 456, cost = 2.362543, train_acc = 10.01% val_acc = 10.00%
Epoch 457, cost = 2.362506, train_acc = 10.00% val_acc = 10.00%
Epoch 458, cost = 2.362543, train_acc = 10.00% val_acc = 10.00%
Epoch 459, cost = 2.362506, train_acc = 10.00% val_acc = 10.00%
Epoch 460, cost = 2.362543, train_acc = 10.01% val_acc = 10.00%
Epoch 461, cost = 2.362506, train_acc = 10.00% val_acc = 10.00%
Epoch 462, cost = 2.362543, train_acc = 10.00% val_acc = 10.01%
Epoch 463, cost = 2.362506, train_acc = 10.00% val_acc = 10.01%
Epoch 464, cost = 2.362506, train_acc = 10.00% val_acc = 10.00%
Epoch 465, cost = 2.362506, train_acc = 10.01% val_acc = 10.01%
Epoch 466, cost = 2.362543, train_acc = 10.00% val_acc = 10.00%
Epoch 467, cost = 2.362543, train_acc = 10.00% val_acc = 10.00%
Epoch 468, cost = 2.362580, train_acc = 10.00% val_acc = 10.00%
Epoch 469, cost = 2.362580, train_acc = 10.00% val_acc = 10.00%
Epoch 470, cost = 2.362543, train_acc = 10.00% val_acc = 10.00%
Epoch 471, cost = 2.362580, train_acc = 10.00% val_acc = 10.00%
Epoch 472, cost = 2.362469, train_acc = 10.01% val_acc = 10.00%
Epoch 473, cost = 2.362580, train_acc = 10.00% val_acc = 10.00%
Epoch 474, cost = 2.362469, train_acc = 10.00% val_acc = 10.00%
Epoch 475, cost = 2.362432, train_acc = 10.00% val_acc = 10.00%
Epoch 476, cost = 2.362506, train_acc = 10.00% val_acc = 10.00%
Epoch 477, cost = 2.362543, train_acc = 10.00% val_acc = 10.00%
Epoch 478, cost = 2.362432, train_acc = 10.00% val_acc = 10.00%
Epoch 479, cost = 2.362543, train_acc = 10.00% val_acc = 10.00%
Epoch 480, cost = 2.362543, train_acc = 10.01% val_acc = 10.01%
Epoch 481, cost = 2.362506, train_acc = 10.01% val_acc = 10.00%
Epoch 482, cost = 2.362580, train_acc = 10.00% val_acc = 10.00%
Epoch 483, cost = 2.362580, train_acc = 10.00% val_acc = 10.00%
Epoch 484, cost = 2.362506, train_acc = 10.00% val_acc = 10.00%
Epoch 485, cost = 2.362543, train_acc = 10.01% val_acc = 10.00%
Epoch 486, cost = 2.362543, train_acc = 10.01% val_acc = 10.00%
Epoch 487, cost = 2.362506, train_acc = 10.00% val_acc = 10.00%
Epoch 488, cost = 2.362506, train_acc = 10.00% val_acc = 10.00%
Epoch 489, cost = 2.362506, train_acc = 10.00% val_acc = 10.00%
Epoch 490, cost = 2.362543, train_acc = 10.00% val_acc = 10.01%
Epoch 491, cost = 2.362506, train_acc = 10.00% val_acc = 10.00%
Epoch 492, cost = 2.362580, train_acc = 10.00% val_acc = 10.00%
Epoch 493, cost = 2.362506, train_acc = 10.00% val_acc = 10.00%
Epoch 494, cost = 2.362469, train_acc = 10.00% val_acc = 10.01%
Epoch 495, cost = 2.362543, train_acc = 10.00% val_acc = 10.00%
Epoch 496, cost = 2.362506, train_acc = 10.00% val_acc = 10.01%
Epoch 497, cost = 2.362469, train_acc = 10.00% val_acc = 10.00%
Epoch 498, cost = 2.362469, train_acc = 10.00% val_acc = 10.02%
Epoch 499, cost = 2.362580, train_acc = 10.00% val_acc = 10.00%
Epoch 500, cost = 2.362506, train_acc = 10.01% val_acc = 10.02%
Epoch 501, cost = 2.362506, train_acc = 10.00% val_acc = 10.01%
Epoch 502, cost = 2.362543, train_acc = 10.00% val_acc = 10.00%
Epoch 503, cost = 2.362543, train_acc = 10.00% val_acc = 10.01%
Epoch 504, cost = 2.362506, train_acc = 10.00% val_acc = 10.01%
Epoch 505, cost = 2.362543, train_acc = 10.00% val_acc = 10.00%
Epoch 506, cost = 2.362506, train_acc = 10.00% val_acc = 10.00%
Epoch 507, cost = 2.362506, train_acc = 10.01% val_acc = 10.00%
Epoch 508, cost = 2.362543, train_acc = 10.00% val_acc = 10.00%
Epoch 509, cost = 2.362580, train_acc = 10.00% val_acc = 10.00%
Epoch 510, cost = 2.362432, train_acc = 10.00% val_acc = 10.00%
Epoch 511, cost = 2.362543, train_acc = 10.00% val_acc = 10.01%
Epoch 512, cost = 2.362543, train_acc = 10.00% val_acc = 10.00%
Epoch 513, cost = 2.362580, train_acc = 10.00% val_acc = 10.00%
Epoch 514, cost = 2.362469, train_acc = 10.00% val_acc = 10.01%
Epoch 515, cost = 2.362506, train_acc = 10.01% val_acc = 10.01%
Epoch 516, cost = 2.362506, train_acc = 10.00% val_acc = 10.01%
Epoch 517, cost = 2.362543, train_acc = 10.00% val_acc = 10.00%
Epoch 518, cost = 2.362543, train_acc = 10.00% val_acc = 10.00%
Epoch 519, cost = 2.362580, train_acc = 10.00% val_acc = 10.00%
Epoch 520, cost = 2.362543, train_acc = 10.00% val_acc = 10.01%
Epoch 521, cost = 2.362543, train_acc = 10.00% val_acc = 10.00%
Epoch 522, cost = 2.362543, train_acc = 10.00% val_acc = 10.01%
Epoch 523, cost = 2.362580, train_acc = 10.00% val_acc = 10.02%
Epoch 524, cost = 2.362469, train_acc = 10.00% val_acc = 10.01%
Epoch 525, cost = 2.362543, train_acc = 10.00% val_acc = 10.01%
Epoch 526, cost = 2.362506, train_acc = 10.00% val_acc = 10.01%
Epoch 527, cost = 2.362543, train_acc = 10.01% val_acc = 10.00%
Epoch 528, cost = 2.362395, train_acc = 10.00% val_acc = 10.02%
Epoch 529, cost = 2.362543, train_acc = 10.00% val_acc = 10.00%
Epoch 530, cost = 2.362543, train_acc = 10.00% val_acc = 10.00%
Epoch 531, cost = 2.362506, train_acc = 10.00% val_acc = 10.00%
Epoch 532, cost = 2.362543, train_acc = 10.00% val_acc = 10.00%
Epoch 533, cost = 2.362469, train_acc = 10.00% val_acc = 10.00%
Epoch 534, cost = 2.362580, train_acc = 10.00% val_acc = 10.00%
Epoch 535, cost = 2.362543, train_acc = 10.00% val_acc = 10.01%
Epoch 536, cost = 2.362469, train_acc = 10.00% val_acc = 10.00%
Epoch 537, cost = 2.362506, train_acc = 10.00% val_acc = 10.00%
Epoch 538, cost = 2.362580, train_acc = 10.00% val_acc = 10.01%
Epoch 539, cost = 2.362358, train_acc = 10.00% val_acc = 10.00%
Epoch 540, cost = 2.362543, train_acc = 10.00% val_acc = 10.01%
Epoch 541, cost = 2.362432, train_acc = 10.00% val_acc = 10.00%
Epoch 542, cost = 2.362506, train_acc = 10.01% val_acc = 10.00%
Epoch 543, cost = 2.362580, train_acc = 10.00% val_acc = 10.00%
Epoch 544, cost = 2.362506, train_acc = 10.00% val_acc = 10.00%
Epoch 545, cost = 2.362580, train_acc = 10.01% val_acc = 10.01%
Epoch 546, cost = 2.362580, train_acc = 10.00% val_acc = 10.00%
Epoch 547, cost = 2.362543, train_acc = 10.00% val_acc = 10.00%
Epoch 548, cost = 2.362580, train_acc = 10.00% val_acc = 10.00%
Epoch 549, cost = 2.362432, train_acc = 10.00% val_acc = 10.01%
Epoch 550, cost = 2.362543, train_acc = 10.00% val_acc = 10.01%
Epoch 551, cost = 2.362506, train_acc = 10.00% val_acc = 10.01%
Epoch 552, cost = 2.362579, train_acc = 10.01% val_acc = 10.00%
Epoch 553, cost = 2.362506, train_acc = 10.00% val_acc = 10.00%
Epoch 554, cost = 2.362543, train_acc = 10.00% val_acc = 10.01%
Epoch 555, cost = 2.362506, train_acc = 10.00% val_acc = 10.01%
Epoch 556, cost = 2.362580, train_acc = 10.00% val_acc = 9.99%
Epoch 557, cost = 2.362580, train_acc = 10.00% val_acc = 10.00%
Epoch 558, cost = 2.362506, train_acc = 10.00% val_acc = 10.00%
Epoch 559, cost = 2.362543, train_acc = 10.00% val_acc = 10.00%
Epoch 560, cost = 2.362543, train_acc = 10.00% val_acc = 10.00%
Epoch 561, cost = 2.362506, train_acc = 10.00% val_acc = 10.01%
Epoch 562, cost = 2.362543, train_acc = 10.00% val_acc = 10.00%
Epoch 563, cost = 2.362543, train_acc = 10.01% val_acc = 10.01%
Epoch 564, cost = 2.362469, train_acc = 10.00% val_acc = 10.01%
Epoch 565, cost = 2.362543, train_acc = 10.00% val_acc = 10.00%
Epoch 566, cost = 2.362543, train_acc = 10.00% val_acc = 10.00%
Epoch 567, cost = 2.362543, train_acc = 10.00% val_acc = 10.00%
Epoch 568, cost = 2.362432, train_acc = 10.00% val_acc = 10.00%
Epoch 569, cost = 2.362543, train_acc = 10.01% val_acc = 10.01%
Epoch 570, cost = 2.362543, train_acc = 10.00% val_acc = 10.00%
Epoch 571, cost = 2.362469, train_acc = 10.01% val_acc = 10.02%
Epoch 572, cost = 2.362543, train_acc = 10.00% val_acc = 10.01%
Epoch 573, cost = 2.362506, train_acc = 10.00% val_acc = 10.00%
Epoch 574, cost = 2.362469, train_acc = 10.00% val_acc = 10.00%
Epoch 575, cost = 2.362506, train_acc = 10.00% val_acc = 10.01%
Epoch 576, cost = 2.362432, train_acc = 10.01% val_acc = 10.01%
Epoch 577, cost = 2.362506, train_acc = 10.00% val_acc = 10.01%
Epoch 578, cost = 2.362580, train_acc = 10.00% val_acc = 10.00%
Epoch 579, cost = 2.362580, train_acc = 10.00% val_acc = 10.00%
Epoch 580, cost = 2.362580, train_acc = 10.00% val_acc = 10.00%
Epoch 581, cost = 2.362543, train_acc = 10.00% val_acc = 10.01%
Epoch 582, cost = 2.362432, train_acc = 10.00% val_acc = 10.01%
Epoch 583, cost = 2.362543, train_acc = 10.00% val_acc = 10.00%
Epoch 584, cost = 2.362543, train_acc = 10.01% val_acc = 10.01%
Epoch 585, cost = 2.362580, train_acc = 10.01% val_acc = 10.00%
Epoch 586, cost = 2.362543, train_acc = 10.01% val_acc = 10.00%
Epoch 587, cost = 2.362506, train_acc = 10.00% val_acc = 10.01%
Epoch 588, cost = 2.362469, train_acc = 10.00% val_acc = 10.00%
Epoch 589, cost = 2.362506, train_acc = 10.00% val_acc = 10.00%
Epoch 590, cost = 2.362580, train_acc = 10.00% val_acc = 10.01%
Epoch 591, cost = 2.362580, train_acc = 10.00% val_acc = 10.00%
Epoch 592, cost = 2.362543, train_acc = 10.00% val_acc = 10.00%
Epoch 593, cost = 2.362506, train_acc = 10.01% val_acc = 10.00%
Epoch 594, cost = 2.355673, train_acc = 10.01% val_acc = 10.01%
Epoch 595, cost = 2.362506, train_acc = 10.00% val_acc = 10.01%
Epoch 596, cost = 2.362506, train_acc = 10.01% val_acc = 10.01%
Epoch 597, cost = 2.362432, train_acc = 10.00% val_acc = 10.01%
Epoch 598, cost = 2.362506, train_acc = 10.00% val_acc = 10.00%
Epoch 599, cost = 2.362469, train_acc = 10.00% val_acc = 10.01%
Epoch 600, cost = 2.361291, train_acc = 10.33% val_acc = 10.52%
Epoch 601, cost = 2.356650, train_acc = 10.56% val_acc = 10.94%
Epoch 602, cost = 2.355541, train_acc = 11.18% val_acc = 10.97%
Epoch 603, cost = 2.355244, train_acc = 11.01% val_acc = 11.13%
Epoch 604, cost = 2.351206, train_acc = 10.95% val_acc = 10.93%
Epoch 605, cost = 2.355985, train_acc = 10.65% val_acc = 11.12%
Epoch 606, cost = 2.354096, train_acc = 10.82% val_acc = 11.23%
Epoch 607, cost = 2.353613, train_acc = 10.79% val_acc = 11.05%
Epoch 608, cost = 2.352132, train_acc = 11.02% val_acc = 11.21%
Epoch 609, cost = 2.352910, train_acc = 10.80% val_acc = 10.88%
Epoch 610, cost = 2.351502, train_acc = 11.00% val_acc = 10.90%
Epoch 611, cost = 2.359525, train_acc = 10.00% val_acc = 10.00%
Epoch 612, cost = 2.362617, train_acc = 9.99% val_acc = 10.01%
Epoch 613, cost = 2.362617, train_acc = 10.01% val_acc = 10.00%
Epoch 614, cost = 2.362617, train_acc = 10.00% val_acc = 10.01%
Epoch 615, cost = 2.362358, train_acc = 10.00% val_acc = 10.00%
Epoch 616, cost = 2.362580, train_acc = 10.00% val_acc = 9.99%
Epoch 617, cost = 2.362395, train_acc = 10.00% val_acc = 10.00%
Epoch 618, cost = 2.362506, train_acc = 10.01% val_acc = 9.98%
Epoch 619, cost = 2.362580, train_acc = 9.99% val_acc = 9.99%
Epoch 620, cost = 2.362506, train_acc = 10.00% val_acc = 10.00%
Epoch 621, cost = 2.362543, train_acc = 9.99% val_acc = 10.01%
Epoch 622, cost = 2.362580, train_acc = 10.00% val_acc = 10.00%
Epoch 623, cost = 2.362543, train_acc = 10.01% val_acc = 10.03%
Epoch 624, cost = 2.362617, train_acc = 10.02% val_acc = 10.01%
Epoch 625, cost = 2.362135, train_acc = 10.00% val_acc = 9.99%
Epoch 626, cost = 2.362580, train_acc = 10.00% val_acc = 10.00%
Epoch 627, cost = 2.362469, train_acc = 10.01% val_acc = 10.01%
Epoch 628, cost = 2.362432, train_acc = 9.99% val_acc = 9.99%
Epoch 629, cost = 2.362617, train_acc = 10.00% val_acc = 9.99%
Epoch 630, cost = 2.362654, train_acc = 10.01% val_acc = 10.01%
Epoch 631, cost = 2.362506, train_acc = 10.01% val_acc = 10.00%
Epoch 632, cost = 2.362654, train_acc = 10.00% val_acc = 10.00%
Epoch 633, cost = 2.362617, train_acc = 10.01% val_acc = 10.00%
Epoch 634, cost = 2.362580, train_acc = 10.00% val_acc = 10.02%
Epoch 635, cost = 2.362543, train_acc = 10.00% val_acc = 10.03%
Epoch 636, cost = 2.362506, train_acc = 10.00% val_acc = 10.00%
Epoch 637, cost = 2.362654, train_acc = 10.01% val_acc = 9.99%
Epoch 638, cost = 2.362543, train_acc = 10.00% val_acc = 9.98%
Epoch 639, cost = 2.362432, train_acc = 10.00% val_acc = 9.99%
Epoch 640, cost = 2.362469, train_acc = 10.00% val_acc = 10.02%
Epoch 641, cost = 2.362580, train_acc = 10.00% val_acc = 9.99%
Epoch 642, cost = 2.362543, train_acc = 10.00% val_acc = 10.00%
Epoch 643, cost = 2.362543, train_acc = 10.00% val_acc = 10.00%
Epoch 644, cost = 2.362506, train_acc = 10.01% val_acc = 10.01%
Epoch 645, cost = 2.362580, train_acc = 10.00% val_acc = 10.01%
Epoch 646, cost = 2.362654, train_acc = 10.00% val_acc = 10.02%
Epoch 647, cost = 2.362506, train_acc = 10.00% val_acc = 10.01%
Epoch 648, cost = 2.362469, train_acc = 10.01% val_acc = 10.00%
Epoch 649, cost = 2.362580, train_acc = 10.00% val_acc = 9.99%
Epoch 650, cost = 2.362617, train_acc = 10.01% val_acc = 10.01%
Epoch 651, cost = 2.362543, train_acc = 10.00% val_acc = 10.00%
Epoch 652, cost = 2.362469, train_acc = 9.99% val_acc = 9.97%
Epoch 653, cost = 2.362580, train_acc = 10.01% val_acc = 10.01%
Epoch 654, cost = 2.362432, train_acc = 10.00% val_acc = 10.00%
Epoch 655, cost = 2.362506, train_acc = 10.01% val_acc = 10.00%
Epoch 656, cost = 2.362395, train_acc = 9.99% val_acc = 10.00%
Epoch 657, cost = 2.362543, train_acc = 10.00% val_acc = 10.00%
Epoch 658, cost = 2.362543, train_acc = 9.99% val_acc = 9.99%
Epoch 659, cost = 2.362506, train_acc = 10.01% val_acc = 9.98%
Epoch 660, cost = 2.362543, train_acc = 9.99% val_acc = 10.01%
Epoch 661, cost = 2.362580, train_acc = 9.99% val_acc = 9.99%
Epoch 662, cost = 2.362691, train_acc = 10.00% val_acc = 10.00%
Epoch 663, cost = 2.362728, train_acc = 9.99% val_acc = 10.00%
Epoch 664, cost = 2.362432, train_acc = 10.00% val_acc = 9.99%
Epoch 665, cost = 2.362580, train_acc = 9.99% val_acc = 10.01%
Epoch 666, cost = 2.362506, train_acc = 10.02% val_acc = 9.99%
Epoch 667, cost = 2.362469, train_acc = 10.00% val_acc = 10.02%
Epoch 668, cost = 2.362617, train_acc = 10.00% val_acc = 10.02%
Epoch 669, cost = 2.362432, train_acc = 10.01% val_acc = 9.97%
Epoch 670, cost = 2.362506, train_acc = 10.00% val_acc = 9.99%
Epoch 671, cost = 2.362617, train_acc = 9.99% val_acc = 9.99%
Epoch 672, cost = 2.362506, train_acc = 10.01% val_acc = 10.00%
Epoch 673, cost = 2.362358, train_acc = 10.00% val_acc = 10.02%
Epoch 674, cost = 2.362543, train_acc = 9.99% val_acc = 10.00%
Epoch 675, cost = 2.362617, train_acc = 10.00% val_acc = 10.02%
Epoch 676, cost = 2.362580, train_acc = 10.01% val_acc = 10.00%
Epoch 677, cost = 2.362543, train_acc = 10.00% val_acc = 10.00%
Epoch 678, cost = 2.362580, train_acc = 10.01% val_acc = 9.99%
Epoch 679, cost = 2.362432, train_acc = 10.00% val_acc = 10.02%
Epoch 680, cost = 2.362543, train_acc = 10.00% val_acc = 10.00%
Epoch 681, cost = 2.362617, train_acc = 10.01% val_acc = 9.98%
Epoch 682, cost = 2.362543, train_acc = 10.00% val_acc = 10.00%
Epoch 683, cost = 2.362543, train_acc = 10.00% val_acc = 10.01%
Epoch 684, cost = 2.362580, train_acc = 10.00% val_acc = 9.99%
Epoch 685, cost = 2.362543, train_acc = 10.00% val_acc = 10.01%
Epoch 686, cost = 2.362432, train_acc = 10.01% val_acc = 9.98%
Epoch 687, cost = 2.362321, train_acc = 10.02% val_acc = 10.00%
Epoch 688, cost = 2.362432, train_acc = 9.99% val_acc = 9.97%
Epoch 689, cost = 2.362506, train_acc = 10.00% val_acc = 9.99%
Epoch 690, cost = 2.362395, train_acc = 10.00% val_acc = 10.05%
Epoch 691, cost = 2.362617, train_acc = 10.00% val_acc = 10.02%
Epoch 692, cost = 2.362580, train_acc = 9.99% val_acc = 9.99%
Epoch 693, cost = 2.362580, train_acc = 10.00% val_acc = 10.00%
Epoch 694, cost = 2.362654, train_acc = 10.00% val_acc = 10.02%
Epoch 695, cost = 2.362395, train_acc = 10.00% val_acc = 9.99%
Epoch 696, cost = 2.362580, train_acc = 10.00% val_acc = 10.02%
Epoch 697, cost = 2.362654, train_acc = 10.01% val_acc = 10.02%
Epoch 698, cost = 2.362543, train_acc = 10.01% val_acc = 10.00%
Epoch 699, cost = 2.362469, train_acc = 10.00% val_acc = 10.00%
Epoch 700, cost = 2.362469, train_acc = 10.02% val_acc = 10.01%
Epoch 701, cost = 2.362580, train_acc = 9.99% val_acc = 9.99%
Epoch 702, cost = 2.362358, train_acc = 10.00% val_acc = 9.97%
Epoch 703, cost = 2.362432, train_acc = 10.00% val_acc = 10.00%
Epoch 704, cost = 2.362432, train_acc = 10.00% val_acc = 10.00%
Epoch 705, cost = 2.362506, train_acc = 10.00% val_acc = 10.01%
Epoch 706, cost = 2.362617, train_acc = 9.99% val_acc = 10.00%
Epoch 707, cost = 2.362654, train_acc = 10.01% val_acc = 10.01%
Epoch 708, cost = 2.362580, train_acc = 10.00% val_acc = 10.02%
Epoch 709, cost = 2.362543, train_acc = 10.01% val_acc = 9.98%
Epoch 710, cost = 2.362506, train_acc = 9.99% val_acc = 10.01%
Epoch 711, cost = 2.362543, train_acc = 10.00% val_acc = 10.01%
Epoch 712, cost = 2.362395, train_acc = 9.99% val_acc = 9.99%
Epoch 713, cost = 2.362506, train_acc = 10.00% val_acc = 9.98%
Epoch 714, cost = 2.362580, train_acc = 10.00% val_acc = 10.03%
Epoch 715, cost = 2.362580, train_acc = 10.01% val_acc = 10.00%
Epoch 716, cost = 2.362469, train_acc = 10.00% val_acc = 10.01%
Epoch 717, cost = 2.362580, train_acc = 10.01% val_acc = 10.01%
Epoch 718, cost = 2.362617, train_acc = 10.01% val_acc = 9.99%
Epoch 719, cost = 2.362617, train_acc = 10.01% val_acc = 9.99%
Epoch 720, cost = 2.362617, train_acc = 10.01% val_acc = 9.98%
Epoch 721, cost = 2.362469, train_acc = 10.01% val_acc = 10.01%
Epoch 722, cost = 2.362543, train_acc = 9.99% val_acc = 10.00%
Epoch 723, cost = 2.362469, train_acc = 9.99% val_acc = 9.99%
Epoch 724, cost = 2.362580, train_acc = 10.00% val_acc = 9.99%
Epoch 725, cost = 2.362543, train_acc = 10.00% val_acc = 10.00%
Epoch 726, cost = 2.362580, train_acc = 9.99% val_acc = 10.02%
Epoch 727, cost = 2.362543, train_acc = 10.00% val_acc = 10.02%
Epoch 728, cost = 2.362506, train_acc = 10.01% val_acc = 10.00%
Epoch 729, cost = 2.362580, train_acc = 9.98% val_acc = 10.00%
Epoch 730, cost = 2.362728, train_acc = 9.99% val_acc = 10.01%
Epoch 731, cost = 2.362580, train_acc = 10.00% val_acc = 9.99%
Epoch 732, cost = 2.362469, train_acc = 10.00% val_acc = 9.99%
Epoch 733, cost = 2.362580, train_acc = 9.99% val_acc = 10.00%
Epoch 734, cost = 2.362469, train_acc = 10.00% val_acc = 10.01%
Epoch 735, cost = 2.362543, train_acc = 10.01% val_acc = 10.01%
Epoch 736, cost = 2.362543, train_acc = 10.01% val_acc = 10.01%
Epoch 737, cost = 2.362691, train_acc = 10.00% val_acc = 10.03%
Epoch 738, cost = 2.362580, train_acc = 10.01% val_acc = 10.00%
Epoch 739, cost = 2.362543, train_acc = 10.00% val_acc = 10.01%
Epoch 740, cost = 2.362469, train_acc = 10.01% val_acc = 9.99%
Epoch 741, cost = 2.362506, train_acc = 10.00% val_acc = 10.01%
Epoch 742, cost = 2.362580, train_acc = 10.01% val_acc = 10.00%
Epoch 743, cost = 2.362580, train_acc = 10.00% val_acc = 10.00%
Epoch 744, cost = 2.362617, train_acc = 10.00% val_acc = 10.00%
Epoch 745, cost = 2.362580, train_acc = 10.00% val_acc = 10.00%
Epoch 746, cost = 2.362617, train_acc = 10.00% val_acc = 10.01%
Epoch 747, cost = 2.362506, train_acc = 10.01% val_acc = 10.00%
Epoch 748, cost = 2.362506, train_acc = 9.99% val_acc = 10.02%
Epoch 749, cost = 2.362469, train_acc = 10.00% val_acc = 9.99%
Epoch 750, cost = 2.362469, train_acc = 10.00% val_acc = 10.00%
Epoch 751, cost = 2.362469, train_acc = 10.00% val_acc = 10.00%
Epoch 752, cost = 2.362543, train_acc = 10.01% val_acc = 10.00%
Epoch 753, cost = 2.362469, train_acc = 10.00% val_acc = 10.01%
Epoch 754, cost = 2.362691, train_acc = 10.00% val_acc = 9.99%
Epoch 755, cost = 2.362543, train_acc = 10.00% val_acc = 9.99%
Epoch 756, cost = 2.362506, train_acc = 10.00% val_acc = 9.99%
Epoch 757, cost = 2.362728, train_acc = 9.99% val_acc = 10.00%
Epoch 758, cost = 2.362506, train_acc = 9.99% val_acc = 10.02%
Epoch 759, cost = 2.362580, train_acc = 10.00% val_acc = 10.00%
Epoch 760, cost = 2.362506, train_acc = 10.01% val_acc = 10.01%
Epoch 761, cost = 2.362728, train_acc = 10.01% val_acc = 10.02%
Epoch 762, cost = 2.362654, train_acc = 10.01% val_acc = 10.00%
Epoch 763, cost = 2.362543, train_acc = 10.00% val_acc = 10.00%
Epoch 764, cost = 2.362432, train_acc = 10.01% val_acc = 9.99%
Epoch 765, cost = 2.362395, train_acc = 10.00% val_acc = 10.00%
Epoch 766, cost = 2.362580, train_acc = 10.00% val_acc = 10.01%
Epoch 767, cost = 2.362469, train_acc = 10.02% val_acc = 10.01%
Epoch 768, cost = 2.362543, train_acc = 10.00% val_acc = 10.00%
Epoch 769, cost = 2.362617, train_acc = 10.00% val_acc = 10.02%
Epoch 770, cost = 2.362543, train_acc = 10.00% val_acc = 9.99%
Epoch 771, cost = 2.362469, train_acc = 10.01% val_acc = 10.02%
Epoch 772, cost = 2.362395, train_acc = 10.00% val_acc = 9.96%
Epoch 773, cost = 2.362580, train_acc = 10.00% val_acc = 9.98%
Epoch 774, cost = 2.362580, train_acc = 10.00% val_acc = 10.03%
Epoch 775, cost = 2.362432, train_acc = 10.01% val_acc = 9.99%
Epoch 776, cost = 2.362654, train_acc = 10.00% val_acc = 10.00%
Epoch 777, cost = 2.362506, train_acc = 10.00% val_acc = 10.02%
Epoch 778, cost = 2.362506, train_acc = 10.00% val_acc = 10.02%
Epoch 779, cost = 2.362543, train_acc = 9.99% val_acc = 10.00%
Epoch 780, cost = 2.362506, train_acc = 10.00% val_acc = 9.97%
Epoch 781, cost = 2.362543, train_acc = 10.01% val_acc = 9.99%
Epoch 782, cost = 2.362543, train_acc = 10.00% val_acc = 10.01%
Epoch 783, cost = 2.362469, train_acc = 10.00% val_acc = 10.02%
Epoch 784, cost = 2.362543, train_acc = 10.00% val_acc = 10.01%
Epoch 785, cost = 2.362543, train_acc = 10.00% val_acc = 10.00%
Epoch 786, cost = 2.362543, train_acc = 10.00% val_acc = 10.02%
Epoch 787, cost = 2.362469, train_acc = 10.00% val_acc = 10.00%
Epoch 788, cost = 2.361828, train_acc = 10.20% val_acc = 9.80%
Epoch 789, cost = 2.360328, train_acc = 10.41% val_acc = 10.51%
Epoch 790, cost = 2.359542, train_acc = 10.33% val_acc = 10.46%
Epoch 791, cost = 2.361765, train_acc = 10.12% val_acc = 10.29%
Epoch 792, cost = 2.358727, train_acc = 10.19% val_acc = 10.20%
Epoch 793, cost = 2.360505, train_acc = 10.18% val_acc = 10.18%
Epoch 794, cost = 2.360765, train_acc = 10.27% val_acc = 10.04%
Epoch 795, cost = 2.361654, train_acc = 10.27% val_acc = 10.51%
Epoch 796, cost = 2.361765, train_acc = 10.24% val_acc = 10.50%
Epoch 797, cost = 2.359912, train_acc = 10.09% val_acc = 10.41%
Epoch 798, cost = 2.360505, train_acc = 10.20% val_acc = 10.12%
Epoch 799, cost = 2.359875, train_acc = 10.29% val_acc = 10.22%
Epoch 800, cost = 2.361135, train_acc = 10.18% val_acc = 10.82%
Epoch 801, cost = 2.358282, train_acc = 10.35% val_acc = 10.22%
Epoch 802, cost = 2.361468, train_acc = 10.19% val_acc = 10.31%
Epoch 803, cost = 2.358393, train_acc = 10.22% val_acc = 10.39%
Epoch 804, cost = 2.359505, train_acc = 10.26% val_acc = 10.45%
Epoch 805, cost = 2.360802, train_acc = 10.18% val_acc = 10.28%
Epoch 806, cost = 2.360802, train_acc = 10.15% val_acc = 10.49%
Epoch 807, cost = 2.359357, train_acc = 10.03% val_acc = 10.26%
Epoch 808, cost = 2.361209, train_acc = 10.16% val_acc = 9.92%
Epoch 809, cost = 2.362098, train_acc = 10.29% val_acc = 10.16%
Epoch 810, cost = 2.360913, train_acc = 10.08% val_acc = 9.98%
Epoch 811, cost = 2.361654, train_acc = 10.21% val_acc = 10.04%
Epoch 812, cost = 2.360987, train_acc = 10.19% val_acc = 10.47%
Epoch 813, cost = 2.362913, train_acc = 10.10% val_acc = 10.19%
Epoch 814, cost = 2.362135, train_acc = 10.09% val_acc = 10.33%
Epoch 815, cost = 2.361617, train_acc = 9.97% val_acc = 10.15%
Epoch 816, cost = 2.361357, train_acc = 10.02% val_acc = 10.19%
Epoch 817, cost = 2.361617, train_acc = 10.01% val_acc = 10.09%
Epoch 818, cost = 2.360431, train_acc = 10.12% val_acc = 10.33%
Epoch 819, cost = 2.362543, train_acc = 10.14% val_acc = 9.95%
Epoch 820, cost = 2.360690, train_acc = 10.03% val_acc = 10.19%
Epoch 821, cost = 2.361320, train_acc = 9.97% val_acc = 10.01%
Epoch 822, cost = 2.359690, train_acc = 10.25% val_acc = 10.19%
Epoch 823, cost = 2.360209, train_acc = 9.89% val_acc = 10.11%
Epoch 824, cost = 2.360690, train_acc = 10.17% val_acc = 10.23%
Epoch 825, cost = 2.361802, train_acc = 10.13% val_acc = 10.23%
Epoch 826, cost = 2.360987, train_acc = 10.12% val_acc = 10.18%
Epoch 827, cost = 2.361765, train_acc = 10.06% val_acc = 9.90%
Epoch 828, cost = 2.361246, train_acc = 10.31% val_acc = 10.12%
Epoch 829, cost = 2.359616, train_acc = 10.11% val_acc = 9.96%
Epoch 830, cost = 2.360542, train_acc = 10.12% val_acc = 10.33%
Epoch 831, cost = 2.360283, train_acc = 10.27% val_acc = 10.04%
Epoch 832, cost = 2.360987, train_acc = 9.94% val_acc = 9.86%
Epoch 833, cost = 2.360431, train_acc = 10.13% val_acc = 10.31%
Epoch 834, cost = 2.360431, train_acc = 9.46% val_acc = 8.85%
Epoch 835, cost = 2.367730, train_acc = 9.25% val_acc = 9.14%
Epoch 836, cost = 2.369767, train_acc = 9.46% val_acc = 9.03%
Epoch 837, cost = 2.365914, train_acc = 9.29% val_acc = 8.97%
Epoch 838, cost = 2.368989, train_acc = 9.54% val_acc = 9.39%
Epoch 839, cost = 2.370101, train_acc = 10.01% val_acc = 10.01%
Epoch 840, cost = 2.362358, train_acc = 9.96% val_acc = 9.93%
Epoch 841, cost = 2.362580, train_acc = 9.97% val_acc = 9.90%
Epoch 842, cost = 2.362950, train_acc = 9.99% val_acc = 9.97%
Epoch 843, cost = 2.362654, train_acc = 10.00% val_acc = 9.99%
Epoch 844, cost = 2.362802, train_acc = 9.99% val_acc = 10.05%
Epoch 845, cost = 2.362358, train_acc = 9.99% val_acc = 9.99%
Epoch 846, cost = 2.362395, train_acc = 10.01% val_acc = 9.98%
Epoch 847, cost = 2.362765, train_acc = 10.01% val_acc = 9.99%
Epoch 848, cost = 2.362284, train_acc = 10.02% val_acc = 10.00%
Epoch 849, cost = 2.362616, train_acc = 10.02% val_acc = 9.97%
Epoch 850, cost = 2.362358, train_acc = 9.99% val_acc = 10.02%
Epoch 851, cost = 2.362728, train_acc = 9.99% val_acc = 9.94%
Epoch 852, cost = 2.362321, train_acc = 10.01% val_acc = 9.92%
Epoch 853, cost = 2.362543, train_acc = 10.02% val_acc = 10.00%
Epoch 854, cost = 2.362395, train_acc = 10.01% val_acc = 9.99%
Epoch 855, cost = 2.362209, train_acc = 10.01% val_acc = 10.04%
Epoch 856, cost = 2.362617, train_acc = 9.99% val_acc = 9.98%
Epoch 857, cost = 2.362578, train_acc = 10.00% val_acc = 10.00%
Epoch 858, cost = 2.362469, train_acc = 10.03% val_acc = 10.03%
Epoch 859, cost = 2.362728, train_acc = 9.98% val_acc = 9.98%
Epoch 860, cost = 2.362580, train_acc = 10.03% val_acc = 10.01%
Epoch 861, cost = 2.362728, train_acc = 9.97% val_acc = 9.99%
Epoch 862, cost = 2.362506, train_acc = 10.00% val_acc = 10.02%
Epoch 863, cost = 2.362728, train_acc = 9.98% val_acc = 10.03%
Epoch 864, cost = 2.362432, train_acc = 9.97% val_acc = 9.98%
Epoch 865, cost = 2.362358, train_acc = 10.01% val_acc = 9.98%
Epoch 866, cost = 2.362617, train_acc = 9.99% val_acc = 10.02%
Epoch 867, cost = 2.362321, train_acc = 9.99% val_acc = 9.98%
Epoch 868, cost = 2.362727, train_acc = 9.98% val_acc = 10.01%
Epoch 869, cost = 2.362543, train_acc = 9.96% val_acc = 10.00%
Epoch 870, cost = 2.362469, train_acc = 9.99% val_acc = 9.93%
Epoch 871, cost = 2.362358, train_acc = 9.97% val_acc = 10.01%
Epoch 872, cost = 2.362617, train_acc = 10.00% val_acc = 10.05%
Epoch 873, cost = 2.362654, train_acc = 9.98% val_acc = 10.04%
Epoch 874, cost = 2.362358, train_acc = 10.02% val_acc = 9.98%
Epoch 875, cost = 2.362395, train_acc = 9.99% val_acc = 9.99%
Epoch 876, cost = 2.362580, train_acc = 9.99% val_acc = 9.99%
Epoch 877, cost = 2.362284, train_acc = 9.98% val_acc = 9.99%
Epoch 878, cost = 2.362617, train_acc = 9.97% val_acc = 10.01%
Epoch 879, cost = 2.362321, train_acc = 10.02% val_acc = 10.00%
Epoch 880, cost = 2.362321, train_acc = 10.01% val_acc = 9.99%
Epoch 881, cost = 2.362543, train_acc = 10.02% val_acc = 10.03%
Epoch 882, cost = 2.362469, train_acc = 10.00% val_acc = 10.00%
Epoch 883, cost = 2.362284, train_acc = 9.99% val_acc = 9.98%
Epoch 884, cost = 2.362654, train_acc = 9.97% val_acc = 10.00%
Epoch 885, cost = 2.362876, train_acc = 10.00% val_acc = 9.97%
Epoch 886, cost = 2.362506, train_acc = 10.00% val_acc = 10.05%
Epoch 887, cost = 2.362321, train_acc = 10.00% val_acc = 9.96%
Epoch 888, cost = 2.362728, train_acc = 10.02% val_acc = 10.04%
Epoch 889, cost = 2.362580, train_acc = 9.99% val_acc = 9.99%
Epoch 890, cost = 2.362432, train_acc = 9.99% val_acc = 9.98%
Epoch 891, cost = 2.362728, train_acc = 9.99% val_acc = 10.04%
Epoch 892, cost = 2.362395, train_acc = 10.03% val_acc = 9.98%
Epoch 893, cost = 2.362691, train_acc = 10.01% val_acc = 9.98%
Epoch 894, cost = 2.362765, train_acc = 9.99% val_acc = 10.00%
Epoch 895, cost = 2.362321, train_acc = 10.00% val_acc = 9.96%
Epoch 896, cost = 2.362691, train_acc = 10.01% val_acc = 10.05%
Epoch 897, cost = 2.362284, train_acc = 10.01% val_acc = 10.03%
Epoch 898, cost = 2.362543, train_acc = 9.97% val_acc = 9.97%
Epoch 899, cost = 2.362469, train_acc = 10.02% val_acc = 10.03%
Epoch 900, cost = 2.362580, train_acc = 10.00% val_acc = 10.02%
Epoch 901, cost = 2.362654, train_acc = 9.99% val_acc = 10.02%
Epoch 902, cost = 2.362284, train_acc = 10.00% val_acc = 9.99%
Epoch 903, cost = 2.362209, train_acc = 9.97% val_acc = 9.97%
Epoch 904, cost = 2.362580, train_acc = 10.00% val_acc = 10.02%
Epoch 905, cost = 2.362284, train_acc = 9.99% val_acc = 9.96%
Epoch 906, cost = 2.362654, train_acc = 10.01% val_acc = 9.99%
Epoch 907, cost = 2.362765, train_acc = 10.03% val_acc = 9.99%
Epoch 908, cost = 2.362728, train_acc = 9.99% val_acc = 9.99%
Epoch 909, cost = 2.362432, train_acc = 10.01% val_acc = 9.99%
Epoch 910, cost = 2.362321, train_acc = 10.02% val_acc = 10.02%
Epoch 911, cost = 2.362432, train_acc = 10.01% val_acc = 9.98%
Epoch 912, cost = 2.362691, train_acc = 10.00% val_acc = 10.00%
Epoch 913, cost = 2.362691, train_acc = 10.02% val_acc = 9.96%
Epoch 914, cost = 2.362284, train_acc = 9.99% val_acc = 10.06%
Epoch 915, cost = 2.362432, train_acc = 9.99% val_acc = 10.05%
Epoch 916, cost = 2.362469, train_acc = 9.99% val_acc = 9.99%
Epoch 917, cost = 2.362691, train_acc = 10.00% val_acc = 9.98%
Epoch 918, cost = 2.362469, train_acc = 10.00% val_acc = 10.00%
Epoch 919, cost = 2.362432, train_acc = 10.00% val_acc = 10.01%
Epoch 920, cost = 2.362284, train_acc = 10.03% val_acc = 10.00%
Epoch 921, cost = 2.362839, train_acc = 9.99% val_acc = 9.98%
Epoch 922, cost = 2.362543, train_acc = 9.98% val_acc = 10.01%
Epoch 923, cost = 2.362543, train_acc = 10.03% val_acc = 9.95%
Epoch 924, cost = 2.362580, train_acc = 9.99% val_acc = 9.99%
Epoch 925, cost = 2.362617, train_acc = 10.00% val_acc = 9.99%
Epoch 926, cost = 2.362580, train_acc = 10.00% val_acc = 10.01%
Epoch 927, cost = 2.362765, train_acc = 9.98% val_acc = 9.97%
Epoch 928, cost = 2.362617, train_acc = 10.00% val_acc = 10.02%
Epoch 929, cost = 2.362654, train_acc = 9.99% val_acc = 10.00%
Epoch 930, cost = 2.362617, train_acc = 10.02% val_acc = 10.02%
Epoch 931, cost = 2.362728, train_acc = 10.00% val_acc = 9.98%
Epoch 932, cost = 2.362839, train_acc = 10.02% val_acc = 9.99%
Epoch 933, cost = 2.362617, train_acc = 10.01% val_acc = 10.02%
Epoch 934, cost = 2.362617, train_acc = 9.99% val_acc = 9.99%
Epoch 935, cost = 2.362580, train_acc = 10.00% val_acc = 10.01%
Epoch 936, cost = 2.362395, train_acc = 10.00% val_acc = 10.00%
Epoch 937, cost = 2.362691, train_acc = 9.98% val_acc = 9.97%
Epoch 938, cost = 2.362617, train_acc = 10.00% val_acc = 10.02%
Epoch 939, cost = 2.362617, train_acc = 9.98% val_acc = 10.00%
Epoch 940, cost = 2.362432, train_acc = 10.00% val_acc = 9.99%
Epoch 941, cost = 2.362617, train_acc = 9.99% val_acc = 9.99%
Epoch 942, cost = 2.362654, train_acc = 10.00% val_acc = 9.99%
Epoch 943, cost = 2.362580, train_acc = 9.99% val_acc = 9.98%
Epoch 944, cost = 2.362765, train_acc = 9.99% val_acc = 9.99%
Epoch 945, cost = 2.362580, train_acc = 10.02% val_acc = 9.96%
Epoch 946, cost = 2.362728, train_acc = 10.00% val_acc = 10.00%
Epoch 947, cost = 2.362506, train_acc = 9.98% val_acc = 9.95%
Epoch 948, cost = 2.362358, train_acc = 10.03% val_acc = 10.00%
Epoch 949, cost = 2.362506, train_acc = 10.01% val_acc = 9.97%
Epoch 950, cost = 2.362506, train_acc = 10.01% val_acc = 10.01%
Epoch 951, cost = 2.362432, train_acc = 10.02% val_acc = 9.98%
Epoch 952, cost = 2.362617, train_acc = 10.02% val_acc = 9.98%
Epoch 953, cost = 2.362506, train_acc = 10.01% val_acc = 10.01%
Epoch 954, cost = 2.362543, train_acc = 10.00% val_acc = 10.04%
Epoch 955, cost = 2.362284, train_acc = 10.01% val_acc = 9.99%
Epoch 956, cost = 2.362432, train_acc = 9.99% val_acc = 9.98%
Epoch 957, cost = 2.362654, train_acc = 10.01% val_acc = 10.02%
Epoch 958, cost = 2.362469, train_acc = 10.00% val_acc = 9.97%
Epoch 959, cost = 2.362617, train_acc = 10.00% val_acc = 10.02%
Epoch 960, cost = 2.362580, train_acc = 10.01% val_acc = 9.99%
Epoch 961, cost = 2.362321, train_acc = 9.99% val_acc = 10.02%
Epoch 962, cost = 2.362395, train_acc = 10.00% val_acc = 9.98%
Epoch 963, cost = 2.362580, train_acc = 10.02% val_acc = 10.01%
Epoch 964, cost = 2.362654, train_acc = 9.99% val_acc = 10.02%
Epoch 965, cost = 2.362284, train_acc = 10.00% val_acc = 10.03%
Epoch 966, cost = 2.362580, train_acc = 10.00% val_acc = 10.01%
Epoch 967, cost = 2.362580, train_acc = 10.01% val_acc = 9.97%
Epoch 968, cost = 2.362691, train_acc = 9.99% val_acc = 10.01%
Epoch 969, cost = 2.362543, train_acc = 9.99% val_acc = 9.99%
Epoch 970, cost = 2.362580, train_acc = 10.00% val_acc = 9.98%
Epoch 971, cost = 2.362172, train_acc = 10.01% val_acc = 9.99%
Epoch 972, cost = 2.362506, train_acc = 10.03% val_acc = 9.99%
Epoch 973, cost = 2.362395, train_acc = 10.01% val_acc = 9.99%
Epoch 974, cost = 2.362728, train_acc = 9.98% val_acc = 10.02%
Epoch 975, cost = 2.362728, train_acc = 10.02% val_acc = 10.00%
Epoch 976, cost = 2.362469, train_acc = 10.01% val_acc = 9.99%
Epoch 977, cost = 2.362469, train_acc = 9.99% val_acc = 10.00%
Epoch 978, cost = 2.362802, train_acc = 10.00% val_acc = 10.00%
Epoch 979, cost = 2.362617, train_acc = 10.02% val_acc = 9.99%
Epoch 980, cost = 2.362654, train_acc = 9.99% val_acc = 9.99%
Epoch 981, cost = 2.362506, train_acc = 9.99% val_acc = 10.01%
Epoch 982, cost = 2.362543, train_acc = 10.01% val_acc = 9.99%
Epoch 983, cost = 2.362728, train_acc = 10.00% val_acc = 10.04%
Epoch 984, cost = 2.362617, train_acc = 10.01% val_acc = 9.99%
Epoch 985, cost = 2.362543, train_acc = 9.99% val_acc = 10.01%
Epoch 986, cost = 2.362506, train_acc = 9.99% val_acc = 10.03%
Epoch 987, cost = 2.362506, train_acc = 10.00% val_acc = 10.00%
Epoch 988, cost = 2.362617, train_acc = 9.99% val_acc = 10.00%
Epoch 989, cost = 2.362469, train_acc = 10.00% val_acc = 10.01%
Epoch 990, cost = 2.362543, train_acc = 10.01% val_acc = 10.01%
Epoch 991, cost = 2.362506, train_acc = 10.00% val_acc = 9.98%
Epoch 992, cost = 2.362617, train_acc = 10.02% val_acc = 9.98%
Epoch 993, cost = 2.362802, train_acc = 10.00% val_acc = 10.04%
Epoch 994, cost = 2.362691, train_acc = 9.99% val_acc = 10.00%
Epoch 995, cost = 2.362469, train_acc = 9.99% val_acc = 10.01%
Epoch 996, cost = 2.362802, train_acc = 10.01% val_acc = 9.98%
Epoch 997, cost = 2.362469, train_acc = 10.00% val_acc = 10.02%
Epoch 998, cost = 2.362395, train_acc = 9.99% val_acc = 10.00%
Epoch 999, cost = 2.362395, train_acc = 9.99% val_acc = 10.02%
Epoch 1000, cost = 2.362504, train_acc = 10.02% val_acc = 10.03%
Epoch 1001, cost = 2.362802, train_acc = 10.00% val_acc = 9.95%
Epoch 1002, cost = 2.362802, train_acc = 9.99% val_acc = 10.00%
Epoch 1003, cost = 2.362617, train_acc = 9.99% val_acc = 9.99%
Epoch 1004, cost = 2.362728, train_acc = 9.99% val_acc = 9.99%
Epoch 1005, cost = 2.362358, train_acc = 10.04% val_acc = 10.00%
Epoch 1006, cost = 2.362543, train_acc = 10.00% val_acc = 9.96%
Epoch 1007, cost = 2.362321, train_acc = 10.00% val_acc = 10.03%
Epoch 1008, cost = 2.362543, train_acc = 9.98% val_acc = 10.04%
Epoch 1009, cost = 2.362617, train_acc = 10.03% val_acc = 10.03%
Epoch 1010, cost = 2.362580, train_acc = 10.01% val_acc = 10.02%
Epoch 1011, cost = 2.362580, train_acc = 9.99% val_acc = 10.02%
Epoch 1012, cost = 2.362580, train_acc = 9.98% val_acc = 9.99%
Epoch 1013, cost = 2.362321, train_acc = 10.00% val_acc = 10.03%
Epoch 1014, cost = 2.362580, train_acc = 10.04% val_acc = 10.02%
Epoch 1015, cost = 2.362543, train_acc = 10.01% val_acc = 9.97%
Epoch 1016, cost = 2.362358, train_acc = 9.99% val_acc = 10.01%
Epoch 1017, cost = 2.362469, train_acc = 9.99% val_acc = 10.02%
Epoch 1018, cost = 2.362654, train_acc = 10.01% val_acc = 10.02%
Epoch 1019, cost = 2.362321, train_acc = 9.98% val_acc = 10.02%
Epoch 1020, cost = 2.362358, train_acc = 9.98% val_acc = 9.95%
Epoch 1021, cost = 2.362913, train_acc = 9.97% val_acc = 10.01%
Epoch 1022, cost = 2.362580, train_acc = 9.96% val_acc = 9.99%
Epoch 1023, cost = 2.362246, train_acc = 9.99% val_acc = 10.01%
Epoch 1024, cost = 2.362580, train_acc = 10.00% val_acc = 9.99%
Epoch 1025, cost = 2.362321, train_acc = 10.00% val_acc = 9.97%
Epoch 1026, cost = 2.362580, train_acc = 9.99% val_acc = 10.03%
Epoch 1027, cost = 2.362432, train_acc = 10.00% val_acc = 10.03%
Epoch 1028, cost = 2.362617, train_acc = 10.01% val_acc = 10.00%
Epoch 1029, cost = 2.362654, train_acc = 9.99% val_acc = 10.00%
Epoch 1030, cost = 2.362728, train_acc = 9.99% val_acc = 10.03%
Epoch 1031, cost = 2.362506, train_acc = 10.02% val_acc = 9.97%
Epoch 1032, cost = 2.362432, train_acc = 9.98% val_acc = 10.05%
Epoch 1033, cost = 2.362765, train_acc = 10.00% val_acc = 10.04%
Epoch 1034, cost = 2.362246, train_acc = 9.96% val_acc = 10.05%
Epoch 1035, cost = 2.362543, train_acc = 9.99% val_acc = 10.00%
Epoch 1036, cost = 2.362358, train_acc = 10.02% val_acc = 10.00%
Epoch 1037, cost = 2.362506, train_acc = 9.99% val_acc = 10.02%
Epoch 1038, cost = 2.362321, train_acc = 10.01% val_acc = 9.94%
Epoch 1039, cost = 2.362246, train_acc = 10.00% val_acc = 9.99%
Epoch 1040, cost = 2.362617, train_acc = 10.02% val_acc = 10.01%
Epoch 1041, cost = 2.362913, train_acc = 9.98% val_acc = 9.96%
Epoch 1042, cost = 2.362802, train_acc = 10.01% val_acc = 10.02%
Epoch 1043, cost = 2.362580, train_acc = 10.03% val_acc = 10.01%
Epoch 1044, cost = 2.362172, train_acc = 9.96% val_acc = 10.04%
Epoch 1045, cost = 2.362321, train_acc = 10.00% val_acc = 10.05%
Epoch 1046, cost = 2.362432, train_acc = 9.97% val_acc = 10.04%
Epoch 1047, cost = 2.362357, train_acc = 10.02% val_acc = 9.99%
Epoch 1048, cost = 2.362580, train_acc = 10.00% val_acc = 10.07%
Epoch 1049, cost = 2.362654, train_acc = 10.01% val_acc = 10.05%
Epoch 1050, cost = 2.362172, train_acc = 10.01% val_acc = 9.97%
Epoch 1051, cost = 2.362321, train_acc = 9.99% val_acc = 9.99%
Epoch 1052, cost = 2.362876, train_acc = 10.03% val_acc = 10.05%
Epoch 1053, cost = 2.362617, train_acc = 10.01% val_acc = 9.99%
Epoch 1054, cost = 2.362135, train_acc = 10.01% val_acc = 9.97%
Epoch 1055, cost = 2.362098, train_acc = 10.00% val_acc = 10.02%
Epoch 1056, cost = 2.362839, train_acc = 10.01% val_acc = 9.96%
Epoch 1057, cost = 2.362469, train_acc = 10.00% val_acc = 9.98%
Epoch 1058, cost = 2.362246, train_acc = 9.97% val_acc = 10.02%
Epoch 1059, cost = 2.361950, train_acc = 9.95% val_acc = 10.02%
Epoch 1060, cost = 2.362395, train_acc = 9.99% val_acc = 10.09%
Epoch 1061, cost = 2.362580, train_acc = 10.02% val_acc = 9.98%
Epoch 1062, cost = 2.362432, train_acc = 9.96% val_acc = 9.94%
Epoch 1063, cost = 2.362432, train_acc = 9.98% val_acc = 10.03%
Epoch 1064, cost = 2.362654, train_acc = 9.99% val_acc = 9.93%
Epoch 1065, cost = 2.362506, train_acc = 10.01% val_acc = 9.99%
Epoch 1066, cost = 2.362728, train_acc = 9.98% val_acc = 10.02%
Epoch 1067, cost = 2.362802, train_acc = 9.98% val_acc = 10.05%
Epoch 1068, cost = 2.362395, train_acc = 9.98% val_acc = 9.98%
Epoch 1069, cost = 2.362839, train_acc = 9.97% val_acc = 9.94%
Epoch 1070, cost = 2.362506, train_acc = 9.99% val_acc = 10.08%
Epoch 1071, cost = 2.362358, train_acc = 10.01% val_acc = 10.03%
Epoch 1072, cost = 2.362321, train_acc = 10.00% val_acc = 10.03%
Epoch 1073, cost = 2.362246, train_acc = 9.97% val_acc = 9.96%
Epoch 1074, cost = 2.362543, train_acc = 9.94% val_acc = 10.02%
Epoch 1075, cost = 2.362321, train_acc = 10.01% val_acc = 10.07%
Epoch 1076, cost = 2.362506, train_acc = 10.03% val_acc = 9.98%
Epoch 1077, cost = 2.362543, train_acc = 10.01% val_acc = 10.04%
Epoch 1078, cost = 2.362543, train_acc = 10.01% val_acc = 10.07%
Epoch 1079, cost = 2.362469, train_acc = 10.04% val_acc = 9.96%
Epoch 1080, cost = 2.362543, train_acc = 9.94% val_acc = 9.98%
Epoch 1081, cost = 2.362395, train_acc = 9.99% val_acc = 10.04%
Epoch 1082, cost = 2.362469, train_acc = 9.99% val_acc = 9.99%
Epoch 1083, cost = 2.362876, train_acc = 10.05% val_acc = 9.98%
Epoch 1084, cost = 2.362654, train_acc = 9.98% val_acc = 10.04%
Epoch 1085, cost = 2.362506, train_acc = 9.97% val_acc = 10.01%
Epoch 1086, cost = 2.362395, train_acc = 9.99% val_acc = 10.03%
Epoch 1087, cost = 2.362432, train_acc = 9.95% val_acc = 10.08%
Epoch 1088, cost = 2.362506, train_acc = 10.03% val_acc = 10.00%
Epoch 1089, cost = 2.362617, train_acc = 9.96% val_acc = 9.94%
Epoch 1090, cost = 2.362098, train_acc = 9.99% val_acc = 10.03%
Epoch 1091, cost = 2.362987, train_acc = 9.96% val_acc = 10.01%
Epoch 1092, cost = 2.362321, train_acc = 10.01% val_acc = 9.98%
Epoch 1093, cost = 2.362506, train_acc = 9.96% val_acc = 9.94%
Epoch 1094, cost = 2.362802, train_acc = 9.97% val_acc = 10.01%
Epoch 1095, cost = 2.362987, train_acc = 10.01% val_acc = 10.07%
Epoch 1096, cost = 2.362617, train_acc = 9.96% val_acc = 9.94%
Epoch 1097, cost = 2.362765, train_acc = 9.96% val_acc = 9.99%
Epoch 1098, cost = 2.362246, train_acc = 9.96% val_acc = 10.02%
Epoch 1099, cost = 2.362432, train_acc = 10.01% val_acc = 10.05%
Epoch 1100, cost = 2.362913, train_acc = 10.04% val_acc = 10.02%
Epoch 1101, cost = 2.362358, train_acc = 9.95% val_acc = 10.06%
Epoch 1102, cost = 2.362765, train_acc = 10.00% val_acc = 10.02%
Epoch 1103, cost = 2.362395, train_acc = 9.95% val_acc = 10.00%
Epoch 1104, cost = 2.362691, train_acc = 10.01% val_acc = 9.95%
Epoch 1105, cost = 2.362728, train_acc = 10.03% val_acc = 9.96%
Epoch 1106, cost = 2.362950, train_acc = 10.00% val_acc = 10.03%
Epoch 1107, cost = 2.363589, train_acc = 9.87% val_acc = 10.04%
Epoch 1108, cost = 2.363951, train_acc = 9.99% val_acc = 9.90%
Epoch 1109, cost = 2.361913, train_acc = 10.00% val_acc = 9.86%
Epoch 1110, cost = 2.363062, train_acc = 9.83% val_acc = 9.97%
Epoch 1111, cost = 2.361728, train_acc = 9.89% val_acc = 9.77%
Epoch 1112, cost = 2.363173, train_acc = 10.13% val_acc = 9.94%
Epoch 1113, cost = 2.362580, train_acc = 9.98% val_acc = 10.10%
Epoch 1114, cost = 2.361543, train_acc = 9.99% val_acc = 10.18%
Epoch 1115, cost = 2.363136, train_acc = 9.91% val_acc = 10.45%
Epoch 1116, cost = 2.362061, train_acc = 10.17% val_acc = 10.26%
Epoch 1117, cost = 2.362617, train_acc = 10.28% val_acc = 9.88%
Epoch 1118, cost = 2.362543, train_acc = 10.01% val_acc = 10.41%
Epoch 1119, cost = 2.363136, train_acc = 10.31% val_acc = 9.85%
Epoch 1120, cost = 2.362654, train_acc = 10.04% val_acc = 10.00%
Epoch 1121, cost = 2.363395, train_acc = 9.83% val_acc = 10.33%
Epoch 1122, cost = 2.360690, train_acc = 10.17% val_acc = 10.10%
Epoch 1123, cost = 2.363728, train_acc = 10.11% val_acc = 9.98%
Epoch 1124, cost = 2.362913, train_acc = 10.26% val_acc = 9.94%
Epoch 1125, cost = 2.361950, train_acc = 10.27% val_acc = 9.88%
Epoch 1126, cost = 2.361098, train_acc = 10.25% val_acc = 9.90%
Epoch 1127, cost = 2.361802, train_acc = 9.96% val_acc = 10.26%
Epoch 1128, cost = 2.361913, train_acc = 9.98% val_acc = 10.08%
Epoch 1129, cost = 2.361283, train_acc = 9.84% val_acc = 10.33%
Epoch 1130, cost = 2.361913, train_acc = 9.95% val_acc = 10.10%
Epoch 1131, cost = 2.363691, train_acc = 9.66% val_acc = 9.95%
Epoch 1132, cost = 2.361283, train_acc = 10.09% val_acc = 9.59%
Epoch 1133, cost = 2.362135, train_acc = 10.04% val_acc = 10.07%
Epoch 1134, cost = 2.362987, train_acc = 10.11% val_acc = 10.42%
Epoch 1135, cost = 2.363543, train_acc = 10.04% val_acc = 10.52%
Epoch 1136, cost = 2.362172, train_acc = 9.86% val_acc = 9.98%
Epoch 1137, cost = 2.363173, train_acc = 10.07% val_acc = 9.80%
Epoch 1138, cost = 2.361950, train_acc = 10.13% val_acc = 10.08%
Epoch 1139, cost = 2.362987, train_acc = 9.97% val_acc = 9.94%
Epoch 1140, cost = 2.363432, train_acc = 9.91% val_acc = 9.91%
Epoch 1141, cost = 2.361839, train_acc = 10.06% val_acc = 10.14%
Epoch 1142, cost = 2.361802, train_acc = 10.09% val_acc = 9.90%
Epoch 1143, cost = 2.362395, train_acc = 9.83% val_acc = 10.21%
Epoch 1144, cost = 2.365470, train_acc = 10.16% val_acc = 9.73%
Epoch 1145, cost = 2.364173, train_acc = 10.07% val_acc = 9.91%
Epoch 1146, cost = 2.361357, train_acc = 9.88% val_acc = 9.96%
Epoch 1147, cost = 2.362506, train_acc = 9.87% val_acc = 9.91%
Epoch 1148, cost = 2.363321, train_acc = 10.09% val_acc = 10.12%
Epoch 1149, cost = 2.361802, train_acc = 10.00% val_acc = 9.74%
Epoch 1150, cost = 2.363617, train_acc = 9.91% val_acc = 9.76%
Epoch 1151, cost = 2.363395, train_acc = 10.06% val_acc = 10.13%
Epoch 1152, cost = 2.362358, train_acc = 9.99% val_acc = 10.15%
Epoch 1153, cost = 2.363617, train_acc = 9.98% val_acc = 10.37%
Epoch 1154, cost = 2.363247, train_acc = 10.03% val_acc = 10.09%
Epoch 1155, cost = 2.361728, train_acc = 10.09% val_acc = 10.01%
Epoch 1156, cost = 2.361506, train_acc = 9.95% val_acc = 9.93%
Epoch 1157, cost = 2.363320, train_acc = 10.00% val_acc = 10.00%
Epoch 1158, cost = 2.362580, train_acc = 10.00% val_acc = 10.00%
Epoch 1159, cost = 2.362543, train_acc = 10.00% val_acc = 10.00%
Epoch 1160, cost = 2.362580, train_acc = 10.00% val_acc = 10.00%
Epoch 1161, cost = 2.362543, train_acc = 10.00% val_acc = 10.00%
Epoch 1162, cost = 2.362543, train_acc = 10.00% val_acc = 10.00%
Epoch 1163, cost = 2.362543, train_acc = 10.00% val_acc = 10.00%
Epoch 1164, cost = 2.362469, train_acc = 10.00% val_acc = 10.00%
Epoch 1165, cost = 2.362580, train_acc = 10.00% val_acc = 10.00%
Epoch 1166, cost = 2.362543, train_acc = 10.00% val_acc = 10.00%
Epoch 1167, cost = 2.362543, train_acc = 10.00% val_acc = 10.00%
Epoch 1168, cost = 2.362580, train_acc = 10.00% val_acc = 10.00%
Epoch 1169, cost = 2.362469, train_acc = 10.00% val_acc = 10.00%
Epoch 1170, cost = 2.362580, train_acc = 10.00% val_acc = 10.00%
Epoch 1171, cost = 2.362543, train_acc = 10.00% val_acc = 10.00%
Epoch 1172, cost = 2.362432, train_acc = 10.00% val_acc = 10.00%
Epoch 1173, cost = 2.362580, train_acc = 10.00% val_acc = 10.00%
Epoch 1174, cost = 2.362543, train_acc = 10.00% val_acc = 10.00%
Epoch 1175, cost = 2.362506, train_acc = 10.00% val_acc = 10.00%
Epoch 1176, cost = 2.362543, train_acc = 10.00% val_acc = 10.00%
Epoch 1177, cost = 2.362580, train_acc = 10.00% val_acc = 10.00%
Epoch 1178, cost = 2.362506, train_acc = 10.00% val_acc = 10.00%
Epoch 1179, cost = 2.362580, train_acc = 10.00% val_acc = 10.00%
Epoch 1180, cost = 2.362543, train_acc = 10.00% val_acc = 10.00%
Epoch 1181, cost = 2.362543, train_acc = 10.00% val_acc = 10.00%
Epoch 1182, cost = 2.362543, train_acc = 10.00% val_acc = 10.00%
Epoch 1183, cost = 2.362543, train_acc = 10.00% val_acc = 10.00%
Epoch 1184, cost = 2.362617, train_acc = 10.00% val_acc = 10.00%
Epoch 1185, cost = 2.362506, train_acc = 10.00% val_acc = 10.00%
Epoch 1186, cost = 2.362543, train_acc = 10.00% val_acc = 10.00%
Epoch 1187, cost = 2.362580, train_acc = 10.00% val_acc = 10.00%
Epoch 1188, cost = 2.362617, train_acc = 10.00% val_acc = 10.00%
Epoch 1189, cost = 2.362543, train_acc = 10.00% val_acc = 10.00%
Epoch 1190, cost = 2.362506, train_acc = 10.00% val_acc = 10.00%
Epoch 1191, cost = 2.362580, train_acc = 10.00% val_acc = 10.00%
Epoch 1192, cost = 2.362543, train_acc = 10.00% val_acc = 10.00%
Epoch 1193, cost = 2.362543, train_acc = 10.00% val_acc = 10.00%
Epoch 1194, cost = 2.362506, train_acc = 10.00% val_acc = 10.00%
Epoch 1195, cost = 2.362543, train_acc = 10.00% val_acc = 10.00%
Epoch 1196, cost = 2.362580, train_acc = 10.00% val_acc = 10.00%
Epoch 1197, cost = 2.362506, train_acc = 10.00% val_acc = 10.00%
Epoch 1198, cost = 2.362543, train_acc = 10.00% val_acc = 10.00%
Epoch 1199, cost = 2.362580, train_acc = 10.00% val_acc = 10.00%
Epoch 1200, cost = 2.362543, train_acc = 10.00% val_acc = 10.00%
