Loading Training Data
Loading Validation Data
Creating Data Loaders
Training Fun Time!!!
Epoch 1, cost = 2.034394, train_acc = 91.10% val_acc = 94.90%
Epoch 2, cost = 1.671018, train_acc = 96.86% val_acc = 97.43%
Epoch 3, cost = 1.563559, train_acc = 97.73% val_acc = 97.78%
Epoch 4, cost = 1.532719, train_acc = 98.13% val_acc = 97.98%
Epoch 5, cost = 1.517000, train_acc = 98.49% val_acc = 97.98%
Epoch 6, cost = 1.508343, train_acc = 98.90% val_acc = 98.20%
Epoch 7, cost = 1.502795, train_acc = 98.94% val_acc = 98.00%
Epoch 8, cost = 1.498006, train_acc = 99.08% val_acc = 98.00%
Epoch 9, cost = 1.494337, train_acc = 99.22% val_acc = 98.08%
Epoch 10, cost = 1.491134, train_acc = 99.27% val_acc = 98.30%
Epoch 11, cost = 1.489669, train_acc = 99.37% val_acc = 98.35%
Epoch 12, cost = 1.487045, train_acc = 99.42% val_acc = 98.25%
Epoch 13, cost = 1.485362, train_acc = 99.43% val_acc = 98.35%
Epoch 14, cost = 1.484536, train_acc = 99.52% val_acc = 98.36%
Epoch 15, cost = 1.482402, train_acc = 99.53% val_acc = 98.29%
Epoch 16, cost = 1.481435, train_acc = 99.57% val_acc = 98.46%
Epoch 17, cost = 1.480812, train_acc = 99.57% val_acc = 98.28%
Epoch 18, cost = 1.479006, train_acc = 99.65% val_acc = 98.32%
Epoch 19, cost = 1.478596, train_acc = 99.63% val_acc = 98.39%
Epoch 20, cost = 1.477649, train_acc = 99.66% val_acc = 98.28%
Epoch 21, cost = 1.477927, train_acc = 99.69% val_acc = 98.44%
Epoch 22, cost = 1.476417, train_acc = 99.67% val_acc = 98.24%
Epoch 23, cost = 1.475190, train_acc = 99.72% val_acc = 98.44%
Epoch 24, cost = 1.475525, train_acc = 99.68% val_acc = 98.29%
Epoch 25, cost = 1.474844, train_acc = 99.76% val_acc = 98.47%
Epoch 26, cost = 1.474703, train_acc = 99.73% val_acc = 98.51%
Epoch 27, cost = 1.474105, train_acc = 99.77% val_acc = 98.66%
Epoch 28, cost = 1.474097, train_acc = 99.78% val_acc = 98.51%
Epoch 29, cost = 1.472531, train_acc = 99.80% val_acc = 98.46%
Epoch 30, cost = 1.472008, train_acc = 99.80% val_acc = 98.47%
Epoch 31, cost = 1.473394, train_acc = 99.81% val_acc = 98.53%
Epoch 32, cost = 1.472085, train_acc = 99.83% val_acc = 98.45%
Epoch 33, cost = 1.471855, train_acc = 99.84% val_acc = 98.50%
Epoch 34, cost = 1.471144, train_acc = 99.83% val_acc = 98.32%
Epoch 35, cost = 1.471125, train_acc = 99.86% val_acc = 98.71%
Epoch 36, cost = 1.470662, train_acc = 99.87% val_acc = 98.50%
Epoch 37, cost = 1.470969, train_acc = 99.85% val_acc = 98.56%
Epoch 38, cost = 1.469936, train_acc = 99.86% val_acc = 98.39%
Epoch 39, cost = 1.470674, train_acc = 99.88% val_acc = 98.51%
Epoch 40, cost = 1.470905, train_acc = 99.87% val_acc = 98.57%
Epoch 41, cost = 1.469874, train_acc = 99.89% val_acc = 98.53%
Epoch 42, cost = 1.469539, train_acc = 99.89% val_acc = 98.53%
Epoch 43, cost = 1.469882, train_acc = 99.89% val_acc = 98.55%
Epoch 44, cost = 1.470232, train_acc = 99.91% val_acc = 98.63%
Epoch 45, cost = 1.469959, train_acc = 99.90% val_acc = 98.70%
Epoch 46, cost = 1.469965, train_acc = 99.91% val_acc = 98.69%
Epoch 47, cost = 1.468553, train_acc = 99.91% val_acc = 98.66%
Epoch 48, cost = 1.468214, train_acc = 99.90% val_acc = 98.46%
Epoch 49, cost = 1.468170, train_acc = 99.92% val_acc = 98.52%
Epoch 50, cost = 1.468607, train_acc = 99.92% val_acc = 98.50%
Epoch 51, cost = 1.468474, train_acc = 99.93% val_acc = 98.54%
Epoch 52, cost = 1.467767, train_acc = 99.94% val_acc = 98.86%
Epoch 53, cost = 1.468423, train_acc = 99.94% val_acc = 98.73%
Epoch 54, cost = 1.469367, train_acc = 99.93% val_acc = 98.69%
Epoch 55, cost = 1.468177, train_acc = 99.93% val_acc = 98.65%
Epoch 56, cost = 1.468395, train_acc = 99.93% val_acc = 98.70%
Epoch 57, cost = 1.468148, train_acc = 99.95% val_acc = 98.79%
Epoch 58, cost = 1.468085, train_acc = 99.95% val_acc = 98.75%
Epoch 59, cost = 1.467725, train_acc = 99.95% val_acc = 98.67%
Epoch 60, cost = 1.467640, train_acc = 99.96% val_acc = 98.56%
Epoch 61, cost = 1.467151, train_acc = 99.96% val_acc = 98.80%
Epoch 62, cost = 1.467106, train_acc = 99.96% val_acc = 98.61%
Epoch 63, cost = 1.467231, train_acc = 99.95% val_acc = 98.58%
Epoch 64, cost = 1.467142, train_acc = 99.95% val_acc = 98.68%
Epoch 65, cost = 1.467743, train_acc = 99.95% val_acc = 98.64%
Epoch 66, cost = 1.467227, train_acc = 99.96% val_acc = 98.62%
Epoch 67, cost = 1.467048, train_acc = 99.96% val_acc = 98.81%
Epoch 68, cost = 1.467105, train_acc = 99.97% val_acc = 98.78%
Epoch 69, cost = 1.466264, train_acc = 99.97% val_acc = 98.78%
Epoch 70, cost = 1.467132, train_acc = 99.97% val_acc = 98.80%
Epoch 71, cost = 1.466198, train_acc = 99.95% val_acc = 98.84%
Epoch 72, cost = 1.466463, train_acc = 99.97% val_acc = 98.68%
Epoch 73, cost = 1.466109, train_acc = 99.97% val_acc = 98.70%
Epoch 74, cost = 1.466773, train_acc = 99.98% val_acc = 98.69%
Epoch 75, cost = 1.465988, train_acc = 99.97% val_acc = 98.72%
Epoch 76, cost = 1.466075, train_acc = 99.97% val_acc = 98.74%
Epoch 77, cost = 1.466544, train_acc = 99.98% val_acc = 98.60%
Epoch 78, cost = 1.466409, train_acc = 99.98% val_acc = 98.88%
Epoch 79, cost = 1.466314, train_acc = 99.98% val_acc = 98.74%
Epoch 80, cost = 1.466290, train_acc = 99.98% val_acc = 98.83%
Epoch 81, cost = 1.465785, train_acc = 99.97% val_acc = 98.74%
Epoch 82, cost = 1.466242, train_acc = 99.98% val_acc = 98.71%
Epoch 83, cost = 1.466333, train_acc = 99.97% val_acc = 98.74%
Epoch 84, cost = 1.466073, train_acc = 99.99% val_acc = 98.73%
Epoch 85, cost = 1.465172, train_acc = 99.98% val_acc = 98.73%
Epoch 86, cost = 1.465730, train_acc = 99.99% val_acc = 98.70%
Epoch 87, cost = 1.465693, train_acc = 99.97% val_acc = 98.71%
Epoch 88, cost = 1.465784, train_acc = 99.98% val_acc = 98.78%
Epoch 89, cost = 1.465761, train_acc = 99.98% val_acc = 98.75%
Epoch 90, cost = 1.466216, train_acc = 99.99% val_acc = 98.70%
Epoch 91, cost = 1.465751, train_acc = 99.98% val_acc = 98.70%
Epoch 92, cost = 1.466024, train_acc = 99.99% val_acc = 98.85%
Epoch 93, cost = 1.465577, train_acc = 99.99% val_acc = 98.82%
Epoch 94, cost = 1.466213, train_acc = 99.98% val_acc = 98.63%
Epoch 95, cost = 1.465629, train_acc = 99.99% val_acc = 98.61%
Epoch 96, cost = 1.465793, train_acc = 99.99% val_acc = 98.75%
Epoch 97, cost = 1.465846, train_acc = 99.99% val_acc = 98.79%
Epoch 98, cost = 1.465702, train_acc = 99.98% val_acc = 98.67%
Epoch 99, cost = 1.465957, train_acc = 99.99% val_acc = 98.74%
Epoch 100, cost = 1.466047, train_acc = 99.99% val_acc = 98.70%
Epoch 101, cost = 1.465362, train_acc = 99.99% val_acc = 98.75%
Epoch 102, cost = 1.465082, train_acc = 99.99% val_acc = 98.79%
Epoch 103, cost = 1.465955, train_acc = 99.99% val_acc = 98.77%
Epoch 104, cost = 1.465372, train_acc = 99.99% val_acc = 98.64%
Epoch 105, cost = 1.465623, train_acc = 99.99% val_acc = 98.68%
Epoch 106, cost = 1.465034, train_acc = 99.98% val_acc = 98.79%
Epoch 107, cost = 1.465771, train_acc = 99.99% val_acc = 98.83%
Epoch 108, cost = 1.465328, train_acc = 99.99% val_acc = 98.74%
Epoch 109, cost = 1.465658, train_acc = 99.99% val_acc = 98.85%
Epoch 110, cost = 1.465155, train_acc = 99.98% val_acc = 98.55%
Epoch 111, cost = 1.464797, train_acc = 99.99% val_acc = 98.66%
Epoch 112, cost = 1.465315, train_acc = 99.99% val_acc = 98.92%
Epoch 113, cost = 1.465214, train_acc = 99.99% val_acc = 98.76%
Epoch 114, cost = 1.464652, train_acc = 99.99% val_acc = 98.92%
Epoch 115, cost = 1.464613, train_acc = 99.99% val_acc = 98.90%
Epoch 116, cost = 1.465469, train_acc = 99.99% val_acc = 98.73%
Epoch 117, cost = 1.464834, train_acc = 99.99% val_acc = 98.79%
Epoch 118, cost = 1.464920, train_acc = 99.99% val_acc = 98.81%
Epoch 119, cost = 1.465488, train_acc = 99.99% val_acc = 98.80%
Epoch 120, cost = 1.464892, train_acc = 99.99% val_acc = 98.79%
Epoch 121, cost = 1.464976, train_acc = 99.99% val_acc = 98.70%
Epoch 122, cost = 1.465220, train_acc = 99.99% val_acc = 98.66%
Epoch 123, cost = 1.465090, train_acc = 99.99% val_acc = 98.75%
Epoch 124, cost = 1.465326, train_acc = 99.99% val_acc = 98.77%
Epoch 125, cost = 1.464618, train_acc = 99.99% val_acc = 98.61%
Epoch 126, cost = 1.464342, train_acc = 99.99% val_acc = 98.86%
Epoch 127, cost = 1.464807, train_acc = 99.99% val_acc = 98.85%
Epoch 128, cost = 1.465015, train_acc = 99.99% val_acc = 98.82%
Epoch 129, cost = 1.464939, train_acc = 99.99% val_acc = 98.87%
Epoch 130, cost = 1.464794, train_acc = 99.99% val_acc = 98.89%
Epoch 131, cost = 1.464870, train_acc = 99.99% val_acc = 98.76%
Epoch 132, cost = 1.465048, train_acc = 99.99% val_acc = 98.86%
Epoch 133, cost = 1.464900, train_acc = 99.99% val_acc = 98.79%
Epoch 134, cost = 1.464712, train_acc = 99.99% val_acc = 98.81%
Epoch 135, cost = 1.464716, train_acc = 99.99% val_acc = 98.92%
Epoch 136, cost = 1.464433, train_acc = 99.99% val_acc = 98.74%
Epoch 137, cost = 1.464359, train_acc = 99.99% val_acc = 98.81%
Epoch 138, cost = 1.465066, train_acc = 99.99% val_acc = 98.75%
Epoch 139, cost = 1.464487, train_acc = 99.99% val_acc = 98.63%
Epoch 140, cost = 1.464335, train_acc = 99.99% val_acc = 98.80%
Epoch 141, cost = 1.464461, train_acc = 99.99% val_acc = 98.72%
Epoch 142, cost = 1.464760, train_acc = 99.99% val_acc = 98.73%
Epoch 143, cost = 1.464234, train_acc = 99.99% val_acc = 98.78%
Epoch 144, cost = 1.464470, train_acc = 99.99% val_acc = 98.72%
Epoch 145, cost = 1.463913, train_acc = 99.99% val_acc = 98.88%
Epoch 146, cost = 1.464723, train_acc = 99.99% val_acc = 98.77%
Epoch 147, cost = 1.464641, train_acc = 99.99% val_acc = 98.99%
Epoch 148, cost = 1.464817, train_acc = 99.99% val_acc = 98.85%
Epoch 149, cost = 1.464186, train_acc = 99.99% val_acc = 98.86%
Epoch 150, cost = 1.463925, train_acc = 99.99% val_acc = 98.80%
Epoch 151, cost = 1.464705, train_acc = 99.99% val_acc = 98.70%
Epoch 152, cost = 1.464120, train_acc = 99.99% val_acc = 98.97%
Epoch 153, cost = 1.465073, train_acc = 99.99% val_acc = 98.76%
Epoch 154, cost = 1.464250, train_acc = 99.99% val_acc = 98.87%
Epoch 155, cost = 1.464242, train_acc = 99.99% val_acc = 98.77%
Epoch 156, cost = 1.464360, train_acc = 99.99% val_acc = 98.85%
Epoch 157, cost = 1.464237, train_acc = 99.99% val_acc = 98.84%
Epoch 158, cost = 1.464234, train_acc = 99.99% val_acc = 98.95%
Epoch 159, cost = 1.464286, train_acc = 99.99% val_acc = 98.78%
Epoch 160, cost = 1.464512, train_acc = 99.99% val_acc = 98.83%
Epoch 161, cost = 1.464271, train_acc = 99.99% val_acc = 98.84%
Epoch 162, cost = 1.464393, train_acc = 99.99% val_acc = 98.82%
Epoch 163, cost = 1.464151, train_acc = 100.00% val_acc = 98.67%
Epoch 164, cost = 1.464417, train_acc = 100.00% val_acc = 98.85%
Epoch 165, cost = 1.464060, train_acc = 100.00% val_acc = 98.77%
Epoch 166, cost = 1.464099, train_acc = 100.00% val_acc = 98.84%
Epoch 167, cost = 1.464277, train_acc = 100.00% val_acc = 98.81%
Epoch 168, cost = 1.464086, train_acc = 100.00% val_acc = 98.85%
Epoch 169, cost = 1.464601, train_acc = 100.00% val_acc = 98.71%
Epoch 170, cost = 1.464165, train_acc = 100.00% val_acc = 98.77%
Epoch 171, cost = 1.463873, train_acc = 100.00% val_acc = 98.98%
Epoch 172, cost = 1.464161, train_acc = 100.00% val_acc = 98.91%
Epoch 173, cost = 1.464080, train_acc = 100.00% val_acc = 98.69%
Epoch 174, cost = 1.463903, train_acc = 100.00% val_acc = 98.72%
Epoch 175, cost = 1.464235, train_acc = 99.99% val_acc = 98.68%
Epoch 176, cost = 1.464122, train_acc = 99.99% val_acc = 98.73%
Epoch 177, cost = 1.464201, train_acc = 100.00% val_acc = 98.85%
Epoch 178, cost = 1.464325, train_acc = 100.00% val_acc = 98.81%
Epoch 179, cost = 1.464166, train_acc = 100.00% val_acc = 98.80%
Epoch 180, cost = 1.464283, train_acc = 100.00% val_acc = 98.78%
Epoch 181, cost = 1.464429, train_acc = 100.00% val_acc = 98.77%
Epoch 182, cost = 1.464072, train_acc = 100.00% val_acc = 98.95%
Epoch 183, cost = 1.463684, train_acc = 100.00% val_acc = 98.86%
Epoch 184, cost = 1.464635, train_acc = 100.00% val_acc = 98.71%
Epoch 185, cost = 1.464018, train_acc = 100.00% val_acc = 98.63%
Epoch 186, cost = 1.463757, train_acc = 100.00% val_acc = 98.73%
Epoch 187, cost = 1.464497, train_acc = 100.00% val_acc = 98.82%
Epoch 188, cost = 1.463657, train_acc = 100.00% val_acc = 98.73%
Epoch 189, cost = 1.464648, train_acc = 99.99% val_acc = 98.89%
Epoch 190, cost = 1.463859, train_acc = 100.00% val_acc = 98.77%
Epoch 191, cost = 1.464164, train_acc = 99.99% val_acc = 98.76%
Epoch 192, cost = 1.464073, train_acc = 100.00% val_acc = 98.86%
Epoch 193, cost = 1.463774, train_acc = 100.00% val_acc = 98.76%
Epoch 194, cost = 1.463995, train_acc = 100.00% val_acc = 98.75%
Epoch 195, cost = 1.464128, train_acc = 99.99% val_acc = 98.74%
Epoch 196, cost = 1.464429, train_acc = 100.00% val_acc = 98.79%
Epoch 197, cost = 1.463521, train_acc = 99.99% val_acc = 98.88%
Epoch 198, cost = 1.464251, train_acc = 100.00% val_acc = 98.85%
Epoch 199, cost = 1.464034, train_acc = 100.00% val_acc = 98.89%
Epoch 200, cost = 1.463737, train_acc = 100.00% val_acc = 98.64%
Epoch 201, cost = 1.463988, train_acc = 100.00% val_acc = 98.78%
Epoch 202, cost = 1.463581, train_acc = 100.00% val_acc = 98.72%
Epoch 203, cost = 1.463934, train_acc = 100.00% val_acc = 98.84%
Epoch 204, cost = 1.464076, train_acc = 100.00% val_acc = 98.80%
Epoch 205, cost = 1.464189, train_acc = 100.00% val_acc = 98.86%
Epoch 206, cost = 1.464067, train_acc = 100.00% val_acc = 98.81%
Epoch 207, cost = 1.463627, train_acc = 100.00% val_acc = 98.91%
Epoch 208, cost = 1.463175, train_acc = 100.00% val_acc = 98.74%
Epoch 209, cost = 1.463865, train_acc = 100.00% val_acc = 98.82%
Epoch 210, cost = 1.463920, train_acc = 100.00% val_acc = 98.69%
Epoch 211, cost = 1.464174, train_acc = 100.00% val_acc = 98.77%
Epoch 212, cost = 1.464285, train_acc = 100.00% val_acc = 98.61%
Epoch 213, cost = 1.463559, train_acc = 100.00% val_acc = 98.77%
Epoch 214, cost = 1.463464, train_acc = 100.00% val_acc = 98.73%
Epoch 215, cost = 1.463833, train_acc = 100.00% val_acc = 98.70%
Epoch 216, cost = 1.463947, train_acc = 100.00% val_acc = 98.82%
Epoch 217, cost = 1.464209, train_acc = 100.00% val_acc = 98.72%
Epoch 218, cost = 1.463701, train_acc = 100.00% val_acc = 98.76%
Epoch 219, cost = 1.463694, train_acc = 100.00% val_acc = 98.81%
Epoch 220, cost = 1.463374, train_acc = 100.00% val_acc = 98.76%
Epoch 221, cost = 1.463916, train_acc = 100.00% val_acc = 98.96%
Epoch 222, cost = 1.463457, train_acc = 100.00% val_acc = 98.78%
Epoch 223, cost = 1.463899, train_acc = 100.00% val_acc = 98.77%
Epoch 224, cost = 1.463500, train_acc = 100.00% val_acc = 98.77%
Epoch 225, cost = 1.464308, train_acc = 100.00% val_acc = 98.90%
Epoch 226, cost = 1.463972, train_acc = 100.00% val_acc = 98.76%
Epoch 227, cost = 1.463621, train_acc = 100.00% val_acc = 98.73%
Epoch 228, cost = 1.463847, train_acc = 100.00% val_acc = 98.80%
Epoch 229, cost = 1.463492, train_acc = 100.00% val_acc = 98.79%
Epoch 230, cost = 1.463553, train_acc = 100.00% val_acc = 98.78%
Epoch 231, cost = 1.463975, train_acc = 100.00% val_acc = 98.82%
Epoch 232, cost = 1.463932, train_acc = 100.00% val_acc = 98.82%
Epoch 233, cost = 1.463909, train_acc = 100.00% val_acc = 98.72%
Epoch 234, cost = 1.463748, train_acc = 100.00% val_acc = 98.74%
Epoch 235, cost = 1.463904, train_acc = 100.00% val_acc = 98.91%
Epoch 236, cost = 1.463662, train_acc = 100.00% val_acc = 98.71%
Epoch 237, cost = 1.463590, train_acc = 100.00% val_acc = 98.67%
Epoch 238, cost = 1.463442, train_acc = 100.00% val_acc = 98.72%
Epoch 239, cost = 1.463488, train_acc = 100.00% val_acc = 98.73%
Epoch 240, cost = 1.463329, train_acc = 100.00% val_acc = 98.75%
Epoch 241, cost = 1.464057, train_acc = 100.00% val_acc = 98.76%
Epoch 242, cost = 1.463849, train_acc = 100.00% val_acc = 98.95%
Epoch 243, cost = 1.463502, train_acc = 100.00% val_acc = 98.92%
Epoch 244, cost = 1.463716, train_acc = 100.00% val_acc = 98.82%
Epoch 245, cost = 1.463912, train_acc = 100.00% val_acc = 98.87%
Epoch 246, cost = 1.463688, train_acc = 100.00% val_acc = 98.75%
Epoch 247, cost = 1.463661, train_acc = 100.00% val_acc = 98.77%
Epoch 248, cost = 1.463515, train_acc = 100.00% val_acc = 98.77%
Epoch 249, cost = 1.463909, train_acc = 100.00% val_acc = 98.74%
Epoch 250, cost = 1.463473, train_acc = 100.00% val_acc = 98.75%
Epoch 251, cost = 1.463664, train_acc = 100.00% val_acc = 98.64%
Epoch 252, cost = 1.463933, train_acc = 100.00% val_acc = 98.77%
Epoch 253, cost = 1.463507, train_acc = 100.00% val_acc = 98.67%
Epoch 254, cost = 1.463855, train_acc = 100.00% val_acc = 98.73%
Epoch 255, cost = 1.463809, train_acc = 100.00% val_acc = 98.74%
Epoch 256, cost = 1.463087, train_acc = 100.00% val_acc = 98.72%
Epoch 257, cost = 1.463644, train_acc = 100.00% val_acc = 98.80%
Epoch 258, cost = 1.463422, train_acc = 100.00% val_acc = 98.72%
Epoch 259, cost = 1.463755, train_acc = 100.00% val_acc = 98.76%
Epoch 260, cost = 1.463648, train_acc = 100.00% val_acc = 98.90%
Epoch 261, cost = 1.463688, train_acc = 100.00% val_acc = 98.74%
Epoch 262, cost = 1.463511, train_acc = 100.00% val_acc = 98.78%
Epoch 263, cost = 1.463829, train_acc = 100.00% val_acc = 98.68%
Epoch 264, cost = 1.463514, train_acc = 100.00% val_acc = 98.76%
Epoch 265, cost = 1.463187, train_acc = 100.00% val_acc = 98.82%
Epoch 266, cost = 1.463133, train_acc = 100.00% val_acc = 98.78%
Epoch 267, cost = 1.463454, train_acc = 100.00% val_acc = 98.81%
Epoch 268, cost = 1.463969, train_acc = 100.00% val_acc = 98.85%
Epoch 269, cost = 1.463464, train_acc = 100.00% val_acc = 98.81%
Epoch 270, cost = 1.463619, train_acc = 100.00% val_acc = 98.74%
Epoch 271, cost = 1.463185, train_acc = 100.00% val_acc = 98.93%
Epoch 272, cost = 1.463617, train_acc = 100.00% val_acc = 98.84%
Epoch 273, cost = 1.463554, train_acc = 100.00% val_acc = 98.67%
Epoch 274, cost = 1.463627, train_acc = 100.00% val_acc = 98.80%
Epoch 275, cost = 1.463636, train_acc = 100.00% val_acc = 98.83%
Epoch 276, cost = 1.463376, train_acc = 100.00% val_acc = 98.78%
Epoch 277, cost = 1.463496, train_acc = 100.00% val_acc = 98.77%
Epoch 278, cost = 1.463913, train_acc = 100.00% val_acc = 98.82%
Epoch 279, cost = 1.463597, train_acc = 100.00% val_acc = 98.78%
Epoch 280, cost = 1.463831, train_acc = 100.00% val_acc = 98.85%
Epoch 281, cost = 1.463983, train_acc = 100.00% val_acc = 98.71%
Epoch 282, cost = 1.463434, train_acc = 100.00% val_acc = 98.85%
Epoch 283, cost = 1.463632, train_acc = 100.00% val_acc = 98.82%
Epoch 284, cost = 1.463807, train_acc = 100.00% val_acc = 98.76%
Epoch 285, cost = 1.463525, train_acc = 100.00% val_acc = 98.85%
Epoch 286, cost = 1.463532, train_acc = 100.00% val_acc = 98.66%
Epoch 287, cost = 1.463472, train_acc = 100.00% val_acc = 98.91%
Epoch 288, cost = 1.463416, train_acc = 100.00% val_acc = 98.92%
Epoch 289, cost = 1.463358, train_acc = 100.00% val_acc = 98.86%
Epoch 290, cost = 1.463700, train_acc = 100.00% val_acc = 98.65%
Epoch 291, cost = 1.463282, train_acc = 100.00% val_acc = 98.61%
Epoch 292, cost = 1.463873, train_acc = 100.00% val_acc = 98.81%
Epoch 293, cost = 1.463136, train_acc = 100.00% val_acc = 98.92%
Epoch 294, cost = 1.463558, train_acc = 100.00% val_acc = 98.66%
Epoch 295, cost = 1.463446, train_acc = 100.00% val_acc = 98.80%
Epoch 296, cost = 1.463498, train_acc = 100.00% val_acc = 98.85%
Epoch 297, cost = 1.463583, train_acc = 100.00% val_acc = 98.73%
Epoch 298, cost = 1.463348, train_acc = 100.00% val_acc = 98.85%
Epoch 299, cost = 1.463285, train_acc = 100.00% val_acc = 98.83%
Epoch 300, cost = 1.463336, train_acc = 100.00% val_acc = 98.75%
Epoch 301, cost = 1.463396, train_acc = 100.00% val_acc = 98.83%
Epoch 302, cost = 1.463588, train_acc = 100.00% val_acc = 98.93%
Epoch 303, cost = 1.463520, train_acc = 100.00% val_acc = 98.78%
Epoch 304, cost = 1.463879, train_acc = 100.00% val_acc = 98.83%
Epoch 305, cost = 1.463204, train_acc = 100.00% val_acc = 98.87%
Epoch 306, cost = 1.463352, train_acc = 100.00% val_acc = 98.69%
Epoch 307, cost = 1.463237, train_acc = 100.00% val_acc = 98.87%
Epoch 308, cost = 1.463287, train_acc = 100.00% val_acc = 98.93%
Epoch 309, cost = 1.463694, train_acc = 100.00% val_acc = 98.72%
Epoch 310, cost = 1.463656, train_acc = 100.00% val_acc = 98.80%
Epoch 311, cost = 1.463445, train_acc = 100.00% val_acc = 98.80%
Epoch 312, cost = 1.463422, train_acc = 100.00% val_acc = 98.77%
Epoch 313, cost = 1.463943, train_acc = 100.00% val_acc = 98.77%
Epoch 314, cost = 1.463962, train_acc = 100.00% val_acc = 98.69%
Epoch 315, cost = 1.463368, train_acc = 100.00% val_acc = 98.75%
Epoch 316, cost = 1.463019, train_acc = 100.00% val_acc = 98.89%
Epoch 317, cost = 1.463204, train_acc = 100.00% val_acc = 98.82%
Epoch 318, cost = 1.463475, train_acc = 100.00% val_acc = 98.81%
Epoch 319, cost = 1.463576, train_acc = 100.00% val_acc = 98.88%
Epoch 320, cost = 1.463308, train_acc = 100.00% val_acc = 98.94%
Epoch 321, cost = 1.463327, train_acc = 100.00% val_acc = 98.91%
Epoch 322, cost = 1.463083, train_acc = 100.00% val_acc = 98.71%
Epoch 323, cost = 1.463450, train_acc = 100.00% val_acc = 98.84%
Epoch 324, cost = 1.463525, train_acc = 100.00% val_acc = 98.77%
Epoch 325, cost = 1.463462, train_acc = 100.00% val_acc = 98.68%
Epoch 326, cost = 1.463344, train_acc = 100.00% val_acc = 98.79%
Epoch 327, cost = 1.463049, train_acc = 100.00% val_acc = 98.64%
Epoch 328, cost = 1.463577, train_acc = 100.00% val_acc = 98.72%
Epoch 329, cost = 1.463194, train_acc = 100.00% val_acc = 98.54%
Epoch 330, cost = 1.463591, train_acc = 100.00% val_acc = 98.62%
Epoch 331, cost = 1.463320, train_acc = 100.00% val_acc = 98.72%
Epoch 332, cost = 1.463349, train_acc = 100.00% val_acc = 98.71%
Epoch 333, cost = 1.463140, train_acc = 100.00% val_acc = 98.94%
Epoch 334, cost = 1.463579, train_acc = 100.00% val_acc = 98.77%
Epoch 335, cost = 1.463446, train_acc = 100.00% val_acc = 98.85%
Epoch 336, cost = 1.463444, train_acc = 100.00% val_acc = 98.72%
Epoch 337, cost = 1.463119, train_acc = 100.00% val_acc = 98.88%
Epoch 338, cost = 1.463213, train_acc = 100.00% val_acc = 98.82%
Epoch 339, cost = 1.463104, train_acc = 100.00% val_acc = 98.74%
Epoch 340, cost = 1.463272, train_acc = 100.00% val_acc = 98.90%
Epoch 341, cost = 1.463377, train_acc = 100.00% val_acc = 98.79%
Epoch 342, cost = 1.463273, train_acc = 100.00% val_acc = 98.77%
Epoch 343, cost = 1.463092, train_acc = 100.00% val_acc = 98.76%
Epoch 344, cost = 1.463428, train_acc = 100.00% val_acc = 98.75%
Epoch 345, cost = 1.462984, train_acc = 100.00% val_acc = 98.58%
Epoch 346, cost = 1.462935, train_acc = 100.00% val_acc = 98.73%
Epoch 347, cost = 1.463301, train_acc = 100.00% val_acc = 98.64%
Epoch 348, cost = 1.463169, train_acc = 100.00% val_acc = 98.67%
Epoch 349, cost = 1.463203, train_acc = 100.00% val_acc = 98.79%
Epoch 350, cost = 1.463195, train_acc = 100.00% val_acc = 98.82%
Epoch 351, cost = 1.463327, train_acc = 100.00% val_acc = 98.85%
Epoch 352, cost = 1.463487, train_acc = 100.00% val_acc = 98.71%
Epoch 353, cost = 1.463528, train_acc = 100.00% val_acc = 98.74%
Epoch 354, cost = 1.463556, train_acc = 100.00% val_acc = 98.91%
Epoch 355, cost = 1.463160, train_acc = 100.00% val_acc = 98.74%
Epoch 356, cost = 1.463199, train_acc = 100.00% val_acc = 98.84%
Epoch 357, cost = 1.463199, train_acc = 100.00% val_acc = 98.71%
Epoch 358, cost = 1.463745, train_acc = 100.00% val_acc = 98.81%
Epoch 359, cost = 1.463143, train_acc = 100.00% val_acc = 98.84%
Epoch 360, cost = 1.463438, train_acc = 100.00% val_acc = 98.84%
Epoch 361, cost = 1.463341, train_acc = 100.00% val_acc = 98.83%
Epoch 362, cost = 1.463500, train_acc = 100.00% val_acc = 98.92%
Epoch 363, cost = 1.463207, train_acc = 100.00% val_acc = 98.93%
Epoch 364, cost = 1.463268, train_acc = 100.00% val_acc = 98.97%
Epoch 365, cost = 1.463237, train_acc = 100.00% val_acc = 98.85%
Epoch 366, cost = 1.463192, train_acc = 100.00% val_acc = 98.77%
Epoch 367, cost = 1.463336, train_acc = 100.00% val_acc = 98.86%
Epoch 368, cost = 1.463258, train_acc = 100.00% val_acc = 98.79%
Epoch 369, cost = 1.463330, train_acc = 100.00% val_acc = 98.77%
Epoch 370, cost = 1.463269, train_acc = 100.00% val_acc = 98.79%
Epoch 371, cost = 1.463041, train_acc = 100.00% val_acc = 98.75%
Epoch 372, cost = 1.463183, train_acc = 100.00% val_acc = 98.79%
Epoch 373, cost = 1.463545, train_acc = 100.00% val_acc = 98.77%
Epoch 374, cost = 1.463587, train_acc = 100.00% val_acc = 98.79%
Epoch 375, cost = 1.463249, train_acc = 100.00% val_acc = 98.73%
Epoch 376, cost = 1.463364, train_acc = 100.00% val_acc = 98.81%
Epoch 377, cost = 1.463396, train_acc = 100.00% val_acc = 98.79%
Epoch 378, cost = 1.463543, train_acc = 100.00% val_acc = 98.81%
Epoch 379, cost = 1.463959, train_acc = 100.00% val_acc = 98.84%
Epoch 380, cost = 1.463500, train_acc = 100.00% val_acc = 98.91%
Epoch 381, cost = 1.463084, train_acc = 100.00% val_acc = 98.95%
Epoch 382, cost = 1.463213, train_acc = 100.00% val_acc = 98.83%
Epoch 383, cost = 1.463013, train_acc = 100.00% val_acc = 98.77%
Epoch 384, cost = 1.462706, train_acc = 100.00% val_acc = 98.82%
Epoch 385, cost = 1.463002, train_acc = 100.00% val_acc = 98.83%
Epoch 386, cost = 1.463368, train_acc = 100.00% val_acc = 98.81%
Epoch 387, cost = 1.463347, train_acc = 100.00% val_acc = 98.83%
Epoch 388, cost = 1.463089, train_acc = 100.00% val_acc = 98.85%
Epoch 389, cost = 1.462992, train_acc = 100.00% val_acc = 98.88%
Epoch 390, cost = 1.463392, train_acc = 100.00% val_acc = 98.75%
Epoch 391, cost = 1.463199, train_acc = 100.00% val_acc = 98.89%
Epoch 392, cost = 1.462882, train_acc = 100.00% val_acc = 98.76%
Epoch 393, cost = 1.463367, train_acc = 100.00% val_acc = 98.80%
Epoch 394, cost = 1.463115, train_acc = 100.00% val_acc = 98.72%
Epoch 395, cost = 1.463314, train_acc = 100.00% val_acc = 98.79%
Epoch 396, cost = 1.463113, train_acc = 100.00% val_acc = 98.84%
Epoch 397, cost = 1.463258, train_acc = 100.00% val_acc = 98.86%
Epoch 398, cost = 1.463143, train_acc = 100.00% val_acc = 98.79%
Epoch 399, cost = 1.462963, train_acc = 100.00% val_acc = 98.70%
Epoch 400, cost = 1.463075, train_acc = 100.00% val_acc = 98.71%
Epoch 401, cost = 1.463101, train_acc = 100.00% val_acc = 98.83%
Epoch 402, cost = 1.463322, train_acc = 100.00% val_acc = 98.79%
Epoch 403, cost = 1.463621, train_acc = 100.00% val_acc = 98.79%
Epoch 404, cost = 1.463472, train_acc = 100.00% val_acc = 98.75%
Epoch 405, cost = 1.463002, train_acc = 100.00% val_acc = 98.92%
Epoch 406, cost = 1.462800, train_acc = 100.00% val_acc = 98.84%
Epoch 407, cost = 1.463233, train_acc = 100.00% val_acc = 98.83%
Epoch 408, cost = 1.462966, train_acc = 100.00% val_acc = 98.71%
Epoch 409, cost = 1.463348, train_acc = 100.00% val_acc = 98.92%
Epoch 410, cost = 1.463151, train_acc = 100.00% val_acc = 98.78%
Epoch 411, cost = 1.463278, train_acc = 100.00% val_acc = 98.81%
Epoch 412, cost = 1.463354, train_acc = 100.00% val_acc = 98.91%
Epoch 413, cost = 1.462889, train_acc = 100.00% val_acc = 98.89%
Epoch 414, cost = 1.462866, train_acc = 100.00% val_acc = 98.92%
Epoch 415, cost = 1.463255, train_acc = 100.00% val_acc = 98.77%
Epoch 416, cost = 1.463089, train_acc = 100.00% val_acc = 98.70%
Epoch 417, cost = 1.462992, train_acc = 100.00% val_acc = 98.78%
Epoch 418, cost = 1.463035, train_acc = 100.00% val_acc = 98.76%
Epoch 419, cost = 1.462867, train_acc = 100.00% val_acc = 98.78%
Epoch 420, cost = 1.463370, train_acc = 100.00% val_acc = 98.78%
Epoch 421, cost = 1.463221, train_acc = 100.00% val_acc = 98.94%
Epoch 422, cost = 1.463050, train_acc = 100.00% val_acc = 98.90%
Epoch 423, cost = 1.462942, train_acc = 100.00% val_acc = 98.89%
Epoch 424, cost = 1.462969, train_acc = 100.00% val_acc = 98.98%
Epoch 425, cost = 1.463181, train_acc = 100.00% val_acc = 98.84%
Epoch 426, cost = 1.463357, train_acc = 100.00% val_acc = 98.88%
Epoch 427, cost = 1.462988, train_acc = 100.00% val_acc = 98.84%
Epoch 428, cost = 1.463282, train_acc = 100.00% val_acc = 98.86%
Epoch 429, cost = 1.462917, train_acc = 100.00% val_acc = 98.70%
Epoch 430, cost = 1.463456, train_acc = 100.00% val_acc = 98.76%
Epoch 431, cost = 1.462959, train_acc = 100.00% val_acc = 98.75%
Epoch 432, cost = 1.463218, train_acc = 100.00% val_acc = 98.80%
Epoch 433, cost = 1.463282, train_acc = 100.00% val_acc = 98.85%
Epoch 434, cost = 1.462910, train_acc = 100.00% val_acc = 98.83%
Epoch 435, cost = 1.463217, train_acc = 100.00% val_acc = 98.90%
Epoch 436, cost = 1.463117, train_acc = 100.00% val_acc = 98.83%
Epoch 437, cost = 1.462959, train_acc = 100.00% val_acc = 98.72%
Epoch 438, cost = 1.463359, train_acc = 100.00% val_acc = 98.84%
Epoch 439, cost = 1.462959, train_acc = 100.00% val_acc = 98.70%
Epoch 440, cost = 1.463076, train_acc = 100.00% val_acc = 98.75%
Epoch 441, cost = 1.463086, train_acc = 100.00% val_acc = 98.72%
Epoch 442, cost = 1.463075, train_acc = 100.00% val_acc = 98.79%
Epoch 443, cost = 1.462943, train_acc = 100.00% val_acc = 98.74%
Epoch 444, cost = 1.463242, train_acc = 100.00% val_acc = 98.83%
Epoch 445, cost = 1.463216, train_acc = 100.00% val_acc = 98.79%
Epoch 446, cost = 1.462952, train_acc = 100.00% val_acc = 98.71%
Epoch 447, cost = 1.463276, train_acc = 100.00% val_acc = 98.67%
Epoch 448, cost = 1.462906, train_acc = 100.00% val_acc = 98.84%
Epoch 449, cost = 1.462981, train_acc = 100.00% val_acc = 98.88%
Epoch 450, cost = 1.463115, train_acc = 100.00% val_acc = 98.74%
Epoch 451, cost = 1.463128, train_acc = 100.00% val_acc = 98.71%
Epoch 452, cost = 1.463144, train_acc = 100.00% val_acc = 98.82%
Epoch 453, cost = 1.463037, train_acc = 100.00% val_acc = 98.80%
Epoch 454, cost = 1.462913, train_acc = 100.00% val_acc = 98.61%
Epoch 455, cost = 1.463085, train_acc = 100.00% val_acc = 98.73%
Epoch 456, cost = 1.462973, train_acc = 100.00% val_acc = 98.82%
Epoch 457, cost = 1.462990, train_acc = 100.00% val_acc = 98.72%
Epoch 458, cost = 1.463094, train_acc = 100.00% val_acc = 98.74%
Epoch 459, cost = 1.463511, train_acc = 100.00% val_acc = 98.73%
Epoch 460, cost = 1.463176, train_acc = 99.99% val_acc = 98.72%
Epoch 461, cost = 1.463113, train_acc = 100.00% val_acc = 98.77%
Epoch 462, cost = 1.462706, train_acc = 100.00% val_acc = 98.78%
Epoch 463, cost = 1.462943, train_acc = 100.00% val_acc = 98.82%
Epoch 464, cost = 1.463127, train_acc = 100.00% val_acc = 98.83%
Epoch 465, cost = 1.462806, train_acc = 100.00% val_acc = 98.85%
Epoch 466, cost = 1.463062, train_acc = 100.00% val_acc = 98.56%
Epoch 467, cost = 1.463623, train_acc = 100.00% val_acc = 98.61%
Epoch 468, cost = 1.463181, train_acc = 100.00% val_acc = 98.78%
Epoch 469, cost = 1.463292, train_acc = 100.00% val_acc = 98.68%
Epoch 470, cost = 1.463197, train_acc = 100.00% val_acc = 98.68%
Epoch 471, cost = 1.462777, train_acc = 100.00% val_acc = 98.72%
Epoch 472, cost = 1.463021, train_acc = 100.00% val_acc = 98.71%
Epoch 473, cost = 1.463008, train_acc = 100.00% val_acc = 98.79%
Epoch 474, cost = 1.463501, train_acc = 100.00% val_acc = 98.88%
Epoch 475, cost = 1.463037, train_acc = 100.00% val_acc = 98.65%
Epoch 476, cost = 1.463186, train_acc = 100.00% val_acc = 98.78%
Epoch 477, cost = 1.463261, train_acc = 100.00% val_acc = 98.72%
Epoch 478, cost = 1.463346, train_acc = 100.00% val_acc = 98.64%
Epoch 479, cost = 1.463389, train_acc = 100.00% val_acc = 98.66%
Epoch 480, cost = 1.462889, train_acc = 100.00% val_acc = 98.74%
Epoch 481, cost = 1.462874, train_acc = 100.00% val_acc = 98.72%
Epoch 482, cost = 1.462680, train_acc = 100.00% val_acc = 98.76%
Epoch 483, cost = 1.463241, train_acc = 100.00% val_acc = 98.74%
Epoch 484, cost = 1.462914, train_acc = 100.00% val_acc = 98.85%
Epoch 485, cost = 1.463042, train_acc = 100.00% val_acc = 98.74%
Epoch 486, cost = 1.463020, train_acc = 100.00% val_acc = 98.82%
Epoch 487, cost = 1.462939, train_acc = 100.00% val_acc = 98.74%
Epoch 488, cost = 1.463359, train_acc = 100.00% val_acc = 98.76%
Epoch 489, cost = 1.462910, train_acc = 100.00% val_acc = 98.77%
Epoch 490, cost = 1.463247, train_acc = 100.00% val_acc = 98.73%
Epoch 491, cost = 1.462886, train_acc = 100.00% val_acc = 98.66%
Epoch 492, cost = 1.463205, train_acc = 100.00% val_acc = 98.87%
Epoch 493, cost = 1.463075, train_acc = 100.00% val_acc = 98.81%
Epoch 494, cost = 1.463055, train_acc = 100.00% val_acc = 98.70%
Epoch 495, cost = 1.463134, train_acc = 100.00% val_acc = 98.73%
Epoch 496, cost = 1.462936, train_acc = 100.00% val_acc = 98.74%
Epoch 497, cost = 1.462922, train_acc = 100.00% val_acc = 98.71%
Epoch 498, cost = 1.463223, train_acc = 100.00% val_acc = 98.70%
Epoch 499, cost = 1.462972, train_acc = 100.00% val_acc = 98.57%
Epoch 500, cost = 1.463207, train_acc = 100.00% val_acc = 98.65%
Epoch 501, cost = 1.462844, train_acc = 100.00% val_acc = 98.73%
Epoch 502, cost = 1.462944, train_acc = 100.00% val_acc = 98.56%
Epoch 503, cost = 1.462959, train_acc = 100.00% val_acc = 98.63%
Epoch 504, cost = 1.463061, train_acc = 100.00% val_acc = 98.69%
Epoch 505, cost = 1.463048, train_acc = 100.00% val_acc = 98.60%
Epoch 506, cost = 1.462956, train_acc = 100.00% val_acc = 98.65%
Epoch 507, cost = 1.463143, train_acc = 100.00% val_acc = 98.72%
Epoch 508, cost = 1.462932, train_acc = 100.00% val_acc = 98.72%
Epoch 509, cost = 1.463162, train_acc = 100.00% val_acc = 98.66%
Epoch 510, cost = 1.462971, train_acc = 100.00% val_acc = 98.81%
Epoch 511, cost = 1.463018, train_acc = 100.00% val_acc = 98.71%
Epoch 512, cost = 1.463123, train_acc = 100.00% val_acc = 98.63%
Epoch 513, cost = 1.462831, train_acc = 100.00% val_acc = 98.83%
Epoch 514, cost = 1.462907, train_acc = 100.00% val_acc = 98.75%
Epoch 515, cost = 1.463096, train_acc = 100.00% val_acc = 98.84%
Epoch 516, cost = 1.462583, train_acc = 100.00% val_acc = 98.68%
Epoch 517, cost = 1.463211, train_acc = 100.00% val_acc = 98.69%
Epoch 518, cost = 1.463069, train_acc = 100.00% val_acc = 98.69%
Epoch 519, cost = 1.463003, train_acc = 100.00% val_acc = 98.70%
Epoch 520, cost = 1.462918, train_acc = 100.00% val_acc = 98.81%
Epoch 521, cost = 1.463060, train_acc = 100.00% val_acc = 98.73%
Epoch 522, cost = 1.462743, train_acc = 100.00% val_acc = 98.76%
Epoch 523, cost = 1.463075, train_acc = 100.00% val_acc = 98.77%
Epoch 524, cost = 1.463093, train_acc = 100.00% val_acc = 98.72%
Epoch 525, cost = 1.463176, train_acc = 100.00% val_acc = 98.71%
Epoch 526, cost = 1.462832, train_acc = 100.00% val_acc = 98.75%
Epoch 527, cost = 1.463285, train_acc = 100.00% val_acc = 98.92%
Epoch 528, cost = 1.463098, train_acc = 100.00% val_acc = 98.84%
Epoch 529, cost = 1.463273, train_acc = 100.00% val_acc = 98.78%
Epoch 530, cost = 1.463135, train_acc = 100.00% val_acc = 98.85%
Epoch 531, cost = 1.462883, train_acc = 100.00% val_acc = 98.91%
Epoch 532, cost = 1.462834, train_acc = 100.00% val_acc = 98.86%
Epoch 533, cost = 1.462983, train_acc = 100.00% val_acc = 98.80%
Epoch 534, cost = 1.462761, train_acc = 100.00% val_acc = 98.92%
Epoch 535, cost = 1.462966, train_acc = 100.00% val_acc = 98.89%
Epoch 536, cost = 1.462871, train_acc = 100.00% val_acc = 98.80%
Epoch 537, cost = 1.463243, train_acc = 100.00% val_acc = 98.83%
Epoch 538, cost = 1.462829, train_acc = 100.00% val_acc = 98.72%
Epoch 539, cost = 1.462745, train_acc = 100.00% val_acc = 98.79%
Epoch 540, cost = 1.462794, train_acc = 100.00% val_acc = 98.77%
Epoch 541, cost = 1.462948, train_acc = 100.00% val_acc = 98.66%
Epoch 542, cost = 1.462794, train_acc = 100.00% val_acc = 98.85%
Epoch 543, cost = 1.462864, train_acc = 100.00% val_acc = 98.80%
Epoch 544, cost = 1.462709, train_acc = 100.00% val_acc = 98.57%
Epoch 545, cost = 1.462964, train_acc = 100.00% val_acc = 98.72%
Epoch 546, cost = 1.462757, train_acc = 100.00% val_acc = 98.69%
Epoch 547, cost = 1.462926, train_acc = 100.00% val_acc = 98.72%
Epoch 548, cost = 1.462756, train_acc = 100.00% val_acc = 98.76%
Epoch 549, cost = 1.463183, train_acc = 100.00% val_acc = 98.84%
Epoch 550, cost = 1.462940, train_acc = 100.00% val_acc = 98.87%
Epoch 551, cost = 1.462937, train_acc = 100.00% val_acc = 98.81%
Epoch 552, cost = 1.463015, train_acc = 100.00% val_acc = 98.78%
Epoch 553, cost = 1.463162, train_acc = 100.00% val_acc = 98.76%
Epoch 554, cost = 1.462953, train_acc = 100.00% val_acc = 98.83%
Epoch 555, cost = 1.462724, train_acc = 100.00% val_acc = 98.80%
Epoch 556, cost = 1.462730, train_acc = 100.00% val_acc = 98.80%
Epoch 557, cost = 1.462964, train_acc = 100.00% val_acc = 98.79%
Epoch 558, cost = 1.463134, train_acc = 100.00% val_acc = 98.76%
Epoch 559, cost = 1.462952, train_acc = 100.00% val_acc = 98.73%
Epoch 560, cost = 1.462963, train_acc = 100.00% val_acc = 98.77%
Epoch 561, cost = 1.462650, train_acc = 100.00% val_acc = 98.78%
Epoch 562, cost = 1.463049, train_acc = 100.00% val_acc = 98.73%
Epoch 563, cost = 1.463049, train_acc = 100.00% val_acc = 98.87%
Epoch 564, cost = 1.462703, train_acc = 100.00% val_acc = 98.82%
Epoch 565, cost = 1.462901, train_acc = 100.00% val_acc = 98.89%
Epoch 566, cost = 1.462926, train_acc = 100.00% val_acc = 98.88%
Epoch 567, cost = 1.462943, train_acc = 100.00% val_acc = 98.77%
Epoch 568, cost = 1.463051, train_acc = 100.00% val_acc = 98.75%
Epoch 569, cost = 1.462742, train_acc = 100.00% val_acc = 98.83%
Epoch 570, cost = 1.463011, train_acc = 100.00% val_acc = 98.75%
Epoch 571, cost = 1.462885, train_acc = 100.00% val_acc = 98.82%
Epoch 572, cost = 1.462628, train_acc = 100.00% val_acc = 98.84%
Epoch 573, cost = 1.463131, train_acc = 100.00% val_acc = 98.89%
Epoch 574, cost = 1.462905, train_acc = 100.00% val_acc = 98.82%
Epoch 575, cost = 1.462868, train_acc = 100.00% val_acc = 98.82%
Epoch 576, cost = 1.462761, train_acc = 100.00% val_acc = 98.83%
Epoch 577, cost = 1.462958, train_acc = 100.00% val_acc = 98.76%
Epoch 578, cost = 1.463006, train_acc = 100.00% val_acc = 98.78%
Epoch 579, cost = 1.462916, train_acc = 100.00% val_acc = 98.88%
Epoch 580, cost = 1.462913, train_acc = 100.00% val_acc = 98.86%
Epoch 581, cost = 1.463088, train_acc = 100.00% val_acc = 98.74%
Epoch 582, cost = 1.462902, train_acc = 100.00% val_acc = 98.78%
Epoch 583, cost = 1.462922, train_acc = 100.00% val_acc = 98.81%
Epoch 584, cost = 1.462945, train_acc = 100.00% val_acc = 98.76%
Epoch 585, cost = 1.462961, train_acc = 100.00% val_acc = 98.77%
Epoch 586, cost = 1.462833, train_acc = 100.00% val_acc = 98.72%
Epoch 587, cost = 1.462899, train_acc = 100.00% val_acc = 98.83%
Epoch 588, cost = 1.462760, train_acc = 100.00% val_acc = 98.82%
Epoch 589, cost = 1.462672, train_acc = 100.00% val_acc = 98.82%
Epoch 590, cost = 1.462925, train_acc = 100.00% val_acc = 98.87%
Epoch 591, cost = 1.462669, train_acc = 100.00% val_acc = 98.92%
Epoch 592, cost = 1.462968, train_acc = 100.00% val_acc = 98.88%
Epoch 593, cost = 1.463021, train_acc = 100.00% val_acc = 98.82%
Epoch 594, cost = 1.462710, train_acc = 100.00% val_acc = 98.81%
Epoch 595, cost = 1.462925, train_acc = 100.00% val_acc = 98.86%
Epoch 596, cost = 1.463167, train_acc = 100.00% val_acc = 98.71%
Epoch 597, cost = 1.463017, train_acc = 100.00% val_acc = 98.88%
Epoch 598, cost = 1.463006, train_acc = 100.00% val_acc = 98.85%
Epoch 599, cost = 1.462745, train_acc = 100.00% val_acc = 98.93%
Epoch 600, cost = 1.463051, train_acc = 100.00% val_acc = 98.84%
Epoch 601, cost = 1.462946, train_acc = 100.00% val_acc = 98.87%
Epoch 602, cost = 1.462828, train_acc = 100.00% val_acc = 98.77%
Epoch 603, cost = 1.463089, train_acc = 100.00% val_acc = 98.78%
Epoch 604, cost = 1.462781, train_acc = 100.00% val_acc = 98.75%
Epoch 605, cost = 1.462815, train_acc = 100.00% val_acc = 98.74%
Epoch 606, cost = 1.462817, train_acc = 100.00% val_acc = 98.74%
Epoch 607, cost = 1.463165, train_acc = 100.00% val_acc = 98.82%
Epoch 608, cost = 1.463163, train_acc = 100.00% val_acc = 98.80%
Epoch 609, cost = 1.462625, train_acc = 100.00% val_acc = 98.78%
Epoch 610, cost = 1.462794, train_acc = 100.00% val_acc = 98.82%
Epoch 611, cost = 1.462812, train_acc = 100.00% val_acc = 98.70%
Epoch 612, cost = 1.462635, train_acc = 100.00% val_acc = 98.82%
Epoch 613, cost = 1.462728, train_acc = 100.00% val_acc = 98.78%
Epoch 614, cost = 1.463362, train_acc = 100.00% val_acc = 98.72%
Epoch 615, cost = 1.462892, train_acc = 100.00% val_acc = 98.75%
Epoch 616, cost = 1.463001, train_acc = 100.00% val_acc = 98.82%
Epoch 617, cost = 1.463174, train_acc = 100.00% val_acc = 98.66%
Epoch 618, cost = 1.462843, train_acc = 100.00% val_acc = 98.78%
Epoch 619, cost = 1.462704, train_acc = 100.00% val_acc = 98.98%
Epoch 620, cost = 1.462865, train_acc = 100.00% val_acc = 98.79%
Epoch 621, cost = 1.462999, train_acc = 100.00% val_acc = 98.72%
Epoch 622, cost = 1.463050, train_acc = 100.00% val_acc = 98.67%
Epoch 623, cost = 1.463093, train_acc = 100.00% val_acc = 98.76%
Epoch 624, cost = 1.463045, train_acc = 100.00% val_acc = 98.75%
Epoch 625, cost = 1.462744, train_acc = 100.00% val_acc = 98.72%
Epoch 626, cost = 1.462866, train_acc = 100.00% val_acc = 98.75%
Epoch 627, cost = 1.463068, train_acc = 100.00% val_acc = 98.55%
Epoch 628, cost = 1.462800, train_acc = 100.00% val_acc = 98.74%
Epoch 629, cost = 1.463038, train_acc = 100.00% val_acc = 98.60%
Epoch 630, cost = 1.462730, train_acc = 100.00% val_acc = 98.63%
Epoch 631, cost = 1.463008, train_acc = 100.00% val_acc = 98.76%
Epoch 632, cost = 1.463001, train_acc = 100.00% val_acc = 98.77%
Epoch 633, cost = 1.462856, train_acc = 100.00% val_acc = 98.71%
Epoch 634, cost = 1.463030, train_acc = 100.00% val_acc = 98.73%
Epoch 635, cost = 1.462652, train_acc = 100.00% val_acc = 98.74%
Epoch 636, cost = 1.462908, train_acc = 100.00% val_acc = 98.70%
Epoch 637, cost = 1.462901, train_acc = 100.00% val_acc = 98.72%
Epoch 638, cost = 1.463156, train_acc = 100.00% val_acc = 98.79%
Epoch 639, cost = 1.462906, train_acc = 100.00% val_acc = 98.76%
Epoch 640, cost = 1.463007, train_acc = 100.00% val_acc = 98.76%
Epoch 641, cost = 1.462755, train_acc = 100.00% val_acc = 98.72%
Epoch 642, cost = 1.463023, train_acc = 100.00% val_acc = 98.77%
Epoch 643, cost = 1.462877, train_acc = 100.00% val_acc = 98.81%
Epoch 644, cost = 1.462837, train_acc = 100.00% val_acc = 98.81%
Epoch 645, cost = 1.462782, train_acc = 100.00% val_acc = 98.75%
Epoch 646, cost = 1.462729, train_acc = 100.00% val_acc = 98.97%
Epoch 647, cost = 1.462684, train_acc = 100.00% val_acc = 98.85%
Epoch 648, cost = 1.463038, train_acc = 100.00% val_acc = 98.81%
Epoch 649, cost = 1.462857, train_acc = 100.00% val_acc = 98.83%
Epoch 650, cost = 1.463122, train_acc = 100.00% val_acc = 98.70%
Epoch 651, cost = 1.462848, train_acc = 100.00% val_acc = 98.93%
Epoch 652, cost = 1.462783, train_acc = 100.00% val_acc = 98.85%
Epoch 653, cost = 1.462763, train_acc = 100.00% val_acc = 98.89%
Epoch 654, cost = 1.462818, train_acc = 100.00% val_acc = 98.78%
Epoch 655, cost = 1.462661, train_acc = 100.00% val_acc = 98.84%
Epoch 656, cost = 1.462648, train_acc = 100.00% val_acc = 98.86%
Epoch 657, cost = 1.462880, train_acc = 100.00% val_acc = 98.95%
Epoch 658, cost = 1.462889, train_acc = 100.00% val_acc = 98.85%
Epoch 659, cost = 1.462698, train_acc = 100.00% val_acc = 98.96%
Epoch 660, cost = 1.462652, train_acc = 100.00% val_acc = 98.84%
Epoch 661, cost = 1.462627, train_acc = 100.00% val_acc = 98.83%
Epoch 662, cost = 1.462833, train_acc = 100.00% val_acc = 98.84%
Epoch 663, cost = 1.463102, train_acc = 100.00% val_acc = 98.85%
Epoch 664, cost = 1.462615, train_acc = 100.00% val_acc = 98.76%
Epoch 665, cost = 1.462793, train_acc = 100.00% val_acc = 98.74%
Epoch 666, cost = 1.462592, train_acc = 100.00% val_acc = 98.75%
Epoch 667, cost = 1.462698, train_acc = 100.00% val_acc = 98.79%
Epoch 668, cost = 1.462860, train_acc = 100.00% val_acc = 98.89%
Epoch 669, cost = 1.462980, train_acc = 100.00% val_acc = 98.71%
Epoch 670, cost = 1.462498, train_acc = 100.00% val_acc = 98.79%
Epoch 671, cost = 1.463047, train_acc = 100.00% val_acc = 98.81%
Epoch 672, cost = 1.463125, train_acc = 100.00% val_acc = 98.71%
Epoch 673, cost = 1.462865, train_acc = 100.00% val_acc = 98.66%
Epoch 674, cost = 1.462828, train_acc = 100.00% val_acc = 98.78%
Epoch 675, cost = 1.462835, train_acc = 100.00% val_acc = 98.80%
Epoch 676, cost = 1.462864, train_acc = 100.00% val_acc = 98.62%
Epoch 677, cost = 1.462781, train_acc = 100.00% val_acc = 98.82%
Epoch 678, cost = 1.462711, train_acc = 100.00% val_acc = 98.79%
Epoch 679, cost = 1.462782, train_acc = 100.00% val_acc = 98.84%
Epoch 680, cost = 1.462705, train_acc = 100.00% val_acc = 98.88%
Epoch 681, cost = 1.462807, train_acc = 100.00% val_acc = 98.70%
Epoch 682, cost = 1.462563, train_acc = 100.00% val_acc = 98.81%
Epoch 683, cost = 1.462730, train_acc = 100.00% val_acc = 98.79%
Epoch 684, cost = 1.462568, train_acc = 100.00% val_acc = 98.78%
Epoch 685, cost = 1.462849, train_acc = 100.00% val_acc = 98.71%
Epoch 686, cost = 1.462647, train_acc = 100.00% val_acc = 98.84%
Epoch 687, cost = 1.462830, train_acc = 100.00% val_acc = 98.81%
Epoch 688, cost = 1.463193, train_acc = 100.00% val_acc = 98.84%
Epoch 689, cost = 1.462705, train_acc = 100.00% val_acc = 98.76%
Epoch 690, cost = 1.462660, train_acc = 100.00% val_acc = 98.67%
Epoch 691, cost = 1.462814, train_acc = 100.00% val_acc = 98.71%
Epoch 692, cost = 1.463126, train_acc = 100.00% val_acc = 98.83%
Epoch 693, cost = 1.462966, train_acc = 100.00% val_acc = 98.81%
Epoch 694, cost = 1.462701, train_acc = 100.00% val_acc = 98.66%
Epoch 695, cost = 1.462671, train_acc = 100.00% val_acc = 98.80%
Epoch 696, cost = 1.462670, train_acc = 100.00% val_acc = 98.75%
Epoch 697, cost = 1.462901, train_acc = 100.00% val_acc = 98.73%
Epoch 698, cost = 1.462951, train_acc = 100.00% val_acc = 98.73%
Epoch 699, cost = 1.462864, train_acc = 100.00% val_acc = 98.76%
Epoch 700, cost = 1.462933, train_acc = 100.00% val_acc = 98.84%
Epoch 701, cost = 1.462994, train_acc = 100.00% val_acc = 98.77%
Epoch 702, cost = 1.463046, train_acc = 100.00% val_acc = 98.85%
Epoch 703, cost = 1.462641, train_acc = 100.00% val_acc = 98.90%
Epoch 704, cost = 1.462653, train_acc = 100.00% val_acc = 98.89%
Epoch 705, cost = 1.462665, train_acc = 100.00% val_acc = 98.85%
Epoch 706, cost = 1.462886, train_acc = 100.00% val_acc = 98.83%
Epoch 707, cost = 1.462921, train_acc = 100.00% val_acc = 98.82%
Epoch 708, cost = 1.462629, train_acc = 100.00% val_acc = 98.86%
Epoch 709, cost = 1.462816, train_acc = 100.00% val_acc = 98.90%
Epoch 710, cost = 1.462689, train_acc = 100.00% val_acc = 98.87%
Epoch 711, cost = 1.462444, train_acc = 100.00% val_acc = 98.88%
Epoch 712, cost = 1.462862, train_acc = 100.00% val_acc = 98.87%
Epoch 713, cost = 1.462918, train_acc = 100.00% val_acc = 98.78%
Epoch 714, cost = 1.462679, train_acc = 100.00% val_acc = 98.72%
Epoch 715, cost = 1.462727, train_acc = 100.00% val_acc = 98.86%
Epoch 716, cost = 1.462634, train_acc = 100.00% val_acc = 98.78%
Epoch 717, cost = 1.462492, train_acc = 100.00% val_acc = 98.71%
Epoch 718, cost = 1.462676, train_acc = 100.00% val_acc = 98.80%
Epoch 719, cost = 1.462820, train_acc = 100.00% val_acc = 98.75%
Epoch 720, cost = 1.462822, train_acc = 100.00% val_acc = 98.67%
Epoch 721, cost = 1.462888, train_acc = 100.00% val_acc = 98.70%
Epoch 722, cost = 1.462494, train_acc = 100.00% val_acc = 98.81%
Epoch 723, cost = 1.462751, train_acc = 100.00% val_acc = 98.70%
Epoch 724, cost = 1.462787, train_acc = 100.00% val_acc = 98.74%
Epoch 725, cost = 1.462785, train_acc = 100.00% val_acc = 98.76%
Epoch 726, cost = 1.462729, train_acc = 100.00% val_acc = 98.76%
Epoch 727, cost = 1.462570, train_acc = 100.00% val_acc = 98.72%
Epoch 728, cost = 1.462806, train_acc = 100.00% val_acc = 98.76%
Epoch 729, cost = 1.462795, train_acc = 100.00% val_acc = 98.75%
Epoch 730, cost = 1.462882, train_acc = 100.00% val_acc = 98.66%
Epoch 731, cost = 1.462662, train_acc = 100.00% val_acc = 98.82%
Epoch 732, cost = 1.462780, train_acc = 100.00% val_acc = 98.77%
Epoch 733, cost = 1.462552, train_acc = 100.00% val_acc = 98.83%
Epoch 734, cost = 1.462762, train_acc = 100.00% val_acc = 98.73%
Epoch 735, cost = 1.462763, train_acc = 100.00% val_acc = 98.79%
Epoch 736, cost = 1.462635, train_acc = 100.00% val_acc = 98.83%
Epoch 737, cost = 1.462838, train_acc = 100.00% val_acc = 98.76%
Epoch 738, cost = 1.462806, train_acc = 100.00% val_acc = 98.65%
Epoch 739, cost = 1.462851, train_acc = 100.00% val_acc = 98.78%
Epoch 740, cost = 1.462794, train_acc = 100.00% val_acc = 98.81%
Epoch 741, cost = 1.462558, train_acc = 100.00% val_acc = 98.86%
Epoch 742, cost = 1.463139, train_acc = 100.00% val_acc = 98.87%
Epoch 743, cost = 1.462522, train_acc = 100.00% val_acc = 98.76%
Epoch 744, cost = 1.462678, train_acc = 100.00% val_acc = 98.80%
Epoch 745, cost = 1.462702, train_acc = 100.00% val_acc = 98.84%
Epoch 746, cost = 1.462745, train_acc = 100.00% val_acc = 98.89%
Epoch 747, cost = 1.462733, train_acc = 100.00% val_acc = 98.82%
Epoch 748, cost = 1.462582, train_acc = 100.00% val_acc = 98.84%
Epoch 749, cost = 1.462772, train_acc = 100.00% val_acc = 98.79%
Epoch 750, cost = 1.462823, train_acc = 100.00% val_acc = 98.70%
Epoch 751, cost = 1.462749, train_acc = 100.00% val_acc = 98.81%
Epoch 752, cost = 1.462447, train_acc = 100.00% val_acc = 98.80%
Epoch 753, cost = 1.462613, train_acc = 100.00% val_acc = 98.76%
Epoch 754, cost = 1.462600, train_acc = 100.00% val_acc = 98.78%
Epoch 755, cost = 1.462751, train_acc = 100.00% val_acc = 98.75%
Epoch 756, cost = 1.463151, train_acc = 100.00% val_acc = 98.79%
Epoch 757, cost = 1.462717, train_acc = 100.00% val_acc = 98.84%
Epoch 758, cost = 1.462589, train_acc = 100.00% val_acc = 98.73%
Epoch 759, cost = 1.462915, train_acc = 100.00% val_acc = 98.72%
Epoch 760, cost = 1.462991, train_acc = 100.00% val_acc = 98.83%
Epoch 761, cost = 1.462635, train_acc = 100.00% val_acc = 98.82%
Epoch 762, cost = 1.462676, train_acc = 100.00% val_acc = 98.83%
Epoch 763, cost = 1.462850, train_acc = 100.00% val_acc = 98.80%
Epoch 764, cost = 1.462728, train_acc = 100.00% val_acc = 98.79%
Epoch 765, cost = 1.463038, train_acc = 100.00% val_acc = 98.70%
Epoch 766, cost = 1.462525, train_acc = 100.00% val_acc = 98.75%
Epoch 767, cost = 1.462927, train_acc = 100.00% val_acc = 98.70%
Epoch 768, cost = 1.462685, train_acc = 100.00% val_acc = 98.64%
Epoch 769, cost = 1.462798, train_acc = 100.00% val_acc = 98.70%
Epoch 770, cost = 1.462487, train_acc = 100.00% val_acc = 98.74%
Epoch 771, cost = 1.462812, train_acc = 100.00% val_acc = 98.68%
Epoch 772, cost = 1.462447, train_acc = 100.00% val_acc = 98.68%
Epoch 773, cost = 1.462589, train_acc = 100.00% val_acc = 98.74%
Epoch 774, cost = 1.462587, train_acc = 100.00% val_acc = 98.72%
Epoch 775, cost = 1.462677, train_acc = 100.00% val_acc = 98.78%
Epoch 776, cost = 1.462458, train_acc = 100.00% val_acc = 98.68%
Epoch 777, cost = 1.462658, train_acc = 100.00% val_acc = 98.76%
Epoch 778, cost = 1.462904, train_acc = 100.00% val_acc = 98.76%
Epoch 779, cost = 1.462754, train_acc = 100.00% val_acc = 98.63%
Epoch 780, cost = 1.462569, train_acc = 100.00% val_acc = 98.82%
Epoch 781, cost = 1.462611, train_acc = 100.00% val_acc = 98.80%
Epoch 782, cost = 1.462797, train_acc = 100.00% val_acc = 98.66%
Epoch 783, cost = 1.462557, train_acc = 100.00% val_acc = 98.86%
Epoch 784, cost = 1.462604, train_acc = 100.00% val_acc = 98.82%
Epoch 785, cost = 1.462584, train_acc = 100.00% val_acc = 98.78%
Epoch 786, cost = 1.462721, train_acc = 100.00% val_acc = 98.75%
Epoch 787, cost = 1.462661, train_acc = 100.00% val_acc = 98.77%
Epoch 788, cost = 1.462843, train_acc = 100.00% val_acc = 98.81%
Epoch 789, cost = 1.462657, train_acc = 100.00% val_acc = 98.85%
Epoch 790, cost = 1.462881, train_acc = 100.00% val_acc = 98.78%
Epoch 791, cost = 1.462617, train_acc = 100.00% val_acc = 98.86%
Epoch 792, cost = 1.462782, train_acc = 100.00% val_acc = 98.78%
Epoch 793, cost = 1.462747, train_acc = 100.00% val_acc = 98.68%
Epoch 794, cost = 1.462411, train_acc = 100.00% val_acc = 98.69%
Epoch 795, cost = 1.462701, train_acc = 100.00% val_acc = 98.77%
Epoch 796, cost = 1.462853, train_acc = 100.00% val_acc = 98.84%
Epoch 797, cost = 1.462857, train_acc = 100.00% val_acc = 98.79%
Epoch 798, cost = 1.462590, train_acc = 100.00% val_acc = 98.78%
Epoch 799, cost = 1.462882, train_acc = 100.00% val_acc = 98.90%
Epoch 800, cost = 1.462762, train_acc = 100.00% val_acc = 98.78%
Epoch 801, cost = 1.462919, train_acc = 100.00% val_acc = 98.81%
Epoch 802, cost = 1.462581, train_acc = 100.00% val_acc = 98.77%
Epoch 803, cost = 1.462657, train_acc = 100.00% val_acc = 98.66%
Epoch 804, cost = 1.462693, train_acc = 100.00% val_acc = 98.62%
Epoch 805, cost = 1.462657, train_acc = 100.00% val_acc = 98.85%
Epoch 806, cost = 1.462690, train_acc = 100.00% val_acc = 98.67%
Epoch 807, cost = 1.462942, train_acc = 100.00% val_acc = 98.73%
Epoch 808, cost = 1.462856, train_acc = 100.00% val_acc = 98.74%
Epoch 809, cost = 1.462802, train_acc = 100.00% val_acc = 98.78%
Epoch 810, cost = 1.462624, train_acc = 100.00% val_acc = 98.63%
Epoch 811, cost = 1.462477, train_acc = 100.00% val_acc = 98.82%
Epoch 812, cost = 1.462693, train_acc = 100.00% val_acc = 98.77%
Epoch 813, cost = 1.462765, train_acc = 100.00% val_acc = 98.78%
Epoch 814, cost = 1.462762, train_acc = 100.00% val_acc = 98.78%
Epoch 815, cost = 1.462789, train_acc = 100.00% val_acc = 98.73%
Epoch 816, cost = 1.462522, train_acc = 100.00% val_acc = 98.77%
Epoch 817, cost = 1.462649, train_acc = 100.00% val_acc = 98.73%
Epoch 818, cost = 1.462696, train_acc = 100.00% val_acc = 98.71%
Epoch 819, cost = 1.462604, train_acc = 100.00% val_acc = 98.68%
Epoch 820, cost = 1.462651, train_acc = 100.00% val_acc = 98.72%
Epoch 821, cost = 1.462909, train_acc = 100.00% val_acc = 98.79%
Epoch 822, cost = 1.462997, train_acc = 100.00% val_acc = 98.74%
Epoch 823, cost = 1.462703, train_acc = 100.00% val_acc = 98.78%
Epoch 824, cost = 1.462768, train_acc = 100.00% val_acc = 98.78%
Epoch 825, cost = 1.462805, train_acc = 100.00% val_acc = 98.70%
Epoch 826, cost = 1.462584, train_acc = 100.00% val_acc = 98.63%
Epoch 827, cost = 1.462462, train_acc = 100.00% val_acc = 98.85%
Epoch 828, cost = 1.462738, train_acc = 100.00% val_acc = 98.73%
Epoch 829, cost = 1.462834, train_acc = 100.00% val_acc = 98.69%
Epoch 830, cost = 1.462548, train_acc = 100.00% val_acc = 98.82%
Epoch 831, cost = 1.462777, train_acc = 100.00% val_acc = 98.77%
Epoch 832, cost = 1.462735, train_acc = 100.00% val_acc = 98.78%
Epoch 833, cost = 1.462576, train_acc = 100.00% val_acc = 98.71%
Epoch 834, cost = 1.462524, train_acc = 100.00% val_acc = 98.75%
Epoch 835, cost = 1.462573, train_acc = 100.00% val_acc = 98.78%
Epoch 836, cost = 1.462922, train_acc = 100.00% val_acc = 98.79%
Epoch 837, cost = 1.463298, train_acc = 100.00% val_acc = 98.69%
Epoch 838, cost = 1.462988, train_acc = 100.00% val_acc = 98.76%
Epoch 839, cost = 1.462545, train_acc = 100.00% val_acc = 98.73%
Epoch 840, cost = 1.462545, train_acc = 100.00% val_acc = 98.77%
Epoch 841, cost = 1.462577, train_acc = 100.00% val_acc = 98.75%
Epoch 842, cost = 1.462774, train_acc = 100.00% val_acc = 98.75%
Epoch 843, cost = 1.462905, train_acc = 100.00% val_acc = 98.88%
Epoch 844, cost = 1.462925, train_acc = 100.00% val_acc = 98.85%
Epoch 845, cost = 1.462598, train_acc = 100.00% val_acc = 98.80%
Epoch 846, cost = 1.462659, train_acc = 100.00% val_acc = 98.87%
Epoch 847, cost = 1.462852, train_acc = 100.00% val_acc = 98.76%
Epoch 848, cost = 1.462559, train_acc = 100.00% val_acc = 98.84%
Epoch 849, cost = 1.462541, train_acc = 100.00% val_acc = 98.86%
Epoch 850, cost = 1.462858, train_acc = 100.00% val_acc = 98.81%
Epoch 851, cost = 1.462822, train_acc = 100.00% val_acc = 98.83%
Epoch 852, cost = 1.462697, train_acc = 100.00% val_acc = 98.69%
Epoch 853, cost = 1.462976, train_acc = 100.00% val_acc = 98.87%
Epoch 854, cost = 1.462458, train_acc = 100.00% val_acc = 98.72%
Epoch 855, cost = 1.462735, train_acc = 100.00% val_acc = 98.76%
Epoch 856, cost = 1.462887, train_acc = 100.00% val_acc = 98.76%
Epoch 857, cost = 1.462669, train_acc = 100.00% val_acc = 98.79%
Epoch 858, cost = 1.463047, train_acc = 100.00% val_acc = 98.76%
Epoch 859, cost = 1.462479, train_acc = 100.00% val_acc = 98.67%
Epoch 860, cost = 1.462797, train_acc = 100.00% val_acc = 98.67%
Epoch 861, cost = 1.462674, train_acc = 100.00% val_acc = 98.79%
Epoch 862, cost = 1.462550, train_acc = 100.00% val_acc = 98.81%
Epoch 863, cost = 1.462466, train_acc = 100.00% val_acc = 98.75%
Epoch 864, cost = 1.463058, train_acc = 100.00% val_acc = 98.60%
Epoch 865, cost = 1.462724, train_acc = 100.00% val_acc = 98.80%
Epoch 866, cost = 1.462731, train_acc = 100.00% val_acc = 98.69%
Epoch 867, cost = 1.462768, train_acc = 100.00% val_acc = 98.89%
Epoch 868, cost = 1.462502, train_acc = 100.00% val_acc = 98.78%
Epoch 869, cost = 1.462979, train_acc = 100.00% val_acc = 98.71%
Epoch 870, cost = 1.462454, train_acc = 100.00% val_acc = 98.78%
Epoch 871, cost = 1.462716, train_acc = 100.00% val_acc = 98.71%
Epoch 872, cost = 1.462790, train_acc = 100.00% val_acc = 98.77%
Epoch 873, cost = 1.462737, train_acc = 100.00% val_acc = 98.71%
Epoch 874, cost = 1.462698, train_acc = 100.00% val_acc = 98.74%
Epoch 875, cost = 1.462698, train_acc = 100.00% val_acc = 98.68%
Epoch 876, cost = 1.462676, train_acc = 100.00% val_acc = 98.65%
Epoch 877, cost = 1.462602, train_acc = 100.00% val_acc = 98.77%
Epoch 878, cost = 1.462893, train_acc = 100.00% val_acc = 98.62%
Epoch 879, cost = 1.462781, train_acc = 100.00% val_acc = 98.57%
Epoch 880, cost = 1.462480, train_acc = 100.00% val_acc = 98.77%
Epoch 881, cost = 1.462957, train_acc = 100.00% val_acc = 98.77%
Epoch 882, cost = 1.462329, train_acc = 100.00% val_acc = 98.72%
Epoch 883, cost = 1.462781, train_acc = 100.00% val_acc = 98.78%
Epoch 884, cost = 1.462951, train_acc = 100.00% val_acc = 98.81%
Epoch 885, cost = 1.462605, train_acc = 100.00% val_acc = 98.82%
Epoch 886, cost = 1.462949, train_acc = 100.00% val_acc = 98.82%
Epoch 887, cost = 1.462865, train_acc = 100.00% val_acc = 98.78%
Epoch 888, cost = 1.462581, train_acc = 100.00% val_acc = 98.77%
Epoch 889, cost = 1.462425, train_acc = 100.00% val_acc = 98.85%
Epoch 890, cost = 1.462474, train_acc = 100.00% val_acc = 98.75%
Epoch 891, cost = 1.462760, train_acc = 100.00% val_acc = 98.69%
Epoch 892, cost = 1.462578, train_acc = 100.00% val_acc = 98.59%
Epoch 893, cost = 1.462584, train_acc = 100.00% val_acc = 98.62%
Epoch 894, cost = 1.462746, train_acc = 100.00% val_acc = 98.68%
Epoch 895, cost = 1.462684, train_acc = 100.00% val_acc = 98.76%
Epoch 896, cost = 1.462852, train_acc = 100.00% val_acc = 98.77%
Epoch 897, cost = 1.462964, train_acc = 100.00% val_acc = 98.85%
Epoch 898, cost = 1.462557, train_acc = 100.00% val_acc = 98.74%
Epoch 899, cost = 1.462602, train_acc = 100.00% val_acc = 98.75%
Epoch 900, cost = 1.462774, train_acc = 100.00% val_acc = 98.71%
Epoch 901, cost = 1.462586, train_acc = 100.00% val_acc = 98.74%
Epoch 902, cost = 1.462571, train_acc = 100.00% val_acc = 98.73%
Epoch 903, cost = 1.462853, train_acc = 100.00% val_acc = 98.80%
Epoch 904, cost = 1.462500, train_acc = 100.00% val_acc = 98.71%
Epoch 905, cost = 1.462443, train_acc = 100.00% val_acc = 98.60%
Epoch 906, cost = 1.462608, train_acc = 100.00% val_acc = 98.65%
Epoch 907, cost = 1.462792, train_acc = 100.00% val_acc = 98.68%
Epoch 908, cost = 1.462653, train_acc = 100.00% val_acc = 98.61%
Epoch 909, cost = 1.462622, train_acc = 100.00% val_acc = 98.56%
Epoch 910, cost = 1.462555, train_acc = 100.00% val_acc = 98.64%
Epoch 911, cost = 1.462418, train_acc = 100.00% val_acc = 98.71%
Epoch 912, cost = 1.462719, train_acc = 100.00% val_acc = 98.68%
Epoch 913, cost = 1.462384, train_acc = 100.00% val_acc = 98.68%
Epoch 914, cost = 1.462594, train_acc = 100.00% val_acc = 98.71%
Epoch 915, cost = 1.462681, train_acc = 100.00% val_acc = 98.65%
Epoch 916, cost = 1.462567, train_acc = 100.00% val_acc = 98.75%
Epoch 917, cost = 1.462914, train_acc = 100.00% val_acc = 98.62%
Epoch 918, cost = 1.462584, train_acc = 100.00% val_acc = 98.56%
Epoch 919, cost = 1.462399, train_acc = 100.00% val_acc = 98.73%
Epoch 920, cost = 1.462704, train_acc = 100.00% val_acc = 98.68%
Epoch 921, cost = 1.462535, train_acc = 100.00% val_acc = 98.76%
Epoch 922, cost = 1.462562, train_acc = 100.00% val_acc = 98.70%
Epoch 923, cost = 1.462622, train_acc = 100.00% val_acc = 98.78%
Epoch 924, cost = 1.462421, train_acc = 100.00% val_acc = 98.69%
Epoch 925, cost = 1.462783, train_acc = 100.00% val_acc = 98.62%
Epoch 926, cost = 1.462840, train_acc = 100.00% val_acc = 98.68%
Epoch 927, cost = 1.462708, train_acc = 100.00% val_acc = 98.59%
Epoch 928, cost = 1.462895, train_acc = 100.00% val_acc = 98.78%
Epoch 929, cost = 1.462668, train_acc = 100.00% val_acc = 98.74%
Epoch 930, cost = 1.462942, train_acc = 100.00% val_acc = 98.75%
Epoch 931, cost = 1.462576, train_acc = 100.00% val_acc = 98.71%
Epoch 932, cost = 1.462449, train_acc = 100.00% val_acc = 98.84%
Epoch 933, cost = 1.462517, train_acc = 100.00% val_acc = 98.70%
Epoch 934, cost = 1.462635, train_acc = 100.00% val_acc = 98.83%
Epoch 935, cost = 1.462761, train_acc = 100.00% val_acc = 98.72%
Epoch 936, cost = 1.462735, train_acc = 100.00% val_acc = 98.67%
Epoch 937, cost = 1.462738, train_acc = 100.00% val_acc = 98.77%
Epoch 938, cost = 1.462535, train_acc = 100.00% val_acc = 98.80%
Epoch 939, cost = 1.462586, train_acc = 100.00% val_acc = 98.69%
Epoch 940, cost = 1.462749, train_acc = 100.00% val_acc = 98.80%
Epoch 941, cost = 1.462817, train_acc = 100.00% val_acc = 98.74%
Epoch 942, cost = 1.462677, train_acc = 100.00% val_acc = 98.85%
Epoch 943, cost = 1.462540, train_acc = 100.00% val_acc = 98.78%
Epoch 944, cost = 1.462547, train_acc = 100.00% val_acc = 98.76%
Epoch 945, cost = 1.462505, train_acc = 100.00% val_acc = 98.64%
Epoch 946, cost = 1.462629, train_acc = 100.00% val_acc = 98.76%
Epoch 947, cost = 1.462465, train_acc = 100.00% val_acc = 98.81%
Epoch 948, cost = 1.462611, train_acc = 100.00% val_acc = 98.78%
Epoch 949, cost = 1.462509, train_acc = 100.00% val_acc = 98.69%
Epoch 950, cost = 1.462427, train_acc = 100.00% val_acc = 98.62%
Epoch 951, cost = 1.462718, train_acc = 100.00% val_acc = 98.72%
Epoch 952, cost = 1.462803, train_acc = 100.00% val_acc = 98.70%
Epoch 953, cost = 1.462579, train_acc = 100.00% val_acc = 98.65%
Epoch 954, cost = 1.462461, train_acc = 100.00% val_acc = 98.91%
Epoch 955, cost = 1.462637, train_acc = 100.00% val_acc = 98.89%
Epoch 956, cost = 1.462602, train_acc = 100.00% val_acc = 98.76%
Epoch 957, cost = 1.462846, train_acc = 100.00% val_acc = 98.65%
Epoch 958, cost = 1.462935, train_acc = 100.00% val_acc = 98.75%
Epoch 959, cost = 1.462803, train_acc = 100.00% val_acc = 98.71%
Epoch 960, cost = 1.462510, train_acc = 100.00% val_acc = 98.76%
Epoch 961, cost = 1.462568, train_acc = 100.00% val_acc = 98.80%
Epoch 962, cost = 1.462850, train_acc = 100.00% val_acc = 98.77%
Epoch 963, cost = 1.462800, train_acc = 100.00% val_acc = 98.64%
Epoch 964, cost = 1.462708, train_acc = 100.00% val_acc = 98.70%
Epoch 965, cost = 1.462628, train_acc = 100.00% val_acc = 98.59%
Epoch 966, cost = 1.462582, train_acc = 100.00% val_acc = 98.77%
Epoch 967, cost = 1.462843, train_acc = 100.00% val_acc = 98.71%
Epoch 968, cost = 1.462628, train_acc = 100.00% val_acc = 98.85%
Epoch 969, cost = 1.462411, train_acc = 100.00% val_acc = 98.70%
Epoch 970, cost = 1.462670, train_acc = 100.00% val_acc = 98.70%
Epoch 971, cost = 1.462677, train_acc = 100.00% val_acc = 98.83%
Epoch 972, cost = 1.462646, train_acc = 100.00% val_acc = 98.78%
Epoch 973, cost = 1.463115, train_acc = 100.00% val_acc = 98.72%
Epoch 974, cost = 1.462367, train_acc = 100.00% val_acc = 98.84%
Epoch 975, cost = 1.462882, train_acc = 100.00% val_acc = 98.83%
Epoch 976, cost = 1.462512, train_acc = 100.00% val_acc = 98.87%
Epoch 977, cost = 1.462708, train_acc = 100.00% val_acc = 98.85%
Epoch 978, cost = 1.462808, train_acc = 100.00% val_acc = 98.86%
Epoch 979, cost = 1.462298, train_acc = 100.00% val_acc = 98.79%
Epoch 980, cost = 1.462445, train_acc = 100.00% val_acc = 98.73%
Epoch 981, cost = 1.462695, train_acc = 100.00% val_acc = 98.78%
Epoch 982, cost = 1.462778, train_acc = 100.00% val_acc = 98.83%
Epoch 983, cost = 1.462663, train_acc = 100.00% val_acc = 98.85%
Epoch 984, cost = 1.462968, train_acc = 100.00% val_acc = 98.79%
Epoch 985, cost = 1.462393, train_acc = 100.00% val_acc = 98.82%
Epoch 986, cost = 1.462759, train_acc = 100.00% val_acc = 98.74%
Epoch 987, cost = 1.462885, train_acc = 100.00% val_acc = 98.77%
Epoch 988, cost = 1.462417, train_acc = 100.00% val_acc = 98.82%
Epoch 989, cost = 1.462766, train_acc = 100.00% val_acc = 98.83%
Epoch 990, cost = 1.462522, train_acc = 100.00% val_acc = 98.75%
